[2022-09-14 14:39:06,402] {taskinstance.py:1159} INFO - Dependencies all met for <TaskInstance: parser_dag.parser_python manual__2022-09-14T14:33:04.411536+00:00 [queued]>
[2022-09-14 14:39:06,409] {taskinstance.py:1159} INFO - Dependencies all met for <TaskInstance: parser_dag.parser_python manual__2022-09-14T14:33:04.411536+00:00 [queued]>
[2022-09-14 14:39:06,411] {taskinstance.py:1356} INFO - 
--------------------------------------------------------------------------------
[2022-09-14 14:39:06,412] {taskinstance.py:1357} INFO - Starting attempt 2 of 2
[2022-09-14 14:39:06,412] {taskinstance.py:1358} INFO - 
--------------------------------------------------------------------------------
[2022-09-14 14:39:06,421] {taskinstance.py:1377} INFO - Executing <Task(PythonOperator): parser_python> on 2022-09-14 14:33:04.411536+00:00
[2022-09-14 14:39:06,430] {standard_task_runner.py:52} INFO - Started process 559 to run task
[2022-09-14 14:39:06,444] {standard_task_runner.py:79} INFO - Running: ['***', 'tasks', 'run', 'parser_dag', 'parser_python', 'manual__2022-09-14T14:33:04.411536+00:00', '--job-id', '42', '--raw', '--subdir', 'DAGS_FOLDER/pre_parser.py', '--cfg-path', '/tmp/tmpa58dh2ry', '--error-file', '/tmp/tmpv7lkervs']
[2022-09-14 14:39:06,446] {standard_task_runner.py:80} INFO - Job 42: Subtask parser_python
[2022-09-14 14:39:06,514] {task_command.py:369} INFO - Running <TaskInstance: parser_dag.parser_python manual__2022-09-14T14:33:04.411536+00:00 [running]> on host c0f73d32ee2c
[2022-09-14 14:39:06,571] {taskinstance.py:1571} INFO - Exporting the following env vars:
AIRFLOW_CTX_DAG_OWNER=***
AIRFLOW_CTX_DAG_ID=parser_dag
AIRFLOW_CTX_TASK_ID=parser_python
AIRFLOW_CTX_EXECUTION_DATE=2022-09-14T14:33:04.411536+00:00
AIRFLOW_CTX_TRY_NUMBER=2
AIRFLOW_CTX_DAG_RUN_ID=manual__2022-09-14T14:33:04.411536+00:00
[2022-09-14 14:39:20,822] {logging_mixin.py:115} INFO - No more products in 5ka
[2022-09-14 14:39:33,614] {logging_mixin.py:115} INFO - No more products in magnit-univer
[2022-09-14 14:39:47,483] {logging_mixin.py:115} INFO - No more products in perekrestok
[2022-09-14 14:39:58,146] {logging_mixin.py:115} INFO - No more products in dixy
[2022-09-14 14:40:10,266] {logging_mixin.py:115} INFO - No more products in lenta-super
[2022-09-14 14:40:23,549] {logging_mixin.py:115} INFO - No more products in vkusvill_offline
[2022-09-14 14:40:35,958] {logging_mixin.py:115} INFO - No more products in mgnl
[2022-09-14 14:40:36,094] {logging_mixin.py:115} INFO - No data for azbuka_vkusa
[2022-09-14 14:40:36,125] {python.py:173} INFO - Done. Returned value was: None
[2022-09-14 14:40:36,158] {taskinstance.py:1400} INFO - Marking task as SUCCESS. dag_id=parser_dag, task_id=parser_python, execution_date=20220914T143304, start_date=20220914T143906, end_date=20220914T144036
[2022-09-14 14:40:36,209] {local_task_job.py:156} INFO - Task exited with return code 0
[2022-09-14 14:40:36,251] {local_task_job.py:273} INFO - 1 downstream tasks scheduled from follow-on schedule check
