[2022-09-25 20:57:58,375] {processor.py:153} INFO - Started process (PID=62) to work on /home/airflow/.local/lib/python3.7/site-packages/airflow/example_dags/example_short_circuit_operator.py
[2022-09-25 20:57:58,379] {processor.py:641} INFO - Processing file /home/airflow/.local/lib/python3.7/site-packages/airflow/example_dags/example_short_circuit_operator.py for tasks to queue
[2022-09-25 20:57:58,383] {logging_mixin.py:115} INFO - [2022-09-25 20:57:58,383] {dagbag.py:507} INFO - Filling up the DagBag from /home/airflow/.local/lib/python3.7/site-packages/airflow/example_dags/example_short_circuit_operator.py
[2022-09-25 20:57:58,411] {processor.py:651} INFO - DAG(s) dict_keys(['example_short_circuit_operator']) retrieved from /home/airflow/.local/lib/python3.7/site-packages/airflow/example_dags/example_short_circuit_operator.py
[2022-09-25 20:57:58,877] {logging_mixin.py:115} INFO - [2022-09-25 20:57:58,876] {manager.py:508} INFO - Created Permission View: can edit on DAG:example_short_circuit_operator
[2022-09-25 20:57:58,897] {logging_mixin.py:115} INFO - [2022-09-25 20:57:58,897] {manager.py:508} INFO - Created Permission View: can read on DAG:example_short_circuit_operator
[2022-09-25 20:57:58,909] {logging_mixin.py:115} INFO - [2022-09-25 20:57:58,909] {manager.py:508} INFO - Created Permission View: can delete on DAG:example_short_circuit_operator
[2022-09-25 20:57:58,910] {logging_mixin.py:115} INFO - [2022-09-25 20:57:58,910] {dag.py:2371} INFO - Sync 1 DAGs
[2022-09-25 20:57:58,924] {logging_mixin.py:115} INFO - [2022-09-25 20:57:58,924] {dag.py:2390} INFO - Creating ORM DAG for example_short_circuit_operator
[2022-09-25 20:57:58,943] {logging_mixin.py:115} INFO - [2022-09-25 20:57:58,942] {dag.py:2919} INFO - Setting next_dagrun for example_short_circuit_operator to 2022-09-24T20:57:58.942168+00:00, run_after=2022-09-25T20:57:58.942168+00:00
[2022-09-25 20:57:58,960] {processor.py:161} INFO - Processing /home/airflow/.local/lib/python3.7/site-packages/airflow/example_dags/example_short_circuit_operator.py took 0.603 seconds
[2022-09-25 20:58:29,060] {processor.py:153} INFO - Started process (PID=125) to work on /home/airflow/.local/lib/python3.7/site-packages/airflow/example_dags/example_short_circuit_operator.py
[2022-09-25 20:58:29,061] {processor.py:641} INFO - Processing file /home/airflow/.local/lib/python3.7/site-packages/airflow/example_dags/example_short_circuit_operator.py for tasks to queue
[2022-09-25 20:58:29,062] {logging_mixin.py:115} INFO - [2022-09-25 20:58:29,062] {dagbag.py:507} INFO - Filling up the DagBag from /home/airflow/.local/lib/python3.7/site-packages/airflow/example_dags/example_short_circuit_operator.py
[2022-09-25 20:58:29,069] {processor.py:651} INFO - DAG(s) dict_keys(['example_short_circuit_operator']) retrieved from /home/airflow/.local/lib/python3.7/site-packages/airflow/example_dags/example_short_circuit_operator.py
[2022-09-25 20:58:29,086] {logging_mixin.py:115} INFO - [2022-09-25 20:58:29,086] {dag.py:2371} INFO - Sync 1 DAGs
[2022-09-25 20:58:29,103] {logging_mixin.py:115} INFO - [2022-09-25 20:58:29,103] {dag.py:2919} INFO - Setting next_dagrun for example_short_circuit_operator to 2022-09-24T20:58:29.103071+00:00, run_after=2022-09-25T20:58:29.103071+00:00
[2022-09-25 20:58:29,213] {processor.py:161} INFO - Processing /home/airflow/.local/lib/python3.7/site-packages/airflow/example_dags/example_short_circuit_operator.py took 0.155 seconds
[2022-09-25 20:58:59,886] {processor.py:153} INFO - Started process (PID=186) to work on /home/airflow/.local/lib/python3.7/site-packages/airflow/example_dags/example_short_circuit_operator.py
[2022-09-25 20:58:59,889] {processor.py:641} INFO - Processing file /home/airflow/.local/lib/python3.7/site-packages/airflow/example_dags/example_short_circuit_operator.py for tasks to queue
[2022-09-25 20:58:59,892] {logging_mixin.py:115} INFO - [2022-09-25 20:58:59,892] {dagbag.py:507} INFO - Filling up the DagBag from /home/airflow/.local/lib/python3.7/site-packages/airflow/example_dags/example_short_circuit_operator.py
[2022-09-25 20:58:59,907] {processor.py:651} INFO - DAG(s) dict_keys(['example_short_circuit_operator']) retrieved from /home/airflow/.local/lib/python3.7/site-packages/airflow/example_dags/example_short_circuit_operator.py
[2022-09-25 20:58:59,944] {logging_mixin.py:115} INFO - [2022-09-25 20:58:59,944] {dag.py:2371} INFO - Sync 1 DAGs
[2022-09-25 20:58:59,967] {logging_mixin.py:115} INFO - [2022-09-25 20:58:59,967] {dag.py:2919} INFO - Setting next_dagrun for example_short_circuit_operator to 2022-09-24T20:58:59.967249+00:00, run_after=2022-09-25T20:58:59.967249+00:00
[2022-09-25 20:59:00,200] {processor.py:161} INFO - Processing /home/airflow/.local/lib/python3.7/site-packages/airflow/example_dags/example_short_circuit_operator.py took 0.322 seconds
[2022-09-25 20:59:30,710] {processor.py:153} INFO - Started process (PID=243) to work on /home/airflow/.local/lib/python3.7/site-packages/airflow/example_dags/example_short_circuit_operator.py
[2022-09-25 20:59:30,712] {processor.py:641} INFO - Processing file /home/airflow/.local/lib/python3.7/site-packages/airflow/example_dags/example_short_circuit_operator.py for tasks to queue
[2022-09-25 20:59:30,714] {logging_mixin.py:115} INFO - [2022-09-25 20:59:30,714] {dagbag.py:507} INFO - Filling up the DagBag from /home/airflow/.local/lib/python3.7/site-packages/airflow/example_dags/example_short_circuit_operator.py
[2022-09-25 20:59:30,720] {processor.py:651} INFO - DAG(s) dict_keys(['example_short_circuit_operator']) retrieved from /home/airflow/.local/lib/python3.7/site-packages/airflow/example_dags/example_short_circuit_operator.py
[2022-09-25 20:59:30,738] {logging_mixin.py:115} INFO - [2022-09-25 20:59:30,738] {dag.py:2371} INFO - Sync 1 DAGs
[2022-09-25 20:59:30,753] {logging_mixin.py:115} INFO - [2022-09-25 20:59:30,753] {dag.py:2919} INFO - Setting next_dagrun for example_short_circuit_operator to 2022-09-24T20:59:30.753112+00:00, run_after=2022-09-25T20:59:30.753112+00:00
[2022-09-25 20:59:30,845] {processor.py:161} INFO - Processing /home/airflow/.local/lib/python3.7/site-packages/airflow/example_dags/example_short_circuit_operator.py took 0.137 seconds
[2022-09-25 21:00:01,659] {processor.py:153} INFO - Started process (PID=306) to work on /home/airflow/.local/lib/python3.7/site-packages/airflow/example_dags/example_short_circuit_operator.py
[2022-09-25 21:00:01,664] {processor.py:641} INFO - Processing file /home/airflow/.local/lib/python3.7/site-packages/airflow/example_dags/example_short_circuit_operator.py for tasks to queue
[2022-09-25 21:00:01,665] {logging_mixin.py:115} INFO - [2022-09-25 21:00:01,665] {dagbag.py:507} INFO - Filling up the DagBag from /home/airflow/.local/lib/python3.7/site-packages/airflow/example_dags/example_short_circuit_operator.py
[2022-09-25 21:00:01,678] {processor.py:651} INFO - DAG(s) dict_keys(['example_short_circuit_operator']) retrieved from /home/airflow/.local/lib/python3.7/site-packages/airflow/example_dags/example_short_circuit_operator.py
[2022-09-25 21:00:01,716] {logging_mixin.py:115} INFO - [2022-09-25 21:00:01,715] {dag.py:2371} INFO - Sync 1 DAGs
[2022-09-25 21:00:01,736] {logging_mixin.py:115} INFO - [2022-09-25 21:00:01,736] {dag.py:2919} INFO - Setting next_dagrun for example_short_circuit_operator to 2022-09-24T21:00:01.736046+00:00, run_after=2022-09-25T21:00:01.736046+00:00
[2022-09-25 21:00:01,843] {processor.py:161} INFO - Processing /home/airflow/.local/lib/python3.7/site-packages/airflow/example_dags/example_short_circuit_operator.py took 0.190 seconds
[2022-09-25 21:00:32,559] {processor.py:153} INFO - Started process (PID=369) to work on /home/airflow/.local/lib/python3.7/site-packages/airflow/example_dags/example_short_circuit_operator.py
[2022-09-25 21:00:32,561] {processor.py:641} INFO - Processing file /home/airflow/.local/lib/python3.7/site-packages/airflow/example_dags/example_short_circuit_operator.py for tasks to queue
[2022-09-25 21:00:32,561] {logging_mixin.py:115} INFO - [2022-09-25 21:00:32,561] {dagbag.py:507} INFO - Filling up the DagBag from /home/airflow/.local/lib/python3.7/site-packages/airflow/example_dags/example_short_circuit_operator.py
[2022-09-25 21:00:32,568] {processor.py:651} INFO - DAG(s) dict_keys(['example_short_circuit_operator']) retrieved from /home/airflow/.local/lib/python3.7/site-packages/airflow/example_dags/example_short_circuit_operator.py
[2022-09-25 21:00:32,589] {logging_mixin.py:115} INFO - [2022-09-25 21:00:32,589] {dag.py:2371} INFO - Sync 1 DAGs
[2022-09-25 21:00:32,605] {logging_mixin.py:115} INFO - [2022-09-25 21:00:32,605] {dag.py:2919} INFO - Setting next_dagrun for example_short_circuit_operator to 2022-09-24T21:00:32.605272+00:00, run_after=2022-09-25T21:00:32.605272+00:00
[2022-09-25 21:00:32,742] {processor.py:161} INFO - Processing /home/airflow/.local/lib/python3.7/site-packages/airflow/example_dags/example_short_circuit_operator.py took 0.185 seconds
[2022-09-25 21:01:03,797] {processor.py:153} INFO - Started process (PID=432) to work on /home/airflow/.local/lib/python3.7/site-packages/airflow/example_dags/example_short_circuit_operator.py
[2022-09-25 21:01:03,798] {processor.py:641} INFO - Processing file /home/airflow/.local/lib/python3.7/site-packages/airflow/example_dags/example_short_circuit_operator.py for tasks to queue
[2022-09-25 21:01:03,799] {logging_mixin.py:115} INFO - [2022-09-25 21:01:03,798] {dagbag.py:507} INFO - Filling up the DagBag from /home/airflow/.local/lib/python3.7/site-packages/airflow/example_dags/example_short_circuit_operator.py
[2022-09-25 21:01:03,804] {processor.py:651} INFO - DAG(s) dict_keys(['example_short_circuit_operator']) retrieved from /home/airflow/.local/lib/python3.7/site-packages/airflow/example_dags/example_short_circuit_operator.py
[2022-09-25 21:01:03,821] {logging_mixin.py:115} INFO - [2022-09-25 21:01:03,821] {dag.py:2371} INFO - Sync 1 DAGs
[2022-09-25 21:01:03,835] {logging_mixin.py:115} INFO - [2022-09-25 21:01:03,835] {dag.py:2919} INFO - Setting next_dagrun for example_short_circuit_operator to 2022-09-24T21:01:03.834950+00:00, run_after=2022-09-25T21:01:03.834950+00:00
[2022-09-25 21:01:03,910] {processor.py:161} INFO - Processing /home/airflow/.local/lib/python3.7/site-packages/airflow/example_dags/example_short_circuit_operator.py took 0.116 seconds
[2022-09-25 21:01:34,380] {processor.py:153} INFO - Started process (PID=495) to work on /home/airflow/.local/lib/python3.7/site-packages/airflow/example_dags/example_short_circuit_operator.py
[2022-09-25 21:01:34,381] {processor.py:641} INFO - Processing file /home/airflow/.local/lib/python3.7/site-packages/airflow/example_dags/example_short_circuit_operator.py for tasks to queue
[2022-09-25 21:01:34,382] {logging_mixin.py:115} INFO - [2022-09-25 21:01:34,382] {dagbag.py:507} INFO - Filling up the DagBag from /home/airflow/.local/lib/python3.7/site-packages/airflow/example_dags/example_short_circuit_operator.py
[2022-09-25 21:01:34,388] {processor.py:651} INFO - DAG(s) dict_keys(['example_short_circuit_operator']) retrieved from /home/airflow/.local/lib/python3.7/site-packages/airflow/example_dags/example_short_circuit_operator.py
[2022-09-25 21:01:34,405] {logging_mixin.py:115} INFO - [2022-09-25 21:01:34,405] {dag.py:2371} INFO - Sync 1 DAGs
[2022-09-25 21:01:34,419] {logging_mixin.py:115} INFO - [2022-09-25 21:01:34,419] {dag.py:2919} INFO - Setting next_dagrun for example_short_circuit_operator to 2022-09-24T21:01:34.419198+00:00, run_after=2022-09-25T21:01:34.419198+00:00
[2022-09-25 21:01:34,512] {processor.py:161} INFO - Processing /home/airflow/.local/lib/python3.7/site-packages/airflow/example_dags/example_short_circuit_operator.py took 0.135 seconds
[2022-09-25 21:02:04,716] {processor.py:153} INFO - Started process (PID=548) to work on /home/airflow/.local/lib/python3.7/site-packages/airflow/example_dags/example_short_circuit_operator.py
[2022-09-25 21:02:04,717] {processor.py:641} INFO - Processing file /home/airflow/.local/lib/python3.7/site-packages/airflow/example_dags/example_short_circuit_operator.py for tasks to queue
[2022-09-25 21:02:04,718] {logging_mixin.py:115} INFO - [2022-09-25 21:02:04,718] {dagbag.py:507} INFO - Filling up the DagBag from /home/airflow/.local/lib/python3.7/site-packages/airflow/example_dags/example_short_circuit_operator.py
[2022-09-25 21:02:04,726] {processor.py:651} INFO - DAG(s) dict_keys(['example_short_circuit_operator']) retrieved from /home/airflow/.local/lib/python3.7/site-packages/airflow/example_dags/example_short_circuit_operator.py
[2022-09-25 21:02:04,746] {logging_mixin.py:115} INFO - [2022-09-25 21:02:04,746] {dag.py:2371} INFO - Sync 1 DAGs
[2022-09-25 21:02:04,761] {logging_mixin.py:115} INFO - [2022-09-25 21:02:04,761] {dag.py:2919} INFO - Setting next_dagrun for example_short_circuit_operator to 2022-09-24T21:02:04.760903+00:00, run_after=2022-09-25T21:02:04.760903+00:00
[2022-09-25 21:02:04,839] {processor.py:161} INFO - Processing /home/airflow/.local/lib/python3.7/site-packages/airflow/example_dags/example_short_circuit_operator.py took 0.127 seconds
[2022-09-25 21:02:35,404] {processor.py:153} INFO - Started process (PID=612) to work on /home/airflow/.local/lib/python3.7/site-packages/airflow/example_dags/example_short_circuit_operator.py
[2022-09-25 21:02:35,406] {processor.py:641} INFO - Processing file /home/airflow/.local/lib/python3.7/site-packages/airflow/example_dags/example_short_circuit_operator.py for tasks to queue
[2022-09-25 21:02:35,407] {logging_mixin.py:115} INFO - [2022-09-25 21:02:35,407] {dagbag.py:507} INFO - Filling up the DagBag from /home/airflow/.local/lib/python3.7/site-packages/airflow/example_dags/example_short_circuit_operator.py
[2022-09-25 21:02:35,413] {processor.py:651} INFO - DAG(s) dict_keys(['example_short_circuit_operator']) retrieved from /home/airflow/.local/lib/python3.7/site-packages/airflow/example_dags/example_short_circuit_operator.py
[2022-09-25 21:02:35,434] {logging_mixin.py:115} INFO - [2022-09-25 21:02:35,434] {dag.py:2371} INFO - Sync 1 DAGs
[2022-09-25 21:02:35,447] {logging_mixin.py:115} INFO - [2022-09-25 21:02:35,447] {dag.py:2919} INFO - Setting next_dagrun for example_short_circuit_operator to 2022-09-24T21:02:35.447706+00:00, run_after=2022-09-25T21:02:35.447706+00:00
[2022-09-25 21:02:35,525] {processor.py:161} INFO - Processing /home/airflow/.local/lib/python3.7/site-packages/airflow/example_dags/example_short_circuit_operator.py took 0.123 seconds
[2022-09-25 21:03:06,029] {processor.py:153} INFO - Started process (PID=677) to work on /home/airflow/.local/lib/python3.7/site-packages/airflow/example_dags/example_short_circuit_operator.py
[2022-09-25 21:03:06,031] {processor.py:641} INFO - Processing file /home/airflow/.local/lib/python3.7/site-packages/airflow/example_dags/example_short_circuit_operator.py for tasks to queue
[2022-09-25 21:03:06,031] {logging_mixin.py:115} INFO - [2022-09-25 21:03:06,031] {dagbag.py:507} INFO - Filling up the DagBag from /home/airflow/.local/lib/python3.7/site-packages/airflow/example_dags/example_short_circuit_operator.py
[2022-09-25 21:03:06,037] {processor.py:651} INFO - DAG(s) dict_keys(['example_short_circuit_operator']) retrieved from /home/airflow/.local/lib/python3.7/site-packages/airflow/example_dags/example_short_circuit_operator.py
[2022-09-25 21:03:06,055] {logging_mixin.py:115} INFO - [2022-09-25 21:03:06,055] {dag.py:2371} INFO - Sync 1 DAGs
[2022-09-25 21:03:06,070] {logging_mixin.py:115} INFO - [2022-09-25 21:03:06,070] {dag.py:2919} INFO - Setting next_dagrun for example_short_circuit_operator to 2022-09-24T21:03:06.070566+00:00, run_after=2022-09-25T21:03:06.070566+00:00
[2022-09-25 21:03:06,078] {processor.py:161} INFO - Processing /home/airflow/.local/lib/python3.7/site-packages/airflow/example_dags/example_short_circuit_operator.py took 0.051 seconds
[2022-09-25 21:03:36,917] {processor.py:153} INFO - Started process (PID=740) to work on /home/airflow/.local/lib/python3.7/site-packages/airflow/example_dags/example_short_circuit_operator.py
[2022-09-25 21:03:36,918] {processor.py:641} INFO - Processing file /home/airflow/.local/lib/python3.7/site-packages/airflow/example_dags/example_short_circuit_operator.py for tasks to queue
[2022-09-25 21:03:36,919] {logging_mixin.py:115} INFO - [2022-09-25 21:03:36,919] {dagbag.py:507} INFO - Filling up the DagBag from /home/airflow/.local/lib/python3.7/site-packages/airflow/example_dags/example_short_circuit_operator.py
[2022-09-25 21:03:36,925] {processor.py:651} INFO - DAG(s) dict_keys(['example_short_circuit_operator']) retrieved from /home/airflow/.local/lib/python3.7/site-packages/airflow/example_dags/example_short_circuit_operator.py
[2022-09-25 21:03:36,942] {logging_mixin.py:115} INFO - [2022-09-25 21:03:36,942] {dag.py:2371} INFO - Sync 1 DAGs
[2022-09-25 21:03:36,954] {logging_mixin.py:115} INFO - [2022-09-25 21:03:36,954] {dag.py:2919} INFO - Setting next_dagrun for example_short_circuit_operator to 2022-09-24T21:03:36.954666+00:00, run_after=2022-09-25T21:03:36.954666+00:00
[2022-09-25 21:03:36,961] {processor.py:161} INFO - Processing /home/airflow/.local/lib/python3.7/site-packages/airflow/example_dags/example_short_circuit_operator.py took 0.046 seconds
[2022-09-25 21:04:07,880] {processor.py:153} INFO - Started process (PID=803) to work on /home/airflow/.local/lib/python3.7/site-packages/airflow/example_dags/example_short_circuit_operator.py
[2022-09-25 21:04:07,882] {processor.py:641} INFO - Processing file /home/airflow/.local/lib/python3.7/site-packages/airflow/example_dags/example_short_circuit_operator.py for tasks to queue
[2022-09-25 21:04:07,882] {logging_mixin.py:115} INFO - [2022-09-25 21:04:07,882] {dagbag.py:507} INFO - Filling up the DagBag from /home/airflow/.local/lib/python3.7/site-packages/airflow/example_dags/example_short_circuit_operator.py
[2022-09-25 21:04:07,888] {processor.py:651} INFO - DAG(s) dict_keys(['example_short_circuit_operator']) retrieved from /home/airflow/.local/lib/python3.7/site-packages/airflow/example_dags/example_short_circuit_operator.py
[2022-09-25 21:04:07,904] {logging_mixin.py:115} INFO - [2022-09-25 21:04:07,904] {dag.py:2371} INFO - Sync 1 DAGs
[2022-09-25 21:04:07,917] {logging_mixin.py:115} INFO - [2022-09-25 21:04:07,917] {dag.py:2919} INFO - Setting next_dagrun for example_short_circuit_operator to 2022-09-24T21:04:07.917155+00:00, run_after=2022-09-25T21:04:07.917155+00:00
[2022-09-25 21:04:07,923] {processor.py:161} INFO - Processing /home/airflow/.local/lib/python3.7/site-packages/airflow/example_dags/example_short_circuit_operator.py took 0.045 seconds
[2022-09-25 21:04:38,762] {processor.py:153} INFO - Started process (PID=866) to work on /home/airflow/.local/lib/python3.7/site-packages/airflow/example_dags/example_short_circuit_operator.py
[2022-09-25 21:04:38,763] {processor.py:641} INFO - Processing file /home/airflow/.local/lib/python3.7/site-packages/airflow/example_dags/example_short_circuit_operator.py for tasks to queue
[2022-09-25 21:04:38,764] {logging_mixin.py:115} INFO - [2022-09-25 21:04:38,764] {dagbag.py:507} INFO - Filling up the DagBag from /home/airflow/.local/lib/python3.7/site-packages/airflow/example_dags/example_short_circuit_operator.py
[2022-09-25 21:04:38,770] {processor.py:651} INFO - DAG(s) dict_keys(['example_short_circuit_operator']) retrieved from /home/airflow/.local/lib/python3.7/site-packages/airflow/example_dags/example_short_circuit_operator.py
[2022-09-25 21:04:38,786] {logging_mixin.py:115} INFO - [2022-09-25 21:04:38,786] {dag.py:2371} INFO - Sync 1 DAGs
[2022-09-25 21:04:38,798] {logging_mixin.py:115} INFO - [2022-09-25 21:04:38,798] {dag.py:2919} INFO - Setting next_dagrun for example_short_circuit_operator to 2022-09-24T21:04:38.798436+00:00, run_after=2022-09-25T21:04:38.798436+00:00
[2022-09-25 21:04:38,804] {processor.py:161} INFO - Processing /home/airflow/.local/lib/python3.7/site-packages/airflow/example_dags/example_short_circuit_operator.py took 0.045 seconds
[2022-09-25 21:05:09,552] {processor.py:153} INFO - Started process (PID=929) to work on /home/airflow/.local/lib/python3.7/site-packages/airflow/example_dags/example_short_circuit_operator.py
[2022-09-25 21:05:09,553] {processor.py:641} INFO - Processing file /home/airflow/.local/lib/python3.7/site-packages/airflow/example_dags/example_short_circuit_operator.py for tasks to queue
[2022-09-25 21:05:09,554] {logging_mixin.py:115} INFO - [2022-09-25 21:05:09,554] {dagbag.py:507} INFO - Filling up the DagBag from /home/airflow/.local/lib/python3.7/site-packages/airflow/example_dags/example_short_circuit_operator.py
[2022-09-25 21:05:09,560] {processor.py:651} INFO - DAG(s) dict_keys(['example_short_circuit_operator']) retrieved from /home/airflow/.local/lib/python3.7/site-packages/airflow/example_dags/example_short_circuit_operator.py
[2022-09-25 21:05:09,576] {logging_mixin.py:115} INFO - [2022-09-25 21:05:09,576] {dag.py:2371} INFO - Sync 1 DAGs
[2022-09-25 21:05:09,590] {logging_mixin.py:115} INFO - [2022-09-25 21:05:09,590] {dag.py:2919} INFO - Setting next_dagrun for example_short_circuit_operator to 2022-09-24T21:05:09.589989+00:00, run_after=2022-09-25T21:05:09.589989+00:00
[2022-09-25 21:05:09,598] {processor.py:161} INFO - Processing /home/airflow/.local/lib/python3.7/site-packages/airflow/example_dags/example_short_circuit_operator.py took 0.048 seconds
[2022-09-25 21:05:40,428] {processor.py:153} INFO - Started process (PID=984) to work on /home/airflow/.local/lib/python3.7/site-packages/airflow/example_dags/example_short_circuit_operator.py
[2022-09-25 21:05:40,430] {processor.py:641} INFO - Processing file /home/airflow/.local/lib/python3.7/site-packages/airflow/example_dags/example_short_circuit_operator.py for tasks to queue
[2022-09-25 21:05:40,431] {logging_mixin.py:115} INFO - [2022-09-25 21:05:40,431] {dagbag.py:507} INFO - Filling up the DagBag from /home/airflow/.local/lib/python3.7/site-packages/airflow/example_dags/example_short_circuit_operator.py
[2022-09-25 21:05:40,438] {processor.py:651} INFO - DAG(s) dict_keys(['example_short_circuit_operator']) retrieved from /home/airflow/.local/lib/python3.7/site-packages/airflow/example_dags/example_short_circuit_operator.py
[2022-09-25 21:05:40,458] {logging_mixin.py:115} INFO - [2022-09-25 21:05:40,458] {dag.py:2371} INFO - Sync 1 DAGs
[2022-09-25 21:05:40,478] {logging_mixin.py:115} INFO - [2022-09-25 21:05:40,478] {dag.py:2919} INFO - Setting next_dagrun for example_short_circuit_operator to 2022-09-24T21:05:40.478340+00:00, run_after=2022-09-25T21:05:40.478340+00:00
[2022-09-25 21:05:40,488] {processor.py:161} INFO - Processing /home/airflow/.local/lib/python3.7/site-packages/airflow/example_dags/example_short_circuit_operator.py took 0.063 seconds
[2022-09-25 21:06:11,304] {processor.py:153} INFO - Started process (PID=1047) to work on /home/airflow/.local/lib/python3.7/site-packages/airflow/example_dags/example_short_circuit_operator.py
[2022-09-25 21:06:11,305] {processor.py:641} INFO - Processing file /home/airflow/.local/lib/python3.7/site-packages/airflow/example_dags/example_short_circuit_operator.py for tasks to queue
[2022-09-25 21:06:11,305] {logging_mixin.py:115} INFO - [2022-09-25 21:06:11,305] {dagbag.py:507} INFO - Filling up the DagBag from /home/airflow/.local/lib/python3.7/site-packages/airflow/example_dags/example_short_circuit_operator.py
[2022-09-25 21:06:11,312] {processor.py:651} INFO - DAG(s) dict_keys(['example_short_circuit_operator']) retrieved from /home/airflow/.local/lib/python3.7/site-packages/airflow/example_dags/example_short_circuit_operator.py
[2022-09-25 21:06:11,328] {logging_mixin.py:115} INFO - [2022-09-25 21:06:11,328] {dag.py:2371} INFO - Sync 1 DAGs
[2022-09-25 21:06:11,341] {logging_mixin.py:115} INFO - [2022-09-25 21:06:11,341] {dag.py:2919} INFO - Setting next_dagrun for example_short_circuit_operator to 2022-09-24T21:06:11.341238+00:00, run_after=2022-09-25T21:06:11.341238+00:00
[2022-09-25 21:06:11,348] {processor.py:161} INFO - Processing /home/airflow/.local/lib/python3.7/site-packages/airflow/example_dags/example_short_circuit_operator.py took 0.046 seconds
[2022-09-25 21:06:42,290] {processor.py:153} INFO - Started process (PID=1109) to work on /home/airflow/.local/lib/python3.7/site-packages/airflow/example_dags/example_short_circuit_operator.py
[2022-09-25 21:06:42,291] {processor.py:641} INFO - Processing file /home/airflow/.local/lib/python3.7/site-packages/airflow/example_dags/example_short_circuit_operator.py for tasks to queue
[2022-09-25 21:06:42,293] {logging_mixin.py:115} INFO - [2022-09-25 21:06:42,293] {dagbag.py:507} INFO - Filling up the DagBag from /home/airflow/.local/lib/python3.7/site-packages/airflow/example_dags/example_short_circuit_operator.py
[2022-09-25 21:06:42,299] {processor.py:651} INFO - DAG(s) dict_keys(['example_short_circuit_operator']) retrieved from /home/airflow/.local/lib/python3.7/site-packages/airflow/example_dags/example_short_circuit_operator.py
[2022-09-25 21:06:42,315] {logging_mixin.py:115} INFO - [2022-09-25 21:06:42,315] {dag.py:2371} INFO - Sync 1 DAGs
[2022-09-25 21:06:42,327] {logging_mixin.py:115} INFO - [2022-09-25 21:06:42,327] {dag.py:2919} INFO - Setting next_dagrun for example_short_circuit_operator to 2022-09-24T21:06:42.327538+00:00, run_after=2022-09-25T21:06:42.327538+00:00
[2022-09-25 21:06:42,334] {processor.py:161} INFO - Processing /home/airflow/.local/lib/python3.7/site-packages/airflow/example_dags/example_short_circuit_operator.py took 0.045 seconds
[2022-09-25 21:07:13,187] {processor.py:153} INFO - Started process (PID=1172) to work on /home/airflow/.local/lib/python3.7/site-packages/airflow/example_dags/example_short_circuit_operator.py
[2022-09-25 21:07:13,188] {processor.py:641} INFO - Processing file /home/airflow/.local/lib/python3.7/site-packages/airflow/example_dags/example_short_circuit_operator.py for tasks to queue
[2022-09-25 21:07:13,189] {logging_mixin.py:115} INFO - [2022-09-25 21:07:13,189] {dagbag.py:507} INFO - Filling up the DagBag from /home/airflow/.local/lib/python3.7/site-packages/airflow/example_dags/example_short_circuit_operator.py
[2022-09-25 21:07:13,196] {processor.py:651} INFO - DAG(s) dict_keys(['example_short_circuit_operator']) retrieved from /home/airflow/.local/lib/python3.7/site-packages/airflow/example_dags/example_short_circuit_operator.py
[2022-09-25 21:07:13,213] {logging_mixin.py:115} INFO - [2022-09-25 21:07:13,213] {dag.py:2371} INFO - Sync 1 DAGs
[2022-09-25 21:07:13,226] {logging_mixin.py:115} INFO - [2022-09-25 21:07:13,226] {dag.py:2919} INFO - Setting next_dagrun for example_short_circuit_operator to 2022-09-24T21:07:13.226491+00:00, run_after=2022-09-25T21:07:13.226491+00:00
[2022-09-25 21:07:13,233] {processor.py:161} INFO - Processing /home/airflow/.local/lib/python3.7/site-packages/airflow/example_dags/example_short_circuit_operator.py took 0.048 seconds
[2022-09-25 21:07:44,018] {processor.py:153} INFO - Started process (PID=1235) to work on /home/airflow/.local/lib/python3.7/site-packages/airflow/example_dags/example_short_circuit_operator.py
[2022-09-25 21:07:44,019] {processor.py:641} INFO - Processing file /home/airflow/.local/lib/python3.7/site-packages/airflow/example_dags/example_short_circuit_operator.py for tasks to queue
[2022-09-25 21:07:44,020] {logging_mixin.py:115} INFO - [2022-09-25 21:07:44,020] {dagbag.py:507} INFO - Filling up the DagBag from /home/airflow/.local/lib/python3.7/site-packages/airflow/example_dags/example_short_circuit_operator.py
[2022-09-25 21:07:44,025] {processor.py:651} INFO - DAG(s) dict_keys(['example_short_circuit_operator']) retrieved from /home/airflow/.local/lib/python3.7/site-packages/airflow/example_dags/example_short_circuit_operator.py
[2022-09-25 21:07:44,042] {logging_mixin.py:115} INFO - [2022-09-25 21:07:44,041] {dag.py:2371} INFO - Sync 1 DAGs
[2022-09-25 21:07:44,055] {logging_mixin.py:115} INFO - [2022-09-25 21:07:44,055] {dag.py:2919} INFO - Setting next_dagrun for example_short_circuit_operator to 2022-09-24T21:07:44.055031+00:00, run_after=2022-09-25T21:07:44.055031+00:00
[2022-09-25 21:07:44,062] {processor.py:161} INFO - Processing /home/airflow/.local/lib/python3.7/site-packages/airflow/example_dags/example_short_circuit_operator.py took 0.046 seconds
[2022-09-25 21:08:14,160] {processor.py:153} INFO - Started process (PID=1298) to work on /home/airflow/.local/lib/python3.7/site-packages/airflow/example_dags/example_short_circuit_operator.py
[2022-09-25 21:08:14,161] {processor.py:641} INFO - Processing file /home/airflow/.local/lib/python3.7/site-packages/airflow/example_dags/example_short_circuit_operator.py for tasks to queue
[2022-09-25 21:08:14,163] {logging_mixin.py:115} INFO - [2022-09-25 21:08:14,163] {dagbag.py:507} INFO - Filling up the DagBag from /home/airflow/.local/lib/python3.7/site-packages/airflow/example_dags/example_short_circuit_operator.py
[2022-09-25 21:08:14,168] {processor.py:651} INFO - DAG(s) dict_keys(['example_short_circuit_operator']) retrieved from /home/airflow/.local/lib/python3.7/site-packages/airflow/example_dags/example_short_circuit_operator.py
[2022-09-25 21:08:14,188] {logging_mixin.py:115} INFO - [2022-09-25 21:08:14,188] {dag.py:2371} INFO - Sync 1 DAGs
[2022-09-25 21:08:14,202] {logging_mixin.py:115} INFO - [2022-09-25 21:08:14,201] {dag.py:2919} INFO - Setting next_dagrun for example_short_circuit_operator to 2022-09-24T21:08:14.201765+00:00, run_after=2022-09-25T21:08:14.201765+00:00
[2022-09-25 21:08:14,209] {processor.py:161} INFO - Processing /home/airflow/.local/lib/python3.7/site-packages/airflow/example_dags/example_short_circuit_operator.py took 0.051 seconds
[2022-09-25 21:08:45,061] {processor.py:153} INFO - Started process (PID=1351) to work on /home/airflow/.local/lib/python3.7/site-packages/airflow/example_dags/example_short_circuit_operator.py
[2022-09-25 21:08:45,063] {processor.py:641} INFO - Processing file /home/airflow/.local/lib/python3.7/site-packages/airflow/example_dags/example_short_circuit_operator.py for tasks to queue
[2022-09-25 21:08:45,064] {logging_mixin.py:115} INFO - [2022-09-25 21:08:45,064] {dagbag.py:507} INFO - Filling up the DagBag from /home/airflow/.local/lib/python3.7/site-packages/airflow/example_dags/example_short_circuit_operator.py
[2022-09-25 21:08:45,071] {processor.py:651} INFO - DAG(s) dict_keys(['example_short_circuit_operator']) retrieved from /home/airflow/.local/lib/python3.7/site-packages/airflow/example_dags/example_short_circuit_operator.py
[2022-09-25 21:08:45,093] {logging_mixin.py:115} INFO - [2022-09-25 21:08:45,093] {dag.py:2371} INFO - Sync 1 DAGs
[2022-09-25 21:08:45,112] {logging_mixin.py:115} INFO - [2022-09-25 21:08:45,112] {dag.py:2919} INFO - Setting next_dagrun for example_short_circuit_operator to 2022-09-24T21:08:45.112040+00:00, run_after=2022-09-25T21:08:45.112040+00:00
[2022-09-25 21:08:45,119] {processor.py:161} INFO - Processing /home/airflow/.local/lib/python3.7/site-packages/airflow/example_dags/example_short_circuit_operator.py took 0.060 seconds
[2022-09-25 21:09:16,116] {processor.py:153} INFO - Started process (PID=1414) to work on /home/airflow/.local/lib/python3.7/site-packages/airflow/example_dags/example_short_circuit_operator.py
[2022-09-25 21:09:16,117] {processor.py:641} INFO - Processing file /home/airflow/.local/lib/python3.7/site-packages/airflow/example_dags/example_short_circuit_operator.py for tasks to queue
[2022-09-25 21:09:16,118] {logging_mixin.py:115} INFO - [2022-09-25 21:09:16,118] {dagbag.py:507} INFO - Filling up the DagBag from /home/airflow/.local/lib/python3.7/site-packages/airflow/example_dags/example_short_circuit_operator.py
[2022-09-25 21:09:16,124] {processor.py:651} INFO - DAG(s) dict_keys(['example_short_circuit_operator']) retrieved from /home/airflow/.local/lib/python3.7/site-packages/airflow/example_dags/example_short_circuit_operator.py
[2022-09-25 21:09:16,142] {logging_mixin.py:115} INFO - [2022-09-25 21:09:16,142] {dag.py:2371} INFO - Sync 1 DAGs
[2022-09-25 21:09:16,154] {logging_mixin.py:115} INFO - [2022-09-25 21:09:16,153] {dag.py:2919} INFO - Setting next_dagrun for example_short_circuit_operator to 2022-09-24T21:09:16.153807+00:00, run_after=2022-09-25T21:09:16.153807+00:00
[2022-09-25 21:09:16,160] {processor.py:161} INFO - Processing /home/airflow/.local/lib/python3.7/site-packages/airflow/example_dags/example_short_circuit_operator.py took 0.047 seconds
[2022-09-25 21:09:47,143] {processor.py:153} INFO - Started process (PID=1476) to work on /home/airflow/.local/lib/python3.7/site-packages/airflow/example_dags/example_short_circuit_operator.py
[2022-09-25 21:09:47,144] {processor.py:641} INFO - Processing file /home/airflow/.local/lib/python3.7/site-packages/airflow/example_dags/example_short_circuit_operator.py for tasks to queue
[2022-09-25 21:09:47,145] {logging_mixin.py:115} INFO - [2022-09-25 21:09:47,145] {dagbag.py:507} INFO - Filling up the DagBag from /home/airflow/.local/lib/python3.7/site-packages/airflow/example_dags/example_short_circuit_operator.py
[2022-09-25 21:09:47,151] {processor.py:651} INFO - DAG(s) dict_keys(['example_short_circuit_operator']) retrieved from /home/airflow/.local/lib/python3.7/site-packages/airflow/example_dags/example_short_circuit_operator.py
[2022-09-25 21:09:47,168] {logging_mixin.py:115} INFO - [2022-09-25 21:09:47,168] {dag.py:2371} INFO - Sync 1 DAGs
[2022-09-25 21:09:47,179] {logging_mixin.py:115} INFO - [2022-09-25 21:09:47,179] {dag.py:2919} INFO - Setting next_dagrun for example_short_circuit_operator to 2022-09-24T21:09:47.179448+00:00, run_after=2022-09-25T21:09:47.179448+00:00
[2022-09-25 21:09:47,185] {processor.py:161} INFO - Processing /home/airflow/.local/lib/python3.7/site-packages/airflow/example_dags/example_short_circuit_operator.py took 0.045 seconds
[2022-09-25 21:10:18,025] {processor.py:153} INFO - Started process (PID=1540) to work on /home/airflow/.local/lib/python3.7/site-packages/airflow/example_dags/example_short_circuit_operator.py
[2022-09-25 21:10:18,026] {processor.py:641} INFO - Processing file /home/airflow/.local/lib/python3.7/site-packages/airflow/example_dags/example_short_circuit_operator.py for tasks to queue
[2022-09-25 21:10:18,027] {logging_mixin.py:115} INFO - [2022-09-25 21:10:18,027] {dagbag.py:507} INFO - Filling up the DagBag from /home/airflow/.local/lib/python3.7/site-packages/airflow/example_dags/example_short_circuit_operator.py
[2022-09-25 21:10:18,032] {processor.py:651} INFO - DAG(s) dict_keys(['example_short_circuit_operator']) retrieved from /home/airflow/.local/lib/python3.7/site-packages/airflow/example_dags/example_short_circuit_operator.py
[2022-09-25 21:10:18,051] {logging_mixin.py:115} INFO - [2022-09-25 21:10:18,051] {dag.py:2371} INFO - Sync 1 DAGs
[2022-09-25 21:10:18,063] {logging_mixin.py:115} INFO - [2022-09-25 21:10:18,063] {dag.py:2919} INFO - Setting next_dagrun for example_short_circuit_operator to 2022-09-24T21:10:18.063261+00:00, run_after=2022-09-25T21:10:18.063261+00:00
[2022-09-25 21:10:18,069] {processor.py:161} INFO - Processing /home/airflow/.local/lib/python3.7/site-packages/airflow/example_dags/example_short_circuit_operator.py took 0.046 seconds
[2022-09-25 21:10:49,040] {processor.py:153} INFO - Started process (PID=1602) to work on /home/airflow/.local/lib/python3.7/site-packages/airflow/example_dags/example_short_circuit_operator.py
[2022-09-25 21:10:49,042] {processor.py:641} INFO - Processing file /home/airflow/.local/lib/python3.7/site-packages/airflow/example_dags/example_short_circuit_operator.py for tasks to queue
[2022-09-25 21:10:49,042] {logging_mixin.py:115} INFO - [2022-09-25 21:10:49,042] {dagbag.py:507} INFO - Filling up the DagBag from /home/airflow/.local/lib/python3.7/site-packages/airflow/example_dags/example_short_circuit_operator.py
[2022-09-25 21:10:49,049] {processor.py:651} INFO - DAG(s) dict_keys(['example_short_circuit_operator']) retrieved from /home/airflow/.local/lib/python3.7/site-packages/airflow/example_dags/example_short_circuit_operator.py
[2022-09-25 21:10:49,078] {logging_mixin.py:115} INFO - [2022-09-25 21:10:49,078] {dag.py:2371} INFO - Sync 1 DAGs
[2022-09-25 21:10:49,098] {logging_mixin.py:115} INFO - [2022-09-25 21:10:49,098] {dag.py:2919} INFO - Setting next_dagrun for example_short_circuit_operator to 2022-09-24T21:10:49.098632+00:00, run_after=2022-09-25T21:10:49.098632+00:00
[2022-09-25 21:10:49,114] {processor.py:161} INFO - Processing /home/airflow/.local/lib/python3.7/site-packages/airflow/example_dags/example_short_circuit_operator.py took 0.077 seconds
[2022-09-25 21:11:19,924] {processor.py:153} INFO - Started process (PID=1665) to work on /home/airflow/.local/lib/python3.7/site-packages/airflow/example_dags/example_short_circuit_operator.py
[2022-09-25 21:11:19,925] {processor.py:641} INFO - Processing file /home/airflow/.local/lib/python3.7/site-packages/airflow/example_dags/example_short_circuit_operator.py for tasks to queue
[2022-09-25 21:11:19,927] {logging_mixin.py:115} INFO - [2022-09-25 21:11:19,927] {dagbag.py:507} INFO - Filling up the DagBag from /home/airflow/.local/lib/python3.7/site-packages/airflow/example_dags/example_short_circuit_operator.py
[2022-09-25 21:11:19,933] {processor.py:651} INFO - DAG(s) dict_keys(['example_short_circuit_operator']) retrieved from /home/airflow/.local/lib/python3.7/site-packages/airflow/example_dags/example_short_circuit_operator.py
[2022-09-25 21:11:19,952] {logging_mixin.py:115} INFO - [2022-09-25 21:11:19,952] {dag.py:2371} INFO - Sync 1 DAGs
[2022-09-25 21:11:19,968] {logging_mixin.py:115} INFO - [2022-09-25 21:11:19,968] {dag.py:2919} INFO - Setting next_dagrun for example_short_circuit_operator to 2022-09-24T21:11:19.967890+00:00, run_after=2022-09-25T21:11:19.967890+00:00
[2022-09-25 21:11:19,978] {processor.py:161} INFO - Processing /home/airflow/.local/lib/python3.7/site-packages/airflow/example_dags/example_short_circuit_operator.py took 0.056 seconds
[2022-09-25 21:11:50,836] {processor.py:153} INFO - Started process (PID=1718) to work on /home/airflow/.local/lib/python3.7/site-packages/airflow/example_dags/example_short_circuit_operator.py
[2022-09-25 21:11:50,837] {processor.py:641} INFO - Processing file /home/airflow/.local/lib/python3.7/site-packages/airflow/example_dags/example_short_circuit_operator.py for tasks to queue
[2022-09-25 21:11:50,837] {logging_mixin.py:115} INFO - [2022-09-25 21:11:50,837] {dagbag.py:507} INFO - Filling up the DagBag from /home/airflow/.local/lib/python3.7/site-packages/airflow/example_dags/example_short_circuit_operator.py
[2022-09-25 21:11:50,843] {processor.py:651} INFO - DAG(s) dict_keys(['example_short_circuit_operator']) retrieved from /home/airflow/.local/lib/python3.7/site-packages/airflow/example_dags/example_short_circuit_operator.py
[2022-09-25 21:11:50,861] {logging_mixin.py:115} INFO - [2022-09-25 21:11:50,861] {dag.py:2371} INFO - Sync 1 DAGs
[2022-09-25 21:11:50,874] {logging_mixin.py:115} INFO - [2022-09-25 21:11:50,873] {dag.py:2919} INFO - Setting next_dagrun for example_short_circuit_operator to 2022-09-24T21:11:50.873761+00:00, run_after=2022-09-25T21:11:50.873761+00:00
[2022-09-25 21:11:50,880] {processor.py:161} INFO - Processing /home/airflow/.local/lib/python3.7/site-packages/airflow/example_dags/example_short_circuit_operator.py took 0.046 seconds
[2022-09-25 21:12:21,035] {processor.py:153} INFO - Started process (PID=1782) to work on /home/airflow/.local/lib/python3.7/site-packages/airflow/example_dags/example_short_circuit_operator.py
[2022-09-25 21:12:21,037] {processor.py:641} INFO - Processing file /home/airflow/.local/lib/python3.7/site-packages/airflow/example_dags/example_short_circuit_operator.py for tasks to queue
[2022-09-25 21:12:21,038] {logging_mixin.py:115} INFO - [2022-09-25 21:12:21,038] {dagbag.py:507} INFO - Filling up the DagBag from /home/airflow/.local/lib/python3.7/site-packages/airflow/example_dags/example_short_circuit_operator.py
[2022-09-25 21:12:21,044] {processor.py:651} INFO - DAG(s) dict_keys(['example_short_circuit_operator']) retrieved from /home/airflow/.local/lib/python3.7/site-packages/airflow/example_dags/example_short_circuit_operator.py
[2022-09-25 21:12:21,061] {logging_mixin.py:115} INFO - [2022-09-25 21:12:21,061] {dag.py:2371} INFO - Sync 1 DAGs
[2022-09-25 21:12:21,072] {logging_mixin.py:115} INFO - [2022-09-25 21:12:21,072] {dag.py:2919} INFO - Setting next_dagrun for example_short_circuit_operator to 2022-09-24T21:12:21.072282+00:00, run_after=2022-09-25T21:12:21.072282+00:00
[2022-09-25 21:12:21,079] {processor.py:161} INFO - Processing /home/airflow/.local/lib/python3.7/site-packages/airflow/example_dags/example_short_circuit_operator.py took 0.046 seconds
[2022-09-25 21:12:51,765] {processor.py:153} INFO - Started process (PID=1846) to work on /home/airflow/.local/lib/python3.7/site-packages/airflow/example_dags/example_short_circuit_operator.py
[2022-09-25 21:12:51,767] {processor.py:641} INFO - Processing file /home/airflow/.local/lib/python3.7/site-packages/airflow/example_dags/example_short_circuit_operator.py for tasks to queue
[2022-09-25 21:12:51,768] {logging_mixin.py:115} INFO - [2022-09-25 21:12:51,768] {dagbag.py:507} INFO - Filling up the DagBag from /home/airflow/.local/lib/python3.7/site-packages/airflow/example_dags/example_short_circuit_operator.py
[2022-09-25 21:12:51,774] {processor.py:651} INFO - DAG(s) dict_keys(['example_short_circuit_operator']) retrieved from /home/airflow/.local/lib/python3.7/site-packages/airflow/example_dags/example_short_circuit_operator.py
[2022-09-25 21:12:51,794] {logging_mixin.py:115} INFO - [2022-09-25 21:12:51,794] {dag.py:2371} INFO - Sync 1 DAGs
[2022-09-25 21:12:51,806] {logging_mixin.py:115} INFO - [2022-09-25 21:12:51,806] {dag.py:2919} INFO - Setting next_dagrun for example_short_circuit_operator to 2022-09-24T21:12:51.805924+00:00, run_after=2022-09-25T21:12:51.805924+00:00
[2022-09-25 21:12:51,812] {processor.py:161} INFO - Processing /home/airflow/.local/lib/python3.7/site-packages/airflow/example_dags/example_short_circuit_operator.py took 0.048 seconds
[2022-09-25 21:13:22,449] {processor.py:153} INFO - Started process (PID=1909) to work on /home/airflow/.local/lib/python3.7/site-packages/airflow/example_dags/example_short_circuit_operator.py
[2022-09-25 21:13:22,450] {processor.py:641} INFO - Processing file /home/airflow/.local/lib/python3.7/site-packages/airflow/example_dags/example_short_circuit_operator.py for tasks to queue
[2022-09-25 21:13:22,451] {logging_mixin.py:115} INFO - [2022-09-25 21:13:22,451] {dagbag.py:507} INFO - Filling up the DagBag from /home/airflow/.local/lib/python3.7/site-packages/airflow/example_dags/example_short_circuit_operator.py
[2022-09-25 21:13:22,456] {processor.py:651} INFO - DAG(s) dict_keys(['example_short_circuit_operator']) retrieved from /home/airflow/.local/lib/python3.7/site-packages/airflow/example_dags/example_short_circuit_operator.py
[2022-09-25 21:13:22,474] {logging_mixin.py:115} INFO - [2022-09-25 21:13:22,474] {dag.py:2371} INFO - Sync 1 DAGs
[2022-09-25 21:13:22,486] {logging_mixin.py:115} INFO - [2022-09-25 21:13:22,486] {dag.py:2919} INFO - Setting next_dagrun for example_short_circuit_operator to 2022-09-24T21:13:22.485901+00:00, run_after=2022-09-25T21:13:22.485901+00:00
[2022-09-25 21:13:22,492] {processor.py:161} INFO - Processing /home/airflow/.local/lib/python3.7/site-packages/airflow/example_dags/example_short_circuit_operator.py took 0.045 seconds
