[2022-09-25 20:57:54,453] {processor.py:153} INFO - Started process (PID=54) to work on /home/airflow/.local/lib/python3.7/site-packages/airflow/example_dags/example_latest_only.py
[2022-09-25 20:57:54,460] {processor.py:641} INFO - Processing file /home/airflow/.local/lib/python3.7/site-packages/airflow/example_dags/example_latest_only.py for tasks to queue
[2022-09-25 20:57:54,465] {logging_mixin.py:115} INFO - [2022-09-25 20:57:54,465] {dagbag.py:507} INFO - Filling up the DagBag from /home/airflow/.local/lib/python3.7/site-packages/airflow/example_dags/example_latest_only.py
[2022-09-25 20:57:54,547] {processor.py:651} INFO - DAG(s) dict_keys(['latest_only']) retrieved from /home/airflow/.local/lib/python3.7/site-packages/airflow/example_dags/example_latest_only.py
[2022-09-25 20:57:55,802] {logging_mixin.py:115} INFO - [2022-09-25 20:57:55,801] {manager.py:508} INFO - Created Permission View: can edit on DAG:latest_only
[2022-09-25 20:57:55,832] {logging_mixin.py:115} INFO - [2022-09-25 20:57:55,831] {manager.py:508} INFO - Created Permission View: can read on DAG:latest_only
[2022-09-25 20:57:55,840] {logging_mixin.py:115} INFO - [2022-09-25 20:57:55,840] {manager.py:508} INFO - Created Permission View: can delete on DAG:latest_only
[2022-09-25 20:57:55,842] {logging_mixin.py:115} INFO - [2022-09-25 20:57:55,842] {dag.py:2371} INFO - Sync 1 DAGs
[2022-09-25 20:57:55,866] {logging_mixin.py:115} INFO - [2022-09-25 20:57:55,866] {dag.py:2390} INFO - Creating ORM DAG for latest_only
[2022-09-25 20:57:55,879] {logging_mixin.py:115} INFO - [2022-09-25 20:57:55,879] {dag.py:2919} INFO - Setting next_dagrun for latest_only to 2022-09-25T16:57:55.879523+00:00, run_after=2022-09-25T20:57:55.879523+00:00
[2022-09-25 20:57:55,931] {processor.py:161} INFO - Processing /home/airflow/.local/lib/python3.7/site-packages/airflow/example_dags/example_latest_only.py took 1.497 seconds
[2022-09-25 20:58:26,474] {processor.py:153} INFO - Started process (PID=108) to work on /home/airflow/.local/lib/python3.7/site-packages/airflow/example_dags/example_latest_only.py
[2022-09-25 20:58:26,480] {processor.py:641} INFO - Processing file /home/airflow/.local/lib/python3.7/site-packages/airflow/example_dags/example_latest_only.py for tasks to queue
[2022-09-25 20:58:26,484] {logging_mixin.py:115} INFO - [2022-09-25 20:58:26,484] {dagbag.py:507} INFO - Filling up the DagBag from /home/airflow/.local/lib/python3.7/site-packages/airflow/example_dags/example_latest_only.py
[2022-09-25 20:58:26,495] {processor.py:651} INFO - DAG(s) dict_keys(['latest_only']) retrieved from /home/airflow/.local/lib/python3.7/site-packages/airflow/example_dags/example_latest_only.py
[2022-09-25 20:58:26,538] {logging_mixin.py:115} INFO - [2022-09-25 20:58:26,538] {dag.py:2371} INFO - Sync 1 DAGs
[2022-09-25 20:58:26,575] {logging_mixin.py:115} INFO - [2022-09-25 20:58:26,575] {dag.py:2919} INFO - Setting next_dagrun for latest_only to 2022-09-25T16:58:26.574858+00:00, run_after=2022-09-25T20:58:26.574858+00:00
[2022-09-25 20:58:26,812] {processor.py:161} INFO - Processing /home/airflow/.local/lib/python3.7/site-packages/airflow/example_dags/example_latest_only.py took 0.343 seconds
[2022-09-25 20:58:57,405] {processor.py:153} INFO - Started process (PID=171) to work on /home/airflow/.local/lib/python3.7/site-packages/airflow/example_dags/example_latest_only.py
[2022-09-25 20:58:57,412] {processor.py:641} INFO - Processing file /home/airflow/.local/lib/python3.7/site-packages/airflow/example_dags/example_latest_only.py for tasks to queue
[2022-09-25 20:58:57,423] {logging_mixin.py:115} INFO - [2022-09-25 20:58:57,423] {dagbag.py:507} INFO - Filling up the DagBag from /home/airflow/.local/lib/python3.7/site-packages/airflow/example_dags/example_latest_only.py
[2022-09-25 20:58:57,441] {processor.py:651} INFO - DAG(s) dict_keys(['latest_only']) retrieved from /home/airflow/.local/lib/python3.7/site-packages/airflow/example_dags/example_latest_only.py
[2022-09-25 20:58:57,501] {logging_mixin.py:115} INFO - [2022-09-25 20:58:57,501] {dag.py:2371} INFO - Sync 1 DAGs
[2022-09-25 20:58:57,530] {logging_mixin.py:115} INFO - [2022-09-25 20:58:57,530] {dag.py:2919} INFO - Setting next_dagrun for latest_only to 2022-09-25T16:58:57.530103+00:00, run_after=2022-09-25T20:58:57.530103+00:00
[2022-09-25 20:58:57,662] {processor.py:161} INFO - Processing /home/airflow/.local/lib/python3.7/site-packages/airflow/example_dags/example_latest_only.py took 0.288 seconds
[2022-09-25 20:59:27,944] {processor.py:153} INFO - Started process (PID=235) to work on /home/airflow/.local/lib/python3.7/site-packages/airflow/example_dags/example_latest_only.py
[2022-09-25 20:59:27,946] {processor.py:641} INFO - Processing file /home/airflow/.local/lib/python3.7/site-packages/airflow/example_dags/example_latest_only.py for tasks to queue
[2022-09-25 20:59:27,948] {logging_mixin.py:115} INFO - [2022-09-25 20:59:27,948] {dagbag.py:507} INFO - Filling up the DagBag from /home/airflow/.local/lib/python3.7/site-packages/airflow/example_dags/example_latest_only.py
[2022-09-25 20:59:27,955] {processor.py:651} INFO - DAG(s) dict_keys(['latest_only']) retrieved from /home/airflow/.local/lib/python3.7/site-packages/airflow/example_dags/example_latest_only.py
[2022-09-25 20:59:27,984] {logging_mixin.py:115} INFO - [2022-09-25 20:59:27,984] {dag.py:2371} INFO - Sync 1 DAGs
[2022-09-25 20:59:28,001] {logging_mixin.py:115} INFO - [2022-09-25 20:59:28,001] {dag.py:2919} INFO - Setting next_dagrun for latest_only to 2022-09-25T16:59:28.001144+00:00, run_after=2022-09-25T20:59:28.001144+00:00
[2022-09-25 20:59:28,089] {processor.py:161} INFO - Processing /home/airflow/.local/lib/python3.7/site-packages/airflow/example_dags/example_latest_only.py took 0.150 seconds
[2022-09-25 20:59:58,510] {processor.py:153} INFO - Started process (PID=298) to work on /home/airflow/.local/lib/python3.7/site-packages/airflow/example_dags/example_latest_only.py
[2022-09-25 20:59:58,512] {processor.py:641} INFO - Processing file /home/airflow/.local/lib/python3.7/site-packages/airflow/example_dags/example_latest_only.py for tasks to queue
[2022-09-25 20:59:58,515] {logging_mixin.py:115} INFO - [2022-09-25 20:59:58,514] {dagbag.py:507} INFO - Filling up the DagBag from /home/airflow/.local/lib/python3.7/site-packages/airflow/example_dags/example_latest_only.py
[2022-09-25 20:59:58,521] {processor.py:651} INFO - DAG(s) dict_keys(['latest_only']) retrieved from /home/airflow/.local/lib/python3.7/site-packages/airflow/example_dags/example_latest_only.py
[2022-09-25 20:59:58,542] {logging_mixin.py:115} INFO - [2022-09-25 20:59:58,542] {dag.py:2371} INFO - Sync 1 DAGs
[2022-09-25 20:59:58,561] {logging_mixin.py:115} INFO - [2022-09-25 20:59:58,561] {dag.py:2919} INFO - Setting next_dagrun for latest_only to 2022-09-25T16:59:58.561000+00:00, run_after=2022-09-25T20:59:58.561000+00:00
[2022-09-25 20:59:58,666] {processor.py:161} INFO - Processing /home/airflow/.local/lib/python3.7/site-packages/airflow/example_dags/example_latest_only.py took 0.159 seconds
[2022-09-25 21:00:28,734] {processor.py:153} INFO - Started process (PID=361) to work on /home/airflow/.local/lib/python3.7/site-packages/airflow/example_dags/example_latest_only.py
[2022-09-25 21:00:28,736] {processor.py:641} INFO - Processing file /home/airflow/.local/lib/python3.7/site-packages/airflow/example_dags/example_latest_only.py for tasks to queue
[2022-09-25 21:00:28,737] {logging_mixin.py:115} INFO - [2022-09-25 21:00:28,737] {dagbag.py:507} INFO - Filling up the DagBag from /home/airflow/.local/lib/python3.7/site-packages/airflow/example_dags/example_latest_only.py
[2022-09-25 21:00:28,741] {processor.py:651} INFO - DAG(s) dict_keys(['latest_only']) retrieved from /home/airflow/.local/lib/python3.7/site-packages/airflow/example_dags/example_latest_only.py
[2022-09-25 21:00:28,759] {logging_mixin.py:115} INFO - [2022-09-25 21:00:28,759] {dag.py:2371} INFO - Sync 1 DAGs
[2022-09-25 21:00:28,773] {logging_mixin.py:115} INFO - [2022-09-25 21:00:28,773] {dag.py:2919} INFO - Setting next_dagrun for latest_only to 2022-09-25T17:00:28.773418+00:00, run_after=2022-09-25T21:00:28.773418+00:00
[2022-09-25 21:00:28,869] {processor.py:161} INFO - Processing /home/airflow/.local/lib/python3.7/site-packages/airflow/example_dags/example_latest_only.py took 0.137 seconds
[2022-09-25 21:00:59,946] {processor.py:153} INFO - Started process (PID=422) to work on /home/airflow/.local/lib/python3.7/site-packages/airflow/example_dags/example_latest_only.py
[2022-09-25 21:00:59,947] {processor.py:641} INFO - Processing file /home/airflow/.local/lib/python3.7/site-packages/airflow/example_dags/example_latest_only.py for tasks to queue
[2022-09-25 21:00:59,952] {logging_mixin.py:115} INFO - [2022-09-25 21:00:59,952] {dagbag.py:507} INFO - Filling up the DagBag from /home/airflow/.local/lib/python3.7/site-packages/airflow/example_dags/example_latest_only.py
[2022-09-25 21:00:59,959] {processor.py:651} INFO - DAG(s) dict_keys(['latest_only']) retrieved from /home/airflow/.local/lib/python3.7/site-packages/airflow/example_dags/example_latest_only.py
[2022-09-25 21:00:59,979] {logging_mixin.py:115} INFO - [2022-09-25 21:00:59,979] {dag.py:2371} INFO - Sync 1 DAGs
[2022-09-25 21:00:59,995] {logging_mixin.py:115} INFO - [2022-09-25 21:00:59,995] {dag.py:2919} INFO - Setting next_dagrun for latest_only to 2022-09-25T17:00:59.995280+00:00, run_after=2022-09-25T21:00:59.995280+00:00
[2022-09-25 21:01:00,092] {processor.py:161} INFO - Processing /home/airflow/.local/lib/python3.7/site-packages/airflow/example_dags/example_latest_only.py took 0.148 seconds
[2022-09-25 21:01:30,590] {processor.py:153} INFO - Started process (PID=478) to work on /home/airflow/.local/lib/python3.7/site-packages/airflow/example_dags/example_latest_only.py
[2022-09-25 21:01:30,592] {processor.py:641} INFO - Processing file /home/airflow/.local/lib/python3.7/site-packages/airflow/example_dags/example_latest_only.py for tasks to queue
[2022-09-25 21:01:30,593] {logging_mixin.py:115} INFO - [2022-09-25 21:01:30,593] {dagbag.py:507} INFO - Filling up the DagBag from /home/airflow/.local/lib/python3.7/site-packages/airflow/example_dags/example_latest_only.py
[2022-09-25 21:01:30,598] {processor.py:651} INFO - DAG(s) dict_keys(['latest_only']) retrieved from /home/airflow/.local/lib/python3.7/site-packages/airflow/example_dags/example_latest_only.py
[2022-09-25 21:01:30,618] {logging_mixin.py:115} INFO - [2022-09-25 21:01:30,617] {dag.py:2371} INFO - Sync 1 DAGs
[2022-09-25 21:01:30,636] {logging_mixin.py:115} INFO - [2022-09-25 21:01:30,636] {dag.py:2919} INFO - Setting next_dagrun for latest_only to 2022-09-25T17:01:30.635960+00:00, run_after=2022-09-25T21:01:30.635960+00:00
[2022-09-25 21:01:30,748] {processor.py:161} INFO - Processing /home/airflow/.local/lib/python3.7/site-packages/airflow/example_dags/example_latest_only.py took 0.161 seconds
[2022-09-25 21:02:00,983] {processor.py:153} INFO - Started process (PID=540) to work on /home/airflow/.local/lib/python3.7/site-packages/airflow/example_dags/example_latest_only.py
[2022-09-25 21:02:00,985] {processor.py:641} INFO - Processing file /home/airflow/.local/lib/python3.7/site-packages/airflow/example_dags/example_latest_only.py for tasks to queue
[2022-09-25 21:02:00,986] {logging_mixin.py:115} INFO - [2022-09-25 21:02:00,986] {dagbag.py:507} INFO - Filling up the DagBag from /home/airflow/.local/lib/python3.7/site-packages/airflow/example_dags/example_latest_only.py
[2022-09-25 21:02:00,992] {processor.py:651} INFO - DAG(s) dict_keys(['latest_only']) retrieved from /home/airflow/.local/lib/python3.7/site-packages/airflow/example_dags/example_latest_only.py
[2022-09-25 21:02:01,017] {logging_mixin.py:115} INFO - [2022-09-25 21:02:01,016] {dag.py:2371} INFO - Sync 1 DAGs
[2022-09-25 21:02:01,032] {logging_mixin.py:115} INFO - [2022-09-25 21:02:01,032] {dag.py:2919} INFO - Setting next_dagrun for latest_only to 2022-09-25T17:02:01.032423+00:00, run_after=2022-09-25T21:02:01.032423+00:00
[2022-09-25 21:02:01,127] {processor.py:161} INFO - Processing /home/airflow/.local/lib/python3.7/site-packages/airflow/example_dags/example_latest_only.py took 0.147 seconds
[2022-09-25 21:02:31,490] {processor.py:153} INFO - Started process (PID=604) to work on /home/airflow/.local/lib/python3.7/site-packages/airflow/example_dags/example_latest_only.py
[2022-09-25 21:02:31,493] {processor.py:641} INFO - Processing file /home/airflow/.local/lib/python3.7/site-packages/airflow/example_dags/example_latest_only.py for tasks to queue
[2022-09-25 21:02:31,495] {logging_mixin.py:115} INFO - [2022-09-25 21:02:31,494] {dagbag.py:507} INFO - Filling up the DagBag from /home/airflow/.local/lib/python3.7/site-packages/airflow/example_dags/example_latest_only.py
[2022-09-25 21:02:31,500] {processor.py:651} INFO - DAG(s) dict_keys(['latest_only']) retrieved from /home/airflow/.local/lib/python3.7/site-packages/airflow/example_dags/example_latest_only.py
[2022-09-25 21:02:31,523] {logging_mixin.py:115} INFO - [2022-09-25 21:02:31,523] {dag.py:2371} INFO - Sync 1 DAGs
[2022-09-25 21:02:31,538] {logging_mixin.py:115} INFO - [2022-09-25 21:02:31,538] {dag.py:2919} INFO - Setting next_dagrun for latest_only to 2022-09-25T17:02:31.538651+00:00, run_after=2022-09-25T21:02:31.538651+00:00
[2022-09-25 21:02:31,635] {processor.py:161} INFO - Processing /home/airflow/.local/lib/python3.7/site-packages/airflow/example_dags/example_latest_only.py took 0.148 seconds
[2022-09-25 21:03:01,700] {processor.py:153} INFO - Started process (PID=669) to work on /home/airflow/.local/lib/python3.7/site-packages/airflow/example_dags/example_latest_only.py
[2022-09-25 21:03:01,701] {processor.py:641} INFO - Processing file /home/airflow/.local/lib/python3.7/site-packages/airflow/example_dags/example_latest_only.py for tasks to queue
[2022-09-25 21:03:01,702] {logging_mixin.py:115} INFO - [2022-09-25 21:03:01,702] {dagbag.py:507} INFO - Filling up the DagBag from /home/airflow/.local/lib/python3.7/site-packages/airflow/example_dags/example_latest_only.py
[2022-09-25 21:03:01,706] {processor.py:651} INFO - DAG(s) dict_keys(['latest_only']) retrieved from /home/airflow/.local/lib/python3.7/site-packages/airflow/example_dags/example_latest_only.py
[2022-09-25 21:03:01,724] {logging_mixin.py:115} INFO - [2022-09-25 21:03:01,724] {dag.py:2371} INFO - Sync 1 DAGs
[2022-09-25 21:03:01,739] {logging_mixin.py:115} INFO - [2022-09-25 21:03:01,739] {dag.py:2919} INFO - Setting next_dagrun for latest_only to 2022-09-25T17:03:01.739098+00:00, run_after=2022-09-25T21:03:01.739098+00:00
[2022-09-25 21:03:01,749] {processor.py:161} INFO - Processing /home/airflow/.local/lib/python3.7/site-packages/airflow/example_dags/example_latest_only.py took 0.052 seconds
[2022-09-25 21:03:32,565] {processor.py:153} INFO - Started process (PID=732) to work on /home/airflow/.local/lib/python3.7/site-packages/airflow/example_dags/example_latest_only.py
[2022-09-25 21:03:32,566] {processor.py:641} INFO - Processing file /home/airflow/.local/lib/python3.7/site-packages/airflow/example_dags/example_latest_only.py for tasks to queue
[2022-09-25 21:03:32,567] {logging_mixin.py:115} INFO - [2022-09-25 21:03:32,567] {dagbag.py:507} INFO - Filling up the DagBag from /home/airflow/.local/lib/python3.7/site-packages/airflow/example_dags/example_latest_only.py
[2022-09-25 21:03:32,571] {processor.py:651} INFO - DAG(s) dict_keys(['latest_only']) retrieved from /home/airflow/.local/lib/python3.7/site-packages/airflow/example_dags/example_latest_only.py
[2022-09-25 21:03:32,588] {logging_mixin.py:115} INFO - [2022-09-25 21:03:32,588] {dag.py:2371} INFO - Sync 1 DAGs
[2022-09-25 21:03:32,603] {logging_mixin.py:115} INFO - [2022-09-25 21:03:32,603] {dag.py:2919} INFO - Setting next_dagrun for latest_only to 2022-09-25T17:03:32.603048+00:00, run_after=2022-09-25T21:03:32.603048+00:00
[2022-09-25 21:03:32,610] {processor.py:161} INFO - Processing /home/airflow/.local/lib/python3.7/site-packages/airflow/example_dags/example_latest_only.py took 0.048 seconds
[2022-09-25 21:04:03,554] {processor.py:153} INFO - Started process (PID=786) to work on /home/airflow/.local/lib/python3.7/site-packages/airflow/example_dags/example_latest_only.py
[2022-09-25 21:04:03,555] {processor.py:641} INFO - Processing file /home/airflow/.local/lib/python3.7/site-packages/airflow/example_dags/example_latest_only.py for tasks to queue
[2022-09-25 21:04:03,557] {logging_mixin.py:115} INFO - [2022-09-25 21:04:03,556] {dagbag.py:507} INFO - Filling up the DagBag from /home/airflow/.local/lib/python3.7/site-packages/airflow/example_dags/example_latest_only.py
[2022-09-25 21:04:03,560] {processor.py:651} INFO - DAG(s) dict_keys(['latest_only']) retrieved from /home/airflow/.local/lib/python3.7/site-packages/airflow/example_dags/example_latest_only.py
[2022-09-25 21:04:03,579] {logging_mixin.py:115} INFO - [2022-09-25 21:04:03,579] {dag.py:2371} INFO - Sync 1 DAGs
[2022-09-25 21:04:03,596] {logging_mixin.py:115} INFO - [2022-09-25 21:04:03,596] {dag.py:2919} INFO - Setting next_dagrun for latest_only to 2022-09-25T17:04:03.595900+00:00, run_after=2022-09-25T21:04:03.595900+00:00
[2022-09-25 21:04:03,603] {processor.py:161} INFO - Processing /home/airflow/.local/lib/python3.7/site-packages/airflow/example_dags/example_latest_only.py took 0.051 seconds
[2022-09-25 21:04:34,459] {processor.py:153} INFO - Started process (PID=849) to work on /home/airflow/.local/lib/python3.7/site-packages/airflow/example_dags/example_latest_only.py
[2022-09-25 21:04:34,460] {processor.py:641} INFO - Processing file /home/airflow/.local/lib/python3.7/site-packages/airflow/example_dags/example_latest_only.py for tasks to queue
[2022-09-25 21:04:34,461] {logging_mixin.py:115} INFO - [2022-09-25 21:04:34,461] {dagbag.py:507} INFO - Filling up the DagBag from /home/airflow/.local/lib/python3.7/site-packages/airflow/example_dags/example_latest_only.py
[2022-09-25 21:04:34,466] {processor.py:651} INFO - DAG(s) dict_keys(['latest_only']) retrieved from /home/airflow/.local/lib/python3.7/site-packages/airflow/example_dags/example_latest_only.py
[2022-09-25 21:04:34,489] {logging_mixin.py:115} INFO - [2022-09-25 21:04:34,489] {dag.py:2371} INFO - Sync 1 DAGs
[2022-09-25 21:04:34,510] {logging_mixin.py:115} INFO - [2022-09-25 21:04:34,510] {dag.py:2919} INFO - Setting next_dagrun for latest_only to 2022-09-25T17:04:34.510193+00:00, run_after=2022-09-25T21:04:34.510193+00:00
[2022-09-25 21:04:34,520] {processor.py:161} INFO - Processing /home/airflow/.local/lib/python3.7/site-packages/airflow/example_dags/example_latest_only.py took 0.063 seconds
[2022-09-25 21:05:05,238] {processor.py:153} INFO - Started process (PID=912) to work on /home/airflow/.local/lib/python3.7/site-packages/airflow/example_dags/example_latest_only.py
[2022-09-25 21:05:05,239] {processor.py:641} INFO - Processing file /home/airflow/.local/lib/python3.7/site-packages/airflow/example_dags/example_latest_only.py for tasks to queue
[2022-09-25 21:05:05,240] {logging_mixin.py:115} INFO - [2022-09-25 21:05:05,240] {dagbag.py:507} INFO - Filling up the DagBag from /home/airflow/.local/lib/python3.7/site-packages/airflow/example_dags/example_latest_only.py
[2022-09-25 21:05:05,245] {processor.py:651} INFO - DAG(s) dict_keys(['latest_only']) retrieved from /home/airflow/.local/lib/python3.7/site-packages/airflow/example_dags/example_latest_only.py
[2022-09-25 21:05:05,262] {logging_mixin.py:115} INFO - [2022-09-25 21:05:05,262] {dag.py:2371} INFO - Sync 1 DAGs
[2022-09-25 21:05:05,276] {logging_mixin.py:115} INFO - [2022-09-25 21:05:05,276] {dag.py:2919} INFO - Setting next_dagrun for latest_only to 2022-09-25T17:05:05.276595+00:00, run_after=2022-09-25T21:05:05.276595+00:00
[2022-09-25 21:05:05,283] {processor.py:161} INFO - Processing /home/airflow/.local/lib/python3.7/site-packages/airflow/example_dags/example_latest_only.py took 0.048 seconds
[2022-09-25 21:05:36,047] {processor.py:153} INFO - Started process (PID=976) to work on /home/airflow/.local/lib/python3.7/site-packages/airflow/example_dags/example_latest_only.py
[2022-09-25 21:05:36,048] {processor.py:641} INFO - Processing file /home/airflow/.local/lib/python3.7/site-packages/airflow/example_dags/example_latest_only.py for tasks to queue
[2022-09-25 21:05:36,049] {logging_mixin.py:115} INFO - [2022-09-25 21:05:36,049] {dagbag.py:507} INFO - Filling up the DagBag from /home/airflow/.local/lib/python3.7/site-packages/airflow/example_dags/example_latest_only.py
[2022-09-25 21:05:36,054] {processor.py:651} INFO - DAG(s) dict_keys(['latest_only']) retrieved from /home/airflow/.local/lib/python3.7/site-packages/airflow/example_dags/example_latest_only.py
[2022-09-25 21:05:36,075] {logging_mixin.py:115} INFO - [2022-09-25 21:05:36,075] {dag.py:2371} INFO - Sync 1 DAGs
[2022-09-25 21:05:36,092] {logging_mixin.py:115} INFO - [2022-09-25 21:05:36,092] {dag.py:2919} INFO - Setting next_dagrun for latest_only to 2022-09-25T17:05:36.092092+00:00, run_after=2022-09-25T21:05:36.092092+00:00
[2022-09-25 21:05:36,099] {processor.py:161} INFO - Processing /home/airflow/.local/lib/python3.7/site-packages/airflow/example_dags/example_latest_only.py took 0.054 seconds
[2022-09-25 21:06:06,971] {processor.py:153} INFO - Started process (PID=1039) to work on /home/airflow/.local/lib/python3.7/site-packages/airflow/example_dags/example_latest_only.py
[2022-09-25 21:06:06,972] {processor.py:641} INFO - Processing file /home/airflow/.local/lib/python3.7/site-packages/airflow/example_dags/example_latest_only.py for tasks to queue
[2022-09-25 21:06:06,973] {logging_mixin.py:115} INFO - [2022-09-25 21:06:06,973] {dagbag.py:507} INFO - Filling up the DagBag from /home/airflow/.local/lib/python3.7/site-packages/airflow/example_dags/example_latest_only.py
[2022-09-25 21:06:06,977] {processor.py:651} INFO - DAG(s) dict_keys(['latest_only']) retrieved from /home/airflow/.local/lib/python3.7/site-packages/airflow/example_dags/example_latest_only.py
[2022-09-25 21:06:06,996] {logging_mixin.py:115} INFO - [2022-09-25 21:06:06,996] {dag.py:2371} INFO - Sync 1 DAGs
[2022-09-25 21:06:07,011] {logging_mixin.py:115} INFO - [2022-09-25 21:06:07,011] {dag.py:2919} INFO - Setting next_dagrun for latest_only to 2022-09-25T17:06:07.010917+00:00, run_after=2022-09-25T21:06:07.010917+00:00
[2022-09-25 21:06:07,018] {processor.py:161} INFO - Processing /home/airflow/.local/lib/python3.7/site-packages/airflow/example_dags/example_latest_only.py took 0.049 seconds
[2022-09-25 21:06:37,942] {processor.py:153} INFO - Started process (PID=1101) to work on /home/airflow/.local/lib/python3.7/site-packages/airflow/example_dags/example_latest_only.py
[2022-09-25 21:06:37,943] {processor.py:641} INFO - Processing file /home/airflow/.local/lib/python3.7/site-packages/airflow/example_dags/example_latest_only.py for tasks to queue
[2022-09-25 21:06:37,944] {logging_mixin.py:115} INFO - [2022-09-25 21:06:37,944] {dagbag.py:507} INFO - Filling up the DagBag from /home/airflow/.local/lib/python3.7/site-packages/airflow/example_dags/example_latest_only.py
[2022-09-25 21:06:37,949] {processor.py:651} INFO - DAG(s) dict_keys(['latest_only']) retrieved from /home/airflow/.local/lib/python3.7/site-packages/airflow/example_dags/example_latest_only.py
[2022-09-25 21:06:37,965] {logging_mixin.py:115} INFO - [2022-09-25 21:06:37,965] {dag.py:2371} INFO - Sync 1 DAGs
[2022-09-25 21:06:37,980] {logging_mixin.py:115} INFO - [2022-09-25 21:06:37,979] {dag.py:2919} INFO - Setting next_dagrun for latest_only to 2022-09-25T17:06:37.979822+00:00, run_after=2022-09-25T21:06:37.979822+00:00
[2022-09-25 21:06:37,987] {processor.py:161} INFO - Processing /home/airflow/.local/lib/python3.7/site-packages/airflow/example_dags/example_latest_only.py took 0.048 seconds
[2022-09-25 21:07:08,812] {processor.py:153} INFO - Started process (PID=1164) to work on /home/airflow/.local/lib/python3.7/site-packages/airflow/example_dags/example_latest_only.py
[2022-09-25 21:07:08,813] {processor.py:641} INFO - Processing file /home/airflow/.local/lib/python3.7/site-packages/airflow/example_dags/example_latest_only.py for tasks to queue
[2022-09-25 21:07:08,814] {logging_mixin.py:115} INFO - [2022-09-25 21:07:08,814] {dagbag.py:507} INFO - Filling up the DagBag from /home/airflow/.local/lib/python3.7/site-packages/airflow/example_dags/example_latest_only.py
[2022-09-25 21:07:08,819] {processor.py:651} INFO - DAG(s) dict_keys(['latest_only']) retrieved from /home/airflow/.local/lib/python3.7/site-packages/airflow/example_dags/example_latest_only.py
[2022-09-25 21:07:08,843] {logging_mixin.py:115} INFO - [2022-09-25 21:07:08,843] {dag.py:2371} INFO - Sync 1 DAGs
[2022-09-25 21:07:08,864] {logging_mixin.py:115} INFO - [2022-09-25 21:07:08,864] {dag.py:2919} INFO - Setting next_dagrun for latest_only to 2022-09-25T17:07:08.864538+00:00, run_after=2022-09-25T21:07:08.864538+00:00
[2022-09-25 21:07:08,874] {processor.py:161} INFO - Processing /home/airflow/.local/lib/python3.7/site-packages/airflow/example_dags/example_latest_only.py took 0.064 seconds
[2022-09-25 21:07:39,667] {processor.py:153} INFO - Started process (PID=1218) to work on /home/airflow/.local/lib/python3.7/site-packages/airflow/example_dags/example_latest_only.py
[2022-09-25 21:07:39,668] {processor.py:641} INFO - Processing file /home/airflow/.local/lib/python3.7/site-packages/airflow/example_dags/example_latest_only.py for tasks to queue
[2022-09-25 21:07:39,669] {logging_mixin.py:115} INFO - [2022-09-25 21:07:39,669] {dagbag.py:507} INFO - Filling up the DagBag from /home/airflow/.local/lib/python3.7/site-packages/airflow/example_dags/example_latest_only.py
[2022-09-25 21:07:39,672] {processor.py:651} INFO - DAG(s) dict_keys(['latest_only']) retrieved from /home/airflow/.local/lib/python3.7/site-packages/airflow/example_dags/example_latest_only.py
[2022-09-25 21:07:39,691] {logging_mixin.py:115} INFO - [2022-09-25 21:07:39,691] {dag.py:2371} INFO - Sync 1 DAGs
[2022-09-25 21:07:39,706] {logging_mixin.py:115} INFO - [2022-09-25 21:07:39,706] {dag.py:2919} INFO - Setting next_dagrun for latest_only to 2022-09-25T17:07:39.706261+00:00, run_after=2022-09-25T21:07:39.706261+00:00
[2022-09-25 21:07:39,713] {processor.py:161} INFO - Processing /home/airflow/.local/lib/python3.7/site-packages/airflow/example_dags/example_latest_only.py took 0.049 seconds
[2022-09-25 21:08:10,771] {processor.py:153} INFO - Started process (PID=1281) to work on /home/airflow/.local/lib/python3.7/site-packages/airflow/example_dags/example_latest_only.py
[2022-09-25 21:08:10,774] {processor.py:641} INFO - Processing file /home/airflow/.local/lib/python3.7/site-packages/airflow/example_dags/example_latest_only.py for tasks to queue
[2022-09-25 21:08:10,776] {logging_mixin.py:115} INFO - [2022-09-25 21:08:10,775] {dagbag.py:507} INFO - Filling up the DagBag from /home/airflow/.local/lib/python3.7/site-packages/airflow/example_dags/example_latest_only.py
[2022-09-25 21:08:10,781] {processor.py:651} INFO - DAG(s) dict_keys(['latest_only']) retrieved from /home/airflow/.local/lib/python3.7/site-packages/airflow/example_dags/example_latest_only.py
[2022-09-25 21:08:10,807] {logging_mixin.py:115} INFO - [2022-09-25 21:08:10,807] {dag.py:2371} INFO - Sync 1 DAGs
[2022-09-25 21:08:10,826] {logging_mixin.py:115} INFO - [2022-09-25 21:08:10,826] {dag.py:2919} INFO - Setting next_dagrun for latest_only to 2022-09-25T17:08:10.826470+00:00, run_after=2022-09-25T21:08:10.826470+00:00
[2022-09-25 21:08:10,836] {processor.py:161} INFO - Processing /home/airflow/.local/lib/python3.7/site-packages/airflow/example_dags/example_latest_only.py took 0.068 seconds
[2022-09-25 21:08:41,719] {processor.py:153} INFO - Started process (PID=1343) to work on /home/airflow/.local/lib/python3.7/site-packages/airflow/example_dags/example_latest_only.py
[2022-09-25 21:08:41,720] {processor.py:641} INFO - Processing file /home/airflow/.local/lib/python3.7/site-packages/airflow/example_dags/example_latest_only.py for tasks to queue
[2022-09-25 21:08:41,721] {logging_mixin.py:115} INFO - [2022-09-25 21:08:41,721] {dagbag.py:507} INFO - Filling up the DagBag from /home/airflow/.local/lib/python3.7/site-packages/airflow/example_dags/example_latest_only.py
[2022-09-25 21:08:41,725] {processor.py:651} INFO - DAG(s) dict_keys(['latest_only']) retrieved from /home/airflow/.local/lib/python3.7/site-packages/airflow/example_dags/example_latest_only.py
[2022-09-25 21:08:41,744] {logging_mixin.py:115} INFO - [2022-09-25 21:08:41,744] {dag.py:2371} INFO - Sync 1 DAGs
[2022-09-25 21:08:41,758] {logging_mixin.py:115} INFO - [2022-09-25 21:08:41,758] {dag.py:2919} INFO - Setting next_dagrun for latest_only to 2022-09-25T17:08:41.758096+00:00, run_after=2022-09-25T21:08:41.758096+00:00
[2022-09-25 21:08:41,766] {processor.py:161} INFO - Processing /home/airflow/.local/lib/python3.7/site-packages/airflow/example_dags/example_latest_only.py took 0.049 seconds
[2022-09-25 21:09:12,783] {processor.py:153} INFO - Started process (PID=1406) to work on /home/airflow/.local/lib/python3.7/site-packages/airflow/example_dags/example_latest_only.py
[2022-09-25 21:09:12,784] {processor.py:641} INFO - Processing file /home/airflow/.local/lib/python3.7/site-packages/airflow/example_dags/example_latest_only.py for tasks to queue
[2022-09-25 21:09:12,785] {logging_mixin.py:115} INFO - [2022-09-25 21:09:12,785] {dagbag.py:507} INFO - Filling up the DagBag from /home/airflow/.local/lib/python3.7/site-packages/airflow/example_dags/example_latest_only.py
[2022-09-25 21:09:12,789] {processor.py:651} INFO - DAG(s) dict_keys(['latest_only']) retrieved from /home/airflow/.local/lib/python3.7/site-packages/airflow/example_dags/example_latest_only.py
[2022-09-25 21:09:12,809] {logging_mixin.py:115} INFO - [2022-09-25 21:09:12,809] {dag.py:2371} INFO - Sync 1 DAGs
[2022-09-25 21:09:12,825] {logging_mixin.py:115} INFO - [2022-09-25 21:09:12,825] {dag.py:2919} INFO - Setting next_dagrun for latest_only to 2022-09-25T17:09:12.825519+00:00, run_after=2022-09-25T21:09:12.825519+00:00
[2022-09-25 21:09:12,833] {processor.py:161} INFO - Processing /home/airflow/.local/lib/python3.7/site-packages/airflow/example_dags/example_latest_only.py took 0.052 seconds
[2022-09-25 21:09:43,778] {processor.py:153} INFO - Started process (PID=1468) to work on /home/airflow/.local/lib/python3.7/site-packages/airflow/example_dags/example_latest_only.py
[2022-09-25 21:09:43,780] {processor.py:641} INFO - Processing file /home/airflow/.local/lib/python3.7/site-packages/airflow/example_dags/example_latest_only.py for tasks to queue
[2022-09-25 21:09:43,781] {logging_mixin.py:115} INFO - [2022-09-25 21:09:43,781] {dagbag.py:507} INFO - Filling up the DagBag from /home/airflow/.local/lib/python3.7/site-packages/airflow/example_dags/example_latest_only.py
[2022-09-25 21:09:43,787] {processor.py:651} INFO - DAG(s) dict_keys(['latest_only']) retrieved from /home/airflow/.local/lib/python3.7/site-packages/airflow/example_dags/example_latest_only.py
[2022-09-25 21:09:43,806] {logging_mixin.py:115} INFO - [2022-09-25 21:09:43,806] {dag.py:2371} INFO - Sync 1 DAGs
[2022-09-25 21:09:43,822] {logging_mixin.py:115} INFO - [2022-09-25 21:09:43,822] {dag.py:2919} INFO - Setting next_dagrun for latest_only to 2022-09-25T17:09:43.822403+00:00, run_after=2022-09-25T21:09:43.822403+00:00
[2022-09-25 21:09:43,829] {processor.py:161} INFO - Processing /home/airflow/.local/lib/python3.7/site-packages/airflow/example_dags/example_latest_only.py took 0.054 seconds
[2022-09-25 21:10:14,666] {processor.py:153} INFO - Started process (PID=1532) to work on /home/airflow/.local/lib/python3.7/site-packages/airflow/example_dags/example_latest_only.py
[2022-09-25 21:10:14,667] {processor.py:641} INFO - Processing file /home/airflow/.local/lib/python3.7/site-packages/airflow/example_dags/example_latest_only.py for tasks to queue
[2022-09-25 21:10:14,668] {logging_mixin.py:115} INFO - [2022-09-25 21:10:14,668] {dagbag.py:507} INFO - Filling up the DagBag from /home/airflow/.local/lib/python3.7/site-packages/airflow/example_dags/example_latest_only.py
[2022-09-25 21:10:14,672] {processor.py:651} INFO - DAG(s) dict_keys(['latest_only']) retrieved from /home/airflow/.local/lib/python3.7/site-packages/airflow/example_dags/example_latest_only.py
[2022-09-25 21:10:14,691] {logging_mixin.py:115} INFO - [2022-09-25 21:10:14,691] {dag.py:2371} INFO - Sync 1 DAGs
[2022-09-25 21:10:14,705] {logging_mixin.py:115} INFO - [2022-09-25 21:10:14,705] {dag.py:2919} INFO - Setting next_dagrun for latest_only to 2022-09-25T17:10:14.704933+00:00, run_after=2022-09-25T21:10:14.704933+00:00
[2022-09-25 21:10:14,712] {processor.py:161} INFO - Processing /home/airflow/.local/lib/python3.7/site-packages/airflow/example_dags/example_latest_only.py took 0.048 seconds
[2022-09-25 21:10:45,615] {processor.py:153} INFO - Started process (PID=1592) to work on /home/airflow/.local/lib/python3.7/site-packages/airflow/example_dags/example_latest_only.py
[2022-09-25 21:10:45,617] {processor.py:641} INFO - Processing file /home/airflow/.local/lib/python3.7/site-packages/airflow/example_dags/example_latest_only.py for tasks to queue
[2022-09-25 21:10:45,619] {logging_mixin.py:115} INFO - [2022-09-25 21:10:45,619] {dagbag.py:507} INFO - Filling up the DagBag from /home/airflow/.local/lib/python3.7/site-packages/airflow/example_dags/example_latest_only.py
[2022-09-25 21:10:45,628] {processor.py:651} INFO - DAG(s) dict_keys(['latest_only']) retrieved from /home/airflow/.local/lib/python3.7/site-packages/airflow/example_dags/example_latest_only.py
[2022-09-25 21:10:45,649] {logging_mixin.py:115} INFO - [2022-09-25 21:10:45,649] {dag.py:2371} INFO - Sync 1 DAGs
[2022-09-25 21:10:45,666] {logging_mixin.py:115} INFO - [2022-09-25 21:10:45,666] {dag.py:2919} INFO - Setting next_dagrun for latest_only to 2022-09-25T17:10:45.666553+00:00, run_after=2022-09-25T21:10:45.666553+00:00
[2022-09-25 21:10:45,676] {processor.py:161} INFO - Processing /home/airflow/.local/lib/python3.7/site-packages/airflow/example_dags/example_latest_only.py took 0.064 seconds
[2022-09-25 21:11:16,589] {processor.py:153} INFO - Started process (PID=1648) to work on /home/airflow/.local/lib/python3.7/site-packages/airflow/example_dags/example_latest_only.py
[2022-09-25 21:11:16,591] {processor.py:641} INFO - Processing file /home/airflow/.local/lib/python3.7/site-packages/airflow/example_dags/example_latest_only.py for tasks to queue
[2022-09-25 21:11:16,592] {logging_mixin.py:115} INFO - [2022-09-25 21:11:16,592] {dagbag.py:507} INFO - Filling up the DagBag from /home/airflow/.local/lib/python3.7/site-packages/airflow/example_dags/example_latest_only.py
[2022-09-25 21:11:16,596] {processor.py:651} INFO - DAG(s) dict_keys(['latest_only']) retrieved from /home/airflow/.local/lib/python3.7/site-packages/airflow/example_dags/example_latest_only.py
[2022-09-25 21:11:16,614] {logging_mixin.py:115} INFO - [2022-09-25 21:11:16,614] {dag.py:2371} INFO - Sync 1 DAGs
[2022-09-25 21:11:16,628] {logging_mixin.py:115} INFO - [2022-09-25 21:11:16,628] {dag.py:2919} INFO - Setting next_dagrun for latest_only to 2022-09-25T17:11:16.628747+00:00, run_after=2022-09-25T21:11:16.628747+00:00
[2022-09-25 21:11:16,635] {processor.py:161} INFO - Processing /home/airflow/.local/lib/python3.7/site-packages/airflow/example_dags/example_latest_only.py took 0.048 seconds
[2022-09-25 21:11:47,501] {processor.py:153} INFO - Started process (PID=1710) to work on /home/airflow/.local/lib/python3.7/site-packages/airflow/example_dags/example_latest_only.py
[2022-09-25 21:11:47,502] {processor.py:641} INFO - Processing file /home/airflow/.local/lib/python3.7/site-packages/airflow/example_dags/example_latest_only.py for tasks to queue
[2022-09-25 21:11:47,503] {logging_mixin.py:115} INFO - [2022-09-25 21:11:47,503] {dagbag.py:507} INFO - Filling up the DagBag from /home/airflow/.local/lib/python3.7/site-packages/airflow/example_dags/example_latest_only.py
[2022-09-25 21:11:47,507] {processor.py:651} INFO - DAG(s) dict_keys(['latest_only']) retrieved from /home/airflow/.local/lib/python3.7/site-packages/airflow/example_dags/example_latest_only.py
[2022-09-25 21:11:47,525] {logging_mixin.py:115} INFO - [2022-09-25 21:11:47,525] {dag.py:2371} INFO - Sync 1 DAGs
[2022-09-25 21:11:47,540] {logging_mixin.py:115} INFO - [2022-09-25 21:11:47,540] {dag.py:2919} INFO - Setting next_dagrun for latest_only to 2022-09-25T17:11:47.540500+00:00, run_after=2022-09-25T21:11:47.540500+00:00
[2022-09-25 21:11:47,547] {processor.py:161} INFO - Processing /home/airflow/.local/lib/python3.7/site-packages/airflow/example_dags/example_latest_only.py took 0.048 seconds
[2022-09-25 21:12:17,700] {processor.py:153} INFO - Started process (PID=1774) to work on /home/airflow/.local/lib/python3.7/site-packages/airflow/example_dags/example_latest_only.py
[2022-09-25 21:12:17,702] {processor.py:641} INFO - Processing file /home/airflow/.local/lib/python3.7/site-packages/airflow/example_dags/example_latest_only.py for tasks to queue
[2022-09-25 21:12:17,703] {logging_mixin.py:115} INFO - [2022-09-25 21:12:17,703] {dagbag.py:507} INFO - Filling up the DagBag from /home/airflow/.local/lib/python3.7/site-packages/airflow/example_dags/example_latest_only.py
[2022-09-25 21:12:17,707] {processor.py:651} INFO - DAG(s) dict_keys(['latest_only']) retrieved from /home/airflow/.local/lib/python3.7/site-packages/airflow/example_dags/example_latest_only.py
[2022-09-25 21:12:17,726] {logging_mixin.py:115} INFO - [2022-09-25 21:12:17,726] {dag.py:2371} INFO - Sync 1 DAGs
[2022-09-25 21:12:17,741] {logging_mixin.py:115} INFO - [2022-09-25 21:12:17,741] {dag.py:2919} INFO - Setting next_dagrun for latest_only to 2022-09-25T17:12:17.740914+00:00, run_after=2022-09-25T21:12:17.740914+00:00
[2022-09-25 21:12:17,747] {processor.py:161} INFO - Processing /home/airflow/.local/lib/python3.7/site-packages/airflow/example_dags/example_latest_only.py took 0.049 seconds
[2022-09-25 21:12:48,377] {processor.py:153} INFO - Started process (PID=1838) to work on /home/airflow/.local/lib/python3.7/site-packages/airflow/example_dags/example_latest_only.py
[2022-09-25 21:12:48,378] {processor.py:641} INFO - Processing file /home/airflow/.local/lib/python3.7/site-packages/airflow/example_dags/example_latest_only.py for tasks to queue
[2022-09-25 21:12:48,380] {logging_mixin.py:115} INFO - [2022-09-25 21:12:48,380] {dagbag.py:507} INFO - Filling up the DagBag from /home/airflow/.local/lib/python3.7/site-packages/airflow/example_dags/example_latest_only.py
[2022-09-25 21:12:48,384] {processor.py:651} INFO - DAG(s) dict_keys(['latest_only']) retrieved from /home/airflow/.local/lib/python3.7/site-packages/airflow/example_dags/example_latest_only.py
[2022-09-25 21:12:48,402] {logging_mixin.py:115} INFO - [2022-09-25 21:12:48,402] {dag.py:2371} INFO - Sync 1 DAGs
[2022-09-25 21:12:48,416] {logging_mixin.py:115} INFO - [2022-09-25 21:12:48,416] {dag.py:2919} INFO - Setting next_dagrun for latest_only to 2022-09-25T17:12:48.416531+00:00, run_after=2022-09-25T21:12:48.416531+00:00
[2022-09-25 21:12:48,423] {processor.py:161} INFO - Processing /home/airflow/.local/lib/python3.7/site-packages/airflow/example_dags/example_latest_only.py took 0.048 seconds
[2022-09-25 21:13:19,126] {processor.py:153} INFO - Started process (PID=1892) to work on /home/airflow/.local/lib/python3.7/site-packages/airflow/example_dags/example_latest_only.py
[2022-09-25 21:13:19,127] {processor.py:641} INFO - Processing file /home/airflow/.local/lib/python3.7/site-packages/airflow/example_dags/example_latest_only.py for tasks to queue
[2022-09-25 21:13:19,128] {logging_mixin.py:115} INFO - [2022-09-25 21:13:19,128] {dagbag.py:507} INFO - Filling up the DagBag from /home/airflow/.local/lib/python3.7/site-packages/airflow/example_dags/example_latest_only.py
[2022-09-25 21:13:19,132] {processor.py:651} INFO - DAG(s) dict_keys(['latest_only']) retrieved from /home/airflow/.local/lib/python3.7/site-packages/airflow/example_dags/example_latest_only.py
[2022-09-25 21:13:19,150] {logging_mixin.py:115} INFO - [2022-09-25 21:13:19,150] {dag.py:2371} INFO - Sync 1 DAGs
[2022-09-25 21:13:19,162] {logging_mixin.py:115} INFO - [2022-09-25 21:13:19,162] {dag.py:2919} INFO - Setting next_dagrun for latest_only to 2022-09-25T17:13:19.162572+00:00, run_after=2022-09-25T21:13:19.162572+00:00
[2022-09-25 21:13:19,170] {processor.py:161} INFO - Processing /home/airflow/.local/lib/python3.7/site-packages/airflow/example_dags/example_latest_only.py took 0.046 seconds
