[2022-09-25 20:57:49,552] {processor.py:153} INFO - Started process (PID=36) to work on /home/airflow/.local/lib/python3.7/site-packages/airflow/example_dags/example_trigger_controller_dag.py
[2022-09-25 20:57:49,554] {processor.py:641} INFO - Processing file /home/airflow/.local/lib/python3.7/site-packages/airflow/example_dags/example_trigger_controller_dag.py for tasks to queue
[2022-09-25 20:57:49,556] {logging_mixin.py:115} INFO - [2022-09-25 20:57:49,555] {dagbag.py:507} INFO - Filling up the DagBag from /home/airflow/.local/lib/python3.7/site-packages/airflow/example_dags/example_trigger_controller_dag.py
[2022-09-25 20:57:49,562] {processor.py:651} INFO - DAG(s) dict_keys(['example_trigger_controller_dag']) retrieved from /home/airflow/.local/lib/python3.7/site-packages/airflow/example_dags/example_trigger_controller_dag.py
[2022-09-25 20:57:49,883] {logging_mixin.py:115} INFO - [2022-09-25 20:57:49,883] {manager.py:508} INFO - Created Permission View: can edit on DAG:example_trigger_controller_dag
[2022-09-25 20:57:49,893] {logging_mixin.py:115} INFO - [2022-09-25 20:57:49,893] {manager.py:508} INFO - Created Permission View: can read on DAG:example_trigger_controller_dag
[2022-09-25 20:57:49,908] {logging_mixin.py:115} INFO - [2022-09-25 20:57:49,908] {manager.py:508} INFO - Created Permission View: can delete on DAG:example_trigger_controller_dag
[2022-09-25 20:57:49,910] {logging_mixin.py:115} INFO - [2022-09-25 20:57:49,910] {dag.py:2371} INFO - Sync 1 DAGs
[2022-09-25 20:57:49,922] {logging_mixin.py:115} INFO - [2022-09-25 20:57:49,922] {dag.py:2390} INFO - Creating ORM DAG for example_trigger_controller_dag
[2022-09-25 20:57:49,947] {logging_mixin.py:115} INFO - [2022-09-25 20:57:49,947] {dag.py:2919} INFO - Setting next_dagrun for example_trigger_controller_dag to 2021-01-01T00:00:00+00:00, run_after=2021-01-01T00:00:00+00:00
[2022-09-25 20:57:49,968] {processor.py:161} INFO - Processing /home/airflow/.local/lib/python3.7/site-packages/airflow/example_dags/example_trigger_controller_dag.py took 0.419 seconds
[2022-09-25 20:58:20,560] {processor.py:153} INFO - Started process (PID=99) to work on /home/airflow/.local/lib/python3.7/site-packages/airflow/example_dags/example_trigger_controller_dag.py
[2022-09-25 20:58:20,561] {processor.py:641} INFO - Processing file /home/airflow/.local/lib/python3.7/site-packages/airflow/example_dags/example_trigger_controller_dag.py for tasks to queue
[2022-09-25 20:58:20,566] {logging_mixin.py:115} INFO - [2022-09-25 20:58:20,566] {dagbag.py:507} INFO - Filling up the DagBag from /home/airflow/.local/lib/python3.7/site-packages/airflow/example_dags/example_trigger_controller_dag.py
[2022-09-25 20:58:20,571] {processor.py:651} INFO - DAG(s) dict_keys(['example_trigger_controller_dag']) retrieved from /home/airflow/.local/lib/python3.7/site-packages/airflow/example_dags/example_trigger_controller_dag.py
[2022-09-25 20:58:20,606] {logging_mixin.py:115} INFO - [2022-09-25 20:58:20,606] {dag.py:2371} INFO - Sync 1 DAGs
[2022-09-25 20:58:20,629] {logging_mixin.py:115} INFO - [2022-09-25 20:58:20,629] {dag.py:2919} INFO - Setting next_dagrun for example_trigger_controller_dag to 2021-01-01T00:00:00+00:00, run_after=2021-01-01T00:00:00+00:00
[2022-09-25 20:58:20,638] {processor.py:161} INFO - Processing /home/airflow/.local/lib/python3.7/site-packages/airflow/example_dags/example_trigger_controller_dag.py took 0.081 seconds
[2022-09-25 20:58:51,039] {processor.py:153} INFO - Started process (PID=162) to work on /home/airflow/.local/lib/python3.7/site-packages/airflow/example_dags/example_trigger_controller_dag.py
[2022-09-25 20:58:51,040] {processor.py:641} INFO - Processing file /home/airflow/.local/lib/python3.7/site-packages/airflow/example_dags/example_trigger_controller_dag.py for tasks to queue
[2022-09-25 20:58:51,043] {logging_mixin.py:115} INFO - [2022-09-25 20:58:51,043] {dagbag.py:507} INFO - Filling up the DagBag from /home/airflow/.local/lib/python3.7/site-packages/airflow/example_dags/example_trigger_controller_dag.py
[2022-09-25 20:58:51,054] {processor.py:651} INFO - DAG(s) dict_keys(['example_trigger_controller_dag']) retrieved from /home/airflow/.local/lib/python3.7/site-packages/airflow/example_dags/example_trigger_controller_dag.py
[2022-09-25 20:58:51,107] {logging_mixin.py:115} INFO - [2022-09-25 20:58:51,107] {dag.py:2371} INFO - Sync 1 DAGs
[2022-09-25 20:58:51,134] {logging_mixin.py:115} INFO - [2022-09-25 20:58:51,134] {dag.py:2919} INFO - Setting next_dagrun for example_trigger_controller_dag to 2021-01-01T00:00:00+00:00, run_after=2021-01-01T00:00:00+00:00
[2022-09-25 20:58:51,147] {processor.py:161} INFO - Processing /home/airflow/.local/lib/python3.7/site-packages/airflow/example_dags/example_trigger_controller_dag.py took 0.111 seconds
[2022-09-25 20:59:21,938] {processor.py:153} INFO - Started process (PID=216) to work on /home/airflow/.local/lib/python3.7/site-packages/airflow/example_dags/example_trigger_controller_dag.py
[2022-09-25 20:59:21,941] {processor.py:641} INFO - Processing file /home/airflow/.local/lib/python3.7/site-packages/airflow/example_dags/example_trigger_controller_dag.py for tasks to queue
[2022-09-25 20:59:21,942] {logging_mixin.py:115} INFO - [2022-09-25 20:59:21,942] {dagbag.py:507} INFO - Filling up the DagBag from /home/airflow/.local/lib/python3.7/site-packages/airflow/example_dags/example_trigger_controller_dag.py
[2022-09-25 20:59:21,946] {processor.py:651} INFO - DAG(s) dict_keys(['example_trigger_controller_dag']) retrieved from /home/airflow/.local/lib/python3.7/site-packages/airflow/example_dags/example_trigger_controller_dag.py
[2022-09-25 20:59:21,988] {logging_mixin.py:115} INFO - [2022-09-25 20:59:21,988] {dag.py:2371} INFO - Sync 1 DAGs
[2022-09-25 20:59:22,012] {logging_mixin.py:115} INFO - [2022-09-25 20:59:22,012] {dag.py:2919} INFO - Setting next_dagrun for example_trigger_controller_dag to 2021-01-01T00:00:00+00:00, run_after=2021-01-01T00:00:00+00:00
[2022-09-25 20:59:22,023] {processor.py:161} INFO - Processing /home/airflow/.local/lib/python3.7/site-packages/airflow/example_dags/example_trigger_controller_dag.py took 0.087 seconds
[2022-09-25 20:59:52,461] {processor.py:153} INFO - Started process (PID=280) to work on /home/airflow/.local/lib/python3.7/site-packages/airflow/example_dags/example_trigger_controller_dag.py
[2022-09-25 20:59:52,464] {processor.py:641} INFO - Processing file /home/airflow/.local/lib/python3.7/site-packages/airflow/example_dags/example_trigger_controller_dag.py for tasks to queue
[2022-09-25 20:59:52,466] {logging_mixin.py:115} INFO - [2022-09-25 20:59:52,466] {dagbag.py:507} INFO - Filling up the DagBag from /home/airflow/.local/lib/python3.7/site-packages/airflow/example_dags/example_trigger_controller_dag.py
[2022-09-25 20:59:52,472] {processor.py:651} INFO - DAG(s) dict_keys(['example_trigger_controller_dag']) retrieved from /home/airflow/.local/lib/python3.7/site-packages/airflow/example_dags/example_trigger_controller_dag.py
[2022-09-25 20:59:52,511] {logging_mixin.py:115} INFO - [2022-09-25 20:59:52,511] {dag.py:2371} INFO - Sync 1 DAGs
[2022-09-25 20:59:52,537] {logging_mixin.py:115} INFO - [2022-09-25 20:59:52,537] {dag.py:2919} INFO - Setting next_dagrun for example_trigger_controller_dag to 2021-01-01T00:00:00+00:00, run_after=2021-01-01T00:00:00+00:00
[2022-09-25 20:59:52,549] {processor.py:161} INFO - Processing /home/airflow/.local/lib/python3.7/site-packages/airflow/example_dags/example_trigger_controller_dag.py took 0.092 seconds
[2022-09-25 21:00:22,682] {processor.py:153} INFO - Started process (PID=343) to work on /home/airflow/.local/lib/python3.7/site-packages/airflow/example_dags/example_trigger_controller_dag.py
[2022-09-25 21:00:22,683] {processor.py:641} INFO - Processing file /home/airflow/.local/lib/python3.7/site-packages/airflow/example_dags/example_trigger_controller_dag.py for tasks to queue
[2022-09-25 21:00:22,684] {logging_mixin.py:115} INFO - [2022-09-25 21:00:22,684] {dagbag.py:507} INFO - Filling up the DagBag from /home/airflow/.local/lib/python3.7/site-packages/airflow/example_dags/example_trigger_controller_dag.py
[2022-09-25 21:00:22,688] {processor.py:651} INFO - DAG(s) dict_keys(['example_trigger_controller_dag']) retrieved from /home/airflow/.local/lib/python3.7/site-packages/airflow/example_dags/example_trigger_controller_dag.py
[2022-09-25 21:00:22,748] {logging_mixin.py:115} INFO - [2022-09-25 21:00:22,748] {dag.py:2371} INFO - Sync 1 DAGs
[2022-09-25 21:00:22,770] {logging_mixin.py:115} INFO - [2022-09-25 21:00:22,770] {dag.py:2919} INFO - Setting next_dagrun for example_trigger_controller_dag to 2021-01-01T00:00:00+00:00, run_after=2021-01-01T00:00:00+00:00
[2022-09-25 21:00:22,781] {processor.py:161} INFO - Processing /home/airflow/.local/lib/python3.7/site-packages/airflow/example_dags/example_trigger_controller_dag.py took 0.104 seconds
[2022-09-25 21:00:52,817] {processor.py:153} INFO - Started process (PID=405) to work on /home/airflow/.local/lib/python3.7/site-packages/airflow/example_dags/example_trigger_controller_dag.py
[2022-09-25 21:00:52,819] {processor.py:641} INFO - Processing file /home/airflow/.local/lib/python3.7/site-packages/airflow/example_dags/example_trigger_controller_dag.py for tasks to queue
[2022-09-25 21:00:52,820] {logging_mixin.py:115} INFO - [2022-09-25 21:00:52,820] {dagbag.py:507} INFO - Filling up the DagBag from /home/airflow/.local/lib/python3.7/site-packages/airflow/example_dags/example_trigger_controller_dag.py
[2022-09-25 21:00:52,824] {processor.py:651} INFO - DAG(s) dict_keys(['example_trigger_controller_dag']) retrieved from /home/airflow/.local/lib/python3.7/site-packages/airflow/example_dags/example_trigger_controller_dag.py
[2022-09-25 21:00:52,846] {logging_mixin.py:115} INFO - [2022-09-25 21:00:52,846] {dag.py:2371} INFO - Sync 1 DAGs
[2022-09-25 21:00:52,865] {logging_mixin.py:115} INFO - [2022-09-25 21:00:52,865] {dag.py:2919} INFO - Setting next_dagrun for example_trigger_controller_dag to 2021-01-01T00:00:00+00:00, run_after=2021-01-01T00:00:00+00:00
[2022-09-25 21:00:52,874] {processor.py:161} INFO - Processing /home/airflow/.local/lib/python3.7/site-packages/airflow/example_dags/example_trigger_controller_dag.py took 0.062 seconds
[2022-09-25 21:01:23,400] {processor.py:153} INFO - Started process (PID=468) to work on /home/airflow/.local/lib/python3.7/site-packages/airflow/example_dags/example_trigger_controller_dag.py
[2022-09-25 21:01:23,401] {processor.py:641} INFO - Processing file /home/airflow/.local/lib/python3.7/site-packages/airflow/example_dags/example_trigger_controller_dag.py for tasks to queue
[2022-09-25 21:01:23,403] {logging_mixin.py:115} INFO - [2022-09-25 21:01:23,403] {dagbag.py:507} INFO - Filling up the DagBag from /home/airflow/.local/lib/python3.7/site-packages/airflow/example_dags/example_trigger_controller_dag.py
[2022-09-25 21:01:23,409] {processor.py:651} INFO - DAG(s) dict_keys(['example_trigger_controller_dag']) retrieved from /home/airflow/.local/lib/python3.7/site-packages/airflow/example_dags/example_trigger_controller_dag.py
[2022-09-25 21:01:23,455] {logging_mixin.py:115} INFO - [2022-09-25 21:01:23,455] {dag.py:2371} INFO - Sync 1 DAGs
[2022-09-25 21:01:23,490] {logging_mixin.py:115} INFO - [2022-09-25 21:01:23,490] {dag.py:2919} INFO - Setting next_dagrun for example_trigger_controller_dag to 2021-01-01T00:00:00+00:00, run_after=2021-01-01T00:00:00+00:00
[2022-09-25 21:01:23,509] {processor.py:161} INFO - Processing /home/airflow/.local/lib/python3.7/site-packages/airflow/example_dags/example_trigger_controller_dag.py took 0.114 seconds
[2022-09-25 21:01:53,808] {processor.py:153} INFO - Started process (PID=521) to work on /home/airflow/.local/lib/python3.7/site-packages/airflow/example_dags/example_trigger_controller_dag.py
[2022-09-25 21:01:53,809] {processor.py:641} INFO - Processing file /home/airflow/.local/lib/python3.7/site-packages/airflow/example_dags/example_trigger_controller_dag.py for tasks to queue
[2022-09-25 21:01:53,813] {logging_mixin.py:115} INFO - [2022-09-25 21:01:53,813] {dagbag.py:507} INFO - Filling up the DagBag from /home/airflow/.local/lib/python3.7/site-packages/airflow/example_dags/example_trigger_controller_dag.py
[2022-09-25 21:01:53,819] {processor.py:651} INFO - DAG(s) dict_keys(['example_trigger_controller_dag']) retrieved from /home/airflow/.local/lib/python3.7/site-packages/airflow/example_dags/example_trigger_controller_dag.py
[2022-09-25 21:01:53,859] {logging_mixin.py:115} INFO - [2022-09-25 21:01:53,858] {dag.py:2371} INFO - Sync 1 DAGs
[2022-09-25 21:01:53,885] {logging_mixin.py:115} INFO - [2022-09-25 21:01:53,885] {dag.py:2919} INFO - Setting next_dagrun for example_trigger_controller_dag to 2021-01-01T00:00:00+00:00, run_after=2021-01-01T00:00:00+00:00
[2022-09-25 21:01:53,896] {processor.py:161} INFO - Processing /home/airflow/.local/lib/python3.7/site-packages/airflow/example_dags/example_trigger_controller_dag.py took 0.091 seconds
[2022-09-25 21:02:24,096] {processor.py:153} INFO - Started process (PID=585) to work on /home/airflow/.local/lib/python3.7/site-packages/airflow/example_dags/example_trigger_controller_dag.py
[2022-09-25 21:02:24,098] {processor.py:641} INFO - Processing file /home/airflow/.local/lib/python3.7/site-packages/airflow/example_dags/example_trigger_controller_dag.py for tasks to queue
[2022-09-25 21:02:24,100] {logging_mixin.py:115} INFO - [2022-09-25 21:02:24,099] {dagbag.py:507} INFO - Filling up the DagBag from /home/airflow/.local/lib/python3.7/site-packages/airflow/example_dags/example_trigger_controller_dag.py
[2022-09-25 21:02:24,111] {processor.py:651} INFO - DAG(s) dict_keys(['example_trigger_controller_dag']) retrieved from /home/airflow/.local/lib/python3.7/site-packages/airflow/example_dags/example_trigger_controller_dag.py
[2022-09-25 21:02:24,151] {logging_mixin.py:115} INFO - [2022-09-25 21:02:24,151] {dag.py:2371} INFO - Sync 1 DAGs
[2022-09-25 21:02:24,171] {logging_mixin.py:115} INFO - [2022-09-25 21:02:24,171] {dag.py:2919} INFO - Setting next_dagrun for example_trigger_controller_dag to 2021-01-01T00:00:00+00:00, run_after=2021-01-01T00:00:00+00:00
[2022-09-25 21:02:24,182] {processor.py:161} INFO - Processing /home/airflow/.local/lib/python3.7/site-packages/airflow/example_dags/example_trigger_controller_dag.py took 0.089 seconds
[2022-09-25 21:02:55,080] {processor.py:153} INFO - Started process (PID=650) to work on /home/airflow/.local/lib/python3.7/site-packages/airflow/example_dags/example_trigger_controller_dag.py
[2022-09-25 21:02:55,082] {processor.py:641} INFO - Processing file /home/airflow/.local/lib/python3.7/site-packages/airflow/example_dags/example_trigger_controller_dag.py for tasks to queue
[2022-09-25 21:02:55,084] {logging_mixin.py:115} INFO - [2022-09-25 21:02:55,084] {dagbag.py:507} INFO - Filling up the DagBag from /home/airflow/.local/lib/python3.7/site-packages/airflow/example_dags/example_trigger_controller_dag.py
[2022-09-25 21:02:55,095] {processor.py:651} INFO - DAG(s) dict_keys(['example_trigger_controller_dag']) retrieved from /home/airflow/.local/lib/python3.7/site-packages/airflow/example_dags/example_trigger_controller_dag.py
[2022-09-25 21:02:55,143] {logging_mixin.py:115} INFO - [2022-09-25 21:02:55,143] {dag.py:2371} INFO - Sync 1 DAGs
[2022-09-25 21:02:55,173] {logging_mixin.py:115} INFO - [2022-09-25 21:02:55,173] {dag.py:2919} INFO - Setting next_dagrun for example_trigger_controller_dag to 2021-01-01T00:00:00+00:00, run_after=2021-01-01T00:00:00+00:00
[2022-09-25 21:02:55,184] {processor.py:161} INFO - Processing /home/airflow/.local/lib/python3.7/site-packages/airflow/example_dags/example_trigger_controller_dag.py took 0.107 seconds
[2022-09-25 21:03:25,958] {processor.py:153} INFO - Started process (PID=713) to work on /home/airflow/.local/lib/python3.7/site-packages/airflow/example_dags/example_trigger_controller_dag.py
[2022-09-25 21:03:25,965] {processor.py:641} INFO - Processing file /home/airflow/.local/lib/python3.7/site-packages/airflow/example_dags/example_trigger_controller_dag.py for tasks to queue
[2022-09-25 21:03:25,968] {logging_mixin.py:115} INFO - [2022-09-25 21:03:25,968] {dagbag.py:507} INFO - Filling up the DagBag from /home/airflow/.local/lib/python3.7/site-packages/airflow/example_dags/example_trigger_controller_dag.py
[2022-09-25 21:03:25,977] {processor.py:651} INFO - DAG(s) dict_keys(['example_trigger_controller_dag']) retrieved from /home/airflow/.local/lib/python3.7/site-packages/airflow/example_dags/example_trigger_controller_dag.py
[2022-09-25 21:03:26,030] {logging_mixin.py:115} INFO - [2022-09-25 21:03:26,030] {dag.py:2371} INFO - Sync 1 DAGs
[2022-09-25 21:03:26,057] {logging_mixin.py:115} INFO - [2022-09-25 21:03:26,057] {dag.py:2919} INFO - Setting next_dagrun for example_trigger_controller_dag to 2021-01-01T00:00:00+00:00, run_after=2021-01-01T00:00:00+00:00
[2022-09-25 21:03:26,069] {processor.py:161} INFO - Processing /home/airflow/.local/lib/python3.7/site-packages/airflow/example_dags/example_trigger_controller_dag.py took 0.118 seconds
[2022-09-25 21:03:56,904] {processor.py:153} INFO - Started process (PID=776) to work on /home/airflow/.local/lib/python3.7/site-packages/airflow/example_dags/example_trigger_controller_dag.py
[2022-09-25 21:03:56,907] {processor.py:641} INFO - Processing file /home/airflow/.local/lib/python3.7/site-packages/airflow/example_dags/example_trigger_controller_dag.py for tasks to queue
[2022-09-25 21:03:56,909] {logging_mixin.py:115} INFO - [2022-09-25 21:03:56,909] {dagbag.py:507} INFO - Filling up the DagBag from /home/airflow/.local/lib/python3.7/site-packages/airflow/example_dags/example_trigger_controller_dag.py
[2022-09-25 21:03:56,921] {processor.py:651} INFO - DAG(s) dict_keys(['example_trigger_controller_dag']) retrieved from /home/airflow/.local/lib/python3.7/site-packages/airflow/example_dags/example_trigger_controller_dag.py
[2022-09-25 21:03:56,965] {logging_mixin.py:115} INFO - [2022-09-25 21:03:56,965] {dag.py:2371} INFO - Sync 1 DAGs
[2022-09-25 21:03:56,989] {logging_mixin.py:115} INFO - [2022-09-25 21:03:56,989] {dag.py:2919} INFO - Setting next_dagrun for example_trigger_controller_dag to 2021-01-01T00:00:00+00:00, run_after=2021-01-01T00:00:00+00:00
[2022-09-25 21:03:57,000] {processor.py:161} INFO - Processing /home/airflow/.local/lib/python3.7/site-packages/airflow/example_dags/example_trigger_controller_dag.py took 0.101 seconds
[2022-09-25 21:04:27,770] {processor.py:153} INFO - Started process (PID=839) to work on /home/airflow/.local/lib/python3.7/site-packages/airflow/example_dags/example_trigger_controller_dag.py
[2022-09-25 21:04:27,771] {processor.py:641} INFO - Processing file /home/airflow/.local/lib/python3.7/site-packages/airflow/example_dags/example_trigger_controller_dag.py for tasks to queue
[2022-09-25 21:04:27,773] {logging_mixin.py:115} INFO - [2022-09-25 21:04:27,773] {dagbag.py:507} INFO - Filling up the DagBag from /home/airflow/.local/lib/python3.7/site-packages/airflow/example_dags/example_trigger_controller_dag.py
[2022-09-25 21:04:27,781] {processor.py:651} INFO - DAG(s) dict_keys(['example_trigger_controller_dag']) retrieved from /home/airflow/.local/lib/python3.7/site-packages/airflow/example_dags/example_trigger_controller_dag.py
[2022-09-25 21:04:27,820] {logging_mixin.py:115} INFO - [2022-09-25 21:04:27,820] {dag.py:2371} INFO - Sync 1 DAGs
[2022-09-25 21:04:27,843] {logging_mixin.py:115} INFO - [2022-09-25 21:04:27,843] {dag.py:2919} INFO - Setting next_dagrun for example_trigger_controller_dag to 2021-01-01T00:00:00+00:00, run_after=2021-01-01T00:00:00+00:00
[2022-09-25 21:04:27,858] {processor.py:161} INFO - Processing /home/airflow/.local/lib/python3.7/site-packages/airflow/example_dags/example_trigger_controller_dag.py took 0.093 seconds
[2022-09-25 21:04:58,659] {processor.py:153} INFO - Started process (PID=902) to work on /home/airflow/.local/lib/python3.7/site-packages/airflow/example_dags/example_trigger_controller_dag.py
[2022-09-25 21:04:58,661] {processor.py:641} INFO - Processing file /home/airflow/.local/lib/python3.7/site-packages/airflow/example_dags/example_trigger_controller_dag.py for tasks to queue
[2022-09-25 21:04:58,662] {logging_mixin.py:115} INFO - [2022-09-25 21:04:58,662] {dagbag.py:507} INFO - Filling up the DagBag from /home/airflow/.local/lib/python3.7/site-packages/airflow/example_dags/example_trigger_controller_dag.py
[2022-09-25 21:04:58,669] {processor.py:651} INFO - DAG(s) dict_keys(['example_trigger_controller_dag']) retrieved from /home/airflow/.local/lib/python3.7/site-packages/airflow/example_dags/example_trigger_controller_dag.py
[2022-09-25 21:04:58,707] {logging_mixin.py:115} INFO - [2022-09-25 21:04:58,707] {dag.py:2371} INFO - Sync 1 DAGs
[2022-09-25 21:04:58,728] {logging_mixin.py:115} INFO - [2022-09-25 21:04:58,728] {dag.py:2919} INFO - Setting next_dagrun for example_trigger_controller_dag to 2021-01-01T00:00:00+00:00, run_after=2021-01-01T00:00:00+00:00
[2022-09-25 21:04:58,739] {processor.py:161} INFO - Processing /home/airflow/.local/lib/python3.7/site-packages/airflow/example_dags/example_trigger_controller_dag.py took 0.089 seconds
[2022-09-25 21:05:29,438] {processor.py:153} INFO - Started process (PID=957) to work on /home/airflow/.local/lib/python3.7/site-packages/airflow/example_dags/example_trigger_controller_dag.py
[2022-09-25 21:05:29,441] {processor.py:641} INFO - Processing file /home/airflow/.local/lib/python3.7/site-packages/airflow/example_dags/example_trigger_controller_dag.py for tasks to queue
[2022-09-25 21:05:29,443] {logging_mixin.py:115} INFO - [2022-09-25 21:05:29,443] {dagbag.py:507} INFO - Filling up the DagBag from /home/airflow/.local/lib/python3.7/site-packages/airflow/example_dags/example_trigger_controller_dag.py
[2022-09-25 21:05:29,455] {processor.py:651} INFO - DAG(s) dict_keys(['example_trigger_controller_dag']) retrieved from /home/airflow/.local/lib/python3.7/site-packages/airflow/example_dags/example_trigger_controller_dag.py
[2022-09-25 21:05:29,508] {logging_mixin.py:115} INFO - [2022-09-25 21:05:29,508] {dag.py:2371} INFO - Sync 1 DAGs
[2022-09-25 21:05:29,528] {logging_mixin.py:115} INFO - [2022-09-25 21:05:29,528] {dag.py:2919} INFO - Setting next_dagrun for example_trigger_controller_dag to 2021-01-01T00:00:00+00:00, run_after=2021-01-01T00:00:00+00:00
[2022-09-25 21:05:29,541] {processor.py:161} INFO - Processing /home/airflow/.local/lib/python3.7/site-packages/airflow/example_dags/example_trigger_controller_dag.py took 0.106 seconds
[2022-09-25 21:06:00,429] {processor.py:153} INFO - Started process (PID=1020) to work on /home/airflow/.local/lib/python3.7/site-packages/airflow/example_dags/example_trigger_controller_dag.py
[2022-09-25 21:06:00,431] {processor.py:641} INFO - Processing file /home/airflow/.local/lib/python3.7/site-packages/airflow/example_dags/example_trigger_controller_dag.py for tasks to queue
[2022-09-25 21:06:00,432] {logging_mixin.py:115} INFO - [2022-09-25 21:06:00,432] {dagbag.py:507} INFO - Filling up the DagBag from /home/airflow/.local/lib/python3.7/site-packages/airflow/example_dags/example_trigger_controller_dag.py
[2022-09-25 21:06:00,444] {processor.py:651} INFO - DAG(s) dict_keys(['example_trigger_controller_dag']) retrieved from /home/airflow/.local/lib/python3.7/site-packages/airflow/example_dags/example_trigger_controller_dag.py
[2022-09-25 21:06:00,484] {logging_mixin.py:115} INFO - [2022-09-25 21:06:00,484] {dag.py:2371} INFO - Sync 1 DAGs
[2022-09-25 21:06:00,510] {logging_mixin.py:115} INFO - [2022-09-25 21:06:00,510] {dag.py:2919} INFO - Setting next_dagrun for example_trigger_controller_dag to 2021-01-01T00:00:00+00:00, run_after=2021-01-01T00:00:00+00:00
[2022-09-25 21:06:00,520] {processor.py:161} INFO - Processing /home/airflow/.local/lib/python3.7/site-packages/airflow/example_dags/example_trigger_controller_dag.py took 0.097 seconds
[2022-09-25 21:06:31,325] {processor.py:153} INFO - Started process (PID=1083) to work on /home/airflow/.local/lib/python3.7/site-packages/airflow/example_dags/example_trigger_controller_dag.py
[2022-09-25 21:06:31,327] {processor.py:641} INFO - Processing file /home/airflow/.local/lib/python3.7/site-packages/airflow/example_dags/example_trigger_controller_dag.py for tasks to queue
[2022-09-25 21:06:31,329] {logging_mixin.py:115} INFO - [2022-09-25 21:06:31,329] {dagbag.py:507} INFO - Filling up the DagBag from /home/airflow/.local/lib/python3.7/site-packages/airflow/example_dags/example_trigger_controller_dag.py
[2022-09-25 21:06:31,339] {processor.py:651} INFO - DAG(s) dict_keys(['example_trigger_controller_dag']) retrieved from /home/airflow/.local/lib/python3.7/site-packages/airflow/example_dags/example_trigger_controller_dag.py
[2022-09-25 21:06:31,384] {logging_mixin.py:115} INFO - [2022-09-25 21:06:31,384] {dag.py:2371} INFO - Sync 1 DAGs
[2022-09-25 21:06:31,408] {logging_mixin.py:115} INFO - [2022-09-25 21:06:31,408] {dag.py:2919} INFO - Setting next_dagrun for example_trigger_controller_dag to 2021-01-01T00:00:00+00:00, run_after=2021-01-01T00:00:00+00:00
[2022-09-25 21:06:31,417] {processor.py:161} INFO - Processing /home/airflow/.local/lib/python3.7/site-packages/airflow/example_dags/example_trigger_controller_dag.py took 0.099 seconds
[2022-09-25 21:07:02,108] {processor.py:153} INFO - Started process (PID=1145) to work on /home/airflow/.local/lib/python3.7/site-packages/airflow/example_dags/example_trigger_controller_dag.py
[2022-09-25 21:07:02,110] {processor.py:641} INFO - Processing file /home/airflow/.local/lib/python3.7/site-packages/airflow/example_dags/example_trigger_controller_dag.py for tasks to queue
[2022-09-25 21:07:02,111] {logging_mixin.py:115} INFO - [2022-09-25 21:07:02,111] {dagbag.py:507} INFO - Filling up the DagBag from /home/airflow/.local/lib/python3.7/site-packages/airflow/example_dags/example_trigger_controller_dag.py
[2022-09-25 21:07:02,120] {processor.py:651} INFO - DAG(s) dict_keys(['example_trigger_controller_dag']) retrieved from /home/airflow/.local/lib/python3.7/site-packages/airflow/example_dags/example_trigger_controller_dag.py
[2022-09-25 21:07:02,154] {logging_mixin.py:115} INFO - [2022-09-25 21:07:02,154] {dag.py:2371} INFO - Sync 1 DAGs
[2022-09-25 21:07:02,174] {logging_mixin.py:115} INFO - [2022-09-25 21:07:02,174] {dag.py:2919} INFO - Setting next_dagrun for example_trigger_controller_dag to 2021-01-01T00:00:00+00:00, run_after=2021-01-01T00:00:00+00:00
[2022-09-25 21:07:02,183] {processor.py:161} INFO - Processing /home/airflow/.local/lib/python3.7/site-packages/airflow/example_dags/example_trigger_controller_dag.py took 0.079 seconds
[2022-09-25 21:07:33,083] {processor.py:153} INFO - Started process (PID=1208) to work on /home/airflow/.local/lib/python3.7/site-packages/airflow/example_dags/example_trigger_controller_dag.py
[2022-09-25 21:07:33,085] {processor.py:641} INFO - Processing file /home/airflow/.local/lib/python3.7/site-packages/airflow/example_dags/example_trigger_controller_dag.py for tasks to queue
[2022-09-25 21:07:33,087] {logging_mixin.py:115} INFO - [2022-09-25 21:07:33,087] {dagbag.py:507} INFO - Filling up the DagBag from /home/airflow/.local/lib/python3.7/site-packages/airflow/example_dags/example_trigger_controller_dag.py
[2022-09-25 21:07:33,097] {processor.py:651} INFO - DAG(s) dict_keys(['example_trigger_controller_dag']) retrieved from /home/airflow/.local/lib/python3.7/site-packages/airflow/example_dags/example_trigger_controller_dag.py
[2022-09-25 21:07:33,132] {logging_mixin.py:115} INFO - [2022-09-25 21:07:33,132] {dag.py:2371} INFO - Sync 1 DAGs
[2022-09-25 21:07:33,151] {logging_mixin.py:115} INFO - [2022-09-25 21:07:33,151] {dag.py:2919} INFO - Setting next_dagrun for example_trigger_controller_dag to 2021-01-01T00:00:00+00:00, run_after=2021-01-01T00:00:00+00:00
[2022-09-25 21:07:33,163] {processor.py:161} INFO - Processing /home/airflow/.local/lib/python3.7/site-packages/airflow/example_dags/example_trigger_controller_dag.py took 0.085 seconds
[2022-09-25 21:08:04,004] {processor.py:153} INFO - Started process (PID=1271) to work on /home/airflow/.local/lib/python3.7/site-packages/airflow/example_dags/example_trigger_controller_dag.py
[2022-09-25 21:08:04,006] {processor.py:641} INFO - Processing file /home/airflow/.local/lib/python3.7/site-packages/airflow/example_dags/example_trigger_controller_dag.py for tasks to queue
[2022-09-25 21:08:04,008] {logging_mixin.py:115} INFO - [2022-09-25 21:08:04,008] {dagbag.py:507} INFO - Filling up the DagBag from /home/airflow/.local/lib/python3.7/site-packages/airflow/example_dags/example_trigger_controller_dag.py
[2022-09-25 21:08:04,022] {processor.py:651} INFO - DAG(s) dict_keys(['example_trigger_controller_dag']) retrieved from /home/airflow/.local/lib/python3.7/site-packages/airflow/example_dags/example_trigger_controller_dag.py
[2022-09-25 21:08:04,055] {logging_mixin.py:115} INFO - [2022-09-25 21:08:04,055] {dag.py:2371} INFO - Sync 1 DAGs
[2022-09-25 21:08:04,077] {logging_mixin.py:115} INFO - [2022-09-25 21:08:04,077] {dag.py:2919} INFO - Setting next_dagrun for example_trigger_controller_dag to 2021-01-01T00:00:00+00:00, run_after=2021-01-01T00:00:00+00:00
[2022-09-25 21:08:04,086] {processor.py:161} INFO - Processing /home/airflow/.local/lib/python3.7/site-packages/airflow/example_dags/example_trigger_controller_dag.py took 0.086 seconds
[2022-09-25 21:08:35,075] {processor.py:153} INFO - Started process (PID=1333) to work on /home/airflow/.local/lib/python3.7/site-packages/airflow/example_dags/example_trigger_controller_dag.py
[2022-09-25 21:08:35,079] {processor.py:641} INFO - Processing file /home/airflow/.local/lib/python3.7/site-packages/airflow/example_dags/example_trigger_controller_dag.py for tasks to queue
[2022-09-25 21:08:35,080] {logging_mixin.py:115} INFO - [2022-09-25 21:08:35,080] {dagbag.py:507} INFO - Filling up the DagBag from /home/airflow/.local/lib/python3.7/site-packages/airflow/example_dags/example_trigger_controller_dag.py
[2022-09-25 21:08:35,104] {processor.py:651} INFO - DAG(s) dict_keys(['example_trigger_controller_dag']) retrieved from /home/airflow/.local/lib/python3.7/site-packages/airflow/example_dags/example_trigger_controller_dag.py
[2022-09-25 21:08:35,144] {logging_mixin.py:115} INFO - [2022-09-25 21:08:35,144] {dag.py:2371} INFO - Sync 1 DAGs
[2022-09-25 21:08:35,167] {logging_mixin.py:115} INFO - [2022-09-25 21:08:35,167] {dag.py:2919} INFO - Setting next_dagrun for example_trigger_controller_dag to 2021-01-01T00:00:00+00:00, run_after=2021-01-01T00:00:00+00:00
[2022-09-25 21:08:35,180] {processor.py:161} INFO - Processing /home/airflow/.local/lib/python3.7/site-packages/airflow/example_dags/example_trigger_controller_dag.py took 0.113 seconds
[2022-09-25 21:09:06,071] {processor.py:153} INFO - Started process (PID=1387) to work on /home/airflow/.local/lib/python3.7/site-packages/airflow/example_dags/example_trigger_controller_dag.py
[2022-09-25 21:09:06,074] {processor.py:641} INFO - Processing file /home/airflow/.local/lib/python3.7/site-packages/airflow/example_dags/example_trigger_controller_dag.py for tasks to queue
[2022-09-25 21:09:06,084] {logging_mixin.py:115} INFO - [2022-09-25 21:09:06,084] {dagbag.py:507} INFO - Filling up the DagBag from /home/airflow/.local/lib/python3.7/site-packages/airflow/example_dags/example_trigger_controller_dag.py
[2022-09-25 21:09:06,092] {processor.py:651} INFO - DAG(s) dict_keys(['example_trigger_controller_dag']) retrieved from /home/airflow/.local/lib/python3.7/site-packages/airflow/example_dags/example_trigger_controller_dag.py
[2022-09-25 21:09:06,147] {logging_mixin.py:115} INFO - [2022-09-25 21:09:06,146] {dag.py:2371} INFO - Sync 1 DAGs
[2022-09-25 21:09:06,176] {logging_mixin.py:115} INFO - [2022-09-25 21:09:06,176] {dag.py:2919} INFO - Setting next_dagrun for example_trigger_controller_dag to 2021-01-01T00:00:00+00:00, run_after=2021-01-01T00:00:00+00:00
[2022-09-25 21:09:06,186] {processor.py:161} INFO - Processing /home/airflow/.local/lib/python3.7/site-packages/airflow/example_dags/example_trigger_controller_dag.py took 0.120 seconds
[2022-09-25 21:09:37,116] {processor.py:153} INFO - Started process (PID=1450) to work on /home/airflow/.local/lib/python3.7/site-packages/airflow/example_dags/example_trigger_controller_dag.py
[2022-09-25 21:09:37,119] {processor.py:641} INFO - Processing file /home/airflow/.local/lib/python3.7/site-packages/airflow/example_dags/example_trigger_controller_dag.py for tasks to queue
[2022-09-25 21:09:37,121] {logging_mixin.py:115} INFO - [2022-09-25 21:09:37,121] {dagbag.py:507} INFO - Filling up the DagBag from /home/airflow/.local/lib/python3.7/site-packages/airflow/example_dags/example_trigger_controller_dag.py
[2022-09-25 21:09:37,131] {processor.py:651} INFO - DAG(s) dict_keys(['example_trigger_controller_dag']) retrieved from /home/airflow/.local/lib/python3.7/site-packages/airflow/example_dags/example_trigger_controller_dag.py
[2022-09-25 21:09:37,176] {logging_mixin.py:115} INFO - [2022-09-25 21:09:37,176] {dag.py:2371} INFO - Sync 1 DAGs
[2022-09-25 21:09:37,195] {logging_mixin.py:115} INFO - [2022-09-25 21:09:37,195] {dag.py:2919} INFO - Setting next_dagrun for example_trigger_controller_dag to 2021-01-01T00:00:00+00:00, run_after=2021-01-01T00:00:00+00:00
[2022-09-25 21:09:37,206] {processor.py:161} INFO - Processing /home/airflow/.local/lib/python3.7/site-packages/airflow/example_dags/example_trigger_controller_dag.py took 0.096 seconds
[2022-09-25 21:10:08,098] {processor.py:153} INFO - Started process (PID=1512) to work on /home/airflow/.local/lib/python3.7/site-packages/airflow/example_dags/example_trigger_controller_dag.py
[2022-09-25 21:10:08,099] {processor.py:641} INFO - Processing file /home/airflow/.local/lib/python3.7/site-packages/airflow/example_dags/example_trigger_controller_dag.py for tasks to queue
[2022-09-25 21:10:08,102] {logging_mixin.py:115} INFO - [2022-09-25 21:10:08,101] {dagbag.py:507} INFO - Filling up the DagBag from /home/airflow/.local/lib/python3.7/site-packages/airflow/example_dags/example_trigger_controller_dag.py
[2022-09-25 21:10:08,115] {processor.py:651} INFO - DAG(s) dict_keys(['example_trigger_controller_dag']) retrieved from /home/airflow/.local/lib/python3.7/site-packages/airflow/example_dags/example_trigger_controller_dag.py
[2022-09-25 21:10:08,162] {logging_mixin.py:115} INFO - [2022-09-25 21:10:08,162] {dag.py:2371} INFO - Sync 1 DAGs
[2022-09-25 21:10:08,197] {logging_mixin.py:115} INFO - [2022-09-25 21:10:08,197] {dag.py:2919} INFO - Setting next_dagrun for example_trigger_controller_dag to 2021-01-01T00:00:00+00:00, run_after=2021-01-01T00:00:00+00:00
[2022-09-25 21:10:08,207] {processor.py:161} INFO - Processing /home/airflow/.local/lib/python3.7/site-packages/airflow/example_dags/example_trigger_controller_dag.py took 0.115 seconds
[2022-09-25 21:10:38,968] {processor.py:153} INFO - Started process (PID=1576) to work on /home/airflow/.local/lib/python3.7/site-packages/airflow/example_dags/example_trigger_controller_dag.py
[2022-09-25 21:10:38,972] {processor.py:641} INFO - Processing file /home/airflow/.local/lib/python3.7/site-packages/airflow/example_dags/example_trigger_controller_dag.py for tasks to queue
[2022-09-25 21:10:38,974] {logging_mixin.py:115} INFO - [2022-09-25 21:10:38,974] {dagbag.py:507} INFO - Filling up the DagBag from /home/airflow/.local/lib/python3.7/site-packages/airflow/example_dags/example_trigger_controller_dag.py
[2022-09-25 21:10:38,986] {processor.py:651} INFO - DAG(s) dict_keys(['example_trigger_controller_dag']) retrieved from /home/airflow/.local/lib/python3.7/site-packages/airflow/example_dags/example_trigger_controller_dag.py
[2022-09-25 21:10:39,046] {logging_mixin.py:115} INFO - [2022-09-25 21:10:39,046] {dag.py:2371} INFO - Sync 1 DAGs
[2022-09-25 21:10:39,083] {logging_mixin.py:115} INFO - [2022-09-25 21:10:39,082] {dag.py:2919} INFO - Setting next_dagrun for example_trigger_controller_dag to 2021-01-01T00:00:00+00:00, run_after=2021-01-01T00:00:00+00:00
[2022-09-25 21:10:39,092] {processor.py:161} INFO - Processing /home/airflow/.local/lib/python3.7/site-packages/airflow/example_dags/example_trigger_controller_dag.py took 0.131 seconds
[2022-09-25 21:11:09,950] {processor.py:153} INFO - Started process (PID=1638) to work on /home/airflow/.local/lib/python3.7/site-packages/airflow/example_dags/example_trigger_controller_dag.py
[2022-09-25 21:11:09,953] {processor.py:641} INFO - Processing file /home/airflow/.local/lib/python3.7/site-packages/airflow/example_dags/example_trigger_controller_dag.py for tasks to queue
[2022-09-25 21:11:09,955] {logging_mixin.py:115} INFO - [2022-09-25 21:11:09,955] {dagbag.py:507} INFO - Filling up the DagBag from /home/airflow/.local/lib/python3.7/site-packages/airflow/example_dags/example_trigger_controller_dag.py
[2022-09-25 21:11:09,970] {processor.py:651} INFO - DAG(s) dict_keys(['example_trigger_controller_dag']) retrieved from /home/airflow/.local/lib/python3.7/site-packages/airflow/example_dags/example_trigger_controller_dag.py
[2022-09-25 21:11:10,006] {logging_mixin.py:115} INFO - [2022-09-25 21:11:10,006] {dag.py:2371} INFO - Sync 1 DAGs
[2022-09-25 21:11:10,027] {logging_mixin.py:115} INFO - [2022-09-25 21:11:10,027] {dag.py:2919} INFO - Setting next_dagrun for example_trigger_controller_dag to 2021-01-01T00:00:00+00:00, run_after=2021-01-01T00:00:00+00:00
[2022-09-25 21:11:10,036] {processor.py:161} INFO - Processing /home/airflow/.local/lib/python3.7/site-packages/airflow/example_dags/example_trigger_controller_dag.py took 0.090 seconds
[2022-09-25 21:11:40,877] {processor.py:153} INFO - Started process (PID=1700) to work on /home/airflow/.local/lib/python3.7/site-packages/airflow/example_dags/example_trigger_controller_dag.py
[2022-09-25 21:11:40,880] {processor.py:641} INFO - Processing file /home/airflow/.local/lib/python3.7/site-packages/airflow/example_dags/example_trigger_controller_dag.py for tasks to queue
[2022-09-25 21:11:40,881] {logging_mixin.py:115} INFO - [2022-09-25 21:11:40,881] {dagbag.py:507} INFO - Filling up the DagBag from /home/airflow/.local/lib/python3.7/site-packages/airflow/example_dags/example_trigger_controller_dag.py
[2022-09-25 21:11:40,899] {processor.py:651} INFO - DAG(s) dict_keys(['example_trigger_controller_dag']) retrieved from /home/airflow/.local/lib/python3.7/site-packages/airflow/example_dags/example_trigger_controller_dag.py
[2022-09-25 21:11:40,953] {logging_mixin.py:115} INFO - [2022-09-25 21:11:40,953] {dag.py:2371} INFO - Sync 1 DAGs
[2022-09-25 21:11:40,982] {logging_mixin.py:115} INFO - [2022-09-25 21:11:40,982] {dag.py:2919} INFO - Setting next_dagrun for example_trigger_controller_dag to 2021-01-01T00:00:00+00:00, run_after=2021-01-01T00:00:00+00:00
[2022-09-25 21:11:40,995] {processor.py:161} INFO - Processing /home/airflow/.local/lib/python3.7/site-packages/airflow/example_dags/example_trigger_controller_dag.py took 0.125 seconds
[2022-09-25 21:12:11,039] {processor.py:153} INFO - Started process (PID=1753) to work on /home/airflow/.local/lib/python3.7/site-packages/airflow/example_dags/example_trigger_controller_dag.py
[2022-09-25 21:12:11,041] {processor.py:641} INFO - Processing file /home/airflow/.local/lib/python3.7/site-packages/airflow/example_dags/example_trigger_controller_dag.py for tasks to queue
[2022-09-25 21:12:11,043] {logging_mixin.py:115} INFO - [2022-09-25 21:12:11,042] {dagbag.py:507} INFO - Filling up the DagBag from /home/airflow/.local/lib/python3.7/site-packages/airflow/example_dags/example_trigger_controller_dag.py
[2022-09-25 21:12:11,048] {processor.py:651} INFO - DAG(s) dict_keys(['example_trigger_controller_dag']) retrieved from /home/airflow/.local/lib/python3.7/site-packages/airflow/example_dags/example_trigger_controller_dag.py
[2022-09-25 21:12:11,073] {logging_mixin.py:115} INFO - [2022-09-25 21:12:11,073] {dag.py:2371} INFO - Sync 1 DAGs
[2022-09-25 21:12:11,087] {logging_mixin.py:115} INFO - [2022-09-25 21:12:11,087] {dag.py:2919} INFO - Setting next_dagrun for example_trigger_controller_dag to 2021-01-01T00:00:00+00:00, run_after=2021-01-01T00:00:00+00:00
[2022-09-25 21:12:11,093] {processor.py:161} INFO - Processing /home/airflow/.local/lib/python3.7/site-packages/airflow/example_dags/example_trigger_controller_dag.py took 0.059 seconds
[2022-09-25 21:12:41,849] {processor.py:153} INFO - Started process (PID=1818) to work on /home/airflow/.local/lib/python3.7/site-packages/airflow/example_dags/example_trigger_controller_dag.py
[2022-09-25 21:12:41,852] {processor.py:641} INFO - Processing file /home/airflow/.local/lib/python3.7/site-packages/airflow/example_dags/example_trigger_controller_dag.py for tasks to queue
[2022-09-25 21:12:41,858] {logging_mixin.py:115} INFO - [2022-09-25 21:12:41,858] {dagbag.py:507} INFO - Filling up the DagBag from /home/airflow/.local/lib/python3.7/site-packages/airflow/example_dags/example_trigger_controller_dag.py
[2022-09-25 21:12:41,868] {processor.py:651} INFO - DAG(s) dict_keys(['example_trigger_controller_dag']) retrieved from /home/airflow/.local/lib/python3.7/site-packages/airflow/example_dags/example_trigger_controller_dag.py
[2022-09-25 21:12:41,923] {logging_mixin.py:115} INFO - [2022-09-25 21:12:41,923] {dag.py:2371} INFO - Sync 1 DAGs
[2022-09-25 21:12:41,955] {logging_mixin.py:115} INFO - [2022-09-25 21:12:41,955] {dag.py:2919} INFO - Setting next_dagrun for example_trigger_controller_dag to 2021-01-01T00:00:00+00:00, run_after=2021-01-01T00:00:00+00:00
[2022-09-25 21:12:41,966] {processor.py:161} INFO - Processing /home/airflow/.local/lib/python3.7/site-packages/airflow/example_dags/example_trigger_controller_dag.py took 0.121 seconds
[2022-09-25 21:13:12,534] {processor.py:153} INFO - Started process (PID=1882) to work on /home/airflow/.local/lib/python3.7/site-packages/airflow/example_dags/example_trigger_controller_dag.py
[2022-09-25 21:13:12,536] {processor.py:641} INFO - Processing file /home/airflow/.local/lib/python3.7/site-packages/airflow/example_dags/example_trigger_controller_dag.py for tasks to queue
[2022-09-25 21:13:12,538] {logging_mixin.py:115} INFO - [2022-09-25 21:13:12,538] {dagbag.py:507} INFO - Filling up the DagBag from /home/airflow/.local/lib/python3.7/site-packages/airflow/example_dags/example_trigger_controller_dag.py
[2022-09-25 21:13:12,549] {processor.py:651} INFO - DAG(s) dict_keys(['example_trigger_controller_dag']) retrieved from /home/airflow/.local/lib/python3.7/site-packages/airflow/example_dags/example_trigger_controller_dag.py
[2022-09-25 21:13:12,578] {logging_mixin.py:115} INFO - [2022-09-25 21:13:12,578] {dag.py:2371} INFO - Sync 1 DAGs
[2022-09-25 21:13:12,592] {logging_mixin.py:115} INFO - [2022-09-25 21:13:12,592] {dag.py:2919} INFO - Setting next_dagrun for example_trigger_controller_dag to 2021-01-01T00:00:00+00:00, run_after=2021-01-01T00:00:00+00:00
[2022-09-25 21:13:12,600] {processor.py:161} INFO - Processing /home/airflow/.local/lib/python3.7/site-packages/airflow/example_dags/example_trigger_controller_dag.py took 0.070 seconds
