[2022-09-25 20:57:50,278] {processor.py:153} INFO - Started process (PID=39) to work on /home/airflow/.local/lib/python3.7/site-packages/airflow/example_dags/example_branch_operator_decorator.py
[2022-09-25 20:57:50,280] {processor.py:641} INFO - Processing file /home/airflow/.local/lib/python3.7/site-packages/airflow/example_dags/example_branch_operator_decorator.py for tasks to queue
[2022-09-25 20:57:50,281] {logging_mixin.py:115} INFO - [2022-09-25 20:57:50,281] {dagbag.py:507} INFO - Filling up the DagBag from /home/airflow/.local/lib/python3.7/site-packages/airflow/example_dags/example_branch_operator_decorator.py
[2022-09-25 20:57:50,326] {processor.py:651} INFO - DAG(s) dict_keys(['example_branch_python_operator_decorator']) retrieved from /home/airflow/.local/lib/python3.7/site-packages/airflow/example_dags/example_branch_operator_decorator.py
[2022-09-25 20:57:50,668] {logging_mixin.py:115} INFO - [2022-09-25 20:57:50,668] {manager.py:508} INFO - Created Permission View: can edit on DAG:example_branch_python_operator_decorator
[2022-09-25 20:57:50,691] {logging_mixin.py:115} INFO - [2022-09-25 20:57:50,690] {manager.py:508} INFO - Created Permission View: can read on DAG:example_branch_python_operator_decorator
[2022-09-25 20:57:50,700] {logging_mixin.py:115} INFO - [2022-09-25 20:57:50,700] {manager.py:508} INFO - Created Permission View: can delete on DAG:example_branch_python_operator_decorator
[2022-09-25 20:57:50,701] {logging_mixin.py:115} INFO - [2022-09-25 20:57:50,701] {dag.py:2371} INFO - Sync 1 DAGs
[2022-09-25 20:57:50,709] {logging_mixin.py:115} INFO - [2022-09-25 20:57:50,709] {dag.py:2390} INFO - Creating ORM DAG for example_branch_python_operator_decorator
[2022-09-25 20:57:50,736] {logging_mixin.py:115} INFO - [2022-09-25 20:57:50,736] {dag.py:2919} INFO - Setting next_dagrun for example_branch_python_operator_decorator to 2022-09-24T00:00:00+00:00, run_after=2022-09-25T00:00:00+00:00
[2022-09-25 20:57:50,764] {processor.py:161} INFO - Processing /home/airflow/.local/lib/python3.7/site-packages/airflow/example_dags/example_branch_operator_decorator.py took 0.493 seconds
[2022-09-25 20:58:20,837] {processor.py:153} INFO - Started process (PID=102) to work on /home/airflow/.local/lib/python3.7/site-packages/airflow/example_dags/example_branch_operator_decorator.py
[2022-09-25 20:58:20,838] {processor.py:641} INFO - Processing file /home/airflow/.local/lib/python3.7/site-packages/airflow/example_dags/example_branch_operator_decorator.py for tasks to queue
[2022-09-25 20:58:20,839] {logging_mixin.py:115} INFO - [2022-09-25 20:58:20,839] {dagbag.py:507} INFO - Filling up the DagBag from /home/airflow/.local/lib/python3.7/site-packages/airflow/example_dags/example_branch_operator_decorator.py
[2022-09-25 20:58:20,848] {processor.py:651} INFO - DAG(s) dict_keys(['example_branch_python_operator_decorator']) retrieved from /home/airflow/.local/lib/python3.7/site-packages/airflow/example_dags/example_branch_operator_decorator.py
[2022-09-25 20:58:20,863] {logging_mixin.py:115} INFO - [2022-09-25 20:58:20,863] {dag.py:2371} INFO - Sync 1 DAGs
[2022-09-25 20:58:20,946] {logging_mixin.py:115} INFO - [2022-09-25 20:58:20,946] {dag.py:2919} INFO - Setting next_dagrun for example_branch_python_operator_decorator to 2022-09-24T00:00:00+00:00, run_after=2022-09-25T00:00:00+00:00
[2022-09-25 20:58:20,954] {processor.py:161} INFO - Processing /home/airflow/.local/lib/python3.7/site-packages/airflow/example_dags/example_branch_operator_decorator.py took 0.119 seconds
[2022-09-25 20:58:51,249] {processor.py:153} INFO - Started process (PID=165) to work on /home/airflow/.local/lib/python3.7/site-packages/airflow/example_dags/example_branch_operator_decorator.py
[2022-09-25 20:58:51,250] {processor.py:641} INFO - Processing file /home/airflow/.local/lib/python3.7/site-packages/airflow/example_dags/example_branch_operator_decorator.py for tasks to queue
[2022-09-25 20:58:51,251] {logging_mixin.py:115} INFO - [2022-09-25 20:58:51,251] {dagbag.py:507} INFO - Filling up the DagBag from /home/airflow/.local/lib/python3.7/site-packages/airflow/example_dags/example_branch_operator_decorator.py
[2022-09-25 20:58:51,265] {processor.py:651} INFO - DAG(s) dict_keys(['example_branch_python_operator_decorator']) retrieved from /home/airflow/.local/lib/python3.7/site-packages/airflow/example_dags/example_branch_operator_decorator.py
[2022-09-25 20:58:51,287] {logging_mixin.py:115} INFO - [2022-09-25 20:58:51,287] {dag.py:2371} INFO - Sync 1 DAGs
[2022-09-25 20:58:51,449] {logging_mixin.py:115} INFO - [2022-09-25 20:58:51,449] {dag.py:2919} INFO - Setting next_dagrun for example_branch_python_operator_decorator to 2022-09-24T00:00:00+00:00, run_after=2022-09-25T00:00:00+00:00
[2022-09-25 20:58:51,457] {processor.py:161} INFO - Processing /home/airflow/.local/lib/python3.7/site-packages/airflow/example_dags/example_branch_operator_decorator.py took 0.210 seconds
[2022-09-25 20:59:22,132] {processor.py:153} INFO - Started process (PID=219) to work on /home/airflow/.local/lib/python3.7/site-packages/airflow/example_dags/example_branch_operator_decorator.py
[2022-09-25 20:59:22,134] {processor.py:641} INFO - Processing file /home/airflow/.local/lib/python3.7/site-packages/airflow/example_dags/example_branch_operator_decorator.py for tasks to queue
[2022-09-25 20:59:22,135] {logging_mixin.py:115} INFO - [2022-09-25 20:59:22,135] {dagbag.py:507} INFO - Filling up the DagBag from /home/airflow/.local/lib/python3.7/site-packages/airflow/example_dags/example_branch_operator_decorator.py
[2022-09-25 20:59:22,147] {processor.py:651} INFO - DAG(s) dict_keys(['example_branch_python_operator_decorator']) retrieved from /home/airflow/.local/lib/python3.7/site-packages/airflow/example_dags/example_branch_operator_decorator.py
[2022-09-25 20:59:22,165] {logging_mixin.py:115} INFO - [2022-09-25 20:59:22,165] {dag.py:2371} INFO - Sync 1 DAGs
[2022-09-25 20:59:22,301] {logging_mixin.py:115} INFO - [2022-09-25 20:59:22,301] {dag.py:2919} INFO - Setting next_dagrun for example_branch_python_operator_decorator to 2022-09-24T00:00:00+00:00, run_after=2022-09-25T00:00:00+00:00
[2022-09-25 20:59:22,307] {processor.py:161} INFO - Processing /home/airflow/.local/lib/python3.7/site-packages/airflow/example_dags/example_branch_operator_decorator.py took 0.177 seconds
[2022-09-25 20:59:52,708] {processor.py:153} INFO - Started process (PID=283) to work on /home/airflow/.local/lib/python3.7/site-packages/airflow/example_dags/example_branch_operator_decorator.py
[2022-09-25 20:59:52,710] {processor.py:641} INFO - Processing file /home/airflow/.local/lib/python3.7/site-packages/airflow/example_dags/example_branch_operator_decorator.py for tasks to queue
[2022-09-25 20:59:52,711] {logging_mixin.py:115} INFO - [2022-09-25 20:59:52,711] {dagbag.py:507} INFO - Filling up the DagBag from /home/airflow/.local/lib/python3.7/site-packages/airflow/example_dags/example_branch_operator_decorator.py
[2022-09-25 20:59:52,725] {processor.py:651} INFO - DAG(s) dict_keys(['example_branch_python_operator_decorator']) retrieved from /home/airflow/.local/lib/python3.7/site-packages/airflow/example_dags/example_branch_operator_decorator.py
[2022-09-25 20:59:52,754] {logging_mixin.py:115} INFO - [2022-09-25 20:59:52,753] {dag.py:2371} INFO - Sync 1 DAGs
[2022-09-25 20:59:52,884] {logging_mixin.py:115} INFO - [2022-09-25 20:59:52,884] {dag.py:2919} INFO - Setting next_dagrun for example_branch_python_operator_decorator to 2022-09-24T00:00:00+00:00, run_after=2022-09-25T00:00:00+00:00
[2022-09-25 20:59:52,891] {processor.py:161} INFO - Processing /home/airflow/.local/lib/python3.7/site-packages/airflow/example_dags/example_branch_operator_decorator.py took 0.186 seconds
[2022-09-25 21:00:22,998] {processor.py:153} INFO - Started process (PID=346) to work on /home/airflow/.local/lib/python3.7/site-packages/airflow/example_dags/example_branch_operator_decorator.py
[2022-09-25 21:00:23,000] {processor.py:641} INFO - Processing file /home/airflow/.local/lib/python3.7/site-packages/airflow/example_dags/example_branch_operator_decorator.py for tasks to queue
[2022-09-25 21:00:23,001] {logging_mixin.py:115} INFO - [2022-09-25 21:00:23,001] {dagbag.py:507} INFO - Filling up the DagBag from /home/airflow/.local/lib/python3.7/site-packages/airflow/example_dags/example_branch_operator_decorator.py
[2022-09-25 21:00:23,015] {processor.py:651} INFO - DAG(s) dict_keys(['example_branch_python_operator_decorator']) retrieved from /home/airflow/.local/lib/python3.7/site-packages/airflow/example_dags/example_branch_operator_decorator.py
[2022-09-25 21:00:23,035] {logging_mixin.py:115} INFO - [2022-09-25 21:00:23,035] {dag.py:2371} INFO - Sync 1 DAGs
[2022-09-25 21:00:23,158] {logging_mixin.py:115} INFO - [2022-09-25 21:00:23,158] {dag.py:2919} INFO - Setting next_dagrun for example_branch_python_operator_decorator to 2022-09-24T00:00:00+00:00, run_after=2022-09-25T00:00:00+00:00
[2022-09-25 21:00:23,164] {processor.py:161} INFO - Processing /home/airflow/.local/lib/python3.7/site-packages/airflow/example_dags/example_branch_operator_decorator.py took 0.168 seconds
[2022-09-25 21:00:54,119] {processor.py:153} INFO - Started process (PID=409) to work on /home/airflow/.local/lib/python3.7/site-packages/airflow/example_dags/example_branch_operator_decorator.py
[2022-09-25 21:00:54,121] {processor.py:641} INFO - Processing file /home/airflow/.local/lib/python3.7/site-packages/airflow/example_dags/example_branch_operator_decorator.py for tasks to queue
[2022-09-25 21:00:54,122] {logging_mixin.py:115} INFO - [2022-09-25 21:00:54,122] {dagbag.py:507} INFO - Filling up the DagBag from /home/airflow/.local/lib/python3.7/site-packages/airflow/example_dags/example_branch_operator_decorator.py
[2022-09-25 21:00:54,137] {processor.py:651} INFO - DAG(s) dict_keys(['example_branch_python_operator_decorator']) retrieved from /home/airflow/.local/lib/python3.7/site-packages/airflow/example_dags/example_branch_operator_decorator.py
[2022-09-25 21:00:54,158] {logging_mixin.py:115} INFO - [2022-09-25 21:00:54,158] {dag.py:2371} INFO - Sync 1 DAGs
[2022-09-25 21:00:54,247] {logging_mixin.py:115} INFO - [2022-09-25 21:00:54,247] {dag.py:2919} INFO - Setting next_dagrun for example_branch_python_operator_decorator to 2022-09-24T00:00:00+00:00, run_after=2022-09-25T00:00:00+00:00
[2022-09-25 21:00:54,253] {processor.py:161} INFO - Processing /home/airflow/.local/lib/python3.7/site-packages/airflow/example_dags/example_branch_operator_decorator.py took 0.138 seconds
[2022-09-25 21:01:24,882] {processor.py:153} INFO - Started process (PID=472) to work on /home/airflow/.local/lib/python3.7/site-packages/airflow/example_dags/example_branch_operator_decorator.py
[2022-09-25 21:01:24,884] {processor.py:641} INFO - Processing file /home/airflow/.local/lib/python3.7/site-packages/airflow/example_dags/example_branch_operator_decorator.py for tasks to queue
[2022-09-25 21:01:24,886] {logging_mixin.py:115} INFO - [2022-09-25 21:01:24,885] {dagbag.py:507} INFO - Filling up the DagBag from /home/airflow/.local/lib/python3.7/site-packages/airflow/example_dags/example_branch_operator_decorator.py
[2022-09-25 21:01:24,899] {processor.py:651} INFO - DAG(s) dict_keys(['example_branch_python_operator_decorator']) retrieved from /home/airflow/.local/lib/python3.7/site-packages/airflow/example_dags/example_branch_operator_decorator.py
[2022-09-25 21:01:24,926] {logging_mixin.py:115} INFO - [2022-09-25 21:01:24,926] {dag.py:2371} INFO - Sync 1 DAGs
[2022-09-25 21:01:25,015] {logging_mixin.py:115} INFO - [2022-09-25 21:01:25,015] {dag.py:2919} INFO - Setting next_dagrun for example_branch_python_operator_decorator to 2022-09-24T00:00:00+00:00, run_after=2022-09-25T00:00:00+00:00
[2022-09-25 21:01:25,021] {processor.py:161} INFO - Processing /home/airflow/.local/lib/python3.7/site-packages/airflow/example_dags/example_branch_operator_decorator.py took 0.141 seconds
[2022-09-25 21:01:55,237] {processor.py:153} INFO - Started process (PID=534) to work on /home/airflow/.local/lib/python3.7/site-packages/airflow/example_dags/example_branch_operator_decorator.py
[2022-09-25 21:01:55,239] {processor.py:641} INFO - Processing file /home/airflow/.local/lib/python3.7/site-packages/airflow/example_dags/example_branch_operator_decorator.py for tasks to queue
[2022-09-25 21:01:55,243] {logging_mixin.py:115} INFO - [2022-09-25 21:01:55,243] {dagbag.py:507} INFO - Filling up the DagBag from /home/airflow/.local/lib/python3.7/site-packages/airflow/example_dags/example_branch_operator_decorator.py
[2022-09-25 21:01:55,259] {processor.py:651} INFO - DAG(s) dict_keys(['example_branch_python_operator_decorator']) retrieved from /home/airflow/.local/lib/python3.7/site-packages/airflow/example_dags/example_branch_operator_decorator.py
[2022-09-25 21:01:55,282] {logging_mixin.py:115} INFO - [2022-09-25 21:01:55,282] {dag.py:2371} INFO - Sync 1 DAGs
[2022-09-25 21:01:55,371] {logging_mixin.py:115} INFO - [2022-09-25 21:01:55,371] {dag.py:2919} INFO - Setting next_dagrun for example_branch_python_operator_decorator to 2022-09-24T00:00:00+00:00, run_after=2022-09-25T00:00:00+00:00
[2022-09-25 21:01:55,378] {processor.py:161} INFO - Processing /home/airflow/.local/lib/python3.7/site-packages/airflow/example_dags/example_branch_operator_decorator.py took 0.143 seconds
[2022-09-25 21:02:25,602] {processor.py:153} INFO - Started process (PID=589) to work on /home/airflow/.local/lib/python3.7/site-packages/airflow/example_dags/example_branch_operator_decorator.py
[2022-09-25 21:02:25,603] {processor.py:641} INFO - Processing file /home/airflow/.local/lib/python3.7/site-packages/airflow/example_dags/example_branch_operator_decorator.py for tasks to queue
[2022-09-25 21:02:25,604] {logging_mixin.py:115} INFO - [2022-09-25 21:02:25,604] {dagbag.py:507} INFO - Filling up the DagBag from /home/airflow/.local/lib/python3.7/site-packages/airflow/example_dags/example_branch_operator_decorator.py
[2022-09-25 21:02:25,617] {processor.py:651} INFO - DAG(s) dict_keys(['example_branch_python_operator_decorator']) retrieved from /home/airflow/.local/lib/python3.7/site-packages/airflow/example_dags/example_branch_operator_decorator.py
[2022-09-25 21:02:25,643] {logging_mixin.py:115} INFO - [2022-09-25 21:02:25,642] {dag.py:2371} INFO - Sync 1 DAGs
[2022-09-25 21:02:25,761] {logging_mixin.py:115} INFO - [2022-09-25 21:02:25,761] {dag.py:2919} INFO - Setting next_dagrun for example_branch_python_operator_decorator to 2022-09-24T00:00:00+00:00, run_after=2022-09-25T00:00:00+00:00
[2022-09-25 21:02:25,769] {processor.py:161} INFO - Processing /home/airflow/.local/lib/python3.7/site-packages/airflow/example_dags/example_branch_operator_decorator.py took 0.171 seconds
[2022-09-25 21:02:56,316] {processor.py:153} INFO - Started process (PID=654) to work on /home/airflow/.local/lib/python3.7/site-packages/airflow/example_dags/example_branch_operator_decorator.py
[2022-09-25 21:02:56,317] {processor.py:641} INFO - Processing file /home/airflow/.local/lib/python3.7/site-packages/airflow/example_dags/example_branch_operator_decorator.py for tasks to queue
[2022-09-25 21:02:56,318] {logging_mixin.py:115} INFO - [2022-09-25 21:02:56,318] {dagbag.py:507} INFO - Filling up the DagBag from /home/airflow/.local/lib/python3.7/site-packages/airflow/example_dags/example_branch_operator_decorator.py
[2022-09-25 21:02:56,329] {processor.py:651} INFO - DAG(s) dict_keys(['example_branch_python_operator_decorator']) retrieved from /home/airflow/.local/lib/python3.7/site-packages/airflow/example_dags/example_branch_operator_decorator.py
[2022-09-25 21:02:56,347] {logging_mixin.py:115} INFO - [2022-09-25 21:02:56,347] {dag.py:2371} INFO - Sync 1 DAGs
[2022-09-25 21:02:56,362] {logging_mixin.py:115} INFO - [2022-09-25 21:02:56,362] {dag.py:2919} INFO - Setting next_dagrun for example_branch_python_operator_decorator to 2022-09-24T00:00:00+00:00, run_after=2022-09-25T00:00:00+00:00
[2022-09-25 21:02:56,368] {processor.py:161} INFO - Processing /home/airflow/.local/lib/python3.7/site-packages/airflow/example_dags/example_branch_operator_decorator.py took 0.055 seconds
[2022-09-25 21:03:27,226] {processor.py:153} INFO - Started process (PID=717) to work on /home/airflow/.local/lib/python3.7/site-packages/airflow/example_dags/example_branch_operator_decorator.py
[2022-09-25 21:03:27,227] {processor.py:641} INFO - Processing file /home/airflow/.local/lib/python3.7/site-packages/airflow/example_dags/example_branch_operator_decorator.py for tasks to queue
[2022-09-25 21:03:27,229] {logging_mixin.py:115} INFO - [2022-09-25 21:03:27,229] {dagbag.py:507} INFO - Filling up the DagBag from /home/airflow/.local/lib/python3.7/site-packages/airflow/example_dags/example_branch_operator_decorator.py
[2022-09-25 21:03:27,246] {processor.py:651} INFO - DAG(s) dict_keys(['example_branch_python_operator_decorator']) retrieved from /home/airflow/.local/lib/python3.7/site-packages/airflow/example_dags/example_branch_operator_decorator.py
[2022-09-25 21:03:27,265] {logging_mixin.py:115} INFO - [2022-09-25 21:03:27,265] {dag.py:2371} INFO - Sync 1 DAGs
[2022-09-25 21:03:27,280] {logging_mixin.py:115} INFO - [2022-09-25 21:03:27,280] {dag.py:2919} INFO - Setting next_dagrun for example_branch_python_operator_decorator to 2022-09-24T00:00:00+00:00, run_after=2022-09-25T00:00:00+00:00
[2022-09-25 21:03:27,287] {processor.py:161} INFO - Processing /home/airflow/.local/lib/python3.7/site-packages/airflow/example_dags/example_branch_operator_decorator.py took 0.063 seconds
[2022-09-25 21:03:58,159] {processor.py:153} INFO - Started process (PID=780) to work on /home/airflow/.local/lib/python3.7/site-packages/airflow/example_dags/example_branch_operator_decorator.py
[2022-09-25 21:03:58,160] {processor.py:641} INFO - Processing file /home/airflow/.local/lib/python3.7/site-packages/airflow/example_dags/example_branch_operator_decorator.py for tasks to queue
[2022-09-25 21:03:58,161] {logging_mixin.py:115} INFO - [2022-09-25 21:03:58,161] {dagbag.py:507} INFO - Filling up the DagBag from /home/airflow/.local/lib/python3.7/site-packages/airflow/example_dags/example_branch_operator_decorator.py
[2022-09-25 21:03:58,172] {processor.py:651} INFO - DAG(s) dict_keys(['example_branch_python_operator_decorator']) retrieved from /home/airflow/.local/lib/python3.7/site-packages/airflow/example_dags/example_branch_operator_decorator.py
[2022-09-25 21:03:58,191] {logging_mixin.py:115} INFO - [2022-09-25 21:03:58,191] {dag.py:2371} INFO - Sync 1 DAGs
[2022-09-25 21:03:58,204] {logging_mixin.py:115} INFO - [2022-09-25 21:03:58,204] {dag.py:2919} INFO - Setting next_dagrun for example_branch_python_operator_decorator to 2022-09-24T00:00:00+00:00, run_after=2022-09-25T00:00:00+00:00
[2022-09-25 21:03:58,211] {processor.py:161} INFO - Processing /home/airflow/.local/lib/python3.7/site-packages/airflow/example_dags/example_branch_operator_decorator.py took 0.054 seconds
[2022-09-25 21:04:29,024] {processor.py:153} INFO - Started process (PID=843) to work on /home/airflow/.local/lib/python3.7/site-packages/airflow/example_dags/example_branch_operator_decorator.py
[2022-09-25 21:04:29,026] {processor.py:641} INFO - Processing file /home/airflow/.local/lib/python3.7/site-packages/airflow/example_dags/example_branch_operator_decorator.py for tasks to queue
[2022-09-25 21:04:29,027] {logging_mixin.py:115} INFO - [2022-09-25 21:04:29,026] {dagbag.py:507} INFO - Filling up the DagBag from /home/airflow/.local/lib/python3.7/site-packages/airflow/example_dags/example_branch_operator_decorator.py
[2022-09-25 21:04:29,038] {processor.py:651} INFO - DAG(s) dict_keys(['example_branch_python_operator_decorator']) retrieved from /home/airflow/.local/lib/python3.7/site-packages/airflow/example_dags/example_branch_operator_decorator.py
[2022-09-25 21:04:29,055] {logging_mixin.py:115} INFO - [2022-09-25 21:04:29,055] {dag.py:2371} INFO - Sync 1 DAGs
[2022-09-25 21:04:29,069] {logging_mixin.py:115} INFO - [2022-09-25 21:04:29,069] {dag.py:2919} INFO - Setting next_dagrun for example_branch_python_operator_decorator to 2022-09-24T00:00:00+00:00, run_after=2022-09-25T00:00:00+00:00
[2022-09-25 21:04:29,075] {processor.py:161} INFO - Processing /home/airflow/.local/lib/python3.7/site-packages/airflow/example_dags/example_branch_operator_decorator.py took 0.053 seconds
[2022-09-25 21:04:59,898] {processor.py:153} INFO - Started process (PID=906) to work on /home/airflow/.local/lib/python3.7/site-packages/airflow/example_dags/example_branch_operator_decorator.py
[2022-09-25 21:04:59,900] {processor.py:641} INFO - Processing file /home/airflow/.local/lib/python3.7/site-packages/airflow/example_dags/example_branch_operator_decorator.py for tasks to queue
[2022-09-25 21:04:59,901] {logging_mixin.py:115} INFO - [2022-09-25 21:04:59,901] {dagbag.py:507} INFO - Filling up the DagBag from /home/airflow/.local/lib/python3.7/site-packages/airflow/example_dags/example_branch_operator_decorator.py
[2022-09-25 21:04:59,912] {processor.py:651} INFO - DAG(s) dict_keys(['example_branch_python_operator_decorator']) retrieved from /home/airflow/.local/lib/python3.7/site-packages/airflow/example_dags/example_branch_operator_decorator.py
[2022-09-25 21:04:59,930] {logging_mixin.py:115} INFO - [2022-09-25 21:04:59,930] {dag.py:2371} INFO - Sync 1 DAGs
[2022-09-25 21:04:59,944] {logging_mixin.py:115} INFO - [2022-09-25 21:04:59,944] {dag.py:2919} INFO - Setting next_dagrun for example_branch_python_operator_decorator to 2022-09-24T00:00:00+00:00, run_after=2022-09-25T00:00:00+00:00
[2022-09-25 21:04:59,951] {processor.py:161} INFO - Processing /home/airflow/.local/lib/python3.7/site-packages/airflow/example_dags/example_branch_operator_decorator.py took 0.055 seconds
[2022-09-25 21:05:30,650] {processor.py:153} INFO - Started process (PID=970) to work on /home/airflow/.local/lib/python3.7/site-packages/airflow/example_dags/example_branch_operator_decorator.py
[2022-09-25 21:05:30,651] {processor.py:641} INFO - Processing file /home/airflow/.local/lib/python3.7/site-packages/airflow/example_dags/example_branch_operator_decorator.py for tasks to queue
[2022-09-25 21:05:30,652] {logging_mixin.py:115} INFO - [2022-09-25 21:05:30,652] {dagbag.py:507} INFO - Filling up the DagBag from /home/airflow/.local/lib/python3.7/site-packages/airflow/example_dags/example_branch_operator_decorator.py
[2022-09-25 21:05:30,669] {processor.py:651} INFO - DAG(s) dict_keys(['example_branch_python_operator_decorator']) retrieved from /home/airflow/.local/lib/python3.7/site-packages/airflow/example_dags/example_branch_operator_decorator.py
[2022-09-25 21:05:30,689] {logging_mixin.py:115} INFO - [2022-09-25 21:05:30,689] {dag.py:2371} INFO - Sync 1 DAGs
[2022-09-25 21:05:30,715] {logging_mixin.py:115} INFO - [2022-09-25 21:05:30,715] {dag.py:2919} INFO - Setting next_dagrun for example_branch_python_operator_decorator to 2022-09-24T00:00:00+00:00, run_after=2022-09-25T00:00:00+00:00
[2022-09-25 21:05:30,731] {processor.py:161} INFO - Processing /home/airflow/.local/lib/python3.7/site-packages/airflow/example_dags/example_branch_operator_decorator.py took 0.085 seconds
[2022-09-25 21:06:01,659] {processor.py:153} INFO - Started process (PID=1024) to work on /home/airflow/.local/lib/python3.7/site-packages/airflow/example_dags/example_branch_operator_decorator.py
[2022-09-25 21:06:01,660] {processor.py:641} INFO - Processing file /home/airflow/.local/lib/python3.7/site-packages/airflow/example_dags/example_branch_operator_decorator.py for tasks to queue
[2022-09-25 21:06:01,662] {logging_mixin.py:115} INFO - [2022-09-25 21:06:01,661] {dagbag.py:507} INFO - Filling up the DagBag from /home/airflow/.local/lib/python3.7/site-packages/airflow/example_dags/example_branch_operator_decorator.py
[2022-09-25 21:06:01,675] {processor.py:651} INFO - DAG(s) dict_keys(['example_branch_python_operator_decorator']) retrieved from /home/airflow/.local/lib/python3.7/site-packages/airflow/example_dags/example_branch_operator_decorator.py
[2022-09-25 21:06:01,695] {logging_mixin.py:115} INFO - [2022-09-25 21:06:01,695] {dag.py:2371} INFO - Sync 1 DAGs
[2022-09-25 21:06:01,722] {logging_mixin.py:115} INFO - [2022-09-25 21:06:01,722] {dag.py:2919} INFO - Setting next_dagrun for example_branch_python_operator_decorator to 2022-09-24T00:00:00+00:00, run_after=2022-09-25T00:00:00+00:00
[2022-09-25 21:06:01,731] {processor.py:161} INFO - Processing /home/airflow/.local/lib/python3.7/site-packages/airflow/example_dags/example_branch_operator_decorator.py took 0.074 seconds
[2022-09-25 21:06:32,585] {processor.py:153} INFO - Started process (PID=1087) to work on /home/airflow/.local/lib/python3.7/site-packages/airflow/example_dags/example_branch_operator_decorator.py
[2022-09-25 21:06:32,592] {processor.py:641} INFO - Processing file /home/airflow/.local/lib/python3.7/site-packages/airflow/example_dags/example_branch_operator_decorator.py for tasks to queue
[2022-09-25 21:06:32,593] {logging_mixin.py:115} INFO - [2022-09-25 21:06:32,593] {dagbag.py:507} INFO - Filling up the DagBag from /home/airflow/.local/lib/python3.7/site-packages/airflow/example_dags/example_branch_operator_decorator.py
[2022-09-25 21:06:32,606] {processor.py:651} INFO - DAG(s) dict_keys(['example_branch_python_operator_decorator']) retrieved from /home/airflow/.local/lib/python3.7/site-packages/airflow/example_dags/example_branch_operator_decorator.py
[2022-09-25 21:06:32,625] {logging_mixin.py:115} INFO - [2022-09-25 21:06:32,625] {dag.py:2371} INFO - Sync 1 DAGs
[2022-09-25 21:06:32,642] {logging_mixin.py:115} INFO - [2022-09-25 21:06:32,642] {dag.py:2919} INFO - Setting next_dagrun for example_branch_python_operator_decorator to 2022-09-24T00:00:00+00:00, run_after=2022-09-25T00:00:00+00:00
[2022-09-25 21:06:32,650] {processor.py:161} INFO - Processing /home/airflow/.local/lib/python3.7/site-packages/airflow/example_dags/example_branch_operator_decorator.py took 0.068 seconds
[2022-09-25 21:07:03,394] {processor.py:153} INFO - Started process (PID=1149) to work on /home/airflow/.local/lib/python3.7/site-packages/airflow/example_dags/example_branch_operator_decorator.py
[2022-09-25 21:07:03,397] {processor.py:641} INFO - Processing file /home/airflow/.local/lib/python3.7/site-packages/airflow/example_dags/example_branch_operator_decorator.py for tasks to queue
[2022-09-25 21:07:03,400] {logging_mixin.py:115} INFO - [2022-09-25 21:07:03,400] {dagbag.py:507} INFO - Filling up the DagBag from /home/airflow/.local/lib/python3.7/site-packages/airflow/example_dags/example_branch_operator_decorator.py
[2022-09-25 21:07:03,425] {processor.py:651} INFO - DAG(s) dict_keys(['example_branch_python_operator_decorator']) retrieved from /home/airflow/.local/lib/python3.7/site-packages/airflow/example_dags/example_branch_operator_decorator.py
[2022-09-25 21:07:03,460] {logging_mixin.py:115} INFO - [2022-09-25 21:07:03,460] {dag.py:2371} INFO - Sync 1 DAGs
[2022-09-25 21:07:03,484] {logging_mixin.py:115} INFO - [2022-09-25 21:07:03,484] {dag.py:2919} INFO - Setting next_dagrun for example_branch_python_operator_decorator to 2022-09-24T00:00:00+00:00, run_after=2022-09-25T00:00:00+00:00
[2022-09-25 21:07:03,497] {processor.py:161} INFO - Processing /home/airflow/.local/lib/python3.7/site-packages/airflow/example_dags/example_branch_operator_decorator.py took 0.108 seconds
[2022-09-25 21:07:34,297] {processor.py:153} INFO - Started process (PID=1212) to work on /home/airflow/.local/lib/python3.7/site-packages/airflow/example_dags/example_branch_operator_decorator.py
[2022-09-25 21:07:34,299] {processor.py:641} INFO - Processing file /home/airflow/.local/lib/python3.7/site-packages/airflow/example_dags/example_branch_operator_decorator.py for tasks to queue
[2022-09-25 21:07:34,300] {logging_mixin.py:115} INFO - [2022-09-25 21:07:34,300] {dagbag.py:507} INFO - Filling up the DagBag from /home/airflow/.local/lib/python3.7/site-packages/airflow/example_dags/example_branch_operator_decorator.py
[2022-09-25 21:07:34,311] {processor.py:651} INFO - DAG(s) dict_keys(['example_branch_python_operator_decorator']) retrieved from /home/airflow/.local/lib/python3.7/site-packages/airflow/example_dags/example_branch_operator_decorator.py
[2022-09-25 21:07:34,330] {logging_mixin.py:115} INFO - [2022-09-25 21:07:34,330] {dag.py:2371} INFO - Sync 1 DAGs
[2022-09-25 21:07:34,351] {logging_mixin.py:115} INFO - [2022-09-25 21:07:34,351] {dag.py:2919} INFO - Setting next_dagrun for example_branch_python_operator_decorator to 2022-09-24T00:00:00+00:00, run_after=2022-09-25T00:00:00+00:00
[2022-09-25 21:07:34,358] {processor.py:161} INFO - Processing /home/airflow/.local/lib/python3.7/site-packages/airflow/example_dags/example_branch_operator_decorator.py took 0.062 seconds
[2022-09-25 21:08:05,255] {processor.py:153} INFO - Started process (PID=1275) to work on /home/airflow/.local/lib/python3.7/site-packages/airflow/example_dags/example_branch_operator_decorator.py
[2022-09-25 21:08:05,257] {processor.py:641} INFO - Processing file /home/airflow/.local/lib/python3.7/site-packages/airflow/example_dags/example_branch_operator_decorator.py for tasks to queue
[2022-09-25 21:08:05,258] {logging_mixin.py:115} INFO - [2022-09-25 21:08:05,258] {dagbag.py:507} INFO - Filling up the DagBag from /home/airflow/.local/lib/python3.7/site-packages/airflow/example_dags/example_branch_operator_decorator.py
[2022-09-25 21:08:05,270] {processor.py:651} INFO - DAG(s) dict_keys(['example_branch_python_operator_decorator']) retrieved from /home/airflow/.local/lib/python3.7/site-packages/airflow/example_dags/example_branch_operator_decorator.py
[2022-09-25 21:08:05,288] {logging_mixin.py:115} INFO - [2022-09-25 21:08:05,288] {dag.py:2371} INFO - Sync 1 DAGs
[2022-09-25 21:08:05,302] {logging_mixin.py:115} INFO - [2022-09-25 21:08:05,302] {dag.py:2919} INFO - Setting next_dagrun for example_branch_python_operator_decorator to 2022-09-24T00:00:00+00:00, run_after=2022-09-25T00:00:00+00:00
[2022-09-25 21:08:05,310] {processor.py:161} INFO - Processing /home/airflow/.local/lib/python3.7/site-packages/airflow/example_dags/example_branch_operator_decorator.py took 0.057 seconds
[2022-09-25 21:08:36,299] {processor.py:153} INFO - Started process (PID=1337) to work on /home/airflow/.local/lib/python3.7/site-packages/airflow/example_dags/example_branch_operator_decorator.py
[2022-09-25 21:08:36,300] {processor.py:641} INFO - Processing file /home/airflow/.local/lib/python3.7/site-packages/airflow/example_dags/example_branch_operator_decorator.py for tasks to queue
[2022-09-25 21:08:36,301] {logging_mixin.py:115} INFO - [2022-09-25 21:08:36,301] {dagbag.py:507} INFO - Filling up the DagBag from /home/airflow/.local/lib/python3.7/site-packages/airflow/example_dags/example_branch_operator_decorator.py
[2022-09-25 21:08:36,318] {processor.py:651} INFO - DAG(s) dict_keys(['example_branch_python_operator_decorator']) retrieved from /home/airflow/.local/lib/python3.7/site-packages/airflow/example_dags/example_branch_operator_decorator.py
[2022-09-25 21:08:36,342] {logging_mixin.py:115} INFO - [2022-09-25 21:08:36,342] {dag.py:2371} INFO - Sync 1 DAGs
[2022-09-25 21:08:36,356] {logging_mixin.py:115} INFO - [2022-09-25 21:08:36,356] {dag.py:2919} INFO - Setting next_dagrun for example_branch_python_operator_decorator to 2022-09-24T00:00:00+00:00, run_after=2022-09-25T00:00:00+00:00
[2022-09-25 21:08:36,363] {processor.py:161} INFO - Processing /home/airflow/.local/lib/python3.7/site-packages/airflow/example_dags/example_branch_operator_decorator.py took 0.067 seconds
[2022-09-25 21:09:07,359] {processor.py:153} INFO - Started process (PID=1400) to work on /home/airflow/.local/lib/python3.7/site-packages/airflow/example_dags/example_branch_operator_decorator.py
[2022-09-25 21:09:07,361] {processor.py:641} INFO - Processing file /home/airflow/.local/lib/python3.7/site-packages/airflow/example_dags/example_branch_operator_decorator.py for tasks to queue
[2022-09-25 21:09:07,362] {logging_mixin.py:115} INFO - [2022-09-25 21:09:07,362] {dagbag.py:507} INFO - Filling up the DagBag from /home/airflow/.local/lib/python3.7/site-packages/airflow/example_dags/example_branch_operator_decorator.py
[2022-09-25 21:09:07,379] {processor.py:651} INFO - DAG(s) dict_keys(['example_branch_python_operator_decorator']) retrieved from /home/airflow/.local/lib/python3.7/site-packages/airflow/example_dags/example_branch_operator_decorator.py
[2022-09-25 21:09:07,402] {logging_mixin.py:115} INFO - [2022-09-25 21:09:07,402] {dag.py:2371} INFO - Sync 1 DAGs
[2022-09-25 21:09:07,432] {logging_mixin.py:115} INFO - [2022-09-25 21:09:07,432] {dag.py:2919} INFO - Setting next_dagrun for example_branch_python_operator_decorator to 2022-09-24T00:00:00+00:00, run_after=2022-09-25T00:00:00+00:00
[2022-09-25 21:09:07,441] {processor.py:161} INFO - Processing /home/airflow/.local/lib/python3.7/site-packages/airflow/example_dags/example_branch_operator_decorator.py took 0.085 seconds
[2022-09-25 21:09:38,399] {processor.py:153} INFO - Started process (PID=1454) to work on /home/airflow/.local/lib/python3.7/site-packages/airflow/example_dags/example_branch_operator_decorator.py
[2022-09-25 21:09:38,401] {processor.py:641} INFO - Processing file /home/airflow/.local/lib/python3.7/site-packages/airflow/example_dags/example_branch_operator_decorator.py for tasks to queue
[2022-09-25 21:09:38,402] {logging_mixin.py:115} INFO - [2022-09-25 21:09:38,402] {dagbag.py:507} INFO - Filling up the DagBag from /home/airflow/.local/lib/python3.7/site-packages/airflow/example_dags/example_branch_operator_decorator.py
[2022-09-25 21:09:38,415] {processor.py:651} INFO - DAG(s) dict_keys(['example_branch_python_operator_decorator']) retrieved from /home/airflow/.local/lib/python3.7/site-packages/airflow/example_dags/example_branch_operator_decorator.py
[2022-09-25 21:09:38,434] {logging_mixin.py:115} INFO - [2022-09-25 21:09:38,434] {dag.py:2371} INFO - Sync 1 DAGs
[2022-09-25 21:09:38,448] {logging_mixin.py:115} INFO - [2022-09-25 21:09:38,447] {dag.py:2919} INFO - Setting next_dagrun for example_branch_python_operator_decorator to 2022-09-24T00:00:00+00:00, run_after=2022-09-25T00:00:00+00:00
[2022-09-25 21:09:38,454] {processor.py:161} INFO - Processing /home/airflow/.local/lib/python3.7/site-packages/airflow/example_dags/example_branch_operator_decorator.py took 0.058 seconds
[2022-09-25 21:10:09,373] {processor.py:153} INFO - Started process (PID=1516) to work on /home/airflow/.local/lib/python3.7/site-packages/airflow/example_dags/example_branch_operator_decorator.py
[2022-09-25 21:10:09,375] {processor.py:641} INFO - Processing file /home/airflow/.local/lib/python3.7/site-packages/airflow/example_dags/example_branch_operator_decorator.py for tasks to queue
[2022-09-25 21:10:09,376] {logging_mixin.py:115} INFO - [2022-09-25 21:10:09,376] {dagbag.py:507} INFO - Filling up the DagBag from /home/airflow/.local/lib/python3.7/site-packages/airflow/example_dags/example_branch_operator_decorator.py
[2022-09-25 21:10:09,387] {processor.py:651} INFO - DAG(s) dict_keys(['example_branch_python_operator_decorator']) retrieved from /home/airflow/.local/lib/python3.7/site-packages/airflow/example_dags/example_branch_operator_decorator.py
[2022-09-25 21:10:09,407] {logging_mixin.py:115} INFO - [2022-09-25 21:10:09,407] {dag.py:2371} INFO - Sync 1 DAGs
[2022-09-25 21:10:09,420] {logging_mixin.py:115} INFO - [2022-09-25 21:10:09,420] {dag.py:2919} INFO - Setting next_dagrun for example_branch_python_operator_decorator to 2022-09-24T00:00:00+00:00, run_after=2022-09-25T00:00:00+00:00
[2022-09-25 21:10:09,426] {processor.py:161} INFO - Processing /home/airflow/.local/lib/python3.7/site-packages/airflow/example_dags/example_branch_operator_decorator.py took 0.055 seconds
[2022-09-25 21:10:40,223] {processor.py:153} INFO - Started process (PID=1580) to work on /home/airflow/.local/lib/python3.7/site-packages/airflow/example_dags/example_branch_operator_decorator.py
[2022-09-25 21:10:40,224] {processor.py:641} INFO - Processing file /home/airflow/.local/lib/python3.7/site-packages/airflow/example_dags/example_branch_operator_decorator.py for tasks to queue
[2022-09-25 21:10:40,225] {logging_mixin.py:115} INFO - [2022-09-25 21:10:40,225] {dagbag.py:507} INFO - Filling up the DagBag from /home/airflow/.local/lib/python3.7/site-packages/airflow/example_dags/example_branch_operator_decorator.py
[2022-09-25 21:10:40,238] {processor.py:651} INFO - DAG(s) dict_keys(['example_branch_python_operator_decorator']) retrieved from /home/airflow/.local/lib/python3.7/site-packages/airflow/example_dags/example_branch_operator_decorator.py
[2022-09-25 21:10:40,256] {logging_mixin.py:115} INFO - [2022-09-25 21:10:40,256] {dag.py:2371} INFO - Sync 1 DAGs
[2022-09-25 21:10:40,271] {logging_mixin.py:115} INFO - [2022-09-25 21:10:40,271] {dag.py:2919} INFO - Setting next_dagrun for example_branch_python_operator_decorator to 2022-09-24T00:00:00+00:00, run_after=2022-09-25T00:00:00+00:00
[2022-09-25 21:10:40,279] {processor.py:161} INFO - Processing /home/airflow/.local/lib/python3.7/site-packages/airflow/example_dags/example_branch_operator_decorator.py took 0.059 seconds
[2022-09-25 21:11:11,207] {processor.py:153} INFO - Started process (PID=1642) to work on /home/airflow/.local/lib/python3.7/site-packages/airflow/example_dags/example_branch_operator_decorator.py
[2022-09-25 21:11:11,209] {processor.py:641} INFO - Processing file /home/airflow/.local/lib/python3.7/site-packages/airflow/example_dags/example_branch_operator_decorator.py for tasks to queue
[2022-09-25 21:11:11,211] {logging_mixin.py:115} INFO - [2022-09-25 21:11:11,211] {dagbag.py:507} INFO - Filling up the DagBag from /home/airflow/.local/lib/python3.7/site-packages/airflow/example_dags/example_branch_operator_decorator.py
[2022-09-25 21:11:11,224] {processor.py:651} INFO - DAG(s) dict_keys(['example_branch_python_operator_decorator']) retrieved from /home/airflow/.local/lib/python3.7/site-packages/airflow/example_dags/example_branch_operator_decorator.py
[2022-09-25 21:11:11,244] {logging_mixin.py:115} INFO - [2022-09-25 21:11:11,244] {dag.py:2371} INFO - Sync 1 DAGs
[2022-09-25 21:11:11,258] {logging_mixin.py:115} INFO - [2022-09-25 21:11:11,258] {dag.py:2919} INFO - Setting next_dagrun for example_branch_python_operator_decorator to 2022-09-24T00:00:00+00:00, run_after=2022-09-25T00:00:00+00:00
[2022-09-25 21:11:11,265] {processor.py:161} INFO - Processing /home/airflow/.local/lib/python3.7/site-packages/airflow/example_dags/example_branch_operator_decorator.py took 0.060 seconds
[2022-09-25 21:11:42,109] {processor.py:153} INFO - Started process (PID=1704) to work on /home/airflow/.local/lib/python3.7/site-packages/airflow/example_dags/example_branch_operator_decorator.py
[2022-09-25 21:11:42,110] {processor.py:641} INFO - Processing file /home/airflow/.local/lib/python3.7/site-packages/airflow/example_dags/example_branch_operator_decorator.py for tasks to queue
[2022-09-25 21:11:42,111] {logging_mixin.py:115} INFO - [2022-09-25 21:11:42,111] {dagbag.py:507} INFO - Filling up the DagBag from /home/airflow/.local/lib/python3.7/site-packages/airflow/example_dags/example_branch_operator_decorator.py
[2022-09-25 21:11:42,123] {processor.py:651} INFO - DAG(s) dict_keys(['example_branch_python_operator_decorator']) retrieved from /home/airflow/.local/lib/python3.7/site-packages/airflow/example_dags/example_branch_operator_decorator.py
[2022-09-25 21:11:42,140] {logging_mixin.py:115} INFO - [2022-09-25 21:11:42,140] {dag.py:2371} INFO - Sync 1 DAGs
[2022-09-25 21:11:42,153] {logging_mixin.py:115} INFO - [2022-09-25 21:11:42,153] {dag.py:2919} INFO - Setting next_dagrun for example_branch_python_operator_decorator to 2022-09-24T00:00:00+00:00, run_after=2022-09-25T00:00:00+00:00
[2022-09-25 21:11:42,160] {processor.py:161} INFO - Processing /home/airflow/.local/lib/python3.7/site-packages/airflow/example_dags/example_branch_operator_decorator.py took 0.053 seconds
[2022-09-25 21:12:12,225] {processor.py:153} INFO - Started process (PID=1758) to work on /home/airflow/.local/lib/python3.7/site-packages/airflow/example_dags/example_branch_operator_decorator.py
[2022-09-25 21:12:12,226] {processor.py:641} INFO - Processing file /home/airflow/.local/lib/python3.7/site-packages/airflow/example_dags/example_branch_operator_decorator.py for tasks to queue
[2022-09-25 21:12:12,226] {logging_mixin.py:115} INFO - [2022-09-25 21:12:12,226] {dagbag.py:507} INFO - Filling up the DagBag from /home/airflow/.local/lib/python3.7/site-packages/airflow/example_dags/example_branch_operator_decorator.py
[2022-09-25 21:12:12,237] {processor.py:651} INFO - DAG(s) dict_keys(['example_branch_python_operator_decorator']) retrieved from /home/airflow/.local/lib/python3.7/site-packages/airflow/example_dags/example_branch_operator_decorator.py
[2022-09-25 21:12:12,256] {logging_mixin.py:115} INFO - [2022-09-25 21:12:12,256] {dag.py:2371} INFO - Sync 1 DAGs
[2022-09-25 21:12:12,270] {logging_mixin.py:115} INFO - [2022-09-25 21:12:12,270] {dag.py:2919} INFO - Setting next_dagrun for example_branch_python_operator_decorator to 2022-09-24T00:00:00+00:00, run_after=2022-09-25T00:00:00+00:00
[2022-09-25 21:12:12,277] {processor.py:161} INFO - Processing /home/airflow/.local/lib/python3.7/site-packages/airflow/example_dags/example_branch_operator_decorator.py took 0.054 seconds
[2022-09-25 21:12:43,103] {processor.py:153} INFO - Started process (PID=1822) to work on /home/airflow/.local/lib/python3.7/site-packages/airflow/example_dags/example_branch_operator_decorator.py
[2022-09-25 21:12:43,104] {processor.py:641} INFO - Processing file /home/airflow/.local/lib/python3.7/site-packages/airflow/example_dags/example_branch_operator_decorator.py for tasks to queue
[2022-09-25 21:12:43,105] {logging_mixin.py:115} INFO - [2022-09-25 21:12:43,105] {dagbag.py:507} INFO - Filling up the DagBag from /home/airflow/.local/lib/python3.7/site-packages/airflow/example_dags/example_branch_operator_decorator.py
[2022-09-25 21:12:43,117] {processor.py:651} INFO - DAG(s) dict_keys(['example_branch_python_operator_decorator']) retrieved from /home/airflow/.local/lib/python3.7/site-packages/airflow/example_dags/example_branch_operator_decorator.py
[2022-09-25 21:12:43,135] {logging_mixin.py:115} INFO - [2022-09-25 21:12:43,135] {dag.py:2371} INFO - Sync 1 DAGs
[2022-09-25 21:12:43,150] {logging_mixin.py:115} INFO - [2022-09-25 21:12:43,150] {dag.py:2919} INFO - Setting next_dagrun for example_branch_python_operator_decorator to 2022-09-24T00:00:00+00:00, run_after=2022-09-25T00:00:00+00:00
[2022-09-25 21:12:43,156] {processor.py:161} INFO - Processing /home/airflow/.local/lib/python3.7/site-packages/airflow/example_dags/example_branch_operator_decorator.py took 0.055 seconds
[2022-09-25 21:13:13,749] {processor.py:153} INFO - Started process (PID=1886) to work on /home/airflow/.local/lib/python3.7/site-packages/airflow/example_dags/example_branch_operator_decorator.py
[2022-09-25 21:13:13,750] {processor.py:641} INFO - Processing file /home/airflow/.local/lib/python3.7/site-packages/airflow/example_dags/example_branch_operator_decorator.py for tasks to queue
[2022-09-25 21:13:13,751] {logging_mixin.py:115} INFO - [2022-09-25 21:13:13,751] {dagbag.py:507} INFO - Filling up the DagBag from /home/airflow/.local/lib/python3.7/site-packages/airflow/example_dags/example_branch_operator_decorator.py
[2022-09-25 21:13:13,765] {processor.py:651} INFO - DAG(s) dict_keys(['example_branch_python_operator_decorator']) retrieved from /home/airflow/.local/lib/python3.7/site-packages/airflow/example_dags/example_branch_operator_decorator.py
[2022-09-25 21:13:13,781] {logging_mixin.py:115} INFO - [2022-09-25 21:13:13,781] {dag.py:2371} INFO - Sync 1 DAGs
[2022-09-25 21:13:13,794] {logging_mixin.py:115} INFO - [2022-09-25 21:13:13,793] {dag.py:2919} INFO - Setting next_dagrun for example_branch_python_operator_decorator to 2022-09-24T00:00:00+00:00, run_after=2022-09-25T00:00:00+00:00
[2022-09-25 21:13:13,800] {processor.py:161} INFO - Processing /home/airflow/.local/lib/python3.7/site-packages/airflow/example_dags/example_branch_operator_decorator.py took 0.054 seconds
