[2022-09-25 20:57:59,908] {processor.py:153} INFO - Started process (PID=68) to work on /home/airflow/.local/lib/python3.7/site-packages/airflow/example_dags/example_skip_dag.py
[2022-09-25 20:57:59,912] {processor.py:641} INFO - Processing file /home/airflow/.local/lib/python3.7/site-packages/airflow/example_dags/example_skip_dag.py for tasks to queue
[2022-09-25 20:57:59,916] {logging_mixin.py:115} INFO - [2022-09-25 20:57:59,916] {dagbag.py:507} INFO - Filling up the DagBag from /home/airflow/.local/lib/python3.7/site-packages/airflow/example_dags/example_skip_dag.py
[2022-09-25 20:57:59,930] {processor.py:651} INFO - DAG(s) dict_keys(['example_skip_dag']) retrieved from /home/airflow/.local/lib/python3.7/site-packages/airflow/example_dags/example_skip_dag.py
[2022-09-25 20:58:00,340] {logging_mixin.py:115} INFO - [2022-09-25 20:58:00,340] {manager.py:508} INFO - Created Permission View: can edit on DAG:example_skip_dag
[2022-09-25 20:58:00,356] {logging_mixin.py:115} INFO - [2022-09-25 20:58:00,356] {manager.py:508} INFO - Created Permission View: can read on DAG:example_skip_dag
[2022-09-25 20:58:00,364] {logging_mixin.py:115} INFO - [2022-09-25 20:58:00,364] {manager.py:508} INFO - Created Permission View: can delete on DAG:example_skip_dag
[2022-09-25 20:58:00,365] {logging_mixin.py:115} INFO - [2022-09-25 20:58:00,365] {dag.py:2371} INFO - Sync 1 DAGs
[2022-09-25 20:58:00,373] {logging_mixin.py:115} INFO - [2022-09-25 20:58:00,373] {dag.py:2390} INFO - Creating ORM DAG for example_skip_dag
[2022-09-25 20:58:00,384] {logging_mixin.py:115} INFO - [2022-09-25 20:58:00,384] {dag.py:2919} INFO - Setting next_dagrun for example_skip_dag to 2022-09-24T20:58:00.384263+00:00, run_after=2022-09-25T20:58:00.384263+00:00
[2022-09-25 20:58:00,395] {processor.py:161} INFO - Processing /home/airflow/.local/lib/python3.7/site-packages/airflow/example_dags/example_skip_dag.py took 0.491 seconds
[2022-09-25 20:58:30,626] {processor.py:153} INFO - Started process (PID=131) to work on /home/airflow/.local/lib/python3.7/site-packages/airflow/example_dags/example_skip_dag.py
[2022-09-25 20:58:30,627] {processor.py:641} INFO - Processing file /home/airflow/.local/lib/python3.7/site-packages/airflow/example_dags/example_skip_dag.py for tasks to queue
[2022-09-25 20:58:30,628] {logging_mixin.py:115} INFO - [2022-09-25 20:58:30,628] {dagbag.py:507} INFO - Filling up the DagBag from /home/airflow/.local/lib/python3.7/site-packages/airflow/example_dags/example_skip_dag.py
[2022-09-25 20:58:30,632] {processor.py:651} INFO - DAG(s) dict_keys(['example_skip_dag']) retrieved from /home/airflow/.local/lib/python3.7/site-packages/airflow/example_dags/example_skip_dag.py
[2022-09-25 20:58:30,648] {logging_mixin.py:115} INFO - [2022-09-25 20:58:30,647] {dag.py:2371} INFO - Sync 1 DAGs
[2022-09-25 20:58:30,678] {logging_mixin.py:115} INFO - [2022-09-25 20:58:30,678] {dag.py:2919} INFO - Setting next_dagrun for example_skip_dag to 2022-09-24T20:58:30.678292+00:00, run_after=2022-09-25T20:58:30.678292+00:00
[2022-09-25 20:58:30,795] {processor.py:161} INFO - Processing /home/airflow/.local/lib/python3.7/site-packages/airflow/example_dags/example_skip_dag.py took 0.171 seconds
[2022-09-25 20:59:01,747] {processor.py:153} INFO - Started process (PID=194) to work on /home/airflow/.local/lib/python3.7/site-packages/airflow/example_dags/example_skip_dag.py
[2022-09-25 20:59:01,752] {processor.py:641} INFO - Processing file /home/airflow/.local/lib/python3.7/site-packages/airflow/example_dags/example_skip_dag.py for tasks to queue
[2022-09-25 20:59:01,754] {logging_mixin.py:115} INFO - [2022-09-25 20:59:01,753] {dagbag.py:507} INFO - Filling up the DagBag from /home/airflow/.local/lib/python3.7/site-packages/airflow/example_dags/example_skip_dag.py
[2022-09-25 20:59:01,762] {processor.py:651} INFO - DAG(s) dict_keys(['example_skip_dag']) retrieved from /home/airflow/.local/lib/python3.7/site-packages/airflow/example_dags/example_skip_dag.py
[2022-09-25 20:59:01,805] {logging_mixin.py:115} INFO - [2022-09-25 20:59:01,804] {dag.py:2371} INFO - Sync 1 DAGs
[2022-09-25 20:59:01,839] {logging_mixin.py:115} INFO - [2022-09-25 20:59:01,839] {dag.py:2919} INFO - Setting next_dagrun for example_skip_dag to 2022-09-24T20:59:01.839361+00:00, run_after=2022-09-25T20:59:01.839361+00:00
[2022-09-25 20:59:01,890] {processor.py:161} INFO - Processing /home/airflow/.local/lib/python3.7/site-packages/airflow/example_dags/example_skip_dag.py took 0.148 seconds
[2022-09-25 20:59:32,046] {processor.py:153} INFO - Started process (PID=248) to work on /home/airflow/.local/lib/python3.7/site-packages/airflow/example_dags/example_skip_dag.py
[2022-09-25 20:59:32,047] {processor.py:641} INFO - Processing file /home/airflow/.local/lib/python3.7/site-packages/airflow/example_dags/example_skip_dag.py for tasks to queue
[2022-09-25 20:59:32,048] {logging_mixin.py:115} INFO - [2022-09-25 20:59:32,048] {dagbag.py:507} INFO - Filling up the DagBag from /home/airflow/.local/lib/python3.7/site-packages/airflow/example_dags/example_skip_dag.py
[2022-09-25 20:59:32,054] {processor.py:651} INFO - DAG(s) dict_keys(['example_skip_dag']) retrieved from /home/airflow/.local/lib/python3.7/site-packages/airflow/example_dags/example_skip_dag.py
[2022-09-25 20:59:32,075] {logging_mixin.py:115} INFO - [2022-09-25 20:59:32,075] {dag.py:2371} INFO - Sync 1 DAGs
[2022-09-25 20:59:32,093] {logging_mixin.py:115} INFO - [2022-09-25 20:59:32,093] {dag.py:2919} INFO - Setting next_dagrun for example_skip_dag to 2022-09-24T20:59:32.093089+00:00, run_after=2022-09-25T20:59:32.093089+00:00
[2022-09-25 20:59:32,105] {processor.py:161} INFO - Processing /home/airflow/.local/lib/python3.7/site-packages/airflow/example_dags/example_skip_dag.py took 0.061 seconds
[2022-09-25 21:00:03,387] {processor.py:153} INFO - Started process (PID=312) to work on /home/airflow/.local/lib/python3.7/site-packages/airflow/example_dags/example_skip_dag.py
[2022-09-25 21:00:03,389] {processor.py:641} INFO - Processing file /home/airflow/.local/lib/python3.7/site-packages/airflow/example_dags/example_skip_dag.py for tasks to queue
[2022-09-25 21:00:03,391] {logging_mixin.py:115} INFO - [2022-09-25 21:00:03,391] {dagbag.py:507} INFO - Filling up the DagBag from /home/airflow/.local/lib/python3.7/site-packages/airflow/example_dags/example_skip_dag.py
[2022-09-25 21:00:03,397] {processor.py:651} INFO - DAG(s) dict_keys(['example_skip_dag']) retrieved from /home/airflow/.local/lib/python3.7/site-packages/airflow/example_dags/example_skip_dag.py
[2022-09-25 21:00:03,420] {logging_mixin.py:115} INFO - [2022-09-25 21:00:03,420] {dag.py:2371} INFO - Sync 1 DAGs
[2022-09-25 21:00:03,441] {logging_mixin.py:115} INFO - [2022-09-25 21:00:03,441] {dag.py:2919} INFO - Setting next_dagrun for example_skip_dag to 2022-09-24T21:00:03.441661+00:00, run_after=2022-09-25T21:00:03.441661+00:00
[2022-09-25 21:00:03,453] {processor.py:161} INFO - Processing /home/airflow/.local/lib/python3.7/site-packages/airflow/example_dags/example_skip_dag.py took 0.071 seconds
[2022-09-25 21:00:34,501] {processor.py:153} INFO - Started process (PID=375) to work on /home/airflow/.local/lib/python3.7/site-packages/airflow/example_dags/example_skip_dag.py
[2022-09-25 21:00:34,503] {processor.py:641} INFO - Processing file /home/airflow/.local/lib/python3.7/site-packages/airflow/example_dags/example_skip_dag.py for tasks to queue
[2022-09-25 21:00:34,505] {logging_mixin.py:115} INFO - [2022-09-25 21:00:34,505] {dagbag.py:507} INFO - Filling up the DagBag from /home/airflow/.local/lib/python3.7/site-packages/airflow/example_dags/example_skip_dag.py
[2022-09-25 21:00:34,513] {processor.py:651} INFO - DAG(s) dict_keys(['example_skip_dag']) retrieved from /home/airflow/.local/lib/python3.7/site-packages/airflow/example_dags/example_skip_dag.py
[2022-09-25 21:00:34,544] {logging_mixin.py:115} INFO - [2022-09-25 21:00:34,544] {dag.py:2371} INFO - Sync 1 DAGs
[2022-09-25 21:00:34,566] {logging_mixin.py:115} INFO - [2022-09-25 21:00:34,566] {dag.py:2919} INFO - Setting next_dagrun for example_skip_dag to 2022-09-24T21:00:34.565872+00:00, run_after=2022-09-25T21:00:34.565872+00:00
[2022-09-25 21:00:34,578] {processor.py:161} INFO - Processing /home/airflow/.local/lib/python3.7/site-packages/airflow/example_dags/example_skip_dag.py took 0.080 seconds
[2022-09-25 21:01:05,277] {processor.py:153} INFO - Started process (PID=438) to work on /home/airflow/.local/lib/python3.7/site-packages/airflow/example_dags/example_skip_dag.py
[2022-09-25 21:01:05,278] {processor.py:641} INFO - Processing file /home/airflow/.local/lib/python3.7/site-packages/airflow/example_dags/example_skip_dag.py for tasks to queue
[2022-09-25 21:01:05,279] {logging_mixin.py:115} INFO - [2022-09-25 21:01:05,279] {dagbag.py:507} INFO - Filling up the DagBag from /home/airflow/.local/lib/python3.7/site-packages/airflow/example_dags/example_skip_dag.py
[2022-09-25 21:01:05,286] {processor.py:651} INFO - DAG(s) dict_keys(['example_skip_dag']) retrieved from /home/airflow/.local/lib/python3.7/site-packages/airflow/example_dags/example_skip_dag.py
[2022-09-25 21:01:05,304] {logging_mixin.py:115} INFO - [2022-09-25 21:01:05,304] {dag.py:2371} INFO - Sync 1 DAGs
[2022-09-25 21:01:05,317] {logging_mixin.py:115} INFO - [2022-09-25 21:01:05,317] {dag.py:2919} INFO - Setting next_dagrun for example_skip_dag to 2022-09-24T21:01:05.317624+00:00, run_after=2022-09-25T21:01:05.317624+00:00
[2022-09-25 21:01:05,324] {processor.py:161} INFO - Processing /home/airflow/.local/lib/python3.7/site-packages/airflow/example_dags/example_skip_dag.py took 0.050 seconds
[2022-09-25 21:01:35,874] {processor.py:153} INFO - Started process (PID=501) to work on /home/airflow/.local/lib/python3.7/site-packages/airflow/example_dags/example_skip_dag.py
[2022-09-25 21:01:35,875] {processor.py:641} INFO - Processing file /home/airflow/.local/lib/python3.7/site-packages/airflow/example_dags/example_skip_dag.py for tasks to queue
[2022-09-25 21:01:35,876] {logging_mixin.py:115} INFO - [2022-09-25 21:01:35,876] {dagbag.py:507} INFO - Filling up the DagBag from /home/airflow/.local/lib/python3.7/site-packages/airflow/example_dags/example_skip_dag.py
[2022-09-25 21:01:35,881] {processor.py:651} INFO - DAG(s) dict_keys(['example_skip_dag']) retrieved from /home/airflow/.local/lib/python3.7/site-packages/airflow/example_dags/example_skip_dag.py
[2022-09-25 21:01:35,898] {logging_mixin.py:115} INFO - [2022-09-25 21:01:35,898] {dag.py:2371} INFO - Sync 1 DAGs
[2022-09-25 21:01:35,912] {logging_mixin.py:115} INFO - [2022-09-25 21:01:35,912] {dag.py:2919} INFO - Setting next_dagrun for example_skip_dag to 2022-09-24T21:01:35.912035+00:00, run_after=2022-09-25T21:01:35.912035+00:00
[2022-09-25 21:01:35,919] {processor.py:161} INFO - Processing /home/airflow/.local/lib/python3.7/site-packages/airflow/example_dags/example_skip_dag.py took 0.047 seconds
[2022-09-25 21:02:06,099] {processor.py:153} INFO - Started process (PID=563) to work on /home/airflow/.local/lib/python3.7/site-packages/airflow/example_dags/example_skip_dag.py
[2022-09-25 21:02:06,101] {processor.py:641} INFO - Processing file /home/airflow/.local/lib/python3.7/site-packages/airflow/example_dags/example_skip_dag.py for tasks to queue
[2022-09-25 21:02:06,102] {logging_mixin.py:115} INFO - [2022-09-25 21:02:06,102] {dagbag.py:507} INFO - Filling up the DagBag from /home/airflow/.local/lib/python3.7/site-packages/airflow/example_dags/example_skip_dag.py
[2022-09-25 21:02:06,107] {processor.py:651} INFO - DAG(s) dict_keys(['example_skip_dag']) retrieved from /home/airflow/.local/lib/python3.7/site-packages/airflow/example_dags/example_skip_dag.py
[2022-09-25 21:02:06,130] {logging_mixin.py:115} INFO - [2022-09-25 21:02:06,130] {dag.py:2371} INFO - Sync 1 DAGs
[2022-09-25 21:02:06,150] {logging_mixin.py:115} INFO - [2022-09-25 21:02:06,149] {dag.py:2919} INFO - Setting next_dagrun for example_skip_dag to 2022-09-24T21:02:06.149764+00:00, run_after=2022-09-25T21:02:06.149764+00:00
[2022-09-25 21:02:06,158] {processor.py:161} INFO - Processing /home/airflow/.local/lib/python3.7/site-packages/airflow/example_dags/example_skip_dag.py took 0.061 seconds
[2022-09-25 21:02:36,904] {processor.py:153} INFO - Started process (PID=618) to work on /home/airflow/.local/lib/python3.7/site-packages/airflow/example_dags/example_skip_dag.py
[2022-09-25 21:02:36,906] {processor.py:641} INFO - Processing file /home/airflow/.local/lib/python3.7/site-packages/airflow/example_dags/example_skip_dag.py for tasks to queue
[2022-09-25 21:02:36,907] {logging_mixin.py:115} INFO - [2022-09-25 21:02:36,906] {dagbag.py:507} INFO - Filling up the DagBag from /home/airflow/.local/lib/python3.7/site-packages/airflow/example_dags/example_skip_dag.py
[2022-09-25 21:02:36,912] {processor.py:651} INFO - DAG(s) dict_keys(['example_skip_dag']) retrieved from /home/airflow/.local/lib/python3.7/site-packages/airflow/example_dags/example_skip_dag.py
[2022-09-25 21:02:36,929] {logging_mixin.py:115} INFO - [2022-09-25 21:02:36,929] {dag.py:2371} INFO - Sync 1 DAGs
[2022-09-25 21:02:36,947] {logging_mixin.py:115} INFO - [2022-09-25 21:02:36,946] {dag.py:2919} INFO - Setting next_dagrun for example_skip_dag to 2022-09-24T21:02:36.946793+00:00, run_after=2022-09-25T21:02:36.946793+00:00
[2022-09-25 21:02:36,957] {processor.py:161} INFO - Processing /home/airflow/.local/lib/python3.7/site-packages/airflow/example_dags/example_skip_dag.py took 0.056 seconds
[2022-09-25 21:03:07,271] {processor.py:153} INFO - Started process (PID=683) to work on /home/airflow/.local/lib/python3.7/site-packages/airflow/example_dags/example_skip_dag.py
[2022-09-25 21:03:07,272] {processor.py:641} INFO - Processing file /home/airflow/.local/lib/python3.7/site-packages/airflow/example_dags/example_skip_dag.py for tasks to queue
[2022-09-25 21:03:07,273] {logging_mixin.py:115} INFO - [2022-09-25 21:03:07,272] {dagbag.py:507} INFO - Filling up the DagBag from /home/airflow/.local/lib/python3.7/site-packages/airflow/example_dags/example_skip_dag.py
[2022-09-25 21:03:07,276] {processor.py:651} INFO - DAG(s) dict_keys(['example_skip_dag']) retrieved from /home/airflow/.local/lib/python3.7/site-packages/airflow/example_dags/example_skip_dag.py
[2022-09-25 21:03:07,294] {logging_mixin.py:115} INFO - [2022-09-25 21:03:07,294] {dag.py:2371} INFO - Sync 1 DAGs
[2022-09-25 21:03:07,307] {logging_mixin.py:115} INFO - [2022-09-25 21:03:07,307] {dag.py:2919} INFO - Setting next_dagrun for example_skip_dag to 2022-09-24T21:03:07.307514+00:00, run_after=2022-09-25T21:03:07.307514+00:00
[2022-09-25 21:03:07,315] {processor.py:161} INFO - Processing /home/airflow/.local/lib/python3.7/site-packages/airflow/example_dags/example_skip_dag.py took 0.046 seconds
[2022-09-25 21:03:38,167] {processor.py:153} INFO - Started process (PID=746) to work on /home/airflow/.local/lib/python3.7/site-packages/airflow/example_dags/example_skip_dag.py
[2022-09-25 21:03:38,170] {processor.py:641} INFO - Processing file /home/airflow/.local/lib/python3.7/site-packages/airflow/example_dags/example_skip_dag.py for tasks to queue
[2022-09-25 21:03:38,174] {logging_mixin.py:115} INFO - [2022-09-25 21:03:38,174] {dagbag.py:507} INFO - Filling up the DagBag from /home/airflow/.local/lib/python3.7/site-packages/airflow/example_dags/example_skip_dag.py
[2022-09-25 21:03:38,183] {processor.py:651} INFO - DAG(s) dict_keys(['example_skip_dag']) retrieved from /home/airflow/.local/lib/python3.7/site-packages/airflow/example_dags/example_skip_dag.py
[2022-09-25 21:03:38,214] {logging_mixin.py:115} INFO - [2022-09-25 21:03:38,214] {dag.py:2371} INFO - Sync 1 DAGs
[2022-09-25 21:03:38,241] {logging_mixin.py:115} INFO - [2022-09-25 21:03:38,241] {dag.py:2919} INFO - Setting next_dagrun for example_skip_dag to 2022-09-24T21:03:38.241055+00:00, run_after=2022-09-25T21:03:38.241055+00:00
[2022-09-25 21:03:38,253] {processor.py:161} INFO - Processing /home/airflow/.local/lib/python3.7/site-packages/airflow/example_dags/example_skip_dag.py took 0.090 seconds
[2022-09-25 21:04:09,134] {processor.py:153} INFO - Started process (PID=809) to work on /home/airflow/.local/lib/python3.7/site-packages/airflow/example_dags/example_skip_dag.py
[2022-09-25 21:04:09,135] {processor.py:641} INFO - Processing file /home/airflow/.local/lib/python3.7/site-packages/airflow/example_dags/example_skip_dag.py for tasks to queue
[2022-09-25 21:04:09,137] {logging_mixin.py:115} INFO - [2022-09-25 21:04:09,137] {dagbag.py:507} INFO - Filling up the DagBag from /home/airflow/.local/lib/python3.7/site-packages/airflow/example_dags/example_skip_dag.py
[2022-09-25 21:04:09,141] {processor.py:651} INFO - DAG(s) dict_keys(['example_skip_dag']) retrieved from /home/airflow/.local/lib/python3.7/site-packages/airflow/example_dags/example_skip_dag.py
[2022-09-25 21:04:09,158] {logging_mixin.py:115} INFO - [2022-09-25 21:04:09,158] {dag.py:2371} INFO - Sync 1 DAGs
[2022-09-25 21:04:09,172] {logging_mixin.py:115} INFO - [2022-09-25 21:04:09,172] {dag.py:2919} INFO - Setting next_dagrun for example_skip_dag to 2022-09-24T21:04:09.172547+00:00, run_after=2022-09-25T21:04:09.172547+00:00
[2022-09-25 21:04:09,180] {processor.py:161} INFO - Processing /home/airflow/.local/lib/python3.7/site-packages/airflow/example_dags/example_skip_dag.py took 0.048 seconds
[2022-09-25 21:04:40,012] {processor.py:153} INFO - Started process (PID=872) to work on /home/airflow/.local/lib/python3.7/site-packages/airflow/example_dags/example_skip_dag.py
[2022-09-25 21:04:40,013] {processor.py:641} INFO - Processing file /home/airflow/.local/lib/python3.7/site-packages/airflow/example_dags/example_skip_dag.py for tasks to queue
[2022-09-25 21:04:40,014] {logging_mixin.py:115} INFO - [2022-09-25 21:04:40,014] {dagbag.py:507} INFO - Filling up the DagBag from /home/airflow/.local/lib/python3.7/site-packages/airflow/example_dags/example_skip_dag.py
[2022-09-25 21:04:40,017] {processor.py:651} INFO - DAG(s) dict_keys(['example_skip_dag']) retrieved from /home/airflow/.local/lib/python3.7/site-packages/airflow/example_dags/example_skip_dag.py
[2022-09-25 21:04:40,033] {logging_mixin.py:115} INFO - [2022-09-25 21:04:40,033] {dag.py:2371} INFO - Sync 1 DAGs
[2022-09-25 21:04:40,049] {logging_mixin.py:115} INFO - [2022-09-25 21:04:40,049] {dag.py:2919} INFO - Setting next_dagrun for example_skip_dag to 2022-09-24T21:04:40.049400+00:00, run_after=2022-09-25T21:04:40.049400+00:00
[2022-09-25 21:04:40,060] {processor.py:161} INFO - Processing /home/airflow/.local/lib/python3.7/site-packages/airflow/example_dags/example_skip_dag.py took 0.051 seconds
[2022-09-25 21:05:10,799] {processor.py:153} INFO - Started process (PID=935) to work on /home/airflow/.local/lib/python3.7/site-packages/airflow/example_dags/example_skip_dag.py
[2022-09-25 21:05:10,800] {processor.py:641} INFO - Processing file /home/airflow/.local/lib/python3.7/site-packages/airflow/example_dags/example_skip_dag.py for tasks to queue
[2022-09-25 21:05:10,801] {logging_mixin.py:115} INFO - [2022-09-25 21:05:10,800] {dagbag.py:507} INFO - Filling up the DagBag from /home/airflow/.local/lib/python3.7/site-packages/airflow/example_dags/example_skip_dag.py
[2022-09-25 21:05:10,804] {processor.py:651} INFO - DAG(s) dict_keys(['example_skip_dag']) retrieved from /home/airflow/.local/lib/python3.7/site-packages/airflow/example_dags/example_skip_dag.py
[2022-09-25 21:05:10,820] {logging_mixin.py:115} INFO - [2022-09-25 21:05:10,820] {dag.py:2371} INFO - Sync 1 DAGs
[2022-09-25 21:05:10,834] {logging_mixin.py:115} INFO - [2022-09-25 21:05:10,834] {dag.py:2919} INFO - Setting next_dagrun for example_skip_dag to 2022-09-24T21:05:10.834164+00:00, run_after=2022-09-25T21:05:10.834164+00:00
[2022-09-25 21:05:10,841] {processor.py:161} INFO - Processing /home/airflow/.local/lib/python3.7/site-packages/airflow/example_dags/example_skip_dag.py took 0.044 seconds
[2022-09-25 21:05:41,679] {processor.py:153} INFO - Started process (PID=999) to work on /home/airflow/.local/lib/python3.7/site-packages/airflow/example_dags/example_skip_dag.py
[2022-09-25 21:05:41,680] {processor.py:641} INFO - Processing file /home/airflow/.local/lib/python3.7/site-packages/airflow/example_dags/example_skip_dag.py for tasks to queue
[2022-09-25 21:05:41,681] {logging_mixin.py:115} INFO - [2022-09-25 21:05:41,681] {dagbag.py:507} INFO - Filling up the DagBag from /home/airflow/.local/lib/python3.7/site-packages/airflow/example_dags/example_skip_dag.py
[2022-09-25 21:05:41,686] {processor.py:651} INFO - DAG(s) dict_keys(['example_skip_dag']) retrieved from /home/airflow/.local/lib/python3.7/site-packages/airflow/example_dags/example_skip_dag.py
[2022-09-25 21:05:41,713] {logging_mixin.py:115} INFO - [2022-09-25 21:05:41,713] {dag.py:2371} INFO - Sync 1 DAGs
[2022-09-25 21:05:41,731] {logging_mixin.py:115} INFO - [2022-09-25 21:05:41,731] {dag.py:2919} INFO - Setting next_dagrun for example_skip_dag to 2022-09-24T21:05:41.730853+00:00, run_after=2022-09-25T21:05:41.730853+00:00
[2022-09-25 21:05:41,740] {processor.py:161} INFO - Processing /home/airflow/.local/lib/python3.7/site-packages/airflow/example_dags/example_skip_dag.py took 0.063 seconds
[2022-09-25 21:06:12,532] {processor.py:153} INFO - Started process (PID=1053) to work on /home/airflow/.local/lib/python3.7/site-packages/airflow/example_dags/example_skip_dag.py
[2022-09-25 21:06:12,533] {processor.py:641} INFO - Processing file /home/airflow/.local/lib/python3.7/site-packages/airflow/example_dags/example_skip_dag.py for tasks to queue
[2022-09-25 21:06:12,534] {logging_mixin.py:115} INFO - [2022-09-25 21:06:12,534] {dagbag.py:507} INFO - Filling up the DagBag from /home/airflow/.local/lib/python3.7/site-packages/airflow/example_dags/example_skip_dag.py
[2022-09-25 21:06:12,538] {processor.py:651} INFO - DAG(s) dict_keys(['example_skip_dag']) retrieved from /home/airflow/.local/lib/python3.7/site-packages/airflow/example_dags/example_skip_dag.py
[2022-09-25 21:06:12,557] {logging_mixin.py:115} INFO - [2022-09-25 21:06:12,557] {dag.py:2371} INFO - Sync 1 DAGs
[2022-09-25 21:06:12,576] {logging_mixin.py:115} INFO - [2022-09-25 21:06:12,576] {dag.py:2919} INFO - Setting next_dagrun for example_skip_dag to 2022-09-24T21:06:12.575077+00:00, run_after=2022-09-25T21:06:12.575077+00:00
[2022-09-25 21:06:12,585] {processor.py:161} INFO - Processing /home/airflow/.local/lib/python3.7/site-packages/airflow/example_dags/example_skip_dag.py took 0.055 seconds
[2022-09-25 21:06:43,503] {processor.py:153} INFO - Started process (PID=1115) to work on /home/airflow/.local/lib/python3.7/site-packages/airflow/example_dags/example_skip_dag.py
[2022-09-25 21:06:43,504] {processor.py:641} INFO - Processing file /home/airflow/.local/lib/python3.7/site-packages/airflow/example_dags/example_skip_dag.py for tasks to queue
[2022-09-25 21:06:43,505] {logging_mixin.py:115} INFO - [2022-09-25 21:06:43,505] {dagbag.py:507} INFO - Filling up the DagBag from /home/airflow/.local/lib/python3.7/site-packages/airflow/example_dags/example_skip_dag.py
[2022-09-25 21:06:43,508] {processor.py:651} INFO - DAG(s) dict_keys(['example_skip_dag']) retrieved from /home/airflow/.local/lib/python3.7/site-packages/airflow/example_dags/example_skip_dag.py
[2022-09-25 21:06:43,527] {logging_mixin.py:115} INFO - [2022-09-25 21:06:43,527] {dag.py:2371} INFO - Sync 1 DAGs
[2022-09-25 21:06:43,541] {logging_mixin.py:115} INFO - [2022-09-25 21:06:43,541] {dag.py:2919} INFO - Setting next_dagrun for example_skip_dag to 2022-09-24T21:06:43.541092+00:00, run_after=2022-09-25T21:06:43.541092+00:00
[2022-09-25 21:06:43,548] {processor.py:161} INFO - Processing /home/airflow/.local/lib/python3.7/site-packages/airflow/example_dags/example_skip_dag.py took 0.047 seconds
[2022-09-25 21:07:14,445] {processor.py:153} INFO - Started process (PID=1178) to work on /home/airflow/.local/lib/python3.7/site-packages/airflow/example_dags/example_skip_dag.py
[2022-09-25 21:07:14,447] {processor.py:641} INFO - Processing file /home/airflow/.local/lib/python3.7/site-packages/airflow/example_dags/example_skip_dag.py for tasks to queue
[2022-09-25 21:07:14,448] {logging_mixin.py:115} INFO - [2022-09-25 21:07:14,448] {dagbag.py:507} INFO - Filling up the DagBag from /home/airflow/.local/lib/python3.7/site-packages/airflow/example_dags/example_skip_dag.py
[2022-09-25 21:07:14,451] {processor.py:651} INFO - DAG(s) dict_keys(['example_skip_dag']) retrieved from /home/airflow/.local/lib/python3.7/site-packages/airflow/example_dags/example_skip_dag.py
[2022-09-25 21:07:14,468] {logging_mixin.py:115} INFO - [2022-09-25 21:07:14,468] {dag.py:2371} INFO - Sync 1 DAGs
[2022-09-25 21:07:14,482] {logging_mixin.py:115} INFO - [2022-09-25 21:07:14,482] {dag.py:2919} INFO - Setting next_dagrun for example_skip_dag to 2022-09-24T21:07:14.482614+00:00, run_after=2022-09-25T21:07:14.482614+00:00
[2022-09-25 21:07:14,489] {processor.py:161} INFO - Processing /home/airflow/.local/lib/python3.7/site-packages/airflow/example_dags/example_skip_dag.py took 0.046 seconds
[2022-09-25 21:07:45,245] {processor.py:153} INFO - Started process (PID=1241) to work on /home/airflow/.local/lib/python3.7/site-packages/airflow/example_dags/example_skip_dag.py
[2022-09-25 21:07:45,247] {processor.py:641} INFO - Processing file /home/airflow/.local/lib/python3.7/site-packages/airflow/example_dags/example_skip_dag.py for tasks to queue
[2022-09-25 21:07:45,248] {logging_mixin.py:115} INFO - [2022-09-25 21:07:45,248] {dagbag.py:507} INFO - Filling up the DagBag from /home/airflow/.local/lib/python3.7/site-packages/airflow/example_dags/example_skip_dag.py
[2022-09-25 21:07:45,251] {processor.py:651} INFO - DAG(s) dict_keys(['example_skip_dag']) retrieved from /home/airflow/.local/lib/python3.7/site-packages/airflow/example_dags/example_skip_dag.py
[2022-09-25 21:07:45,267] {logging_mixin.py:115} INFO - [2022-09-25 21:07:45,267] {dag.py:2371} INFO - Sync 1 DAGs
[2022-09-25 21:07:45,280] {logging_mixin.py:115} INFO - [2022-09-25 21:07:45,280] {dag.py:2919} INFO - Setting next_dagrun for example_skip_dag to 2022-09-24T21:07:45.280641+00:00, run_after=2022-09-25T21:07:45.280641+00:00
[2022-09-25 21:07:45,288] {processor.py:161} INFO - Processing /home/airflow/.local/lib/python3.7/site-packages/airflow/example_dags/example_skip_dag.py took 0.044 seconds
[2022-09-25 21:08:15,410] {processor.py:153} INFO - Started process (PID=1304) to work on /home/airflow/.local/lib/python3.7/site-packages/airflow/example_dags/example_skip_dag.py
[2022-09-25 21:08:15,411] {processor.py:641} INFO - Processing file /home/airflow/.local/lib/python3.7/site-packages/airflow/example_dags/example_skip_dag.py for tasks to queue
[2022-09-25 21:08:15,412] {logging_mixin.py:115} INFO - [2022-09-25 21:08:15,412] {dagbag.py:507} INFO - Filling up the DagBag from /home/airflow/.local/lib/python3.7/site-packages/airflow/example_dags/example_skip_dag.py
[2022-09-25 21:08:15,415] {processor.py:651} INFO - DAG(s) dict_keys(['example_skip_dag']) retrieved from /home/airflow/.local/lib/python3.7/site-packages/airflow/example_dags/example_skip_dag.py
[2022-09-25 21:08:15,432] {logging_mixin.py:115} INFO - [2022-09-25 21:08:15,432] {dag.py:2371} INFO - Sync 1 DAGs
[2022-09-25 21:08:15,445] {logging_mixin.py:115} INFO - [2022-09-25 21:08:15,445] {dag.py:2919} INFO - Setting next_dagrun for example_skip_dag to 2022-09-24T21:08:15.445626+00:00, run_after=2022-09-25T21:08:15.445626+00:00
[2022-09-25 21:08:15,452] {processor.py:161} INFO - Processing /home/airflow/.local/lib/python3.7/site-packages/airflow/example_dags/example_skip_dag.py took 0.044 seconds
[2022-09-25 21:08:46,298] {processor.py:153} INFO - Started process (PID=1366) to work on /home/airflow/.local/lib/python3.7/site-packages/airflow/example_dags/example_skip_dag.py
[2022-09-25 21:08:46,300] {processor.py:641} INFO - Processing file /home/airflow/.local/lib/python3.7/site-packages/airflow/example_dags/example_skip_dag.py for tasks to queue
[2022-09-25 21:08:46,301] {logging_mixin.py:115} INFO - [2022-09-25 21:08:46,301] {dagbag.py:507} INFO - Filling up the DagBag from /home/airflow/.local/lib/python3.7/site-packages/airflow/example_dags/example_skip_dag.py
[2022-09-25 21:08:46,305] {processor.py:651} INFO - DAG(s) dict_keys(['example_skip_dag']) retrieved from /home/airflow/.local/lib/python3.7/site-packages/airflow/example_dags/example_skip_dag.py
[2022-09-25 21:08:46,321] {logging_mixin.py:115} INFO - [2022-09-25 21:08:46,321] {dag.py:2371} INFO - Sync 1 DAGs
[2022-09-25 21:08:46,335] {logging_mixin.py:115} INFO - [2022-09-25 21:08:46,335] {dag.py:2919} INFO - Setting next_dagrun for example_skip_dag to 2022-09-24T21:08:46.335696+00:00, run_after=2022-09-25T21:08:46.335696+00:00
[2022-09-25 21:08:46,343] {processor.py:161} INFO - Processing /home/airflow/.local/lib/python3.7/site-packages/airflow/example_dags/example_skip_dag.py took 0.047 seconds
[2022-09-25 21:09:16,385] {processor.py:153} INFO - Started process (PID=1420) to work on /home/airflow/.local/lib/python3.7/site-packages/airflow/example_dags/example_skip_dag.py
[2022-09-25 21:09:16,387] {processor.py:641} INFO - Processing file /home/airflow/.local/lib/python3.7/site-packages/airflow/example_dags/example_skip_dag.py for tasks to queue
[2022-09-25 21:09:16,388] {logging_mixin.py:115} INFO - [2022-09-25 21:09:16,388] {dagbag.py:507} INFO - Filling up the DagBag from /home/airflow/.local/lib/python3.7/site-packages/airflow/example_dags/example_skip_dag.py
[2022-09-25 21:09:16,391] {processor.py:651} INFO - DAG(s) dict_keys(['example_skip_dag']) retrieved from /home/airflow/.local/lib/python3.7/site-packages/airflow/example_dags/example_skip_dag.py
[2022-09-25 21:09:16,408] {logging_mixin.py:115} INFO - [2022-09-25 21:09:16,408] {dag.py:2371} INFO - Sync 1 DAGs
[2022-09-25 21:09:16,421] {logging_mixin.py:115} INFO - [2022-09-25 21:09:16,421] {dag.py:2919} INFO - Setting next_dagrun for example_skip_dag to 2022-09-24T21:09:16.421775+00:00, run_after=2022-09-25T21:09:16.421775+00:00
[2022-09-25 21:09:16,429] {processor.py:161} INFO - Processing /home/airflow/.local/lib/python3.7/site-packages/airflow/example_dags/example_skip_dag.py took 0.046 seconds
[2022-09-25 21:09:47,368] {processor.py:153} INFO - Started process (PID=1482) to work on /home/airflow/.local/lib/python3.7/site-packages/airflow/example_dags/example_skip_dag.py
[2022-09-25 21:09:47,370] {processor.py:641} INFO - Processing file /home/airflow/.local/lib/python3.7/site-packages/airflow/example_dags/example_skip_dag.py for tasks to queue
[2022-09-25 21:09:47,370] {logging_mixin.py:115} INFO - [2022-09-25 21:09:47,370] {dagbag.py:507} INFO - Filling up the DagBag from /home/airflow/.local/lib/python3.7/site-packages/airflow/example_dags/example_skip_dag.py
[2022-09-25 21:09:47,375] {processor.py:651} INFO - DAG(s) dict_keys(['example_skip_dag']) retrieved from /home/airflow/.local/lib/python3.7/site-packages/airflow/example_dags/example_skip_dag.py
[2022-09-25 21:09:47,393] {logging_mixin.py:115} INFO - [2022-09-25 21:09:47,393] {dag.py:2371} INFO - Sync 1 DAGs
[2022-09-25 21:09:47,409] {logging_mixin.py:115} INFO - [2022-09-25 21:09:47,409] {dag.py:2919} INFO - Setting next_dagrun for example_skip_dag to 2022-09-24T21:09:47.408962+00:00, run_after=2022-09-25T21:09:47.408962+00:00
[2022-09-25 21:09:47,416] {processor.py:161} INFO - Processing /home/airflow/.local/lib/python3.7/site-packages/airflow/example_dags/example_skip_dag.py took 0.049 seconds
[2022-09-25 21:10:18,251] {processor.py:153} INFO - Started process (PID=1546) to work on /home/airflow/.local/lib/python3.7/site-packages/airflow/example_dags/example_skip_dag.py
[2022-09-25 21:10:18,253] {processor.py:641} INFO - Processing file /home/airflow/.local/lib/python3.7/site-packages/airflow/example_dags/example_skip_dag.py for tasks to queue
[2022-09-25 21:10:18,253] {logging_mixin.py:115} INFO - [2022-09-25 21:10:18,253] {dagbag.py:507} INFO - Filling up the DagBag from /home/airflow/.local/lib/python3.7/site-packages/airflow/example_dags/example_skip_dag.py
[2022-09-25 21:10:18,257] {processor.py:651} INFO - DAG(s) dict_keys(['example_skip_dag']) retrieved from /home/airflow/.local/lib/python3.7/site-packages/airflow/example_dags/example_skip_dag.py
[2022-09-25 21:10:18,276] {logging_mixin.py:115} INFO - [2022-09-25 21:10:18,276] {dag.py:2371} INFO - Sync 1 DAGs
[2022-09-25 21:10:18,289] {logging_mixin.py:115} INFO - [2022-09-25 21:10:18,289] {dag.py:2919} INFO - Setting next_dagrun for example_skip_dag to 2022-09-24T21:10:18.289418+00:00, run_after=2022-09-25T21:10:18.289418+00:00
[2022-09-25 21:10:18,296] {processor.py:161} INFO - Processing /home/airflow/.local/lib/python3.7/site-packages/airflow/example_dags/example_skip_dag.py took 0.047 seconds
[2022-09-25 21:10:49,304] {processor.py:153} INFO - Started process (PID=1608) to work on /home/airflow/.local/lib/python3.7/site-packages/airflow/example_dags/example_skip_dag.py
[2022-09-25 21:10:49,305] {processor.py:641} INFO - Processing file /home/airflow/.local/lib/python3.7/site-packages/airflow/example_dags/example_skip_dag.py for tasks to queue
[2022-09-25 21:10:49,306] {logging_mixin.py:115} INFO - [2022-09-25 21:10:49,306] {dagbag.py:507} INFO - Filling up the DagBag from /home/airflow/.local/lib/python3.7/site-packages/airflow/example_dags/example_skip_dag.py
[2022-09-25 21:10:49,310] {processor.py:651} INFO - DAG(s) dict_keys(['example_skip_dag']) retrieved from /home/airflow/.local/lib/python3.7/site-packages/airflow/example_dags/example_skip_dag.py
[2022-09-25 21:10:49,326] {logging_mixin.py:115} INFO - [2022-09-25 21:10:49,326] {dag.py:2371} INFO - Sync 1 DAGs
[2022-09-25 21:10:49,339] {logging_mixin.py:115} INFO - [2022-09-25 21:10:49,339] {dag.py:2919} INFO - Setting next_dagrun for example_skip_dag to 2022-09-24T21:10:49.339293+00:00, run_after=2022-09-25T21:10:49.339293+00:00
[2022-09-25 21:10:49,345] {processor.py:161} INFO - Processing /home/airflow/.local/lib/python3.7/site-packages/airflow/example_dags/example_skip_dag.py took 0.043 seconds
[2022-09-25 21:11:20,203] {processor.py:153} INFO - Started process (PID=1671) to work on /home/airflow/.local/lib/python3.7/site-packages/airflow/example_dags/example_skip_dag.py
[2022-09-25 21:11:20,204] {processor.py:641} INFO - Processing file /home/airflow/.local/lib/python3.7/site-packages/airflow/example_dags/example_skip_dag.py for tasks to queue
[2022-09-25 21:11:20,205] {logging_mixin.py:115} INFO - [2022-09-25 21:11:20,205] {dagbag.py:507} INFO - Filling up the DagBag from /home/airflow/.local/lib/python3.7/site-packages/airflow/example_dags/example_skip_dag.py
[2022-09-25 21:11:20,208] {processor.py:651} INFO - DAG(s) dict_keys(['example_skip_dag']) retrieved from /home/airflow/.local/lib/python3.7/site-packages/airflow/example_dags/example_skip_dag.py
[2022-09-25 21:11:20,227] {logging_mixin.py:115} INFO - [2022-09-25 21:11:20,227] {dag.py:2371} INFO - Sync 1 DAGs
[2022-09-25 21:11:20,240] {logging_mixin.py:115} INFO - [2022-09-25 21:11:20,240] {dag.py:2919} INFO - Setting next_dagrun for example_skip_dag to 2022-09-24T21:11:20.240373+00:00, run_after=2022-09-25T21:11:20.240373+00:00
[2022-09-25 21:11:20,247] {processor.py:161} INFO - Processing /home/airflow/.local/lib/python3.7/site-packages/airflow/example_dags/example_skip_dag.py took 0.046 seconds
[2022-09-25 21:11:51,063] {processor.py:153} INFO - Started process (PID=1724) to work on /home/airflow/.local/lib/python3.7/site-packages/airflow/example_dags/example_skip_dag.py
[2022-09-25 21:11:51,064] {processor.py:641} INFO - Processing file /home/airflow/.local/lib/python3.7/site-packages/airflow/example_dags/example_skip_dag.py for tasks to queue
[2022-09-25 21:11:51,065] {logging_mixin.py:115} INFO - [2022-09-25 21:11:51,065] {dagbag.py:507} INFO - Filling up the DagBag from /home/airflow/.local/lib/python3.7/site-packages/airflow/example_dags/example_skip_dag.py
[2022-09-25 21:11:51,069] {processor.py:651} INFO - DAG(s) dict_keys(['example_skip_dag']) retrieved from /home/airflow/.local/lib/python3.7/site-packages/airflow/example_dags/example_skip_dag.py
[2022-09-25 21:11:51,086] {logging_mixin.py:115} INFO - [2022-09-25 21:11:51,086] {dag.py:2371} INFO - Sync 1 DAGs
[2022-09-25 21:11:51,101] {logging_mixin.py:115} INFO - [2022-09-25 21:11:51,101] {dag.py:2919} INFO - Setting next_dagrun for example_skip_dag to 2022-09-24T21:11:51.101009+00:00, run_after=2022-09-25T21:11:51.101009+00:00
[2022-09-25 21:11:51,109] {processor.py:161} INFO - Processing /home/airflow/.local/lib/python3.7/site-packages/airflow/example_dags/example_skip_dag.py took 0.049 seconds
[2022-09-25 21:12:21,255] {processor.py:153} INFO - Started process (PID=1788) to work on /home/airflow/.local/lib/python3.7/site-packages/airflow/example_dags/example_skip_dag.py
[2022-09-25 21:12:21,257] {processor.py:641} INFO - Processing file /home/airflow/.local/lib/python3.7/site-packages/airflow/example_dags/example_skip_dag.py for tasks to queue
[2022-09-25 21:12:21,258] {logging_mixin.py:115} INFO - [2022-09-25 21:12:21,258] {dagbag.py:507} INFO - Filling up the DagBag from /home/airflow/.local/lib/python3.7/site-packages/airflow/example_dags/example_skip_dag.py
[2022-09-25 21:12:21,262] {processor.py:651} INFO - DAG(s) dict_keys(['example_skip_dag']) retrieved from /home/airflow/.local/lib/python3.7/site-packages/airflow/example_dags/example_skip_dag.py
[2022-09-25 21:12:21,279] {logging_mixin.py:115} INFO - [2022-09-25 21:12:21,279] {dag.py:2371} INFO - Sync 1 DAGs
[2022-09-25 21:12:21,292] {logging_mixin.py:115} INFO - [2022-09-25 21:12:21,292] {dag.py:2919} INFO - Setting next_dagrun for example_skip_dag to 2022-09-24T21:12:21.291883+00:00, run_after=2022-09-25T21:12:21.291883+00:00
[2022-09-25 21:12:21,298] {processor.py:161} INFO - Processing /home/airflow/.local/lib/python3.7/site-packages/airflow/example_dags/example_skip_dag.py took 0.045 seconds
[2022-09-25 21:12:51,985] {processor.py:153} INFO - Started process (PID=1852) to work on /home/airflow/.local/lib/python3.7/site-packages/airflow/example_dags/example_skip_dag.py
[2022-09-25 21:12:51,986] {processor.py:641} INFO - Processing file /home/airflow/.local/lib/python3.7/site-packages/airflow/example_dags/example_skip_dag.py for tasks to queue
[2022-09-25 21:12:51,987] {logging_mixin.py:115} INFO - [2022-09-25 21:12:51,987] {dagbag.py:507} INFO - Filling up the DagBag from /home/airflow/.local/lib/python3.7/site-packages/airflow/example_dags/example_skip_dag.py
[2022-09-25 21:12:51,990] {processor.py:651} INFO - DAG(s) dict_keys(['example_skip_dag']) retrieved from /home/airflow/.local/lib/python3.7/site-packages/airflow/example_dags/example_skip_dag.py
[2022-09-25 21:12:52,008] {logging_mixin.py:115} INFO - [2022-09-25 21:12:52,008] {dag.py:2371} INFO - Sync 1 DAGs
[2022-09-25 21:12:52,021] {logging_mixin.py:115} INFO - [2022-09-25 21:12:52,021] {dag.py:2919} INFO - Setting next_dagrun for example_skip_dag to 2022-09-24T21:12:52.021022+00:00, run_after=2022-09-25T21:12:52.021022+00:00
[2022-09-25 21:12:52,027] {processor.py:161} INFO - Processing /home/airflow/.local/lib/python3.7/site-packages/airflow/example_dags/example_skip_dag.py took 0.045 seconds
[2022-09-25 21:13:22,687] {processor.py:153} INFO - Started process (PID=1915) to work on /home/airflow/.local/lib/python3.7/site-packages/airflow/example_dags/example_skip_dag.py
[2022-09-25 21:13:22,688] {processor.py:641} INFO - Processing file /home/airflow/.local/lib/python3.7/site-packages/airflow/example_dags/example_skip_dag.py for tasks to queue
[2022-09-25 21:13:22,689] {logging_mixin.py:115} INFO - [2022-09-25 21:13:22,689] {dagbag.py:507} INFO - Filling up the DagBag from /home/airflow/.local/lib/python3.7/site-packages/airflow/example_dags/example_skip_dag.py
[2022-09-25 21:13:22,692] {processor.py:651} INFO - DAG(s) dict_keys(['example_skip_dag']) retrieved from /home/airflow/.local/lib/python3.7/site-packages/airflow/example_dags/example_skip_dag.py
[2022-09-25 21:13:22,709] {logging_mixin.py:115} INFO - [2022-09-25 21:13:22,709] {dag.py:2371} INFO - Sync 1 DAGs
[2022-09-25 21:13:22,720] {logging_mixin.py:115} INFO - [2022-09-25 21:13:22,720] {dag.py:2919} INFO - Setting next_dagrun for example_skip_dag to 2022-09-24T21:13:22.720493+00:00, run_after=2022-09-25T21:13:22.720493+00:00
[2022-09-25 21:13:22,727] {processor.py:161} INFO - Processing /home/airflow/.local/lib/python3.7/site-packages/airflow/example_dags/example_skip_dag.py took 0.041 seconds
