[2022-09-25 20:58:01,700] {processor.py:153} INFO - Started process (PID=75) to work on /home/airflow/.local/lib/python3.7/site-packages/airflow/example_dags/example_time_delta_sensor_async.py
[2022-09-25 20:58:01,702] {processor.py:641} INFO - Processing file /home/airflow/.local/lib/python3.7/site-packages/airflow/example_dags/example_time_delta_sensor_async.py for tasks to queue
[2022-09-25 20:58:01,705] {logging_mixin.py:115} INFO - [2022-09-25 20:58:01,705] {dagbag.py:507} INFO - Filling up the DagBag from /home/airflow/.local/lib/python3.7/site-packages/airflow/example_dags/example_time_delta_sensor_async.py
[2022-09-25 20:58:01,741] {processor.py:651} INFO - DAG(s) dict_keys(['example_time_delta_sensor_async']) retrieved from /home/airflow/.local/lib/python3.7/site-packages/airflow/example_dags/example_time_delta_sensor_async.py
[2022-09-25 20:58:02,131] {logging_mixin.py:115} INFO - [2022-09-25 20:58:02,131] {manager.py:508} INFO - Created Permission View: can edit on DAG:example_time_delta_sensor_async
[2022-09-25 20:58:02,144] {logging_mixin.py:115} INFO - [2022-09-25 20:58:02,144] {manager.py:508} INFO - Created Permission View: can read on DAG:example_time_delta_sensor_async
[2022-09-25 20:58:02,151] {logging_mixin.py:115} INFO - [2022-09-25 20:58:02,151] {manager.py:508} INFO - Created Permission View: can delete on DAG:example_time_delta_sensor_async
[2022-09-25 20:58:02,153] {logging_mixin.py:115} INFO - [2022-09-25 20:58:02,153] {dag.py:2371} INFO - Sync 1 DAGs
[2022-09-25 20:58:02,160] {logging_mixin.py:115} INFO - [2022-09-25 20:58:02,160] {dag.py:2390} INFO - Creating ORM DAG for example_time_delta_sensor_async
[2022-09-25 20:58:02,172] {logging_mixin.py:115} INFO - [2022-09-25 20:58:02,172] {dag.py:2919} INFO - Setting next_dagrun for example_time_delta_sensor_async to None, run_after=None
[2022-09-25 20:58:02,183] {processor.py:161} INFO - Processing /home/airflow/.local/lib/python3.7/site-packages/airflow/example_dags/example_time_delta_sensor_async.py took 0.494 seconds
[2022-09-25 20:58:32,516] {processor.py:153} INFO - Started process (PID=138) to work on /home/airflow/.local/lib/python3.7/site-packages/airflow/example_dags/example_time_delta_sensor_async.py
[2022-09-25 20:58:32,518] {processor.py:641} INFO - Processing file /home/airflow/.local/lib/python3.7/site-packages/airflow/example_dags/example_time_delta_sensor_async.py for tasks to queue
[2022-09-25 20:58:32,519] {logging_mixin.py:115} INFO - [2022-09-25 20:58:32,519] {dagbag.py:507} INFO - Filling up the DagBag from /home/airflow/.local/lib/python3.7/site-packages/airflow/example_dags/example_time_delta_sensor_async.py
[2022-09-25 20:58:32,523] {processor.py:651} INFO - DAG(s) dict_keys(['example_time_delta_sensor_async']) retrieved from /home/airflow/.local/lib/python3.7/site-packages/airflow/example_dags/example_time_delta_sensor_async.py
[2022-09-25 20:58:32,556] {logging_mixin.py:115} INFO - [2022-09-25 20:58:32,556] {dag.py:2371} INFO - Sync 1 DAGs
[2022-09-25 20:58:32,574] {logging_mixin.py:115} INFO - [2022-09-25 20:58:32,574] {dag.py:2919} INFO - Setting next_dagrun for example_time_delta_sensor_async to None, run_after=None
[2022-09-25 20:58:32,581] {processor.py:161} INFO - Processing /home/airflow/.local/lib/python3.7/site-packages/airflow/example_dags/example_time_delta_sensor_async.py took 0.067 seconds
[2022-09-25 20:59:03,418] {processor.py:153} INFO - Started process (PID=201) to work on /home/airflow/.local/lib/python3.7/site-packages/airflow/example_dags/example_time_delta_sensor_async.py
[2022-09-25 20:59:03,421] {processor.py:641} INFO - Processing file /home/airflow/.local/lib/python3.7/site-packages/airflow/example_dags/example_time_delta_sensor_async.py for tasks to queue
[2022-09-25 20:59:03,422] {logging_mixin.py:115} INFO - [2022-09-25 20:59:03,422] {dagbag.py:507} INFO - Filling up the DagBag from /home/airflow/.local/lib/python3.7/site-packages/airflow/example_dags/example_time_delta_sensor_async.py
[2022-09-25 20:59:03,427] {processor.py:651} INFO - DAG(s) dict_keys(['example_time_delta_sensor_async']) retrieved from /home/airflow/.local/lib/python3.7/site-packages/airflow/example_dags/example_time_delta_sensor_async.py
[2022-09-25 20:59:03,490] {logging_mixin.py:115} INFO - [2022-09-25 20:59:03,490] {dag.py:2371} INFO - Sync 1 DAGs
[2022-09-25 20:59:03,520] {logging_mixin.py:115} INFO - [2022-09-25 20:59:03,520] {dag.py:2919} INFO - Setting next_dagrun for example_time_delta_sensor_async to None, run_after=None
[2022-09-25 20:59:03,545] {processor.py:161} INFO - Processing /home/airflow/.local/lib/python3.7/site-packages/airflow/example_dags/example_time_delta_sensor_async.py took 0.132 seconds
[2022-09-25 20:59:34,039] {processor.py:153} INFO - Started process (PID=265) to work on /home/airflow/.local/lib/python3.7/site-packages/airflow/example_dags/example_time_delta_sensor_async.py
[2022-09-25 20:59:34,041] {processor.py:641} INFO - Processing file /home/airflow/.local/lib/python3.7/site-packages/airflow/example_dags/example_time_delta_sensor_async.py for tasks to queue
[2022-09-25 20:59:34,042] {logging_mixin.py:115} INFO - [2022-09-25 20:59:34,042] {dagbag.py:507} INFO - Filling up the DagBag from /home/airflow/.local/lib/python3.7/site-packages/airflow/example_dags/example_time_delta_sensor_async.py
[2022-09-25 20:59:34,048] {processor.py:651} INFO - DAG(s) dict_keys(['example_time_delta_sensor_async']) retrieved from /home/airflow/.local/lib/python3.7/site-packages/airflow/example_dags/example_time_delta_sensor_async.py
[2022-09-25 20:59:34,089] {logging_mixin.py:115} INFO - [2022-09-25 20:59:34,089] {dag.py:2371} INFO - Sync 1 DAGs
[2022-09-25 20:59:34,107] {logging_mixin.py:115} INFO - [2022-09-25 20:59:34,107] {dag.py:2919} INFO - Setting next_dagrun for example_time_delta_sensor_async to None, run_after=None
[2022-09-25 20:59:34,116] {processor.py:161} INFO - Processing /home/airflow/.local/lib/python3.7/site-packages/airflow/example_dags/example_time_delta_sensor_async.py took 0.079 seconds
[2022-09-25 21:00:05,187] {processor.py:153} INFO - Started process (PID=319) to work on /home/airflow/.local/lib/python3.7/site-packages/airflow/example_dags/example_time_delta_sensor_async.py
[2022-09-25 21:00:05,189] {processor.py:641} INFO - Processing file /home/airflow/.local/lib/python3.7/site-packages/airflow/example_dags/example_time_delta_sensor_async.py for tasks to queue
[2022-09-25 21:00:05,191] {logging_mixin.py:115} INFO - [2022-09-25 21:00:05,191] {dagbag.py:507} INFO - Filling up the DagBag from /home/airflow/.local/lib/python3.7/site-packages/airflow/example_dags/example_time_delta_sensor_async.py
[2022-09-25 21:00:05,197] {processor.py:651} INFO - DAG(s) dict_keys(['example_time_delta_sensor_async']) retrieved from /home/airflow/.local/lib/python3.7/site-packages/airflow/example_dags/example_time_delta_sensor_async.py
[2022-09-25 21:00:05,245] {logging_mixin.py:115} INFO - [2022-09-25 21:00:05,245] {dag.py:2371} INFO - Sync 1 DAGs
[2022-09-25 21:00:05,263] {logging_mixin.py:115} INFO - [2022-09-25 21:00:05,263] {dag.py:2919} INFO - Setting next_dagrun for example_time_delta_sensor_async to None, run_after=None
[2022-09-25 21:00:05,271] {processor.py:161} INFO - Processing /home/airflow/.local/lib/python3.7/site-packages/airflow/example_dags/example_time_delta_sensor_async.py took 0.087 seconds
[2022-09-25 21:00:35,423] {processor.py:153} INFO - Started process (PID=382) to work on /home/airflow/.local/lib/python3.7/site-packages/airflow/example_dags/example_time_delta_sensor_async.py
[2022-09-25 21:00:35,425] {processor.py:641} INFO - Processing file /home/airflow/.local/lib/python3.7/site-packages/airflow/example_dags/example_time_delta_sensor_async.py for tasks to queue
[2022-09-25 21:00:35,426] {logging_mixin.py:115} INFO - [2022-09-25 21:00:35,426] {dagbag.py:507} INFO - Filling up the DagBag from /home/airflow/.local/lib/python3.7/site-packages/airflow/example_dags/example_time_delta_sensor_async.py
[2022-09-25 21:00:35,430] {processor.py:651} INFO - DAG(s) dict_keys(['example_time_delta_sensor_async']) retrieved from /home/airflow/.local/lib/python3.7/site-packages/airflow/example_dags/example_time_delta_sensor_async.py
[2022-09-25 21:00:35,503] {logging_mixin.py:115} INFO - [2022-09-25 21:00:35,503] {dag.py:2371} INFO - Sync 1 DAGs
[2022-09-25 21:00:35,525] {logging_mixin.py:115} INFO - [2022-09-25 21:00:35,525] {dag.py:2919} INFO - Setting next_dagrun for example_time_delta_sensor_async to None, run_after=None
[2022-09-25 21:00:35,536] {processor.py:161} INFO - Processing /home/airflow/.local/lib/python3.7/site-packages/airflow/example_dags/example_time_delta_sensor_async.py took 0.116 seconds
[2022-09-25 21:01:06,054] {processor.py:153} INFO - Started process (PID=445) to work on /home/airflow/.local/lib/python3.7/site-packages/airflow/example_dags/example_time_delta_sensor_async.py
[2022-09-25 21:01:06,056] {processor.py:641} INFO - Processing file /home/airflow/.local/lib/python3.7/site-packages/airflow/example_dags/example_time_delta_sensor_async.py for tasks to queue
[2022-09-25 21:01:06,059] {logging_mixin.py:115} INFO - [2022-09-25 21:01:06,059] {dagbag.py:507} INFO - Filling up the DagBag from /home/airflow/.local/lib/python3.7/site-packages/airflow/example_dags/example_time_delta_sensor_async.py
[2022-09-25 21:01:06,066] {processor.py:651} INFO - DAG(s) dict_keys(['example_time_delta_sensor_async']) retrieved from /home/airflow/.local/lib/python3.7/site-packages/airflow/example_dags/example_time_delta_sensor_async.py
[2022-09-25 21:01:06,103] {logging_mixin.py:115} INFO - [2022-09-25 21:01:06,103] {dag.py:2371} INFO - Sync 1 DAGs
[2022-09-25 21:01:06,123] {logging_mixin.py:115} INFO - [2022-09-25 21:01:06,122] {dag.py:2919} INFO - Setting next_dagrun for example_time_delta_sensor_async to None, run_after=None
[2022-09-25 21:01:06,136] {processor.py:161} INFO - Processing /home/airflow/.local/lib/python3.7/site-packages/airflow/example_dags/example_time_delta_sensor_async.py took 0.084 seconds
[2022-09-25 21:01:36,479] {processor.py:153} INFO - Started process (PID=508) to work on /home/airflow/.local/lib/python3.7/site-packages/airflow/example_dags/example_time_delta_sensor_async.py
[2022-09-25 21:01:36,480] {processor.py:641} INFO - Processing file /home/airflow/.local/lib/python3.7/site-packages/airflow/example_dags/example_time_delta_sensor_async.py for tasks to queue
[2022-09-25 21:01:36,481] {logging_mixin.py:115} INFO - [2022-09-25 21:01:36,481] {dagbag.py:507} INFO - Filling up the DagBag from /home/airflow/.local/lib/python3.7/site-packages/airflow/example_dags/example_time_delta_sensor_async.py
[2022-09-25 21:01:36,486] {processor.py:651} INFO - DAG(s) dict_keys(['example_time_delta_sensor_async']) retrieved from /home/airflow/.local/lib/python3.7/site-packages/airflow/example_dags/example_time_delta_sensor_async.py
[2022-09-25 21:01:36,520] {logging_mixin.py:115} INFO - [2022-09-25 21:01:36,520] {dag.py:2371} INFO - Sync 1 DAGs
[2022-09-25 21:01:36,537] {logging_mixin.py:115} INFO - [2022-09-25 21:01:36,537] {dag.py:2919} INFO - Setting next_dagrun for example_time_delta_sensor_async to None, run_after=None
[2022-09-25 21:01:36,546] {processor.py:161} INFO - Processing /home/airflow/.local/lib/python3.7/site-packages/airflow/example_dags/example_time_delta_sensor_async.py took 0.070 seconds
[2022-09-25 21:02:06,812] {processor.py:153} INFO - Started process (PID=571) to work on /home/airflow/.local/lib/python3.7/site-packages/airflow/example_dags/example_time_delta_sensor_async.py
[2022-09-25 21:02:06,813] {processor.py:641} INFO - Processing file /home/airflow/.local/lib/python3.7/site-packages/airflow/example_dags/example_time_delta_sensor_async.py for tasks to queue
[2022-09-25 21:02:06,814] {logging_mixin.py:115} INFO - [2022-09-25 21:02:06,814] {dagbag.py:507} INFO - Filling up the DagBag from /home/airflow/.local/lib/python3.7/site-packages/airflow/example_dags/example_time_delta_sensor_async.py
[2022-09-25 21:02:06,818] {processor.py:651} INFO - DAG(s) dict_keys(['example_time_delta_sensor_async']) retrieved from /home/airflow/.local/lib/python3.7/site-packages/airflow/example_dags/example_time_delta_sensor_async.py
[2022-09-25 21:02:06,847] {logging_mixin.py:115} INFO - [2022-09-25 21:02:06,847] {dag.py:2371} INFO - Sync 1 DAGs
[2022-09-25 21:02:06,864] {logging_mixin.py:115} INFO - [2022-09-25 21:02:06,864] {dag.py:2919} INFO - Setting next_dagrun for example_time_delta_sensor_async to None, run_after=None
[2022-09-25 21:02:06,873] {processor.py:161} INFO - Processing /home/airflow/.local/lib/python3.7/site-packages/airflow/example_dags/example_time_delta_sensor_async.py took 0.063 seconds
[2022-09-25 21:02:37,561] {processor.py:153} INFO - Started process (PID=625) to work on /home/airflow/.local/lib/python3.7/site-packages/airflow/example_dags/example_time_delta_sensor_async.py
[2022-09-25 21:02:37,563] {processor.py:641} INFO - Processing file /home/airflow/.local/lib/python3.7/site-packages/airflow/example_dags/example_time_delta_sensor_async.py for tasks to queue
[2022-09-25 21:02:37,564] {logging_mixin.py:115} INFO - [2022-09-25 21:02:37,564] {dagbag.py:507} INFO - Filling up the DagBag from /home/airflow/.local/lib/python3.7/site-packages/airflow/example_dags/example_time_delta_sensor_async.py
[2022-09-25 21:02:37,570] {processor.py:651} INFO - DAG(s) dict_keys(['example_time_delta_sensor_async']) retrieved from /home/airflow/.local/lib/python3.7/site-packages/airflow/example_dags/example_time_delta_sensor_async.py
[2022-09-25 21:02:37,628] {logging_mixin.py:115} INFO - [2022-09-25 21:02:37,627] {dag.py:2371} INFO - Sync 1 DAGs
[2022-09-25 21:02:37,647] {logging_mixin.py:115} INFO - [2022-09-25 21:02:37,647] {dag.py:2919} INFO - Setting next_dagrun for example_time_delta_sensor_async to None, run_after=None
[2022-09-25 21:02:37,656] {processor.py:161} INFO - Processing /home/airflow/.local/lib/python3.7/site-packages/airflow/example_dags/example_time_delta_sensor_async.py took 0.097 seconds
[2022-09-25 21:03:08,602] {processor.py:153} INFO - Started process (PID=690) to work on /home/airflow/.local/lib/python3.7/site-packages/airflow/example_dags/example_time_delta_sensor_async.py
[2022-09-25 21:03:08,604] {processor.py:641} INFO - Processing file /home/airflow/.local/lib/python3.7/site-packages/airflow/example_dags/example_time_delta_sensor_async.py for tasks to queue
[2022-09-25 21:03:08,604] {logging_mixin.py:115} INFO - [2022-09-25 21:03:08,604] {dagbag.py:507} INFO - Filling up the DagBag from /home/airflow/.local/lib/python3.7/site-packages/airflow/example_dags/example_time_delta_sensor_async.py
[2022-09-25 21:03:08,609] {processor.py:651} INFO - DAG(s) dict_keys(['example_time_delta_sensor_async']) retrieved from /home/airflow/.local/lib/python3.7/site-packages/airflow/example_dags/example_time_delta_sensor_async.py
[2022-09-25 21:03:08,643] {logging_mixin.py:115} INFO - [2022-09-25 21:03:08,643] {dag.py:2371} INFO - Sync 1 DAGs
[2022-09-25 21:03:08,662] {logging_mixin.py:115} INFO - [2022-09-25 21:03:08,662] {dag.py:2919} INFO - Setting next_dagrun for example_time_delta_sensor_async to None, run_after=None
[2022-09-25 21:03:08,671] {processor.py:161} INFO - Processing /home/airflow/.local/lib/python3.7/site-packages/airflow/example_dags/example_time_delta_sensor_async.py took 0.071 seconds
[2022-09-25 21:03:39,610] {processor.py:153} INFO - Started process (PID=753) to work on /home/airflow/.local/lib/python3.7/site-packages/airflow/example_dags/example_time_delta_sensor_async.py
[2022-09-25 21:03:39,612] {processor.py:641} INFO - Processing file /home/airflow/.local/lib/python3.7/site-packages/airflow/example_dags/example_time_delta_sensor_async.py for tasks to queue
[2022-09-25 21:03:39,613] {logging_mixin.py:115} INFO - [2022-09-25 21:03:39,613] {dagbag.py:507} INFO - Filling up the DagBag from /home/airflow/.local/lib/python3.7/site-packages/airflow/example_dags/example_time_delta_sensor_async.py
[2022-09-25 21:03:39,618] {processor.py:651} INFO - DAG(s) dict_keys(['example_time_delta_sensor_async']) retrieved from /home/airflow/.local/lib/python3.7/site-packages/airflow/example_dags/example_time_delta_sensor_async.py
[2022-09-25 21:03:39,646] {logging_mixin.py:115} INFO - [2022-09-25 21:03:39,646] {dag.py:2371} INFO - Sync 1 DAGs
[2022-09-25 21:03:39,660] {logging_mixin.py:115} INFO - [2022-09-25 21:03:39,660] {dag.py:2919} INFO - Setting next_dagrun for example_time_delta_sensor_async to None, run_after=None
[2022-09-25 21:03:39,669] {processor.py:161} INFO - Processing /home/airflow/.local/lib/python3.7/site-packages/airflow/example_dags/example_time_delta_sensor_async.py took 0.063 seconds
[2022-09-25 21:04:10,457] {processor.py:153} INFO - Started process (PID=816) to work on /home/airflow/.local/lib/python3.7/site-packages/airflow/example_dags/example_time_delta_sensor_async.py
[2022-09-25 21:04:10,458] {processor.py:641} INFO - Processing file /home/airflow/.local/lib/python3.7/site-packages/airflow/example_dags/example_time_delta_sensor_async.py for tasks to queue
[2022-09-25 21:04:10,459] {logging_mixin.py:115} INFO - [2022-09-25 21:04:10,459] {dagbag.py:507} INFO - Filling up the DagBag from /home/airflow/.local/lib/python3.7/site-packages/airflow/example_dags/example_time_delta_sensor_async.py
[2022-09-25 21:04:10,467] {processor.py:651} INFO - DAG(s) dict_keys(['example_time_delta_sensor_async']) retrieved from /home/airflow/.local/lib/python3.7/site-packages/airflow/example_dags/example_time_delta_sensor_async.py
[2022-09-25 21:04:10,510] {logging_mixin.py:115} INFO - [2022-09-25 21:04:10,510] {dag.py:2371} INFO - Sync 1 DAGs
[2022-09-25 21:04:10,525] {logging_mixin.py:115} INFO - [2022-09-25 21:04:10,525] {dag.py:2919} INFO - Setting next_dagrun for example_time_delta_sensor_async to None, run_after=None
[2022-09-25 21:04:10,532] {processor.py:161} INFO - Processing /home/airflow/.local/lib/python3.7/site-packages/airflow/example_dags/example_time_delta_sensor_async.py took 0.079 seconds
[2022-09-25 21:04:41,345] {processor.py:153} INFO - Started process (PID=879) to work on /home/airflow/.local/lib/python3.7/site-packages/airflow/example_dags/example_time_delta_sensor_async.py
[2022-09-25 21:04:41,346] {processor.py:641} INFO - Processing file /home/airflow/.local/lib/python3.7/site-packages/airflow/example_dags/example_time_delta_sensor_async.py for tasks to queue
[2022-09-25 21:04:41,347] {logging_mixin.py:115} INFO - [2022-09-25 21:04:41,347] {dagbag.py:507} INFO - Filling up the DagBag from /home/airflow/.local/lib/python3.7/site-packages/airflow/example_dags/example_time_delta_sensor_async.py
[2022-09-25 21:04:41,355] {processor.py:651} INFO - DAG(s) dict_keys(['example_time_delta_sensor_async']) retrieved from /home/airflow/.local/lib/python3.7/site-packages/airflow/example_dags/example_time_delta_sensor_async.py
[2022-09-25 21:04:41,394] {logging_mixin.py:115} INFO - [2022-09-25 21:04:41,394] {dag.py:2371} INFO - Sync 1 DAGs
[2022-09-25 21:04:41,409] {logging_mixin.py:115} INFO - [2022-09-25 21:04:41,409] {dag.py:2919} INFO - Setting next_dagrun for example_time_delta_sensor_async to None, run_after=None
[2022-09-25 21:04:41,419] {processor.py:161} INFO - Processing /home/airflow/.local/lib/python3.7/site-packages/airflow/example_dags/example_time_delta_sensor_async.py took 0.078 seconds
[2022-09-25 21:05:12,142] {processor.py:153} INFO - Started process (PID=942) to work on /home/airflow/.local/lib/python3.7/site-packages/airflow/example_dags/example_time_delta_sensor_async.py
[2022-09-25 21:05:12,144] {processor.py:641} INFO - Processing file /home/airflow/.local/lib/python3.7/site-packages/airflow/example_dags/example_time_delta_sensor_async.py for tasks to queue
[2022-09-25 21:05:12,145] {logging_mixin.py:115} INFO - [2022-09-25 21:05:12,145] {dagbag.py:507} INFO - Filling up the DagBag from /home/airflow/.local/lib/python3.7/site-packages/airflow/example_dags/example_time_delta_sensor_async.py
[2022-09-25 21:05:12,151] {processor.py:651} INFO - DAG(s) dict_keys(['example_time_delta_sensor_async']) retrieved from /home/airflow/.local/lib/python3.7/site-packages/airflow/example_dags/example_time_delta_sensor_async.py
[2022-09-25 21:05:12,185] {logging_mixin.py:115} INFO - [2022-09-25 21:05:12,185] {dag.py:2371} INFO - Sync 1 DAGs
[2022-09-25 21:05:12,198] {logging_mixin.py:115} INFO - [2022-09-25 21:05:12,198] {dag.py:2919} INFO - Setting next_dagrun for example_time_delta_sensor_async to None, run_after=None
[2022-09-25 21:05:12,205] {processor.py:161} INFO - Processing /home/airflow/.local/lib/python3.7/site-packages/airflow/example_dags/example_time_delta_sensor_async.py took 0.067 seconds
[2022-09-25 21:05:43,060] {processor.py:153} INFO - Started process (PID=1006) to work on /home/airflow/.local/lib/python3.7/site-packages/airflow/example_dags/example_time_delta_sensor_async.py
[2022-09-25 21:05:43,062] {processor.py:641} INFO - Processing file /home/airflow/.local/lib/python3.7/site-packages/airflow/example_dags/example_time_delta_sensor_async.py for tasks to queue
[2022-09-25 21:05:43,064] {logging_mixin.py:115} INFO - [2022-09-25 21:05:43,063] {dagbag.py:507} INFO - Filling up the DagBag from /home/airflow/.local/lib/python3.7/site-packages/airflow/example_dags/example_time_delta_sensor_async.py
[2022-09-25 21:05:43,075] {processor.py:651} INFO - DAG(s) dict_keys(['example_time_delta_sensor_async']) retrieved from /home/airflow/.local/lib/python3.7/site-packages/airflow/example_dags/example_time_delta_sensor_async.py
[2022-09-25 21:05:43,120] {logging_mixin.py:115} INFO - [2022-09-25 21:05:43,120] {dag.py:2371} INFO - Sync 1 DAGs
[2022-09-25 21:05:43,135] {logging_mixin.py:115} INFO - [2022-09-25 21:05:43,135] {dag.py:2919} INFO - Setting next_dagrun for example_time_delta_sensor_async to None, run_after=None
[2022-09-25 21:05:43,143] {processor.py:161} INFO - Processing /home/airflow/.local/lib/python3.7/site-packages/airflow/example_dags/example_time_delta_sensor_async.py took 0.088 seconds
[2022-09-25 21:06:13,980] {processor.py:153} INFO - Started process (PID=1069) to work on /home/airflow/.local/lib/python3.7/site-packages/airflow/example_dags/example_time_delta_sensor_async.py
[2022-09-25 21:06:13,982] {processor.py:641} INFO - Processing file /home/airflow/.local/lib/python3.7/site-packages/airflow/example_dags/example_time_delta_sensor_async.py for tasks to queue
[2022-09-25 21:06:13,983] {logging_mixin.py:115} INFO - [2022-09-25 21:06:13,983] {dagbag.py:507} INFO - Filling up the DagBag from /home/airflow/.local/lib/python3.7/site-packages/airflow/example_dags/example_time_delta_sensor_async.py
[2022-09-25 21:06:13,991] {processor.py:651} INFO - DAG(s) dict_keys(['example_time_delta_sensor_async']) retrieved from /home/airflow/.local/lib/python3.7/site-packages/airflow/example_dags/example_time_delta_sensor_async.py
[2022-09-25 21:06:14,034] {logging_mixin.py:115} INFO - [2022-09-25 21:06:14,034] {dag.py:2371} INFO - Sync 1 DAGs
[2022-09-25 21:06:14,055] {logging_mixin.py:115} INFO - [2022-09-25 21:06:14,055] {dag.py:2919} INFO - Setting next_dagrun for example_time_delta_sensor_async to None, run_after=None
[2022-09-25 21:06:14,064] {processor.py:161} INFO - Processing /home/airflow/.local/lib/python3.7/site-packages/airflow/example_dags/example_time_delta_sensor_async.py took 0.088 seconds
[2022-09-25 21:06:44,773] {processor.py:153} INFO - Started process (PID=1122) to work on /home/airflow/.local/lib/python3.7/site-packages/airflow/example_dags/example_time_delta_sensor_async.py
[2022-09-25 21:06:44,775] {processor.py:641} INFO - Processing file /home/airflow/.local/lib/python3.7/site-packages/airflow/example_dags/example_time_delta_sensor_async.py for tasks to queue
[2022-09-25 21:06:44,777] {logging_mixin.py:115} INFO - [2022-09-25 21:06:44,777] {dagbag.py:507} INFO - Filling up the DagBag from /home/airflow/.local/lib/python3.7/site-packages/airflow/example_dags/example_time_delta_sensor_async.py
[2022-09-25 21:06:44,784] {processor.py:651} INFO - DAG(s) dict_keys(['example_time_delta_sensor_async']) retrieved from /home/airflow/.local/lib/python3.7/site-packages/airflow/example_dags/example_time_delta_sensor_async.py
[2022-09-25 21:06:44,822] {logging_mixin.py:115} INFO - [2022-09-25 21:06:44,822] {dag.py:2371} INFO - Sync 1 DAGs
[2022-09-25 21:06:44,836] {logging_mixin.py:115} INFO - [2022-09-25 21:06:44,836] {dag.py:2919} INFO - Setting next_dagrun for example_time_delta_sensor_async to None, run_after=None
[2022-09-25 21:06:44,844] {processor.py:161} INFO - Processing /home/airflow/.local/lib/python3.7/site-packages/airflow/example_dags/example_time_delta_sensor_async.py took 0.075 seconds
[2022-09-25 21:07:15,766] {processor.py:153} INFO - Started process (PID=1185) to work on /home/airflow/.local/lib/python3.7/site-packages/airflow/example_dags/example_time_delta_sensor_async.py
[2022-09-25 21:07:15,768] {processor.py:641} INFO - Processing file /home/airflow/.local/lib/python3.7/site-packages/airflow/example_dags/example_time_delta_sensor_async.py for tasks to queue
[2022-09-25 21:07:15,769] {logging_mixin.py:115} INFO - [2022-09-25 21:07:15,769] {dagbag.py:507} INFO - Filling up the DagBag from /home/airflow/.local/lib/python3.7/site-packages/airflow/example_dags/example_time_delta_sensor_async.py
[2022-09-25 21:07:15,776] {processor.py:651} INFO - DAG(s) dict_keys(['example_time_delta_sensor_async']) retrieved from /home/airflow/.local/lib/python3.7/site-packages/airflow/example_dags/example_time_delta_sensor_async.py
[2022-09-25 21:07:15,813] {logging_mixin.py:115} INFO - [2022-09-25 21:07:15,813] {dag.py:2371} INFO - Sync 1 DAGs
[2022-09-25 21:07:15,826] {logging_mixin.py:115} INFO - [2022-09-25 21:07:15,826] {dag.py:2919} INFO - Setting next_dagrun for example_time_delta_sensor_async to None, run_after=None
[2022-09-25 21:07:15,834] {processor.py:161} INFO - Processing /home/airflow/.local/lib/python3.7/site-packages/airflow/example_dags/example_time_delta_sensor_async.py took 0.075 seconds
[2022-09-25 21:07:46,559] {processor.py:153} INFO - Started process (PID=1248) to work on /home/airflow/.local/lib/python3.7/site-packages/airflow/example_dags/example_time_delta_sensor_async.py
[2022-09-25 21:07:46,561] {processor.py:641} INFO - Processing file /home/airflow/.local/lib/python3.7/site-packages/airflow/example_dags/example_time_delta_sensor_async.py for tasks to queue
[2022-09-25 21:07:46,563] {logging_mixin.py:115} INFO - [2022-09-25 21:07:46,563] {dagbag.py:507} INFO - Filling up the DagBag from /home/airflow/.local/lib/python3.7/site-packages/airflow/example_dags/example_time_delta_sensor_async.py
[2022-09-25 21:07:46,569] {processor.py:651} INFO - DAG(s) dict_keys(['example_time_delta_sensor_async']) retrieved from /home/airflow/.local/lib/python3.7/site-packages/airflow/example_dags/example_time_delta_sensor_async.py
[2022-09-25 21:07:46,606] {logging_mixin.py:115} INFO - [2022-09-25 21:07:46,606] {dag.py:2371} INFO - Sync 1 DAGs
[2022-09-25 21:07:46,620] {logging_mixin.py:115} INFO - [2022-09-25 21:07:46,620] {dag.py:2919} INFO - Setting next_dagrun for example_time_delta_sensor_async to None, run_after=None
[2022-09-25 21:07:46,629] {processor.py:161} INFO - Processing /home/airflow/.local/lib/python3.7/site-packages/airflow/example_dags/example_time_delta_sensor_async.py took 0.075 seconds
[2022-09-25 21:08:16,754] {processor.py:153} INFO - Started process (PID=1311) to work on /home/airflow/.local/lib/python3.7/site-packages/airflow/example_dags/example_time_delta_sensor_async.py
[2022-09-25 21:08:16,756] {processor.py:641} INFO - Processing file /home/airflow/.local/lib/python3.7/site-packages/airflow/example_dags/example_time_delta_sensor_async.py for tasks to queue
[2022-09-25 21:08:16,757] {logging_mixin.py:115} INFO - [2022-09-25 21:08:16,757] {dagbag.py:507} INFO - Filling up the DagBag from /home/airflow/.local/lib/python3.7/site-packages/airflow/example_dags/example_time_delta_sensor_async.py
[2022-09-25 21:08:16,764] {processor.py:651} INFO - DAG(s) dict_keys(['example_time_delta_sensor_async']) retrieved from /home/airflow/.local/lib/python3.7/site-packages/airflow/example_dags/example_time_delta_sensor_async.py
[2022-09-25 21:08:16,803] {logging_mixin.py:115} INFO - [2022-09-25 21:08:16,802] {dag.py:2371} INFO - Sync 1 DAGs
[2022-09-25 21:08:16,820] {logging_mixin.py:115} INFO - [2022-09-25 21:08:16,820] {dag.py:2919} INFO - Setting next_dagrun for example_time_delta_sensor_async to None, run_after=None
[2022-09-25 21:08:16,832] {processor.py:161} INFO - Processing /home/airflow/.local/lib/python3.7/site-packages/airflow/example_dags/example_time_delta_sensor_async.py took 0.083 seconds
[2022-09-25 21:08:47,684] {processor.py:153} INFO - Started process (PID=1373) to work on /home/airflow/.local/lib/python3.7/site-packages/airflow/example_dags/example_time_delta_sensor_async.py
[2022-09-25 21:08:47,686] {processor.py:641} INFO - Processing file /home/airflow/.local/lib/python3.7/site-packages/airflow/example_dags/example_time_delta_sensor_async.py for tasks to queue
[2022-09-25 21:08:47,688] {logging_mixin.py:115} INFO - [2022-09-25 21:08:47,688] {dagbag.py:507} INFO - Filling up the DagBag from /home/airflow/.local/lib/python3.7/site-packages/airflow/example_dags/example_time_delta_sensor_async.py
[2022-09-25 21:08:47,698] {processor.py:651} INFO - DAG(s) dict_keys(['example_time_delta_sensor_async']) retrieved from /home/airflow/.local/lib/python3.7/site-packages/airflow/example_dags/example_time_delta_sensor_async.py
[2022-09-25 21:08:47,740] {logging_mixin.py:115} INFO - [2022-09-25 21:08:47,740] {dag.py:2371} INFO - Sync 1 DAGs
[2022-09-25 21:08:47,755] {logging_mixin.py:115} INFO - [2022-09-25 21:08:47,755] {dag.py:2919} INFO - Setting next_dagrun for example_time_delta_sensor_async to None, run_after=None
[2022-09-25 21:08:47,762] {processor.py:161} INFO - Processing /home/airflow/.local/lib/python3.7/site-packages/airflow/example_dags/example_time_delta_sensor_async.py took 0.083 seconds
[2022-09-25 21:09:18,704] {processor.py:153} INFO - Started process (PID=1436) to work on /home/airflow/.local/lib/python3.7/site-packages/airflow/example_dags/example_time_delta_sensor_async.py
[2022-09-25 21:09:18,707] {processor.py:641} INFO - Processing file /home/airflow/.local/lib/python3.7/site-packages/airflow/example_dags/example_time_delta_sensor_async.py for tasks to queue
[2022-09-25 21:09:18,708] {logging_mixin.py:115} INFO - [2022-09-25 21:09:18,708] {dagbag.py:507} INFO - Filling up the DagBag from /home/airflow/.local/lib/python3.7/site-packages/airflow/example_dags/example_time_delta_sensor_async.py
[2022-09-25 21:09:18,720] {processor.py:651} INFO - DAG(s) dict_keys(['example_time_delta_sensor_async']) retrieved from /home/airflow/.local/lib/python3.7/site-packages/airflow/example_dags/example_time_delta_sensor_async.py
[2022-09-25 21:09:18,772] {logging_mixin.py:115} INFO - [2022-09-25 21:09:18,772] {dag.py:2371} INFO - Sync 1 DAGs
[2022-09-25 21:09:18,791] {logging_mixin.py:115} INFO - [2022-09-25 21:09:18,791] {dag.py:2919} INFO - Setting next_dagrun for example_time_delta_sensor_async to None, run_after=None
[2022-09-25 21:09:18,799] {processor.py:161} INFO - Processing /home/airflow/.local/lib/python3.7/site-packages/airflow/example_dags/example_time_delta_sensor_async.py took 0.103 seconds
[2022-09-25 21:09:49,711] {processor.py:153} INFO - Started process (PID=1489) to work on /home/airflow/.local/lib/python3.7/site-packages/airflow/example_dags/example_time_delta_sensor_async.py
[2022-09-25 21:09:49,712] {processor.py:641} INFO - Processing file /home/airflow/.local/lib/python3.7/site-packages/airflow/example_dags/example_time_delta_sensor_async.py for tasks to queue
[2022-09-25 21:09:49,714] {logging_mixin.py:115} INFO - [2022-09-25 21:09:49,714] {dagbag.py:507} INFO - Filling up the DagBag from /home/airflow/.local/lib/python3.7/site-packages/airflow/example_dags/example_time_delta_sensor_async.py
[2022-09-25 21:09:49,721] {processor.py:651} INFO - DAG(s) dict_keys(['example_time_delta_sensor_async']) retrieved from /home/airflow/.local/lib/python3.7/site-packages/airflow/example_dags/example_time_delta_sensor_async.py
[2022-09-25 21:09:49,765] {logging_mixin.py:115} INFO - [2022-09-25 21:09:49,765] {dag.py:2371} INFO - Sync 1 DAGs
[2022-09-25 21:09:49,781] {logging_mixin.py:115} INFO - [2022-09-25 21:09:49,781] {dag.py:2919} INFO - Setting next_dagrun for example_time_delta_sensor_async to None, run_after=None
[2022-09-25 21:09:49,789] {processor.py:161} INFO - Processing /home/airflow/.local/lib/python3.7/site-packages/airflow/example_dags/example_time_delta_sensor_async.py took 0.083 seconds
[2022-09-25 21:10:20,625] {processor.py:153} INFO - Started process (PID=1553) to work on /home/airflow/.local/lib/python3.7/site-packages/airflow/example_dags/example_time_delta_sensor_async.py
[2022-09-25 21:10:20,628] {processor.py:641} INFO - Processing file /home/airflow/.local/lib/python3.7/site-packages/airflow/example_dags/example_time_delta_sensor_async.py for tasks to queue
[2022-09-25 21:10:20,630] {logging_mixin.py:115} INFO - [2022-09-25 21:10:20,630] {dagbag.py:507} INFO - Filling up the DagBag from /home/airflow/.local/lib/python3.7/site-packages/airflow/example_dags/example_time_delta_sensor_async.py
[2022-09-25 21:10:20,638] {processor.py:651} INFO - DAG(s) dict_keys(['example_time_delta_sensor_async']) retrieved from /home/airflow/.local/lib/python3.7/site-packages/airflow/example_dags/example_time_delta_sensor_async.py
[2022-09-25 21:10:20,687] {logging_mixin.py:115} INFO - [2022-09-25 21:10:20,687] {dag.py:2371} INFO - Sync 1 DAGs
[2022-09-25 21:10:20,706] {logging_mixin.py:115} INFO - [2022-09-25 21:10:20,706] {dag.py:2919} INFO - Setting next_dagrun for example_time_delta_sensor_async to None, run_after=None
[2022-09-25 21:10:20,714] {processor.py:161} INFO - Processing /home/airflow/.local/lib/python3.7/site-packages/airflow/example_dags/example_time_delta_sensor_async.py took 0.094 seconds
[2022-09-25 21:10:51,603] {processor.py:153} INFO - Started process (PID=1615) to work on /home/airflow/.local/lib/python3.7/site-packages/airflow/example_dags/example_time_delta_sensor_async.py
[2022-09-25 21:10:51,604] {processor.py:641} INFO - Processing file /home/airflow/.local/lib/python3.7/site-packages/airflow/example_dags/example_time_delta_sensor_async.py for tasks to queue
[2022-09-25 21:10:51,606] {logging_mixin.py:115} INFO - [2022-09-25 21:10:51,606] {dagbag.py:507} INFO - Filling up the DagBag from /home/airflow/.local/lib/python3.7/site-packages/airflow/example_dags/example_time_delta_sensor_async.py
[2022-09-25 21:10:51,612] {processor.py:651} INFO - DAG(s) dict_keys(['example_time_delta_sensor_async']) retrieved from /home/airflow/.local/lib/python3.7/site-packages/airflow/example_dags/example_time_delta_sensor_async.py
[2022-09-25 21:10:51,651] {logging_mixin.py:115} INFO - [2022-09-25 21:10:51,651] {dag.py:2371} INFO - Sync 1 DAGs
[2022-09-25 21:10:51,667] {logging_mixin.py:115} INFO - [2022-09-25 21:10:51,667] {dag.py:2919} INFO - Setting next_dagrun for example_time_delta_sensor_async to None, run_after=None
[2022-09-25 21:10:51,676] {processor.py:161} INFO - Processing /home/airflow/.local/lib/python3.7/site-packages/airflow/example_dags/example_time_delta_sensor_async.py took 0.078 seconds
[2022-09-25 21:11:22,547] {processor.py:153} INFO - Started process (PID=1678) to work on /home/airflow/.local/lib/python3.7/site-packages/airflow/example_dags/example_time_delta_sensor_async.py
[2022-09-25 21:11:22,548] {processor.py:641} INFO - Processing file /home/airflow/.local/lib/python3.7/site-packages/airflow/example_dags/example_time_delta_sensor_async.py for tasks to queue
[2022-09-25 21:11:22,549] {logging_mixin.py:115} INFO - [2022-09-25 21:11:22,549] {dagbag.py:507} INFO - Filling up the DagBag from /home/airflow/.local/lib/python3.7/site-packages/airflow/example_dags/example_time_delta_sensor_async.py
[2022-09-25 21:11:22,554] {processor.py:651} INFO - DAG(s) dict_keys(['example_time_delta_sensor_async']) retrieved from /home/airflow/.local/lib/python3.7/site-packages/airflow/example_dags/example_time_delta_sensor_async.py
[2022-09-25 21:11:22,588] {logging_mixin.py:115} INFO - [2022-09-25 21:11:22,588] {dag.py:2371} INFO - Sync 1 DAGs
[2022-09-25 21:11:22,602] {logging_mixin.py:115} INFO - [2022-09-25 21:11:22,602] {dag.py:2919} INFO - Setting next_dagrun for example_time_delta_sensor_async to None, run_after=None
[2022-09-25 21:11:22,610] {processor.py:161} INFO - Processing /home/airflow/.local/lib/python3.7/site-packages/airflow/example_dags/example_time_delta_sensor_async.py took 0.065 seconds
[2022-09-25 21:11:52,722] {processor.py:153} INFO - Started process (PID=1740) to work on /home/airflow/.local/lib/python3.7/site-packages/airflow/example_dags/example_time_delta_sensor_async.py
[2022-09-25 21:11:52,728] {processor.py:641} INFO - Processing file /home/airflow/.local/lib/python3.7/site-packages/airflow/example_dags/example_time_delta_sensor_async.py for tasks to queue
[2022-09-25 21:11:52,732] {logging_mixin.py:115} INFO - [2022-09-25 21:11:52,732] {dagbag.py:507} INFO - Filling up the DagBag from /home/airflow/.local/lib/python3.7/site-packages/airflow/example_dags/example_time_delta_sensor_async.py
[2022-09-25 21:11:52,739] {processor.py:651} INFO - DAG(s) dict_keys(['example_time_delta_sensor_async']) retrieved from /home/airflow/.local/lib/python3.7/site-packages/airflow/example_dags/example_time_delta_sensor_async.py
[2022-09-25 21:11:52,782] {logging_mixin.py:115} INFO - [2022-09-25 21:11:52,782] {dag.py:2371} INFO - Sync 1 DAGs
[2022-09-25 21:11:52,812] {logging_mixin.py:115} INFO - [2022-09-25 21:11:52,811] {dag.py:2919} INFO - Setting next_dagrun for example_time_delta_sensor_async to None, run_after=None
[2022-09-25 21:11:52,829] {processor.py:161} INFO - Processing /home/airflow/.local/lib/python3.7/site-packages/airflow/example_dags/example_time_delta_sensor_async.py took 0.112 seconds
[2022-09-25 21:12:23,531] {processor.py:153} INFO - Started process (PID=1795) to work on /home/airflow/.local/lib/python3.7/site-packages/airflow/example_dags/example_time_delta_sensor_async.py
[2022-09-25 21:12:23,532] {processor.py:641} INFO - Processing file /home/airflow/.local/lib/python3.7/site-packages/airflow/example_dags/example_time_delta_sensor_async.py for tasks to queue
[2022-09-25 21:12:23,533] {logging_mixin.py:115} INFO - [2022-09-25 21:12:23,533] {dagbag.py:507} INFO - Filling up the DagBag from /home/airflow/.local/lib/python3.7/site-packages/airflow/example_dags/example_time_delta_sensor_async.py
[2022-09-25 21:12:23,536] {processor.py:651} INFO - DAG(s) dict_keys(['example_time_delta_sensor_async']) retrieved from /home/airflow/.local/lib/python3.7/site-packages/airflow/example_dags/example_time_delta_sensor_async.py
[2022-09-25 21:12:23,568] {logging_mixin.py:115} INFO - [2022-09-25 21:12:23,568] {dag.py:2371} INFO - Sync 1 DAGs
[2022-09-25 21:12:23,582] {logging_mixin.py:115} INFO - [2022-09-25 21:12:23,582] {dag.py:2919} INFO - Setting next_dagrun for example_time_delta_sensor_async to None, run_after=None
[2022-09-25 21:12:23,589] {processor.py:161} INFO - Processing /home/airflow/.local/lib/python3.7/site-packages/airflow/example_dags/example_time_delta_sensor_async.py took 0.060 seconds
[2022-09-25 21:12:54,273] {processor.py:153} INFO - Started process (PID=1859) to work on /home/airflow/.local/lib/python3.7/site-packages/airflow/example_dags/example_time_delta_sensor_async.py
[2022-09-25 21:12:54,275] {processor.py:641} INFO - Processing file /home/airflow/.local/lib/python3.7/site-packages/airflow/example_dags/example_time_delta_sensor_async.py for tasks to queue
[2022-09-25 21:12:54,275] {logging_mixin.py:115} INFO - [2022-09-25 21:12:54,275] {dagbag.py:507} INFO - Filling up the DagBag from /home/airflow/.local/lib/python3.7/site-packages/airflow/example_dags/example_time_delta_sensor_async.py
[2022-09-25 21:12:54,279] {processor.py:651} INFO - DAG(s) dict_keys(['example_time_delta_sensor_async']) retrieved from /home/airflow/.local/lib/python3.7/site-packages/airflow/example_dags/example_time_delta_sensor_async.py
[2022-09-25 21:12:54,310] {logging_mixin.py:115} INFO - [2022-09-25 21:12:54,310] {dag.py:2371} INFO - Sync 1 DAGs
[2022-09-25 21:12:54,323] {logging_mixin.py:115} INFO - [2022-09-25 21:12:54,323] {dag.py:2919} INFO - Setting next_dagrun for example_time_delta_sensor_async to None, run_after=None
[2022-09-25 21:12:54,331] {processor.py:161} INFO - Processing /home/airflow/.local/lib/python3.7/site-packages/airflow/example_dags/example_time_delta_sensor_async.py took 0.060 seconds
[2022-09-25 21:13:24,949] {processor.py:153} INFO - Started process (PID=1922) to work on /home/airflow/.local/lib/python3.7/site-packages/airflow/example_dags/example_time_delta_sensor_async.py
[2022-09-25 21:13:24,951] {processor.py:641} INFO - Processing file /home/airflow/.local/lib/python3.7/site-packages/airflow/example_dags/example_time_delta_sensor_async.py for tasks to queue
[2022-09-25 21:13:24,952] {logging_mixin.py:115} INFO - [2022-09-25 21:13:24,952] {dagbag.py:507} INFO - Filling up the DagBag from /home/airflow/.local/lib/python3.7/site-packages/airflow/example_dags/example_time_delta_sensor_async.py
[2022-09-25 21:13:24,956] {processor.py:651} INFO - DAG(s) dict_keys(['example_time_delta_sensor_async']) retrieved from /home/airflow/.local/lib/python3.7/site-packages/airflow/example_dags/example_time_delta_sensor_async.py
[2022-09-25 21:13:24,982] {logging_mixin.py:115} INFO - [2022-09-25 21:13:24,982] {dag.py:2371} INFO - Sync 1 DAGs
[2022-09-25 21:13:24,994] {logging_mixin.py:115} INFO - [2022-09-25 21:13:24,994] {dag.py:2919} INFO - Setting next_dagrun for example_time_delta_sensor_async to None, run_after=None
[2022-09-25 21:13:25,001] {processor.py:161} INFO - Processing /home/airflow/.local/lib/python3.7/site-packages/airflow/example_dags/example_time_delta_sensor_async.py took 0.053 seconds
