[2022-09-25 20:57:54,508] {processor.py:153} INFO - Started process (PID=55) to work on /home/airflow/.local/lib/python3.7/site-packages/airflow/example_dags/example_latest_only_with_trigger.py
[2022-09-25 20:57:54,511] {processor.py:641} INFO - Processing file /home/airflow/.local/lib/python3.7/site-packages/airflow/example_dags/example_latest_only_with_trigger.py for tasks to queue
[2022-09-25 20:57:54,514] {logging_mixin.py:115} INFO - [2022-09-25 20:57:54,514] {dagbag.py:507} INFO - Filling up the DagBag from /home/airflow/.local/lib/python3.7/site-packages/airflow/example_dags/example_latest_only_with_trigger.py
[2022-09-25 20:57:54,551] {processor.py:651} INFO - DAG(s) dict_keys(['latest_only_with_trigger']) retrieved from /home/airflow/.local/lib/python3.7/site-packages/airflow/example_dags/example_latest_only_with_trigger.py
[2022-09-25 20:57:55,813] {logging_mixin.py:115} INFO - [2022-09-25 20:57:55,812] {manager.py:508} INFO - Created Permission View: can edit on DAG:latest_only_with_trigger
[2022-09-25 20:57:55,847] {logging_mixin.py:115} INFO - [2022-09-25 20:57:55,847] {manager.py:508} INFO - Created Permission View: can read on DAG:latest_only_with_trigger
[2022-09-25 20:57:55,865] {logging_mixin.py:115} INFO - [2022-09-25 20:57:55,864] {manager.py:508} INFO - Created Permission View: can delete on DAG:latest_only_with_trigger
[2022-09-25 20:57:55,868] {logging_mixin.py:115} INFO - [2022-09-25 20:57:55,866] {dag.py:2371} INFO - Sync 1 DAGs
[2022-09-25 20:57:55,884] {logging_mixin.py:115} INFO - [2022-09-25 20:57:55,884] {dag.py:2390} INFO - Creating ORM DAG for latest_only_with_trigger
[2022-09-25 20:57:55,907] {logging_mixin.py:115} INFO - [2022-09-25 20:57:55,907] {dag.py:2919} INFO - Setting next_dagrun for latest_only_with_trigger to 2022-09-25T16:57:55.906843+00:00, run_after=2022-09-25T20:57:55.906843+00:00
[2022-09-25 20:57:55,932] {processor.py:161} INFO - Processing /home/airflow/.local/lib/python3.7/site-packages/airflow/example_dags/example_latest_only_with_trigger.py took 1.429 seconds
[2022-09-25 20:58:26,474] {processor.py:153} INFO - Started process (PID=109) to work on /home/airflow/.local/lib/python3.7/site-packages/airflow/example_dags/example_latest_only_with_trigger.py
[2022-09-25 20:58:26,479] {processor.py:641} INFO - Processing file /home/airflow/.local/lib/python3.7/site-packages/airflow/example_dags/example_latest_only_with_trigger.py for tasks to queue
[2022-09-25 20:58:26,484] {logging_mixin.py:115} INFO - [2022-09-25 20:58:26,484] {dagbag.py:507} INFO - Filling up the DagBag from /home/airflow/.local/lib/python3.7/site-packages/airflow/example_dags/example_latest_only_with_trigger.py
[2022-09-25 20:58:26,495] {processor.py:651} INFO - DAG(s) dict_keys(['latest_only_with_trigger']) retrieved from /home/airflow/.local/lib/python3.7/site-packages/airflow/example_dags/example_latest_only_with_trigger.py
[2022-09-25 20:58:26,538] {logging_mixin.py:115} INFO - [2022-09-25 20:58:26,538] {dag.py:2371} INFO - Sync 1 DAGs
[2022-09-25 20:58:26,575] {logging_mixin.py:115} INFO - [2022-09-25 20:58:26,575] {dag.py:2919} INFO - Setting next_dagrun for latest_only_with_trigger to 2022-09-25T16:58:26.574893+00:00, run_after=2022-09-25T20:58:26.574893+00:00
[2022-09-25 20:58:26,812] {processor.py:161} INFO - Processing /home/airflow/.local/lib/python3.7/site-packages/airflow/example_dags/example_latest_only_with_trigger.py took 0.343 seconds
[2022-09-25 20:58:57,405] {processor.py:153} INFO - Started process (PID=172) to work on /home/airflow/.local/lib/python3.7/site-packages/airflow/example_dags/example_latest_only_with_trigger.py
[2022-09-25 20:58:57,420] {processor.py:641} INFO - Processing file /home/airflow/.local/lib/python3.7/site-packages/airflow/example_dags/example_latest_only_with_trigger.py for tasks to queue
[2022-09-25 20:58:57,424] {logging_mixin.py:115} INFO - [2022-09-25 20:58:57,423] {dagbag.py:507} INFO - Filling up the DagBag from /home/airflow/.local/lib/python3.7/site-packages/airflow/example_dags/example_latest_only_with_trigger.py
[2022-09-25 20:58:57,441] {processor.py:651} INFO - DAG(s) dict_keys(['latest_only_with_trigger']) retrieved from /home/airflow/.local/lib/python3.7/site-packages/airflow/example_dags/example_latest_only_with_trigger.py
[2022-09-25 20:58:57,501] {logging_mixin.py:115} INFO - [2022-09-25 20:58:57,501] {dag.py:2371} INFO - Sync 1 DAGs
[2022-09-25 20:58:57,530] {logging_mixin.py:115} INFO - [2022-09-25 20:58:57,529] {dag.py:2919} INFO - Setting next_dagrun for latest_only_with_trigger to 2022-09-25T16:58:57.529608+00:00, run_after=2022-09-25T20:58:57.529608+00:00
[2022-09-25 20:58:57,662] {processor.py:161} INFO - Processing /home/airflow/.local/lib/python3.7/site-packages/airflow/example_dags/example_latest_only_with_trigger.py took 0.290 seconds
[2022-09-25 20:59:27,949] {processor.py:153} INFO - Started process (PID=236) to work on /home/airflow/.local/lib/python3.7/site-packages/airflow/example_dags/example_latest_only_with_trigger.py
[2022-09-25 20:59:27,951] {processor.py:641} INFO - Processing file /home/airflow/.local/lib/python3.7/site-packages/airflow/example_dags/example_latest_only_with_trigger.py for tasks to queue
[2022-09-25 20:59:27,952] {logging_mixin.py:115} INFO - [2022-09-25 20:59:27,952] {dagbag.py:507} INFO - Filling up the DagBag from /home/airflow/.local/lib/python3.7/site-packages/airflow/example_dags/example_latest_only_with_trigger.py
[2022-09-25 20:59:27,959] {processor.py:651} INFO - DAG(s) dict_keys(['latest_only_with_trigger']) retrieved from /home/airflow/.local/lib/python3.7/site-packages/airflow/example_dags/example_latest_only_with_trigger.py
[2022-09-25 20:59:27,987] {logging_mixin.py:115} INFO - [2022-09-25 20:59:27,987] {dag.py:2371} INFO - Sync 1 DAGs
[2022-09-25 20:59:28,001] {logging_mixin.py:115} INFO - [2022-09-25 20:59:28,001] {dag.py:2919} INFO - Setting next_dagrun for latest_only_with_trigger to 2022-09-25T16:59:28.001614+00:00, run_after=2022-09-25T20:59:28.001614+00:00
[2022-09-25 20:59:28,089] {processor.py:161} INFO - Processing /home/airflow/.local/lib/python3.7/site-packages/airflow/example_dags/example_latest_only_with_trigger.py took 0.145 seconds
[2022-09-25 20:59:58,521] {processor.py:153} INFO - Started process (PID=299) to work on /home/airflow/.local/lib/python3.7/site-packages/airflow/example_dags/example_latest_only_with_trigger.py
[2022-09-25 20:59:58,523] {processor.py:641} INFO - Processing file /home/airflow/.local/lib/python3.7/site-packages/airflow/example_dags/example_latest_only_with_trigger.py for tasks to queue
[2022-09-25 20:59:58,524] {logging_mixin.py:115} INFO - [2022-09-25 20:59:58,524] {dagbag.py:507} INFO - Filling up the DagBag from /home/airflow/.local/lib/python3.7/site-packages/airflow/example_dags/example_latest_only_with_trigger.py
[2022-09-25 20:59:58,529] {processor.py:651} INFO - DAG(s) dict_keys(['latest_only_with_trigger']) retrieved from /home/airflow/.local/lib/python3.7/site-packages/airflow/example_dags/example_latest_only_with_trigger.py
[2022-09-25 20:59:58,549] {logging_mixin.py:115} INFO - [2022-09-25 20:59:58,549] {dag.py:2371} INFO - Sync 1 DAGs
[2022-09-25 20:59:58,566] {logging_mixin.py:115} INFO - [2022-09-25 20:59:58,566] {dag.py:2919} INFO - Setting next_dagrun for latest_only_with_trigger to 2022-09-25T16:59:58.566050+00:00, run_after=2022-09-25T20:59:58.566050+00:00
[2022-09-25 20:59:58,669] {processor.py:161} INFO - Processing /home/airflow/.local/lib/python3.7/site-packages/airflow/example_dags/example_latest_only_with_trigger.py took 0.152 seconds
[2022-09-25 21:00:28,753] {processor.py:153} INFO - Started process (PID=362) to work on /home/airflow/.local/lib/python3.7/site-packages/airflow/example_dags/example_latest_only_with_trigger.py
[2022-09-25 21:00:28,754] {processor.py:641} INFO - Processing file /home/airflow/.local/lib/python3.7/site-packages/airflow/example_dags/example_latest_only_with_trigger.py for tasks to queue
[2022-09-25 21:00:28,755] {logging_mixin.py:115} INFO - [2022-09-25 21:00:28,755] {dagbag.py:507} INFO - Filling up the DagBag from /home/airflow/.local/lib/python3.7/site-packages/airflow/example_dags/example_latest_only_with_trigger.py
[2022-09-25 21:00:28,760] {processor.py:651} INFO - DAG(s) dict_keys(['latest_only_with_trigger']) retrieved from /home/airflow/.local/lib/python3.7/site-packages/airflow/example_dags/example_latest_only_with_trigger.py
[2022-09-25 21:00:28,775] {logging_mixin.py:115} INFO - [2022-09-25 21:00:28,775] {dag.py:2371} INFO - Sync 1 DAGs
[2022-09-25 21:00:28,790] {logging_mixin.py:115} INFO - [2022-09-25 21:00:28,790] {dag.py:2919} INFO - Setting next_dagrun for latest_only_with_trigger to 2022-09-25T17:00:28.789993+00:00, run_after=2022-09-25T21:00:28.789993+00:00
[2022-09-25 21:00:28,888] {processor.py:161} INFO - Processing /home/airflow/.local/lib/python3.7/site-packages/airflow/example_dags/example_latest_only_with_trigger.py took 0.137 seconds
[2022-09-25 21:00:59,960] {processor.py:153} INFO - Started process (PID=423) to work on /home/airflow/.local/lib/python3.7/site-packages/airflow/example_dags/example_latest_only_with_trigger.py
[2022-09-25 21:00:59,962] {processor.py:641} INFO - Processing file /home/airflow/.local/lib/python3.7/site-packages/airflow/example_dags/example_latest_only_with_trigger.py for tasks to queue
[2022-09-25 21:00:59,963] {logging_mixin.py:115} INFO - [2022-09-25 21:00:59,963] {dagbag.py:507} INFO - Filling up the DagBag from /home/airflow/.local/lib/python3.7/site-packages/airflow/example_dags/example_latest_only_with_trigger.py
[2022-09-25 21:00:59,968] {processor.py:651} INFO - DAG(s) dict_keys(['latest_only_with_trigger']) retrieved from /home/airflow/.local/lib/python3.7/site-packages/airflow/example_dags/example_latest_only_with_trigger.py
[2022-09-25 21:00:59,985] {logging_mixin.py:115} INFO - [2022-09-25 21:00:59,985] {dag.py:2371} INFO - Sync 1 DAGs
[2022-09-25 21:01:00,000] {logging_mixin.py:115} INFO - [2022-09-25 21:01:00,000] {dag.py:2919} INFO - Setting next_dagrun for latest_only_with_trigger to 2022-09-25T17:01:00.000382+00:00, run_after=2022-09-25T21:01:00.000382+00:00
[2022-09-25 21:01:00,095] {processor.py:161} INFO - Processing /home/airflow/.local/lib/python3.7/site-packages/airflow/example_dags/example_latest_only_with_trigger.py took 0.138 seconds
[2022-09-25 21:01:30,615] {processor.py:153} INFO - Started process (PID=479) to work on /home/airflow/.local/lib/python3.7/site-packages/airflow/example_dags/example_latest_only_with_trigger.py
[2022-09-25 21:01:30,617] {processor.py:641} INFO - Processing file /home/airflow/.local/lib/python3.7/site-packages/airflow/example_dags/example_latest_only_with_trigger.py for tasks to queue
[2022-09-25 21:01:30,618] {logging_mixin.py:115} INFO - [2022-09-25 21:01:30,618] {dagbag.py:507} INFO - Filling up the DagBag from /home/airflow/.local/lib/python3.7/site-packages/airflow/example_dags/example_latest_only_with_trigger.py
[2022-09-25 21:01:30,622] {processor.py:651} INFO - DAG(s) dict_keys(['latest_only_with_trigger']) retrieved from /home/airflow/.local/lib/python3.7/site-packages/airflow/example_dags/example_latest_only_with_trigger.py
[2022-09-25 21:01:30,643] {logging_mixin.py:115} INFO - [2022-09-25 21:01:30,642] {dag.py:2371} INFO - Sync 1 DAGs
[2022-09-25 21:01:30,663] {logging_mixin.py:115} INFO - [2022-09-25 21:01:30,663] {dag.py:2919} INFO - Setting next_dagrun for latest_only_with_trigger to 2022-09-25T17:01:30.663228+00:00, run_after=2022-09-25T21:01:30.663228+00:00
[2022-09-25 21:01:30,767] {processor.py:161} INFO - Processing /home/airflow/.local/lib/python3.7/site-packages/airflow/example_dags/example_latest_only_with_trigger.py took 0.153 seconds
[2022-09-25 21:02:01,003] {processor.py:153} INFO - Started process (PID=541) to work on /home/airflow/.local/lib/python3.7/site-packages/airflow/example_dags/example_latest_only_with_trigger.py
[2022-09-25 21:02:01,004] {processor.py:641} INFO - Processing file /home/airflow/.local/lib/python3.7/site-packages/airflow/example_dags/example_latest_only_with_trigger.py for tasks to queue
[2022-09-25 21:02:01,005] {logging_mixin.py:115} INFO - [2022-09-25 21:02:01,005] {dagbag.py:507} INFO - Filling up the DagBag from /home/airflow/.local/lib/python3.7/site-packages/airflow/example_dags/example_latest_only_with_trigger.py
[2022-09-25 21:02:01,011] {processor.py:651} INFO - DAG(s) dict_keys(['latest_only_with_trigger']) retrieved from /home/airflow/.local/lib/python3.7/site-packages/airflow/example_dags/example_latest_only_with_trigger.py
[2022-09-25 21:02:01,029] {logging_mixin.py:115} INFO - [2022-09-25 21:02:01,029] {dag.py:2371} INFO - Sync 1 DAGs
[2022-09-25 21:02:01,044] {logging_mixin.py:115} INFO - [2022-09-25 21:02:01,044] {dag.py:2919} INFO - Setting next_dagrun for latest_only_with_trigger to 2022-09-25T17:02:01.044518+00:00, run_after=2022-09-25T21:02:01.044518+00:00
[2022-09-25 21:02:01,139] {processor.py:161} INFO - Processing /home/airflow/.local/lib/python3.7/site-packages/airflow/example_dags/example_latest_only_with_trigger.py took 0.138 seconds
[2022-09-25 21:02:31,510] {processor.py:153} INFO - Started process (PID=605) to work on /home/airflow/.local/lib/python3.7/site-packages/airflow/example_dags/example_latest_only_with_trigger.py
[2022-09-25 21:02:31,512] {processor.py:641} INFO - Processing file /home/airflow/.local/lib/python3.7/site-packages/airflow/example_dags/example_latest_only_with_trigger.py for tasks to queue
[2022-09-25 21:02:31,513] {logging_mixin.py:115} INFO - [2022-09-25 21:02:31,513] {dagbag.py:507} INFO - Filling up the DagBag from /home/airflow/.local/lib/python3.7/site-packages/airflow/example_dags/example_latest_only_with_trigger.py
[2022-09-25 21:02:31,518] {processor.py:651} INFO - DAG(s) dict_keys(['latest_only_with_trigger']) retrieved from /home/airflow/.local/lib/python3.7/site-packages/airflow/example_dags/example_latest_only_with_trigger.py
[2022-09-25 21:02:31,536] {logging_mixin.py:115} INFO - [2022-09-25 21:02:31,536] {dag.py:2371} INFO - Sync 1 DAGs
[2022-09-25 21:02:31,553] {logging_mixin.py:115} INFO - [2022-09-25 21:02:31,553] {dag.py:2919} INFO - Setting next_dagrun for latest_only_with_trigger to 2022-09-25T17:02:31.553354+00:00, run_after=2022-09-25T21:02:31.553354+00:00
[2022-09-25 21:02:31,648] {processor.py:161} INFO - Processing /home/airflow/.local/lib/python3.7/site-packages/airflow/example_dags/example_latest_only_with_trigger.py took 0.140 seconds
[2022-09-25 21:03:01,710] {processor.py:153} INFO - Started process (PID=670) to work on /home/airflow/.local/lib/python3.7/site-packages/airflow/example_dags/example_latest_only_with_trigger.py
[2022-09-25 21:03:01,711] {processor.py:641} INFO - Processing file /home/airflow/.local/lib/python3.7/site-packages/airflow/example_dags/example_latest_only_with_trigger.py for tasks to queue
[2022-09-25 21:03:01,712] {logging_mixin.py:115} INFO - [2022-09-25 21:03:01,712] {dagbag.py:507} INFO - Filling up the DagBag from /home/airflow/.local/lib/python3.7/site-packages/airflow/example_dags/example_latest_only_with_trigger.py
[2022-09-25 21:03:01,716] {processor.py:651} INFO - DAG(s) dict_keys(['latest_only_with_trigger']) retrieved from /home/airflow/.local/lib/python3.7/site-packages/airflow/example_dags/example_latest_only_with_trigger.py
[2022-09-25 21:03:01,733] {logging_mixin.py:115} INFO - [2022-09-25 21:03:01,733] {dag.py:2371} INFO - Sync 1 DAGs
[2022-09-25 21:03:01,752] {logging_mixin.py:115} INFO - [2022-09-25 21:03:01,752] {dag.py:2919} INFO - Setting next_dagrun for latest_only_with_trigger to 2022-09-25T17:03:01.752252+00:00, run_after=2022-09-25T21:03:01.752252+00:00
[2022-09-25 21:03:01,760] {processor.py:161} INFO - Processing /home/airflow/.local/lib/python3.7/site-packages/airflow/example_dags/example_latest_only_with_trigger.py took 0.052 seconds
[2022-09-25 21:03:32,574] {processor.py:153} INFO - Started process (PID=733) to work on /home/airflow/.local/lib/python3.7/site-packages/airflow/example_dags/example_latest_only_with_trigger.py
[2022-09-25 21:03:32,575] {processor.py:641} INFO - Processing file /home/airflow/.local/lib/python3.7/site-packages/airflow/example_dags/example_latest_only_with_trigger.py for tasks to queue
[2022-09-25 21:03:32,576] {logging_mixin.py:115} INFO - [2022-09-25 21:03:32,576] {dagbag.py:507} INFO - Filling up the DagBag from /home/airflow/.local/lib/python3.7/site-packages/airflow/example_dags/example_latest_only_with_trigger.py
[2022-09-25 21:03:32,581] {processor.py:651} INFO - DAG(s) dict_keys(['latest_only_with_trigger']) retrieved from /home/airflow/.local/lib/python3.7/site-packages/airflow/example_dags/example_latest_only_with_trigger.py
[2022-09-25 21:03:32,599] {logging_mixin.py:115} INFO - [2022-09-25 21:03:32,599] {dag.py:2371} INFO - Sync 1 DAGs
[2022-09-25 21:03:32,614] {logging_mixin.py:115} INFO - [2022-09-25 21:03:32,614] {dag.py:2919} INFO - Setting next_dagrun for latest_only_with_trigger to 2022-09-25T17:03:32.614044+00:00, run_after=2022-09-25T21:03:32.614044+00:00
[2022-09-25 21:03:32,623] {processor.py:161} INFO - Processing /home/airflow/.local/lib/python3.7/site-packages/airflow/example_dags/example_latest_only_with_trigger.py took 0.051 seconds
[2022-09-25 21:04:03,561] {processor.py:153} INFO - Started process (PID=787) to work on /home/airflow/.local/lib/python3.7/site-packages/airflow/example_dags/example_latest_only_with_trigger.py
[2022-09-25 21:04:03,562] {processor.py:641} INFO - Processing file /home/airflow/.local/lib/python3.7/site-packages/airflow/example_dags/example_latest_only_with_trigger.py for tasks to queue
[2022-09-25 21:04:03,563] {logging_mixin.py:115} INFO - [2022-09-25 21:04:03,563] {dagbag.py:507} INFO - Filling up the DagBag from /home/airflow/.local/lib/python3.7/site-packages/airflow/example_dags/example_latest_only_with_trigger.py
[2022-09-25 21:04:03,567] {processor.py:651} INFO - DAG(s) dict_keys(['latest_only_with_trigger']) retrieved from /home/airflow/.local/lib/python3.7/site-packages/airflow/example_dags/example_latest_only_with_trigger.py
[2022-09-25 21:04:03,587] {logging_mixin.py:115} INFO - [2022-09-25 21:04:03,587] {dag.py:2371} INFO - Sync 1 DAGs
[2022-09-25 21:04:03,602] {logging_mixin.py:115} INFO - [2022-09-25 21:04:03,602] {dag.py:2919} INFO - Setting next_dagrun for latest_only_with_trigger to 2022-09-25T17:04:03.601991+00:00, run_after=2022-09-25T21:04:03.601991+00:00
[2022-09-25 21:04:03,609] {processor.py:161} INFO - Processing /home/airflow/.local/lib/python3.7/site-packages/airflow/example_dags/example_latest_only_with_trigger.py took 0.050 seconds
[2022-09-25 21:04:34,474] {processor.py:153} INFO - Started process (PID=850) to work on /home/airflow/.local/lib/python3.7/site-packages/airflow/example_dags/example_latest_only_with_trigger.py
[2022-09-25 21:04:34,476] {processor.py:641} INFO - Processing file /home/airflow/.local/lib/python3.7/site-packages/airflow/example_dags/example_latest_only_with_trigger.py for tasks to queue
[2022-09-25 21:04:34,477] {logging_mixin.py:115} INFO - [2022-09-25 21:04:34,477] {dagbag.py:507} INFO - Filling up the DagBag from /home/airflow/.local/lib/python3.7/site-packages/airflow/example_dags/example_latest_only_with_trigger.py
[2022-09-25 21:04:34,481] {processor.py:651} INFO - DAG(s) dict_keys(['latest_only_with_trigger']) retrieved from /home/airflow/.local/lib/python3.7/site-packages/airflow/example_dags/example_latest_only_with_trigger.py
[2022-09-25 21:04:34,503] {logging_mixin.py:115} INFO - [2022-09-25 21:04:34,503] {dag.py:2371} INFO - Sync 1 DAGs
[2022-09-25 21:04:34,521] {logging_mixin.py:115} INFO - [2022-09-25 21:04:34,521] {dag.py:2919} INFO - Setting next_dagrun for latest_only_with_trigger to 2022-09-25T17:04:34.520892+00:00, run_after=2022-09-25T21:04:34.520892+00:00
[2022-09-25 21:04:34,529] {processor.py:161} INFO - Processing /home/airflow/.local/lib/python3.7/site-packages/airflow/example_dags/example_latest_only_with_trigger.py took 0.058 seconds
[2022-09-25 21:05:05,248] {processor.py:153} INFO - Started process (PID=913) to work on /home/airflow/.local/lib/python3.7/site-packages/airflow/example_dags/example_latest_only_with_trigger.py
[2022-09-25 21:05:05,249] {processor.py:641} INFO - Processing file /home/airflow/.local/lib/python3.7/site-packages/airflow/example_dags/example_latest_only_with_trigger.py for tasks to queue
[2022-09-25 21:05:05,250] {logging_mixin.py:115} INFO - [2022-09-25 21:05:05,250] {dagbag.py:507} INFO - Filling up the DagBag from /home/airflow/.local/lib/python3.7/site-packages/airflow/example_dags/example_latest_only_with_trigger.py
[2022-09-25 21:05:05,255] {processor.py:651} INFO - DAG(s) dict_keys(['latest_only_with_trigger']) retrieved from /home/airflow/.local/lib/python3.7/site-packages/airflow/example_dags/example_latest_only_with_trigger.py
[2022-09-25 21:05:05,271] {logging_mixin.py:115} INFO - [2022-09-25 21:05:05,271] {dag.py:2371} INFO - Sync 1 DAGs
[2022-09-25 21:05:05,285] {logging_mixin.py:115} INFO - [2022-09-25 21:05:05,285] {dag.py:2919} INFO - Setting next_dagrun for latest_only_with_trigger to 2022-09-25T17:05:05.285255+00:00, run_after=2022-09-25T21:05:05.285255+00:00
[2022-09-25 21:05:05,293] {processor.py:161} INFO - Processing /home/airflow/.local/lib/python3.7/site-packages/airflow/example_dags/example_latest_only_with_trigger.py took 0.047 seconds
[2022-09-25 21:05:36,065] {processor.py:153} INFO - Started process (PID=977) to work on /home/airflow/.local/lib/python3.7/site-packages/airflow/example_dags/example_latest_only_with_trigger.py
[2022-09-25 21:05:36,066] {processor.py:641} INFO - Processing file /home/airflow/.local/lib/python3.7/site-packages/airflow/example_dags/example_latest_only_with_trigger.py for tasks to queue
[2022-09-25 21:05:36,067] {logging_mixin.py:115} INFO - [2022-09-25 21:05:36,067] {dagbag.py:507} INFO - Filling up the DagBag from /home/airflow/.local/lib/python3.7/site-packages/airflow/example_dags/example_latest_only_with_trigger.py
[2022-09-25 21:05:36,072] {processor.py:651} INFO - DAG(s) dict_keys(['latest_only_with_trigger']) retrieved from /home/airflow/.local/lib/python3.7/site-packages/airflow/example_dags/example_latest_only_with_trigger.py
[2022-09-25 21:05:36,090] {logging_mixin.py:115} INFO - [2022-09-25 21:05:36,090] {dag.py:2371} INFO - Sync 1 DAGs
[2022-09-25 21:05:36,106] {logging_mixin.py:115} INFO - [2022-09-25 21:05:36,106] {dag.py:2919} INFO - Setting next_dagrun for latest_only_with_trigger to 2022-09-25T17:05:36.106000+00:00, run_after=2022-09-25T21:05:36.106000+00:00
[2022-09-25 21:05:36,116] {processor.py:161} INFO - Processing /home/airflow/.local/lib/python3.7/site-packages/airflow/example_dags/example_latest_only_with_trigger.py took 0.053 seconds
[2022-09-25 21:06:06,982] {processor.py:153} INFO - Started process (PID=1040) to work on /home/airflow/.local/lib/python3.7/site-packages/airflow/example_dags/example_latest_only_with_trigger.py
[2022-09-25 21:06:06,983] {processor.py:641} INFO - Processing file /home/airflow/.local/lib/python3.7/site-packages/airflow/example_dags/example_latest_only_with_trigger.py for tasks to queue
[2022-09-25 21:06:06,984] {logging_mixin.py:115} INFO - [2022-09-25 21:06:06,984] {dagbag.py:507} INFO - Filling up the DagBag from /home/airflow/.local/lib/python3.7/site-packages/airflow/example_dags/example_latest_only_with_trigger.py
[2022-09-25 21:06:06,988] {processor.py:651} INFO - DAG(s) dict_keys(['latest_only_with_trigger']) retrieved from /home/airflow/.local/lib/python3.7/site-packages/airflow/example_dags/example_latest_only_with_trigger.py
[2022-09-25 21:06:07,006] {logging_mixin.py:115} INFO - [2022-09-25 21:06:07,006] {dag.py:2371} INFO - Sync 1 DAGs
[2022-09-25 21:06:07,022] {logging_mixin.py:115} INFO - [2022-09-25 21:06:07,022] {dag.py:2919} INFO - Setting next_dagrun for latest_only_with_trigger to 2022-09-25T17:06:07.022140+00:00, run_after=2022-09-25T21:06:07.022140+00:00
[2022-09-25 21:06:07,030] {processor.py:161} INFO - Processing /home/airflow/.local/lib/python3.7/site-packages/airflow/example_dags/example_latest_only_with_trigger.py took 0.050 seconds
[2022-09-25 21:06:37,947] {processor.py:153} INFO - Started process (PID=1102) to work on /home/airflow/.local/lib/python3.7/site-packages/airflow/example_dags/example_latest_only_with_trigger.py
[2022-09-25 21:06:37,948] {processor.py:641} INFO - Processing file /home/airflow/.local/lib/python3.7/site-packages/airflow/example_dags/example_latest_only_with_trigger.py for tasks to queue
[2022-09-25 21:06:37,949] {logging_mixin.py:115} INFO - [2022-09-25 21:06:37,949] {dagbag.py:507} INFO - Filling up the DagBag from /home/airflow/.local/lib/python3.7/site-packages/airflow/example_dags/example_latest_only_with_trigger.py
[2022-09-25 21:06:37,955] {processor.py:651} INFO - DAG(s) dict_keys(['latest_only_with_trigger']) retrieved from /home/airflow/.local/lib/python3.7/site-packages/airflow/example_dags/example_latest_only_with_trigger.py
[2022-09-25 21:06:37,971] {logging_mixin.py:115} INFO - [2022-09-25 21:06:37,971] {dag.py:2371} INFO - Sync 1 DAGs
[2022-09-25 21:06:37,985] {logging_mixin.py:115} INFO - [2022-09-25 21:06:37,985] {dag.py:2919} INFO - Setting next_dagrun for latest_only_with_trigger to 2022-09-25T17:06:37.984961+00:00, run_after=2022-09-25T21:06:37.984961+00:00
[2022-09-25 21:06:37,992] {processor.py:161} INFO - Processing /home/airflow/.local/lib/python3.7/site-packages/airflow/example_dags/example_latest_only_with_trigger.py took 0.047 seconds
[2022-09-25 21:07:08,815] {processor.py:153} INFO - Started process (PID=1165) to work on /home/airflow/.local/lib/python3.7/site-packages/airflow/example_dags/example_latest_only_with_trigger.py
[2022-09-25 21:07:08,816] {processor.py:641} INFO - Processing file /home/airflow/.local/lib/python3.7/site-packages/airflow/example_dags/example_latest_only_with_trigger.py for tasks to queue
[2022-09-25 21:07:08,817] {logging_mixin.py:115} INFO - [2022-09-25 21:07:08,816] {dagbag.py:507} INFO - Filling up the DagBag from /home/airflow/.local/lib/python3.7/site-packages/airflow/example_dags/example_latest_only_with_trigger.py
[2022-09-25 21:07:08,822] {processor.py:651} INFO - DAG(s) dict_keys(['latest_only_with_trigger']) retrieved from /home/airflow/.local/lib/python3.7/site-packages/airflow/example_dags/example_latest_only_with_trigger.py
[2022-09-25 21:07:08,845] {logging_mixin.py:115} INFO - [2022-09-25 21:07:08,845] {dag.py:2371} INFO - Sync 1 DAGs
[2022-09-25 21:07:08,864] {logging_mixin.py:115} INFO - [2022-09-25 21:07:08,864] {dag.py:2919} INFO - Setting next_dagrun for latest_only_with_trigger to 2022-09-25T17:07:08.864273+00:00, run_after=2022-09-25T21:07:08.864273+00:00
[2022-09-25 21:07:08,874] {processor.py:161} INFO - Processing /home/airflow/.local/lib/python3.7/site-packages/airflow/example_dags/example_latest_only_with_trigger.py took 0.062 seconds
[2022-09-25 21:07:39,679] {processor.py:153} INFO - Started process (PID=1219) to work on /home/airflow/.local/lib/python3.7/site-packages/airflow/example_dags/example_latest_only_with_trigger.py
[2022-09-25 21:07:39,680] {processor.py:641} INFO - Processing file /home/airflow/.local/lib/python3.7/site-packages/airflow/example_dags/example_latest_only_with_trigger.py for tasks to queue
[2022-09-25 21:07:39,681] {logging_mixin.py:115} INFO - [2022-09-25 21:07:39,681] {dagbag.py:507} INFO - Filling up the DagBag from /home/airflow/.local/lib/python3.7/site-packages/airflow/example_dags/example_latest_only_with_trigger.py
[2022-09-25 21:07:39,685] {processor.py:651} INFO - DAG(s) dict_keys(['latest_only_with_trigger']) retrieved from /home/airflow/.local/lib/python3.7/site-packages/airflow/example_dags/example_latest_only_with_trigger.py
[2022-09-25 21:07:39,702] {logging_mixin.py:115} INFO - [2022-09-25 21:07:39,702] {dag.py:2371} INFO - Sync 1 DAGs
[2022-09-25 21:07:39,717] {logging_mixin.py:115} INFO - [2022-09-25 21:07:39,717] {dag.py:2919} INFO - Setting next_dagrun for latest_only_with_trigger to 2022-09-25T17:07:39.716930+00:00, run_after=2022-09-25T21:07:39.716930+00:00
[2022-09-25 21:07:39,725] {processor.py:161} INFO - Processing /home/airflow/.local/lib/python3.7/site-packages/airflow/example_dags/example_latest_only_with_trigger.py took 0.048 seconds
[2022-09-25 21:08:10,779] {processor.py:153} INFO - Started process (PID=1282) to work on /home/airflow/.local/lib/python3.7/site-packages/airflow/example_dags/example_latest_only_with_trigger.py
[2022-09-25 21:08:10,782] {processor.py:641} INFO - Processing file /home/airflow/.local/lib/python3.7/site-packages/airflow/example_dags/example_latest_only_with_trigger.py for tasks to queue
[2022-09-25 21:08:10,784] {logging_mixin.py:115} INFO - [2022-09-25 21:08:10,784] {dagbag.py:507} INFO - Filling up the DagBag from /home/airflow/.local/lib/python3.7/site-packages/airflow/example_dags/example_latest_only_with_trigger.py
[2022-09-25 21:08:10,789] {processor.py:651} INFO - DAG(s) dict_keys(['latest_only_with_trigger']) retrieved from /home/airflow/.local/lib/python3.7/site-packages/airflow/example_dags/example_latest_only_with_trigger.py
[2022-09-25 21:08:10,813] {logging_mixin.py:115} INFO - [2022-09-25 21:08:10,813] {dag.py:2371} INFO - Sync 1 DAGs
[2022-09-25 21:08:10,831] {logging_mixin.py:115} INFO - [2022-09-25 21:08:10,831] {dag.py:2919} INFO - Setting next_dagrun for latest_only_with_trigger to 2022-09-25T17:08:10.831214+00:00, run_after=2022-09-25T21:08:10.831214+00:00
[2022-09-25 21:08:10,844] {processor.py:161} INFO - Processing /home/airflow/.local/lib/python3.7/site-packages/airflow/example_dags/example_latest_only_with_trigger.py took 0.069 seconds
[2022-09-25 21:08:41,738] {processor.py:153} INFO - Started process (PID=1344) to work on /home/airflow/.local/lib/python3.7/site-packages/airflow/example_dags/example_latest_only_with_trigger.py
[2022-09-25 21:08:41,740] {processor.py:641} INFO - Processing file /home/airflow/.local/lib/python3.7/site-packages/airflow/example_dags/example_latest_only_with_trigger.py for tasks to queue
[2022-09-25 21:08:41,741] {logging_mixin.py:115} INFO - [2022-09-25 21:08:41,740] {dagbag.py:507} INFO - Filling up the DagBag from /home/airflow/.local/lib/python3.7/site-packages/airflow/example_dags/example_latest_only_with_trigger.py
[2022-09-25 21:08:41,744] {processor.py:651} INFO - DAG(s) dict_keys(['latest_only_with_trigger']) retrieved from /home/airflow/.local/lib/python3.7/site-packages/airflow/example_dags/example_latest_only_with_trigger.py
[2022-09-25 21:08:41,761] {logging_mixin.py:115} INFO - [2022-09-25 21:08:41,761] {dag.py:2371} INFO - Sync 1 DAGs
[2022-09-25 21:08:41,777] {logging_mixin.py:115} INFO - [2022-09-25 21:08:41,777] {dag.py:2919} INFO - Setting next_dagrun for latest_only_with_trigger to 2022-09-25T17:08:41.776965+00:00, run_after=2022-09-25T21:08:41.776965+00:00
[2022-09-25 21:08:41,785] {processor.py:161} INFO - Processing /home/airflow/.local/lib/python3.7/site-packages/airflow/example_dags/example_latest_only_with_trigger.py took 0.048 seconds
[2022-09-25 21:09:12,795] {processor.py:153} INFO - Started process (PID=1407) to work on /home/airflow/.local/lib/python3.7/site-packages/airflow/example_dags/example_latest_only_with_trigger.py
[2022-09-25 21:09:12,796] {processor.py:641} INFO - Processing file /home/airflow/.local/lib/python3.7/site-packages/airflow/example_dags/example_latest_only_with_trigger.py for tasks to queue
[2022-09-25 21:09:12,798] {logging_mixin.py:115} INFO - [2022-09-25 21:09:12,798] {dagbag.py:507} INFO - Filling up the DagBag from /home/airflow/.local/lib/python3.7/site-packages/airflow/example_dags/example_latest_only_with_trigger.py
[2022-09-25 21:09:12,802] {processor.py:651} INFO - DAG(s) dict_keys(['latest_only_with_trigger']) retrieved from /home/airflow/.local/lib/python3.7/site-packages/airflow/example_dags/example_latest_only_with_trigger.py
[2022-09-25 21:09:12,822] {logging_mixin.py:115} INFO - [2022-09-25 21:09:12,822] {dag.py:2371} INFO - Sync 1 DAGs
[2022-09-25 21:09:12,837] {logging_mixin.py:115} INFO - [2022-09-25 21:09:12,837] {dag.py:2919} INFO - Setting next_dagrun for latest_only_with_trigger to 2022-09-25T17:09:12.837299+00:00, run_after=2022-09-25T21:09:12.837299+00:00
[2022-09-25 21:09:12,848] {processor.py:161} INFO - Processing /home/airflow/.local/lib/python3.7/site-packages/airflow/example_dags/example_latest_only_with_trigger.py took 0.055 seconds
[2022-09-25 21:09:43,790] {processor.py:153} INFO - Started process (PID=1469) to work on /home/airflow/.local/lib/python3.7/site-packages/airflow/example_dags/example_latest_only_with_trigger.py
[2022-09-25 21:09:43,792] {processor.py:641} INFO - Processing file /home/airflow/.local/lib/python3.7/site-packages/airflow/example_dags/example_latest_only_with_trigger.py for tasks to queue
[2022-09-25 21:09:43,794] {logging_mixin.py:115} INFO - [2022-09-25 21:09:43,794] {dagbag.py:507} INFO - Filling up the DagBag from /home/airflow/.local/lib/python3.7/site-packages/airflow/example_dags/example_latest_only_with_trigger.py
[2022-09-25 21:09:43,798] {processor.py:651} INFO - DAG(s) dict_keys(['latest_only_with_trigger']) retrieved from /home/airflow/.local/lib/python3.7/site-packages/airflow/example_dags/example_latest_only_with_trigger.py
[2022-09-25 21:09:43,817] {logging_mixin.py:115} INFO - [2022-09-25 21:09:43,817] {dag.py:2371} INFO - Sync 1 DAGs
[2022-09-25 21:09:43,833] {logging_mixin.py:115} INFO - [2022-09-25 21:09:43,832] {dag.py:2919} INFO - Setting next_dagrun for latest_only_with_trigger to 2022-09-25T17:09:43.832830+00:00, run_after=2022-09-25T21:09:43.832830+00:00
[2022-09-25 21:09:43,841] {processor.py:161} INFO - Processing /home/airflow/.local/lib/python3.7/site-packages/airflow/example_dags/example_latest_only_with_trigger.py took 0.053 seconds
[2022-09-25 21:10:14,679] {processor.py:153} INFO - Started process (PID=1533) to work on /home/airflow/.local/lib/python3.7/site-packages/airflow/example_dags/example_latest_only_with_trigger.py
[2022-09-25 21:10:14,680] {processor.py:641} INFO - Processing file /home/airflow/.local/lib/python3.7/site-packages/airflow/example_dags/example_latest_only_with_trigger.py for tasks to queue
[2022-09-25 21:10:14,681] {logging_mixin.py:115} INFO - [2022-09-25 21:10:14,681] {dagbag.py:507} INFO - Filling up the DagBag from /home/airflow/.local/lib/python3.7/site-packages/airflow/example_dags/example_latest_only_with_trigger.py
[2022-09-25 21:10:14,685] {processor.py:651} INFO - DAG(s) dict_keys(['latest_only_with_trigger']) retrieved from /home/airflow/.local/lib/python3.7/site-packages/airflow/example_dags/example_latest_only_with_trigger.py
[2022-09-25 21:10:14,702] {logging_mixin.py:115} INFO - [2022-09-25 21:10:14,702] {dag.py:2371} INFO - Sync 1 DAGs
[2022-09-25 21:10:14,718] {logging_mixin.py:115} INFO - [2022-09-25 21:10:14,717] {dag.py:2919} INFO - Setting next_dagrun for latest_only_with_trigger to 2022-09-25T17:10:14.717821+00:00, run_after=2022-09-25T21:10:14.717821+00:00
[2022-09-25 21:10:14,727] {processor.py:161} INFO - Processing /home/airflow/.local/lib/python3.7/site-packages/airflow/example_dags/example_latest_only_with_trigger.py took 0.050 seconds
[2022-09-25 21:10:45,640] {processor.py:153} INFO - Started process (PID=1593) to work on /home/airflow/.local/lib/python3.7/site-packages/airflow/example_dags/example_latest_only_with_trigger.py
[2022-09-25 21:10:45,642] {processor.py:641} INFO - Processing file /home/airflow/.local/lib/python3.7/site-packages/airflow/example_dags/example_latest_only_with_trigger.py for tasks to queue
[2022-09-25 21:10:45,645] {logging_mixin.py:115} INFO - [2022-09-25 21:10:45,644] {dagbag.py:507} INFO - Filling up the DagBag from /home/airflow/.local/lib/python3.7/site-packages/airflow/example_dags/example_latest_only_with_trigger.py
[2022-09-25 21:10:45,650] {processor.py:651} INFO - DAG(s) dict_keys(['latest_only_with_trigger']) retrieved from /home/airflow/.local/lib/python3.7/site-packages/airflow/example_dags/example_latest_only_with_trigger.py
[2022-09-25 21:10:45,668] {logging_mixin.py:115} INFO - [2022-09-25 21:10:45,668] {dag.py:2371} INFO - Sync 1 DAGs
[2022-09-25 21:10:45,684] {logging_mixin.py:115} INFO - [2022-09-25 21:10:45,684] {dag.py:2919} INFO - Setting next_dagrun for latest_only_with_trigger to 2022-09-25T17:10:45.683868+00:00, run_after=2022-09-25T21:10:45.683868+00:00
[2022-09-25 21:10:45,693] {processor.py:161} INFO - Processing /home/airflow/.local/lib/python3.7/site-packages/airflow/example_dags/example_latest_only_with_trigger.py took 0.055 seconds
[2022-09-25 21:11:16,603] {processor.py:153} INFO - Started process (PID=1649) to work on /home/airflow/.local/lib/python3.7/site-packages/airflow/example_dags/example_latest_only_with_trigger.py
[2022-09-25 21:11:16,605] {processor.py:641} INFO - Processing file /home/airflow/.local/lib/python3.7/site-packages/airflow/example_dags/example_latest_only_with_trigger.py for tasks to queue
[2022-09-25 21:11:16,606] {logging_mixin.py:115} INFO - [2022-09-25 21:11:16,606] {dagbag.py:507} INFO - Filling up the DagBag from /home/airflow/.local/lib/python3.7/site-packages/airflow/example_dags/example_latest_only_with_trigger.py
[2022-09-25 21:11:16,610] {processor.py:651} INFO - DAG(s) dict_keys(['latest_only_with_trigger']) retrieved from /home/airflow/.local/lib/python3.7/site-packages/airflow/example_dags/example_latest_only_with_trigger.py
[2022-09-25 21:11:16,627] {logging_mixin.py:115} INFO - [2022-09-25 21:11:16,627] {dag.py:2371} INFO - Sync 1 DAGs
[2022-09-25 21:11:16,642] {logging_mixin.py:115} INFO - [2022-09-25 21:11:16,642] {dag.py:2919} INFO - Setting next_dagrun for latest_only_with_trigger to 2022-09-25T17:11:16.642024+00:00, run_after=2022-09-25T21:11:16.642024+00:00
[2022-09-25 21:11:16,650] {processor.py:161} INFO - Processing /home/airflow/.local/lib/python3.7/site-packages/airflow/example_dags/example_latest_only_with_trigger.py took 0.049 seconds
[2022-09-25 21:11:47,514] {processor.py:153} INFO - Started process (PID=1711) to work on /home/airflow/.local/lib/python3.7/site-packages/airflow/example_dags/example_latest_only_with_trigger.py
[2022-09-25 21:11:47,515] {processor.py:641} INFO - Processing file /home/airflow/.local/lib/python3.7/site-packages/airflow/example_dags/example_latest_only_with_trigger.py for tasks to queue
[2022-09-25 21:11:47,516] {logging_mixin.py:115} INFO - [2022-09-25 21:11:47,516] {dagbag.py:507} INFO - Filling up the DagBag from /home/airflow/.local/lib/python3.7/site-packages/airflow/example_dags/example_latest_only_with_trigger.py
[2022-09-25 21:11:47,520] {processor.py:651} INFO - DAG(s) dict_keys(['latest_only_with_trigger']) retrieved from /home/airflow/.local/lib/python3.7/site-packages/airflow/example_dags/example_latest_only_with_trigger.py
[2022-09-25 21:11:47,537] {logging_mixin.py:115} INFO - [2022-09-25 21:11:47,537] {dag.py:2371} INFO - Sync 1 DAGs
[2022-09-25 21:11:47,552] {logging_mixin.py:115} INFO - [2022-09-25 21:11:47,552] {dag.py:2919} INFO - Setting next_dagrun for latest_only_with_trigger to 2022-09-25T17:11:47.552386+00:00, run_after=2022-09-25T21:11:47.552386+00:00
[2022-09-25 21:11:47,560] {processor.py:161} INFO - Processing /home/airflow/.local/lib/python3.7/site-packages/airflow/example_dags/example_latest_only_with_trigger.py took 0.048 seconds
[2022-09-25 21:12:17,715] {processor.py:153} INFO - Started process (PID=1775) to work on /home/airflow/.local/lib/python3.7/site-packages/airflow/example_dags/example_latest_only_with_trigger.py
[2022-09-25 21:12:17,716] {processor.py:641} INFO - Processing file /home/airflow/.local/lib/python3.7/site-packages/airflow/example_dags/example_latest_only_with_trigger.py for tasks to queue
[2022-09-25 21:12:17,717] {logging_mixin.py:115} INFO - [2022-09-25 21:12:17,717] {dagbag.py:507} INFO - Filling up the DagBag from /home/airflow/.local/lib/python3.7/site-packages/airflow/example_dags/example_latest_only_with_trigger.py
[2022-09-25 21:12:17,720] {processor.py:651} INFO - DAG(s) dict_keys(['latest_only_with_trigger']) retrieved from /home/airflow/.local/lib/python3.7/site-packages/airflow/example_dags/example_latest_only_with_trigger.py
[2022-09-25 21:12:17,737] {logging_mixin.py:115} INFO - [2022-09-25 21:12:17,737] {dag.py:2371} INFO - Sync 1 DAGs
[2022-09-25 21:12:17,751] {logging_mixin.py:115} INFO - [2022-09-25 21:12:17,751] {dag.py:2919} INFO - Setting next_dagrun for latest_only_with_trigger to 2022-09-25T17:12:17.751453+00:00, run_after=2022-09-25T21:12:17.751453+00:00
[2022-09-25 21:12:17,759] {processor.py:161} INFO - Processing /home/airflow/.local/lib/python3.7/site-packages/airflow/example_dags/example_latest_only_with_trigger.py took 0.046 seconds
[2022-09-25 21:12:48,391] {processor.py:153} INFO - Started process (PID=1839) to work on /home/airflow/.local/lib/python3.7/site-packages/airflow/example_dags/example_latest_only_with_trigger.py
[2022-09-25 21:12:48,393] {processor.py:641} INFO - Processing file /home/airflow/.local/lib/python3.7/site-packages/airflow/example_dags/example_latest_only_with_trigger.py for tasks to queue
[2022-09-25 21:12:48,394] {logging_mixin.py:115} INFO - [2022-09-25 21:12:48,394] {dagbag.py:507} INFO - Filling up the DagBag from /home/airflow/.local/lib/python3.7/site-packages/airflow/example_dags/example_latest_only_with_trigger.py
[2022-09-25 21:12:48,398] {processor.py:651} INFO - DAG(s) dict_keys(['latest_only_with_trigger']) retrieved from /home/airflow/.local/lib/python3.7/site-packages/airflow/example_dags/example_latest_only_with_trigger.py
[2022-09-25 21:12:48,415] {logging_mixin.py:115} INFO - [2022-09-25 21:12:48,415] {dag.py:2371} INFO - Sync 1 DAGs
[2022-09-25 21:12:48,429] {logging_mixin.py:115} INFO - [2022-09-25 21:12:48,429] {dag.py:2919} INFO - Setting next_dagrun for latest_only_with_trigger to 2022-09-25T17:12:48.429466+00:00, run_after=2022-09-25T21:12:48.429466+00:00
[2022-09-25 21:12:48,438] {processor.py:161} INFO - Processing /home/airflow/.local/lib/python3.7/site-packages/airflow/example_dags/example_latest_only_with_trigger.py took 0.049 seconds
[2022-09-25 21:13:19,141] {processor.py:153} INFO - Started process (PID=1893) to work on /home/airflow/.local/lib/python3.7/site-packages/airflow/example_dags/example_latest_only_with_trigger.py
[2022-09-25 21:13:19,142] {processor.py:641} INFO - Processing file /home/airflow/.local/lib/python3.7/site-packages/airflow/example_dags/example_latest_only_with_trigger.py for tasks to queue
[2022-09-25 21:13:19,143] {logging_mixin.py:115} INFO - [2022-09-25 21:13:19,143] {dagbag.py:507} INFO - Filling up the DagBag from /home/airflow/.local/lib/python3.7/site-packages/airflow/example_dags/example_latest_only_with_trigger.py
[2022-09-25 21:13:19,147] {processor.py:651} INFO - DAG(s) dict_keys(['latest_only_with_trigger']) retrieved from /home/airflow/.local/lib/python3.7/site-packages/airflow/example_dags/example_latest_only_with_trigger.py
[2022-09-25 21:13:19,164] {logging_mixin.py:115} INFO - [2022-09-25 21:13:19,164] {dag.py:2371} INFO - Sync 1 DAGs
[2022-09-25 21:13:19,177] {logging_mixin.py:115} INFO - [2022-09-25 21:13:19,177] {dag.py:2919} INFO - Setting next_dagrun for latest_only_with_trigger to 2022-09-25T17:13:19.176931+00:00, run_after=2022-09-25T21:13:19.176931+00:00
[2022-09-25 21:13:19,185] {processor.py:161} INFO - Processing /home/airflow/.local/lib/python3.7/site-packages/airflow/example_dags/example_latest_only_with_trigger.py took 0.046 seconds
