[2022-09-25 20:57:59,071] {processor.py:153} INFO - Started process (PID=64) to work on /home/airflow/.local/lib/python3.7/site-packages/airflow/example_dags/example_branch_datetime_operator.py
[2022-09-25 20:57:59,073] {processor.py:641} INFO - Processing file /home/airflow/.local/lib/python3.7/site-packages/airflow/example_dags/example_branch_datetime_operator.py for tasks to queue
[2022-09-25 20:57:59,075] {logging_mixin.py:115} INFO - [2022-09-25 20:57:59,075] {dagbag.py:507} INFO - Filling up the DagBag from /home/airflow/.local/lib/python3.7/site-packages/airflow/example_dags/example_branch_datetime_operator.py
[2022-09-25 20:57:59,096] {processor.py:651} INFO - DAG(s) dict_keys(['example_branch_datetime_operator_2']) retrieved from /home/airflow/.local/lib/python3.7/site-packages/airflow/example_dags/example_branch_datetime_operator.py
[2022-09-25 20:57:59,352] {logging_mixin.py:115} INFO - [2022-09-25 20:57:59,352] {manager.py:508} INFO - Created Permission View: can edit on DAG:example_branch_datetime_operator_2
[2022-09-25 20:57:59,358] {logging_mixin.py:115} INFO - [2022-09-25 20:57:59,358] {manager.py:508} INFO - Created Permission View: can read on DAG:example_branch_datetime_operator_2
[2022-09-25 20:57:59,362] {logging_mixin.py:115} INFO - [2022-09-25 20:57:59,362] {manager.py:508} INFO - Created Permission View: can delete on DAG:example_branch_datetime_operator_2
[2022-09-25 20:57:59,363] {logging_mixin.py:115} INFO - [2022-09-25 20:57:59,363] {dag.py:2371} INFO - Sync 1 DAGs
[2022-09-25 20:57:59,369] {logging_mixin.py:115} INFO - [2022-09-25 20:57:59,369] {dag.py:2390} INFO - Creating ORM DAG for example_branch_datetime_operator_2
[2022-09-25 20:57:59,382] {logging_mixin.py:115} INFO - [2022-09-25 20:57:59,382] {dag.py:2919} INFO - Setting next_dagrun for example_branch_datetime_operator_2 to 2022-09-24T00:00:00+00:00, run_after=2022-09-25T00:00:00+00:00
[2022-09-25 20:57:59,392] {processor.py:161} INFO - Processing /home/airflow/.local/lib/python3.7/site-packages/airflow/example_dags/example_branch_datetime_operator.py took 0.325 seconds
[2022-09-25 20:58:30,276] {processor.py:153} INFO - Started process (PID=127) to work on /home/airflow/.local/lib/python3.7/site-packages/airflow/example_dags/example_branch_datetime_operator.py
[2022-09-25 20:58:30,279] {processor.py:641} INFO - Processing file /home/airflow/.local/lib/python3.7/site-packages/airflow/example_dags/example_branch_datetime_operator.py for tasks to queue
[2022-09-25 20:58:30,281] {logging_mixin.py:115} INFO - [2022-09-25 20:58:30,281] {dagbag.py:507} INFO - Filling up the DagBag from /home/airflow/.local/lib/python3.7/site-packages/airflow/example_dags/example_branch_datetime_operator.py
[2022-09-25 20:58:30,292] {processor.py:651} INFO - DAG(s) dict_keys(['example_branch_datetime_operator_2']) retrieved from /home/airflow/.local/lib/python3.7/site-packages/airflow/example_dags/example_branch_datetime_operator.py
[2022-09-25 20:58:30,325] {logging_mixin.py:115} INFO - [2022-09-25 20:58:30,325] {dag.py:2371} INFO - Sync 1 DAGs
[2022-09-25 20:58:30,345] {logging_mixin.py:115} INFO - [2022-09-25 20:58:30,344] {dag.py:2919} INFO - Setting next_dagrun for example_branch_datetime_operator_2 to 2022-09-24T00:00:00+00:00, run_after=2022-09-25T00:00:00+00:00
[2022-09-25 20:58:30,454] {processor.py:161} INFO - Processing /home/airflow/.local/lib/python3.7/site-packages/airflow/example_dags/example_branch_datetime_operator.py took 0.185 seconds
[2022-09-25 20:59:00,598] {processor.py:153} INFO - Started process (PID=190) to work on /home/airflow/.local/lib/python3.7/site-packages/airflow/example_dags/example_branch_datetime_operator.py
[2022-09-25 20:59:00,602] {processor.py:641} INFO - Processing file /home/airflow/.local/lib/python3.7/site-packages/airflow/example_dags/example_branch_datetime_operator.py for tasks to queue
[2022-09-25 20:59:00,604] {logging_mixin.py:115} INFO - [2022-09-25 20:59:00,604] {dagbag.py:507} INFO - Filling up the DagBag from /home/airflow/.local/lib/python3.7/site-packages/airflow/example_dags/example_branch_datetime_operator.py
[2022-09-25 20:59:00,625] {processor.py:651} INFO - DAG(s) dict_keys(['example_branch_datetime_operator_2']) retrieved from /home/airflow/.local/lib/python3.7/site-packages/airflow/example_dags/example_branch_datetime_operator.py
[2022-09-25 20:59:00,662] {logging_mixin.py:115} INFO - [2022-09-25 20:59:00,662] {dag.py:2371} INFO - Sync 1 DAGs
[2022-09-25 20:59:00,701] {logging_mixin.py:115} INFO - [2022-09-25 20:59:00,701] {dag.py:2919} INFO - Setting next_dagrun for example_branch_datetime_operator_2 to 2022-09-24T00:00:00+00:00, run_after=2022-09-25T00:00:00+00:00
[2022-09-25 20:59:01,132] {processor.py:161} INFO - Processing /home/airflow/.local/lib/python3.7/site-packages/airflow/example_dags/example_branch_datetime_operator.py took 0.540 seconds
[2022-09-25 20:59:31,879] {processor.py:153} INFO - Started process (PID=245) to work on /home/airflow/.local/lib/python3.7/site-packages/airflow/example_dags/example_branch_datetime_operator.py
[2022-09-25 20:59:31,880] {processor.py:641} INFO - Processing file /home/airflow/.local/lib/python3.7/site-packages/airflow/example_dags/example_branch_datetime_operator.py for tasks to queue
[2022-09-25 20:59:31,881] {logging_mixin.py:115} INFO - [2022-09-25 20:59:31,881] {dagbag.py:507} INFO - Filling up the DagBag from /home/airflow/.local/lib/python3.7/site-packages/airflow/example_dags/example_branch_datetime_operator.py
[2022-09-25 20:59:31,888] {processor.py:651} INFO - DAG(s) dict_keys(['example_branch_datetime_operator_2']) retrieved from /home/airflow/.local/lib/python3.7/site-packages/airflow/example_dags/example_branch_datetime_operator.py
[2022-09-25 20:59:31,914] {logging_mixin.py:115} INFO - [2022-09-25 20:59:31,914] {dag.py:2371} INFO - Sync 1 DAGs
[2022-09-25 20:59:31,931] {logging_mixin.py:115} INFO - [2022-09-25 20:59:31,931] {dag.py:2919} INFO - Setting next_dagrun for example_branch_datetime_operator_2 to 2022-09-24T00:00:00+00:00, run_after=2022-09-25T00:00:00+00:00
[2022-09-25 20:59:32,019] {processor.py:161} INFO - Processing /home/airflow/.local/lib/python3.7/site-packages/airflow/example_dags/example_branch_datetime_operator.py took 0.143 seconds
[2022-09-25 21:00:02,890] {processor.py:153} INFO - Started process (PID=308) to work on /home/airflow/.local/lib/python3.7/site-packages/airflow/example_dags/example_branch_datetime_operator.py
[2022-09-25 21:00:02,892] {processor.py:641} INFO - Processing file /home/airflow/.local/lib/python3.7/site-packages/airflow/example_dags/example_branch_datetime_operator.py for tasks to queue
[2022-09-25 21:00:02,893] {logging_mixin.py:115} INFO - [2022-09-25 21:00:02,893] {dagbag.py:507} INFO - Filling up the DagBag from /home/airflow/.local/lib/python3.7/site-packages/airflow/example_dags/example_branch_datetime_operator.py
[2022-09-25 21:00:02,902] {processor.py:651} INFO - DAG(s) dict_keys(['example_branch_datetime_operator_2']) retrieved from /home/airflow/.local/lib/python3.7/site-packages/airflow/example_dags/example_branch_datetime_operator.py
[2022-09-25 21:00:02,950] {logging_mixin.py:115} INFO - [2022-09-25 21:00:02,950] {dag.py:2371} INFO - Sync 1 DAGs
[2022-09-25 21:00:02,981] {logging_mixin.py:115} INFO - [2022-09-25 21:00:02,981] {dag.py:2919} INFO - Setting next_dagrun for example_branch_datetime_operator_2 to 2022-09-24T00:00:00+00:00, run_after=2022-09-25T00:00:00+00:00
[2022-09-25 21:00:03,173] {processor.py:161} INFO - Processing /home/airflow/.local/lib/python3.7/site-packages/airflow/example_dags/example_branch_datetime_operator.py took 0.286 seconds
[2022-09-25 21:00:33,843] {processor.py:153} INFO - Started process (PID=371) to work on /home/airflow/.local/lib/python3.7/site-packages/airflow/example_dags/example_branch_datetime_operator.py
[2022-09-25 21:00:33,846] {processor.py:641} INFO - Processing file /home/airflow/.local/lib/python3.7/site-packages/airflow/example_dags/example_branch_datetime_operator.py for tasks to queue
[2022-09-25 21:00:33,850] {logging_mixin.py:115} INFO - [2022-09-25 21:00:33,850] {dagbag.py:507} INFO - Filling up the DagBag from /home/airflow/.local/lib/python3.7/site-packages/airflow/example_dags/example_branch_datetime_operator.py
[2022-09-25 21:00:33,871] {processor.py:651} INFO - DAG(s) dict_keys(['example_branch_datetime_operator_2']) retrieved from /home/airflow/.local/lib/python3.7/site-packages/airflow/example_dags/example_branch_datetime_operator.py
[2022-09-25 21:00:33,918] {logging_mixin.py:115} INFO - [2022-09-25 21:00:33,918] {dag.py:2371} INFO - Sync 1 DAGs
[2022-09-25 21:00:33,959] {logging_mixin.py:115} INFO - [2022-09-25 21:00:33,959] {dag.py:2919} INFO - Setting next_dagrun for example_branch_datetime_operator_2 to 2022-09-24T00:00:00+00:00, run_after=2022-09-25T00:00:00+00:00
[2022-09-25 21:00:34,244] {processor.py:161} INFO - Processing /home/airflow/.local/lib/python3.7/site-packages/airflow/example_dags/example_branch_datetime_operator.py took 0.413 seconds
[2022-09-25 21:01:04,943] {processor.py:153} INFO - Started process (PID=434) to work on /home/airflow/.local/lib/python3.7/site-packages/airflow/example_dags/example_branch_datetime_operator.py
[2022-09-25 21:01:04,944] {processor.py:641} INFO - Processing file /home/airflow/.local/lib/python3.7/site-packages/airflow/example_dags/example_branch_datetime_operator.py for tasks to queue
[2022-09-25 21:01:04,945] {logging_mixin.py:115} INFO - [2022-09-25 21:01:04,945] {dagbag.py:507} INFO - Filling up the DagBag from /home/airflow/.local/lib/python3.7/site-packages/airflow/example_dags/example_branch_datetime_operator.py
[2022-09-25 21:01:04,951] {processor.py:651} INFO - DAG(s) dict_keys(['example_branch_datetime_operator_2']) retrieved from /home/airflow/.local/lib/python3.7/site-packages/airflow/example_dags/example_branch_datetime_operator.py
[2022-09-25 21:01:04,968] {logging_mixin.py:115} INFO - [2022-09-25 21:01:04,968] {dag.py:2371} INFO - Sync 1 DAGs
[2022-09-25 21:01:04,983] {logging_mixin.py:115} INFO - [2022-09-25 21:01:04,983] {dag.py:2919} INFO - Setting next_dagrun for example_branch_datetime_operator_2 to 2022-09-24T00:00:00+00:00, run_after=2022-09-25T00:00:00+00:00
[2022-09-25 21:01:05,076] {processor.py:161} INFO - Processing /home/airflow/.local/lib/python3.7/site-packages/airflow/example_dags/example_branch_datetime_operator.py took 0.135 seconds
[2022-09-25 21:01:35,564] {processor.py:153} INFO - Started process (PID=497) to work on /home/airflow/.local/lib/python3.7/site-packages/airflow/example_dags/example_branch_datetime_operator.py
[2022-09-25 21:01:35,567] {processor.py:641} INFO - Processing file /home/airflow/.local/lib/python3.7/site-packages/airflow/example_dags/example_branch_datetime_operator.py for tasks to queue
[2022-09-25 21:01:35,568] {logging_mixin.py:115} INFO - [2022-09-25 21:01:35,568] {dagbag.py:507} INFO - Filling up the DagBag from /home/airflow/.local/lib/python3.7/site-packages/airflow/example_dags/example_branch_datetime_operator.py
[2022-09-25 21:01:35,578] {processor.py:651} INFO - DAG(s) dict_keys(['example_branch_datetime_operator_2']) retrieved from /home/airflow/.local/lib/python3.7/site-packages/airflow/example_dags/example_branch_datetime_operator.py
[2022-09-25 21:01:35,602] {logging_mixin.py:115} INFO - [2022-09-25 21:01:35,602] {dag.py:2371} INFO - Sync 1 DAGs
[2022-09-25 21:01:35,619] {logging_mixin.py:115} INFO - [2022-09-25 21:01:35,618] {dag.py:2919} INFO - Setting next_dagrun for example_branch_datetime_operator_2 to 2022-09-24T00:00:00+00:00, run_after=2022-09-25T00:00:00+00:00
[2022-09-25 21:01:35,709] {processor.py:161} INFO - Processing /home/airflow/.local/lib/python3.7/site-packages/airflow/example_dags/example_branch_datetime_operator.py took 0.149 seconds
[2022-09-25 21:02:05,875] {processor.py:153} INFO - Started process (PID=560) to work on /home/airflow/.local/lib/python3.7/site-packages/airflow/example_dags/example_branch_datetime_operator.py
[2022-09-25 21:02:05,877] {processor.py:641} INFO - Processing file /home/airflow/.local/lib/python3.7/site-packages/airflow/example_dags/example_branch_datetime_operator.py for tasks to queue
[2022-09-25 21:02:05,878] {logging_mixin.py:115} INFO - [2022-09-25 21:02:05,878] {dagbag.py:507} INFO - Filling up the DagBag from /home/airflow/.local/lib/python3.7/site-packages/airflow/example_dags/example_branch_datetime_operator.py
[2022-09-25 21:02:05,886] {processor.py:651} INFO - DAG(s) dict_keys(['example_branch_datetime_operator_2']) retrieved from /home/airflow/.local/lib/python3.7/site-packages/airflow/example_dags/example_branch_datetime_operator.py
[2022-09-25 21:02:05,905] {logging_mixin.py:115} INFO - [2022-09-25 21:02:05,905] {dag.py:2371} INFO - Sync 1 DAGs
[2022-09-25 21:02:05,921] {logging_mixin.py:115} INFO - [2022-09-25 21:02:05,921] {dag.py:2919} INFO - Setting next_dagrun for example_branch_datetime_operator_2 to 2022-09-24T00:00:00+00:00, run_after=2022-09-25T00:00:00+00:00
[2022-09-25 21:02:06,062] {processor.py:161} INFO - Processing /home/airflow/.local/lib/python3.7/site-packages/airflow/example_dags/example_branch_datetime_operator.py took 0.192 seconds
[2022-09-25 21:02:36,567] {processor.py:153} INFO - Started process (PID=614) to work on /home/airflow/.local/lib/python3.7/site-packages/airflow/example_dags/example_branch_datetime_operator.py
[2022-09-25 21:02:36,568] {processor.py:641} INFO - Processing file /home/airflow/.local/lib/python3.7/site-packages/airflow/example_dags/example_branch_datetime_operator.py for tasks to queue
[2022-09-25 21:02:36,569] {logging_mixin.py:115} INFO - [2022-09-25 21:02:36,569] {dagbag.py:507} INFO - Filling up the DagBag from /home/airflow/.local/lib/python3.7/site-packages/airflow/example_dags/example_branch_datetime_operator.py
[2022-09-25 21:02:36,578] {processor.py:651} INFO - DAG(s) dict_keys(['example_branch_datetime_operator_2']) retrieved from /home/airflow/.local/lib/python3.7/site-packages/airflow/example_dags/example_branch_datetime_operator.py
[2022-09-25 21:02:36,603] {logging_mixin.py:115} INFO - [2022-09-25 21:02:36,603] {dag.py:2371} INFO - Sync 1 DAGs
[2022-09-25 21:02:36,626] {logging_mixin.py:115} INFO - [2022-09-25 21:02:36,626] {dag.py:2919} INFO - Setting next_dagrun for example_branch_datetime_operator_2 to 2022-09-24T00:00:00+00:00, run_after=2022-09-25T00:00:00+00:00
[2022-09-25 21:02:36,722] {processor.py:161} INFO - Processing /home/airflow/.local/lib/python3.7/site-packages/airflow/example_dags/example_branch_datetime_operator.py took 0.158 seconds
[2022-09-25 21:03:07,117] {processor.py:153} INFO - Started process (PID=679) to work on /home/airflow/.local/lib/python3.7/site-packages/airflow/example_dags/example_branch_datetime_operator.py
[2022-09-25 21:03:07,119] {processor.py:641} INFO - Processing file /home/airflow/.local/lib/python3.7/site-packages/airflow/example_dags/example_branch_datetime_operator.py for tasks to queue
[2022-09-25 21:03:07,120] {logging_mixin.py:115} INFO - [2022-09-25 21:03:07,120] {dagbag.py:507} INFO - Filling up the DagBag from /home/airflow/.local/lib/python3.7/site-packages/airflow/example_dags/example_branch_datetime_operator.py
[2022-09-25 21:03:07,131] {processor.py:651} INFO - DAG(s) dict_keys(['example_branch_datetime_operator_2']) retrieved from /home/airflow/.local/lib/python3.7/site-packages/airflow/example_dags/example_branch_datetime_operator.py
[2022-09-25 21:03:07,154] {logging_mixin.py:115} INFO - [2022-09-25 21:03:07,154] {dag.py:2371} INFO - Sync 1 DAGs
[2022-09-25 21:03:07,175] {logging_mixin.py:115} INFO - [2022-09-25 21:03:07,174] {dag.py:2919} INFO - Setting next_dagrun for example_branch_datetime_operator_2 to 2022-09-24T00:00:00+00:00, run_after=2022-09-25T00:00:00+00:00
[2022-09-25 21:03:07,184] {processor.py:161} INFO - Processing /home/airflow/.local/lib/python3.7/site-packages/airflow/example_dags/example_branch_datetime_operator.py took 0.072 seconds
[2022-09-25 21:03:38,024] {processor.py:153} INFO - Started process (PID=742) to work on /home/airflow/.local/lib/python3.7/site-packages/airflow/example_dags/example_branch_datetime_operator.py
[2022-09-25 21:03:38,028] {processor.py:641} INFO - Processing file /home/airflow/.local/lib/python3.7/site-packages/airflow/example_dags/example_branch_datetime_operator.py for tasks to queue
[2022-09-25 21:03:38,029] {logging_mixin.py:115} INFO - [2022-09-25 21:03:38,029] {dagbag.py:507} INFO - Filling up the DagBag from /home/airflow/.local/lib/python3.7/site-packages/airflow/example_dags/example_branch_datetime_operator.py
[2022-09-25 21:03:38,040] {processor.py:651} INFO - DAG(s) dict_keys(['example_branch_datetime_operator_2']) retrieved from /home/airflow/.local/lib/python3.7/site-packages/airflow/example_dags/example_branch_datetime_operator.py
[2022-09-25 21:03:38,062] {logging_mixin.py:115} INFO - [2022-09-25 21:03:38,062] {dag.py:2371} INFO - Sync 1 DAGs
[2022-09-25 21:03:38,077] {logging_mixin.py:115} INFO - [2022-09-25 21:03:38,077] {dag.py:2919} INFO - Setting next_dagrun for example_branch_datetime_operator_2 to 2022-09-24T00:00:00+00:00, run_after=2022-09-25T00:00:00+00:00
[2022-09-25 21:03:38,084] {processor.py:161} INFO - Processing /home/airflow/.local/lib/python3.7/site-packages/airflow/example_dags/example_branch_datetime_operator.py took 0.068 seconds
[2022-09-25 21:04:08,978] {processor.py:153} INFO - Started process (PID=805) to work on /home/airflow/.local/lib/python3.7/site-packages/airflow/example_dags/example_branch_datetime_operator.py
[2022-09-25 21:04:08,981] {processor.py:641} INFO - Processing file /home/airflow/.local/lib/python3.7/site-packages/airflow/example_dags/example_branch_datetime_operator.py for tasks to queue
[2022-09-25 21:04:08,983] {logging_mixin.py:115} INFO - [2022-09-25 21:04:08,983] {dagbag.py:507} INFO - Filling up the DagBag from /home/airflow/.local/lib/python3.7/site-packages/airflow/example_dags/example_branch_datetime_operator.py
[2022-09-25 21:04:08,993] {processor.py:651} INFO - DAG(s) dict_keys(['example_branch_datetime_operator_2']) retrieved from /home/airflow/.local/lib/python3.7/site-packages/airflow/example_dags/example_branch_datetime_operator.py
[2022-09-25 21:04:09,017] {logging_mixin.py:115} INFO - [2022-09-25 21:04:09,017] {dag.py:2371} INFO - Sync 1 DAGs
[2022-09-25 21:04:09,034] {logging_mixin.py:115} INFO - [2022-09-25 21:04:09,034] {dag.py:2919} INFO - Setting next_dagrun for example_branch_datetime_operator_2 to 2022-09-24T00:00:00+00:00, run_after=2022-09-25T00:00:00+00:00
[2022-09-25 21:04:09,041] {processor.py:161} INFO - Processing /home/airflow/.local/lib/python3.7/site-packages/airflow/example_dags/example_branch_datetime_operator.py took 0.069 seconds
[2022-09-25 21:04:39,860] {processor.py:153} INFO - Started process (PID=868) to work on /home/airflow/.local/lib/python3.7/site-packages/airflow/example_dags/example_branch_datetime_operator.py
[2022-09-25 21:04:39,863] {processor.py:641} INFO - Processing file /home/airflow/.local/lib/python3.7/site-packages/airflow/example_dags/example_branch_datetime_operator.py for tasks to queue
[2022-09-25 21:04:39,865] {logging_mixin.py:115} INFO - [2022-09-25 21:04:39,865] {dagbag.py:507} INFO - Filling up the DagBag from /home/airflow/.local/lib/python3.7/site-packages/airflow/example_dags/example_branch_datetime_operator.py
[2022-09-25 21:04:39,881] {processor.py:651} INFO - DAG(s) dict_keys(['example_branch_datetime_operator_2']) retrieved from /home/airflow/.local/lib/python3.7/site-packages/airflow/example_dags/example_branch_datetime_operator.py
[2022-09-25 21:04:39,905] {logging_mixin.py:115} INFO - [2022-09-25 21:04:39,904] {dag.py:2371} INFO - Sync 1 DAGs
[2022-09-25 21:04:39,920] {logging_mixin.py:115} INFO - [2022-09-25 21:04:39,920] {dag.py:2919} INFO - Setting next_dagrun for example_branch_datetime_operator_2 to 2022-09-24T00:00:00+00:00, run_after=2022-09-25T00:00:00+00:00
[2022-09-25 21:04:39,929] {processor.py:161} INFO - Processing /home/airflow/.local/lib/python3.7/site-packages/airflow/example_dags/example_branch_datetime_operator.py took 0.075 seconds
[2022-09-25 21:05:10,650] {processor.py:153} INFO - Started process (PID=931) to work on /home/airflow/.local/lib/python3.7/site-packages/airflow/example_dags/example_branch_datetime_operator.py
[2022-09-25 21:05:10,654] {processor.py:641} INFO - Processing file /home/airflow/.local/lib/python3.7/site-packages/airflow/example_dags/example_branch_datetime_operator.py for tasks to queue
[2022-09-25 21:05:10,657] {logging_mixin.py:115} INFO - [2022-09-25 21:05:10,656] {dagbag.py:507} INFO - Filling up the DagBag from /home/airflow/.local/lib/python3.7/site-packages/airflow/example_dags/example_branch_datetime_operator.py
[2022-09-25 21:05:10,665] {processor.py:651} INFO - DAG(s) dict_keys(['example_branch_datetime_operator_2']) retrieved from /home/airflow/.local/lib/python3.7/site-packages/airflow/example_dags/example_branch_datetime_operator.py
[2022-09-25 21:05:10,690] {logging_mixin.py:115} INFO - [2022-09-25 21:05:10,690] {dag.py:2371} INFO - Sync 1 DAGs
[2022-09-25 21:05:10,708] {logging_mixin.py:115} INFO - [2022-09-25 21:05:10,708] {dag.py:2919} INFO - Setting next_dagrun for example_branch_datetime_operator_2 to 2022-09-24T00:00:00+00:00, run_after=2022-09-25T00:00:00+00:00
[2022-09-25 21:05:10,715] {processor.py:161} INFO - Processing /home/airflow/.local/lib/python3.7/site-packages/airflow/example_dags/example_branch_datetime_operator.py took 0.070 seconds
[2022-09-25 21:05:41,518] {processor.py:153} INFO - Started process (PID=995) to work on /home/airflow/.local/lib/python3.7/site-packages/airflow/example_dags/example_branch_datetime_operator.py
[2022-09-25 21:05:41,519] {processor.py:641} INFO - Processing file /home/airflow/.local/lib/python3.7/site-packages/airflow/example_dags/example_branch_datetime_operator.py for tasks to queue
[2022-09-25 21:05:41,520] {logging_mixin.py:115} INFO - [2022-09-25 21:05:41,520] {dagbag.py:507} INFO - Filling up the DagBag from /home/airflow/.local/lib/python3.7/site-packages/airflow/example_dags/example_branch_datetime_operator.py
[2022-09-25 21:05:41,526] {processor.py:651} INFO - DAG(s) dict_keys(['example_branch_datetime_operator_2']) retrieved from /home/airflow/.local/lib/python3.7/site-packages/airflow/example_dags/example_branch_datetime_operator.py
[2022-09-25 21:05:41,543] {logging_mixin.py:115} INFO - [2022-09-25 21:05:41,543] {dag.py:2371} INFO - Sync 1 DAGs
[2022-09-25 21:05:41,560] {logging_mixin.py:115} INFO - [2022-09-25 21:05:41,560] {dag.py:2919} INFO - Setting next_dagrun for example_branch_datetime_operator_2 to 2022-09-24T00:00:00+00:00, run_after=2022-09-25T00:00:00+00:00
[2022-09-25 21:05:41,568] {processor.py:161} INFO - Processing /home/airflow/.local/lib/python3.7/site-packages/airflow/example_dags/example_branch_datetime_operator.py took 0.052 seconds
[2022-09-25 21:06:12,385] {processor.py:153} INFO - Started process (PID=1049) to work on /home/airflow/.local/lib/python3.7/site-packages/airflow/example_dags/example_branch_datetime_operator.py
[2022-09-25 21:06:12,387] {processor.py:641} INFO - Processing file /home/airflow/.local/lib/python3.7/site-packages/airflow/example_dags/example_branch_datetime_operator.py for tasks to queue
[2022-09-25 21:06:12,388] {logging_mixin.py:115} INFO - [2022-09-25 21:06:12,388] {dagbag.py:507} INFO - Filling up the DagBag from /home/airflow/.local/lib/python3.7/site-packages/airflow/example_dags/example_branch_datetime_operator.py
[2022-09-25 21:06:12,396] {processor.py:651} INFO - DAG(s) dict_keys(['example_branch_datetime_operator_2']) retrieved from /home/airflow/.local/lib/python3.7/site-packages/airflow/example_dags/example_branch_datetime_operator.py
[2022-09-25 21:06:12,416] {logging_mixin.py:115} INFO - [2022-09-25 21:06:12,416] {dag.py:2371} INFO - Sync 1 DAGs
[2022-09-25 21:06:12,432] {logging_mixin.py:115} INFO - [2022-09-25 21:06:12,432] {dag.py:2919} INFO - Setting next_dagrun for example_branch_datetime_operator_2 to 2022-09-24T00:00:00+00:00, run_after=2022-09-25T00:00:00+00:00
[2022-09-25 21:06:12,440] {processor.py:161} INFO - Processing /home/airflow/.local/lib/python3.7/site-packages/airflow/example_dags/example_branch_datetime_operator.py took 0.058 seconds
[2022-09-25 21:06:43,363] {processor.py:153} INFO - Started process (PID=1111) to work on /home/airflow/.local/lib/python3.7/site-packages/airflow/example_dags/example_branch_datetime_operator.py
[2022-09-25 21:06:43,365] {processor.py:641} INFO - Processing file /home/airflow/.local/lib/python3.7/site-packages/airflow/example_dags/example_branch_datetime_operator.py for tasks to queue
[2022-09-25 21:06:43,367] {logging_mixin.py:115} INFO - [2022-09-25 21:06:43,367] {dagbag.py:507} INFO - Filling up the DagBag from /home/airflow/.local/lib/python3.7/site-packages/airflow/example_dags/example_branch_datetime_operator.py
[2022-09-25 21:06:43,374] {processor.py:651} INFO - DAG(s) dict_keys(['example_branch_datetime_operator_2']) retrieved from /home/airflow/.local/lib/python3.7/site-packages/airflow/example_dags/example_branch_datetime_operator.py
[2022-09-25 21:06:43,395] {logging_mixin.py:115} INFO - [2022-09-25 21:06:43,395] {dag.py:2371} INFO - Sync 1 DAGs
[2022-09-25 21:06:43,410] {logging_mixin.py:115} INFO - [2022-09-25 21:06:43,410] {dag.py:2919} INFO - Setting next_dagrun for example_branch_datetime_operator_2 to 2022-09-24T00:00:00+00:00, run_after=2022-09-25T00:00:00+00:00
[2022-09-25 21:06:43,418] {processor.py:161} INFO - Processing /home/airflow/.local/lib/python3.7/site-packages/airflow/example_dags/example_branch_datetime_operator.py took 0.058 seconds
[2022-09-25 21:07:14,281] {processor.py:153} INFO - Started process (PID=1174) to work on /home/airflow/.local/lib/python3.7/site-packages/airflow/example_dags/example_branch_datetime_operator.py
[2022-09-25 21:07:14,285] {processor.py:641} INFO - Processing file /home/airflow/.local/lib/python3.7/site-packages/airflow/example_dags/example_branch_datetime_operator.py for tasks to queue
[2022-09-25 21:07:14,289] {logging_mixin.py:115} INFO - [2022-09-25 21:07:14,288] {dagbag.py:507} INFO - Filling up the DagBag from /home/airflow/.local/lib/python3.7/site-packages/airflow/example_dags/example_branch_datetime_operator.py
[2022-09-25 21:07:14,300] {processor.py:651} INFO - DAG(s) dict_keys(['example_branch_datetime_operator_2']) retrieved from /home/airflow/.local/lib/python3.7/site-packages/airflow/example_dags/example_branch_datetime_operator.py
[2022-09-25 21:07:14,327] {logging_mixin.py:115} INFO - [2022-09-25 21:07:14,327] {dag.py:2371} INFO - Sync 1 DAGs
[2022-09-25 21:07:14,344] {logging_mixin.py:115} INFO - [2022-09-25 21:07:14,344] {dag.py:2919} INFO - Setting next_dagrun for example_branch_datetime_operator_2 to 2022-09-24T00:00:00+00:00, run_after=2022-09-25T00:00:00+00:00
[2022-09-25 21:07:14,352] {processor.py:161} INFO - Processing /home/airflow/.local/lib/python3.7/site-packages/airflow/example_dags/example_branch_datetime_operator.py took 0.077 seconds
[2022-09-25 21:07:45,095] {processor.py:153} INFO - Started process (PID=1237) to work on /home/airflow/.local/lib/python3.7/site-packages/airflow/example_dags/example_branch_datetime_operator.py
[2022-09-25 21:07:45,097] {processor.py:641} INFO - Processing file /home/airflow/.local/lib/python3.7/site-packages/airflow/example_dags/example_branch_datetime_operator.py for tasks to queue
[2022-09-25 21:07:45,100] {logging_mixin.py:115} INFO - [2022-09-25 21:07:45,100] {dagbag.py:507} INFO - Filling up the DagBag from /home/airflow/.local/lib/python3.7/site-packages/airflow/example_dags/example_branch_datetime_operator.py
[2022-09-25 21:07:45,114] {processor.py:651} INFO - DAG(s) dict_keys(['example_branch_datetime_operator_2']) retrieved from /home/airflow/.local/lib/python3.7/site-packages/airflow/example_dags/example_branch_datetime_operator.py
[2022-09-25 21:07:45,137] {logging_mixin.py:115} INFO - [2022-09-25 21:07:45,137] {dag.py:2371} INFO - Sync 1 DAGs
[2022-09-25 21:07:45,154] {logging_mixin.py:115} INFO - [2022-09-25 21:07:45,154] {dag.py:2919} INFO - Setting next_dagrun for example_branch_datetime_operator_2 to 2022-09-24T00:00:00+00:00, run_after=2022-09-25T00:00:00+00:00
[2022-09-25 21:07:45,162] {processor.py:161} INFO - Processing /home/airflow/.local/lib/python3.7/site-packages/airflow/example_dags/example_branch_datetime_operator.py took 0.071 seconds
[2022-09-25 21:08:15,257] {processor.py:153} INFO - Started process (PID=1300) to work on /home/airflow/.local/lib/python3.7/site-packages/airflow/example_dags/example_branch_datetime_operator.py
[2022-09-25 21:08:15,262] {processor.py:641} INFO - Processing file /home/airflow/.local/lib/python3.7/site-packages/airflow/example_dags/example_branch_datetime_operator.py for tasks to queue
[2022-09-25 21:08:15,264] {logging_mixin.py:115} INFO - [2022-09-25 21:08:15,264] {dagbag.py:507} INFO - Filling up the DagBag from /home/airflow/.local/lib/python3.7/site-packages/airflow/example_dags/example_branch_datetime_operator.py
[2022-09-25 21:08:15,275] {processor.py:651} INFO - DAG(s) dict_keys(['example_branch_datetime_operator_2']) retrieved from /home/airflow/.local/lib/python3.7/site-packages/airflow/example_dags/example_branch_datetime_operator.py
[2022-09-25 21:08:15,300] {logging_mixin.py:115} INFO - [2022-09-25 21:08:15,300] {dag.py:2371} INFO - Sync 1 DAGs
[2022-09-25 21:08:15,315] {logging_mixin.py:115} INFO - [2022-09-25 21:08:15,315] {dag.py:2919} INFO - Setting next_dagrun for example_branch_datetime_operator_2 to 2022-09-24T00:00:00+00:00, run_after=2022-09-25T00:00:00+00:00
[2022-09-25 21:08:15,322] {processor.py:161} INFO - Processing /home/airflow/.local/lib/python3.7/site-packages/airflow/example_dags/example_branch_datetime_operator.py took 0.069 seconds
[2022-09-25 21:08:46,151] {processor.py:153} INFO - Started process (PID=1362) to work on /home/airflow/.local/lib/python3.7/site-packages/airflow/example_dags/example_branch_datetime_operator.py
[2022-09-25 21:08:46,153] {processor.py:641} INFO - Processing file /home/airflow/.local/lib/python3.7/site-packages/airflow/example_dags/example_branch_datetime_operator.py for tasks to queue
[2022-09-25 21:08:46,154] {logging_mixin.py:115} INFO - [2022-09-25 21:08:46,154] {dagbag.py:507} INFO - Filling up the DagBag from /home/airflow/.local/lib/python3.7/site-packages/airflow/example_dags/example_branch_datetime_operator.py
[2022-09-25 21:08:46,161] {processor.py:651} INFO - DAG(s) dict_keys(['example_branch_datetime_operator_2']) retrieved from /home/airflow/.local/lib/python3.7/site-packages/airflow/example_dags/example_branch_datetime_operator.py
[2022-09-25 21:08:46,183] {logging_mixin.py:115} INFO - [2022-09-25 21:08:46,183] {dag.py:2371} INFO - Sync 1 DAGs
[2022-09-25 21:08:46,198] {logging_mixin.py:115} INFO - [2022-09-25 21:08:46,198] {dag.py:2919} INFO - Setting next_dagrun for example_branch_datetime_operator_2 to 2022-09-24T00:00:00+00:00, run_after=2022-09-25T00:00:00+00:00
[2022-09-25 21:08:46,206] {processor.py:161} INFO - Processing /home/airflow/.local/lib/python3.7/site-packages/airflow/example_dags/example_branch_datetime_operator.py took 0.057 seconds
[2022-09-25 21:09:16,259] {processor.py:153} INFO - Started process (PID=1416) to work on /home/airflow/.local/lib/python3.7/site-packages/airflow/example_dags/example_branch_datetime_operator.py
[2022-09-25 21:09:16,260] {processor.py:641} INFO - Processing file /home/airflow/.local/lib/python3.7/site-packages/airflow/example_dags/example_branch_datetime_operator.py for tasks to queue
[2022-09-25 21:09:16,260] {logging_mixin.py:115} INFO - [2022-09-25 21:09:16,260] {dagbag.py:507} INFO - Filling up the DagBag from /home/airflow/.local/lib/python3.7/site-packages/airflow/example_dags/example_branch_datetime_operator.py
[2022-09-25 21:09:16,266] {processor.py:651} INFO - DAG(s) dict_keys(['example_branch_datetime_operator_2']) retrieved from /home/airflow/.local/lib/python3.7/site-packages/airflow/example_dags/example_branch_datetime_operator.py
[2022-09-25 21:09:16,281] {logging_mixin.py:115} INFO - [2022-09-25 21:09:16,281] {dag.py:2371} INFO - Sync 1 DAGs
[2022-09-25 21:09:16,296] {logging_mixin.py:115} INFO - [2022-09-25 21:09:16,296] {dag.py:2919} INFO - Setting next_dagrun for example_branch_datetime_operator_2 to 2022-09-24T00:00:00+00:00, run_after=2022-09-25T00:00:00+00:00
[2022-09-25 21:09:16,303] {processor.py:161} INFO - Processing /home/airflow/.local/lib/python3.7/site-packages/airflow/example_dags/example_branch_datetime_operator.py took 0.046 seconds
[2022-09-25 21:09:47,206] {processor.py:153} INFO - Started process (PID=1478) to work on /home/airflow/.local/lib/python3.7/site-packages/airflow/example_dags/example_branch_datetime_operator.py
[2022-09-25 21:09:47,208] {processor.py:641} INFO - Processing file /home/airflow/.local/lib/python3.7/site-packages/airflow/example_dags/example_branch_datetime_operator.py for tasks to queue
[2022-09-25 21:09:47,208] {logging_mixin.py:115} INFO - [2022-09-25 21:09:47,208] {dagbag.py:507} INFO - Filling up the DagBag from /home/airflow/.local/lib/python3.7/site-packages/airflow/example_dags/example_branch_datetime_operator.py
[2022-09-25 21:09:47,213] {processor.py:651} INFO - DAG(s) dict_keys(['example_branch_datetime_operator_2']) retrieved from /home/airflow/.local/lib/python3.7/site-packages/airflow/example_dags/example_branch_datetime_operator.py
[2022-09-25 21:09:47,230] {logging_mixin.py:115} INFO - [2022-09-25 21:09:47,229] {dag.py:2371} INFO - Sync 1 DAGs
[2022-09-25 21:09:47,244] {logging_mixin.py:115} INFO - [2022-09-25 21:09:47,243] {dag.py:2919} INFO - Setting next_dagrun for example_branch_datetime_operator_2 to 2022-09-24T00:00:00+00:00, run_after=2022-09-25T00:00:00+00:00
[2022-09-25 21:09:47,257] {processor.py:161} INFO - Processing /home/airflow/.local/lib/python3.7/site-packages/airflow/example_dags/example_branch_datetime_operator.py took 0.054 seconds
[2022-09-25 21:10:18,088] {processor.py:153} INFO - Started process (PID=1542) to work on /home/airflow/.local/lib/python3.7/site-packages/airflow/example_dags/example_branch_datetime_operator.py
[2022-09-25 21:10:18,089] {processor.py:641} INFO - Processing file /home/airflow/.local/lib/python3.7/site-packages/airflow/example_dags/example_branch_datetime_operator.py for tasks to queue
[2022-09-25 21:10:18,090] {logging_mixin.py:115} INFO - [2022-09-25 21:10:18,090] {dagbag.py:507} INFO - Filling up the DagBag from /home/airflow/.local/lib/python3.7/site-packages/airflow/example_dags/example_branch_datetime_operator.py
[2022-09-25 21:10:18,095] {processor.py:651} INFO - DAG(s) dict_keys(['example_branch_datetime_operator_2']) retrieved from /home/airflow/.local/lib/python3.7/site-packages/airflow/example_dags/example_branch_datetime_operator.py
[2022-09-25 21:10:18,111] {logging_mixin.py:115} INFO - [2022-09-25 21:10:18,111] {dag.py:2371} INFO - Sync 1 DAGs
[2022-09-25 21:10:18,126] {logging_mixin.py:115} INFO - [2022-09-25 21:10:18,126] {dag.py:2919} INFO - Setting next_dagrun for example_branch_datetime_operator_2 to 2022-09-24T00:00:00+00:00, run_after=2022-09-25T00:00:00+00:00
[2022-09-25 21:10:18,133] {processor.py:161} INFO - Processing /home/airflow/.local/lib/python3.7/site-packages/airflow/example_dags/example_branch_datetime_operator.py took 0.047 seconds
[2022-09-25 21:10:49,144] {processor.py:153} INFO - Started process (PID=1604) to work on /home/airflow/.local/lib/python3.7/site-packages/airflow/example_dags/example_branch_datetime_operator.py
[2022-09-25 21:10:49,147] {processor.py:641} INFO - Processing file /home/airflow/.local/lib/python3.7/site-packages/airflow/example_dags/example_branch_datetime_operator.py for tasks to queue
[2022-09-25 21:10:49,148] {logging_mixin.py:115} INFO - [2022-09-25 21:10:49,148] {dagbag.py:507} INFO - Filling up the DagBag from /home/airflow/.local/lib/python3.7/site-packages/airflow/example_dags/example_branch_datetime_operator.py
[2022-09-25 21:10:49,158] {processor.py:651} INFO - DAG(s) dict_keys(['example_branch_datetime_operator_2']) retrieved from /home/airflow/.local/lib/python3.7/site-packages/airflow/example_dags/example_branch_datetime_operator.py
[2022-09-25 21:10:49,189] {logging_mixin.py:115} INFO - [2022-09-25 21:10:49,188] {dag.py:2371} INFO - Sync 1 DAGs
[2022-09-25 21:10:49,206] {logging_mixin.py:115} INFO - [2022-09-25 21:10:49,206] {dag.py:2919} INFO - Setting next_dagrun for example_branch_datetime_operator_2 to 2022-09-24T00:00:00+00:00, run_after=2022-09-25T00:00:00+00:00
[2022-09-25 21:10:49,214] {processor.py:161} INFO - Processing /home/airflow/.local/lib/python3.7/site-packages/airflow/example_dags/example_branch_datetime_operator.py took 0.075 seconds
[2022-09-25 21:11:20,004] {processor.py:153} INFO - Started process (PID=1667) to work on /home/airflow/.local/lib/python3.7/site-packages/airflow/example_dags/example_branch_datetime_operator.py
[2022-09-25 21:11:20,006] {processor.py:641} INFO - Processing file /home/airflow/.local/lib/python3.7/site-packages/airflow/example_dags/example_branch_datetime_operator.py for tasks to queue
[2022-09-25 21:11:20,007] {logging_mixin.py:115} INFO - [2022-09-25 21:11:20,007] {dagbag.py:507} INFO - Filling up the DagBag from /home/airflow/.local/lib/python3.7/site-packages/airflow/example_dags/example_branch_datetime_operator.py
[2022-09-25 21:11:20,013] {processor.py:651} INFO - DAG(s) dict_keys(['example_branch_datetime_operator_2']) retrieved from /home/airflow/.local/lib/python3.7/site-packages/airflow/example_dags/example_branch_datetime_operator.py
[2022-09-25 21:11:20,034] {logging_mixin.py:115} INFO - [2022-09-25 21:11:20,034] {dag.py:2371} INFO - Sync 1 DAGs
[2022-09-25 21:11:20,054] {logging_mixin.py:115} INFO - [2022-09-25 21:11:20,054] {dag.py:2919} INFO - Setting next_dagrun for example_branch_datetime_operator_2 to 2022-09-24T00:00:00+00:00, run_after=2022-09-25T00:00:00+00:00
[2022-09-25 21:11:20,063] {processor.py:161} INFO - Processing /home/airflow/.local/lib/python3.7/site-packages/airflow/example_dags/example_branch_datetime_operator.py took 0.064 seconds
[2022-09-25 21:11:50,899] {processor.py:153} INFO - Started process (PID=1720) to work on /home/airflow/.local/lib/python3.7/site-packages/airflow/example_dags/example_branch_datetime_operator.py
[2022-09-25 21:11:50,900] {processor.py:641} INFO - Processing file /home/airflow/.local/lib/python3.7/site-packages/airflow/example_dags/example_branch_datetime_operator.py for tasks to queue
[2022-09-25 21:11:50,901] {logging_mixin.py:115} INFO - [2022-09-25 21:11:50,901] {dagbag.py:507} INFO - Filling up the DagBag from /home/airflow/.local/lib/python3.7/site-packages/airflow/example_dags/example_branch_datetime_operator.py
[2022-09-25 21:11:50,906] {processor.py:651} INFO - DAG(s) dict_keys(['example_branch_datetime_operator_2']) retrieved from /home/airflow/.local/lib/python3.7/site-packages/airflow/example_dags/example_branch_datetime_operator.py
[2022-09-25 21:11:50,922] {logging_mixin.py:115} INFO - [2022-09-25 21:11:50,922] {dag.py:2371} INFO - Sync 1 DAGs
[2022-09-25 21:11:50,936] {logging_mixin.py:115} INFO - [2022-09-25 21:11:50,936] {dag.py:2919} INFO - Setting next_dagrun for example_branch_datetime_operator_2 to 2022-09-24T00:00:00+00:00, run_after=2022-09-25T00:00:00+00:00
[2022-09-25 21:11:50,943] {processor.py:161} INFO - Processing /home/airflow/.local/lib/python3.7/site-packages/airflow/example_dags/example_branch_datetime_operator.py took 0.045 seconds
[2022-09-25 21:12:21,097] {processor.py:153} INFO - Started process (PID=1784) to work on /home/airflow/.local/lib/python3.7/site-packages/airflow/example_dags/example_branch_datetime_operator.py
[2022-09-25 21:12:21,098] {processor.py:641} INFO - Processing file /home/airflow/.local/lib/python3.7/site-packages/airflow/example_dags/example_branch_datetime_operator.py for tasks to queue
[2022-09-25 21:12:21,099] {logging_mixin.py:115} INFO - [2022-09-25 21:12:21,099] {dagbag.py:507} INFO - Filling up the DagBag from /home/airflow/.local/lib/python3.7/site-packages/airflow/example_dags/example_branch_datetime_operator.py
[2022-09-25 21:12:21,105] {processor.py:651} INFO - DAG(s) dict_keys(['example_branch_datetime_operator_2']) retrieved from /home/airflow/.local/lib/python3.7/site-packages/airflow/example_dags/example_branch_datetime_operator.py
[2022-09-25 21:12:21,122] {logging_mixin.py:115} INFO - [2022-09-25 21:12:21,122] {dag.py:2371} INFO - Sync 1 DAGs
[2022-09-25 21:12:21,136] {logging_mixin.py:115} INFO - [2022-09-25 21:12:21,136] {dag.py:2919} INFO - Setting next_dagrun for example_branch_datetime_operator_2 to 2022-09-24T00:00:00+00:00, run_after=2022-09-25T00:00:00+00:00
[2022-09-25 21:12:21,143] {processor.py:161} INFO - Processing /home/airflow/.local/lib/python3.7/site-packages/airflow/example_dags/example_branch_datetime_operator.py took 0.048 seconds
[2022-09-25 21:12:51,832] {processor.py:153} INFO - Started process (PID=1848) to work on /home/airflow/.local/lib/python3.7/site-packages/airflow/example_dags/example_branch_datetime_operator.py
[2022-09-25 21:12:51,834] {processor.py:641} INFO - Processing file /home/airflow/.local/lib/python3.7/site-packages/airflow/example_dags/example_branch_datetime_operator.py for tasks to queue
[2022-09-25 21:12:51,835] {logging_mixin.py:115} INFO - [2022-09-25 21:12:51,835] {dagbag.py:507} INFO - Filling up the DagBag from /home/airflow/.local/lib/python3.7/site-packages/airflow/example_dags/example_branch_datetime_operator.py
[2022-09-25 21:12:51,840] {processor.py:651} INFO - DAG(s) dict_keys(['example_branch_datetime_operator_2']) retrieved from /home/airflow/.local/lib/python3.7/site-packages/airflow/example_dags/example_branch_datetime_operator.py
[2022-09-25 21:12:51,857] {logging_mixin.py:115} INFO - [2022-09-25 21:12:51,857] {dag.py:2371} INFO - Sync 1 DAGs
[2022-09-25 21:12:51,870] {logging_mixin.py:115} INFO - [2022-09-25 21:12:51,870] {dag.py:2919} INFO - Setting next_dagrun for example_branch_datetime_operator_2 to 2022-09-24T00:00:00+00:00, run_after=2022-09-25T00:00:00+00:00
[2022-09-25 21:12:51,877] {processor.py:161} INFO - Processing /home/airflow/.local/lib/python3.7/site-packages/airflow/example_dags/example_branch_datetime_operator.py took 0.049 seconds
[2022-09-25 21:13:22,511] {processor.py:153} INFO - Started process (PID=1911) to work on /home/airflow/.local/lib/python3.7/site-packages/airflow/example_dags/example_branch_datetime_operator.py
[2022-09-25 21:13:22,512] {processor.py:641} INFO - Processing file /home/airflow/.local/lib/python3.7/site-packages/airflow/example_dags/example_branch_datetime_operator.py for tasks to queue
[2022-09-25 21:13:22,512] {logging_mixin.py:115} INFO - [2022-09-25 21:13:22,512] {dagbag.py:507} INFO - Filling up the DagBag from /home/airflow/.local/lib/python3.7/site-packages/airflow/example_dags/example_branch_datetime_operator.py
[2022-09-25 21:13:22,517] {processor.py:651} INFO - DAG(s) dict_keys(['example_branch_datetime_operator_2']) retrieved from /home/airflow/.local/lib/python3.7/site-packages/airflow/example_dags/example_branch_datetime_operator.py
[2022-09-25 21:13:22,535] {logging_mixin.py:115} INFO - [2022-09-25 21:13:22,535] {dag.py:2371} INFO - Sync 1 DAGs
[2022-09-25 21:13:22,548] {logging_mixin.py:115} INFO - [2022-09-25 21:13:22,548] {dag.py:2919} INFO - Setting next_dagrun for example_branch_datetime_operator_2 to 2022-09-24T00:00:00+00:00, run_after=2022-09-25T00:00:00+00:00
[2022-09-25 21:13:22,555] {processor.py:161} INFO - Processing /home/airflow/.local/lib/python3.7/site-packages/airflow/example_dags/example_branch_datetime_operator.py took 0.046 seconds
