[2022-09-25 20:57:56,057] {processor.py:153} INFO - Started process (PID=56) to work on /home/airflow/.local/lib/python3.7/site-packages/airflow/example_dags/example_trigger_target_dag.py
[2022-09-25 20:57:56,059] {processor.py:641} INFO - Processing file /home/airflow/.local/lib/python3.7/site-packages/airflow/example_dags/example_trigger_target_dag.py for tasks to queue
[2022-09-25 20:57:56,061] {logging_mixin.py:115} INFO - [2022-09-25 20:57:56,061] {dagbag.py:507} INFO - Filling up the DagBag from /home/airflow/.local/lib/python3.7/site-packages/airflow/example_dags/example_trigger_target_dag.py
[2022-09-25 20:57:56,113] {processor.py:651} INFO - DAG(s) dict_keys(['example_trigger_target_dag']) retrieved from /home/airflow/.local/lib/python3.7/site-packages/airflow/example_dags/example_trigger_target_dag.py
[2022-09-25 20:57:56,726] {logging_mixin.py:115} INFO - [2022-09-25 20:57:56,726] {manager.py:508} INFO - Created Permission View: can edit on DAG:example_trigger_target_dag
[2022-09-25 20:57:56,744] {logging_mixin.py:115} INFO - [2022-09-25 20:57:56,743] {manager.py:508} INFO - Created Permission View: can read on DAG:example_trigger_target_dag
[2022-09-25 20:57:56,768] {logging_mixin.py:115} INFO - [2022-09-25 20:57:56,767] {manager.py:508} INFO - Created Permission View: can delete on DAG:example_trigger_target_dag
[2022-09-25 20:57:56,774] {logging_mixin.py:115} INFO - [2022-09-25 20:57:56,773] {dag.py:2371} INFO - Sync 1 DAGs
[2022-09-25 20:57:56,787] {logging_mixin.py:115} INFO - [2022-09-25 20:57:56,787] {dag.py:2390} INFO - Creating ORM DAG for example_trigger_target_dag
[2022-09-25 20:57:56,815] {logging_mixin.py:115} INFO - [2022-09-25 20:57:56,815] {dag.py:2919} INFO - Setting next_dagrun for example_trigger_target_dag to None, run_after=None
[2022-09-25 20:57:56,848] {processor.py:161} INFO - Processing /home/airflow/.local/lib/python3.7/site-packages/airflow/example_dags/example_trigger_target_dag.py took 0.804 seconds
[2022-09-25 20:58:27,491] {processor.py:153} INFO - Started process (PID=119) to work on /home/airflow/.local/lib/python3.7/site-packages/airflow/example_dags/example_trigger_target_dag.py
[2022-09-25 20:58:27,493] {processor.py:641} INFO - Processing file /home/airflow/.local/lib/python3.7/site-packages/airflow/example_dags/example_trigger_target_dag.py for tasks to queue
[2022-09-25 20:58:27,494] {logging_mixin.py:115} INFO - [2022-09-25 20:58:27,494] {dagbag.py:507} INFO - Filling up the DagBag from /home/airflow/.local/lib/python3.7/site-packages/airflow/example_dags/example_trigger_target_dag.py
[2022-09-25 20:58:27,514] {processor.py:651} INFO - DAG(s) dict_keys(['example_trigger_target_dag']) retrieved from /home/airflow/.local/lib/python3.7/site-packages/airflow/example_dags/example_trigger_target_dag.py
[2022-09-25 20:58:27,535] {logging_mixin.py:115} INFO - [2022-09-25 20:58:27,535] {dag.py:2371} INFO - Sync 1 DAGs
[2022-09-25 20:58:27,666] {logging_mixin.py:115} INFO - [2022-09-25 20:58:27,666] {dag.py:2919} INFO - Setting next_dagrun for example_trigger_target_dag to None, run_after=None
[2022-09-25 20:58:27,683] {processor.py:161} INFO - Processing /home/airflow/.local/lib/python3.7/site-packages/airflow/example_dags/example_trigger_target_dag.py took 0.197 seconds
[2022-09-25 20:58:57,773] {processor.py:153} INFO - Started process (PID=174) to work on /home/airflow/.local/lib/python3.7/site-packages/airflow/example_dags/example_trigger_target_dag.py
[2022-09-25 20:58:57,774] {processor.py:641} INFO - Processing file /home/airflow/.local/lib/python3.7/site-packages/airflow/example_dags/example_trigger_target_dag.py for tasks to queue
[2022-09-25 20:58:57,775] {logging_mixin.py:115} INFO - [2022-09-25 20:58:57,775] {dagbag.py:507} INFO - Filling up the DagBag from /home/airflow/.local/lib/python3.7/site-packages/airflow/example_dags/example_trigger_target_dag.py
[2022-09-25 20:58:57,785] {processor.py:651} INFO - DAG(s) dict_keys(['example_trigger_target_dag']) retrieved from /home/airflow/.local/lib/python3.7/site-packages/airflow/example_dags/example_trigger_target_dag.py
[2022-09-25 20:58:57,822] {logging_mixin.py:115} INFO - [2022-09-25 20:58:57,822] {dag.py:2371} INFO - Sync 1 DAGs
[2022-09-25 20:58:57,955] {logging_mixin.py:115} INFO - [2022-09-25 20:58:57,955] {dag.py:2919} INFO - Setting next_dagrun for example_trigger_target_dag to None, run_after=None
[2022-09-25 20:58:57,963] {processor.py:161} INFO - Processing /home/airflow/.local/lib/python3.7/site-packages/airflow/example_dags/example_trigger_target_dag.py took 0.192 seconds
[2022-09-25 20:59:28,172] {processor.py:153} INFO - Started process (PID=238) to work on /home/airflow/.local/lib/python3.7/site-packages/airflow/example_dags/example_trigger_target_dag.py
[2022-09-25 20:59:28,173] {processor.py:641} INFO - Processing file /home/airflow/.local/lib/python3.7/site-packages/airflow/example_dags/example_trigger_target_dag.py for tasks to queue
[2022-09-25 20:59:28,174] {logging_mixin.py:115} INFO - [2022-09-25 20:59:28,174] {dagbag.py:507} INFO - Filling up the DagBag from /home/airflow/.local/lib/python3.7/site-packages/airflow/example_dags/example_trigger_target_dag.py
[2022-09-25 20:59:28,183] {processor.py:651} INFO - DAG(s) dict_keys(['example_trigger_target_dag']) retrieved from /home/airflow/.local/lib/python3.7/site-packages/airflow/example_dags/example_trigger_target_dag.py
[2022-09-25 20:59:28,200] {logging_mixin.py:115} INFO - [2022-09-25 20:59:28,200] {dag.py:2371} INFO - Sync 1 DAGs
[2022-09-25 20:59:28,283] {logging_mixin.py:115} INFO - [2022-09-25 20:59:28,283] {dag.py:2919} INFO - Setting next_dagrun for example_trigger_target_dag to None, run_after=None
[2022-09-25 20:59:28,290] {processor.py:161} INFO - Processing /home/airflow/.local/lib/python3.7/site-packages/airflow/example_dags/example_trigger_target_dag.py took 0.120 seconds
[2022-09-25 20:59:58,696] {processor.py:153} INFO - Started process (PID=300) to work on /home/airflow/.local/lib/python3.7/site-packages/airflow/example_dags/example_trigger_target_dag.py
[2022-09-25 20:59:58,697] {processor.py:641} INFO - Processing file /home/airflow/.local/lib/python3.7/site-packages/airflow/example_dags/example_trigger_target_dag.py for tasks to queue
[2022-09-25 20:59:58,699] {logging_mixin.py:115} INFO - [2022-09-25 20:59:58,699] {dagbag.py:507} INFO - Filling up the DagBag from /home/airflow/.local/lib/python3.7/site-packages/airflow/example_dags/example_trigger_target_dag.py
[2022-09-25 20:59:58,708] {processor.py:651} INFO - DAG(s) dict_keys(['example_trigger_target_dag']) retrieved from /home/airflow/.local/lib/python3.7/site-packages/airflow/example_dags/example_trigger_target_dag.py
[2022-09-25 20:59:58,725] {logging_mixin.py:115} INFO - [2022-09-25 20:59:58,725] {dag.py:2371} INFO - Sync 1 DAGs
[2022-09-25 20:59:58,811] {logging_mixin.py:115} INFO - [2022-09-25 20:59:58,811] {dag.py:2919} INFO - Setting next_dagrun for example_trigger_target_dag to None, run_after=None
[2022-09-25 20:59:58,818] {processor.py:161} INFO - Processing /home/airflow/.local/lib/python3.7/site-packages/airflow/example_dags/example_trigger_target_dag.py took 0.124 seconds
[2022-09-25 21:00:28,903] {processor.py:153} INFO - Started process (PID=363) to work on /home/airflow/.local/lib/python3.7/site-packages/airflow/example_dags/example_trigger_target_dag.py
[2022-09-25 21:00:28,904] {processor.py:641} INFO - Processing file /home/airflow/.local/lib/python3.7/site-packages/airflow/example_dags/example_trigger_target_dag.py for tasks to queue
[2022-09-25 21:00:28,906] {logging_mixin.py:115} INFO - [2022-09-25 21:00:28,906] {dagbag.py:507} INFO - Filling up the DagBag from /home/airflow/.local/lib/python3.7/site-packages/airflow/example_dags/example_trigger_target_dag.py
[2022-09-25 21:00:28,919] {processor.py:651} INFO - DAG(s) dict_keys(['example_trigger_target_dag']) retrieved from /home/airflow/.local/lib/python3.7/site-packages/airflow/example_dags/example_trigger_target_dag.py
[2022-09-25 21:00:28,934] {logging_mixin.py:115} INFO - [2022-09-25 21:00:28,934] {dag.py:2371} INFO - Sync 1 DAGs
[2022-09-25 21:00:29,019] {logging_mixin.py:115} INFO - [2022-09-25 21:00:29,019] {dag.py:2919} INFO - Setting next_dagrun for example_trigger_target_dag to None, run_after=None
[2022-09-25 21:00:29,026] {processor.py:161} INFO - Processing /home/airflow/.local/lib/python3.7/site-packages/airflow/example_dags/example_trigger_target_dag.py took 0.126 seconds
[2022-09-25 21:01:00,121] {processor.py:153} INFO - Started process (PID=426) to work on /home/airflow/.local/lib/python3.7/site-packages/airflow/example_dags/example_trigger_target_dag.py
[2022-09-25 21:01:00,122] {processor.py:641} INFO - Processing file /home/airflow/.local/lib/python3.7/site-packages/airflow/example_dags/example_trigger_target_dag.py for tasks to queue
[2022-09-25 21:01:00,123] {logging_mixin.py:115} INFO - [2022-09-25 21:01:00,123] {dagbag.py:507} INFO - Filling up the DagBag from /home/airflow/.local/lib/python3.7/site-packages/airflow/example_dags/example_trigger_target_dag.py
[2022-09-25 21:01:00,132] {processor.py:651} INFO - DAG(s) dict_keys(['example_trigger_target_dag']) retrieved from /home/airflow/.local/lib/python3.7/site-packages/airflow/example_dags/example_trigger_target_dag.py
[2022-09-25 21:01:00,148] {logging_mixin.py:115} INFO - [2022-09-25 21:01:00,148] {dag.py:2371} INFO - Sync 1 DAGs
[2022-09-25 21:01:00,238] {logging_mixin.py:115} INFO - [2022-09-25 21:01:00,238] {dag.py:2919} INFO - Setting next_dagrun for example_trigger_target_dag to None, run_after=None
[2022-09-25 21:01:00,245] {processor.py:161} INFO - Processing /home/airflow/.local/lib/python3.7/site-packages/airflow/example_dags/example_trigger_target_dag.py took 0.126 seconds
[2022-09-25 21:01:30,777] {processor.py:153} INFO - Started process (PID=480) to work on /home/airflow/.local/lib/python3.7/site-packages/airflow/example_dags/example_trigger_target_dag.py
[2022-09-25 21:01:30,778] {processor.py:641} INFO - Processing file /home/airflow/.local/lib/python3.7/site-packages/airflow/example_dags/example_trigger_target_dag.py for tasks to queue
[2022-09-25 21:01:30,779] {logging_mixin.py:115} INFO - [2022-09-25 21:01:30,779] {dagbag.py:507} INFO - Filling up the DagBag from /home/airflow/.local/lib/python3.7/site-packages/airflow/example_dags/example_trigger_target_dag.py
[2022-09-25 21:01:30,790] {processor.py:651} INFO - DAG(s) dict_keys(['example_trigger_target_dag']) retrieved from /home/airflow/.local/lib/python3.7/site-packages/airflow/example_dags/example_trigger_target_dag.py
[2022-09-25 21:01:30,808] {logging_mixin.py:115} INFO - [2022-09-25 21:01:30,808] {dag.py:2371} INFO - Sync 1 DAGs
[2022-09-25 21:01:30,924] {logging_mixin.py:115} INFO - [2022-09-25 21:01:30,924] {dag.py:2919} INFO - Setting next_dagrun for example_trigger_target_dag to None, run_after=None
[2022-09-25 21:01:30,931] {processor.py:161} INFO - Processing /home/airflow/.local/lib/python3.7/site-packages/airflow/example_dags/example_trigger_target_dag.py took 0.157 seconds
[2022-09-25 21:02:01,153] {processor.py:153} INFO - Started process (PID=542) to work on /home/airflow/.local/lib/python3.7/site-packages/airflow/example_dags/example_trigger_target_dag.py
[2022-09-25 21:02:01,154] {processor.py:641} INFO - Processing file /home/airflow/.local/lib/python3.7/site-packages/airflow/example_dags/example_trigger_target_dag.py for tasks to queue
[2022-09-25 21:02:01,155] {logging_mixin.py:115} INFO - [2022-09-25 21:02:01,155] {dagbag.py:507} INFO - Filling up the DagBag from /home/airflow/.local/lib/python3.7/site-packages/airflow/example_dags/example_trigger_target_dag.py
[2022-09-25 21:02:01,166] {processor.py:651} INFO - DAG(s) dict_keys(['example_trigger_target_dag']) retrieved from /home/airflow/.local/lib/python3.7/site-packages/airflow/example_dags/example_trigger_target_dag.py
[2022-09-25 21:02:01,183] {logging_mixin.py:115} INFO - [2022-09-25 21:02:01,183] {dag.py:2371} INFO - Sync 1 DAGs
[2022-09-25 21:02:01,280] {logging_mixin.py:115} INFO - [2022-09-25 21:02:01,280] {dag.py:2919} INFO - Setting next_dagrun for example_trigger_target_dag to None, run_after=None
[2022-09-25 21:02:01,289] {processor.py:161} INFO - Processing /home/airflow/.local/lib/python3.7/site-packages/airflow/example_dags/example_trigger_target_dag.py took 0.138 seconds
[2022-09-25 21:02:31,663] {processor.py:153} INFO - Started process (PID=606) to work on /home/airflow/.local/lib/python3.7/site-packages/airflow/example_dags/example_trigger_target_dag.py
[2022-09-25 21:02:31,664] {processor.py:641} INFO - Processing file /home/airflow/.local/lib/python3.7/site-packages/airflow/example_dags/example_trigger_target_dag.py for tasks to queue
[2022-09-25 21:02:31,666] {logging_mixin.py:115} INFO - [2022-09-25 21:02:31,665] {dagbag.py:507} INFO - Filling up the DagBag from /home/airflow/.local/lib/python3.7/site-packages/airflow/example_dags/example_trigger_target_dag.py
[2022-09-25 21:02:31,676] {processor.py:651} INFO - DAG(s) dict_keys(['example_trigger_target_dag']) retrieved from /home/airflow/.local/lib/python3.7/site-packages/airflow/example_dags/example_trigger_target_dag.py
[2022-09-25 21:02:31,696] {logging_mixin.py:115} INFO - [2022-09-25 21:02:31,696] {dag.py:2371} INFO - Sync 1 DAGs
[2022-09-25 21:02:31,815] {logging_mixin.py:115} INFO - [2022-09-25 21:02:31,815] {dag.py:2919} INFO - Setting next_dagrun for example_trigger_target_dag to None, run_after=None
[2022-09-25 21:02:31,826] {processor.py:161} INFO - Processing /home/airflow/.local/lib/python3.7/site-packages/airflow/example_dags/example_trigger_target_dag.py took 0.165 seconds
[2022-09-25 21:03:02,810] {processor.py:153} INFO - Started process (PID=672) to work on /home/airflow/.local/lib/python3.7/site-packages/airflow/example_dags/example_trigger_target_dag.py
[2022-09-25 21:03:02,813] {processor.py:641} INFO - Processing file /home/airflow/.local/lib/python3.7/site-packages/airflow/example_dags/example_trigger_target_dag.py for tasks to queue
[2022-09-25 21:03:02,815] {logging_mixin.py:115} INFO - [2022-09-25 21:03:02,815] {dagbag.py:507} INFO - Filling up the DagBag from /home/airflow/.local/lib/python3.7/site-packages/airflow/example_dags/example_trigger_target_dag.py
[2022-09-25 21:03:02,831] {processor.py:651} INFO - DAG(s) dict_keys(['example_trigger_target_dag']) retrieved from /home/airflow/.local/lib/python3.7/site-packages/airflow/example_dags/example_trigger_target_dag.py
[2022-09-25 21:03:02,852] {logging_mixin.py:115} INFO - [2022-09-25 21:03:02,852] {dag.py:2371} INFO - Sync 1 DAGs
[2022-09-25 21:03:02,865] {logging_mixin.py:115} INFO - [2022-09-25 21:03:02,865] {dag.py:2919} INFO - Setting next_dagrun for example_trigger_target_dag to None, run_after=None
[2022-09-25 21:03:02,872] {processor.py:161} INFO - Processing /home/airflow/.local/lib/python3.7/site-packages/airflow/example_dags/example_trigger_target_dag.py took 0.070 seconds
[2022-09-25 21:03:33,671] {processor.py:153} INFO - Started process (PID=735) to work on /home/airflow/.local/lib/python3.7/site-packages/airflow/example_dags/example_trigger_target_dag.py
[2022-09-25 21:03:33,676] {processor.py:641} INFO - Processing file /home/airflow/.local/lib/python3.7/site-packages/airflow/example_dags/example_trigger_target_dag.py for tasks to queue
[2022-09-25 21:03:33,678] {logging_mixin.py:115} INFO - [2022-09-25 21:03:33,678] {dagbag.py:507} INFO - Filling up the DagBag from /home/airflow/.local/lib/python3.7/site-packages/airflow/example_dags/example_trigger_target_dag.py
[2022-09-25 21:03:33,697] {processor.py:651} INFO - DAG(s) dict_keys(['example_trigger_target_dag']) retrieved from /home/airflow/.local/lib/python3.7/site-packages/airflow/example_dags/example_trigger_target_dag.py
[2022-09-25 21:03:33,721] {logging_mixin.py:115} INFO - [2022-09-25 21:03:33,721] {dag.py:2371} INFO - Sync 1 DAGs
[2022-09-25 21:03:33,733] {logging_mixin.py:115} INFO - [2022-09-25 21:03:33,733] {dag.py:2919} INFO - Setting next_dagrun for example_trigger_target_dag to None, run_after=None
[2022-09-25 21:03:33,741] {processor.py:161} INFO - Processing /home/airflow/.local/lib/python3.7/site-packages/airflow/example_dags/example_trigger_target_dag.py took 0.076 seconds
[2022-09-25 21:04:04,642] {processor.py:153} INFO - Started process (PID=798) to work on /home/airflow/.local/lib/python3.7/site-packages/airflow/example_dags/example_trigger_target_dag.py
[2022-09-25 21:04:04,646] {processor.py:641} INFO - Processing file /home/airflow/.local/lib/python3.7/site-packages/airflow/example_dags/example_trigger_target_dag.py for tasks to queue
[2022-09-25 21:04:04,647] {logging_mixin.py:115} INFO - [2022-09-25 21:04:04,647] {dagbag.py:507} INFO - Filling up the DagBag from /home/airflow/.local/lib/python3.7/site-packages/airflow/example_dags/example_trigger_target_dag.py
[2022-09-25 21:04:04,670] {processor.py:651} INFO - DAG(s) dict_keys(['example_trigger_target_dag']) retrieved from /home/airflow/.local/lib/python3.7/site-packages/airflow/example_dags/example_trigger_target_dag.py
[2022-09-25 21:04:04,710] {logging_mixin.py:115} INFO - [2022-09-25 21:04:04,709] {dag.py:2371} INFO - Sync 1 DAGs
[2022-09-25 21:04:04,730] {logging_mixin.py:115} INFO - [2022-09-25 21:04:04,730] {dag.py:2919} INFO - Setting next_dagrun for example_trigger_target_dag to None, run_after=None
[2022-09-25 21:04:04,739] {processor.py:161} INFO - Processing /home/airflow/.local/lib/python3.7/site-packages/airflow/example_dags/example_trigger_target_dag.py took 0.101 seconds
[2022-09-25 21:04:35,556] {processor.py:153} INFO - Started process (PID=852) to work on /home/airflow/.local/lib/python3.7/site-packages/airflow/example_dags/example_trigger_target_dag.py
[2022-09-25 21:04:35,558] {processor.py:641} INFO - Processing file /home/airflow/.local/lib/python3.7/site-packages/airflow/example_dags/example_trigger_target_dag.py for tasks to queue
[2022-09-25 21:04:35,559] {logging_mixin.py:115} INFO - [2022-09-25 21:04:35,559] {dagbag.py:507} INFO - Filling up the DagBag from /home/airflow/.local/lib/python3.7/site-packages/airflow/example_dags/example_trigger_target_dag.py
[2022-09-25 21:04:35,572] {processor.py:651} INFO - DAG(s) dict_keys(['example_trigger_target_dag']) retrieved from /home/airflow/.local/lib/python3.7/site-packages/airflow/example_dags/example_trigger_target_dag.py
[2022-09-25 21:04:35,591] {logging_mixin.py:115} INFO - [2022-09-25 21:04:35,591] {dag.py:2371} INFO - Sync 1 DAGs
[2022-09-25 21:04:35,606] {logging_mixin.py:115} INFO - [2022-09-25 21:04:35,606] {dag.py:2919} INFO - Setting next_dagrun for example_trigger_target_dag to None, run_after=None
[2022-09-25 21:04:35,615] {processor.py:161} INFO - Processing /home/airflow/.local/lib/python3.7/site-packages/airflow/example_dags/example_trigger_target_dag.py took 0.061 seconds
[2022-09-25 21:05:06,352] {processor.py:153} INFO - Started process (PID=915) to work on /home/airflow/.local/lib/python3.7/site-packages/airflow/example_dags/example_trigger_target_dag.py
[2022-09-25 21:05:06,356] {processor.py:641} INFO - Processing file /home/airflow/.local/lib/python3.7/site-packages/airflow/example_dags/example_trigger_target_dag.py for tasks to queue
[2022-09-25 21:05:06,358] {logging_mixin.py:115} INFO - [2022-09-25 21:05:06,358] {dagbag.py:507} INFO - Filling up the DagBag from /home/airflow/.local/lib/python3.7/site-packages/airflow/example_dags/example_trigger_target_dag.py
[2022-09-25 21:05:06,376] {processor.py:651} INFO - DAG(s) dict_keys(['example_trigger_target_dag']) retrieved from /home/airflow/.local/lib/python3.7/site-packages/airflow/example_dags/example_trigger_target_dag.py
[2022-09-25 21:05:06,399] {logging_mixin.py:115} INFO - [2022-09-25 21:05:06,398] {dag.py:2371} INFO - Sync 1 DAGs
[2022-09-25 21:05:06,410] {logging_mixin.py:115} INFO - [2022-09-25 21:05:06,410] {dag.py:2919} INFO - Setting next_dagrun for example_trigger_target_dag to None, run_after=None
[2022-09-25 21:05:06,418] {processor.py:161} INFO - Processing /home/airflow/.local/lib/python3.7/site-packages/airflow/example_dags/example_trigger_target_dag.py took 0.073 seconds
[2022-09-25 21:05:37,171] {processor.py:153} INFO - Started process (PID=979) to work on /home/airflow/.local/lib/python3.7/site-packages/airflow/example_dags/example_trigger_target_dag.py
[2022-09-25 21:05:37,174] {processor.py:641} INFO - Processing file /home/airflow/.local/lib/python3.7/site-packages/airflow/example_dags/example_trigger_target_dag.py for tasks to queue
[2022-09-25 21:05:37,179] {logging_mixin.py:115} INFO - [2022-09-25 21:05:37,178] {dagbag.py:507} INFO - Filling up the DagBag from /home/airflow/.local/lib/python3.7/site-packages/airflow/example_dags/example_trigger_target_dag.py
[2022-09-25 21:05:37,202] {processor.py:651} INFO - DAG(s) dict_keys(['example_trigger_target_dag']) retrieved from /home/airflow/.local/lib/python3.7/site-packages/airflow/example_dags/example_trigger_target_dag.py
[2022-09-25 21:05:37,225] {logging_mixin.py:115} INFO - [2022-09-25 21:05:37,224] {dag.py:2371} INFO - Sync 1 DAGs
[2022-09-25 21:05:37,239] {logging_mixin.py:115} INFO - [2022-09-25 21:05:37,239] {dag.py:2919} INFO - Setting next_dagrun for example_trigger_target_dag to None, run_after=None
[2022-09-25 21:05:37,249] {processor.py:161} INFO - Processing /home/airflow/.local/lib/python3.7/site-packages/airflow/example_dags/example_trigger_target_dag.py took 0.083 seconds
[2022-09-25 21:06:08,071] {processor.py:153} INFO - Started process (PID=1042) to work on /home/airflow/.local/lib/python3.7/site-packages/airflow/example_dags/example_trigger_target_dag.py
[2022-09-25 21:06:08,073] {processor.py:641} INFO - Processing file /home/airflow/.local/lib/python3.7/site-packages/airflow/example_dags/example_trigger_target_dag.py for tasks to queue
[2022-09-25 21:06:08,075] {logging_mixin.py:115} INFO - [2022-09-25 21:06:08,075] {dagbag.py:507} INFO - Filling up the DagBag from /home/airflow/.local/lib/python3.7/site-packages/airflow/example_dags/example_trigger_target_dag.py
[2022-09-25 21:06:08,092] {processor.py:651} INFO - DAG(s) dict_keys(['example_trigger_target_dag']) retrieved from /home/airflow/.local/lib/python3.7/site-packages/airflow/example_dags/example_trigger_target_dag.py
[2022-09-25 21:06:08,115] {logging_mixin.py:115} INFO - [2022-09-25 21:06:08,115] {dag.py:2371} INFO - Sync 1 DAGs
[2022-09-25 21:06:08,129] {logging_mixin.py:115} INFO - [2022-09-25 21:06:08,129] {dag.py:2919} INFO - Setting next_dagrun for example_trigger_target_dag to None, run_after=None
[2022-09-25 21:06:08,142] {processor.py:161} INFO - Processing /home/airflow/.local/lib/python3.7/site-packages/airflow/example_dags/example_trigger_target_dag.py took 0.077 seconds
[2022-09-25 21:06:39,062] {processor.py:153} INFO - Started process (PID=1104) to work on /home/airflow/.local/lib/python3.7/site-packages/airflow/example_dags/example_trigger_target_dag.py
[2022-09-25 21:06:39,065] {processor.py:641} INFO - Processing file /home/airflow/.local/lib/python3.7/site-packages/airflow/example_dags/example_trigger_target_dag.py for tasks to queue
[2022-09-25 21:06:39,068] {logging_mixin.py:115} INFO - [2022-09-25 21:06:39,067] {dagbag.py:507} INFO - Filling up the DagBag from /home/airflow/.local/lib/python3.7/site-packages/airflow/example_dags/example_trigger_target_dag.py
[2022-09-25 21:06:39,091] {processor.py:651} INFO - DAG(s) dict_keys(['example_trigger_target_dag']) retrieved from /home/airflow/.local/lib/python3.7/site-packages/airflow/example_dags/example_trigger_target_dag.py
[2022-09-25 21:06:39,117] {logging_mixin.py:115} INFO - [2022-09-25 21:06:39,117] {dag.py:2371} INFO - Sync 1 DAGs
[2022-09-25 21:06:39,134] {logging_mixin.py:115} INFO - [2022-09-25 21:06:39,134] {dag.py:2919} INFO - Setting next_dagrun for example_trigger_target_dag to None, run_after=None
[2022-09-25 21:06:39,142] {processor.py:161} INFO - Processing /home/airflow/.local/lib/python3.7/site-packages/airflow/example_dags/example_trigger_target_dag.py took 0.090 seconds
[2022-09-25 21:07:09,934] {processor.py:153} INFO - Started process (PID=1167) to work on /home/airflow/.local/lib/python3.7/site-packages/airflow/example_dags/example_trigger_target_dag.py
[2022-09-25 21:07:09,940] {processor.py:641} INFO - Processing file /home/airflow/.local/lib/python3.7/site-packages/airflow/example_dags/example_trigger_target_dag.py for tasks to queue
[2022-09-25 21:07:09,942] {logging_mixin.py:115} INFO - [2022-09-25 21:07:09,942] {dagbag.py:507} INFO - Filling up the DagBag from /home/airflow/.local/lib/python3.7/site-packages/airflow/example_dags/example_trigger_target_dag.py
[2022-09-25 21:07:09,966] {processor.py:651} INFO - DAG(s) dict_keys(['example_trigger_target_dag']) retrieved from /home/airflow/.local/lib/python3.7/site-packages/airflow/example_dags/example_trigger_target_dag.py
[2022-09-25 21:07:09,993] {logging_mixin.py:115} INFO - [2022-09-25 21:07:09,993] {dag.py:2371} INFO - Sync 1 DAGs
[2022-09-25 21:07:10,006] {logging_mixin.py:115} INFO - [2022-09-25 21:07:10,006] {dag.py:2919} INFO - Setting next_dagrun for example_trigger_target_dag to None, run_after=None
[2022-09-25 21:07:10,016] {processor.py:161} INFO - Processing /home/airflow/.local/lib/python3.7/site-packages/airflow/example_dags/example_trigger_target_dag.py took 0.089 seconds
[2022-09-25 21:07:40,755] {processor.py:153} INFO - Started process (PID=1230) to work on /home/airflow/.local/lib/python3.7/site-packages/airflow/example_dags/example_trigger_target_dag.py
[2022-09-25 21:07:40,757] {processor.py:641} INFO - Processing file /home/airflow/.local/lib/python3.7/site-packages/airflow/example_dags/example_trigger_target_dag.py for tasks to queue
[2022-09-25 21:07:40,760] {logging_mixin.py:115} INFO - [2022-09-25 21:07:40,760] {dagbag.py:507} INFO - Filling up the DagBag from /home/airflow/.local/lib/python3.7/site-packages/airflow/example_dags/example_trigger_target_dag.py
[2022-09-25 21:07:40,773] {processor.py:651} INFO - DAG(s) dict_keys(['example_trigger_target_dag']) retrieved from /home/airflow/.local/lib/python3.7/site-packages/airflow/example_dags/example_trigger_target_dag.py
[2022-09-25 21:07:40,805] {logging_mixin.py:115} INFO - [2022-09-25 21:07:40,805] {dag.py:2371} INFO - Sync 1 DAGs
[2022-09-25 21:07:40,826] {logging_mixin.py:115} INFO - [2022-09-25 21:07:40,826] {dag.py:2919} INFO - Setting next_dagrun for example_trigger_target_dag to None, run_after=None
[2022-09-25 21:07:40,841] {processor.py:161} INFO - Processing /home/airflow/.local/lib/python3.7/site-packages/airflow/example_dags/example_trigger_target_dag.py took 0.088 seconds
[2022-09-25 21:08:10,869] {processor.py:153} INFO - Started process (PID=1284) to work on /home/airflow/.local/lib/python3.7/site-packages/airflow/example_dags/example_trigger_target_dag.py
[2022-09-25 21:08:10,870] {processor.py:641} INFO - Processing file /home/airflow/.local/lib/python3.7/site-packages/airflow/example_dags/example_trigger_target_dag.py for tasks to queue
[2022-09-25 21:08:10,871] {logging_mixin.py:115} INFO - [2022-09-25 21:08:10,871] {dagbag.py:507} INFO - Filling up the DagBag from /home/airflow/.local/lib/python3.7/site-packages/airflow/example_dags/example_trigger_target_dag.py
[2022-09-25 21:08:10,881] {processor.py:651} INFO - DAG(s) dict_keys(['example_trigger_target_dag']) retrieved from /home/airflow/.local/lib/python3.7/site-packages/airflow/example_dags/example_trigger_target_dag.py
[2022-09-25 21:08:10,899] {logging_mixin.py:115} INFO - [2022-09-25 21:08:10,899] {dag.py:2371} INFO - Sync 1 DAGs
[2022-09-25 21:08:10,913] {logging_mixin.py:115} INFO - [2022-09-25 21:08:10,913] {dag.py:2919} INFO - Setting next_dagrun for example_trigger_target_dag to None, run_after=None
[2022-09-25 21:08:10,923] {processor.py:161} INFO - Processing /home/airflow/.local/lib/python3.7/site-packages/airflow/example_dags/example_trigger_target_dag.py took 0.056 seconds
[2022-09-25 21:08:41,783] {processor.py:153} INFO - Started process (PID=1345) to work on /home/airflow/.local/lib/python3.7/site-packages/airflow/example_dags/example_trigger_target_dag.py
[2022-09-25 21:08:41,784] {processor.py:641} INFO - Processing file /home/airflow/.local/lib/python3.7/site-packages/airflow/example_dags/example_trigger_target_dag.py for tasks to queue
[2022-09-25 21:08:41,785] {logging_mixin.py:115} INFO - [2022-09-25 21:08:41,785] {dagbag.py:507} INFO - Filling up the DagBag from /home/airflow/.local/lib/python3.7/site-packages/airflow/example_dags/example_trigger_target_dag.py
[2022-09-25 21:08:41,795] {processor.py:651} INFO - DAG(s) dict_keys(['example_trigger_target_dag']) retrieved from /home/airflow/.local/lib/python3.7/site-packages/airflow/example_dags/example_trigger_target_dag.py
[2022-09-25 21:08:41,814] {logging_mixin.py:115} INFO - [2022-09-25 21:08:41,814] {dag.py:2371} INFO - Sync 1 DAGs
[2022-09-25 21:08:41,827] {logging_mixin.py:115} INFO - [2022-09-25 21:08:41,827] {dag.py:2919} INFO - Setting next_dagrun for example_trigger_target_dag to None, run_after=None
[2022-09-25 21:08:41,836] {processor.py:161} INFO - Processing /home/airflow/.local/lib/python3.7/site-packages/airflow/example_dags/example_trigger_target_dag.py took 0.055 seconds
[2022-09-25 21:09:12,851] {processor.py:153} INFO - Started process (PID=1408) to work on /home/airflow/.local/lib/python3.7/site-packages/airflow/example_dags/example_trigger_target_dag.py
[2022-09-25 21:09:12,852] {processor.py:641} INFO - Processing file /home/airflow/.local/lib/python3.7/site-packages/airflow/example_dags/example_trigger_target_dag.py for tasks to queue
[2022-09-25 21:09:12,853] {logging_mixin.py:115} INFO - [2022-09-25 21:09:12,853] {dagbag.py:507} INFO - Filling up the DagBag from /home/airflow/.local/lib/python3.7/site-packages/airflow/example_dags/example_trigger_target_dag.py
[2022-09-25 21:09:12,867] {processor.py:651} INFO - DAG(s) dict_keys(['example_trigger_target_dag']) retrieved from /home/airflow/.local/lib/python3.7/site-packages/airflow/example_dags/example_trigger_target_dag.py
[2022-09-25 21:09:12,884] {logging_mixin.py:115} INFO - [2022-09-25 21:09:12,884] {dag.py:2371} INFO - Sync 1 DAGs
[2022-09-25 21:09:12,898] {logging_mixin.py:115} INFO - [2022-09-25 21:09:12,898] {dag.py:2919} INFO - Setting next_dagrun for example_trigger_target_dag to None, run_after=None
[2022-09-25 21:09:12,905] {processor.py:161} INFO - Processing /home/airflow/.local/lib/python3.7/site-packages/airflow/example_dags/example_trigger_target_dag.py took 0.057 seconds
[2022-09-25 21:09:43,847] {processor.py:153} INFO - Started process (PID=1470) to work on /home/airflow/.local/lib/python3.7/site-packages/airflow/example_dags/example_trigger_target_dag.py
[2022-09-25 21:09:43,848] {processor.py:641} INFO - Processing file /home/airflow/.local/lib/python3.7/site-packages/airflow/example_dags/example_trigger_target_dag.py for tasks to queue
[2022-09-25 21:09:43,849] {logging_mixin.py:115} INFO - [2022-09-25 21:09:43,849] {dagbag.py:507} INFO - Filling up the DagBag from /home/airflow/.local/lib/python3.7/site-packages/airflow/example_dags/example_trigger_target_dag.py
[2022-09-25 21:09:43,862] {processor.py:651} INFO - DAG(s) dict_keys(['example_trigger_target_dag']) retrieved from /home/airflow/.local/lib/python3.7/site-packages/airflow/example_dags/example_trigger_target_dag.py
[2022-09-25 21:09:43,880] {logging_mixin.py:115} INFO - [2022-09-25 21:09:43,880] {dag.py:2371} INFO - Sync 1 DAGs
[2022-09-25 21:09:43,892] {logging_mixin.py:115} INFO - [2022-09-25 21:09:43,892] {dag.py:2919} INFO - Setting next_dagrun for example_trigger_target_dag to None, run_after=None
[2022-09-25 21:09:43,899] {processor.py:161} INFO - Processing /home/airflow/.local/lib/python3.7/site-packages/airflow/example_dags/example_trigger_target_dag.py took 0.055 seconds
[2022-09-25 21:10:14,729] {processor.py:153} INFO - Started process (PID=1534) to work on /home/airflow/.local/lib/python3.7/site-packages/airflow/example_dags/example_trigger_target_dag.py
[2022-09-25 21:10:14,730] {processor.py:641} INFO - Processing file /home/airflow/.local/lib/python3.7/site-packages/airflow/example_dags/example_trigger_target_dag.py for tasks to queue
[2022-09-25 21:10:14,731] {logging_mixin.py:115} INFO - [2022-09-25 21:10:14,731] {dagbag.py:507} INFO - Filling up the DagBag from /home/airflow/.local/lib/python3.7/site-packages/airflow/example_dags/example_trigger_target_dag.py
[2022-09-25 21:10:14,742] {processor.py:651} INFO - DAG(s) dict_keys(['example_trigger_target_dag']) retrieved from /home/airflow/.local/lib/python3.7/site-packages/airflow/example_dags/example_trigger_target_dag.py
[2022-09-25 21:10:14,762] {logging_mixin.py:115} INFO - [2022-09-25 21:10:14,762] {dag.py:2371} INFO - Sync 1 DAGs
[2022-09-25 21:10:14,775] {logging_mixin.py:115} INFO - [2022-09-25 21:10:14,775] {dag.py:2919} INFO - Setting next_dagrun for example_trigger_target_dag to None, run_after=None
[2022-09-25 21:10:14,782] {processor.py:161} INFO - Processing /home/airflow/.local/lib/python3.7/site-packages/airflow/example_dags/example_trigger_target_dag.py took 0.055 seconds
[2022-09-25 21:10:45,710] {processor.py:153} INFO - Started process (PID=1594) to work on /home/airflow/.local/lib/python3.7/site-packages/airflow/example_dags/example_trigger_target_dag.py
[2022-09-25 21:10:45,711] {processor.py:641} INFO - Processing file /home/airflow/.local/lib/python3.7/site-packages/airflow/example_dags/example_trigger_target_dag.py for tasks to queue
[2022-09-25 21:10:45,714] {logging_mixin.py:115} INFO - [2022-09-25 21:10:45,714] {dagbag.py:507} INFO - Filling up the DagBag from /home/airflow/.local/lib/python3.7/site-packages/airflow/example_dags/example_trigger_target_dag.py
[2022-09-25 21:10:45,726] {processor.py:651} INFO - DAG(s) dict_keys(['example_trigger_target_dag']) retrieved from /home/airflow/.local/lib/python3.7/site-packages/airflow/example_dags/example_trigger_target_dag.py
[2022-09-25 21:10:45,745] {logging_mixin.py:115} INFO - [2022-09-25 21:10:45,745] {dag.py:2371} INFO - Sync 1 DAGs
[2022-09-25 21:10:45,762] {logging_mixin.py:115} INFO - [2022-09-25 21:10:45,762] {dag.py:2919} INFO - Setting next_dagrun for example_trigger_target_dag to None, run_after=None
[2022-09-25 21:10:45,773] {processor.py:161} INFO - Processing /home/airflow/.local/lib/python3.7/site-packages/airflow/example_dags/example_trigger_target_dag.py took 0.066 seconds
[2022-09-25 21:11:16,654] {processor.py:153} INFO - Started process (PID=1650) to work on /home/airflow/.local/lib/python3.7/site-packages/airflow/example_dags/example_trigger_target_dag.py
[2022-09-25 21:11:16,658] {processor.py:641} INFO - Processing file /home/airflow/.local/lib/python3.7/site-packages/airflow/example_dags/example_trigger_target_dag.py for tasks to queue
[2022-09-25 21:11:16,660] {logging_mixin.py:115} INFO - [2022-09-25 21:11:16,660] {dagbag.py:507} INFO - Filling up the DagBag from /home/airflow/.local/lib/python3.7/site-packages/airflow/example_dags/example_trigger_target_dag.py
[2022-09-25 21:11:16,670] {processor.py:651} INFO - DAG(s) dict_keys(['example_trigger_target_dag']) retrieved from /home/airflow/.local/lib/python3.7/site-packages/airflow/example_dags/example_trigger_target_dag.py
[2022-09-25 21:11:16,689] {logging_mixin.py:115} INFO - [2022-09-25 21:11:16,689] {dag.py:2371} INFO - Sync 1 DAGs
[2022-09-25 21:11:16,701] {logging_mixin.py:115} INFO - [2022-09-25 21:11:16,701] {dag.py:2919} INFO - Setting next_dagrun for example_trigger_target_dag to None, run_after=None
[2022-09-25 21:11:16,708] {processor.py:161} INFO - Processing /home/airflow/.local/lib/python3.7/site-packages/airflow/example_dags/example_trigger_target_dag.py took 0.056 seconds
[2022-09-25 21:11:47,565] {processor.py:153} INFO - Started process (PID=1712) to work on /home/airflow/.local/lib/python3.7/site-packages/airflow/example_dags/example_trigger_target_dag.py
[2022-09-25 21:11:47,566] {processor.py:641} INFO - Processing file /home/airflow/.local/lib/python3.7/site-packages/airflow/example_dags/example_trigger_target_dag.py for tasks to queue
[2022-09-25 21:11:47,567] {logging_mixin.py:115} INFO - [2022-09-25 21:11:47,567] {dagbag.py:507} INFO - Filling up the DagBag from /home/airflow/.local/lib/python3.7/site-packages/airflow/example_dags/example_trigger_target_dag.py
[2022-09-25 21:11:47,577] {processor.py:651} INFO - DAG(s) dict_keys(['example_trigger_target_dag']) retrieved from /home/airflow/.local/lib/python3.7/site-packages/airflow/example_dags/example_trigger_target_dag.py
[2022-09-25 21:11:47,595] {logging_mixin.py:115} INFO - [2022-09-25 21:11:47,594] {dag.py:2371} INFO - Sync 1 DAGs
[2022-09-25 21:11:47,607] {logging_mixin.py:115} INFO - [2022-09-25 21:11:47,607] {dag.py:2919} INFO - Setting next_dagrun for example_trigger_target_dag to None, run_after=None
[2022-09-25 21:11:47,616] {processor.py:161} INFO - Processing /home/airflow/.local/lib/python3.7/site-packages/airflow/example_dags/example_trigger_target_dag.py took 0.053 seconds
[2022-09-25 21:12:17,766] {processor.py:153} INFO - Started process (PID=1776) to work on /home/airflow/.local/lib/python3.7/site-packages/airflow/example_dags/example_trigger_target_dag.py
[2022-09-25 21:12:17,767] {processor.py:641} INFO - Processing file /home/airflow/.local/lib/python3.7/site-packages/airflow/example_dags/example_trigger_target_dag.py for tasks to queue
[2022-09-25 21:12:17,768] {logging_mixin.py:115} INFO - [2022-09-25 21:12:17,768] {dagbag.py:507} INFO - Filling up the DagBag from /home/airflow/.local/lib/python3.7/site-packages/airflow/example_dags/example_trigger_target_dag.py
[2022-09-25 21:12:17,778] {processor.py:651} INFO - DAG(s) dict_keys(['example_trigger_target_dag']) retrieved from /home/airflow/.local/lib/python3.7/site-packages/airflow/example_dags/example_trigger_target_dag.py
[2022-09-25 21:12:17,795] {logging_mixin.py:115} INFO - [2022-09-25 21:12:17,795] {dag.py:2371} INFO - Sync 1 DAGs
[2022-09-25 21:12:17,808] {logging_mixin.py:115} INFO - [2022-09-25 21:12:17,807] {dag.py:2919} INFO - Setting next_dagrun for example_trigger_target_dag to None, run_after=None
[2022-09-25 21:12:17,814] {processor.py:161} INFO - Processing /home/airflow/.local/lib/python3.7/site-packages/airflow/example_dags/example_trigger_target_dag.py took 0.050 seconds
[2022-09-25 21:12:48,440] {processor.py:153} INFO - Started process (PID=1840) to work on /home/airflow/.local/lib/python3.7/site-packages/airflow/example_dags/example_trigger_target_dag.py
[2022-09-25 21:12:48,441] {processor.py:641} INFO - Processing file /home/airflow/.local/lib/python3.7/site-packages/airflow/example_dags/example_trigger_target_dag.py for tasks to queue
[2022-09-25 21:12:48,442] {logging_mixin.py:115} INFO - [2022-09-25 21:12:48,442] {dagbag.py:507} INFO - Filling up the DagBag from /home/airflow/.local/lib/python3.7/site-packages/airflow/example_dags/example_trigger_target_dag.py
[2022-09-25 21:12:48,452] {processor.py:651} INFO - DAG(s) dict_keys(['example_trigger_target_dag']) retrieved from /home/airflow/.local/lib/python3.7/site-packages/airflow/example_dags/example_trigger_target_dag.py
[2022-09-25 21:12:48,470] {logging_mixin.py:115} INFO - [2022-09-25 21:12:48,470] {dag.py:2371} INFO - Sync 1 DAGs
[2022-09-25 21:12:48,484] {logging_mixin.py:115} INFO - [2022-09-25 21:12:48,484] {dag.py:2919} INFO - Setting next_dagrun for example_trigger_target_dag to None, run_after=None
[2022-09-25 21:12:48,491] {processor.py:161} INFO - Processing /home/airflow/.local/lib/python3.7/site-packages/airflow/example_dags/example_trigger_target_dag.py took 0.053 seconds
[2022-09-25 21:13:19,187] {processor.py:153} INFO - Started process (PID=1894) to work on /home/airflow/.local/lib/python3.7/site-packages/airflow/example_dags/example_trigger_target_dag.py
[2022-09-25 21:13:19,188] {processor.py:641} INFO - Processing file /home/airflow/.local/lib/python3.7/site-packages/airflow/example_dags/example_trigger_target_dag.py for tasks to queue
[2022-09-25 21:13:19,189] {logging_mixin.py:115} INFO - [2022-09-25 21:13:19,189] {dagbag.py:507} INFO - Filling up the DagBag from /home/airflow/.local/lib/python3.7/site-packages/airflow/example_dags/example_trigger_target_dag.py
[2022-09-25 21:13:19,201] {processor.py:651} INFO - DAG(s) dict_keys(['example_trigger_target_dag']) retrieved from /home/airflow/.local/lib/python3.7/site-packages/airflow/example_dags/example_trigger_target_dag.py
[2022-09-25 21:13:19,220] {logging_mixin.py:115} INFO - [2022-09-25 21:13:19,220] {dag.py:2371} INFO - Sync 1 DAGs
[2022-09-25 21:13:19,233] {logging_mixin.py:115} INFO - [2022-09-25 21:13:19,233] {dag.py:2919} INFO - Setting next_dagrun for example_trigger_target_dag to None, run_after=None
[2022-09-25 21:13:19,239] {processor.py:161} INFO - Processing /home/airflow/.local/lib/python3.7/site-packages/airflow/example_dags/example_trigger_target_dag.py took 0.055 seconds
