[2022-09-25 20:57:50,897] {processor.py:153} INFO - Started process (PID=41) to work on /home/airflow/.local/lib/python3.7/site-packages/airflow/example_dags/example_kubernetes_executor.py
[2022-09-25 20:57:50,919] {processor.py:641} INFO - Processing file /home/airflow/.local/lib/python3.7/site-packages/airflow/example_dags/example_kubernetes_executor.py for tasks to queue
[2022-09-25 20:57:50,921] {logging_mixin.py:115} INFO - [2022-09-25 20:57:50,921] {dagbag.py:507} INFO - Filling up the DagBag from /home/airflow/.local/lib/python3.7/site-packages/airflow/example_dags/example_kubernetes_executor.py
[2022-09-25 20:57:51,074] {processor.py:651} INFO - DAG(s) dict_keys(['example_kubernetes_executor']) retrieved from /home/airflow/.local/lib/python3.7/site-packages/airflow/example_dags/example_kubernetes_executor.py
[2022-09-25 20:57:52,058] {logging_mixin.py:115} INFO - [2022-09-25 20:57:52,058] {manager.py:508} INFO - Created Permission View: can edit on DAG:example_kubernetes_executor
[2022-09-25 20:57:52,081] {logging_mixin.py:115} INFO - [2022-09-25 20:57:52,081] {manager.py:508} INFO - Created Permission View: can read on DAG:example_kubernetes_executor
[2022-09-25 20:57:52,095] {logging_mixin.py:115} INFO - [2022-09-25 20:57:52,095] {manager.py:508} INFO - Created Permission View: can delete on DAG:example_kubernetes_executor
[2022-09-25 20:57:52,097] {logging_mixin.py:115} INFO - [2022-09-25 20:57:52,096] {dag.py:2371} INFO - Sync 1 DAGs
[2022-09-25 20:57:52,112] {logging_mixin.py:115} INFO - [2022-09-25 20:57:52,112] {dag.py:2390} INFO - Creating ORM DAG for example_kubernetes_executor
[2022-09-25 20:57:52,146] {logging_mixin.py:115} INFO - [2022-09-25 20:57:52,146] {dag.py:2919} INFO - Setting next_dagrun for example_kubernetes_executor to None, run_after=None
[2022-09-25 20:57:52,193] {processor.py:161} INFO - Processing /home/airflow/.local/lib/python3.7/site-packages/airflow/example_dags/example_kubernetes_executor.py took 1.299 seconds
[2022-09-25 20:58:23,023] {processor.py:153} INFO - Started process (PID=104) to work on /home/airflow/.local/lib/python3.7/site-packages/airflow/example_dags/example_kubernetes_executor.py
[2022-09-25 20:58:23,027] {processor.py:641} INFO - Processing file /home/airflow/.local/lib/python3.7/site-packages/airflow/example_dags/example_kubernetes_executor.py for tasks to queue
[2022-09-25 20:58:23,030] {logging_mixin.py:115} INFO - [2022-09-25 20:58:23,030] {dagbag.py:507} INFO - Filling up the DagBag from /home/airflow/.local/lib/python3.7/site-packages/airflow/example_dags/example_kubernetes_executor.py
[2022-09-25 20:58:23,064] {processor.py:651} INFO - DAG(s) dict_keys(['example_kubernetes_executor']) retrieved from /home/airflow/.local/lib/python3.7/site-packages/airflow/example_dags/example_kubernetes_executor.py
[2022-09-25 20:58:23,086] {logging_mixin.py:115} INFO - [2022-09-25 20:58:23,086] {dag.py:2371} INFO - Sync 1 DAGs
[2022-09-25 20:58:23,293] {logging_mixin.py:115} INFO - [2022-09-25 20:58:23,293] {dag.py:2919} INFO - Setting next_dagrun for example_kubernetes_executor to None, run_after=None
[2022-09-25 20:58:23,309] {processor.py:161} INFO - Processing /home/airflow/.local/lib/python3.7/site-packages/airflow/example_dags/example_kubernetes_executor.py took 0.294 seconds
[2022-09-25 20:58:53,514] {processor.py:153} INFO - Started process (PID=167) to work on /home/airflow/.local/lib/python3.7/site-packages/airflow/example_dags/example_kubernetes_executor.py
[2022-09-25 20:58:53,516] {processor.py:641} INFO - Processing file /home/airflow/.local/lib/python3.7/site-packages/airflow/example_dags/example_kubernetes_executor.py for tasks to queue
[2022-09-25 20:58:53,517] {logging_mixin.py:115} INFO - [2022-09-25 20:58:53,517] {dagbag.py:507} INFO - Filling up the DagBag from /home/airflow/.local/lib/python3.7/site-packages/airflow/example_dags/example_kubernetes_executor.py
[2022-09-25 20:58:53,545] {processor.py:651} INFO - DAG(s) dict_keys(['example_kubernetes_executor']) retrieved from /home/airflow/.local/lib/python3.7/site-packages/airflow/example_dags/example_kubernetes_executor.py
[2022-09-25 20:58:53,590] {logging_mixin.py:115} INFO - [2022-09-25 20:58:53,589] {dag.py:2371} INFO - Sync 1 DAGs
[2022-09-25 20:58:53,854] {logging_mixin.py:115} INFO - [2022-09-25 20:58:53,854] {dag.py:2919} INFO - Setting next_dagrun for example_kubernetes_executor to None, run_after=None
[2022-09-25 20:58:53,866] {processor.py:161} INFO - Processing /home/airflow/.local/lib/python3.7/site-packages/airflow/example_dags/example_kubernetes_executor.py took 0.357 seconds
[2022-09-25 20:59:24,378] {processor.py:153} INFO - Started process (PID=231) to work on /home/airflow/.local/lib/python3.7/site-packages/airflow/example_dags/example_kubernetes_executor.py
[2022-09-25 20:59:24,381] {processor.py:641} INFO - Processing file /home/airflow/.local/lib/python3.7/site-packages/airflow/example_dags/example_kubernetes_executor.py for tasks to queue
[2022-09-25 20:59:24,384] {logging_mixin.py:115} INFO - [2022-09-25 20:59:24,384] {dagbag.py:507} INFO - Filling up the DagBag from /home/airflow/.local/lib/python3.7/site-packages/airflow/example_dags/example_kubernetes_executor.py
[2022-09-25 20:59:24,418] {processor.py:651} INFO - DAG(s) dict_keys(['example_kubernetes_executor']) retrieved from /home/airflow/.local/lib/python3.7/site-packages/airflow/example_dags/example_kubernetes_executor.py
[2022-09-25 20:59:24,445] {logging_mixin.py:115} INFO - [2022-09-25 20:59:24,444] {dag.py:2371} INFO - Sync 1 DAGs
[2022-09-25 20:59:24,552] {logging_mixin.py:115} INFO - [2022-09-25 20:59:24,552] {dag.py:2919} INFO - Setting next_dagrun for example_kubernetes_executor to None, run_after=None
[2022-09-25 20:59:24,560] {processor.py:161} INFO - Processing /home/airflow/.local/lib/python3.7/site-packages/airflow/example_dags/example_kubernetes_executor.py took 0.191 seconds
[2022-09-25 20:59:54,930] {processor.py:153} INFO - Started process (PID=291) to work on /home/airflow/.local/lib/python3.7/site-packages/airflow/example_dags/example_kubernetes_executor.py
[2022-09-25 20:59:54,932] {processor.py:641} INFO - Processing file /home/airflow/.local/lib/python3.7/site-packages/airflow/example_dags/example_kubernetes_executor.py for tasks to queue
[2022-09-25 20:59:54,933] {logging_mixin.py:115} INFO - [2022-09-25 20:59:54,933] {dagbag.py:507} INFO - Filling up the DagBag from /home/airflow/.local/lib/python3.7/site-packages/airflow/example_dags/example_kubernetes_executor.py
[2022-09-25 20:59:54,962] {processor.py:651} INFO - DAG(s) dict_keys(['example_kubernetes_executor']) retrieved from /home/airflow/.local/lib/python3.7/site-packages/airflow/example_dags/example_kubernetes_executor.py
[2022-09-25 20:59:54,986] {logging_mixin.py:115} INFO - [2022-09-25 20:59:54,986] {dag.py:2371} INFO - Sync 1 DAGs
[2022-09-25 20:59:55,109] {logging_mixin.py:115} INFO - [2022-09-25 20:59:55,109] {dag.py:2919} INFO - Setting next_dagrun for example_kubernetes_executor to None, run_after=None
[2022-09-25 20:59:55,121] {processor.py:161} INFO - Processing /home/airflow/.local/lib/python3.7/site-packages/airflow/example_dags/example_kubernetes_executor.py took 0.195 seconds
[2022-09-25 21:00:25,199] {processor.py:153} INFO - Started process (PID=348) to work on /home/airflow/.local/lib/python3.7/site-packages/airflow/example_dags/example_kubernetes_executor.py
[2022-09-25 21:00:25,202] {processor.py:641} INFO - Processing file /home/airflow/.local/lib/python3.7/site-packages/airflow/example_dags/example_kubernetes_executor.py for tasks to queue
[2022-09-25 21:00:25,204] {logging_mixin.py:115} INFO - [2022-09-25 21:00:25,204] {dagbag.py:507} INFO - Filling up the DagBag from /home/airflow/.local/lib/python3.7/site-packages/airflow/example_dags/example_kubernetes_executor.py
[2022-09-25 21:00:25,232] {processor.py:651} INFO - DAG(s) dict_keys(['example_kubernetes_executor']) retrieved from /home/airflow/.local/lib/python3.7/site-packages/airflow/example_dags/example_kubernetes_executor.py
[2022-09-25 21:00:25,258] {logging_mixin.py:115} INFO - [2022-09-25 21:00:25,258] {dag.py:2371} INFO - Sync 1 DAGs
[2022-09-25 21:00:25,384] {logging_mixin.py:115} INFO - [2022-09-25 21:00:25,384] {dag.py:2919} INFO - Setting next_dagrun for example_kubernetes_executor to None, run_after=None
[2022-09-25 21:00:25,393] {processor.py:161} INFO - Processing /home/airflow/.local/lib/python3.7/site-packages/airflow/example_dags/example_kubernetes_executor.py took 0.197 seconds
[2022-09-25 21:00:56,321] {processor.py:153} INFO - Started process (PID=411) to work on /home/airflow/.local/lib/python3.7/site-packages/airflow/example_dags/example_kubernetes_executor.py
[2022-09-25 21:00:56,324] {processor.py:641} INFO - Processing file /home/airflow/.local/lib/python3.7/site-packages/airflow/example_dags/example_kubernetes_executor.py for tasks to queue
[2022-09-25 21:00:56,326] {logging_mixin.py:115} INFO - [2022-09-25 21:00:56,326] {dagbag.py:507} INFO - Filling up the DagBag from /home/airflow/.local/lib/python3.7/site-packages/airflow/example_dags/example_kubernetes_executor.py
[2022-09-25 21:00:56,351] {processor.py:651} INFO - DAG(s) dict_keys(['example_kubernetes_executor']) retrieved from /home/airflow/.local/lib/python3.7/site-packages/airflow/example_dags/example_kubernetes_executor.py
[2022-09-25 21:00:56,372] {logging_mixin.py:115} INFO - [2022-09-25 21:00:56,372] {dag.py:2371} INFO - Sync 1 DAGs
[2022-09-25 21:00:56,515] {logging_mixin.py:115} INFO - [2022-09-25 21:00:56,515] {dag.py:2919} INFO - Setting next_dagrun for example_kubernetes_executor to None, run_after=None
[2022-09-25 21:00:56,526] {processor.py:161} INFO - Processing /home/airflow/.local/lib/python3.7/site-packages/airflow/example_dags/example_kubernetes_executor.py took 0.215 seconds
[2022-09-25 21:01:27,053] {processor.py:153} INFO - Started process (PID=474) to work on /home/airflow/.local/lib/python3.7/site-packages/airflow/example_dags/example_kubernetes_executor.py
[2022-09-25 21:01:27,055] {processor.py:641} INFO - Processing file /home/airflow/.local/lib/python3.7/site-packages/airflow/example_dags/example_kubernetes_executor.py for tasks to queue
[2022-09-25 21:01:27,056] {logging_mixin.py:115} INFO - [2022-09-25 21:01:27,055] {dagbag.py:507} INFO - Filling up the DagBag from /home/airflow/.local/lib/python3.7/site-packages/airflow/example_dags/example_kubernetes_executor.py
[2022-09-25 21:01:27,074] {processor.py:651} INFO - DAG(s) dict_keys(['example_kubernetes_executor']) retrieved from /home/airflow/.local/lib/python3.7/site-packages/airflow/example_dags/example_kubernetes_executor.py
[2022-09-25 21:01:27,095] {logging_mixin.py:115} INFO - [2022-09-25 21:01:27,095] {dag.py:2371} INFO - Sync 1 DAGs
[2022-09-25 21:01:27,229] {logging_mixin.py:115} INFO - [2022-09-25 21:01:27,229] {dag.py:2919} INFO - Setting next_dagrun for example_kubernetes_executor to None, run_after=None
[2022-09-25 21:01:27,236] {processor.py:161} INFO - Processing /home/airflow/.local/lib/python3.7/site-packages/airflow/example_dags/example_kubernetes_executor.py took 0.186 seconds
[2022-09-25 21:01:57,441] {processor.py:153} INFO - Started process (PID=536) to work on /home/airflow/.local/lib/python3.7/site-packages/airflow/example_dags/example_kubernetes_executor.py
[2022-09-25 21:01:57,448] {processor.py:641} INFO - Processing file /home/airflow/.local/lib/python3.7/site-packages/airflow/example_dags/example_kubernetes_executor.py for tasks to queue
[2022-09-25 21:01:57,450] {logging_mixin.py:115} INFO - [2022-09-25 21:01:57,450] {dagbag.py:507} INFO - Filling up the DagBag from /home/airflow/.local/lib/python3.7/site-packages/airflow/example_dags/example_kubernetes_executor.py
[2022-09-25 21:01:57,479] {processor.py:651} INFO - DAG(s) dict_keys(['example_kubernetes_executor']) retrieved from /home/airflow/.local/lib/python3.7/site-packages/airflow/example_dags/example_kubernetes_executor.py
[2022-09-25 21:01:57,503] {logging_mixin.py:115} INFO - [2022-09-25 21:01:57,502] {dag.py:2371} INFO - Sync 1 DAGs
[2022-09-25 21:01:57,598] {logging_mixin.py:115} INFO - [2022-09-25 21:01:57,598] {dag.py:2919} INFO - Setting next_dagrun for example_kubernetes_executor to None, run_after=None
[2022-09-25 21:01:57,605] {processor.py:161} INFO - Processing /home/airflow/.local/lib/python3.7/site-packages/airflow/example_dags/example_kubernetes_executor.py took 0.169 seconds
[2022-09-25 21:02:27,815] {processor.py:153} INFO - Started process (PID=600) to work on /home/airflow/.local/lib/python3.7/site-packages/airflow/example_dags/example_kubernetes_executor.py
[2022-09-25 21:02:27,817] {processor.py:641} INFO - Processing file /home/airflow/.local/lib/python3.7/site-packages/airflow/example_dags/example_kubernetes_executor.py for tasks to queue
[2022-09-25 21:02:27,818] {logging_mixin.py:115} INFO - [2022-09-25 21:02:27,818] {dagbag.py:507} INFO - Filling up the DagBag from /home/airflow/.local/lib/python3.7/site-packages/airflow/example_dags/example_kubernetes_executor.py
[2022-09-25 21:02:27,836] {processor.py:651} INFO - DAG(s) dict_keys(['example_kubernetes_executor']) retrieved from /home/airflow/.local/lib/python3.7/site-packages/airflow/example_dags/example_kubernetes_executor.py
[2022-09-25 21:02:27,856] {logging_mixin.py:115} INFO - [2022-09-25 21:02:27,856] {dag.py:2371} INFO - Sync 1 DAGs
[2022-09-25 21:02:27,955] {logging_mixin.py:115} INFO - [2022-09-25 21:02:27,955] {dag.py:2919} INFO - Setting next_dagrun for example_kubernetes_executor to None, run_after=None
[2022-09-25 21:02:27,963] {processor.py:161} INFO - Processing /home/airflow/.local/lib/python3.7/site-packages/airflow/example_dags/example_kubernetes_executor.py took 0.151 seconds
[2022-09-25 21:02:58,429] {processor.py:153} INFO - Started process (PID=656) to work on /home/airflow/.local/lib/python3.7/site-packages/airflow/example_dags/example_kubernetes_executor.py
[2022-09-25 21:02:58,432] {processor.py:641} INFO - Processing file /home/airflow/.local/lib/python3.7/site-packages/airflow/example_dags/example_kubernetes_executor.py for tasks to queue
[2022-09-25 21:02:58,434] {logging_mixin.py:115} INFO - [2022-09-25 21:02:58,434] {dagbag.py:507} INFO - Filling up the DagBag from /home/airflow/.local/lib/python3.7/site-packages/airflow/example_dags/example_kubernetes_executor.py
[2022-09-25 21:02:58,461] {processor.py:651} INFO - DAG(s) dict_keys(['example_kubernetes_executor']) retrieved from /home/airflow/.local/lib/python3.7/site-packages/airflow/example_dags/example_kubernetes_executor.py
[2022-09-25 21:02:58,482] {logging_mixin.py:115} INFO - [2022-09-25 21:02:58,482] {dag.py:2371} INFO - Sync 1 DAGs
[2022-09-25 21:02:58,497] {logging_mixin.py:115} INFO - [2022-09-25 21:02:58,497] {dag.py:2919} INFO - Setting next_dagrun for example_kubernetes_executor to None, run_after=None
[2022-09-25 21:02:58,505] {processor.py:161} INFO - Processing /home/airflow/.local/lib/python3.7/site-packages/airflow/example_dags/example_kubernetes_executor.py took 0.086 seconds
[2022-09-25 21:03:29,343] {processor.py:153} INFO - Started process (PID=719) to work on /home/airflow/.local/lib/python3.7/site-packages/airflow/example_dags/example_kubernetes_executor.py
[2022-09-25 21:03:29,346] {processor.py:641} INFO - Processing file /home/airflow/.local/lib/python3.7/site-packages/airflow/example_dags/example_kubernetes_executor.py for tasks to queue
[2022-09-25 21:03:29,352] {logging_mixin.py:115} INFO - [2022-09-25 21:03:29,352] {dagbag.py:507} INFO - Filling up the DagBag from /home/airflow/.local/lib/python3.7/site-packages/airflow/example_dags/example_kubernetes_executor.py
[2022-09-25 21:03:29,378] {processor.py:651} INFO - DAG(s) dict_keys(['example_kubernetes_executor']) retrieved from /home/airflow/.local/lib/python3.7/site-packages/airflow/example_dags/example_kubernetes_executor.py
[2022-09-25 21:03:29,399] {logging_mixin.py:115} INFO - [2022-09-25 21:03:29,399] {dag.py:2371} INFO - Sync 1 DAGs
[2022-09-25 21:03:29,411] {logging_mixin.py:115} INFO - [2022-09-25 21:03:29,411] {dag.py:2919} INFO - Setting next_dagrun for example_kubernetes_executor to None, run_after=None
[2022-09-25 21:03:29,418] {processor.py:161} INFO - Processing /home/airflow/.local/lib/python3.7/site-packages/airflow/example_dags/example_kubernetes_executor.py took 0.082 seconds
[2022-09-25 21:04:00,288] {processor.py:153} INFO - Started process (PID=782) to work on /home/airflow/.local/lib/python3.7/site-packages/airflow/example_dags/example_kubernetes_executor.py
[2022-09-25 21:04:00,293] {processor.py:641} INFO - Processing file /home/airflow/.local/lib/python3.7/site-packages/airflow/example_dags/example_kubernetes_executor.py for tasks to queue
[2022-09-25 21:04:00,295] {logging_mixin.py:115} INFO - [2022-09-25 21:04:00,295] {dagbag.py:507} INFO - Filling up the DagBag from /home/airflow/.local/lib/python3.7/site-packages/airflow/example_dags/example_kubernetes_executor.py
[2022-09-25 21:04:00,325] {processor.py:651} INFO - DAG(s) dict_keys(['example_kubernetes_executor']) retrieved from /home/airflow/.local/lib/python3.7/site-packages/airflow/example_dags/example_kubernetes_executor.py
[2022-09-25 21:04:00,349] {logging_mixin.py:115} INFO - [2022-09-25 21:04:00,349] {dag.py:2371} INFO - Sync 1 DAGs
[2022-09-25 21:04:00,363] {logging_mixin.py:115} INFO - [2022-09-25 21:04:00,363] {dag.py:2919} INFO - Setting next_dagrun for example_kubernetes_executor to None, run_after=None
[2022-09-25 21:04:00,372] {processor.py:161} INFO - Processing /home/airflow/.local/lib/python3.7/site-packages/airflow/example_dags/example_kubernetes_executor.py took 0.093 seconds
[2022-09-25 21:04:31,153] {processor.py:153} INFO - Started process (PID=845) to work on /home/airflow/.local/lib/python3.7/site-packages/airflow/example_dags/example_kubernetes_executor.py
[2022-09-25 21:04:31,155] {processor.py:641} INFO - Processing file /home/airflow/.local/lib/python3.7/site-packages/airflow/example_dags/example_kubernetes_executor.py for tasks to queue
[2022-09-25 21:04:31,158] {logging_mixin.py:115} INFO - [2022-09-25 21:04:31,158] {dagbag.py:507} INFO - Filling up the DagBag from /home/airflow/.local/lib/python3.7/site-packages/airflow/example_dags/example_kubernetes_executor.py
[2022-09-25 21:04:31,187] {processor.py:651} INFO - DAG(s) dict_keys(['example_kubernetes_executor']) retrieved from /home/airflow/.local/lib/python3.7/site-packages/airflow/example_dags/example_kubernetes_executor.py
[2022-09-25 21:04:31,216] {logging_mixin.py:115} INFO - [2022-09-25 21:04:31,216] {dag.py:2371} INFO - Sync 1 DAGs
[2022-09-25 21:04:31,241] {logging_mixin.py:115} INFO - [2022-09-25 21:04:31,241] {dag.py:2919} INFO - Setting next_dagrun for example_kubernetes_executor to None, run_after=None
[2022-09-25 21:04:31,254] {processor.py:161} INFO - Processing /home/airflow/.local/lib/python3.7/site-packages/airflow/example_dags/example_kubernetes_executor.py took 0.110 seconds
[2022-09-25 21:05:02,007] {processor.py:153} INFO - Started process (PID=908) to work on /home/airflow/.local/lib/python3.7/site-packages/airflow/example_dags/example_kubernetes_executor.py
[2022-09-25 21:05:02,009] {processor.py:641} INFO - Processing file /home/airflow/.local/lib/python3.7/site-packages/airflow/example_dags/example_kubernetes_executor.py for tasks to queue
[2022-09-25 21:05:02,011] {logging_mixin.py:115} INFO - [2022-09-25 21:05:02,011] {dagbag.py:507} INFO - Filling up the DagBag from /home/airflow/.local/lib/python3.7/site-packages/airflow/example_dags/example_kubernetes_executor.py
[2022-09-25 21:05:02,037] {processor.py:651} INFO - DAG(s) dict_keys(['example_kubernetes_executor']) retrieved from /home/airflow/.local/lib/python3.7/site-packages/airflow/example_dags/example_kubernetes_executor.py
[2022-09-25 21:05:02,059] {logging_mixin.py:115} INFO - [2022-09-25 21:05:02,059] {dag.py:2371} INFO - Sync 1 DAGs
[2022-09-25 21:05:02,071] {logging_mixin.py:115} INFO - [2022-09-25 21:05:02,071] {dag.py:2919} INFO - Setting next_dagrun for example_kubernetes_executor to None, run_after=None
[2022-09-25 21:05:02,079] {processor.py:161} INFO - Processing /home/airflow/.local/lib/python3.7/site-packages/airflow/example_dags/example_kubernetes_executor.py took 0.077 seconds
[2022-09-25 21:05:32,799] {processor.py:153} INFO - Started process (PID=972) to work on /home/airflow/.local/lib/python3.7/site-packages/airflow/example_dags/example_kubernetes_executor.py
[2022-09-25 21:05:32,802] {processor.py:641} INFO - Processing file /home/airflow/.local/lib/python3.7/site-packages/airflow/example_dags/example_kubernetes_executor.py for tasks to queue
[2022-09-25 21:05:32,805] {logging_mixin.py:115} INFO - [2022-09-25 21:05:32,805] {dagbag.py:507} INFO - Filling up the DagBag from /home/airflow/.local/lib/python3.7/site-packages/airflow/example_dags/example_kubernetes_executor.py
[2022-09-25 21:05:32,838] {processor.py:651} INFO - DAG(s) dict_keys(['example_kubernetes_executor']) retrieved from /home/airflow/.local/lib/python3.7/site-packages/airflow/example_dags/example_kubernetes_executor.py
[2022-09-25 21:05:32,861] {logging_mixin.py:115} INFO - [2022-09-25 21:05:32,861] {dag.py:2371} INFO - Sync 1 DAGs
[2022-09-25 21:05:32,873] {logging_mixin.py:115} INFO - [2022-09-25 21:05:32,873] {dag.py:2919} INFO - Setting next_dagrun for example_kubernetes_executor to None, run_after=None
[2022-09-25 21:05:32,881] {processor.py:161} INFO - Processing /home/airflow/.local/lib/python3.7/site-packages/airflow/example_dags/example_kubernetes_executor.py took 0.090 seconds
[2022-09-25 21:06:03,793] {processor.py:153} INFO - Started process (PID=1035) to work on /home/airflow/.local/lib/python3.7/site-packages/airflow/example_dags/example_kubernetes_executor.py
[2022-09-25 21:06:03,797] {processor.py:641} INFO - Processing file /home/airflow/.local/lib/python3.7/site-packages/airflow/example_dags/example_kubernetes_executor.py for tasks to queue
[2022-09-25 21:06:03,799] {logging_mixin.py:115} INFO - [2022-09-25 21:06:03,799] {dagbag.py:507} INFO - Filling up the DagBag from /home/airflow/.local/lib/python3.7/site-packages/airflow/example_dags/example_kubernetes_executor.py
[2022-09-25 21:06:03,826] {processor.py:651} INFO - DAG(s) dict_keys(['example_kubernetes_executor']) retrieved from /home/airflow/.local/lib/python3.7/site-packages/airflow/example_dags/example_kubernetes_executor.py
[2022-09-25 21:06:03,848] {logging_mixin.py:115} INFO - [2022-09-25 21:06:03,848] {dag.py:2371} INFO - Sync 1 DAGs
[2022-09-25 21:06:03,859] {logging_mixin.py:115} INFO - [2022-09-25 21:06:03,859] {dag.py:2919} INFO - Setting next_dagrun for example_kubernetes_executor to None, run_after=None
[2022-09-25 21:06:03,866] {processor.py:161} INFO - Processing /home/airflow/.local/lib/python3.7/site-packages/airflow/example_dags/example_kubernetes_executor.py took 0.079 seconds
[2022-09-25 21:06:34,688] {processor.py:153} INFO - Started process (PID=1089) to work on /home/airflow/.local/lib/python3.7/site-packages/airflow/example_dags/example_kubernetes_executor.py
[2022-09-25 21:06:34,690] {processor.py:641} INFO - Processing file /home/airflow/.local/lib/python3.7/site-packages/airflow/example_dags/example_kubernetes_executor.py for tasks to queue
[2022-09-25 21:06:34,691] {logging_mixin.py:115} INFO - [2022-09-25 21:06:34,691] {dagbag.py:507} INFO - Filling up the DagBag from /home/airflow/.local/lib/python3.7/site-packages/airflow/example_dags/example_kubernetes_executor.py
[2022-09-25 21:06:34,712] {processor.py:651} INFO - DAG(s) dict_keys(['example_kubernetes_executor']) retrieved from /home/airflow/.local/lib/python3.7/site-packages/airflow/example_dags/example_kubernetes_executor.py
[2022-09-25 21:06:34,750] {logging_mixin.py:115} INFO - [2022-09-25 21:06:34,750] {dag.py:2371} INFO - Sync 1 DAGs
[2022-09-25 21:06:34,770] {logging_mixin.py:115} INFO - [2022-09-25 21:06:34,770] {dag.py:2919} INFO - Setting next_dagrun for example_kubernetes_executor to None, run_after=None
[2022-09-25 21:06:34,780] {processor.py:161} INFO - Processing /home/airflow/.local/lib/python3.7/site-packages/airflow/example_dags/example_kubernetes_executor.py took 0.096 seconds
[2022-09-25 21:07:05,563] {processor.py:153} INFO - Started process (PID=1151) to work on /home/airflow/.local/lib/python3.7/site-packages/airflow/example_dags/example_kubernetes_executor.py
[2022-09-25 21:07:05,565] {processor.py:641} INFO - Processing file /home/airflow/.local/lib/python3.7/site-packages/airflow/example_dags/example_kubernetes_executor.py for tasks to queue
[2022-09-25 21:07:05,568] {logging_mixin.py:115} INFO - [2022-09-25 21:07:05,567] {dagbag.py:507} INFO - Filling up the DagBag from /home/airflow/.local/lib/python3.7/site-packages/airflow/example_dags/example_kubernetes_executor.py
[2022-09-25 21:07:05,597] {processor.py:651} INFO - DAG(s) dict_keys(['example_kubernetes_executor']) retrieved from /home/airflow/.local/lib/python3.7/site-packages/airflow/example_dags/example_kubernetes_executor.py
[2022-09-25 21:07:05,620] {logging_mixin.py:115} INFO - [2022-09-25 21:07:05,620] {dag.py:2371} INFO - Sync 1 DAGs
[2022-09-25 21:07:05,631] {logging_mixin.py:115} INFO - [2022-09-25 21:07:05,631] {dag.py:2919} INFO - Setting next_dagrun for example_kubernetes_executor to None, run_after=None
[2022-09-25 21:07:05,639] {processor.py:161} INFO - Processing /home/airflow/.local/lib/python3.7/site-packages/airflow/example_dags/example_kubernetes_executor.py took 0.082 seconds
[2022-09-25 21:07:36,424] {processor.py:153} INFO - Started process (PID=1214) to work on /home/airflow/.local/lib/python3.7/site-packages/airflow/example_dags/example_kubernetes_executor.py
[2022-09-25 21:07:36,428] {processor.py:641} INFO - Processing file /home/airflow/.local/lib/python3.7/site-packages/airflow/example_dags/example_kubernetes_executor.py for tasks to queue
[2022-09-25 21:07:36,430] {logging_mixin.py:115} INFO - [2022-09-25 21:07:36,430] {dagbag.py:507} INFO - Filling up the DagBag from /home/airflow/.local/lib/python3.7/site-packages/airflow/example_dags/example_kubernetes_executor.py
[2022-09-25 21:07:36,458] {processor.py:651} INFO - DAG(s) dict_keys(['example_kubernetes_executor']) retrieved from /home/airflow/.local/lib/python3.7/site-packages/airflow/example_dags/example_kubernetes_executor.py
[2022-09-25 21:07:36,484] {logging_mixin.py:115} INFO - [2022-09-25 21:07:36,484] {dag.py:2371} INFO - Sync 1 DAGs
[2022-09-25 21:07:36,498] {logging_mixin.py:115} INFO - [2022-09-25 21:07:36,498] {dag.py:2919} INFO - Setting next_dagrun for example_kubernetes_executor to None, run_after=None
[2022-09-25 21:07:36,507] {processor.py:161} INFO - Processing /home/airflow/.local/lib/python3.7/site-packages/airflow/example_dags/example_kubernetes_executor.py took 0.088 seconds
[2022-09-25 21:08:07,396] {processor.py:153} INFO - Started process (PID=1277) to work on /home/airflow/.local/lib/python3.7/site-packages/airflow/example_dags/example_kubernetes_executor.py
[2022-09-25 21:08:07,399] {processor.py:641} INFO - Processing file /home/airflow/.local/lib/python3.7/site-packages/airflow/example_dags/example_kubernetes_executor.py for tasks to queue
[2022-09-25 21:08:07,402] {logging_mixin.py:115} INFO - [2022-09-25 21:08:07,401] {dagbag.py:507} INFO - Filling up the DagBag from /home/airflow/.local/lib/python3.7/site-packages/airflow/example_dags/example_kubernetes_executor.py
[2022-09-25 21:08:07,455] {processor.py:651} INFO - DAG(s) dict_keys(['example_kubernetes_executor']) retrieved from /home/airflow/.local/lib/python3.7/site-packages/airflow/example_dags/example_kubernetes_executor.py
[2022-09-25 21:08:07,479] {logging_mixin.py:115} INFO - [2022-09-25 21:08:07,479] {dag.py:2371} INFO - Sync 1 DAGs
[2022-09-25 21:08:07,507] {logging_mixin.py:115} INFO - [2022-09-25 21:08:07,507] {dag.py:2919} INFO - Setting next_dagrun for example_kubernetes_executor to None, run_after=None
[2022-09-25 21:08:07,519] {processor.py:161} INFO - Processing /home/airflow/.local/lib/python3.7/site-packages/airflow/example_dags/example_kubernetes_executor.py took 0.130 seconds
[2022-09-25 21:08:38,438] {processor.py:153} INFO - Started process (PID=1339) to work on /home/airflow/.local/lib/python3.7/site-packages/airflow/example_dags/example_kubernetes_executor.py
[2022-09-25 21:08:38,441] {processor.py:641} INFO - Processing file /home/airflow/.local/lib/python3.7/site-packages/airflow/example_dags/example_kubernetes_executor.py for tasks to queue
[2022-09-25 21:08:38,443] {logging_mixin.py:115} INFO - [2022-09-25 21:08:38,443] {dagbag.py:507} INFO - Filling up the DagBag from /home/airflow/.local/lib/python3.7/site-packages/airflow/example_dags/example_kubernetes_executor.py
[2022-09-25 21:08:38,485] {processor.py:651} INFO - DAG(s) dict_keys(['example_kubernetes_executor']) retrieved from /home/airflow/.local/lib/python3.7/site-packages/airflow/example_dags/example_kubernetes_executor.py
[2022-09-25 21:08:38,519] {logging_mixin.py:115} INFO - [2022-09-25 21:08:38,519] {dag.py:2371} INFO - Sync 1 DAGs
[2022-09-25 21:08:38,534] {logging_mixin.py:115} INFO - [2022-09-25 21:08:38,534] {dag.py:2919} INFO - Setting next_dagrun for example_kubernetes_executor to None, run_after=None
[2022-09-25 21:08:38,543] {processor.py:161} INFO - Processing /home/airflow/.local/lib/python3.7/site-packages/airflow/example_dags/example_kubernetes_executor.py took 0.114 seconds
[2022-09-25 21:09:09,503] {processor.py:153} INFO - Started process (PID=1402) to work on /home/airflow/.local/lib/python3.7/site-packages/airflow/example_dags/example_kubernetes_executor.py
[2022-09-25 21:09:09,505] {processor.py:641} INFO - Processing file /home/airflow/.local/lib/python3.7/site-packages/airflow/example_dags/example_kubernetes_executor.py for tasks to queue
[2022-09-25 21:09:09,507] {logging_mixin.py:115} INFO - [2022-09-25 21:09:09,507] {dagbag.py:507} INFO - Filling up the DagBag from /home/airflow/.local/lib/python3.7/site-packages/airflow/example_dags/example_kubernetes_executor.py
[2022-09-25 21:09:09,540] {processor.py:651} INFO - DAG(s) dict_keys(['example_kubernetes_executor']) retrieved from /home/airflow/.local/lib/python3.7/site-packages/airflow/example_dags/example_kubernetes_executor.py
[2022-09-25 21:09:09,558] {logging_mixin.py:115} INFO - [2022-09-25 21:09:09,557] {dag.py:2371} INFO - Sync 1 DAGs
[2022-09-25 21:09:09,569] {logging_mixin.py:115} INFO - [2022-09-25 21:09:09,569] {dag.py:2919} INFO - Setting next_dagrun for example_kubernetes_executor to None, run_after=None
[2022-09-25 21:09:09,578] {processor.py:161} INFO - Processing /home/airflow/.local/lib/python3.7/site-packages/airflow/example_dags/example_kubernetes_executor.py took 0.083 seconds
[2022-09-25 21:09:40,495] {processor.py:153} INFO - Started process (PID=1464) to work on /home/airflow/.local/lib/python3.7/site-packages/airflow/example_dags/example_kubernetes_executor.py
[2022-09-25 21:09:40,498] {processor.py:641} INFO - Processing file /home/airflow/.local/lib/python3.7/site-packages/airflow/example_dags/example_kubernetes_executor.py for tasks to queue
[2022-09-25 21:09:40,504] {logging_mixin.py:115} INFO - [2022-09-25 21:09:40,503] {dagbag.py:507} INFO - Filling up the DagBag from /home/airflow/.local/lib/python3.7/site-packages/airflow/example_dags/example_kubernetes_executor.py
[2022-09-25 21:09:40,545] {processor.py:651} INFO - DAG(s) dict_keys(['example_kubernetes_executor']) retrieved from /home/airflow/.local/lib/python3.7/site-packages/airflow/example_dags/example_kubernetes_executor.py
[2022-09-25 21:09:40,572] {logging_mixin.py:115} INFO - [2022-09-25 21:09:40,572] {dag.py:2371} INFO - Sync 1 DAGs
[2022-09-25 21:09:40,609] {logging_mixin.py:115} INFO - [2022-09-25 21:09:40,609] {dag.py:2919} INFO - Setting next_dagrun for example_kubernetes_executor to None, run_after=None
[2022-09-25 21:09:40,625] {processor.py:161} INFO - Processing /home/airflow/.local/lib/python3.7/site-packages/airflow/example_dags/example_kubernetes_executor.py took 0.134 seconds
[2022-09-25 21:10:11,454] {processor.py:153} INFO - Started process (PID=1518) to work on /home/airflow/.local/lib/python3.7/site-packages/airflow/example_dags/example_kubernetes_executor.py
[2022-09-25 21:10:11,455] {processor.py:641} INFO - Processing file /home/airflow/.local/lib/python3.7/site-packages/airflow/example_dags/example_kubernetes_executor.py for tasks to queue
[2022-09-25 21:10:11,456] {logging_mixin.py:115} INFO - [2022-09-25 21:10:11,456] {dagbag.py:507} INFO - Filling up the DagBag from /home/airflow/.local/lib/python3.7/site-packages/airflow/example_dags/example_kubernetes_executor.py
[2022-09-25 21:10:11,475] {processor.py:651} INFO - DAG(s) dict_keys(['example_kubernetes_executor']) retrieved from /home/airflow/.local/lib/python3.7/site-packages/airflow/example_dags/example_kubernetes_executor.py
[2022-09-25 21:10:11,492] {logging_mixin.py:115} INFO - [2022-09-25 21:10:11,492] {dag.py:2371} INFO - Sync 1 DAGs
[2022-09-25 21:10:11,504] {logging_mixin.py:115} INFO - [2022-09-25 21:10:11,504] {dag.py:2919} INFO - Setting next_dagrun for example_kubernetes_executor to None, run_after=None
[2022-09-25 21:10:11,512] {processor.py:161} INFO - Processing /home/airflow/.local/lib/python3.7/site-packages/airflow/example_dags/example_kubernetes_executor.py took 0.061 seconds
[2022-09-25 21:10:42,361] {processor.py:153} INFO - Started process (PID=1582) to work on /home/airflow/.local/lib/python3.7/site-packages/airflow/example_dags/example_kubernetes_executor.py
[2022-09-25 21:10:42,363] {processor.py:641} INFO - Processing file /home/airflow/.local/lib/python3.7/site-packages/airflow/example_dags/example_kubernetes_executor.py for tasks to queue
[2022-09-25 21:10:42,365] {logging_mixin.py:115} INFO - [2022-09-25 21:10:42,365] {dagbag.py:507} INFO - Filling up the DagBag from /home/airflow/.local/lib/python3.7/site-packages/airflow/example_dags/example_kubernetes_executor.py
[2022-09-25 21:10:42,396] {processor.py:651} INFO - DAG(s) dict_keys(['example_kubernetes_executor']) retrieved from /home/airflow/.local/lib/python3.7/site-packages/airflow/example_dags/example_kubernetes_executor.py
[2022-09-25 21:10:42,415] {logging_mixin.py:115} INFO - [2022-09-25 21:10:42,415] {dag.py:2371} INFO - Sync 1 DAGs
[2022-09-25 21:10:42,428] {logging_mixin.py:115} INFO - [2022-09-25 21:10:42,428] {dag.py:2919} INFO - Setting next_dagrun for example_kubernetes_executor to None, run_after=None
[2022-09-25 21:10:42,439] {processor.py:161} INFO - Processing /home/airflow/.local/lib/python3.7/site-packages/airflow/example_dags/example_kubernetes_executor.py took 0.086 seconds
[2022-09-25 21:11:13,323] {processor.py:153} INFO - Started process (PID=1644) to work on /home/airflow/.local/lib/python3.7/site-packages/airflow/example_dags/example_kubernetes_executor.py
[2022-09-25 21:11:13,327] {processor.py:641} INFO - Processing file /home/airflow/.local/lib/python3.7/site-packages/airflow/example_dags/example_kubernetes_executor.py for tasks to queue
[2022-09-25 21:11:13,328] {logging_mixin.py:115} INFO - [2022-09-25 21:11:13,328] {dagbag.py:507} INFO - Filling up the DagBag from /home/airflow/.local/lib/python3.7/site-packages/airflow/example_dags/example_kubernetes_executor.py
[2022-09-25 21:11:13,358] {processor.py:651} INFO - DAG(s) dict_keys(['example_kubernetes_executor']) retrieved from /home/airflow/.local/lib/python3.7/site-packages/airflow/example_dags/example_kubernetes_executor.py
[2022-09-25 21:11:13,382] {logging_mixin.py:115} INFO - [2022-09-25 21:11:13,382] {dag.py:2371} INFO - Sync 1 DAGs
[2022-09-25 21:11:13,396] {logging_mixin.py:115} INFO - [2022-09-25 21:11:13,396] {dag.py:2919} INFO - Setting next_dagrun for example_kubernetes_executor to None, run_after=None
[2022-09-25 21:11:13,405] {processor.py:161} INFO - Processing /home/airflow/.local/lib/python3.7/site-packages/airflow/example_dags/example_kubernetes_executor.py took 0.089 seconds
[2022-09-25 21:11:44,228] {processor.py:153} INFO - Started process (PID=1706) to work on /home/airflow/.local/lib/python3.7/site-packages/airflow/example_dags/example_kubernetes_executor.py
[2022-09-25 21:11:44,230] {processor.py:641} INFO - Processing file /home/airflow/.local/lib/python3.7/site-packages/airflow/example_dags/example_kubernetes_executor.py for tasks to queue
[2022-09-25 21:11:44,232] {logging_mixin.py:115} INFO - [2022-09-25 21:11:44,232] {dagbag.py:507} INFO - Filling up the DagBag from /home/airflow/.local/lib/python3.7/site-packages/airflow/example_dags/example_kubernetes_executor.py
[2022-09-25 21:11:44,263] {processor.py:651} INFO - DAG(s) dict_keys(['example_kubernetes_executor']) retrieved from /home/airflow/.local/lib/python3.7/site-packages/airflow/example_dags/example_kubernetes_executor.py
[2022-09-25 21:11:44,282] {logging_mixin.py:115} INFO - [2022-09-25 21:11:44,282] {dag.py:2371} INFO - Sync 1 DAGs
[2022-09-25 21:11:44,294] {logging_mixin.py:115} INFO - [2022-09-25 21:11:44,294] {dag.py:2919} INFO - Setting next_dagrun for example_kubernetes_executor to None, run_after=None
[2022-09-25 21:11:44,302] {processor.py:161} INFO - Processing /home/airflow/.local/lib/python3.7/site-packages/airflow/example_dags/example_kubernetes_executor.py took 0.081 seconds
[2022-09-25 21:12:14,360] {processor.py:153} INFO - Started process (PID=1770) to work on /home/airflow/.local/lib/python3.7/site-packages/airflow/example_dags/example_kubernetes_executor.py
[2022-09-25 21:12:14,366] {processor.py:641} INFO - Processing file /home/airflow/.local/lib/python3.7/site-packages/airflow/example_dags/example_kubernetes_executor.py for tasks to queue
[2022-09-25 21:12:14,367] {logging_mixin.py:115} INFO - [2022-09-25 21:12:14,367] {dagbag.py:507} INFO - Filling up the DagBag from /home/airflow/.local/lib/python3.7/site-packages/airflow/example_dags/example_kubernetes_executor.py
[2022-09-25 21:12:14,434] {processor.py:651} INFO - DAG(s) dict_keys(['example_kubernetes_executor']) retrieved from /home/airflow/.local/lib/python3.7/site-packages/airflow/example_dags/example_kubernetes_executor.py
[2022-09-25 21:12:14,484] {logging_mixin.py:115} INFO - [2022-09-25 21:12:14,484] {dag.py:2371} INFO - Sync 1 DAGs
[2022-09-25 21:12:14,518] {logging_mixin.py:115} INFO - [2022-09-25 21:12:14,518] {dag.py:2919} INFO - Setting next_dagrun for example_kubernetes_executor to None, run_after=None
[2022-09-25 21:12:14,530] {processor.py:161} INFO - Processing /home/airflow/.local/lib/python3.7/site-packages/airflow/example_dags/example_kubernetes_executor.py took 0.173 seconds
[2022-09-25 21:12:45,205] {processor.py:153} INFO - Started process (PID=1824) to work on /home/airflow/.local/lib/python3.7/site-packages/airflow/example_dags/example_kubernetes_executor.py
[2022-09-25 21:12:45,208] {processor.py:641} INFO - Processing file /home/airflow/.local/lib/python3.7/site-packages/airflow/example_dags/example_kubernetes_executor.py for tasks to queue
[2022-09-25 21:12:45,212] {logging_mixin.py:115} INFO - [2022-09-25 21:12:45,212] {dagbag.py:507} INFO - Filling up the DagBag from /home/airflow/.local/lib/python3.7/site-packages/airflow/example_dags/example_kubernetes_executor.py
[2022-09-25 21:12:45,244] {processor.py:651} INFO - DAG(s) dict_keys(['example_kubernetes_executor']) retrieved from /home/airflow/.local/lib/python3.7/site-packages/airflow/example_dags/example_kubernetes_executor.py
[2022-09-25 21:12:45,272] {logging_mixin.py:115} INFO - [2022-09-25 21:12:45,272] {dag.py:2371} INFO - Sync 1 DAGs
[2022-09-25 21:12:45,299] {logging_mixin.py:115} INFO - [2022-09-25 21:12:45,299] {dag.py:2919} INFO - Setting next_dagrun for example_kubernetes_executor to None, run_after=None
[2022-09-25 21:12:45,315] {processor.py:161} INFO - Processing /home/airflow/.local/lib/python3.7/site-packages/airflow/example_dags/example_kubernetes_executor.py took 0.114 seconds
[2022-09-25 21:13:15,856] {processor.py:153} INFO - Started process (PID=1888) to work on /home/airflow/.local/lib/python3.7/site-packages/airflow/example_dags/example_kubernetes_executor.py
[2022-09-25 21:13:15,858] {processor.py:641} INFO - Processing file /home/airflow/.local/lib/python3.7/site-packages/airflow/example_dags/example_kubernetes_executor.py for tasks to queue
[2022-09-25 21:13:15,861] {logging_mixin.py:115} INFO - [2022-09-25 21:13:15,860] {dagbag.py:507} INFO - Filling up the DagBag from /home/airflow/.local/lib/python3.7/site-packages/airflow/example_dags/example_kubernetes_executor.py
[2022-09-25 21:13:15,892] {processor.py:651} INFO - DAG(s) dict_keys(['example_kubernetes_executor']) retrieved from /home/airflow/.local/lib/python3.7/site-packages/airflow/example_dags/example_kubernetes_executor.py
[2022-09-25 21:13:15,915] {logging_mixin.py:115} INFO - [2022-09-25 21:13:15,915] {dag.py:2371} INFO - Sync 1 DAGs
[2022-09-25 21:13:15,927] {logging_mixin.py:115} INFO - [2022-09-25 21:13:15,927] {dag.py:2919} INFO - Setting next_dagrun for example_kubernetes_executor to None, run_after=None
[2022-09-25 21:13:15,938] {processor.py:161} INFO - Processing /home/airflow/.local/lib/python3.7/site-packages/airflow/example_dags/example_kubernetes_executor.py took 0.087 seconds
