[2022-09-25 20:58:01,769] {processor.py:153} INFO - Started process (PID=76) to work on /home/airflow/.local/lib/python3.7/site-packages/airflow/example_dags/example_branch_day_of_week_operator.py
[2022-09-25 20:58:01,770] {processor.py:641} INFO - Processing file /home/airflow/.local/lib/python3.7/site-packages/airflow/example_dags/example_branch_day_of_week_operator.py for tasks to queue
[2022-09-25 20:58:01,771] {logging_mixin.py:115} INFO - [2022-09-25 20:58:01,771] {dagbag.py:507} INFO - Filling up the DagBag from /home/airflow/.local/lib/python3.7/site-packages/airflow/example_dags/example_branch_day_of_week_operator.py
[2022-09-25 20:58:01,793] {processor.py:651} INFO - DAG(s) dict_keys(['example_weekday_branch_operator']) retrieved from /home/airflow/.local/lib/python3.7/site-packages/airflow/example_dags/example_branch_day_of_week_operator.py
[2022-09-25 20:58:02,130] {logging_mixin.py:115} INFO - [2022-09-25 20:58:02,130] {manager.py:508} INFO - Created Permission View: can edit on DAG:example_weekday_branch_operator
[2022-09-25 20:58:02,144] {logging_mixin.py:115} INFO - [2022-09-25 20:58:02,144] {manager.py:508} INFO - Created Permission View: can read on DAG:example_weekday_branch_operator
[2022-09-25 20:58:02,152] {logging_mixin.py:115} INFO - [2022-09-25 20:58:02,152] {manager.py:508} INFO - Created Permission View: can delete on DAG:example_weekday_branch_operator
[2022-09-25 20:58:02,153] {logging_mixin.py:115} INFO - [2022-09-25 20:58:02,153] {dag.py:2371} INFO - Sync 1 DAGs
[2022-09-25 20:58:02,160] {logging_mixin.py:115} INFO - [2022-09-25 20:58:02,160] {dag.py:2390} INFO - Creating ORM DAG for example_weekday_branch_operator
[2022-09-25 20:58:02,172] {logging_mixin.py:115} INFO - [2022-09-25 20:58:02,172] {dag.py:2919} INFO - Setting next_dagrun for example_weekday_branch_operator to 2022-09-24T00:00:00+00:00, run_after=2022-09-25T00:00:00+00:00
[2022-09-25 20:58:02,183] {processor.py:161} INFO - Processing /home/airflow/.local/lib/python3.7/site-packages/airflow/example_dags/example_branch_day_of_week_operator.py took 0.417 seconds
[2022-09-25 20:58:32,538] {processor.py:153} INFO - Started process (PID=139) to work on /home/airflow/.local/lib/python3.7/site-packages/airflow/example_dags/example_branch_day_of_week_operator.py
[2022-09-25 20:58:32,539] {processor.py:641} INFO - Processing file /home/airflow/.local/lib/python3.7/site-packages/airflow/example_dags/example_branch_day_of_week_operator.py for tasks to queue
[2022-09-25 20:58:32,540] {logging_mixin.py:115} INFO - [2022-09-25 20:58:32,540] {dagbag.py:507} INFO - Filling up the DagBag from /home/airflow/.local/lib/python3.7/site-packages/airflow/example_dags/example_branch_day_of_week_operator.py
[2022-09-25 20:58:32,546] {processor.py:651} INFO - DAG(s) dict_keys(['example_weekday_branch_operator']) retrieved from /home/airflow/.local/lib/python3.7/site-packages/airflow/example_dags/example_branch_day_of_week_operator.py
[2022-09-25 20:58:32,567] {logging_mixin.py:115} INFO - [2022-09-25 20:58:32,567] {dag.py:2371} INFO - Sync 1 DAGs
[2022-09-25 20:58:32,583] {logging_mixin.py:115} INFO - [2022-09-25 20:58:32,583] {dag.py:2919} INFO - Setting next_dagrun for example_weekday_branch_operator to 2022-09-24T00:00:00+00:00, run_after=2022-09-25T00:00:00+00:00
[2022-09-25 20:58:32,670] {processor.py:161} INFO - Processing /home/airflow/.local/lib/python3.7/site-packages/airflow/example_dags/example_branch_day_of_week_operator.py took 0.134 seconds
[2022-09-25 20:59:03,505] {processor.py:153} INFO - Started process (PID=202) to work on /home/airflow/.local/lib/python3.7/site-packages/airflow/example_dags/example_branch_day_of_week_operator.py
[2022-09-25 20:59:03,509] {processor.py:641} INFO - Processing file /home/airflow/.local/lib/python3.7/site-packages/airflow/example_dags/example_branch_day_of_week_operator.py for tasks to queue
[2022-09-25 20:59:03,512] {logging_mixin.py:115} INFO - [2022-09-25 20:59:03,512] {dagbag.py:507} INFO - Filling up the DagBag from /home/airflow/.local/lib/python3.7/site-packages/airflow/example_dags/example_branch_day_of_week_operator.py
[2022-09-25 20:59:03,526] {processor.py:651} INFO - DAG(s) dict_keys(['example_weekday_branch_operator']) retrieved from /home/airflow/.local/lib/python3.7/site-packages/airflow/example_dags/example_branch_day_of_week_operator.py
[2022-09-25 20:59:03,575] {logging_mixin.py:115} INFO - [2022-09-25 20:59:03,575] {dag.py:2371} INFO - Sync 1 DAGs
[2022-09-25 20:59:03,606] {logging_mixin.py:115} INFO - [2022-09-25 20:59:03,606] {dag.py:2919} INFO - Setting next_dagrun for example_weekday_branch_operator to 2022-09-24T00:00:00+00:00, run_after=2022-09-25T00:00:00+00:00
[2022-09-25 20:59:03,791] {processor.py:161} INFO - Processing /home/airflow/.local/lib/python3.7/site-packages/airflow/example_dags/example_branch_day_of_week_operator.py took 0.292 seconds
[2022-09-25 20:59:34,140] {processor.py:153} INFO - Started process (PID=268) to work on /home/airflow/.local/lib/python3.7/site-packages/airflow/example_dags/example_branch_day_of_week_operator.py
[2022-09-25 20:59:34,141] {processor.py:641} INFO - Processing file /home/airflow/.local/lib/python3.7/site-packages/airflow/example_dags/example_branch_day_of_week_operator.py for tasks to queue
[2022-09-25 20:59:34,142] {logging_mixin.py:115} INFO - [2022-09-25 20:59:34,141] {dagbag.py:507} INFO - Filling up the DagBag from /home/airflow/.local/lib/python3.7/site-packages/airflow/example_dags/example_branch_day_of_week_operator.py
[2022-09-25 20:59:34,147] {processor.py:651} INFO - DAG(s) dict_keys(['example_weekday_branch_operator']) retrieved from /home/airflow/.local/lib/python3.7/site-packages/airflow/example_dags/example_branch_day_of_week_operator.py
[2022-09-25 20:59:34,162] {logging_mixin.py:115} INFO - [2022-09-25 20:59:34,162] {dag.py:2371} INFO - Sync 1 DAGs
[2022-09-25 20:59:34,178] {logging_mixin.py:115} INFO - [2022-09-25 20:59:34,178] {dag.py:2919} INFO - Setting next_dagrun for example_weekday_branch_operator to 2022-09-24T00:00:00+00:00, run_after=2022-09-25T00:00:00+00:00
[2022-09-25 20:59:34,259] {processor.py:161} INFO - Processing /home/airflow/.local/lib/python3.7/site-packages/airflow/example_dags/example_branch_day_of_week_operator.py took 0.121 seconds
[2022-09-25 21:00:05,228] {processor.py:153} INFO - Started process (PID=320) to work on /home/airflow/.local/lib/python3.7/site-packages/airflow/example_dags/example_branch_day_of_week_operator.py
[2022-09-25 21:00:05,230] {processor.py:641} INFO - Processing file /home/airflow/.local/lib/python3.7/site-packages/airflow/example_dags/example_branch_day_of_week_operator.py for tasks to queue
[2022-09-25 21:00:05,231] {logging_mixin.py:115} INFO - [2022-09-25 21:00:05,231] {dagbag.py:507} INFO - Filling up the DagBag from /home/airflow/.local/lib/python3.7/site-packages/airflow/example_dags/example_branch_day_of_week_operator.py
[2022-09-25 21:00:05,238] {processor.py:651} INFO - DAG(s) dict_keys(['example_weekday_branch_operator']) retrieved from /home/airflow/.local/lib/python3.7/site-packages/airflow/example_dags/example_branch_day_of_week_operator.py
[2022-09-25 21:00:05,257] {logging_mixin.py:115} INFO - [2022-09-25 21:00:05,257] {dag.py:2371} INFO - Sync 1 DAGs
[2022-09-25 21:00:05,277] {logging_mixin.py:115} INFO - [2022-09-25 21:00:05,277] {dag.py:2919} INFO - Setting next_dagrun for example_weekday_branch_operator to 2022-09-24T00:00:00+00:00, run_after=2022-09-25T00:00:00+00:00
[2022-09-25 21:00:05,402] {processor.py:161} INFO - Processing /home/airflow/.local/lib/python3.7/site-packages/airflow/example_dags/example_branch_day_of_week_operator.py took 0.177 seconds
[2022-09-25 21:00:35,569] {processor.py:153} INFO - Started process (PID=385) to work on /home/airflow/.local/lib/python3.7/site-packages/airflow/example_dags/example_branch_day_of_week_operator.py
[2022-09-25 21:00:35,570] {processor.py:641} INFO - Processing file /home/airflow/.local/lib/python3.7/site-packages/airflow/example_dags/example_branch_day_of_week_operator.py for tasks to queue
[2022-09-25 21:00:35,572] {logging_mixin.py:115} INFO - [2022-09-25 21:00:35,572] {dagbag.py:507} INFO - Filling up the DagBag from /home/airflow/.local/lib/python3.7/site-packages/airflow/example_dags/example_branch_day_of_week_operator.py
[2022-09-25 21:00:35,578] {processor.py:651} INFO - DAG(s) dict_keys(['example_weekday_branch_operator']) retrieved from /home/airflow/.local/lib/python3.7/site-packages/airflow/example_dags/example_branch_day_of_week_operator.py
[2022-09-25 21:00:35,596] {logging_mixin.py:115} INFO - [2022-09-25 21:00:35,596] {dag.py:2371} INFO - Sync 1 DAGs
[2022-09-25 21:00:35,611] {logging_mixin.py:115} INFO - [2022-09-25 21:00:35,611] {dag.py:2919} INFO - Setting next_dagrun for example_weekday_branch_operator to 2022-09-24T00:00:00+00:00, run_after=2022-09-25T00:00:00+00:00
[2022-09-25 21:00:35,703] {processor.py:161} INFO - Processing /home/airflow/.local/lib/python3.7/site-packages/airflow/example_dags/example_branch_day_of_week_operator.py took 0.137 seconds
[2022-09-25 21:01:06,058] {processor.py:153} INFO - Started process (PID=446) to work on /home/airflow/.local/lib/python3.7/site-packages/airflow/example_dags/example_branch_day_of_week_operator.py
[2022-09-25 21:01:06,060] {processor.py:641} INFO - Processing file /home/airflow/.local/lib/python3.7/site-packages/airflow/example_dags/example_branch_day_of_week_operator.py for tasks to queue
[2022-09-25 21:01:06,061] {logging_mixin.py:115} INFO - [2022-09-25 21:01:06,061] {dagbag.py:507} INFO - Filling up the DagBag from /home/airflow/.local/lib/python3.7/site-packages/airflow/example_dags/example_branch_day_of_week_operator.py
[2022-09-25 21:01:06,069] {processor.py:651} INFO - DAG(s) dict_keys(['example_weekday_branch_operator']) retrieved from /home/airflow/.local/lib/python3.7/site-packages/airflow/example_dags/example_branch_day_of_week_operator.py
[2022-09-25 21:01:06,093] {logging_mixin.py:115} INFO - [2022-09-25 21:01:06,093] {dag.py:2371} INFO - Sync 1 DAGs
[2022-09-25 21:01:06,116] {logging_mixin.py:115} INFO - [2022-09-25 21:01:06,116] {dag.py:2919} INFO - Setting next_dagrun for example_weekday_branch_operator to 2022-09-24T00:00:00+00:00, run_after=2022-09-25T00:00:00+00:00
[2022-09-25 21:01:06,235] {processor.py:161} INFO - Processing /home/airflow/.local/lib/python3.7/site-packages/airflow/example_dags/example_branch_day_of_week_operator.py took 0.179 seconds
[2022-09-25 21:01:36,563] {processor.py:153} INFO - Started process (PID=509) to work on /home/airflow/.local/lib/python3.7/site-packages/airflow/example_dags/example_branch_day_of_week_operator.py
[2022-09-25 21:01:36,564] {processor.py:641} INFO - Processing file /home/airflow/.local/lib/python3.7/site-packages/airflow/example_dags/example_branch_day_of_week_operator.py for tasks to queue
[2022-09-25 21:01:36,565] {logging_mixin.py:115} INFO - [2022-09-25 21:01:36,565] {dagbag.py:507} INFO - Filling up the DagBag from /home/airflow/.local/lib/python3.7/site-packages/airflow/example_dags/example_branch_day_of_week_operator.py
[2022-09-25 21:01:36,570] {processor.py:651} INFO - DAG(s) dict_keys(['example_weekday_branch_operator']) retrieved from /home/airflow/.local/lib/python3.7/site-packages/airflow/example_dags/example_branch_day_of_week_operator.py
[2022-09-25 21:01:36,590] {logging_mixin.py:115} INFO - [2022-09-25 21:01:36,590] {dag.py:2371} INFO - Sync 1 DAGs
[2022-09-25 21:01:36,607] {logging_mixin.py:115} INFO - [2022-09-25 21:01:36,607] {dag.py:2919} INFO - Setting next_dagrun for example_weekday_branch_operator to 2022-09-24T00:00:00+00:00, run_after=2022-09-25T00:00:00+00:00
[2022-09-25 21:01:36,697] {processor.py:161} INFO - Processing /home/airflow/.local/lib/python3.7/site-packages/airflow/example_dags/example_branch_day_of_week_operator.py took 0.136 seconds
[2022-09-25 21:02:06,890] {processor.py:153} INFO - Started process (PID=572) to work on /home/airflow/.local/lib/python3.7/site-packages/airflow/example_dags/example_branch_day_of_week_operator.py
[2022-09-25 21:02:06,891] {processor.py:641} INFO - Processing file /home/airflow/.local/lib/python3.7/site-packages/airflow/example_dags/example_branch_day_of_week_operator.py for tasks to queue
[2022-09-25 21:02:06,892] {logging_mixin.py:115} INFO - [2022-09-25 21:02:06,892] {dagbag.py:507} INFO - Filling up the DagBag from /home/airflow/.local/lib/python3.7/site-packages/airflow/example_dags/example_branch_day_of_week_operator.py
[2022-09-25 21:02:06,899] {processor.py:651} INFO - DAG(s) dict_keys(['example_weekday_branch_operator']) retrieved from /home/airflow/.local/lib/python3.7/site-packages/airflow/example_dags/example_branch_day_of_week_operator.py
[2022-09-25 21:02:06,919] {logging_mixin.py:115} INFO - [2022-09-25 21:02:06,919] {dag.py:2371} INFO - Sync 1 DAGs
[2022-09-25 21:02:06,936] {logging_mixin.py:115} INFO - [2022-09-25 21:02:06,936] {dag.py:2919} INFO - Setting next_dagrun for example_weekday_branch_operator to 2022-09-24T00:00:00+00:00, run_after=2022-09-25T00:00:00+00:00
[2022-09-25 21:02:07,022] {processor.py:161} INFO - Processing /home/airflow/.local/lib/python3.7/site-packages/airflow/example_dags/example_branch_day_of_week_operator.py took 0.133 seconds
[2022-09-25 21:02:37,676] {processor.py:153} INFO - Started process (PID=634) to work on /home/airflow/.local/lib/python3.7/site-packages/airflow/example_dags/example_branch_day_of_week_operator.py
[2022-09-25 21:02:37,678] {processor.py:641} INFO - Processing file /home/airflow/.local/lib/python3.7/site-packages/airflow/example_dags/example_branch_day_of_week_operator.py for tasks to queue
[2022-09-25 21:02:37,679] {logging_mixin.py:115} INFO - [2022-09-25 21:02:37,678] {dagbag.py:507} INFO - Filling up the DagBag from /home/airflow/.local/lib/python3.7/site-packages/airflow/example_dags/example_branch_day_of_week_operator.py
[2022-09-25 21:02:37,684] {processor.py:651} INFO - DAG(s) dict_keys(['example_weekday_branch_operator']) retrieved from /home/airflow/.local/lib/python3.7/site-packages/airflow/example_dags/example_branch_day_of_week_operator.py
[2022-09-25 21:02:37,701] {logging_mixin.py:115} INFO - [2022-09-25 21:02:37,701] {dag.py:2371} INFO - Sync 1 DAGs
[2022-09-25 21:02:37,717] {logging_mixin.py:115} INFO - [2022-09-25 21:02:37,717] {dag.py:2919} INFO - Setting next_dagrun for example_weekday_branch_operator to 2022-09-24T00:00:00+00:00, run_after=2022-09-25T00:00:00+00:00
[2022-09-25 21:02:37,804] {processor.py:161} INFO - Processing /home/airflow/.local/lib/python3.7/site-packages/airflow/example_dags/example_branch_day_of_week_operator.py took 0.131 seconds
[2022-09-25 21:03:08,691] {processor.py:153} INFO - Started process (PID=691) to work on /home/airflow/.local/lib/python3.7/site-packages/airflow/example_dags/example_branch_day_of_week_operator.py
[2022-09-25 21:03:08,693] {processor.py:641} INFO - Processing file /home/airflow/.local/lib/python3.7/site-packages/airflow/example_dags/example_branch_day_of_week_operator.py for tasks to queue
[2022-09-25 21:03:08,695] {logging_mixin.py:115} INFO - [2022-09-25 21:03:08,694] {dagbag.py:507} INFO - Filling up the DagBag from /home/airflow/.local/lib/python3.7/site-packages/airflow/example_dags/example_branch_day_of_week_operator.py
[2022-09-25 21:03:08,701] {processor.py:651} INFO - DAG(s) dict_keys(['example_weekday_branch_operator']) retrieved from /home/airflow/.local/lib/python3.7/site-packages/airflow/example_dags/example_branch_day_of_week_operator.py
[2022-09-25 21:03:08,727] {logging_mixin.py:115} INFO - [2022-09-25 21:03:08,727] {dag.py:2371} INFO - Sync 1 DAGs
[2022-09-25 21:03:08,749] {logging_mixin.py:115} INFO - [2022-09-25 21:03:08,749] {dag.py:2919} INFO - Setting next_dagrun for example_weekday_branch_operator to 2022-09-24T00:00:00+00:00, run_after=2022-09-25T00:00:00+00:00
[2022-09-25 21:03:08,760] {processor.py:161} INFO - Processing /home/airflow/.local/lib/python3.7/site-packages/airflow/example_dags/example_branch_day_of_week_operator.py took 0.070 seconds
[2022-09-25 21:03:39,687] {processor.py:153} INFO - Started process (PID=754) to work on /home/airflow/.local/lib/python3.7/site-packages/airflow/example_dags/example_branch_day_of_week_operator.py
[2022-09-25 21:03:39,688] {processor.py:641} INFO - Processing file /home/airflow/.local/lib/python3.7/site-packages/airflow/example_dags/example_branch_day_of_week_operator.py for tasks to queue
[2022-09-25 21:03:39,690] {logging_mixin.py:115} INFO - [2022-09-25 21:03:39,690] {dagbag.py:507} INFO - Filling up the DagBag from /home/airflow/.local/lib/python3.7/site-packages/airflow/example_dags/example_branch_day_of_week_operator.py
[2022-09-25 21:03:39,695] {processor.py:651} INFO - DAG(s) dict_keys(['example_weekday_branch_operator']) retrieved from /home/airflow/.local/lib/python3.7/site-packages/airflow/example_dags/example_branch_day_of_week_operator.py
[2022-09-25 21:03:39,712] {logging_mixin.py:115} INFO - [2022-09-25 21:03:39,712] {dag.py:2371} INFO - Sync 1 DAGs
[2022-09-25 21:03:39,728] {logging_mixin.py:115} INFO - [2022-09-25 21:03:39,728] {dag.py:2919} INFO - Setting next_dagrun for example_weekday_branch_operator to 2022-09-24T00:00:00+00:00, run_after=2022-09-25T00:00:00+00:00
[2022-09-25 21:03:39,736] {processor.py:161} INFO - Processing /home/airflow/.local/lib/python3.7/site-packages/airflow/example_dags/example_branch_day_of_week_operator.py took 0.051 seconds
[2022-09-25 21:04:10,547] {processor.py:153} INFO - Started process (PID=817) to work on /home/airflow/.local/lib/python3.7/site-packages/airflow/example_dags/example_branch_day_of_week_operator.py
[2022-09-25 21:04:10,548] {processor.py:641} INFO - Processing file /home/airflow/.local/lib/python3.7/site-packages/airflow/example_dags/example_branch_day_of_week_operator.py for tasks to queue
[2022-09-25 21:04:10,549] {logging_mixin.py:115} INFO - [2022-09-25 21:04:10,549] {dagbag.py:507} INFO - Filling up the DagBag from /home/airflow/.local/lib/python3.7/site-packages/airflow/example_dags/example_branch_day_of_week_operator.py
[2022-09-25 21:04:10,554] {processor.py:651} INFO - DAG(s) dict_keys(['example_weekday_branch_operator']) retrieved from /home/airflow/.local/lib/python3.7/site-packages/airflow/example_dags/example_branch_day_of_week_operator.py
[2022-09-25 21:04:10,571] {logging_mixin.py:115} INFO - [2022-09-25 21:04:10,570] {dag.py:2371} INFO - Sync 1 DAGs
[2022-09-25 21:04:10,584] {logging_mixin.py:115} INFO - [2022-09-25 21:04:10,584] {dag.py:2919} INFO - Setting next_dagrun for example_weekday_branch_operator to 2022-09-24T00:00:00+00:00, run_after=2022-09-25T00:00:00+00:00
[2022-09-25 21:04:10,590] {processor.py:161} INFO - Processing /home/airflow/.local/lib/python3.7/site-packages/airflow/example_dags/example_branch_day_of_week_operator.py took 0.045 seconds
[2022-09-25 21:04:41,440] {processor.py:153} INFO - Started process (PID=880) to work on /home/airflow/.local/lib/python3.7/site-packages/airflow/example_dags/example_branch_day_of_week_operator.py
[2022-09-25 21:04:41,442] {processor.py:641} INFO - Processing file /home/airflow/.local/lib/python3.7/site-packages/airflow/example_dags/example_branch_day_of_week_operator.py for tasks to queue
[2022-09-25 21:04:41,443] {logging_mixin.py:115} INFO - [2022-09-25 21:04:41,443] {dagbag.py:507} INFO - Filling up the DagBag from /home/airflow/.local/lib/python3.7/site-packages/airflow/example_dags/example_branch_day_of_week_operator.py
[2022-09-25 21:04:41,449] {processor.py:651} INFO - DAG(s) dict_keys(['example_weekday_branch_operator']) retrieved from /home/airflow/.local/lib/python3.7/site-packages/airflow/example_dags/example_branch_day_of_week_operator.py
[2022-09-25 21:04:41,472] {logging_mixin.py:115} INFO - [2022-09-25 21:04:41,472] {dag.py:2371} INFO - Sync 1 DAGs
[2022-09-25 21:04:41,498] {logging_mixin.py:115} INFO - [2022-09-25 21:04:41,498] {dag.py:2919} INFO - Setting next_dagrun for example_weekday_branch_operator to 2022-09-24T00:00:00+00:00, run_after=2022-09-25T00:00:00+00:00
[2022-09-25 21:04:41,507] {processor.py:161} INFO - Processing /home/airflow/.local/lib/python3.7/site-packages/airflow/example_dags/example_branch_day_of_week_operator.py took 0.071 seconds
[2022-09-25 21:05:12,223] {processor.py:153} INFO - Started process (PID=943) to work on /home/airflow/.local/lib/python3.7/site-packages/airflow/example_dags/example_branch_day_of_week_operator.py
[2022-09-25 21:05:12,225] {processor.py:641} INFO - Processing file /home/airflow/.local/lib/python3.7/site-packages/airflow/example_dags/example_branch_day_of_week_operator.py for tasks to queue
[2022-09-25 21:05:12,226] {logging_mixin.py:115} INFO - [2022-09-25 21:05:12,226] {dagbag.py:507} INFO - Filling up the DagBag from /home/airflow/.local/lib/python3.7/site-packages/airflow/example_dags/example_branch_day_of_week_operator.py
[2022-09-25 21:05:12,232] {processor.py:651} INFO - DAG(s) dict_keys(['example_weekday_branch_operator']) retrieved from /home/airflow/.local/lib/python3.7/site-packages/airflow/example_dags/example_branch_day_of_week_operator.py
[2022-09-25 21:05:12,251] {logging_mixin.py:115} INFO - [2022-09-25 21:05:12,251] {dag.py:2371} INFO - Sync 1 DAGs
[2022-09-25 21:05:12,270] {logging_mixin.py:115} INFO - [2022-09-25 21:05:12,270] {dag.py:2919} INFO - Setting next_dagrun for example_weekday_branch_operator to 2022-09-24T00:00:00+00:00, run_after=2022-09-25T00:00:00+00:00
[2022-09-25 21:05:12,278] {processor.py:161} INFO - Processing /home/airflow/.local/lib/python3.7/site-packages/airflow/example_dags/example_branch_day_of_week_operator.py took 0.056 seconds
[2022-09-25 21:05:43,156] {processor.py:153} INFO - Started process (PID=1007) to work on /home/airflow/.local/lib/python3.7/site-packages/airflow/example_dags/example_branch_day_of_week_operator.py
[2022-09-25 21:05:43,157] {processor.py:641} INFO - Processing file /home/airflow/.local/lib/python3.7/site-packages/airflow/example_dags/example_branch_day_of_week_operator.py for tasks to queue
[2022-09-25 21:05:43,158] {logging_mixin.py:115} INFO - [2022-09-25 21:05:43,158] {dagbag.py:507} INFO - Filling up the DagBag from /home/airflow/.local/lib/python3.7/site-packages/airflow/example_dags/example_branch_day_of_week_operator.py
[2022-09-25 21:05:43,163] {processor.py:651} INFO - DAG(s) dict_keys(['example_weekday_branch_operator']) retrieved from /home/airflow/.local/lib/python3.7/site-packages/airflow/example_dags/example_branch_day_of_week_operator.py
[2022-09-25 21:05:43,182] {logging_mixin.py:115} INFO - [2022-09-25 21:05:43,182] {dag.py:2371} INFO - Sync 1 DAGs
[2022-09-25 21:05:43,201] {logging_mixin.py:115} INFO - [2022-09-25 21:05:43,201] {dag.py:2919} INFO - Setting next_dagrun for example_weekday_branch_operator to 2022-09-24T00:00:00+00:00, run_after=2022-09-25T00:00:00+00:00
[2022-09-25 21:05:43,209] {processor.py:161} INFO - Processing /home/airflow/.local/lib/python3.7/site-packages/airflow/example_dags/example_branch_day_of_week_operator.py took 0.055 seconds
[2022-09-25 21:06:14,085] {processor.py:153} INFO - Started process (PID=1070) to work on /home/airflow/.local/lib/python3.7/site-packages/airflow/example_dags/example_branch_day_of_week_operator.py
[2022-09-25 21:06:14,087] {processor.py:641} INFO - Processing file /home/airflow/.local/lib/python3.7/site-packages/airflow/example_dags/example_branch_day_of_week_operator.py for tasks to queue
[2022-09-25 21:06:14,088] {logging_mixin.py:115} INFO - [2022-09-25 21:06:14,088] {dagbag.py:507} INFO - Filling up the DagBag from /home/airflow/.local/lib/python3.7/site-packages/airflow/example_dags/example_branch_day_of_week_operator.py
[2022-09-25 21:06:14,093] {processor.py:651} INFO - DAG(s) dict_keys(['example_weekday_branch_operator']) retrieved from /home/airflow/.local/lib/python3.7/site-packages/airflow/example_dags/example_branch_day_of_week_operator.py
[2022-09-25 21:06:14,112] {logging_mixin.py:115} INFO - [2022-09-25 21:06:14,112] {dag.py:2371} INFO - Sync 1 DAGs
[2022-09-25 21:06:14,130] {logging_mixin.py:115} INFO - [2022-09-25 21:06:14,130] {dag.py:2919} INFO - Setting next_dagrun for example_weekday_branch_operator to 2022-09-24T00:00:00+00:00, run_after=2022-09-25T00:00:00+00:00
[2022-09-25 21:06:14,138] {processor.py:161} INFO - Processing /home/airflow/.local/lib/python3.7/site-packages/airflow/example_dags/example_branch_day_of_week_operator.py took 0.054 seconds
[2022-09-25 21:06:44,860] {processor.py:153} INFO - Started process (PID=1123) to work on /home/airflow/.local/lib/python3.7/site-packages/airflow/example_dags/example_branch_day_of_week_operator.py
[2022-09-25 21:06:44,863] {processor.py:641} INFO - Processing file /home/airflow/.local/lib/python3.7/site-packages/airflow/example_dags/example_branch_day_of_week_operator.py for tasks to queue
[2022-09-25 21:06:44,864] {logging_mixin.py:115} INFO - [2022-09-25 21:06:44,863] {dagbag.py:507} INFO - Filling up the DagBag from /home/airflow/.local/lib/python3.7/site-packages/airflow/example_dags/example_branch_day_of_week_operator.py
[2022-09-25 21:06:44,871] {processor.py:651} INFO - DAG(s) dict_keys(['example_weekday_branch_operator']) retrieved from /home/airflow/.local/lib/python3.7/site-packages/airflow/example_dags/example_branch_day_of_week_operator.py
[2022-09-25 21:06:44,891] {logging_mixin.py:115} INFO - [2022-09-25 21:06:44,891] {dag.py:2371} INFO - Sync 1 DAGs
[2022-09-25 21:06:44,911] {logging_mixin.py:115} INFO - [2022-09-25 21:06:44,910] {dag.py:2919} INFO - Setting next_dagrun for example_weekday_branch_operator to 2022-09-24T00:00:00+00:00, run_after=2022-09-25T00:00:00+00:00
[2022-09-25 21:06:44,918] {processor.py:161} INFO - Processing /home/airflow/.local/lib/python3.7/site-packages/airflow/example_dags/example_branch_day_of_week_operator.py took 0.063 seconds
[2022-09-25 21:07:15,846] {processor.py:153} INFO - Started process (PID=1186) to work on /home/airflow/.local/lib/python3.7/site-packages/airflow/example_dags/example_branch_day_of_week_operator.py
[2022-09-25 21:07:15,847] {processor.py:641} INFO - Processing file /home/airflow/.local/lib/python3.7/site-packages/airflow/example_dags/example_branch_day_of_week_operator.py for tasks to queue
[2022-09-25 21:07:15,847] {logging_mixin.py:115} INFO - [2022-09-25 21:07:15,847] {dagbag.py:507} INFO - Filling up the DagBag from /home/airflow/.local/lib/python3.7/site-packages/airflow/example_dags/example_branch_day_of_week_operator.py
[2022-09-25 21:07:15,856] {processor.py:651} INFO - DAG(s) dict_keys(['example_weekday_branch_operator']) retrieved from /home/airflow/.local/lib/python3.7/site-packages/airflow/example_dags/example_branch_day_of_week_operator.py
[2022-09-25 21:07:15,880] {logging_mixin.py:115} INFO - [2022-09-25 21:07:15,880] {dag.py:2371} INFO - Sync 1 DAGs
[2022-09-25 21:07:15,901] {logging_mixin.py:115} INFO - [2022-09-25 21:07:15,901] {dag.py:2919} INFO - Setting next_dagrun for example_weekday_branch_operator to 2022-09-24T00:00:00+00:00, run_after=2022-09-25T00:00:00+00:00
[2022-09-25 21:07:15,909] {processor.py:161} INFO - Processing /home/airflow/.local/lib/python3.7/site-packages/airflow/example_dags/example_branch_day_of_week_operator.py took 0.066 seconds
[2022-09-25 21:07:46,647] {processor.py:153} INFO - Started process (PID=1249) to work on /home/airflow/.local/lib/python3.7/site-packages/airflow/example_dags/example_branch_day_of_week_operator.py
[2022-09-25 21:07:46,648] {processor.py:641} INFO - Processing file /home/airflow/.local/lib/python3.7/site-packages/airflow/example_dags/example_branch_day_of_week_operator.py for tasks to queue
[2022-09-25 21:07:46,649] {logging_mixin.py:115} INFO - [2022-09-25 21:07:46,649] {dagbag.py:507} INFO - Filling up the DagBag from /home/airflow/.local/lib/python3.7/site-packages/airflow/example_dags/example_branch_day_of_week_operator.py
[2022-09-25 21:07:46,656] {processor.py:651} INFO - DAG(s) dict_keys(['example_weekday_branch_operator']) retrieved from /home/airflow/.local/lib/python3.7/site-packages/airflow/example_dags/example_branch_day_of_week_operator.py
[2022-09-25 21:07:46,680] {logging_mixin.py:115} INFO - [2022-09-25 21:07:46,680] {dag.py:2371} INFO - Sync 1 DAGs
[2022-09-25 21:07:46,697] {logging_mixin.py:115} INFO - [2022-09-25 21:07:46,697] {dag.py:2919} INFO - Setting next_dagrun for example_weekday_branch_operator to 2022-09-24T00:00:00+00:00, run_after=2022-09-25T00:00:00+00:00
[2022-09-25 21:07:46,704] {processor.py:161} INFO - Processing /home/airflow/.local/lib/python3.7/site-packages/airflow/example_dags/example_branch_day_of_week_operator.py took 0.060 seconds
[2022-09-25 21:08:16,869] {processor.py:153} INFO - Started process (PID=1313) to work on /home/airflow/.local/lib/python3.7/site-packages/airflow/example_dags/example_branch_day_of_week_operator.py
[2022-09-25 21:08:16,874] {processor.py:641} INFO - Processing file /home/airflow/.local/lib/python3.7/site-packages/airflow/example_dags/example_branch_day_of_week_operator.py for tasks to queue
[2022-09-25 21:08:16,875] {logging_mixin.py:115} INFO - [2022-09-25 21:08:16,875] {dagbag.py:507} INFO - Filling up the DagBag from /home/airflow/.local/lib/python3.7/site-packages/airflow/example_dags/example_branch_day_of_week_operator.py
[2022-09-25 21:08:16,880] {processor.py:651} INFO - DAG(s) dict_keys(['example_weekday_branch_operator']) retrieved from /home/airflow/.local/lib/python3.7/site-packages/airflow/example_dags/example_branch_day_of_week_operator.py
[2022-09-25 21:08:16,900] {logging_mixin.py:115} INFO - [2022-09-25 21:08:16,900] {dag.py:2371} INFO - Sync 1 DAGs
[2022-09-25 21:08:16,915] {logging_mixin.py:115} INFO - [2022-09-25 21:08:16,915] {dag.py:2919} INFO - Setting next_dagrun for example_weekday_branch_operator to 2022-09-24T00:00:00+00:00, run_after=2022-09-25T00:00:00+00:00
[2022-09-25 21:08:16,922] {processor.py:161} INFO - Processing /home/airflow/.local/lib/python3.7/site-packages/airflow/example_dags/example_branch_day_of_week_operator.py took 0.055 seconds
[2022-09-25 21:08:47,780] {processor.py:153} INFO - Started process (PID=1374) to work on /home/airflow/.local/lib/python3.7/site-packages/airflow/example_dags/example_branch_day_of_week_operator.py
[2022-09-25 21:08:47,781] {processor.py:641} INFO - Processing file /home/airflow/.local/lib/python3.7/site-packages/airflow/example_dags/example_branch_day_of_week_operator.py for tasks to queue
[2022-09-25 21:08:47,782] {logging_mixin.py:115} INFO - [2022-09-25 21:08:47,782] {dagbag.py:507} INFO - Filling up the DagBag from /home/airflow/.local/lib/python3.7/site-packages/airflow/example_dags/example_branch_day_of_week_operator.py
[2022-09-25 21:08:47,790] {processor.py:651} INFO - DAG(s) dict_keys(['example_weekday_branch_operator']) retrieved from /home/airflow/.local/lib/python3.7/site-packages/airflow/example_dags/example_branch_day_of_week_operator.py
[2022-09-25 21:08:47,810] {logging_mixin.py:115} INFO - [2022-09-25 21:08:47,809] {dag.py:2371} INFO - Sync 1 DAGs
[2022-09-25 21:08:47,827] {logging_mixin.py:115} INFO - [2022-09-25 21:08:47,827] {dag.py:2919} INFO - Setting next_dagrun for example_weekday_branch_operator to 2022-09-24T00:00:00+00:00, run_after=2022-09-25T00:00:00+00:00
[2022-09-25 21:08:47,834] {processor.py:161} INFO - Processing /home/airflow/.local/lib/python3.7/site-packages/airflow/example_dags/example_branch_day_of_week_operator.py took 0.057 seconds
[2022-09-25 21:09:18,823] {processor.py:153} INFO - Started process (PID=1437) to work on /home/airflow/.local/lib/python3.7/site-packages/airflow/example_dags/example_branch_day_of_week_operator.py
[2022-09-25 21:09:18,828] {processor.py:641} INFO - Processing file /home/airflow/.local/lib/python3.7/site-packages/airflow/example_dags/example_branch_day_of_week_operator.py for tasks to queue
[2022-09-25 21:09:18,838] {logging_mixin.py:115} INFO - [2022-09-25 21:09:18,834] {dagbag.py:507} INFO - Filling up the DagBag from /home/airflow/.local/lib/python3.7/site-packages/airflow/example_dags/example_branch_day_of_week_operator.py
[2022-09-25 21:09:18,852] {processor.py:651} INFO - DAG(s) dict_keys(['example_weekday_branch_operator']) retrieved from /home/airflow/.local/lib/python3.7/site-packages/airflow/example_dags/example_branch_day_of_week_operator.py
[2022-09-25 21:09:18,876] {logging_mixin.py:115} INFO - [2022-09-25 21:09:18,876] {dag.py:2371} INFO - Sync 1 DAGs
[2022-09-25 21:09:18,900] {logging_mixin.py:115} INFO - [2022-09-25 21:09:18,900] {dag.py:2919} INFO - Setting next_dagrun for example_weekday_branch_operator to 2022-09-24T00:00:00+00:00, run_after=2022-09-25T00:00:00+00:00
[2022-09-25 21:09:18,911] {processor.py:161} INFO - Processing /home/airflow/.local/lib/python3.7/site-packages/airflow/example_dags/example_branch_day_of_week_operator.py took 0.090 seconds
[2022-09-25 21:09:49,808] {processor.py:153} INFO - Started process (PID=1490) to work on /home/airflow/.local/lib/python3.7/site-packages/airflow/example_dags/example_branch_day_of_week_operator.py
[2022-09-25 21:09:49,809] {processor.py:641} INFO - Processing file /home/airflow/.local/lib/python3.7/site-packages/airflow/example_dags/example_branch_day_of_week_operator.py for tasks to queue
[2022-09-25 21:09:49,810] {logging_mixin.py:115} INFO - [2022-09-25 21:09:49,810] {dagbag.py:507} INFO - Filling up the DagBag from /home/airflow/.local/lib/python3.7/site-packages/airflow/example_dags/example_branch_day_of_week_operator.py
[2022-09-25 21:09:49,816] {processor.py:651} INFO - DAG(s) dict_keys(['example_weekday_branch_operator']) retrieved from /home/airflow/.local/lib/python3.7/site-packages/airflow/example_dags/example_branch_day_of_week_operator.py
[2022-09-25 21:09:49,835] {logging_mixin.py:115} INFO - [2022-09-25 21:09:49,835] {dag.py:2371} INFO - Sync 1 DAGs
[2022-09-25 21:09:49,851] {logging_mixin.py:115} INFO - [2022-09-25 21:09:49,851] {dag.py:2919} INFO - Setting next_dagrun for example_weekday_branch_operator to 2022-09-24T00:00:00+00:00, run_after=2022-09-25T00:00:00+00:00
[2022-09-25 21:09:49,857] {processor.py:161} INFO - Processing /home/airflow/.local/lib/python3.7/site-packages/airflow/example_dags/example_branch_day_of_week_operator.py took 0.052 seconds
[2022-09-25 21:10:20,733] {processor.py:153} INFO - Started process (PID=1554) to work on /home/airflow/.local/lib/python3.7/site-packages/airflow/example_dags/example_branch_day_of_week_operator.py
[2022-09-25 21:10:20,734] {processor.py:641} INFO - Processing file /home/airflow/.local/lib/python3.7/site-packages/airflow/example_dags/example_branch_day_of_week_operator.py for tasks to queue
[2022-09-25 21:10:20,735] {logging_mixin.py:115} INFO - [2022-09-25 21:10:20,735] {dagbag.py:507} INFO - Filling up the DagBag from /home/airflow/.local/lib/python3.7/site-packages/airflow/example_dags/example_branch_day_of_week_operator.py
[2022-09-25 21:10:20,741] {processor.py:651} INFO - DAG(s) dict_keys(['example_weekday_branch_operator']) retrieved from /home/airflow/.local/lib/python3.7/site-packages/airflow/example_dags/example_branch_day_of_week_operator.py
[2022-09-25 21:10:20,765] {logging_mixin.py:115} INFO - [2022-09-25 21:10:20,765] {dag.py:2371} INFO - Sync 1 DAGs
[2022-09-25 21:10:20,788] {logging_mixin.py:115} INFO - [2022-09-25 21:10:20,788] {dag.py:2919} INFO - Setting next_dagrun for example_weekday_branch_operator to 2022-09-24T00:00:00+00:00, run_after=2022-09-25T00:00:00+00:00
[2022-09-25 21:10:20,796] {processor.py:161} INFO - Processing /home/airflow/.local/lib/python3.7/site-packages/airflow/example_dags/example_branch_day_of_week_operator.py took 0.065 seconds
[2022-09-25 21:10:51,680] {processor.py:153} INFO - Started process (PID=1616) to work on /home/airflow/.local/lib/python3.7/site-packages/airflow/example_dags/example_branch_day_of_week_operator.py
[2022-09-25 21:10:51,681] {processor.py:641} INFO - Processing file /home/airflow/.local/lib/python3.7/site-packages/airflow/example_dags/example_branch_day_of_week_operator.py for tasks to queue
[2022-09-25 21:10:51,682] {logging_mixin.py:115} INFO - [2022-09-25 21:10:51,682] {dagbag.py:507} INFO - Filling up the DagBag from /home/airflow/.local/lib/python3.7/site-packages/airflow/example_dags/example_branch_day_of_week_operator.py
[2022-09-25 21:10:51,688] {processor.py:651} INFO - DAG(s) dict_keys(['example_weekday_branch_operator']) retrieved from /home/airflow/.local/lib/python3.7/site-packages/airflow/example_dags/example_branch_day_of_week_operator.py
[2022-09-25 21:10:51,707] {logging_mixin.py:115} INFO - [2022-09-25 21:10:51,707] {dag.py:2371} INFO - Sync 1 DAGs
[2022-09-25 21:10:51,725] {logging_mixin.py:115} INFO - [2022-09-25 21:10:51,725] {dag.py:2919} INFO - Setting next_dagrun for example_weekday_branch_operator to 2022-09-24T00:00:00+00:00, run_after=2022-09-25T00:00:00+00:00
[2022-09-25 21:10:51,732] {processor.py:161} INFO - Processing /home/airflow/.local/lib/python3.7/site-packages/airflow/example_dags/example_branch_day_of_week_operator.py took 0.054 seconds
[2022-09-25 21:11:22,629] {processor.py:153} INFO - Started process (PID=1679) to work on /home/airflow/.local/lib/python3.7/site-packages/airflow/example_dags/example_branch_day_of_week_operator.py
[2022-09-25 21:11:22,630] {processor.py:641} INFO - Processing file /home/airflow/.local/lib/python3.7/site-packages/airflow/example_dags/example_branch_day_of_week_operator.py for tasks to queue
[2022-09-25 21:11:22,631] {logging_mixin.py:115} INFO - [2022-09-25 21:11:22,631] {dagbag.py:507} INFO - Filling up the DagBag from /home/airflow/.local/lib/python3.7/site-packages/airflow/example_dags/example_branch_day_of_week_operator.py
[2022-09-25 21:11:22,637] {processor.py:651} INFO - DAG(s) dict_keys(['example_weekday_branch_operator']) retrieved from /home/airflow/.local/lib/python3.7/site-packages/airflow/example_dags/example_branch_day_of_week_operator.py
[2022-09-25 21:11:22,656] {logging_mixin.py:115} INFO - [2022-09-25 21:11:22,656] {dag.py:2371} INFO - Sync 1 DAGs
[2022-09-25 21:11:22,672] {logging_mixin.py:115} INFO - [2022-09-25 21:11:22,672] {dag.py:2919} INFO - Setting next_dagrun for example_weekday_branch_operator to 2022-09-24T00:00:00+00:00, run_after=2022-09-25T00:00:00+00:00
[2022-09-25 21:11:22,680] {processor.py:161} INFO - Processing /home/airflow/.local/lib/python3.7/site-packages/airflow/example_dags/example_branch_day_of_week_operator.py took 0.054 seconds
[2022-09-25 21:11:52,849] {processor.py:153} INFO - Started process (PID=1741) to work on /home/airflow/.local/lib/python3.7/site-packages/airflow/example_dags/example_branch_day_of_week_operator.py
[2022-09-25 21:11:52,850] {processor.py:641} INFO - Processing file /home/airflow/.local/lib/python3.7/site-packages/airflow/example_dags/example_branch_day_of_week_operator.py for tasks to queue
[2022-09-25 21:11:52,851] {logging_mixin.py:115} INFO - [2022-09-25 21:11:52,851] {dagbag.py:507} INFO - Filling up the DagBag from /home/airflow/.local/lib/python3.7/site-packages/airflow/example_dags/example_branch_day_of_week_operator.py
[2022-09-25 21:11:52,862] {processor.py:651} INFO - DAG(s) dict_keys(['example_weekday_branch_operator']) retrieved from /home/airflow/.local/lib/python3.7/site-packages/airflow/example_dags/example_branch_day_of_week_operator.py
[2022-09-25 21:11:52,880] {logging_mixin.py:115} INFO - [2022-09-25 21:11:52,880] {dag.py:2371} INFO - Sync 1 DAGs
[2022-09-25 21:11:52,900] {logging_mixin.py:115} INFO - [2022-09-25 21:11:52,900] {dag.py:2919} INFO - Setting next_dagrun for example_weekday_branch_operator to 2022-09-24T00:00:00+00:00, run_after=2022-09-25T00:00:00+00:00
[2022-09-25 21:11:52,909] {processor.py:161} INFO - Processing /home/airflow/.local/lib/python3.7/site-packages/airflow/example_dags/example_branch_day_of_week_operator.py took 0.063 seconds
[2022-09-25 21:12:23,565] {processor.py:153} INFO - Started process (PID=1796) to work on /home/airflow/.local/lib/python3.7/site-packages/airflow/example_dags/example_branch_day_of_week_operator.py
[2022-09-25 21:12:23,566] {processor.py:641} INFO - Processing file /home/airflow/.local/lib/python3.7/site-packages/airflow/example_dags/example_branch_day_of_week_operator.py for tasks to queue
[2022-09-25 21:12:23,567] {logging_mixin.py:115} INFO - [2022-09-25 21:12:23,567] {dagbag.py:507} INFO - Filling up the DagBag from /home/airflow/.local/lib/python3.7/site-packages/airflow/example_dags/example_branch_day_of_week_operator.py
[2022-09-25 21:12:23,572] {processor.py:651} INFO - DAG(s) dict_keys(['example_weekday_branch_operator']) retrieved from /home/airflow/.local/lib/python3.7/site-packages/airflow/example_dags/example_branch_day_of_week_operator.py
[2022-09-25 21:12:23,588] {logging_mixin.py:115} INFO - [2022-09-25 21:12:23,588] {dag.py:2371} INFO - Sync 1 DAGs
[2022-09-25 21:12:23,606] {logging_mixin.py:115} INFO - [2022-09-25 21:12:23,606] {dag.py:2919} INFO - Setting next_dagrun for example_weekday_branch_operator to 2022-09-24T00:00:00+00:00, run_after=2022-09-25T00:00:00+00:00
[2022-09-25 21:12:23,613] {processor.py:161} INFO - Processing /home/airflow/.local/lib/python3.7/site-packages/airflow/example_dags/example_branch_day_of_week_operator.py took 0.051 seconds
[2022-09-25 21:12:54,332] {processor.py:153} INFO - Started process (PID=1860) to work on /home/airflow/.local/lib/python3.7/site-packages/airflow/example_dags/example_branch_day_of_week_operator.py
[2022-09-25 21:12:54,333] {processor.py:641} INFO - Processing file /home/airflow/.local/lib/python3.7/site-packages/airflow/example_dags/example_branch_day_of_week_operator.py for tasks to queue
[2022-09-25 21:12:54,334] {logging_mixin.py:115} INFO - [2022-09-25 21:12:54,334] {dagbag.py:507} INFO - Filling up the DagBag from /home/airflow/.local/lib/python3.7/site-packages/airflow/example_dags/example_branch_day_of_week_operator.py
[2022-09-25 21:12:54,340] {processor.py:651} INFO - DAG(s) dict_keys(['example_weekday_branch_operator']) retrieved from /home/airflow/.local/lib/python3.7/site-packages/airflow/example_dags/example_branch_day_of_week_operator.py
[2022-09-25 21:12:54,359] {logging_mixin.py:115} INFO - [2022-09-25 21:12:54,359] {dag.py:2371} INFO - Sync 1 DAGs
[2022-09-25 21:12:54,373] {logging_mixin.py:115} INFO - [2022-09-25 21:12:54,373] {dag.py:2919} INFO - Setting next_dagrun for example_weekday_branch_operator to 2022-09-24T00:00:00+00:00, run_after=2022-09-25T00:00:00+00:00
[2022-09-25 21:12:54,380] {processor.py:161} INFO - Processing /home/airflow/.local/lib/python3.7/site-packages/airflow/example_dags/example_branch_day_of_week_operator.py took 0.051 seconds
[2022-09-25 21:13:24,973] {processor.py:153} INFO - Started process (PID=1923) to work on /home/airflow/.local/lib/python3.7/site-packages/airflow/example_dags/example_branch_day_of_week_operator.py
[2022-09-25 21:13:24,975] {processor.py:641} INFO - Processing file /home/airflow/.local/lib/python3.7/site-packages/airflow/example_dags/example_branch_day_of_week_operator.py for tasks to queue
[2022-09-25 21:13:24,976] {logging_mixin.py:115} INFO - [2022-09-25 21:13:24,976] {dagbag.py:507} INFO - Filling up the DagBag from /home/airflow/.local/lib/python3.7/site-packages/airflow/example_dags/example_branch_day_of_week_operator.py
[2022-09-25 21:13:24,980] {processor.py:651} INFO - DAG(s) dict_keys(['example_weekday_branch_operator']) retrieved from /home/airflow/.local/lib/python3.7/site-packages/airflow/example_dags/example_branch_day_of_week_operator.py
[2022-09-25 21:13:24,997] {logging_mixin.py:115} INFO - [2022-09-25 21:13:24,997] {dag.py:2371} INFO - Sync 1 DAGs
[2022-09-25 21:13:25,011] {logging_mixin.py:115} INFO - [2022-09-25 21:13:25,011] {dag.py:2919} INFO - Setting next_dagrun for example_weekday_branch_operator to 2022-09-24T00:00:00+00:00, run_after=2022-09-25T00:00:00+00:00
[2022-09-25 21:13:25,019] {processor.py:161} INFO - Processing /home/airflow/.local/lib/python3.7/site-packages/airflow/example_dags/example_branch_day_of_week_operator.py took 0.048 seconds
