[2022-09-25 20:58:00,381] {processor.py:153} INFO - Started process (PID=69) to work on /home/airflow/.local/lib/python3.7/site-packages/airflow/example_dags/example_dag_decorator.py
[2022-09-25 20:58:00,383] {processor.py:641} INFO - Processing file /home/airflow/.local/lib/python3.7/site-packages/airflow/example_dags/example_dag_decorator.py for tasks to queue
[2022-09-25 20:58:00,384] {logging_mixin.py:115} INFO - [2022-09-25 20:58:00,384] {dagbag.py:507} INFO - Filling up the DagBag from /home/airflow/.local/lib/python3.7/site-packages/airflow/example_dags/example_dag_decorator.py
[2022-09-25 20:58:00,416] {processor.py:651} INFO - DAG(s) dict_keys(['example_dag_decorator']) retrieved from /home/airflow/.local/lib/python3.7/site-packages/airflow/example_dags/example_dag_decorator.py
[2022-09-25 20:58:00,568] {logging_mixin.py:115} INFO - [2022-09-25 20:58:00,568] {manager.py:508} INFO - Created Permission View: can edit on DAG:example_dag_decorator
[2022-09-25 20:58:00,577] {logging_mixin.py:115} INFO - [2022-09-25 20:58:00,577] {manager.py:508} INFO - Created Permission View: can read on DAG:example_dag_decorator
[2022-09-25 20:58:00,582] {logging_mixin.py:115} INFO - [2022-09-25 20:58:00,582] {manager.py:508} INFO - Created Permission View: can delete on DAG:example_dag_decorator
[2022-09-25 20:58:00,583] {logging_mixin.py:115} INFO - [2022-09-25 20:58:00,583] {dag.py:2371} INFO - Sync 1 DAGs
[2022-09-25 20:58:00,590] {logging_mixin.py:115} INFO - [2022-09-25 20:58:00,590] {dag.py:2390} INFO - Creating ORM DAG for example_dag_decorator
[2022-09-25 20:58:00,602] {logging_mixin.py:115} INFO - [2022-09-25 20:58:00,602] {dag.py:2919} INFO - Setting next_dagrun for example_dag_decorator to None, run_after=None
[2022-09-25 20:58:00,624] {processor.py:161} INFO - Processing /home/airflow/.local/lib/python3.7/site-packages/airflow/example_dags/example_dag_decorator.py took 0.249 seconds
[2022-09-25 20:58:30,822] {processor.py:153} INFO - Started process (PID=132) to work on /home/airflow/.local/lib/python3.7/site-packages/airflow/example_dags/example_dag_decorator.py
[2022-09-25 20:58:30,823] {processor.py:641} INFO - Processing file /home/airflow/.local/lib/python3.7/site-packages/airflow/example_dags/example_dag_decorator.py for tasks to queue
[2022-09-25 20:58:30,824] {logging_mixin.py:115} INFO - [2022-09-25 20:58:30,824] {dagbag.py:507} INFO - Filling up the DagBag from /home/airflow/.local/lib/python3.7/site-packages/airflow/example_dags/example_dag_decorator.py
[2022-09-25 20:58:30,841] {processor.py:651} INFO - DAG(s) dict_keys(['example_dag_decorator']) retrieved from /home/airflow/.local/lib/python3.7/site-packages/airflow/example_dags/example_dag_decorator.py
[2022-09-25 20:58:30,954] {logging_mixin.py:115} INFO - [2022-09-25 20:58:30,954] {dag.py:2371} INFO - Sync 1 DAGs
[2022-09-25 20:58:30,963] {logging_mixin.py:115} INFO - [2022-09-25 20:58:30,963] {dag.py:2919} INFO - Setting next_dagrun for example_dag_decorator to None, run_after=None
[2022-09-25 20:58:30,970] {processor.py:161} INFO - Processing /home/airflow/.local/lib/python3.7/site-packages/airflow/example_dags/example_dag_decorator.py took 0.150 seconds
[2022-09-25 20:59:02,047] {processor.py:153} INFO - Started process (PID=195) to work on /home/airflow/.local/lib/python3.7/site-packages/airflow/example_dags/example_dag_decorator.py
[2022-09-25 20:59:02,054] {processor.py:641} INFO - Processing file /home/airflow/.local/lib/python3.7/site-packages/airflow/example_dags/example_dag_decorator.py for tasks to queue
[2022-09-25 20:59:02,062] {logging_mixin.py:115} INFO - [2022-09-25 20:59:02,062] {dagbag.py:507} INFO - Filling up the DagBag from /home/airflow/.local/lib/python3.7/site-packages/airflow/example_dags/example_dag_decorator.py
[2022-09-25 20:59:02,226] {processor.py:651} INFO - DAG(s) dict_keys(['example_dag_decorator']) retrieved from /home/airflow/.local/lib/python3.7/site-packages/airflow/example_dags/example_dag_decorator.py
[2022-09-25 20:59:02,628] {logging_mixin.py:115} INFO - [2022-09-25 20:59:02,627] {dag.py:2371} INFO - Sync 1 DAGs
[2022-09-25 20:59:02,660] {logging_mixin.py:115} INFO - [2022-09-25 20:59:02,660] {dag.py:2919} INFO - Setting next_dagrun for example_dag_decorator to None, run_after=None
[2022-09-25 20:59:02,682] {processor.py:161} INFO - Processing /home/airflow/.local/lib/python3.7/site-packages/airflow/example_dags/example_dag_decorator.py took 0.666 seconds
[2022-09-25 20:59:33,229] {processor.py:153} INFO - Started process (PID=257) to work on /home/airflow/.local/lib/python3.7/site-packages/airflow/example_dags/example_dag_decorator.py
[2022-09-25 20:59:33,231] {processor.py:641} INFO - Processing file /home/airflow/.local/lib/python3.7/site-packages/airflow/example_dags/example_dag_decorator.py for tasks to queue
[2022-09-25 20:59:33,233] {logging_mixin.py:115} INFO - [2022-09-25 20:59:33,233] {dagbag.py:507} INFO - Filling up the DagBag from /home/airflow/.local/lib/python3.7/site-packages/airflow/example_dags/example_dag_decorator.py
[2022-09-25 20:59:33,257] {processor.py:651} INFO - DAG(s) dict_keys(['example_dag_decorator']) retrieved from /home/airflow/.local/lib/python3.7/site-packages/airflow/example_dags/example_dag_decorator.py
[2022-09-25 20:59:33,422] {logging_mixin.py:115} INFO - [2022-09-25 20:59:33,422] {dag.py:2371} INFO - Sync 1 DAGs
[2022-09-25 20:59:33,434] {logging_mixin.py:115} INFO - [2022-09-25 20:59:33,434] {dag.py:2919} INFO - Setting next_dagrun for example_dag_decorator to None, run_after=None
[2022-09-25 20:59:33,443] {processor.py:161} INFO - Processing /home/airflow/.local/lib/python3.7/site-packages/airflow/example_dags/example_dag_decorator.py took 0.216 seconds
[2022-09-25 21:00:03,476] {processor.py:153} INFO - Started process (PID=313) to work on /home/airflow/.local/lib/python3.7/site-packages/airflow/example_dags/example_dag_decorator.py
[2022-09-25 21:00:03,478] {processor.py:641} INFO - Processing file /home/airflow/.local/lib/python3.7/site-packages/airflow/example_dags/example_dag_decorator.py for tasks to queue
[2022-09-25 21:00:03,479] {logging_mixin.py:115} INFO - [2022-09-25 21:00:03,479] {dagbag.py:507} INFO - Filling up the DagBag from /home/airflow/.local/lib/python3.7/site-packages/airflow/example_dags/example_dag_decorator.py
[2022-09-25 21:00:03,498] {processor.py:651} INFO - DAG(s) dict_keys(['example_dag_decorator']) retrieved from /home/airflow/.local/lib/python3.7/site-packages/airflow/example_dags/example_dag_decorator.py
[2022-09-25 21:00:03,648] {logging_mixin.py:115} INFO - [2022-09-25 21:00:03,648] {dag.py:2371} INFO - Sync 1 DAGs
[2022-09-25 21:00:03,661] {logging_mixin.py:115} INFO - [2022-09-25 21:00:03,661] {dag.py:2919} INFO - Setting next_dagrun for example_dag_decorator to None, run_after=None
[2022-09-25 21:00:03,673] {processor.py:161} INFO - Processing /home/airflow/.local/lib/python3.7/site-packages/airflow/example_dags/example_dag_decorator.py took 0.199 seconds
[2022-09-25 21:00:34,621] {processor.py:153} INFO - Started process (PID=376) to work on /home/airflow/.local/lib/python3.7/site-packages/airflow/example_dags/example_dag_decorator.py
[2022-09-25 21:00:34,623] {processor.py:641} INFO - Processing file /home/airflow/.local/lib/python3.7/site-packages/airflow/example_dags/example_dag_decorator.py for tasks to queue
[2022-09-25 21:00:34,626] {logging_mixin.py:115} INFO - [2022-09-25 21:00:34,626] {dagbag.py:507} INFO - Filling up the DagBag from /home/airflow/.local/lib/python3.7/site-packages/airflow/example_dags/example_dag_decorator.py
[2022-09-25 21:00:34,655] {processor.py:651} INFO - DAG(s) dict_keys(['example_dag_decorator']) retrieved from /home/airflow/.local/lib/python3.7/site-packages/airflow/example_dags/example_dag_decorator.py
[2022-09-25 21:00:34,816] {logging_mixin.py:115} INFO - [2022-09-25 21:00:34,816] {dag.py:2371} INFO - Sync 1 DAGs
[2022-09-25 21:00:34,828] {logging_mixin.py:115} INFO - [2022-09-25 21:00:34,828] {dag.py:2919} INFO - Setting next_dagrun for example_dag_decorator to None, run_after=None
[2022-09-25 21:00:34,842] {processor.py:161} INFO - Processing /home/airflow/.local/lib/python3.7/site-packages/airflow/example_dags/example_dag_decorator.py took 0.224 seconds
[2022-09-25 21:01:05,340] {processor.py:153} INFO - Started process (PID=439) to work on /home/airflow/.local/lib/python3.7/site-packages/airflow/example_dags/example_dag_decorator.py
[2022-09-25 21:01:05,342] {processor.py:641} INFO - Processing file /home/airflow/.local/lib/python3.7/site-packages/airflow/example_dags/example_dag_decorator.py for tasks to queue
[2022-09-25 21:01:05,344] {logging_mixin.py:115} INFO - [2022-09-25 21:01:05,343] {dagbag.py:507} INFO - Filling up the DagBag from /home/airflow/.local/lib/python3.7/site-packages/airflow/example_dags/example_dag_decorator.py
[2022-09-25 21:01:05,358] {processor.py:651} INFO - DAG(s) dict_keys(['example_dag_decorator']) retrieved from /home/airflow/.local/lib/python3.7/site-packages/airflow/example_dags/example_dag_decorator.py
[2022-09-25 21:01:05,468] {logging_mixin.py:115} INFO - [2022-09-25 21:01:05,468] {dag.py:2371} INFO - Sync 1 DAGs
[2022-09-25 21:01:05,477] {logging_mixin.py:115} INFO - [2022-09-25 21:01:05,477] {dag.py:2919} INFO - Setting next_dagrun for example_dag_decorator to None, run_after=None
[2022-09-25 21:01:05,483] {processor.py:161} INFO - Processing /home/airflow/.local/lib/python3.7/site-packages/airflow/example_dags/example_dag_decorator.py took 0.146 seconds
[2022-09-25 21:01:35,937] {processor.py:153} INFO - Started process (PID=502) to work on /home/airflow/.local/lib/python3.7/site-packages/airflow/example_dags/example_dag_decorator.py
[2022-09-25 21:01:35,938] {processor.py:641} INFO - Processing file /home/airflow/.local/lib/python3.7/site-packages/airflow/example_dags/example_dag_decorator.py for tasks to queue
[2022-09-25 21:01:35,939] {logging_mixin.py:115} INFO - [2022-09-25 21:01:35,939] {dagbag.py:507} INFO - Filling up the DagBag from /home/airflow/.local/lib/python3.7/site-packages/airflow/example_dags/example_dag_decorator.py
[2022-09-25 21:01:35,952] {processor.py:651} INFO - DAG(s) dict_keys(['example_dag_decorator']) retrieved from /home/airflow/.local/lib/python3.7/site-packages/airflow/example_dags/example_dag_decorator.py
[2022-09-25 21:01:36,081] {logging_mixin.py:115} INFO - [2022-09-25 21:01:36,081] {dag.py:2371} INFO - Sync 1 DAGs
[2022-09-25 21:01:36,092] {logging_mixin.py:115} INFO - [2022-09-25 21:01:36,092] {dag.py:2919} INFO - Setting next_dagrun for example_dag_decorator to None, run_after=None
[2022-09-25 21:01:36,100] {processor.py:161} INFO - Processing /home/airflow/.local/lib/python3.7/site-packages/airflow/example_dags/example_dag_decorator.py took 0.165 seconds
[2022-09-25 21:02:06,275] {processor.py:153} INFO - Started process (PID=565) to work on /home/airflow/.local/lib/python3.7/site-packages/airflow/example_dags/example_dag_decorator.py
[2022-09-25 21:02:06,277] {processor.py:641} INFO - Processing file /home/airflow/.local/lib/python3.7/site-packages/airflow/example_dags/example_dag_decorator.py for tasks to queue
[2022-09-25 21:02:06,278] {logging_mixin.py:115} INFO - [2022-09-25 21:02:06,278] {dagbag.py:507} INFO - Filling up the DagBag from /home/airflow/.local/lib/python3.7/site-packages/airflow/example_dags/example_dag_decorator.py
[2022-09-25 21:02:06,294] {processor.py:651} INFO - DAG(s) dict_keys(['example_dag_decorator']) retrieved from /home/airflow/.local/lib/python3.7/site-packages/airflow/example_dags/example_dag_decorator.py
[2022-09-25 21:02:06,418] {logging_mixin.py:115} INFO - [2022-09-25 21:02:06,418] {dag.py:2371} INFO - Sync 1 DAGs
[2022-09-25 21:02:06,428] {logging_mixin.py:115} INFO - [2022-09-25 21:02:06,428] {dag.py:2919} INFO - Setting next_dagrun for example_dag_decorator to None, run_after=None
[2022-09-25 21:02:06,436] {processor.py:161} INFO - Processing /home/airflow/.local/lib/python3.7/site-packages/airflow/example_dags/example_dag_decorator.py took 0.163 seconds
[2022-09-25 21:02:36,908] {processor.py:153} INFO - Started process (PID=619) to work on /home/airflow/.local/lib/python3.7/site-packages/airflow/example_dags/example_dag_decorator.py
[2022-09-25 21:02:36,909] {processor.py:641} INFO - Processing file /home/airflow/.local/lib/python3.7/site-packages/airflow/example_dags/example_dag_decorator.py for tasks to queue
[2022-09-25 21:02:36,910] {logging_mixin.py:115} INFO - [2022-09-25 21:02:36,910] {dagbag.py:507} INFO - Filling up the DagBag from /home/airflow/.local/lib/python3.7/site-packages/airflow/example_dags/example_dag_decorator.py
[2022-09-25 21:02:36,924] {processor.py:651} INFO - DAG(s) dict_keys(['example_dag_decorator']) retrieved from /home/airflow/.local/lib/python3.7/site-packages/airflow/example_dags/example_dag_decorator.py
[2022-09-25 21:02:37,096] {logging_mixin.py:115} INFO - [2022-09-25 21:02:37,096] {dag.py:2371} INFO - Sync 1 DAGs
[2022-09-25 21:02:37,112] {logging_mixin.py:115} INFO - [2022-09-25 21:02:37,112] {dag.py:2919} INFO - Setting next_dagrun for example_dag_decorator to None, run_after=None
[2022-09-25 21:02:37,124] {processor.py:161} INFO - Processing /home/airflow/.local/lib/python3.7/site-packages/airflow/example_dags/example_dag_decorator.py took 0.218 seconds
[2022-09-25 21:03:07,333] {processor.py:153} INFO - Started process (PID=684) to work on /home/airflow/.local/lib/python3.7/site-packages/airflow/example_dags/example_dag_decorator.py
[2022-09-25 21:03:07,334] {processor.py:641} INFO - Processing file /home/airflow/.local/lib/python3.7/site-packages/airflow/example_dags/example_dag_decorator.py for tasks to queue
[2022-09-25 21:03:07,335] {logging_mixin.py:115} INFO - [2022-09-25 21:03:07,334] {dagbag.py:507} INFO - Filling up the DagBag from /home/airflow/.local/lib/python3.7/site-packages/airflow/example_dags/example_dag_decorator.py
[2022-09-25 21:03:07,347] {processor.py:651} INFO - DAG(s) dict_keys(['example_dag_decorator']) retrieved from /home/airflow/.local/lib/python3.7/site-packages/airflow/example_dags/example_dag_decorator.py
[2022-09-25 21:03:07,383] {logging_mixin.py:115} INFO - [2022-09-25 21:03:07,383] {dag.py:2371} INFO - Sync 1 DAGs
[2022-09-25 21:03:07,393] {logging_mixin.py:115} INFO - [2022-09-25 21:03:07,393] {dag.py:2919} INFO - Setting next_dagrun for example_dag_decorator to None, run_after=None
[2022-09-25 21:03:07,401] {processor.py:161} INFO - Processing /home/airflow/.local/lib/python3.7/site-packages/airflow/example_dags/example_dag_decorator.py took 0.070 seconds
[2022-09-25 21:03:38,180] {processor.py:153} INFO - Started process (PID=747) to work on /home/airflow/.local/lib/python3.7/site-packages/airflow/example_dags/example_dag_decorator.py
[2022-09-25 21:03:38,182] {processor.py:641} INFO - Processing file /home/airflow/.local/lib/python3.7/site-packages/airflow/example_dags/example_dag_decorator.py for tasks to queue
[2022-09-25 21:03:38,184] {logging_mixin.py:115} INFO - [2022-09-25 21:03:38,184] {dagbag.py:507} INFO - Filling up the DagBag from /home/airflow/.local/lib/python3.7/site-packages/airflow/example_dags/example_dag_decorator.py
[2022-09-25 21:03:38,209] {processor.py:651} INFO - DAG(s) dict_keys(['example_dag_decorator']) retrieved from /home/airflow/.local/lib/python3.7/site-packages/airflow/example_dags/example_dag_decorator.py
[2022-09-25 21:03:38,278] {logging_mixin.py:115} INFO - [2022-09-25 21:03:38,278] {dag.py:2371} INFO - Sync 1 DAGs
[2022-09-25 21:03:38,315] {logging_mixin.py:115} INFO - [2022-09-25 21:03:38,315] {dag.py:2919} INFO - Setting next_dagrun for example_dag_decorator to None, run_after=None
[2022-09-25 21:03:38,342] {processor.py:161} INFO - Processing /home/airflow/.local/lib/python3.7/site-packages/airflow/example_dags/example_dag_decorator.py took 0.168 seconds
[2022-09-25 21:04:09,197] {processor.py:153} INFO - Started process (PID=810) to work on /home/airflow/.local/lib/python3.7/site-packages/airflow/example_dags/example_dag_decorator.py
[2022-09-25 21:04:09,198] {processor.py:641} INFO - Processing file /home/airflow/.local/lib/python3.7/site-packages/airflow/example_dags/example_dag_decorator.py for tasks to queue
[2022-09-25 21:04:09,199] {logging_mixin.py:115} INFO - [2022-09-25 21:04:09,199] {dagbag.py:507} INFO - Filling up the DagBag from /home/airflow/.local/lib/python3.7/site-packages/airflow/example_dags/example_dag_decorator.py
[2022-09-25 21:04:09,216] {processor.py:651} INFO - DAG(s) dict_keys(['example_dag_decorator']) retrieved from /home/airflow/.local/lib/python3.7/site-packages/airflow/example_dags/example_dag_decorator.py
[2022-09-25 21:04:09,254] {logging_mixin.py:115} INFO - [2022-09-25 21:04:09,254] {dag.py:2371} INFO - Sync 1 DAGs
[2022-09-25 21:04:09,264] {logging_mixin.py:115} INFO - [2022-09-25 21:04:09,264] {dag.py:2919} INFO - Setting next_dagrun for example_dag_decorator to None, run_after=None
[2022-09-25 21:04:09,271] {processor.py:161} INFO - Processing /home/airflow/.local/lib/python3.7/site-packages/airflow/example_dags/example_dag_decorator.py took 0.076 seconds
[2022-09-25 21:04:40,080] {processor.py:153} INFO - Started process (PID=873) to work on /home/airflow/.local/lib/python3.7/site-packages/airflow/example_dags/example_dag_decorator.py
[2022-09-25 21:04:40,081] {processor.py:641} INFO - Processing file /home/airflow/.local/lib/python3.7/site-packages/airflow/example_dags/example_dag_decorator.py for tasks to queue
[2022-09-25 21:04:40,081] {logging_mixin.py:115} INFO - [2022-09-25 21:04:40,081] {dagbag.py:507} INFO - Filling up the DagBag from /home/airflow/.local/lib/python3.7/site-packages/airflow/example_dags/example_dag_decorator.py
[2022-09-25 21:04:40,098] {processor.py:651} INFO - DAG(s) dict_keys(['example_dag_decorator']) retrieved from /home/airflow/.local/lib/python3.7/site-packages/airflow/example_dags/example_dag_decorator.py
[2022-09-25 21:04:40,141] {logging_mixin.py:115} INFO - [2022-09-25 21:04:40,141] {dag.py:2371} INFO - Sync 1 DAGs
[2022-09-25 21:04:40,155] {logging_mixin.py:115} INFO - [2022-09-25 21:04:40,155] {dag.py:2919} INFO - Setting next_dagrun for example_dag_decorator to None, run_after=None
[2022-09-25 21:04:40,164] {processor.py:161} INFO - Processing /home/airflow/.local/lib/python3.7/site-packages/airflow/example_dags/example_dag_decorator.py took 0.086 seconds
[2022-09-25 21:05:10,858] {processor.py:153} INFO - Started process (PID=936) to work on /home/airflow/.local/lib/python3.7/site-packages/airflow/example_dags/example_dag_decorator.py
[2022-09-25 21:05:10,859] {processor.py:641} INFO - Processing file /home/airflow/.local/lib/python3.7/site-packages/airflow/example_dags/example_dag_decorator.py for tasks to queue
[2022-09-25 21:05:10,860] {logging_mixin.py:115} INFO - [2022-09-25 21:05:10,859] {dagbag.py:507} INFO - Filling up the DagBag from /home/airflow/.local/lib/python3.7/site-packages/airflow/example_dags/example_dag_decorator.py
[2022-09-25 21:05:10,872] {processor.py:651} INFO - DAG(s) dict_keys(['example_dag_decorator']) retrieved from /home/airflow/.local/lib/python3.7/site-packages/airflow/example_dags/example_dag_decorator.py
[2022-09-25 21:05:10,913] {logging_mixin.py:115} INFO - [2022-09-25 21:05:10,912] {dag.py:2371} INFO - Sync 1 DAGs
[2022-09-25 21:05:10,923] {logging_mixin.py:115} INFO - [2022-09-25 21:05:10,923] {dag.py:2919} INFO - Setting next_dagrun for example_dag_decorator to None, run_after=None
[2022-09-25 21:05:10,930] {processor.py:161} INFO - Processing /home/airflow/.local/lib/python3.7/site-packages/airflow/example_dags/example_dag_decorator.py took 0.074 seconds
[2022-09-25 21:05:41,762] {processor.py:153} INFO - Started process (PID=1000) to work on /home/airflow/.local/lib/python3.7/site-packages/airflow/example_dags/example_dag_decorator.py
[2022-09-25 21:05:41,764] {processor.py:641} INFO - Processing file /home/airflow/.local/lib/python3.7/site-packages/airflow/example_dags/example_dag_decorator.py for tasks to queue
[2022-09-25 21:05:41,765] {logging_mixin.py:115} INFO - [2022-09-25 21:05:41,765] {dagbag.py:507} INFO - Filling up the DagBag from /home/airflow/.local/lib/python3.7/site-packages/airflow/example_dags/example_dag_decorator.py
[2022-09-25 21:05:41,782] {processor.py:651} INFO - DAG(s) dict_keys(['example_dag_decorator']) retrieved from /home/airflow/.local/lib/python3.7/site-packages/airflow/example_dags/example_dag_decorator.py
[2022-09-25 21:05:41,823] {logging_mixin.py:115} INFO - [2022-09-25 21:05:41,823] {dag.py:2371} INFO - Sync 1 DAGs
[2022-09-25 21:05:41,834] {logging_mixin.py:115} INFO - [2022-09-25 21:05:41,834] {dag.py:2919} INFO - Setting next_dagrun for example_dag_decorator to None, run_after=None
[2022-09-25 21:05:41,841] {processor.py:161} INFO - Processing /home/airflow/.local/lib/python3.7/site-packages/airflow/example_dags/example_dag_decorator.py took 0.082 seconds
[2022-09-25 21:06:12,604] {processor.py:153} INFO - Started process (PID=1054) to work on /home/airflow/.local/lib/python3.7/site-packages/airflow/example_dags/example_dag_decorator.py
[2022-09-25 21:06:12,605] {processor.py:641} INFO - Processing file /home/airflow/.local/lib/python3.7/site-packages/airflow/example_dags/example_dag_decorator.py for tasks to queue
[2022-09-25 21:06:12,608] {logging_mixin.py:115} INFO - [2022-09-25 21:06:12,608] {dagbag.py:507} INFO - Filling up the DagBag from /home/airflow/.local/lib/python3.7/site-packages/airflow/example_dags/example_dag_decorator.py
[2022-09-25 21:06:12,629] {processor.py:651} INFO - DAG(s) dict_keys(['example_dag_decorator']) retrieved from /home/airflow/.local/lib/python3.7/site-packages/airflow/example_dags/example_dag_decorator.py
[2022-09-25 21:06:12,676] {logging_mixin.py:115} INFO - [2022-09-25 21:06:12,676] {dag.py:2371} INFO - Sync 1 DAGs
[2022-09-25 21:06:12,688] {logging_mixin.py:115} INFO - [2022-09-25 21:06:12,688] {dag.py:2919} INFO - Setting next_dagrun for example_dag_decorator to None, run_after=None
[2022-09-25 21:06:12,698] {processor.py:161} INFO - Processing /home/airflow/.local/lib/python3.7/site-packages/airflow/example_dags/example_dag_decorator.py took 0.096 seconds
[2022-09-25 21:06:43,565] {processor.py:153} INFO - Started process (PID=1116) to work on /home/airflow/.local/lib/python3.7/site-packages/airflow/example_dags/example_dag_decorator.py
[2022-09-25 21:06:43,566] {processor.py:641} INFO - Processing file /home/airflow/.local/lib/python3.7/site-packages/airflow/example_dags/example_dag_decorator.py for tasks to queue
[2022-09-25 21:06:43,567] {logging_mixin.py:115} INFO - [2022-09-25 21:06:43,567] {dagbag.py:507} INFO - Filling up the DagBag from /home/airflow/.local/lib/python3.7/site-packages/airflow/example_dags/example_dag_decorator.py
[2022-09-25 21:06:43,582] {processor.py:651} INFO - DAG(s) dict_keys(['example_dag_decorator']) retrieved from /home/airflow/.local/lib/python3.7/site-packages/airflow/example_dags/example_dag_decorator.py
[2022-09-25 21:06:43,619] {logging_mixin.py:115} INFO - [2022-09-25 21:06:43,618] {dag.py:2371} INFO - Sync 1 DAGs
[2022-09-25 21:06:43,631] {logging_mixin.py:115} INFO - [2022-09-25 21:06:43,631] {dag.py:2919} INFO - Setting next_dagrun for example_dag_decorator to None, run_after=None
[2022-09-25 21:06:43,643] {processor.py:161} INFO - Processing /home/airflow/.local/lib/python3.7/site-packages/airflow/example_dags/example_dag_decorator.py took 0.080 seconds
[2022-09-25 21:07:14,507] {processor.py:153} INFO - Started process (PID=1179) to work on /home/airflow/.local/lib/python3.7/site-packages/airflow/example_dags/example_dag_decorator.py
[2022-09-25 21:07:14,509] {processor.py:641} INFO - Processing file /home/airflow/.local/lib/python3.7/site-packages/airflow/example_dags/example_dag_decorator.py for tasks to queue
[2022-09-25 21:07:14,510] {logging_mixin.py:115} INFO - [2022-09-25 21:07:14,510] {dagbag.py:507} INFO - Filling up the DagBag from /home/airflow/.local/lib/python3.7/site-packages/airflow/example_dags/example_dag_decorator.py
[2022-09-25 21:07:14,525] {processor.py:651} INFO - DAG(s) dict_keys(['example_dag_decorator']) retrieved from /home/airflow/.local/lib/python3.7/site-packages/airflow/example_dags/example_dag_decorator.py
[2022-09-25 21:07:14,581] {logging_mixin.py:115} INFO - [2022-09-25 21:07:14,581] {dag.py:2371} INFO - Sync 1 DAGs
[2022-09-25 21:07:14,596] {logging_mixin.py:115} INFO - [2022-09-25 21:07:14,596] {dag.py:2919} INFO - Setting next_dagrun for example_dag_decorator to None, run_after=None
[2022-09-25 21:07:14,605] {processor.py:161} INFO - Processing /home/airflow/.local/lib/python3.7/site-packages/airflow/example_dags/example_dag_decorator.py took 0.100 seconds
[2022-09-25 21:07:45,304] {processor.py:153} INFO - Started process (PID=1242) to work on /home/airflow/.local/lib/python3.7/site-packages/airflow/example_dags/example_dag_decorator.py
[2022-09-25 21:07:45,305] {processor.py:641} INFO - Processing file /home/airflow/.local/lib/python3.7/site-packages/airflow/example_dags/example_dag_decorator.py for tasks to queue
[2022-09-25 21:07:45,305] {logging_mixin.py:115} INFO - [2022-09-25 21:07:45,305] {dagbag.py:507} INFO - Filling up the DagBag from /home/airflow/.local/lib/python3.7/site-packages/airflow/example_dags/example_dag_decorator.py
[2022-09-25 21:07:45,319] {processor.py:651} INFO - DAG(s) dict_keys(['example_dag_decorator']) retrieved from /home/airflow/.local/lib/python3.7/site-packages/airflow/example_dags/example_dag_decorator.py
[2022-09-25 21:07:45,337] {logging_mixin.py:115} INFO - [2022-09-25 21:07:45,336] {dag.py:2371} INFO - Sync 1 DAGs
[2022-09-25 21:07:45,349] {logging_mixin.py:115} INFO - [2022-09-25 21:07:45,349] {dag.py:2919} INFO - Setting next_dagrun for example_dag_decorator to None, run_after=None
[2022-09-25 21:07:45,356] {processor.py:161} INFO - Processing /home/airflow/.local/lib/python3.7/site-packages/airflow/example_dags/example_dag_decorator.py took 0.054 seconds
[2022-09-25 21:08:15,470] {processor.py:153} INFO - Started process (PID=1305) to work on /home/airflow/.local/lib/python3.7/site-packages/airflow/example_dags/example_dag_decorator.py
[2022-09-25 21:08:15,471] {processor.py:641} INFO - Processing file /home/airflow/.local/lib/python3.7/site-packages/airflow/example_dags/example_dag_decorator.py for tasks to queue
[2022-09-25 21:08:15,472] {logging_mixin.py:115} INFO - [2022-09-25 21:08:15,472] {dagbag.py:507} INFO - Filling up the DagBag from /home/airflow/.local/lib/python3.7/site-packages/airflow/example_dags/example_dag_decorator.py
[2022-09-25 21:08:15,487] {processor.py:651} INFO - DAG(s) dict_keys(['example_dag_decorator']) retrieved from /home/airflow/.local/lib/python3.7/site-packages/airflow/example_dags/example_dag_decorator.py
[2022-09-25 21:08:15,519] {logging_mixin.py:115} INFO - [2022-09-25 21:08:15,519] {dag.py:2371} INFO - Sync 1 DAGs
[2022-09-25 21:08:15,528] {logging_mixin.py:115} INFO - [2022-09-25 21:08:15,528] {dag.py:2919} INFO - Setting next_dagrun for example_dag_decorator to None, run_after=None
[2022-09-25 21:08:15,535] {processor.py:161} INFO - Processing /home/airflow/.local/lib/python3.7/site-packages/airflow/example_dags/example_dag_decorator.py took 0.067 seconds
[2022-09-25 21:08:46,363] {processor.py:153} INFO - Started process (PID=1367) to work on /home/airflow/.local/lib/python3.7/site-packages/airflow/example_dags/example_dag_decorator.py
[2022-09-25 21:08:46,364] {processor.py:641} INFO - Processing file /home/airflow/.local/lib/python3.7/site-packages/airflow/example_dags/example_dag_decorator.py for tasks to queue
[2022-09-25 21:08:46,365] {logging_mixin.py:115} INFO - [2022-09-25 21:08:46,364] {dagbag.py:507} INFO - Filling up the DagBag from /home/airflow/.local/lib/python3.7/site-packages/airflow/example_dags/example_dag_decorator.py
[2022-09-25 21:08:46,380] {processor.py:651} INFO - DAG(s) dict_keys(['example_dag_decorator']) retrieved from /home/airflow/.local/lib/python3.7/site-packages/airflow/example_dags/example_dag_decorator.py
[2022-09-25 21:08:46,418] {logging_mixin.py:115} INFO - [2022-09-25 21:08:46,418] {dag.py:2371} INFO - Sync 1 DAGs
[2022-09-25 21:08:46,429] {logging_mixin.py:115} INFO - [2022-09-25 21:08:46,429] {dag.py:2919} INFO - Setting next_dagrun for example_dag_decorator to None, run_after=None
[2022-09-25 21:08:46,438] {processor.py:161} INFO - Processing /home/airflow/.local/lib/python3.7/site-packages/airflow/example_dags/example_dag_decorator.py took 0.078 seconds
[2022-09-25 21:09:17,430] {processor.py:153} INFO - Started process (PID=1421) to work on /home/airflow/.local/lib/python3.7/site-packages/airflow/example_dags/example_dag_decorator.py
[2022-09-25 21:09:17,433] {processor.py:641} INFO - Processing file /home/airflow/.local/lib/python3.7/site-packages/airflow/example_dags/example_dag_decorator.py for tasks to queue
[2022-09-25 21:09:17,437] {logging_mixin.py:115} INFO - [2022-09-25 21:09:17,436] {dagbag.py:507} INFO - Filling up the DagBag from /home/airflow/.local/lib/python3.7/site-packages/airflow/example_dags/example_dag_decorator.py
[2022-09-25 21:09:17,465] {processor.py:651} INFO - DAG(s) dict_keys(['example_dag_decorator']) retrieved from /home/airflow/.local/lib/python3.7/site-packages/airflow/example_dags/example_dag_decorator.py
[2022-09-25 21:09:17,502] {logging_mixin.py:115} INFO - [2022-09-25 21:09:17,502] {dag.py:2371} INFO - Sync 1 DAGs
[2022-09-25 21:09:17,513] {logging_mixin.py:115} INFO - [2022-09-25 21:09:17,513] {dag.py:2919} INFO - Setting next_dagrun for example_dag_decorator to None, run_after=None
[2022-09-25 21:09:17,522] {processor.py:161} INFO - Processing /home/airflow/.local/lib/python3.7/site-packages/airflow/example_dags/example_dag_decorator.py took 0.099 seconds
[2022-09-25 21:09:48,419] {processor.py:153} INFO - Started process (PID=1483) to work on /home/airflow/.local/lib/python3.7/site-packages/airflow/example_dags/example_dag_decorator.py
[2022-09-25 21:09:48,420] {processor.py:641} INFO - Processing file /home/airflow/.local/lib/python3.7/site-packages/airflow/example_dags/example_dag_decorator.py for tasks to queue
[2022-09-25 21:09:48,423] {logging_mixin.py:115} INFO - [2022-09-25 21:09:48,422] {dagbag.py:507} INFO - Filling up the DagBag from /home/airflow/.local/lib/python3.7/site-packages/airflow/example_dags/example_dag_decorator.py
[2022-09-25 21:09:48,461] {processor.py:651} INFO - DAG(s) dict_keys(['example_dag_decorator']) retrieved from /home/airflow/.local/lib/python3.7/site-packages/airflow/example_dags/example_dag_decorator.py
[2022-09-25 21:09:48,518] {logging_mixin.py:115} INFO - [2022-09-25 21:09:48,518] {dag.py:2371} INFO - Sync 1 DAGs
[2022-09-25 21:09:48,531] {logging_mixin.py:115} INFO - [2022-09-25 21:09:48,531] {dag.py:2919} INFO - Setting next_dagrun for example_dag_decorator to None, run_after=None
[2022-09-25 21:09:48,540] {processor.py:161} INFO - Processing /home/airflow/.local/lib/python3.7/site-packages/airflow/example_dags/example_dag_decorator.py took 0.125 seconds
[2022-09-25 21:10:19,340] {processor.py:153} INFO - Started process (PID=1547) to work on /home/airflow/.local/lib/python3.7/site-packages/airflow/example_dags/example_dag_decorator.py
[2022-09-25 21:10:19,343] {processor.py:641} INFO - Processing file /home/airflow/.local/lib/python3.7/site-packages/airflow/example_dags/example_dag_decorator.py for tasks to queue
[2022-09-25 21:10:19,345] {logging_mixin.py:115} INFO - [2022-09-25 21:10:19,345] {dagbag.py:507} INFO - Filling up the DagBag from /home/airflow/.local/lib/python3.7/site-packages/airflow/example_dags/example_dag_decorator.py
[2022-09-25 21:10:19,383] {processor.py:651} INFO - DAG(s) dict_keys(['example_dag_decorator']) retrieved from /home/airflow/.local/lib/python3.7/site-packages/airflow/example_dags/example_dag_decorator.py
[2022-09-25 21:10:19,403] {logging_mixin.py:115} INFO - [2022-09-25 21:10:19,403] {dag.py:2371} INFO - Sync 1 DAGs
[2022-09-25 21:10:19,416] {logging_mixin.py:115} INFO - [2022-09-25 21:10:19,416] {dag.py:2919} INFO - Setting next_dagrun for example_dag_decorator to None, run_after=None
[2022-09-25 21:10:19,424] {processor.py:161} INFO - Processing /home/airflow/.local/lib/python3.7/site-packages/airflow/example_dags/example_dag_decorator.py took 0.091 seconds
[2022-09-25 21:10:50,351] {processor.py:153} INFO - Started process (PID=1609) to work on /home/airflow/.local/lib/python3.7/site-packages/airflow/example_dags/example_dag_decorator.py
[2022-09-25 21:10:50,353] {processor.py:641} INFO - Processing file /home/airflow/.local/lib/python3.7/site-packages/airflow/example_dags/example_dag_decorator.py for tasks to queue
[2022-09-25 21:10:50,355] {logging_mixin.py:115} INFO - [2022-09-25 21:10:50,355] {dagbag.py:507} INFO - Filling up the DagBag from /home/airflow/.local/lib/python3.7/site-packages/airflow/example_dags/example_dag_decorator.py
[2022-09-25 21:10:50,395] {processor.py:651} INFO - DAG(s) dict_keys(['example_dag_decorator']) retrieved from /home/airflow/.local/lib/python3.7/site-packages/airflow/example_dags/example_dag_decorator.py
[2022-09-25 21:10:50,446] {logging_mixin.py:115} INFO - [2022-09-25 21:10:50,446] {dag.py:2371} INFO - Sync 1 DAGs
[2022-09-25 21:10:50,460] {logging_mixin.py:115} INFO - [2022-09-25 21:10:50,460] {dag.py:2919} INFO - Setting next_dagrun for example_dag_decorator to None, run_after=None
[2022-09-25 21:10:50,470] {processor.py:161} INFO - Processing /home/airflow/.local/lib/python3.7/site-packages/airflow/example_dags/example_dag_decorator.py took 0.125 seconds
[2022-09-25 21:11:21,271] {processor.py:153} INFO - Started process (PID=1672) to work on /home/airflow/.local/lib/python3.7/site-packages/airflow/example_dags/example_dag_decorator.py
[2022-09-25 21:11:21,274] {processor.py:641} INFO - Processing file /home/airflow/.local/lib/python3.7/site-packages/airflow/example_dags/example_dag_decorator.py for tasks to queue
[2022-09-25 21:11:21,276] {logging_mixin.py:115} INFO - [2022-09-25 21:11:21,276] {dagbag.py:507} INFO - Filling up the DagBag from /home/airflow/.local/lib/python3.7/site-packages/airflow/example_dags/example_dag_decorator.py
[2022-09-25 21:11:21,312] {processor.py:651} INFO - DAG(s) dict_keys(['example_dag_decorator']) retrieved from /home/airflow/.local/lib/python3.7/site-packages/airflow/example_dags/example_dag_decorator.py
[2022-09-25 21:11:21,354] {logging_mixin.py:115} INFO - [2022-09-25 21:11:21,354] {dag.py:2371} INFO - Sync 1 DAGs
[2022-09-25 21:11:21,365] {logging_mixin.py:115} INFO - [2022-09-25 21:11:21,365] {dag.py:2919} INFO - Setting next_dagrun for example_dag_decorator to None, run_after=None
[2022-09-25 21:11:21,373] {processor.py:161} INFO - Processing /home/airflow/.local/lib/python3.7/site-packages/airflow/example_dags/example_dag_decorator.py took 0.110 seconds
[2022-09-25 21:11:52,126] {processor.py:153} INFO - Started process (PID=1734) to work on /home/airflow/.local/lib/python3.7/site-packages/airflow/example_dags/example_dag_decorator.py
[2022-09-25 21:11:52,138] {processor.py:641} INFO - Processing file /home/airflow/.local/lib/python3.7/site-packages/airflow/example_dags/example_dag_decorator.py for tasks to queue
[2022-09-25 21:11:52,140] {logging_mixin.py:115} INFO - [2022-09-25 21:11:52,140] {dagbag.py:507} INFO - Filling up the DagBag from /home/airflow/.local/lib/python3.7/site-packages/airflow/example_dags/example_dag_decorator.py
[2022-09-25 21:11:52,187] {processor.py:651} INFO - DAG(s) dict_keys(['example_dag_decorator']) retrieved from /home/airflow/.local/lib/python3.7/site-packages/airflow/example_dags/example_dag_decorator.py
[2022-09-25 21:11:52,290] {logging_mixin.py:115} INFO - [2022-09-25 21:11:52,290] {dag.py:2371} INFO - Sync 1 DAGs
[2022-09-25 21:11:52,318] {logging_mixin.py:115} INFO - [2022-09-25 21:11:52,318] {dag.py:2919} INFO - Setting next_dagrun for example_dag_decorator to None, run_after=None
[2022-09-25 21:11:52,350] {processor.py:161} INFO - Processing /home/airflow/.local/lib/python3.7/site-packages/airflow/example_dags/example_dag_decorator.py took 0.228 seconds
[2022-09-25 21:12:23,303] {processor.py:153} INFO - Started process (PID=1789) to work on /home/airflow/.local/lib/python3.7/site-packages/airflow/example_dags/example_dag_decorator.py
[2022-09-25 21:12:23,305] {processor.py:641} INFO - Processing file /home/airflow/.local/lib/python3.7/site-packages/airflow/example_dags/example_dag_decorator.py for tasks to queue
[2022-09-25 21:12:23,306] {logging_mixin.py:115} INFO - [2022-09-25 21:12:23,305] {dagbag.py:507} INFO - Filling up the DagBag from /home/airflow/.local/lib/python3.7/site-packages/airflow/example_dags/example_dag_decorator.py
[2022-09-25 21:12:23,325] {processor.py:651} INFO - DAG(s) dict_keys(['example_dag_decorator']) retrieved from /home/airflow/.local/lib/python3.7/site-packages/airflow/example_dags/example_dag_decorator.py
[2022-09-25 21:12:23,361] {logging_mixin.py:115} INFO - [2022-09-25 21:12:23,361] {dag.py:2371} INFO - Sync 1 DAGs
[2022-09-25 21:12:23,374] {logging_mixin.py:115} INFO - [2022-09-25 21:12:23,374] {dag.py:2919} INFO - Setting next_dagrun for example_dag_decorator to None, run_after=None
[2022-09-25 21:12:23,383] {processor.py:161} INFO - Processing /home/airflow/.local/lib/python3.7/site-packages/airflow/example_dags/example_dag_decorator.py took 0.082 seconds
[2022-09-25 21:12:54,044] {processor.py:153} INFO - Started process (PID=1853) to work on /home/airflow/.local/lib/python3.7/site-packages/airflow/example_dags/example_dag_decorator.py
[2022-09-25 21:12:54,046] {processor.py:641} INFO - Processing file /home/airflow/.local/lib/python3.7/site-packages/airflow/example_dags/example_dag_decorator.py for tasks to queue
[2022-09-25 21:12:54,047] {logging_mixin.py:115} INFO - [2022-09-25 21:12:54,047] {dagbag.py:507} INFO - Filling up the DagBag from /home/airflow/.local/lib/python3.7/site-packages/airflow/example_dags/example_dag_decorator.py
[2022-09-25 21:12:54,069] {processor.py:651} INFO - DAG(s) dict_keys(['example_dag_decorator']) retrieved from /home/airflow/.local/lib/python3.7/site-packages/airflow/example_dags/example_dag_decorator.py
[2022-09-25 21:12:54,104] {logging_mixin.py:115} INFO - [2022-09-25 21:12:54,104] {dag.py:2371} INFO - Sync 1 DAGs
[2022-09-25 21:12:54,115] {logging_mixin.py:115} INFO - [2022-09-25 21:12:54,115] {dag.py:2919} INFO - Setting next_dagrun for example_dag_decorator to None, run_after=None
[2022-09-25 21:12:54,126] {processor.py:161} INFO - Processing /home/airflow/.local/lib/python3.7/site-packages/airflow/example_dags/example_dag_decorator.py took 0.086 seconds
[2022-09-25 21:13:24,711] {processor.py:153} INFO - Started process (PID=1916) to work on /home/airflow/.local/lib/python3.7/site-packages/airflow/example_dags/example_dag_decorator.py
[2022-09-25 21:13:24,713] {processor.py:641} INFO - Processing file /home/airflow/.local/lib/python3.7/site-packages/airflow/example_dags/example_dag_decorator.py for tasks to queue
[2022-09-25 21:13:24,717] {logging_mixin.py:115} INFO - [2022-09-25 21:13:24,717] {dagbag.py:507} INFO - Filling up the DagBag from /home/airflow/.local/lib/python3.7/site-packages/airflow/example_dags/example_dag_decorator.py
[2022-09-25 21:13:24,737] {processor.py:651} INFO - DAG(s) dict_keys(['example_dag_decorator']) retrieved from /home/airflow/.local/lib/python3.7/site-packages/airflow/example_dags/example_dag_decorator.py
[2022-09-25 21:13:24,775] {logging_mixin.py:115} INFO - [2022-09-25 21:13:24,775] {dag.py:2371} INFO - Sync 1 DAGs
[2022-09-25 21:13:24,787] {logging_mixin.py:115} INFO - [2022-09-25 21:13:24,787] {dag.py:2919} INFO - Setting next_dagrun for example_dag_decorator to None, run_after=None
[2022-09-25 21:13:24,796] {processor.py:161} INFO - Processing /home/airflow/.local/lib/python3.7/site-packages/airflow/example_dags/example_dag_decorator.py took 0.088 seconds
