[2022-09-25 20:57:59,768] {processor.py:153} INFO - Started process (PID=67) to work on /home/airflow/.local/lib/python3.7/site-packages/airflow/example_dags/tutorial_etl_dag.py
[2022-09-25 20:57:59,770] {processor.py:641} INFO - Processing file /home/airflow/.local/lib/python3.7/site-packages/airflow/example_dags/tutorial_etl_dag.py for tasks to queue
[2022-09-25 20:57:59,772] {logging_mixin.py:115} INFO - [2022-09-25 20:57:59,772] {dagbag.py:507} INFO - Filling up the DagBag from /home/airflow/.local/lib/python3.7/site-packages/airflow/example_dags/tutorial_etl_dag.py
[2022-09-25 20:57:59,804] {processor.py:651} INFO - DAG(s) dict_keys(['tutorial_etl_dag']) retrieved from /home/airflow/.local/lib/python3.7/site-packages/airflow/example_dags/tutorial_etl_dag.py
[2022-09-25 20:58:00,226] {logging_mixin.py:115} INFO - [2022-09-25 20:58:00,226] {manager.py:508} INFO - Created Permission View: can edit on DAG:tutorial_etl_dag
[2022-09-25 20:58:00,240] {logging_mixin.py:115} INFO - [2022-09-25 20:58:00,240] {manager.py:508} INFO - Created Permission View: can read on DAG:tutorial_etl_dag
[2022-09-25 20:58:00,250] {logging_mixin.py:115} INFO - [2022-09-25 20:58:00,250] {manager.py:508} INFO - Created Permission View: can delete on DAG:tutorial_etl_dag
[2022-09-25 20:58:00,252] {logging_mixin.py:115} INFO - [2022-09-25 20:58:00,252] {dag.py:2371} INFO - Sync 1 DAGs
[2022-09-25 20:58:00,268] {logging_mixin.py:115} INFO - [2022-09-25 20:58:00,268] {dag.py:2390} INFO - Creating ORM DAG for tutorial_etl_dag
[2022-09-25 20:58:00,288] {logging_mixin.py:115} INFO - [2022-09-25 20:58:00,288] {dag.py:2919} INFO - Setting next_dagrun for tutorial_etl_dag to None, run_after=None
[2022-09-25 20:58:00,317] {processor.py:161} INFO - Processing /home/airflow/.local/lib/python3.7/site-packages/airflow/example_dags/tutorial_etl_dag.py took 0.559 seconds
[2022-09-25 20:58:30,624] {processor.py:153} INFO - Started process (PID=130) to work on /home/airflow/.local/lib/python3.7/site-packages/airflow/example_dags/tutorial_etl_dag.py
[2022-09-25 20:58:30,625] {processor.py:641} INFO - Processing file /home/airflow/.local/lib/python3.7/site-packages/airflow/example_dags/tutorial_etl_dag.py for tasks to queue
[2022-09-25 20:58:30,626] {logging_mixin.py:115} INFO - [2022-09-25 20:58:30,626] {dagbag.py:507} INFO - Filling up the DagBag from /home/airflow/.local/lib/python3.7/site-packages/airflow/example_dags/tutorial_etl_dag.py
[2022-09-25 20:58:30,631] {processor.py:651} INFO - DAG(s) dict_keys(['tutorial_etl_dag']) retrieved from /home/airflow/.local/lib/python3.7/site-packages/airflow/example_dags/tutorial_etl_dag.py
[2022-09-25 20:58:30,647] {logging_mixin.py:115} INFO - [2022-09-25 20:58:30,647] {dag.py:2371} INFO - Sync 1 DAGs
[2022-09-25 20:58:30,669] {logging_mixin.py:115} INFO - [2022-09-25 20:58:30,669] {dag.py:2919} INFO - Setting next_dagrun for tutorial_etl_dag to None, run_after=None
[2022-09-25 20:58:30,793] {processor.py:161} INFO - Processing /home/airflow/.local/lib/python3.7/site-packages/airflow/example_dags/tutorial_etl_dag.py took 0.171 seconds
[2022-09-25 20:59:01,608] {processor.py:153} INFO - Started process (PID=193) to work on /home/airflow/.local/lib/python3.7/site-packages/airflow/example_dags/tutorial_etl_dag.py
[2022-09-25 20:59:01,613] {processor.py:641} INFO - Processing file /home/airflow/.local/lib/python3.7/site-packages/airflow/example_dags/tutorial_etl_dag.py for tasks to queue
[2022-09-25 20:59:01,616] {logging_mixin.py:115} INFO - [2022-09-25 20:59:01,615] {dagbag.py:507} INFO - Filling up the DagBag from /home/airflow/.local/lib/python3.7/site-packages/airflow/example_dags/tutorial_etl_dag.py
[2022-09-25 20:59:01,626] {processor.py:651} INFO - DAG(s) dict_keys(['tutorial_etl_dag']) retrieved from /home/airflow/.local/lib/python3.7/site-packages/airflow/example_dags/tutorial_etl_dag.py
[2022-09-25 20:59:01,665] {logging_mixin.py:115} INFO - [2022-09-25 20:59:01,664] {dag.py:2371} INFO - Sync 1 DAGs
[2022-09-25 20:59:01,696] {logging_mixin.py:115} INFO - [2022-09-25 20:59:01,696] {dag.py:2919} INFO - Setting next_dagrun for tutorial_etl_dag to None, run_after=None
[2022-09-25 20:59:01,960] {processor.py:161} INFO - Processing /home/airflow/.local/lib/python3.7/site-packages/airflow/example_dags/tutorial_etl_dag.py took 0.356 seconds
[2022-09-25 20:59:32,128] {processor.py:153} INFO - Started process (PID=249) to work on /home/airflow/.local/lib/python3.7/site-packages/airflow/example_dags/tutorial_etl_dag.py
[2022-09-25 20:59:32,129] {processor.py:641} INFO - Processing file /home/airflow/.local/lib/python3.7/site-packages/airflow/example_dags/tutorial_etl_dag.py for tasks to queue
[2022-09-25 20:59:32,130] {logging_mixin.py:115} INFO - [2022-09-25 20:59:32,130] {dagbag.py:507} INFO - Filling up the DagBag from /home/airflow/.local/lib/python3.7/site-packages/airflow/example_dags/tutorial_etl_dag.py
[2022-09-25 20:59:32,137] {processor.py:651} INFO - DAG(s) dict_keys(['tutorial_etl_dag']) retrieved from /home/airflow/.local/lib/python3.7/site-packages/airflow/example_dags/tutorial_etl_dag.py
[2022-09-25 20:59:32,156] {logging_mixin.py:115} INFO - [2022-09-25 20:59:32,156] {dag.py:2371} INFO - Sync 1 DAGs
[2022-09-25 20:59:32,172] {logging_mixin.py:115} INFO - [2022-09-25 20:59:32,172] {dag.py:2919} INFO - Setting next_dagrun for tutorial_etl_dag to None, run_after=None
[2022-09-25 20:59:32,255] {processor.py:161} INFO - Processing /home/airflow/.local/lib/python3.7/site-packages/airflow/example_dags/tutorial_etl_dag.py took 0.130 seconds
[2022-09-25 21:00:03,380] {processor.py:153} INFO - Started process (PID=311) to work on /home/airflow/.local/lib/python3.7/site-packages/airflow/example_dags/tutorial_etl_dag.py
[2022-09-25 21:00:03,382] {processor.py:641} INFO - Processing file /home/airflow/.local/lib/python3.7/site-packages/airflow/example_dags/tutorial_etl_dag.py for tasks to queue
[2022-09-25 21:00:03,384] {logging_mixin.py:115} INFO - [2022-09-25 21:00:03,384] {dagbag.py:507} INFO - Filling up the DagBag from /home/airflow/.local/lib/python3.7/site-packages/airflow/example_dags/tutorial_etl_dag.py
[2022-09-25 21:00:03,391] {processor.py:651} INFO - DAG(s) dict_keys(['tutorial_etl_dag']) retrieved from /home/airflow/.local/lib/python3.7/site-packages/airflow/example_dags/tutorial_etl_dag.py
[2022-09-25 21:00:03,413] {logging_mixin.py:115} INFO - [2022-09-25 21:00:03,413] {dag.py:2371} INFO - Sync 1 DAGs
[2022-09-25 21:00:03,433] {logging_mixin.py:115} INFO - [2022-09-25 21:00:03,433] {dag.py:2919} INFO - Setting next_dagrun for tutorial_etl_dag to None, run_after=None
[2022-09-25 21:00:03,553] {processor.py:161} INFO - Processing /home/airflow/.local/lib/python3.7/site-packages/airflow/example_dags/tutorial_etl_dag.py took 0.176 seconds
[2022-09-25 21:00:34,501] {processor.py:153} INFO - Started process (PID=374) to work on /home/airflow/.local/lib/python3.7/site-packages/airflow/example_dags/tutorial_etl_dag.py
[2022-09-25 21:00:34,504] {processor.py:641} INFO - Processing file /home/airflow/.local/lib/python3.7/site-packages/airflow/example_dags/tutorial_etl_dag.py for tasks to queue
[2022-09-25 21:00:34,505] {logging_mixin.py:115} INFO - [2022-09-25 21:00:34,505] {dagbag.py:507} INFO - Filling up the DagBag from /home/airflow/.local/lib/python3.7/site-packages/airflow/example_dags/tutorial_etl_dag.py
[2022-09-25 21:00:34,515] {processor.py:651} INFO - DAG(s) dict_keys(['tutorial_etl_dag']) retrieved from /home/airflow/.local/lib/python3.7/site-packages/airflow/example_dags/tutorial_etl_dag.py
[2022-09-25 21:00:34,544] {logging_mixin.py:115} INFO - [2022-09-25 21:00:34,544] {dag.py:2371} INFO - Sync 1 DAGs
[2022-09-25 21:00:34,566] {logging_mixin.py:115} INFO - [2022-09-25 21:00:34,565] {dag.py:2919} INFO - Setting next_dagrun for tutorial_etl_dag to None, run_after=None
[2022-09-25 21:00:34,697] {processor.py:161} INFO - Processing /home/airflow/.local/lib/python3.7/site-packages/airflow/example_dags/tutorial_etl_dag.py took 0.201 seconds
[2022-09-25 21:01:05,105] {processor.py:153} INFO - Started process (PID=437) to work on /home/airflow/.local/lib/python3.7/site-packages/airflow/example_dags/tutorial_etl_dag.py
[2022-09-25 21:01:05,107] {processor.py:641} INFO - Processing file /home/airflow/.local/lib/python3.7/site-packages/airflow/example_dags/tutorial_etl_dag.py for tasks to queue
[2022-09-25 21:01:05,110] {logging_mixin.py:115} INFO - [2022-09-25 21:01:05,110] {dagbag.py:507} INFO - Filling up the DagBag from /home/airflow/.local/lib/python3.7/site-packages/airflow/example_dags/tutorial_etl_dag.py
[2022-09-25 21:01:05,116] {processor.py:651} INFO - DAG(s) dict_keys(['tutorial_etl_dag']) retrieved from /home/airflow/.local/lib/python3.7/site-packages/airflow/example_dags/tutorial_etl_dag.py
[2022-09-25 21:01:05,136] {logging_mixin.py:115} INFO - [2022-09-25 21:01:05,136] {dag.py:2371} INFO - Sync 1 DAGs
[2022-09-25 21:01:05,151] {logging_mixin.py:115} INFO - [2022-09-25 21:01:05,151] {dag.py:2919} INFO - Setting next_dagrun for tutorial_etl_dag to None, run_after=None
[2022-09-25 21:01:05,248] {processor.py:161} INFO - Processing /home/airflow/.local/lib/python3.7/site-packages/airflow/example_dags/tutorial_etl_dag.py took 0.145 seconds
[2022-09-25 21:01:35,874] {processor.py:153} INFO - Started process (PID=500) to work on /home/airflow/.local/lib/python3.7/site-packages/airflow/example_dags/tutorial_etl_dag.py
[2022-09-25 21:01:35,875] {processor.py:641} INFO - Processing file /home/airflow/.local/lib/python3.7/site-packages/airflow/example_dags/tutorial_etl_dag.py for tasks to queue
[2022-09-25 21:01:35,876] {logging_mixin.py:115} INFO - [2022-09-25 21:01:35,876] {dagbag.py:507} INFO - Filling up the DagBag from /home/airflow/.local/lib/python3.7/site-packages/airflow/example_dags/tutorial_etl_dag.py
[2022-09-25 21:01:35,882] {processor.py:651} INFO - DAG(s) dict_keys(['tutorial_etl_dag']) retrieved from /home/airflow/.local/lib/python3.7/site-packages/airflow/example_dags/tutorial_etl_dag.py
[2022-09-25 21:01:35,898] {logging_mixin.py:115} INFO - [2022-09-25 21:01:35,898] {dag.py:2371} INFO - Sync 1 DAGs
[2022-09-25 21:01:35,912] {logging_mixin.py:115} INFO - [2022-09-25 21:01:35,912] {dag.py:2919} INFO - Setting next_dagrun for tutorial_etl_dag to None, run_after=None
[2022-09-25 21:01:36,001] {processor.py:161} INFO - Processing /home/airflow/.local/lib/python3.7/site-packages/airflow/example_dags/tutorial_etl_dag.py took 0.130 seconds
[2022-09-25 21:02:06,178] {processor.py:153} INFO - Started process (PID=564) to work on /home/airflow/.local/lib/python3.7/site-packages/airflow/example_dags/tutorial_etl_dag.py
[2022-09-25 21:02:06,179] {processor.py:641} INFO - Processing file /home/airflow/.local/lib/python3.7/site-packages/airflow/example_dags/tutorial_etl_dag.py for tasks to queue
[2022-09-25 21:02:06,180] {logging_mixin.py:115} INFO - [2022-09-25 21:02:06,180] {dagbag.py:507} INFO - Filling up the DagBag from /home/airflow/.local/lib/python3.7/site-packages/airflow/example_dags/tutorial_etl_dag.py
[2022-09-25 21:02:06,186] {processor.py:651} INFO - DAG(s) dict_keys(['tutorial_etl_dag']) retrieved from /home/airflow/.local/lib/python3.7/site-packages/airflow/example_dags/tutorial_etl_dag.py
[2022-09-25 21:02:06,206] {logging_mixin.py:115} INFO - [2022-09-25 21:02:06,206] {dag.py:2371} INFO - Sync 1 DAGs
[2022-09-25 21:02:06,222] {logging_mixin.py:115} INFO - [2022-09-25 21:02:06,222] {dag.py:2919} INFO - Setting next_dagrun for tutorial_etl_dag to None, run_after=None
[2022-09-25 21:02:06,323] {processor.py:161} INFO - Processing /home/airflow/.local/lib/python3.7/site-packages/airflow/example_dags/tutorial_etl_dag.py took 0.148 seconds
[2022-09-25 21:02:36,749] {processor.py:153} INFO - Started process (PID=617) to work on /home/airflow/.local/lib/python3.7/site-packages/airflow/example_dags/tutorial_etl_dag.py
[2022-09-25 21:02:36,751] {processor.py:641} INFO - Processing file /home/airflow/.local/lib/python3.7/site-packages/airflow/example_dags/tutorial_etl_dag.py for tasks to queue
[2022-09-25 21:02:36,751] {logging_mixin.py:115} INFO - [2022-09-25 21:02:36,751] {dagbag.py:507} INFO - Filling up the DagBag from /home/airflow/.local/lib/python3.7/site-packages/airflow/example_dags/tutorial_etl_dag.py
[2022-09-25 21:02:36,756] {processor.py:651} INFO - DAG(s) dict_keys(['tutorial_etl_dag']) retrieved from /home/airflow/.local/lib/python3.7/site-packages/airflow/example_dags/tutorial_etl_dag.py
[2022-09-25 21:02:36,773] {logging_mixin.py:115} INFO - [2022-09-25 21:02:36,773] {dag.py:2371} INFO - Sync 1 DAGs
[2022-09-25 21:02:36,789] {logging_mixin.py:115} INFO - [2022-09-25 21:02:36,789] {dag.py:2919} INFO - Setting next_dagrun for tutorial_etl_dag to None, run_after=None
[2022-09-25 21:02:36,879] {processor.py:161} INFO - Processing /home/airflow/.local/lib/python3.7/site-packages/airflow/example_dags/tutorial_etl_dag.py took 0.132 seconds
[2022-09-25 21:03:07,269] {processor.py:153} INFO - Started process (PID=682) to work on /home/airflow/.local/lib/python3.7/site-packages/airflow/example_dags/tutorial_etl_dag.py
[2022-09-25 21:03:07,270] {processor.py:641} INFO - Processing file /home/airflow/.local/lib/python3.7/site-packages/airflow/example_dags/tutorial_etl_dag.py for tasks to queue
[2022-09-25 21:03:07,271] {logging_mixin.py:115} INFO - [2022-09-25 21:03:07,271] {dagbag.py:507} INFO - Filling up the DagBag from /home/airflow/.local/lib/python3.7/site-packages/airflow/example_dags/tutorial_etl_dag.py
[2022-09-25 21:03:07,276] {processor.py:651} INFO - DAG(s) dict_keys(['tutorial_etl_dag']) retrieved from /home/airflow/.local/lib/python3.7/site-packages/airflow/example_dags/tutorial_etl_dag.py
[2022-09-25 21:03:07,293] {logging_mixin.py:115} INFO - [2022-09-25 21:03:07,293] {dag.py:2371} INFO - Sync 1 DAGs
[2022-09-25 21:03:07,307] {logging_mixin.py:115} INFO - [2022-09-25 21:03:07,307] {dag.py:2919} INFO - Setting next_dagrun for tutorial_etl_dag to None, run_after=None
[2022-09-25 21:03:07,314] {processor.py:161} INFO - Processing /home/airflow/.local/lib/python3.7/site-packages/airflow/example_dags/tutorial_etl_dag.py took 0.047 seconds
[2022-09-25 21:03:38,104] {processor.py:153} INFO - Started process (PID=745) to work on /home/airflow/.local/lib/python3.7/site-packages/airflow/example_dags/tutorial_etl_dag.py
[2022-09-25 21:03:38,106] {processor.py:641} INFO - Processing file /home/airflow/.local/lib/python3.7/site-packages/airflow/example_dags/tutorial_etl_dag.py for tasks to queue
[2022-09-25 21:03:38,106] {logging_mixin.py:115} INFO - [2022-09-25 21:03:38,106] {dagbag.py:507} INFO - Filling up the DagBag from /home/airflow/.local/lib/python3.7/site-packages/airflow/example_dags/tutorial_etl_dag.py
[2022-09-25 21:03:38,110] {processor.py:651} INFO - DAG(s) dict_keys(['tutorial_etl_dag']) retrieved from /home/airflow/.local/lib/python3.7/site-packages/airflow/example_dags/tutorial_etl_dag.py
[2022-09-25 21:03:38,128] {logging_mixin.py:115} INFO - [2022-09-25 21:03:38,128] {dag.py:2371} INFO - Sync 1 DAGs
[2022-09-25 21:03:38,142] {logging_mixin.py:115} INFO - [2022-09-25 21:03:38,142] {dag.py:2919} INFO - Setting next_dagrun for tutorial_etl_dag to None, run_after=None
[2022-09-25 21:03:38,149] {processor.py:161} INFO - Processing /home/airflow/.local/lib/python3.7/site-packages/airflow/example_dags/tutorial_etl_dag.py took 0.046 seconds
[2022-09-25 21:04:09,131] {processor.py:153} INFO - Started process (PID=808) to work on /home/airflow/.local/lib/python3.7/site-packages/airflow/example_dags/tutorial_etl_dag.py
[2022-09-25 21:04:09,132] {processor.py:641} INFO - Processing file /home/airflow/.local/lib/python3.7/site-packages/airflow/example_dags/tutorial_etl_dag.py for tasks to queue
[2022-09-25 21:04:09,134] {logging_mixin.py:115} INFO - [2022-09-25 21:04:09,133] {dagbag.py:507} INFO - Filling up the DagBag from /home/airflow/.local/lib/python3.7/site-packages/airflow/example_dags/tutorial_etl_dag.py
[2022-09-25 21:04:09,139] {processor.py:651} INFO - DAG(s) dict_keys(['tutorial_etl_dag']) retrieved from /home/airflow/.local/lib/python3.7/site-packages/airflow/example_dags/tutorial_etl_dag.py
[2022-09-25 21:04:09,158] {logging_mixin.py:115} INFO - [2022-09-25 21:04:09,158] {dag.py:2371} INFO - Sync 1 DAGs
[2022-09-25 21:04:09,172] {logging_mixin.py:115} INFO - [2022-09-25 21:04:09,172] {dag.py:2919} INFO - Setting next_dagrun for tutorial_etl_dag to None, run_after=None
[2022-09-25 21:04:09,180] {processor.py:161} INFO - Processing /home/airflow/.local/lib/python3.7/site-packages/airflow/example_dags/tutorial_etl_dag.py took 0.051 seconds
[2022-09-25 21:04:40,010] {processor.py:153} INFO - Started process (PID=871) to work on /home/airflow/.local/lib/python3.7/site-packages/airflow/example_dags/tutorial_etl_dag.py
[2022-09-25 21:04:40,011] {processor.py:641} INFO - Processing file /home/airflow/.local/lib/python3.7/site-packages/airflow/example_dags/tutorial_etl_dag.py for tasks to queue
[2022-09-25 21:04:40,012] {logging_mixin.py:115} INFO - [2022-09-25 21:04:40,012] {dagbag.py:507} INFO - Filling up the DagBag from /home/airflow/.local/lib/python3.7/site-packages/airflow/example_dags/tutorial_etl_dag.py
[2022-09-25 21:04:40,017] {processor.py:651} INFO - DAG(s) dict_keys(['tutorial_etl_dag']) retrieved from /home/airflow/.local/lib/python3.7/site-packages/airflow/example_dags/tutorial_etl_dag.py
[2022-09-25 21:04:40,033] {logging_mixin.py:115} INFO - [2022-09-25 21:04:40,033] {dag.py:2371} INFO - Sync 1 DAGs
[2022-09-25 21:04:40,047] {logging_mixin.py:115} INFO - [2022-09-25 21:04:40,047] {dag.py:2919} INFO - Setting next_dagrun for tutorial_etl_dag to None, run_after=None
[2022-09-25 21:04:40,060] {processor.py:161} INFO - Processing /home/airflow/.local/lib/python3.7/site-packages/airflow/example_dags/tutorial_etl_dag.py took 0.052 seconds
[2022-09-25 21:05:10,796] {processor.py:153} INFO - Started process (PID=934) to work on /home/airflow/.local/lib/python3.7/site-packages/airflow/example_dags/tutorial_etl_dag.py
[2022-09-25 21:05:10,798] {processor.py:641} INFO - Processing file /home/airflow/.local/lib/python3.7/site-packages/airflow/example_dags/tutorial_etl_dag.py for tasks to queue
[2022-09-25 21:05:10,799] {logging_mixin.py:115} INFO - [2022-09-25 21:05:10,799] {dagbag.py:507} INFO - Filling up the DagBag from /home/airflow/.local/lib/python3.7/site-packages/airflow/example_dags/tutorial_etl_dag.py
[2022-09-25 21:05:10,804] {processor.py:651} INFO - DAG(s) dict_keys(['tutorial_etl_dag']) retrieved from /home/airflow/.local/lib/python3.7/site-packages/airflow/example_dags/tutorial_etl_dag.py
[2022-09-25 21:05:10,819] {logging_mixin.py:115} INFO - [2022-09-25 21:05:10,819] {dag.py:2371} INFO - Sync 1 DAGs
[2022-09-25 21:05:10,834] {logging_mixin.py:115} INFO - [2022-09-25 21:05:10,834] {dag.py:2919} INFO - Setting next_dagrun for tutorial_etl_dag to None, run_after=None
[2022-09-25 21:05:10,841] {processor.py:161} INFO - Processing /home/airflow/.local/lib/python3.7/site-packages/airflow/example_dags/tutorial_etl_dag.py took 0.046 seconds
[2022-09-25 21:05:41,676] {processor.py:153} INFO - Started process (PID=998) to work on /home/airflow/.local/lib/python3.7/site-packages/airflow/example_dags/tutorial_etl_dag.py
[2022-09-25 21:05:41,678] {processor.py:641} INFO - Processing file /home/airflow/.local/lib/python3.7/site-packages/airflow/example_dags/tutorial_etl_dag.py for tasks to queue
[2022-09-25 21:05:41,679] {logging_mixin.py:115} INFO - [2022-09-25 21:05:41,678] {dagbag.py:507} INFO - Filling up the DagBag from /home/airflow/.local/lib/python3.7/site-packages/airflow/example_dags/tutorial_etl_dag.py
[2022-09-25 21:05:41,684] {processor.py:651} INFO - DAG(s) dict_keys(['tutorial_etl_dag']) retrieved from /home/airflow/.local/lib/python3.7/site-packages/airflow/example_dags/tutorial_etl_dag.py
[2022-09-25 21:05:41,713] {logging_mixin.py:115} INFO - [2022-09-25 21:05:41,713] {dag.py:2371} INFO - Sync 1 DAGs
[2022-09-25 21:05:41,730] {logging_mixin.py:115} INFO - [2022-09-25 21:05:41,730] {dag.py:2919} INFO - Setting next_dagrun for tutorial_etl_dag to None, run_after=None
[2022-09-25 21:05:41,740] {processor.py:161} INFO - Processing /home/airflow/.local/lib/python3.7/site-packages/airflow/example_dags/tutorial_etl_dag.py took 0.066 seconds
[2022-09-25 21:06:12,529] {processor.py:153} INFO - Started process (PID=1052) to work on /home/airflow/.local/lib/python3.7/site-packages/airflow/example_dags/tutorial_etl_dag.py
[2022-09-25 21:06:12,530] {processor.py:641} INFO - Processing file /home/airflow/.local/lib/python3.7/site-packages/airflow/example_dags/tutorial_etl_dag.py for tasks to queue
[2022-09-25 21:06:12,531] {logging_mixin.py:115} INFO - [2022-09-25 21:06:12,531] {dagbag.py:507} INFO - Filling up the DagBag from /home/airflow/.local/lib/python3.7/site-packages/airflow/example_dags/tutorial_etl_dag.py
[2022-09-25 21:06:12,537] {processor.py:651} INFO - DAG(s) dict_keys(['tutorial_etl_dag']) retrieved from /home/airflow/.local/lib/python3.7/site-packages/airflow/example_dags/tutorial_etl_dag.py
[2022-09-25 21:06:12,556] {logging_mixin.py:115} INFO - [2022-09-25 21:06:12,556] {dag.py:2371} INFO - Sync 1 DAGs
[2022-09-25 21:06:12,575] {logging_mixin.py:115} INFO - [2022-09-25 21:06:12,575] {dag.py:2919} INFO - Setting next_dagrun for tutorial_etl_dag to None, run_after=None
[2022-09-25 21:06:12,584] {processor.py:161} INFO - Processing /home/airflow/.local/lib/python3.7/site-packages/airflow/example_dags/tutorial_etl_dag.py took 0.058 seconds
[2022-09-25 21:06:43,501] {processor.py:153} INFO - Started process (PID=1114) to work on /home/airflow/.local/lib/python3.7/site-packages/airflow/example_dags/tutorial_etl_dag.py
[2022-09-25 21:06:43,502] {processor.py:641} INFO - Processing file /home/airflow/.local/lib/python3.7/site-packages/airflow/example_dags/tutorial_etl_dag.py for tasks to queue
[2022-09-25 21:06:43,503] {logging_mixin.py:115} INFO - [2022-09-25 21:06:43,503] {dagbag.py:507} INFO - Filling up the DagBag from /home/airflow/.local/lib/python3.7/site-packages/airflow/example_dags/tutorial_etl_dag.py
[2022-09-25 21:06:43,508] {processor.py:651} INFO - DAG(s) dict_keys(['tutorial_etl_dag']) retrieved from /home/airflow/.local/lib/python3.7/site-packages/airflow/example_dags/tutorial_etl_dag.py
[2022-09-25 21:06:43,527] {logging_mixin.py:115} INFO - [2022-09-25 21:06:43,527] {dag.py:2371} INFO - Sync 1 DAGs
[2022-09-25 21:06:43,541] {logging_mixin.py:115} INFO - [2022-09-25 21:06:43,541] {dag.py:2919} INFO - Setting next_dagrun for tutorial_etl_dag to None, run_after=None
[2022-09-25 21:06:43,548] {processor.py:161} INFO - Processing /home/airflow/.local/lib/python3.7/site-packages/airflow/example_dags/tutorial_etl_dag.py took 0.049 seconds
[2022-09-25 21:07:14,443] {processor.py:153} INFO - Started process (PID=1177) to work on /home/airflow/.local/lib/python3.7/site-packages/airflow/example_dags/tutorial_etl_dag.py
[2022-09-25 21:07:14,445] {processor.py:641} INFO - Processing file /home/airflow/.local/lib/python3.7/site-packages/airflow/example_dags/tutorial_etl_dag.py for tasks to queue
[2022-09-25 21:07:14,445] {logging_mixin.py:115} INFO - [2022-09-25 21:07:14,445] {dagbag.py:507} INFO - Filling up the DagBag from /home/airflow/.local/lib/python3.7/site-packages/airflow/example_dags/tutorial_etl_dag.py
[2022-09-25 21:07:14,450] {processor.py:651} INFO - DAG(s) dict_keys(['tutorial_etl_dag']) retrieved from /home/airflow/.local/lib/python3.7/site-packages/airflow/example_dags/tutorial_etl_dag.py
[2022-09-25 21:07:14,467] {logging_mixin.py:115} INFO - [2022-09-25 21:07:14,467] {dag.py:2371} INFO - Sync 1 DAGs
[2022-09-25 21:07:14,482] {logging_mixin.py:115} INFO - [2022-09-25 21:07:14,482] {dag.py:2919} INFO - Setting next_dagrun for tutorial_etl_dag to None, run_after=None
[2022-09-25 21:07:14,490] {processor.py:161} INFO - Processing /home/airflow/.local/lib/python3.7/site-packages/airflow/example_dags/tutorial_etl_dag.py took 0.048 seconds
[2022-09-25 21:07:45,184] {processor.py:153} INFO - Started process (PID=1240) to work on /home/airflow/.local/lib/python3.7/site-packages/airflow/example_dags/tutorial_etl_dag.py
[2022-09-25 21:07:45,185] {processor.py:641} INFO - Processing file /home/airflow/.local/lib/python3.7/site-packages/airflow/example_dags/tutorial_etl_dag.py for tasks to queue
[2022-09-25 21:07:45,186] {logging_mixin.py:115} INFO - [2022-09-25 21:07:45,186] {dagbag.py:507} INFO - Filling up the DagBag from /home/airflow/.local/lib/python3.7/site-packages/airflow/example_dags/tutorial_etl_dag.py
[2022-09-25 21:07:45,190] {processor.py:651} INFO - DAG(s) dict_keys(['tutorial_etl_dag']) retrieved from /home/airflow/.local/lib/python3.7/site-packages/airflow/example_dags/tutorial_etl_dag.py
[2022-09-25 21:07:45,207] {logging_mixin.py:115} INFO - [2022-09-25 21:07:45,207] {dag.py:2371} INFO - Sync 1 DAGs
[2022-09-25 21:07:45,221] {logging_mixin.py:115} INFO - [2022-09-25 21:07:45,221] {dag.py:2919} INFO - Setting next_dagrun for tutorial_etl_dag to None, run_after=None
[2022-09-25 21:07:45,228] {processor.py:161} INFO - Processing /home/airflow/.local/lib/python3.7/site-packages/airflow/example_dags/tutorial_etl_dag.py took 0.047 seconds
[2022-09-25 21:08:15,409] {processor.py:153} INFO - Started process (PID=1303) to work on /home/airflow/.local/lib/python3.7/site-packages/airflow/example_dags/tutorial_etl_dag.py
[2022-09-25 21:08:15,410] {processor.py:641} INFO - Processing file /home/airflow/.local/lib/python3.7/site-packages/airflow/example_dags/tutorial_etl_dag.py for tasks to queue
[2022-09-25 21:08:15,410] {logging_mixin.py:115} INFO - [2022-09-25 21:08:15,410] {dagbag.py:507} INFO - Filling up the DagBag from /home/airflow/.local/lib/python3.7/site-packages/airflow/example_dags/tutorial_etl_dag.py
[2022-09-25 21:08:15,417] {processor.py:651} INFO - DAG(s) dict_keys(['tutorial_etl_dag']) retrieved from /home/airflow/.local/lib/python3.7/site-packages/airflow/example_dags/tutorial_etl_dag.py
[2022-09-25 21:08:15,431] {logging_mixin.py:115} INFO - [2022-09-25 21:08:15,431] {dag.py:2371} INFO - Sync 1 DAGs
[2022-09-25 21:08:15,445] {logging_mixin.py:115} INFO - [2022-09-25 21:08:15,445] {dag.py:2919} INFO - Setting next_dagrun for tutorial_etl_dag to None, run_after=None
[2022-09-25 21:08:15,453] {processor.py:161} INFO - Processing /home/airflow/.local/lib/python3.7/site-packages/airflow/example_dags/tutorial_etl_dag.py took 0.046 seconds
[2022-09-25 21:08:46,294] {processor.py:153} INFO - Started process (PID=1365) to work on /home/airflow/.local/lib/python3.7/site-packages/airflow/example_dags/tutorial_etl_dag.py
[2022-09-25 21:08:46,296] {processor.py:641} INFO - Processing file /home/airflow/.local/lib/python3.7/site-packages/airflow/example_dags/tutorial_etl_dag.py for tasks to queue
[2022-09-25 21:08:46,296] {logging_mixin.py:115} INFO - [2022-09-25 21:08:46,296] {dagbag.py:507} INFO - Filling up the DagBag from /home/airflow/.local/lib/python3.7/site-packages/airflow/example_dags/tutorial_etl_dag.py
[2022-09-25 21:08:46,302] {processor.py:651} INFO - DAG(s) dict_keys(['tutorial_etl_dag']) retrieved from /home/airflow/.local/lib/python3.7/site-packages/airflow/example_dags/tutorial_etl_dag.py
[2022-09-25 21:08:46,320] {logging_mixin.py:115} INFO - [2022-09-25 21:08:46,320] {dag.py:2371} INFO - Sync 1 DAGs
[2022-09-25 21:08:46,335] {logging_mixin.py:115} INFO - [2022-09-25 21:08:46,335] {dag.py:2919} INFO - Setting next_dagrun for tutorial_etl_dag to None, run_after=None
[2022-09-25 21:08:46,343] {processor.py:161} INFO - Processing /home/airflow/.local/lib/python3.7/site-packages/airflow/example_dags/tutorial_etl_dag.py took 0.051 seconds
[2022-09-25 21:09:16,383] {processor.py:153} INFO - Started process (PID=1419) to work on /home/airflow/.local/lib/python3.7/site-packages/airflow/example_dags/tutorial_etl_dag.py
[2022-09-25 21:09:16,384] {processor.py:641} INFO - Processing file /home/airflow/.local/lib/python3.7/site-packages/airflow/example_dags/tutorial_etl_dag.py for tasks to queue
[2022-09-25 21:09:16,385] {logging_mixin.py:115} INFO - [2022-09-25 21:09:16,385] {dagbag.py:507} INFO - Filling up the DagBag from /home/airflow/.local/lib/python3.7/site-packages/airflow/example_dags/tutorial_etl_dag.py
[2022-09-25 21:09:16,391] {processor.py:651} INFO - DAG(s) dict_keys(['tutorial_etl_dag']) retrieved from /home/airflow/.local/lib/python3.7/site-packages/airflow/example_dags/tutorial_etl_dag.py
[2022-09-25 21:09:16,407] {logging_mixin.py:115} INFO - [2022-09-25 21:09:16,407] {dag.py:2371} INFO - Sync 1 DAGs
[2022-09-25 21:09:16,421] {logging_mixin.py:115} INFO - [2022-09-25 21:09:16,421] {dag.py:2919} INFO - Setting next_dagrun for tutorial_etl_dag to None, run_after=None
[2022-09-25 21:09:16,429] {processor.py:161} INFO - Processing /home/airflow/.local/lib/python3.7/site-packages/airflow/example_dags/tutorial_etl_dag.py took 0.048 seconds
[2022-09-25 21:09:47,337] {processor.py:153} INFO - Started process (PID=1481) to work on /home/airflow/.local/lib/python3.7/site-packages/airflow/example_dags/tutorial_etl_dag.py
[2022-09-25 21:09:47,339] {processor.py:641} INFO - Processing file /home/airflow/.local/lib/python3.7/site-packages/airflow/example_dags/tutorial_etl_dag.py for tasks to queue
[2022-09-25 21:09:47,339] {logging_mixin.py:115} INFO - [2022-09-25 21:09:47,339] {dagbag.py:507} INFO - Filling up the DagBag from /home/airflow/.local/lib/python3.7/site-packages/airflow/example_dags/tutorial_etl_dag.py
[2022-09-25 21:09:47,344] {processor.py:651} INFO - DAG(s) dict_keys(['tutorial_etl_dag']) retrieved from /home/airflow/.local/lib/python3.7/site-packages/airflow/example_dags/tutorial_etl_dag.py
[2022-09-25 21:09:47,361] {logging_mixin.py:115} INFO - [2022-09-25 21:09:47,361] {dag.py:2371} INFO - Sync 1 DAGs
[2022-09-25 21:09:47,377] {logging_mixin.py:115} INFO - [2022-09-25 21:09:47,377] {dag.py:2919} INFO - Setting next_dagrun for tutorial_etl_dag to None, run_after=None
[2022-09-25 21:09:47,384] {processor.py:161} INFO - Processing /home/airflow/.local/lib/python3.7/site-packages/airflow/example_dags/tutorial_etl_dag.py took 0.048 seconds
[2022-09-25 21:10:18,217] {processor.py:153} INFO - Started process (PID=1545) to work on /home/airflow/.local/lib/python3.7/site-packages/airflow/example_dags/tutorial_etl_dag.py
[2022-09-25 21:10:18,218] {processor.py:641} INFO - Processing file /home/airflow/.local/lib/python3.7/site-packages/airflow/example_dags/tutorial_etl_dag.py for tasks to queue
[2022-09-25 21:10:18,219] {logging_mixin.py:115} INFO - [2022-09-25 21:10:18,219] {dagbag.py:507} INFO - Filling up the DagBag from /home/airflow/.local/lib/python3.7/site-packages/airflow/example_dags/tutorial_etl_dag.py
[2022-09-25 21:10:18,223] {processor.py:651} INFO - DAG(s) dict_keys(['tutorial_etl_dag']) retrieved from /home/airflow/.local/lib/python3.7/site-packages/airflow/example_dags/tutorial_etl_dag.py
[2022-09-25 21:10:18,242] {logging_mixin.py:115} INFO - [2022-09-25 21:10:18,242] {dag.py:2371} INFO - Sync 1 DAGs
[2022-09-25 21:10:18,260] {logging_mixin.py:115} INFO - [2022-09-25 21:10:18,260] {dag.py:2919} INFO - Setting next_dagrun for tutorial_etl_dag to None, run_after=None
[2022-09-25 21:10:18,267] {processor.py:161} INFO - Processing /home/airflow/.local/lib/python3.7/site-packages/airflow/example_dags/tutorial_etl_dag.py took 0.052 seconds
[2022-09-25 21:10:49,258] {processor.py:153} INFO - Started process (PID=1607) to work on /home/airflow/.local/lib/python3.7/site-packages/airflow/example_dags/tutorial_etl_dag.py
[2022-09-25 21:10:49,260] {processor.py:641} INFO - Processing file /home/airflow/.local/lib/python3.7/site-packages/airflow/example_dags/tutorial_etl_dag.py for tasks to queue
[2022-09-25 21:10:49,261] {logging_mixin.py:115} INFO - [2022-09-25 21:10:49,261] {dagbag.py:507} INFO - Filling up the DagBag from /home/airflow/.local/lib/python3.7/site-packages/airflow/example_dags/tutorial_etl_dag.py
[2022-09-25 21:10:49,266] {processor.py:651} INFO - DAG(s) dict_keys(['tutorial_etl_dag']) retrieved from /home/airflow/.local/lib/python3.7/site-packages/airflow/example_dags/tutorial_etl_dag.py
[2022-09-25 21:10:49,282] {logging_mixin.py:115} INFO - [2022-09-25 21:10:49,282] {dag.py:2371} INFO - Sync 1 DAGs
[2022-09-25 21:10:49,296] {logging_mixin.py:115} INFO - [2022-09-25 21:10:49,296] {dag.py:2919} INFO - Setting next_dagrun for tutorial_etl_dag to None, run_after=None
[2022-09-25 21:10:49,304] {processor.py:161} INFO - Processing /home/airflow/.local/lib/python3.7/site-packages/airflow/example_dags/tutorial_etl_dag.py took 0.048 seconds
[2022-09-25 21:11:20,167] {processor.py:153} INFO - Started process (PID=1670) to work on /home/airflow/.local/lib/python3.7/site-packages/airflow/example_dags/tutorial_etl_dag.py
[2022-09-25 21:11:20,168] {processor.py:641} INFO - Processing file /home/airflow/.local/lib/python3.7/site-packages/airflow/example_dags/tutorial_etl_dag.py for tasks to queue
[2022-09-25 21:11:20,169] {logging_mixin.py:115} INFO - [2022-09-25 21:11:20,169] {dagbag.py:507} INFO - Filling up the DagBag from /home/airflow/.local/lib/python3.7/site-packages/airflow/example_dags/tutorial_etl_dag.py
[2022-09-25 21:11:20,174] {processor.py:651} INFO - DAG(s) dict_keys(['tutorial_etl_dag']) retrieved from /home/airflow/.local/lib/python3.7/site-packages/airflow/example_dags/tutorial_etl_dag.py
[2022-09-25 21:11:20,191] {logging_mixin.py:115} INFO - [2022-09-25 21:11:20,191] {dag.py:2371} INFO - Sync 1 DAGs
[2022-09-25 21:11:20,208] {logging_mixin.py:115} INFO - [2022-09-25 21:11:20,208] {dag.py:2919} INFO - Setting next_dagrun for tutorial_etl_dag to None, run_after=None
[2022-09-25 21:11:20,216] {processor.py:161} INFO - Processing /home/airflow/.local/lib/python3.7/site-packages/airflow/example_dags/tutorial_etl_dag.py took 0.051 seconds
[2022-09-25 21:11:51,033] {processor.py:153} INFO - Started process (PID=1723) to work on /home/airflow/.local/lib/python3.7/site-packages/airflow/example_dags/tutorial_etl_dag.py
[2022-09-25 21:11:51,034] {processor.py:641} INFO - Processing file /home/airflow/.local/lib/python3.7/site-packages/airflow/example_dags/tutorial_etl_dag.py for tasks to queue
[2022-09-25 21:11:51,035] {logging_mixin.py:115} INFO - [2022-09-25 21:11:51,035] {dagbag.py:507} INFO - Filling up the DagBag from /home/airflow/.local/lib/python3.7/site-packages/airflow/example_dags/tutorial_etl_dag.py
[2022-09-25 21:11:51,040] {processor.py:651} INFO - DAG(s) dict_keys(['tutorial_etl_dag']) retrieved from /home/airflow/.local/lib/python3.7/site-packages/airflow/example_dags/tutorial_etl_dag.py
[2022-09-25 21:11:51,062] {logging_mixin.py:115} INFO - [2022-09-25 21:11:51,062] {dag.py:2371} INFO - Sync 1 DAGs
[2022-09-25 21:11:51,078] {logging_mixin.py:115} INFO - [2022-09-25 21:11:51,078] {dag.py:2919} INFO - Setting next_dagrun for tutorial_etl_dag to None, run_after=None
[2022-09-25 21:11:51,088] {processor.py:161} INFO - Processing /home/airflow/.local/lib/python3.7/site-packages/airflow/example_dags/tutorial_etl_dag.py took 0.057 seconds
[2022-09-25 21:12:21,224] {processor.py:153} INFO - Started process (PID=1787) to work on /home/airflow/.local/lib/python3.7/site-packages/airflow/example_dags/tutorial_etl_dag.py
[2022-09-25 21:12:21,226] {processor.py:641} INFO - Processing file /home/airflow/.local/lib/python3.7/site-packages/airflow/example_dags/tutorial_etl_dag.py for tasks to queue
[2022-09-25 21:12:21,227] {logging_mixin.py:115} INFO - [2022-09-25 21:12:21,226] {dagbag.py:507} INFO - Filling up the DagBag from /home/airflow/.local/lib/python3.7/site-packages/airflow/example_dags/tutorial_etl_dag.py
[2022-09-25 21:12:21,232] {processor.py:651} INFO - DAG(s) dict_keys(['tutorial_etl_dag']) retrieved from /home/airflow/.local/lib/python3.7/site-packages/airflow/example_dags/tutorial_etl_dag.py
[2022-09-25 21:12:21,248] {logging_mixin.py:115} INFO - [2022-09-25 21:12:21,248] {dag.py:2371} INFO - Sync 1 DAGs
[2022-09-25 21:12:21,263] {logging_mixin.py:115} INFO - [2022-09-25 21:12:21,263] {dag.py:2919} INFO - Setting next_dagrun for tutorial_etl_dag to None, run_after=None
[2022-09-25 21:12:21,270] {processor.py:161} INFO - Processing /home/airflow/.local/lib/python3.7/site-packages/airflow/example_dags/tutorial_etl_dag.py took 0.048 seconds
[2022-09-25 21:12:51,961] {processor.py:153} INFO - Started process (PID=1851) to work on /home/airflow/.local/lib/python3.7/site-packages/airflow/example_dags/tutorial_etl_dag.py
[2022-09-25 21:12:51,962] {processor.py:641} INFO - Processing file /home/airflow/.local/lib/python3.7/site-packages/airflow/example_dags/tutorial_etl_dag.py for tasks to queue
[2022-09-25 21:12:51,962] {logging_mixin.py:115} INFO - [2022-09-25 21:12:51,962] {dagbag.py:507} INFO - Filling up the DagBag from /home/airflow/.local/lib/python3.7/site-packages/airflow/example_dags/tutorial_etl_dag.py
[2022-09-25 21:12:51,968] {processor.py:651} INFO - DAG(s) dict_keys(['tutorial_etl_dag']) retrieved from /home/airflow/.local/lib/python3.7/site-packages/airflow/example_dags/tutorial_etl_dag.py
[2022-09-25 21:12:51,985] {logging_mixin.py:115} INFO - [2022-09-25 21:12:51,985] {dag.py:2371} INFO - Sync 1 DAGs
[2022-09-25 21:12:51,997] {logging_mixin.py:115} INFO - [2022-09-25 21:12:51,997] {dag.py:2919} INFO - Setting next_dagrun for tutorial_etl_dag to None, run_after=None
[2022-09-25 21:12:52,004] {processor.py:161} INFO - Processing /home/airflow/.local/lib/python3.7/site-packages/airflow/example_dags/tutorial_etl_dag.py took 0.046 seconds
[2022-09-25 21:13:22,628] {processor.py:153} INFO - Started process (PID=1914) to work on /home/airflow/.local/lib/python3.7/site-packages/airflow/example_dags/tutorial_etl_dag.py
[2022-09-25 21:13:22,629] {processor.py:641} INFO - Processing file /home/airflow/.local/lib/python3.7/site-packages/airflow/example_dags/tutorial_etl_dag.py for tasks to queue
[2022-09-25 21:13:22,630] {logging_mixin.py:115} INFO - [2022-09-25 21:13:22,630] {dagbag.py:507} INFO - Filling up the DagBag from /home/airflow/.local/lib/python3.7/site-packages/airflow/example_dags/tutorial_etl_dag.py
[2022-09-25 21:13:22,634] {processor.py:651} INFO - DAG(s) dict_keys(['tutorial_etl_dag']) retrieved from /home/airflow/.local/lib/python3.7/site-packages/airflow/example_dags/tutorial_etl_dag.py
[2022-09-25 21:13:22,651] {logging_mixin.py:115} INFO - [2022-09-25 21:13:22,651] {dag.py:2371} INFO - Sync 1 DAGs
[2022-09-25 21:13:22,664] {logging_mixin.py:115} INFO - [2022-09-25 21:13:22,664] {dag.py:2919} INFO - Setting next_dagrun for tutorial_etl_dag to None, run_after=None
[2022-09-25 21:13:22,671] {processor.py:161} INFO - Processing /home/airflow/.local/lib/python3.7/site-packages/airflow/example_dags/tutorial_etl_dag.py took 0.045 seconds
