[2022-09-25 20:58:01,117] {processor.py:153} INFO - Started process (PID=74) to work on /home/airflow/.local/lib/python3.7/site-packages/airflow/example_dags/tutorial_taskflow_api_etl_virtualenv.py
[2022-09-25 20:58:01,118] {processor.py:641} INFO - Processing file /home/airflow/.local/lib/python3.7/site-packages/airflow/example_dags/tutorial_taskflow_api_etl_virtualenv.py for tasks to queue
[2022-09-25 20:58:01,122] {logging_mixin.py:115} INFO - [2022-09-25 20:58:01,122] {dagbag.py:507} INFO - Filling up the DagBag from /home/airflow/.local/lib/python3.7/site-packages/airflow/example_dags/tutorial_taskflow_api_etl_virtualenv.py
[2022-09-25 20:58:01,166] {processor.py:651} INFO - DAG(s) dict_keys(['tutorial_taskflow_api_etl_virtualenv']) retrieved from /home/airflow/.local/lib/python3.7/site-packages/airflow/example_dags/tutorial_taskflow_api_etl_virtualenv.py
[2022-09-25 20:58:01,613] {logging_mixin.py:115} INFO - [2022-09-25 20:58:01,613] {manager.py:508} INFO - Created Permission View: can edit on DAG:tutorial_taskflow_api_etl_virtualenv
[2022-09-25 20:58:01,632] {logging_mixin.py:115} INFO - [2022-09-25 20:58:01,632] {manager.py:508} INFO - Created Permission View: can read on DAG:tutorial_taskflow_api_etl_virtualenv
[2022-09-25 20:58:01,648] {logging_mixin.py:115} INFO - [2022-09-25 20:58:01,647] {manager.py:508} INFO - Created Permission View: can delete on DAG:tutorial_taskflow_api_etl_virtualenv
[2022-09-25 20:58:01,650] {logging_mixin.py:115} INFO - [2022-09-25 20:58:01,650] {dag.py:2371} INFO - Sync 1 DAGs
[2022-09-25 20:58:01,664] {logging_mixin.py:115} INFO - [2022-09-25 20:58:01,664] {dag.py:2390} INFO - Creating ORM DAG for tutorial_taskflow_api_etl_virtualenv
[2022-09-25 20:58:01,676] {logging_mixin.py:115} INFO - [2022-09-25 20:58:01,676] {dag.py:2919} INFO - Setting next_dagrun for tutorial_taskflow_api_etl_virtualenv to None, run_after=None
[2022-09-25 20:58:01,697] {processor.py:161} INFO - Processing /home/airflow/.local/lib/python3.7/site-packages/airflow/example_dags/tutorial_taskflow_api_etl_virtualenv.py took 0.584 seconds
[2022-09-25 20:58:32,346] {processor.py:153} INFO - Started process (PID=137) to work on /home/airflow/.local/lib/python3.7/site-packages/airflow/example_dags/tutorial_taskflow_api_etl_virtualenv.py
[2022-09-25 20:58:32,348] {processor.py:641} INFO - Processing file /home/airflow/.local/lib/python3.7/site-packages/airflow/example_dags/tutorial_taskflow_api_etl_virtualenv.py for tasks to queue
[2022-09-25 20:58:32,349] {logging_mixin.py:115} INFO - [2022-09-25 20:58:32,349] {dagbag.py:507} INFO - Filling up the DagBag from /home/airflow/.local/lib/python3.7/site-packages/airflow/example_dags/tutorial_taskflow_api_etl_virtualenv.py
[2022-09-25 20:58:32,367] {processor.py:651} INFO - DAG(s) dict_keys(['tutorial_taskflow_api_etl_virtualenv']) retrieved from /home/airflow/.local/lib/python3.7/site-packages/airflow/example_dags/tutorial_taskflow_api_etl_virtualenv.py
[2022-09-25 20:58:32,493] {logging_mixin.py:115} INFO - [2022-09-25 20:58:32,493] {dag.py:2371} INFO - Sync 1 DAGs
[2022-09-25 20:58:32,504] {logging_mixin.py:115} INFO - [2022-09-25 20:58:32,504] {dag.py:2919} INFO - Setting next_dagrun for tutorial_taskflow_api_etl_virtualenv to None, run_after=None
[2022-09-25 20:58:32,514] {processor.py:161} INFO - Processing /home/airflow/.local/lib/python3.7/site-packages/airflow/example_dags/tutorial_taskflow_api_etl_virtualenv.py took 0.172 seconds
[2022-09-25 20:59:03,094] {processor.py:153} INFO - Started process (PID=200) to work on /home/airflow/.local/lib/python3.7/site-packages/airflow/example_dags/tutorial_taskflow_api_etl_virtualenv.py
[2022-09-25 20:59:03,095] {processor.py:641} INFO - Processing file /home/airflow/.local/lib/python3.7/site-packages/airflow/example_dags/tutorial_taskflow_api_etl_virtualenv.py for tasks to queue
[2022-09-25 20:59:03,096] {logging_mixin.py:115} INFO - [2022-09-25 20:59:03,096] {dagbag.py:507} INFO - Filling up the DagBag from /home/airflow/.local/lib/python3.7/site-packages/airflow/example_dags/tutorial_taskflow_api_etl_virtualenv.py
[2022-09-25 20:59:03,121] {processor.py:651} INFO - DAG(s) dict_keys(['tutorial_taskflow_api_etl_virtualenv']) retrieved from /home/airflow/.local/lib/python3.7/site-packages/airflow/example_dags/tutorial_taskflow_api_etl_virtualenv.py
[2022-09-25 20:59:03,407] {logging_mixin.py:115} INFO - [2022-09-25 20:59:03,407] {dag.py:2371} INFO - Sync 1 DAGs
[2022-09-25 20:59:03,427] {logging_mixin.py:115} INFO - [2022-09-25 20:59:03,427] {dag.py:2919} INFO - Setting next_dagrun for tutorial_taskflow_api_etl_virtualenv to None, run_after=None
[2022-09-25 20:59:03,443] {processor.py:161} INFO - Processing /home/airflow/.local/lib/python3.7/site-packages/airflow/example_dags/tutorial_taskflow_api_etl_virtualenv.py took 0.351 seconds
[2022-09-25 20:59:33,815] {processor.py:153} INFO - Started process (PID=264) to work on /home/airflow/.local/lib/python3.7/site-packages/airflow/example_dags/tutorial_taskflow_api_etl_virtualenv.py
[2022-09-25 20:59:33,817] {processor.py:641} INFO - Processing file /home/airflow/.local/lib/python3.7/site-packages/airflow/example_dags/tutorial_taskflow_api_etl_virtualenv.py for tasks to queue
[2022-09-25 20:59:33,818] {logging_mixin.py:115} INFO - [2022-09-25 20:59:33,817] {dagbag.py:507} INFO - Filling up the DagBag from /home/airflow/.local/lib/python3.7/site-packages/airflow/example_dags/tutorial_taskflow_api_etl_virtualenv.py
[2022-09-25 20:59:33,834] {processor.py:651} INFO - DAG(s) dict_keys(['tutorial_taskflow_api_etl_virtualenv']) retrieved from /home/airflow/.local/lib/python3.7/site-packages/airflow/example_dags/tutorial_taskflow_api_etl_virtualenv.py
[2022-09-25 20:59:34,013] {logging_mixin.py:115} INFO - [2022-09-25 20:59:34,013] {dag.py:2371} INFO - Sync 1 DAGs
[2022-09-25 20:59:34,028] {logging_mixin.py:115} INFO - [2022-09-25 20:59:34,028] {dag.py:2919} INFO - Setting next_dagrun for tutorial_taskflow_api_etl_virtualenv to None, run_after=None
[2022-09-25 20:59:34,039] {processor.py:161} INFO - Processing /home/airflow/.local/lib/python3.7/site-packages/airflow/example_dags/tutorial_taskflow_api_etl_virtualenv.py took 0.228 seconds
[2022-09-25 21:00:04,939] {processor.py:153} INFO - Started process (PID=318) to work on /home/airflow/.local/lib/python3.7/site-packages/airflow/example_dags/tutorial_taskflow_api_etl_virtualenv.py
[2022-09-25 21:00:04,943] {processor.py:641} INFO - Processing file /home/airflow/.local/lib/python3.7/site-packages/airflow/example_dags/tutorial_taskflow_api_etl_virtualenv.py for tasks to queue
[2022-09-25 21:00:04,945] {logging_mixin.py:115} INFO - [2022-09-25 21:00:04,944] {dagbag.py:507} INFO - Filling up the DagBag from /home/airflow/.local/lib/python3.7/site-packages/airflow/example_dags/tutorial_taskflow_api_etl_virtualenv.py
[2022-09-25 21:00:04,965] {processor.py:651} INFO - DAG(s) dict_keys(['tutorial_taskflow_api_etl_virtualenv']) retrieved from /home/airflow/.local/lib/python3.7/site-packages/airflow/example_dags/tutorial_taskflow_api_etl_virtualenv.py
[2022-09-25 21:00:05,164] {logging_mixin.py:115} INFO - [2022-09-25 21:00:05,164] {dag.py:2371} INFO - Sync 1 DAGs
[2022-09-25 21:00:05,178] {logging_mixin.py:115} INFO - [2022-09-25 21:00:05,178] {dag.py:2919} INFO - Setting next_dagrun for tutorial_taskflow_api_etl_virtualenv to None, run_after=None
[2022-09-25 21:00:05,188] {processor.py:161} INFO - Processing /home/airflow/.local/lib/python3.7/site-packages/airflow/example_dags/tutorial_taskflow_api_etl_virtualenv.py took 0.253 seconds
[2022-09-25 21:00:35,250] {processor.py:153} INFO - Started process (PID=381) to work on /home/airflow/.local/lib/python3.7/site-packages/airflow/example_dags/tutorial_taskflow_api_etl_virtualenv.py
[2022-09-25 21:00:35,251] {processor.py:641} INFO - Processing file /home/airflow/.local/lib/python3.7/site-packages/airflow/example_dags/tutorial_taskflow_api_etl_virtualenv.py for tasks to queue
[2022-09-25 21:00:35,252] {logging_mixin.py:115} INFO - [2022-09-25 21:00:35,252] {dagbag.py:507} INFO - Filling up the DagBag from /home/airflow/.local/lib/python3.7/site-packages/airflow/example_dags/tutorial_taskflow_api_etl_virtualenv.py
[2022-09-25 21:00:35,263] {processor.py:651} INFO - DAG(s) dict_keys(['tutorial_taskflow_api_etl_virtualenv']) retrieved from /home/airflow/.local/lib/python3.7/site-packages/airflow/example_dags/tutorial_taskflow_api_etl_virtualenv.py
[2022-09-25 21:00:35,403] {logging_mixin.py:115} INFO - [2022-09-25 21:00:35,403] {dag.py:2371} INFO - Sync 1 DAGs
[2022-09-25 21:00:35,417] {logging_mixin.py:115} INFO - [2022-09-25 21:00:35,417] {dag.py:2919} INFO - Setting next_dagrun for tutorial_taskflow_api_etl_virtualenv to None, run_after=None
[2022-09-25 21:00:35,426] {processor.py:161} INFO - Processing /home/airflow/.local/lib/python3.7/site-packages/airflow/example_dags/tutorial_taskflow_api_etl_virtualenv.py took 0.178 seconds
[2022-09-25 21:01:05,856] {processor.py:153} INFO - Started process (PID=444) to work on /home/airflow/.local/lib/python3.7/site-packages/airflow/example_dags/tutorial_taskflow_api_etl_virtualenv.py
[2022-09-25 21:01:05,857] {processor.py:641} INFO - Processing file /home/airflow/.local/lib/python3.7/site-packages/airflow/example_dags/tutorial_taskflow_api_etl_virtualenv.py for tasks to queue
[2022-09-25 21:01:05,858] {logging_mixin.py:115} INFO - [2022-09-25 21:01:05,858] {dagbag.py:507} INFO - Filling up the DagBag from /home/airflow/.local/lib/python3.7/site-packages/airflow/example_dags/tutorial_taskflow_api_etl_virtualenv.py
[2022-09-25 21:01:05,868] {processor.py:651} INFO - DAG(s) dict_keys(['tutorial_taskflow_api_etl_virtualenv']) retrieved from /home/airflow/.local/lib/python3.7/site-packages/airflow/example_dags/tutorial_taskflow_api_etl_virtualenv.py
[2022-09-25 21:01:06,001] {logging_mixin.py:115} INFO - [2022-09-25 21:01:06,000] {dag.py:2371} INFO - Sync 1 DAGs
[2022-09-25 21:01:06,011] {logging_mixin.py:115} INFO - [2022-09-25 21:01:06,011] {dag.py:2919} INFO - Setting next_dagrun for tutorial_taskflow_api_etl_virtualenv to None, run_after=None
[2022-09-25 21:01:06,021] {processor.py:161} INFO - Processing /home/airflow/.local/lib/python3.7/site-packages/airflow/example_dags/tutorial_taskflow_api_etl_virtualenv.py took 0.168 seconds
[2022-09-25 21:01:36,416] {processor.py:153} INFO - Started process (PID=507) to work on /home/airflow/.local/lib/python3.7/site-packages/airflow/example_dags/tutorial_taskflow_api_etl_virtualenv.py
[2022-09-25 21:01:36,418] {processor.py:641} INFO - Processing file /home/airflow/.local/lib/python3.7/site-packages/airflow/example_dags/tutorial_taskflow_api_etl_virtualenv.py for tasks to queue
[2022-09-25 21:01:36,419] {logging_mixin.py:115} INFO - [2022-09-25 21:01:36,419] {dagbag.py:507} INFO - Filling up the DagBag from /home/airflow/.local/lib/python3.7/site-packages/airflow/example_dags/tutorial_taskflow_api_etl_virtualenv.py
[2022-09-25 21:01:36,429] {processor.py:651} INFO - DAG(s) dict_keys(['tutorial_taskflow_api_etl_virtualenv']) retrieved from /home/airflow/.local/lib/python3.7/site-packages/airflow/example_dags/tutorial_taskflow_api_etl_virtualenv.py
[2022-09-25 21:01:36,561] {logging_mixin.py:115} INFO - [2022-09-25 21:01:36,561] {dag.py:2371} INFO - Sync 1 DAGs
[2022-09-25 21:01:36,572] {logging_mixin.py:115} INFO - [2022-09-25 21:01:36,572] {dag.py:2919} INFO - Setting next_dagrun for tutorial_taskflow_api_etl_virtualenv to None, run_after=None
[2022-09-25 21:01:36,580] {processor.py:161} INFO - Processing /home/airflow/.local/lib/python3.7/site-packages/airflow/example_dags/tutorial_taskflow_api_etl_virtualenv.py took 0.166 seconds
[2022-09-25 21:02:06,751] {processor.py:153} INFO - Started process (PID=570) to work on /home/airflow/.local/lib/python3.7/site-packages/airflow/example_dags/tutorial_taskflow_api_etl_virtualenv.py
[2022-09-25 21:02:06,753] {processor.py:641} INFO - Processing file /home/airflow/.local/lib/python3.7/site-packages/airflow/example_dags/tutorial_taskflow_api_etl_virtualenv.py for tasks to queue
[2022-09-25 21:02:06,754] {logging_mixin.py:115} INFO - [2022-09-25 21:02:06,754] {dagbag.py:507} INFO - Filling up the DagBag from /home/airflow/.local/lib/python3.7/site-packages/airflow/example_dags/tutorial_taskflow_api_etl_virtualenv.py
[2022-09-25 21:02:06,767] {processor.py:651} INFO - DAG(s) dict_keys(['tutorial_taskflow_api_etl_virtualenv']) retrieved from /home/airflow/.local/lib/python3.7/site-packages/airflow/example_dags/tutorial_taskflow_api_etl_virtualenv.py
[2022-09-25 21:02:06,788] {logging_mixin.py:115} INFO - [2022-09-25 21:02:06,788] {dag.py:2371} INFO - Sync 1 DAGs
[2022-09-25 21:02:06,885] {logging_mixin.py:115} INFO - [2022-09-25 21:02:06,885] {dag.py:2919} INFO - Setting next_dagrun for tutorial_taskflow_api_etl_virtualenv to None, run_after=None
[2022-09-25 21:02:06,892] {processor.py:161} INFO - Processing /home/airflow/.local/lib/python3.7/site-packages/airflow/example_dags/tutorial_taskflow_api_etl_virtualenv.py took 0.145 seconds
[2022-09-25 21:02:37,456] {processor.py:153} INFO - Started process (PID=624) to work on /home/airflow/.local/lib/python3.7/site-packages/airflow/example_dags/tutorial_taskflow_api_etl_virtualenv.py
[2022-09-25 21:02:37,457] {processor.py:641} INFO - Processing file /home/airflow/.local/lib/python3.7/site-packages/airflow/example_dags/tutorial_taskflow_api_etl_virtualenv.py for tasks to queue
[2022-09-25 21:02:37,458] {logging_mixin.py:115} INFO - [2022-09-25 21:02:37,458] {dagbag.py:507} INFO - Filling up the DagBag from /home/airflow/.local/lib/python3.7/site-packages/airflow/example_dags/tutorial_taskflow_api_etl_virtualenv.py
[2022-09-25 21:02:37,468] {processor.py:651} INFO - DAG(s) dict_keys(['tutorial_taskflow_api_etl_virtualenv']) retrieved from /home/airflow/.local/lib/python3.7/site-packages/airflow/example_dags/tutorial_taskflow_api_etl_virtualenv.py
[2022-09-25 21:02:37,620] {logging_mixin.py:115} INFO - [2022-09-25 21:02:37,620] {dag.py:2371} INFO - Sync 1 DAGs
[2022-09-25 21:02:37,635] {logging_mixin.py:115} INFO - [2022-09-25 21:02:37,635] {dag.py:2919} INFO - Setting next_dagrun for tutorial_taskflow_api_etl_virtualenv to None, run_after=None
[2022-09-25 21:02:37,644] {processor.py:161} INFO - Processing /home/airflow/.local/lib/python3.7/site-packages/airflow/example_dags/tutorial_taskflow_api_etl_virtualenv.py took 0.191 seconds
[2022-09-25 21:03:08,601] {processor.py:153} INFO - Started process (PID=689) to work on /home/airflow/.local/lib/python3.7/site-packages/airflow/example_dags/tutorial_taskflow_api_etl_virtualenv.py
[2022-09-25 21:03:08,603] {processor.py:641} INFO - Processing file /home/airflow/.local/lib/python3.7/site-packages/airflow/example_dags/tutorial_taskflow_api_etl_virtualenv.py for tasks to queue
[2022-09-25 21:03:08,604] {logging_mixin.py:115} INFO - [2022-09-25 21:03:08,604] {dagbag.py:507} INFO - Filling up the DagBag from /home/airflow/.local/lib/python3.7/site-packages/airflow/example_dags/tutorial_taskflow_api_etl_virtualenv.py
[2022-09-25 21:03:08,617] {processor.py:651} INFO - DAG(s) dict_keys(['tutorial_taskflow_api_etl_virtualenv']) retrieved from /home/airflow/.local/lib/python3.7/site-packages/airflow/example_dags/tutorial_taskflow_api_etl_virtualenv.py
[2022-09-25 21:03:08,666] {logging_mixin.py:115} INFO - [2022-09-25 21:03:08,666] {dag.py:2371} INFO - Sync 1 DAGs
[2022-09-25 21:03:08,684] {logging_mixin.py:115} INFO - [2022-09-25 21:03:08,684] {dag.py:2919} INFO - Setting next_dagrun for tutorial_taskflow_api_etl_virtualenv to None, run_after=None
[2022-09-25 21:03:08,695] {processor.py:161} INFO - Processing /home/airflow/.local/lib/python3.7/site-packages/airflow/example_dags/tutorial_taskflow_api_etl_virtualenv.py took 0.097 seconds
[2022-09-25 21:03:39,607] {processor.py:153} INFO - Started process (PID=752) to work on /home/airflow/.local/lib/python3.7/site-packages/airflow/example_dags/tutorial_taskflow_api_etl_virtualenv.py
[2022-09-25 21:03:39,609] {processor.py:641} INFO - Processing file /home/airflow/.local/lib/python3.7/site-packages/airflow/example_dags/tutorial_taskflow_api_etl_virtualenv.py for tasks to queue
[2022-09-25 21:03:39,610] {logging_mixin.py:115} INFO - [2022-09-25 21:03:39,610] {dagbag.py:507} INFO - Filling up the DagBag from /home/airflow/.local/lib/python3.7/site-packages/airflow/example_dags/tutorial_taskflow_api_etl_virtualenv.py
[2022-09-25 21:03:39,623] {processor.py:651} INFO - DAG(s) dict_keys(['tutorial_taskflow_api_etl_virtualenv']) retrieved from /home/airflow/.local/lib/python3.7/site-packages/airflow/example_dags/tutorial_taskflow_api_etl_virtualenv.py
[2022-09-25 21:03:39,663] {logging_mixin.py:115} INFO - [2022-09-25 21:03:39,663] {dag.py:2371} INFO - Sync 1 DAGs
[2022-09-25 21:03:39,676] {logging_mixin.py:115} INFO - [2022-09-25 21:03:39,676] {dag.py:2919} INFO - Setting next_dagrun for tutorial_taskflow_api_etl_virtualenv to None, run_after=None
[2022-09-25 21:03:39,686] {processor.py:161} INFO - Processing /home/airflow/.local/lib/python3.7/site-packages/airflow/example_dags/tutorial_taskflow_api_etl_virtualenv.py took 0.082 seconds
[2022-09-25 21:04:10,454] {processor.py:153} INFO - Started process (PID=815) to work on /home/airflow/.local/lib/python3.7/site-packages/airflow/example_dags/tutorial_taskflow_api_etl_virtualenv.py
[2022-09-25 21:04:10,455] {processor.py:641} INFO - Processing file /home/airflow/.local/lib/python3.7/site-packages/airflow/example_dags/tutorial_taskflow_api_etl_virtualenv.py for tasks to queue
[2022-09-25 21:04:10,457] {logging_mixin.py:115} INFO - [2022-09-25 21:04:10,456] {dagbag.py:507} INFO - Filling up the DagBag from /home/airflow/.local/lib/python3.7/site-packages/airflow/example_dags/tutorial_taskflow_api_etl_virtualenv.py
[2022-09-25 21:04:10,477] {processor.py:651} INFO - DAG(s) dict_keys(['tutorial_taskflow_api_etl_virtualenv']) retrieved from /home/airflow/.local/lib/python3.7/site-packages/airflow/example_dags/tutorial_taskflow_api_etl_virtualenv.py
[2022-09-25 21:04:10,504] {logging_mixin.py:115} INFO - [2022-09-25 21:04:10,504] {dag.py:2371} INFO - Sync 1 DAGs
[2022-09-25 21:04:10,521] {logging_mixin.py:115} INFO - [2022-09-25 21:04:10,521] {dag.py:2919} INFO - Setting next_dagrun for tutorial_taskflow_api_etl_virtualenv to None, run_after=None
[2022-09-25 21:04:10,530] {processor.py:161} INFO - Processing /home/airflow/.local/lib/python3.7/site-packages/airflow/example_dags/tutorial_taskflow_api_etl_virtualenv.py took 0.080 seconds
[2022-09-25 21:04:41,338] {processor.py:153} INFO - Started process (PID=878) to work on /home/airflow/.local/lib/python3.7/site-packages/airflow/example_dags/tutorial_taskflow_api_etl_virtualenv.py
[2022-09-25 21:04:41,341] {processor.py:641} INFO - Processing file /home/airflow/.local/lib/python3.7/site-packages/airflow/example_dags/tutorial_taskflow_api_etl_virtualenv.py for tasks to queue
[2022-09-25 21:04:41,343] {logging_mixin.py:115} INFO - [2022-09-25 21:04:41,343] {dagbag.py:507} INFO - Filling up the DagBag from /home/airflow/.local/lib/python3.7/site-packages/airflow/example_dags/tutorial_taskflow_api_etl_virtualenv.py
[2022-09-25 21:04:41,359] {processor.py:651} INFO - DAG(s) dict_keys(['tutorial_taskflow_api_etl_virtualenv']) retrieved from /home/airflow/.local/lib/python3.7/site-packages/airflow/example_dags/tutorial_taskflow_api_etl_virtualenv.py
[2022-09-25 21:04:41,415] {logging_mixin.py:115} INFO - [2022-09-25 21:04:41,415] {dag.py:2371} INFO - Sync 1 DAGs
[2022-09-25 21:04:41,429] {logging_mixin.py:115} INFO - [2022-09-25 21:04:41,429] {dag.py:2919} INFO - Setting next_dagrun for tutorial_taskflow_api_etl_virtualenv to None, run_after=None
[2022-09-25 21:04:41,444] {processor.py:161} INFO - Processing /home/airflow/.local/lib/python3.7/site-packages/airflow/example_dags/tutorial_taskflow_api_etl_virtualenv.py took 0.110 seconds
[2022-09-25 21:05:12,138] {processor.py:153} INFO - Started process (PID=941) to work on /home/airflow/.local/lib/python3.7/site-packages/airflow/example_dags/tutorial_taskflow_api_etl_virtualenv.py
[2022-09-25 21:05:12,140] {processor.py:641} INFO - Processing file /home/airflow/.local/lib/python3.7/site-packages/airflow/example_dags/tutorial_taskflow_api_etl_virtualenv.py for tasks to queue
[2022-09-25 21:05:12,142] {logging_mixin.py:115} INFO - [2022-09-25 21:05:12,142] {dagbag.py:507} INFO - Filling up the DagBag from /home/airflow/.local/lib/python3.7/site-packages/airflow/example_dags/tutorial_taskflow_api_etl_virtualenv.py
[2022-09-25 21:05:12,160] {processor.py:651} INFO - DAG(s) dict_keys(['tutorial_taskflow_api_etl_virtualenv']) retrieved from /home/airflow/.local/lib/python3.7/site-packages/airflow/example_dags/tutorial_taskflow_api_etl_virtualenv.py
[2022-09-25 21:05:12,185] {logging_mixin.py:115} INFO - [2022-09-25 21:05:12,185] {dag.py:2371} INFO - Sync 1 DAGs
[2022-09-25 21:05:12,198] {logging_mixin.py:115} INFO - [2022-09-25 21:05:12,198] {dag.py:2919} INFO - Setting next_dagrun for tutorial_taskflow_api_etl_virtualenv to None, run_after=None
[2022-09-25 21:05:12,205] {processor.py:161} INFO - Processing /home/airflow/.local/lib/python3.7/site-packages/airflow/example_dags/tutorial_taskflow_api_etl_virtualenv.py took 0.072 seconds
[2022-09-25 21:05:43,058] {processor.py:153} INFO - Started process (PID=1005) to work on /home/airflow/.local/lib/python3.7/site-packages/airflow/example_dags/tutorial_taskflow_api_etl_virtualenv.py
[2022-09-25 21:05:43,062] {processor.py:641} INFO - Processing file /home/airflow/.local/lib/python3.7/site-packages/airflow/example_dags/tutorial_taskflow_api_etl_virtualenv.py for tasks to queue
[2022-09-25 21:05:43,064] {logging_mixin.py:115} INFO - [2022-09-25 21:05:43,064] {dagbag.py:507} INFO - Filling up the DagBag from /home/airflow/.local/lib/python3.7/site-packages/airflow/example_dags/tutorial_taskflow_api_etl_virtualenv.py
[2022-09-25 21:05:43,089] {processor.py:651} INFO - DAG(s) dict_keys(['tutorial_taskflow_api_etl_virtualenv']) retrieved from /home/airflow/.local/lib/python3.7/site-packages/airflow/example_dags/tutorial_taskflow_api_etl_virtualenv.py
[2022-09-25 21:05:43,114] {logging_mixin.py:115} INFO - [2022-09-25 21:05:43,114] {dag.py:2371} INFO - Sync 1 DAGs
[2022-09-25 21:05:43,130] {logging_mixin.py:115} INFO - [2022-09-25 21:05:43,130] {dag.py:2919} INFO - Setting next_dagrun for tutorial_taskflow_api_etl_virtualenv to None, run_after=None
[2022-09-25 21:05:43,138] {processor.py:161} INFO - Processing /home/airflow/.local/lib/python3.7/site-packages/airflow/example_dags/tutorial_taskflow_api_etl_virtualenv.py took 0.089 seconds
[2022-09-25 21:06:13,975] {processor.py:153} INFO - Started process (PID=1068) to work on /home/airflow/.local/lib/python3.7/site-packages/airflow/example_dags/tutorial_taskflow_api_etl_virtualenv.py
[2022-09-25 21:06:13,977] {processor.py:641} INFO - Processing file /home/airflow/.local/lib/python3.7/site-packages/airflow/example_dags/tutorial_taskflow_api_etl_virtualenv.py for tasks to queue
[2022-09-25 21:06:13,979] {logging_mixin.py:115} INFO - [2022-09-25 21:06:13,978] {dagbag.py:507} INFO - Filling up the DagBag from /home/airflow/.local/lib/python3.7/site-packages/airflow/example_dags/tutorial_taskflow_api_etl_virtualenv.py
[2022-09-25 21:06:13,998] {processor.py:651} INFO - DAG(s) dict_keys(['tutorial_taskflow_api_etl_virtualenv']) retrieved from /home/airflow/.local/lib/python3.7/site-packages/airflow/example_dags/tutorial_taskflow_api_etl_virtualenv.py
[2022-09-25 21:06:14,055] {logging_mixin.py:115} INFO - [2022-09-25 21:06:14,055] {dag.py:2371} INFO - Sync 1 DAGs
[2022-09-25 21:06:14,070] {logging_mixin.py:115} INFO - [2022-09-25 21:06:14,070] {dag.py:2919} INFO - Setting next_dagrun for tutorial_taskflow_api_etl_virtualenv to None, run_after=None
[2022-09-25 21:06:14,083] {processor.py:161} INFO - Processing /home/airflow/.local/lib/python3.7/site-packages/airflow/example_dags/tutorial_taskflow_api_etl_virtualenv.py took 0.113 seconds
[2022-09-25 21:06:44,771] {processor.py:153} INFO - Started process (PID=1121) to work on /home/airflow/.local/lib/python3.7/site-packages/airflow/example_dags/tutorial_taskflow_api_etl_virtualenv.py
[2022-09-25 21:06:44,774] {processor.py:641} INFO - Processing file /home/airflow/.local/lib/python3.7/site-packages/airflow/example_dags/tutorial_taskflow_api_etl_virtualenv.py for tasks to queue
[2022-09-25 21:06:44,777] {logging_mixin.py:115} INFO - [2022-09-25 21:06:44,777] {dagbag.py:507} INFO - Filling up the DagBag from /home/airflow/.local/lib/python3.7/site-packages/airflow/example_dags/tutorial_taskflow_api_etl_virtualenv.py
[2022-09-25 21:06:44,793] {processor.py:651} INFO - DAG(s) dict_keys(['tutorial_taskflow_api_etl_virtualenv']) retrieved from /home/airflow/.local/lib/python3.7/site-packages/airflow/example_dags/tutorial_taskflow_api_etl_virtualenv.py
[2022-09-25 21:06:44,817] {logging_mixin.py:115} INFO - [2022-09-25 21:06:44,817] {dag.py:2371} INFO - Sync 1 DAGs
[2022-09-25 21:06:44,830] {logging_mixin.py:115} INFO - [2022-09-25 21:06:44,829] {dag.py:2919} INFO - Setting next_dagrun for tutorial_taskflow_api_etl_virtualenv to None, run_after=None
[2022-09-25 21:06:44,837] {processor.py:161} INFO - Processing /home/airflow/.local/lib/python3.7/site-packages/airflow/example_dags/tutorial_taskflow_api_etl_virtualenv.py took 0.075 seconds
[2022-09-25 21:07:15,757] {processor.py:153} INFO - Started process (PID=1184) to work on /home/airflow/.local/lib/python3.7/site-packages/airflow/example_dags/tutorial_taskflow_api_etl_virtualenv.py
[2022-09-25 21:07:15,760] {processor.py:641} INFO - Processing file /home/airflow/.local/lib/python3.7/site-packages/airflow/example_dags/tutorial_taskflow_api_etl_virtualenv.py for tasks to queue
[2022-09-25 21:07:15,762] {logging_mixin.py:115} INFO - [2022-09-25 21:07:15,762] {dagbag.py:507} INFO - Filling up the DagBag from /home/airflow/.local/lib/python3.7/site-packages/airflow/example_dags/tutorial_taskflow_api_etl_virtualenv.py
[2022-09-25 21:07:15,781] {processor.py:651} INFO - DAG(s) dict_keys(['tutorial_taskflow_api_etl_virtualenv']) retrieved from /home/airflow/.local/lib/python3.7/site-packages/airflow/example_dags/tutorial_taskflow_api_etl_virtualenv.py
[2022-09-25 21:07:15,806] {logging_mixin.py:115} INFO - [2022-09-25 21:07:15,806] {dag.py:2371} INFO - Sync 1 DAGs
[2022-09-25 21:07:15,819] {logging_mixin.py:115} INFO - [2022-09-25 21:07:15,819] {dag.py:2919} INFO - Setting next_dagrun for tutorial_taskflow_api_etl_virtualenv to None, run_after=None
[2022-09-25 21:07:15,826] {processor.py:161} INFO - Processing /home/airflow/.local/lib/python3.7/site-packages/airflow/example_dags/tutorial_taskflow_api_etl_virtualenv.py took 0.074 seconds
[2022-09-25 21:07:46,547] {processor.py:153} INFO - Started process (PID=1247) to work on /home/airflow/.local/lib/python3.7/site-packages/airflow/example_dags/tutorial_taskflow_api_etl_virtualenv.py
[2022-09-25 21:07:46,551] {processor.py:641} INFO - Processing file /home/airflow/.local/lib/python3.7/site-packages/airflow/example_dags/tutorial_taskflow_api_etl_virtualenv.py for tasks to queue
[2022-09-25 21:07:46,554] {logging_mixin.py:115} INFO - [2022-09-25 21:07:46,554] {dagbag.py:507} INFO - Filling up the DagBag from /home/airflow/.local/lib/python3.7/site-packages/airflow/example_dags/tutorial_taskflow_api_etl_virtualenv.py
[2022-09-25 21:07:46,575] {processor.py:651} INFO - DAG(s) dict_keys(['tutorial_taskflow_api_etl_virtualenv']) retrieved from /home/airflow/.local/lib/python3.7/site-packages/airflow/example_dags/tutorial_taskflow_api_etl_virtualenv.py
[2022-09-25 21:07:46,622] {logging_mixin.py:115} INFO - [2022-09-25 21:07:46,622] {dag.py:2371} INFO - Sync 1 DAGs
[2022-09-25 21:07:46,635] {logging_mixin.py:115} INFO - [2022-09-25 21:07:46,635] {dag.py:2919} INFO - Setting next_dagrun for tutorial_taskflow_api_etl_virtualenv to None, run_after=None
[2022-09-25 21:07:46,644] {processor.py:161} INFO - Processing /home/airflow/.local/lib/python3.7/site-packages/airflow/example_dags/tutorial_taskflow_api_etl_virtualenv.py took 0.103 seconds
[2022-09-25 21:08:16,747] {processor.py:153} INFO - Started process (PID=1310) to work on /home/airflow/.local/lib/python3.7/site-packages/airflow/example_dags/tutorial_taskflow_api_etl_virtualenv.py
[2022-09-25 21:08:16,750] {processor.py:641} INFO - Processing file /home/airflow/.local/lib/python3.7/site-packages/airflow/example_dags/tutorial_taskflow_api_etl_virtualenv.py for tasks to queue
[2022-09-25 21:08:16,752] {logging_mixin.py:115} INFO - [2022-09-25 21:08:16,752] {dagbag.py:507} INFO - Filling up the DagBag from /home/airflow/.local/lib/python3.7/site-packages/airflow/example_dags/tutorial_taskflow_api_etl_virtualenv.py
[2022-09-25 21:08:16,772] {processor.py:651} INFO - DAG(s) dict_keys(['tutorial_taskflow_api_etl_virtualenv']) retrieved from /home/airflow/.local/lib/python3.7/site-packages/airflow/example_dags/tutorial_taskflow_api_etl_virtualenv.py
[2022-09-25 21:08:16,824] {logging_mixin.py:115} INFO - [2022-09-25 21:08:16,824] {dag.py:2371} INFO - Sync 1 DAGs
[2022-09-25 21:08:16,840] {logging_mixin.py:115} INFO - [2022-09-25 21:08:16,840] {dag.py:2919} INFO - Setting next_dagrun for tutorial_taskflow_api_etl_virtualenv to None, run_after=None
[2022-09-25 21:08:16,850] {processor.py:161} INFO - Processing /home/airflow/.local/lib/python3.7/site-packages/airflow/example_dags/tutorial_taskflow_api_etl_virtualenv.py took 0.109 seconds
[2022-09-25 21:08:47,682] {processor.py:153} INFO - Started process (PID=1372) to work on /home/airflow/.local/lib/python3.7/site-packages/airflow/example_dags/tutorial_taskflow_api_etl_virtualenv.py
[2022-09-25 21:08:47,685] {processor.py:641} INFO - Processing file /home/airflow/.local/lib/python3.7/site-packages/airflow/example_dags/tutorial_taskflow_api_etl_virtualenv.py for tasks to queue
[2022-09-25 21:08:47,687] {logging_mixin.py:115} INFO - [2022-09-25 21:08:47,687] {dagbag.py:507} INFO - Filling up the DagBag from /home/airflow/.local/lib/python3.7/site-packages/airflow/example_dags/tutorial_taskflow_api_etl_virtualenv.py
[2022-09-25 21:08:47,713] {processor.py:651} INFO - DAG(s) dict_keys(['tutorial_taskflow_api_etl_virtualenv']) retrieved from /home/airflow/.local/lib/python3.7/site-packages/airflow/example_dags/tutorial_taskflow_api_etl_virtualenv.py
[2022-09-25 21:08:47,737] {logging_mixin.py:115} INFO - [2022-09-25 21:08:47,737] {dag.py:2371} INFO - Sync 1 DAGs
[2022-09-25 21:08:47,753] {logging_mixin.py:115} INFO - [2022-09-25 21:08:47,753] {dag.py:2919} INFO - Setting next_dagrun for tutorial_taskflow_api_etl_virtualenv to None, run_after=None
[2022-09-25 21:08:47,762] {processor.py:161} INFO - Processing /home/airflow/.local/lib/python3.7/site-packages/airflow/example_dags/tutorial_taskflow_api_etl_virtualenv.py took 0.087 seconds
[2022-09-25 21:09:18,704] {processor.py:153} INFO - Started process (PID=1435) to work on /home/airflow/.local/lib/python3.7/site-packages/airflow/example_dags/tutorial_taskflow_api_etl_virtualenv.py
[2022-09-25 21:09:18,707] {processor.py:641} INFO - Processing file /home/airflow/.local/lib/python3.7/site-packages/airflow/example_dags/tutorial_taskflow_api_etl_virtualenv.py for tasks to queue
[2022-09-25 21:09:18,708] {logging_mixin.py:115} INFO - [2022-09-25 21:09:18,708] {dagbag.py:507} INFO - Filling up the DagBag from /home/airflow/.local/lib/python3.7/site-packages/airflow/example_dags/tutorial_taskflow_api_etl_virtualenv.py
[2022-09-25 21:09:18,736] {processor.py:651} INFO - DAG(s) dict_keys(['tutorial_taskflow_api_etl_virtualenv']) retrieved from /home/airflow/.local/lib/python3.7/site-packages/airflow/example_dags/tutorial_taskflow_api_etl_virtualenv.py
[2022-09-25 21:09:18,800] {logging_mixin.py:115} INFO - [2022-09-25 21:09:18,800] {dag.py:2371} INFO - Sync 1 DAGs
[2022-09-25 21:09:18,820] {logging_mixin.py:115} INFO - [2022-09-25 21:09:18,820] {dag.py:2919} INFO - Setting next_dagrun for tutorial_taskflow_api_etl_virtualenv to None, run_after=None
[2022-09-25 21:09:18,835] {processor.py:161} INFO - Processing /home/airflow/.local/lib/python3.7/site-packages/airflow/example_dags/tutorial_taskflow_api_etl_virtualenv.py took 0.142 seconds
[2022-09-25 21:09:49,703] {processor.py:153} INFO - Started process (PID=1488) to work on /home/airflow/.local/lib/python3.7/site-packages/airflow/example_dags/tutorial_taskflow_api_etl_virtualenv.py
[2022-09-25 21:09:49,705] {processor.py:641} INFO - Processing file /home/airflow/.local/lib/python3.7/site-packages/airflow/example_dags/tutorial_taskflow_api_etl_virtualenv.py for tasks to queue
[2022-09-25 21:09:49,707] {logging_mixin.py:115} INFO - [2022-09-25 21:09:49,707] {dagbag.py:507} INFO - Filling up the DagBag from /home/airflow/.local/lib/python3.7/site-packages/airflow/example_dags/tutorial_taskflow_api_etl_virtualenv.py
[2022-09-25 21:09:49,727] {processor.py:651} INFO - DAG(s) dict_keys(['tutorial_taskflow_api_etl_virtualenv']) retrieved from /home/airflow/.local/lib/python3.7/site-packages/airflow/example_dags/tutorial_taskflow_api_etl_virtualenv.py
[2022-09-25 21:09:49,779] {logging_mixin.py:115} INFO - [2022-09-25 21:09:49,779] {dag.py:2371} INFO - Sync 1 DAGs
[2022-09-25 21:09:49,791] {logging_mixin.py:115} INFO - [2022-09-25 21:09:49,791] {dag.py:2919} INFO - Setting next_dagrun for tutorial_taskflow_api_etl_virtualenv to None, run_after=None
[2022-09-25 21:09:49,800] {processor.py:161} INFO - Processing /home/airflow/.local/lib/python3.7/site-packages/airflow/example_dags/tutorial_taskflow_api_etl_virtualenv.py took 0.103 seconds
[2022-09-25 21:10:20,623] {processor.py:153} INFO - Started process (PID=1552) to work on /home/airflow/.local/lib/python3.7/site-packages/airflow/example_dags/tutorial_taskflow_api_etl_virtualenv.py
[2022-09-25 21:10:20,627] {processor.py:641} INFO - Processing file /home/airflow/.local/lib/python3.7/site-packages/airflow/example_dags/tutorial_taskflow_api_etl_virtualenv.py for tasks to queue
[2022-09-25 21:10:20,630] {logging_mixin.py:115} INFO - [2022-09-25 21:10:20,630] {dagbag.py:507} INFO - Filling up the DagBag from /home/airflow/.local/lib/python3.7/site-packages/airflow/example_dags/tutorial_taskflow_api_etl_virtualenv.py
[2022-09-25 21:10:20,650] {processor.py:651} INFO - DAG(s) dict_keys(['tutorial_taskflow_api_etl_virtualenv']) retrieved from /home/airflow/.local/lib/python3.7/site-packages/airflow/example_dags/tutorial_taskflow_api_etl_virtualenv.py
[2022-09-25 21:10:20,707] {logging_mixin.py:115} INFO - [2022-09-25 21:10:20,707] {dag.py:2371} INFO - Sync 1 DAGs
[2022-09-25 21:10:20,720] {logging_mixin.py:115} INFO - [2022-09-25 21:10:20,720] {dag.py:2919} INFO - Setting next_dagrun for tutorial_taskflow_api_etl_virtualenv to None, run_after=None
[2022-09-25 21:10:20,730] {processor.py:161} INFO - Processing /home/airflow/.local/lib/python3.7/site-packages/airflow/example_dags/tutorial_taskflow_api_etl_virtualenv.py took 0.116 seconds
[2022-09-25 21:10:51,593] {processor.py:153} INFO - Started process (PID=1614) to work on /home/airflow/.local/lib/python3.7/site-packages/airflow/example_dags/tutorial_taskflow_api_etl_virtualenv.py
[2022-09-25 21:10:51,596] {processor.py:641} INFO - Processing file /home/airflow/.local/lib/python3.7/site-packages/airflow/example_dags/tutorial_taskflow_api_etl_virtualenv.py for tasks to queue
[2022-09-25 21:10:51,598] {logging_mixin.py:115} INFO - [2022-09-25 21:10:51,598] {dagbag.py:507} INFO - Filling up the DagBag from /home/airflow/.local/lib/python3.7/site-packages/airflow/example_dags/tutorial_taskflow_api_etl_virtualenv.py
[2022-09-25 21:10:51,617] {processor.py:651} INFO - DAG(s) dict_keys(['tutorial_taskflow_api_etl_virtualenv']) retrieved from /home/airflow/.local/lib/python3.7/site-packages/airflow/example_dags/tutorial_taskflow_api_etl_virtualenv.py
[2022-09-25 21:10:51,639] {logging_mixin.py:115} INFO - [2022-09-25 21:10:51,639] {dag.py:2371} INFO - Sync 1 DAGs
[2022-09-25 21:10:51,654] {logging_mixin.py:115} INFO - [2022-09-25 21:10:51,654] {dag.py:2919} INFO - Setting next_dagrun for tutorial_taskflow_api_etl_virtualenv to None, run_after=None
[2022-09-25 21:10:51,662] {processor.py:161} INFO - Processing /home/airflow/.local/lib/python3.7/site-packages/airflow/example_dags/tutorial_taskflow_api_etl_virtualenv.py took 0.074 seconds
[2022-09-25 21:11:22,547] {processor.py:153} INFO - Started process (PID=1677) to work on /home/airflow/.local/lib/python3.7/site-packages/airflow/example_dags/tutorial_taskflow_api_etl_virtualenv.py
[2022-09-25 21:11:22,548] {processor.py:641} INFO - Processing file /home/airflow/.local/lib/python3.7/site-packages/airflow/example_dags/tutorial_taskflow_api_etl_virtualenv.py for tasks to queue
[2022-09-25 21:11:22,549] {logging_mixin.py:115} INFO - [2022-09-25 21:11:22,549] {dagbag.py:507} INFO - Filling up the DagBag from /home/airflow/.local/lib/python3.7/site-packages/airflow/example_dags/tutorial_taskflow_api_etl_virtualenv.py
[2022-09-25 21:11:22,561] {processor.py:651} INFO - DAG(s) dict_keys(['tutorial_taskflow_api_etl_virtualenv']) retrieved from /home/airflow/.local/lib/python3.7/site-packages/airflow/example_dags/tutorial_taskflow_api_etl_virtualenv.py
[2022-09-25 21:11:22,603] {logging_mixin.py:115} INFO - [2022-09-25 21:11:22,603] {dag.py:2371} INFO - Sync 1 DAGs
[2022-09-25 21:11:22,616] {logging_mixin.py:115} INFO - [2022-09-25 21:11:22,616] {dag.py:2919} INFO - Setting next_dagrun for tutorial_taskflow_api_etl_virtualenv to None, run_after=None
[2022-09-25 21:11:22,626] {processor.py:161} INFO - Processing /home/airflow/.local/lib/python3.7/site-packages/airflow/example_dags/tutorial_taskflow_api_etl_virtualenv.py took 0.081 seconds
[2022-09-25 21:11:52,677] {processor.py:153} INFO - Started process (PID=1739) to work on /home/airflow/.local/lib/python3.7/site-packages/airflow/example_dags/tutorial_taskflow_api_etl_virtualenv.py
[2022-09-25 21:11:52,678] {processor.py:641} INFO - Processing file /home/airflow/.local/lib/python3.7/site-packages/airflow/example_dags/tutorial_taskflow_api_etl_virtualenv.py for tasks to queue
[2022-09-25 21:11:52,680] {logging_mixin.py:115} INFO - [2022-09-25 21:11:52,679] {dagbag.py:507} INFO - Filling up the DagBag from /home/airflow/.local/lib/python3.7/site-packages/airflow/example_dags/tutorial_taskflow_api_etl_virtualenv.py
[2022-09-25 21:11:52,697] {processor.py:651} INFO - DAG(s) dict_keys(['tutorial_taskflow_api_etl_virtualenv']) retrieved from /home/airflow/.local/lib/python3.7/site-packages/airflow/example_dags/tutorial_taskflow_api_etl_virtualenv.py
[2022-09-25 21:11:52,764] {logging_mixin.py:115} INFO - [2022-09-25 21:11:52,764] {dag.py:2371} INFO - Sync 1 DAGs
[2022-09-25 21:11:52,806] {logging_mixin.py:115} INFO - [2022-09-25 21:11:52,806] {dag.py:2919} INFO - Setting next_dagrun for tutorial_taskflow_api_etl_virtualenv to None, run_after=None
[2022-09-25 21:11:52,820] {processor.py:161} INFO - Processing /home/airflow/.local/lib/python3.7/site-packages/airflow/example_dags/tutorial_taskflow_api_etl_virtualenv.py took 0.146 seconds
[2022-09-25 21:12:23,497] {processor.py:153} INFO - Started process (PID=1794) to work on /home/airflow/.local/lib/python3.7/site-packages/airflow/example_dags/tutorial_taskflow_api_etl_virtualenv.py
[2022-09-25 21:12:23,498] {processor.py:641} INFO - Processing file /home/airflow/.local/lib/python3.7/site-packages/airflow/example_dags/tutorial_taskflow_api_etl_virtualenv.py for tasks to queue
[2022-09-25 21:12:23,499] {logging_mixin.py:115} INFO - [2022-09-25 21:12:23,499] {dagbag.py:507} INFO - Filling up the DagBag from /home/airflow/.local/lib/python3.7/site-packages/airflow/example_dags/tutorial_taskflow_api_etl_virtualenv.py
[2022-09-25 21:12:23,508] {processor.py:651} INFO - DAG(s) dict_keys(['tutorial_taskflow_api_etl_virtualenv']) retrieved from /home/airflow/.local/lib/python3.7/site-packages/airflow/example_dags/tutorial_taskflow_api_etl_virtualenv.py
[2022-09-25 21:12:23,526] {logging_mixin.py:115} INFO - [2022-09-25 21:12:23,525] {dag.py:2371} INFO - Sync 1 DAGs
[2022-09-25 21:12:23,541] {logging_mixin.py:115} INFO - [2022-09-25 21:12:23,540] {dag.py:2919} INFO - Setting next_dagrun for tutorial_taskflow_api_etl_virtualenv to None, run_after=None
[2022-09-25 21:12:23,547] {processor.py:161} INFO - Processing /home/airflow/.local/lib/python3.7/site-packages/airflow/example_dags/tutorial_taskflow_api_etl_virtualenv.py took 0.052 seconds
[2022-09-25 21:12:54,234] {processor.py:153} INFO - Started process (PID=1858) to work on /home/airflow/.local/lib/python3.7/site-packages/airflow/example_dags/tutorial_taskflow_api_etl_virtualenv.py
[2022-09-25 21:12:54,236] {processor.py:641} INFO - Processing file /home/airflow/.local/lib/python3.7/site-packages/airflow/example_dags/tutorial_taskflow_api_etl_virtualenv.py for tasks to queue
[2022-09-25 21:12:54,236] {logging_mixin.py:115} INFO - [2022-09-25 21:12:54,236] {dagbag.py:507} INFO - Filling up the DagBag from /home/airflow/.local/lib/python3.7/site-packages/airflow/example_dags/tutorial_taskflow_api_etl_virtualenv.py
[2022-09-25 21:12:54,248] {processor.py:651} INFO - DAG(s) dict_keys(['tutorial_taskflow_api_etl_virtualenv']) retrieved from /home/airflow/.local/lib/python3.7/site-packages/airflow/example_dags/tutorial_taskflow_api_etl_virtualenv.py
[2022-09-25 21:12:54,291] {logging_mixin.py:115} INFO - [2022-09-25 21:12:54,291] {dag.py:2371} INFO - Sync 1 DAGs
[2022-09-25 21:12:54,305] {logging_mixin.py:115} INFO - [2022-09-25 21:12:54,305] {dag.py:2919} INFO - Setting next_dagrun for tutorial_taskflow_api_etl_virtualenv to None, run_after=None
[2022-09-25 21:12:54,313] {processor.py:161} INFO - Processing /home/airflow/.local/lib/python3.7/site-packages/airflow/example_dags/tutorial_taskflow_api_etl_virtualenv.py took 0.081 seconds
[2022-09-25 21:13:24,906] {processor.py:153} INFO - Started process (PID=1921) to work on /home/airflow/.local/lib/python3.7/site-packages/airflow/example_dags/tutorial_taskflow_api_etl_virtualenv.py
[2022-09-25 21:13:24,907] {processor.py:641} INFO - Processing file /home/airflow/.local/lib/python3.7/site-packages/airflow/example_dags/tutorial_taskflow_api_etl_virtualenv.py for tasks to queue
[2022-09-25 21:13:24,908] {logging_mixin.py:115} INFO - [2022-09-25 21:13:24,908] {dagbag.py:507} INFO - Filling up the DagBag from /home/airflow/.local/lib/python3.7/site-packages/airflow/example_dags/tutorial_taskflow_api_etl_virtualenv.py
[2022-09-25 21:13:24,919] {processor.py:651} INFO - DAG(s) dict_keys(['tutorial_taskflow_api_etl_virtualenv']) retrieved from /home/airflow/.local/lib/python3.7/site-packages/airflow/example_dags/tutorial_taskflow_api_etl_virtualenv.py
[2022-09-25 21:13:24,935] {logging_mixin.py:115} INFO - [2022-09-25 21:13:24,935] {dag.py:2371} INFO - Sync 1 DAGs
[2022-09-25 21:13:24,949] {logging_mixin.py:115} INFO - [2022-09-25 21:13:24,949] {dag.py:2919} INFO - Setting next_dagrun for tutorial_taskflow_api_etl_virtualenv to None, run_after=None
[2022-09-25 21:13:24,956] {processor.py:161} INFO - Processing /home/airflow/.local/lib/python3.7/site-packages/airflow/example_dags/tutorial_taskflow_api_etl_virtualenv.py took 0.052 seconds
