[2022-09-14 14:40:36,967] {taskinstance.py:1159} INFO - Dependencies all met for <TaskInstance: parser_dag.notify manual__2022-09-14T14:33:04.411536+00:00 [queued]>
[2022-09-14 14:40:36,973] {taskinstance.py:1159} INFO - Dependencies all met for <TaskInstance: parser_dag.notify manual__2022-09-14T14:33:04.411536+00:00 [queued]>
[2022-09-14 14:40:36,973] {taskinstance.py:1356} INFO - 
--------------------------------------------------------------------------------
[2022-09-14 14:40:36,974] {taskinstance.py:1357} INFO - Starting attempt 1 of 1
[2022-09-14 14:40:36,975] {taskinstance.py:1358} INFO - 
--------------------------------------------------------------------------------
[2022-09-14 14:40:36,982] {taskinstance.py:1377} INFO - Executing <Task(BashOperator): notify> on 2022-09-14 14:33:04.411536+00:00
[2022-09-14 14:40:36,986] {standard_task_runner.py:52} INFO - Started process 638 to run task
[2022-09-14 14:40:36,989] {standard_task_runner.py:79} INFO - Running: ['***', 'tasks', 'run', 'parser_dag', 'notify', 'manual__2022-09-14T14:33:04.411536+00:00', '--job-id', '44', '--raw', '--subdir', 'DAGS_FOLDER/pre_parser.py', '--cfg-path', '/tmp/tmpb6ef56dk', '--error-file', '/tmp/tmpthmii2bi']
[2022-09-14 14:40:36,990] {standard_task_runner.py:80} INFO - Job 44: Subtask notify
[2022-09-14 14:40:37,024] {task_command.py:369} INFO - Running <TaskInstance: parser_dag.notify manual__2022-09-14T14:33:04.411536+00:00 [running]> on host c0f73d32ee2c
[2022-09-14 14:40:37,065] {taskinstance.py:1571} INFO - Exporting the following env vars:
AIRFLOW_CTX_DAG_OWNER=***
AIRFLOW_CTX_DAG_ID=parser_dag
AIRFLOW_CTX_TASK_ID=notify
AIRFLOW_CTX_EXECUTION_DATE=2022-09-14T14:33:04.411536+00:00
AIRFLOW_CTX_TRY_NUMBER=1
AIRFLOW_CTX_DAG_RUN_ID=manual__2022-09-14T14:33:04.411536+00:00
[2022-09-14 14:40:37,066] {subprocess.py:62} INFO - Tmp dir root location: 
 /tmp
[2022-09-14 14:40:37,067] {subprocess.py:74} INFO - Running command: ['bash', '-c', 'echo "Hello!"']
[2022-09-14 14:40:37,075] {subprocess.py:85} INFO - Output:
[2022-09-14 14:40:37,077] {subprocess.py:92} INFO - Hello!
[2022-09-14 14:40:37,078] {subprocess.py:96} INFO - Command exited with return code 0
[2022-09-14 14:40:37,098] {taskinstance.py:1400} INFO - Marking task as SUCCESS. dag_id=parser_dag, task_id=notify, execution_date=20220914T143304, start_date=20220914T144036, end_date=20220914T144037
[2022-09-14 14:40:37,121] {local_task_job.py:156} INFO - Task exited with return code 0
[2022-09-14 14:40:37,142] {local_task_job.py:273} INFO - 0 downstream tasks scheduled from follow-on schedule check
