[2022-09-15 00:14:01,609] {taskinstance.py:1159} INFO - Dependencies all met for <TaskInstance: parser_dag.notify manual__2022-09-15T00:12:44.761310+00:00 [queued]>
[2022-09-15 00:14:01,615] {taskinstance.py:1159} INFO - Dependencies all met for <TaskInstance: parser_dag.notify manual__2022-09-15T00:12:44.761310+00:00 [queued]>
[2022-09-15 00:14:01,615] {taskinstance.py:1356} INFO - 
--------------------------------------------------------------------------------
[2022-09-15 00:14:01,616] {taskinstance.py:1357} INFO - Starting attempt 1 of 1
[2022-09-15 00:14:01,617] {taskinstance.py:1358} INFO - 
--------------------------------------------------------------------------------
[2022-09-15 00:14:01,625] {taskinstance.py:1377} INFO - Executing <Task(BashOperator): notify> on 2022-09-15 00:12:44.761310+00:00
[2022-09-15 00:14:01,629] {standard_task_runner.py:52} INFO - Started process 20850 to run task
[2022-09-15 00:14:01,632] {standard_task_runner.py:79} INFO - Running: ['***', 'tasks', 'run', 'parser_dag', 'notify', 'manual__2022-09-15T00:12:44.761310+00:00', '--job-id', '92', '--raw', '--subdir', 'DAGS_FOLDER/pre_parser.py', '--cfg-path', '/tmp/tmp6m8gyj4o', '--error-file', '/tmp/tmp74_iqka9']
[2022-09-15 00:14:01,633] {standard_task_runner.py:80} INFO - Job 92: Subtask notify
[2022-09-15 00:14:01,671] {task_command.py:369} INFO - Running <TaskInstance: parser_dag.notify manual__2022-09-15T00:12:44.761310+00:00 [running]> on host 1085bb4029c2
[2022-09-15 00:14:01,714] {taskinstance.py:1571} INFO - Exporting the following env vars:
AIRFLOW_CTX_DAG_OWNER=***
AIRFLOW_CTX_DAG_ID=parser_dag
AIRFLOW_CTX_TASK_ID=notify
AIRFLOW_CTX_EXECUTION_DATE=2022-09-15T00:12:44.761310+00:00
AIRFLOW_CTX_TRY_NUMBER=1
AIRFLOW_CTX_DAG_RUN_ID=manual__2022-09-15T00:12:44.761310+00:00
[2022-09-15 00:14:01,716] {subprocess.py:62} INFO - Tmp dir root location: 
 /tmp
[2022-09-15 00:14:01,717] {subprocess.py:74} INFO - Running command: ['bash', '-c', 'echo "Hello!"']
[2022-09-15 00:14:01,731] {subprocess.py:85} INFO - Output:
[2022-09-15 00:14:01,733] {subprocess.py:92} INFO - Hello!
[2022-09-15 00:14:01,734] {subprocess.py:96} INFO - Command exited with return code 0
[2022-09-15 00:14:01,753] {taskinstance.py:1400} INFO - Marking task as SUCCESS. dag_id=parser_dag, task_id=notify, execution_date=20220915T001244, start_date=20220915T001401, end_date=20220915T001401
[2022-09-15 00:14:01,809] {local_task_job.py:156} INFO - Task exited with return code 0
[2022-09-15 00:14:01,830] {local_task_job.py:273} INFO - 0 downstream tasks scheduled from follow-on schedule check
