[2022-09-15 00:01:09,721] {taskinstance.py:1159} INFO - Dependencies all met for <TaskInstance: parser_dag.notify scheduled__2022-09-14T00:00:00+00:00 [queued]>
[2022-09-15 00:01:09,727] {taskinstance.py:1159} INFO - Dependencies all met for <TaskInstance: parser_dag.notify scheduled__2022-09-14T00:00:00+00:00 [queued]>
[2022-09-15 00:01:09,728] {taskinstance.py:1356} INFO - 
--------------------------------------------------------------------------------
[2022-09-15 00:01:09,728] {taskinstance.py:1357} INFO - Starting attempt 1 of 1
[2022-09-15 00:01:09,729] {taskinstance.py:1358} INFO - 
--------------------------------------------------------------------------------
[2022-09-15 00:01:09,737] {taskinstance.py:1377} INFO - Executing <Task(BashOperator): notify> on 2022-09-14 00:00:00+00:00
[2022-09-15 00:01:09,741] {standard_task_runner.py:52} INFO - Started process 20210 to run task
[2022-09-15 00:01:09,744] {standard_task_runner.py:79} INFO - Running: ['***', 'tasks', 'run', 'parser_dag', 'notify', 'scheduled__2022-09-14T00:00:00+00:00', '--job-id', '90', '--raw', '--subdir', 'DAGS_FOLDER/pre_parser.py', '--cfg-path', '/tmp/tmpppt0hdh8', '--error-file', '/tmp/tmpslkmpuhy']
[2022-09-15 00:01:09,745] {standard_task_runner.py:80} INFO - Job 90: Subtask notify
[2022-09-15 00:01:09,782] {task_command.py:369} INFO - Running <TaskInstance: parser_dag.notify scheduled__2022-09-14T00:00:00+00:00 [running]> on host 1085bb4029c2
[2022-09-15 00:01:09,828] {taskinstance.py:1571} INFO - Exporting the following env vars:
AIRFLOW_CTX_DAG_OWNER=***
AIRFLOW_CTX_DAG_ID=parser_dag
AIRFLOW_CTX_TASK_ID=notify
AIRFLOW_CTX_EXECUTION_DATE=2022-09-14T00:00:00+00:00
AIRFLOW_CTX_TRY_NUMBER=1
AIRFLOW_CTX_DAG_RUN_ID=scheduled__2022-09-14T00:00:00+00:00
[2022-09-15 00:01:09,830] {subprocess.py:62} INFO - Tmp dir root location: 
 /tmp
[2022-09-15 00:01:09,831] {subprocess.py:74} INFO - Running command: ['bash', '-c', 'echo "Hello!"']
[2022-09-15 00:01:09,841] {subprocess.py:85} INFO - Output:
[2022-09-15 00:01:09,849] {subprocess.py:92} INFO - Hello!
[2022-09-15 00:01:09,851] {subprocess.py:96} INFO - Command exited with return code 0
[2022-09-15 00:01:09,871] {taskinstance.py:1400} INFO - Marking task as SUCCESS. dag_id=parser_dag, task_id=notify, execution_date=20220914T000000, start_date=20220915T000109, end_date=20220915T000109
[2022-09-15 00:01:09,920] {local_task_job.py:156} INFO - Task exited with return code 0
[2022-09-15 00:01:09,953] {local_task_job.py:273} INFO - 0 downstream tasks scheduled from follow-on schedule check
