[2022-09-17 00:00:28,881] {taskinstance.py:1159} INFO - Dependencies all met for <TaskInstance: parser_dag.parser_python scheduled__2022-09-16T00:00:00+00:00 [queued]>
[2022-09-17 00:00:28,965] {taskinstance.py:1159} INFO - Dependencies all met for <TaskInstance: parser_dag.parser_python scheduled__2022-09-16T00:00:00+00:00 [queued]>
[2022-09-17 00:00:28,968] {taskinstance.py:1356} INFO - 
--------------------------------------------------------------------------------
[2022-09-17 00:00:28,968] {taskinstance.py:1357} INFO - Starting attempt 1 of 1
[2022-09-17 00:00:28,969] {taskinstance.py:1358} INFO - 
--------------------------------------------------------------------------------
[2022-09-17 00:00:29,030] {taskinstance.py:1377} INFO - Executing <Task(PythonOperator): parser_python> on 2022-09-16 00:00:00+00:00
[2022-09-17 00:00:29,043] {standard_task_runner.py:52} INFO - Started process 74103 to run task
[2022-09-17 00:00:29,097] {standard_task_runner.py:79} INFO - Running: ['***', 'tasks', 'run', 'parser_dag', 'parser_python', 'scheduled__2022-09-16T00:00:00+00:00', '--job-id', '94', '--raw', '--subdir', 'DAGS_FOLDER/pre_parser.py', '--cfg-path', '/tmp/tmp2dwcnf2d', '--error-file', '/tmp/tmplox3h55z']
[2022-09-17 00:00:29,122] {standard_task_runner.py:80} INFO - Job 94: Subtask parser_python
[2022-09-17 00:00:29,720] {task_command.py:369} INFO - Running <TaskInstance: parser_dag.parser_python scheduled__2022-09-16T00:00:00+00:00 [running]> on host 1085bb4029c2
[2022-09-17 00:00:30,006] {taskinstance.py:1571} INFO - Exporting the following env vars:
AIRFLOW_CTX_DAG_OWNER=***
AIRFLOW_CTX_DAG_ID=parser_dag
AIRFLOW_CTX_TASK_ID=parser_python
AIRFLOW_CTX_EXECUTION_DATE=2022-09-16T00:00:00+00:00
AIRFLOW_CTX_TRY_NUMBER=1
AIRFLOW_CTX_DAG_RUN_ID=scheduled__2022-09-16T00:00:00+00:00
[2022-09-17 00:00:43,548] {logging_mixin.py:115} INFO - No more products in 5ka
[2022-09-17 00:00:52,792] {logging_mixin.py:115} INFO - No more products in magnit-univer
[2022-09-17 00:01:03,005] {logging_mixin.py:115} INFO - No more products in perekrestok
[2022-09-17 00:01:12,067] {logging_mixin.py:115} INFO - No more products in dixy
[2022-09-17 00:01:21,624] {logging_mixin.py:115} INFO - No more products in lenta-super
[2022-09-17 00:01:32,517] {logging_mixin.py:115} INFO - No more products in vkusvill_offline
[2022-09-17 00:01:43,300] {logging_mixin.py:115} INFO - No more products in mgnl
[2022-09-17 00:01:43,455] {logging_mixin.py:115} INFO - No data for azbuka_vkusa
[2022-09-17 00:01:43,709] {python.py:173} INFO - Done. Returned value was: None
[2022-09-17 00:01:44,105] {taskinstance.py:1400} INFO - Marking task as SUCCESS. dag_id=parser_dag, task_id=parser_python, execution_date=20220916T000000, start_date=20220917T000028, end_date=20220917T000144
[2022-09-17 00:01:44,555] {local_task_job.py:156} INFO - Task exited with return code 0
[2022-09-17 00:01:44,702] {local_task_job.py:273} INFO - 0 downstream tasks scheduled from follow-on schedule check
