[2022-09-13 19:59:02,505] {processor.py:153} INFO - Started process (PID=34) to work on /opt/airflow/dags/pre_parser.py
[2022-09-13 19:59:02,508] {processor.py:641} INFO - Processing file /opt/airflow/dags/pre_parser.py for tasks to queue
[2022-09-13 19:59:02,512] {logging_mixin.py:115} INFO - [2022-09-13 19:59:02,512] {dagbag.py:507} INFO - Filling up the DagBag from /opt/airflow/dags/pre_parser.py
[2022-09-13 19:59:02,602] {logging_mixin.py:115} INFO - [2022-09-13 19:59:02,594] {dagbag.py:320} ERROR - Failed to import: /opt/airflow/dags/pre_parser.py
Traceback (most recent call last):
  File "/home/airflow/.local/lib/python3.7/site-packages/airflow/models/dagbag.py", line 317, in parse
    loader.exec_module(new_module)
  File "<frozen importlib._bootstrap_external>", line 728, in exec_module
  File "<frozen importlib._bootstrap>", line 219, in _call_with_frames_removed
  File "/opt/airflow/dags/pre_parser.py", line 11, in <module>
    from proto_structs import offers_pb2
ModuleNotFoundError: No module named 'proto_structs'
[2022-09-13 19:59:02,604] {processor.py:653} WARNING - No viable dags retrieved from /opt/airflow/dags/pre_parser.py
[2022-09-13 19:59:02,701] {processor.py:161} INFO - Processing /opt/airflow/dags/pre_parser.py took 0.201 seconds
[2022-09-13 19:59:33,023] {processor.py:153} INFO - Started process (PID=98) to work on /opt/airflow/dags/pre_parser.py
[2022-09-13 19:59:33,027] {processor.py:641} INFO - Processing file /opt/airflow/dags/pre_parser.py for tasks to queue
[2022-09-13 19:59:33,029] {logging_mixin.py:115} INFO - [2022-09-13 19:59:33,029] {dagbag.py:507} INFO - Filling up the DagBag from /opt/airflow/dags/pre_parser.py
[2022-09-13 19:59:33,097] {logging_mixin.py:115} INFO - [2022-09-13 19:59:33,093] {dagbag.py:320} ERROR - Failed to import: /opt/airflow/dags/pre_parser.py
Traceback (most recent call last):
  File "/home/airflow/.local/lib/python3.7/site-packages/airflow/models/dagbag.py", line 317, in parse
    loader.exec_module(new_module)
  File "<frozen importlib._bootstrap_external>", line 728, in exec_module
  File "<frozen importlib._bootstrap>", line 219, in _call_with_frames_removed
  File "/opt/airflow/dags/pre_parser.py", line 11, in <module>
    from proto_structs import offers_pb2
ModuleNotFoundError: No module named 'proto_structs'
[2022-09-13 19:59:33,099] {processor.py:653} WARNING - No viable dags retrieved from /opt/airflow/dags/pre_parser.py
[2022-09-13 19:59:33,122] {processor.py:161} INFO - Processing /opt/airflow/dags/pre_parser.py took 0.108 seconds
[2022-09-13 20:00:03,495] {processor.py:153} INFO - Started process (PID=160) to work on /opt/airflow/dags/pre_parser.py
[2022-09-13 20:00:03,497] {processor.py:641} INFO - Processing file /opt/airflow/dags/pre_parser.py for tasks to queue
[2022-09-13 20:00:03,498] {logging_mixin.py:115} INFO - [2022-09-13 20:00:03,498] {dagbag.py:507} INFO - Filling up the DagBag from /opt/airflow/dags/pre_parser.py
[2022-09-13 20:00:03,540] {logging_mixin.py:115} INFO - [2022-09-13 20:00:03,534] {dagbag.py:320} ERROR - Failed to import: /opt/airflow/dags/pre_parser.py
Traceback (most recent call last):
  File "/home/airflow/.local/lib/python3.7/site-packages/airflow/models/dagbag.py", line 317, in parse
    loader.exec_module(new_module)
  File "<frozen importlib._bootstrap_external>", line 728, in exec_module
  File "<frozen importlib._bootstrap>", line 219, in _call_with_frames_removed
  File "/opt/airflow/dags/pre_parser.py", line 11, in <module>
    from proto_structs import offers_pb2
ModuleNotFoundError: No module named 'proto_structs'
[2022-09-13 20:00:03,542] {processor.py:653} WARNING - No viable dags retrieved from /opt/airflow/dags/pre_parser.py
[2022-09-13 20:00:03,569] {processor.py:161} INFO - Processing /opt/airflow/dags/pre_parser.py took 0.077 seconds
[2022-09-13 20:00:33,890] {processor.py:153} INFO - Started process (PID=213) to work on /opt/airflow/dags/pre_parser.py
[2022-09-13 20:00:33,891] {processor.py:641} INFO - Processing file /opt/airflow/dags/pre_parser.py for tasks to queue
[2022-09-13 20:00:33,893] {logging_mixin.py:115} INFO - [2022-09-13 20:00:33,893] {dagbag.py:507} INFO - Filling up the DagBag from /opt/airflow/dags/pre_parser.py
[2022-09-13 20:00:33,940] {logging_mixin.py:115} INFO - [2022-09-13 20:00:33,934] {dagbag.py:320} ERROR - Failed to import: /opt/airflow/dags/pre_parser.py
Traceback (most recent call last):
  File "/home/airflow/.local/lib/python3.7/site-packages/airflow/models/dagbag.py", line 317, in parse
    loader.exec_module(new_module)
  File "<frozen importlib._bootstrap_external>", line 728, in exec_module
  File "<frozen importlib._bootstrap>", line 219, in _call_with_frames_removed
  File "/opt/airflow/dags/pre_parser.py", line 11, in <module>
    from proto_structs import offers_pb2
ModuleNotFoundError: No module named 'proto_structs'
[2022-09-13 20:00:33,941] {processor.py:653} WARNING - No viable dags retrieved from /opt/airflow/dags/pre_parser.py
[2022-09-13 20:00:33,962] {processor.py:161} INFO - Processing /opt/airflow/dags/pre_parser.py took 0.079 seconds
[2022-09-13 20:01:04,709] {processor.py:153} INFO - Started process (PID=275) to work on /opt/airflow/dags/pre_parser.py
[2022-09-13 20:01:04,711] {processor.py:641} INFO - Processing file /opt/airflow/dags/pre_parser.py for tasks to queue
[2022-09-13 20:01:04,713] {logging_mixin.py:115} INFO - [2022-09-13 20:01:04,713] {dagbag.py:507} INFO - Filling up the DagBag from /opt/airflow/dags/pre_parser.py
[2022-09-13 20:01:04,751] {logging_mixin.py:115} INFO - [2022-09-13 20:01:04,748] {dagbag.py:320} ERROR - Failed to import: /opt/airflow/dags/pre_parser.py
Traceback (most recent call last):
  File "/home/airflow/.local/lib/python3.7/site-packages/airflow/models/dagbag.py", line 317, in parse
    loader.exec_module(new_module)
  File "<frozen importlib._bootstrap_external>", line 728, in exec_module
  File "<frozen importlib._bootstrap>", line 219, in _call_with_frames_removed
  File "/opt/airflow/dags/pre_parser.py", line 11, in <module>
    from proto_structs import offers_pb2
ModuleNotFoundError: No module named 'proto_structs'
[2022-09-13 20:01:04,752] {processor.py:653} WARNING - No viable dags retrieved from /opt/airflow/dags/pre_parser.py
[2022-09-13 20:01:04,785] {processor.py:161} INFO - Processing /opt/airflow/dags/pre_parser.py took 0.084 seconds
[2022-09-13 20:01:34,982] {processor.py:153} INFO - Started process (PID=337) to work on /opt/airflow/dags/pre_parser.py
[2022-09-13 20:01:34,983] {processor.py:641} INFO - Processing file /opt/airflow/dags/pre_parser.py for tasks to queue
[2022-09-13 20:01:34,984] {logging_mixin.py:115} INFO - [2022-09-13 20:01:34,984] {dagbag.py:507} INFO - Filling up the DagBag from /opt/airflow/dags/pre_parser.py
[2022-09-13 20:01:35,023] {logging_mixin.py:115} INFO - [2022-09-13 20:01:35,019] {dagbag.py:320} ERROR - Failed to import: /opt/airflow/dags/pre_parser.py
Traceback (most recent call last):
  File "/home/airflow/.local/lib/python3.7/site-packages/airflow/models/dagbag.py", line 317, in parse
    loader.exec_module(new_module)
  File "<frozen importlib._bootstrap_external>", line 728, in exec_module
  File "<frozen importlib._bootstrap>", line 219, in _call_with_frames_removed
  File "/opt/airflow/dags/pre_parser.py", line 11, in <module>
    from proto_structs import offers_pb2
ModuleNotFoundError: No module named 'proto_structs'
[2022-09-13 20:01:35,025] {processor.py:653} WARNING - No viable dags retrieved from /opt/airflow/dags/pre_parser.py
[2022-09-13 20:01:35,051] {processor.py:161} INFO - Processing /opt/airflow/dags/pre_parser.py took 0.074 seconds
[2022-09-13 20:02:05,694] {processor.py:153} INFO - Started process (PID=399) to work on /opt/airflow/dags/pre_parser.py
[2022-09-13 20:02:05,696] {processor.py:641} INFO - Processing file /opt/airflow/dags/pre_parser.py for tasks to queue
[2022-09-13 20:02:05,698] {logging_mixin.py:115} INFO - [2022-09-13 20:02:05,698] {dagbag.py:507} INFO - Filling up the DagBag from /opt/airflow/dags/pre_parser.py
[2022-09-13 20:02:05,746] {logging_mixin.py:115} INFO - [2022-09-13 20:02:05,741] {dagbag.py:320} ERROR - Failed to import: /opt/airflow/dags/pre_parser.py
Traceback (most recent call last):
  File "/home/airflow/.local/lib/python3.7/site-packages/airflow/models/dagbag.py", line 317, in parse
    loader.exec_module(new_module)
  File "<frozen importlib._bootstrap_external>", line 728, in exec_module
  File "<frozen importlib._bootstrap>", line 219, in _call_with_frames_removed
  File "/opt/airflow/dags/pre_parser.py", line 11, in <module>
    from proto_structs import offers_pb2
ModuleNotFoundError: No module named 'proto_structs'
[2022-09-13 20:02:05,753] {processor.py:653} WARNING - No viable dags retrieved from /opt/airflow/dags/pre_parser.py
[2022-09-13 20:02:05,774] {processor.py:161} INFO - Processing /opt/airflow/dags/pre_parser.py took 0.085 seconds
[2022-09-13 20:02:36,312] {processor.py:153} INFO - Started process (PID=452) to work on /opt/airflow/dags/pre_parser.py
[2022-09-13 20:02:36,316] {processor.py:641} INFO - Processing file /opt/airflow/dags/pre_parser.py for tasks to queue
[2022-09-13 20:02:36,318] {logging_mixin.py:115} INFO - [2022-09-13 20:02:36,318] {dagbag.py:507} INFO - Filling up the DagBag from /opt/airflow/dags/pre_parser.py
[2022-09-13 20:02:36,367] {logging_mixin.py:115} INFO - [2022-09-13 20:02:36,361] {dagbag.py:320} ERROR - Failed to import: /opt/airflow/dags/pre_parser.py
Traceback (most recent call last):
  File "/home/airflow/.local/lib/python3.7/site-packages/airflow/models/dagbag.py", line 317, in parse
    loader.exec_module(new_module)
  File "<frozen importlib._bootstrap_external>", line 728, in exec_module
  File "<frozen importlib._bootstrap>", line 219, in _call_with_frames_removed
  File "/opt/airflow/dags/pre_parser.py", line 11, in <module>
    from proto_structs import offers_pb2
ModuleNotFoundError: No module named 'proto_structs'
[2022-09-13 20:02:36,369] {processor.py:653} WARNING - No viable dags retrieved from /opt/airflow/dags/pre_parser.py
[2022-09-13 20:02:36,403] {processor.py:161} INFO - Processing /opt/airflow/dags/pre_parser.py took 0.101 seconds
[2022-09-13 20:03:06,512] {processor.py:153} INFO - Started process (PID=514) to work on /opt/airflow/dags/pre_parser.py
[2022-09-13 20:03:06,514] {processor.py:641} INFO - Processing file /opt/airflow/dags/pre_parser.py for tasks to queue
[2022-09-13 20:03:06,516] {logging_mixin.py:115} INFO - [2022-09-13 20:03:06,516] {dagbag.py:507} INFO - Filling up the DagBag from /opt/airflow/dags/pre_parser.py
[2022-09-13 20:03:06,560] {logging_mixin.py:115} INFO - [2022-09-13 20:03:06,556] {dagbag.py:320} ERROR - Failed to import: /opt/airflow/dags/pre_parser.py
Traceback (most recent call last):
  File "/home/airflow/.local/lib/python3.7/site-packages/airflow/models/dagbag.py", line 317, in parse
    loader.exec_module(new_module)
  File "<frozen importlib._bootstrap_external>", line 728, in exec_module
  File "<frozen importlib._bootstrap>", line 219, in _call_with_frames_removed
  File "/opt/airflow/dags/pre_parser.py", line 11, in <module>
    from proto_structs import offers_pb2
ModuleNotFoundError: No module named 'proto_structs'
[2022-09-13 20:03:06,564] {processor.py:653} WARNING - No viable dags retrieved from /opt/airflow/dags/pre_parser.py
[2022-09-13 20:03:06,602] {processor.py:161} INFO - Processing /opt/airflow/dags/pre_parser.py took 0.095 seconds
[2022-09-13 20:03:37,249] {processor.py:153} INFO - Started process (PID=576) to work on /opt/airflow/dags/pre_parser.py
[2022-09-13 20:03:37,250] {processor.py:641} INFO - Processing file /opt/airflow/dags/pre_parser.py for tasks to queue
[2022-09-13 20:03:37,252] {logging_mixin.py:115} INFO - [2022-09-13 20:03:37,251] {dagbag.py:507} INFO - Filling up the DagBag from /opt/airflow/dags/pre_parser.py
[2022-09-13 20:03:37,285] {logging_mixin.py:115} INFO - [2022-09-13 20:03:37,280] {dagbag.py:320} ERROR - Failed to import: /opt/airflow/dags/pre_parser.py
Traceback (most recent call last):
  File "/home/airflow/.local/lib/python3.7/site-packages/airflow/models/dagbag.py", line 317, in parse
    loader.exec_module(new_module)
  File "<frozen importlib._bootstrap_external>", line 728, in exec_module
  File "<frozen importlib._bootstrap>", line 219, in _call_with_frames_removed
  File "/opt/airflow/dags/pre_parser.py", line 11, in <module>
    from proto_structs import offers_pb2
ModuleNotFoundError: No module named 'proto_structs'
[2022-09-13 20:03:37,288] {processor.py:653} WARNING - No viable dags retrieved from /opt/airflow/dags/pre_parser.py
[2022-09-13 20:03:37,327] {processor.py:161} INFO - Processing /opt/airflow/dags/pre_parser.py took 0.084 seconds
[2022-09-13 20:04:08,016] {processor.py:153} INFO - Started process (PID=638) to work on /opt/airflow/dags/pre_parser.py
[2022-09-13 20:04:08,018] {processor.py:641} INFO - Processing file /opt/airflow/dags/pre_parser.py for tasks to queue
[2022-09-13 20:04:08,020] {logging_mixin.py:115} INFO - [2022-09-13 20:04:08,019] {dagbag.py:507} INFO - Filling up the DagBag from /opt/airflow/dags/pre_parser.py
[2022-09-13 20:04:08,061] {logging_mixin.py:115} INFO - [2022-09-13 20:04:08,058] {dagbag.py:320} ERROR - Failed to import: /opt/airflow/dags/pre_parser.py
Traceback (most recent call last):
  File "/home/airflow/.local/lib/python3.7/site-packages/airflow/models/dagbag.py", line 317, in parse
    loader.exec_module(new_module)
  File "<frozen importlib._bootstrap_external>", line 728, in exec_module
  File "<frozen importlib._bootstrap>", line 219, in _call_with_frames_removed
  File "/opt/airflow/dags/pre_parser.py", line 11, in <module>
    from proto_structs import offers_pb2
ModuleNotFoundError: No module named 'proto_structs'
[2022-09-13 20:04:08,062] {processor.py:653} WARNING - No viable dags retrieved from /opt/airflow/dags/pre_parser.py
[2022-09-13 20:04:08,079] {processor.py:161} INFO - Processing /opt/airflow/dags/pre_parser.py took 0.074 seconds
[2022-09-13 20:09:45,370] {processor.py:153} INFO - Started process (PID=34) to work on /opt/airflow/dags/pre_parser.py
[2022-09-13 20:09:45,374] {processor.py:641} INFO - Processing file /opt/airflow/dags/pre_parser.py for tasks to queue
[2022-09-13 20:09:45,376] {logging_mixin.py:115} INFO - [2022-09-13 20:09:45,376] {dagbag.py:507} INFO - Filling up the DagBag from /opt/airflow/dags/pre_parser.py
[2022-09-13 20:09:45,556] {logging_mixin.py:115} INFO - [2022-09-13 20:09:45,554] {dagbag.py:320} ERROR - Failed to import: /opt/airflow/dags/pre_parser.py
Traceback (most recent call last):
  File "/home/airflow/.local/lib/python3.7/site-packages/airflow/models/dagbag.py", line 317, in parse
    loader.exec_module(new_module)
  File "<frozen importlib._bootstrap_external>", line 728, in exec_module
  File "<frozen importlib._bootstrap>", line 219, in _call_with_frames_removed
  File "/opt/airflow/dags/pre_parser.py", line 14, in <module>
    from tqdm import tqdm
ModuleNotFoundError: No module named 'tqdm'
[2022-09-13 20:09:45,558] {processor.py:653} WARNING - No viable dags retrieved from /opt/airflow/dags/pre_parser.py
[2022-09-13 20:09:45,582] {processor.py:161} INFO - Processing /opt/airflow/dags/pre_parser.py took 0.225 seconds
[2022-09-13 20:10:15,782] {processor.py:153} INFO - Started process (PID=96) to work on /opt/airflow/dags/pre_parser.py
[2022-09-13 20:10:15,785] {processor.py:641} INFO - Processing file /opt/airflow/dags/pre_parser.py for tasks to queue
[2022-09-13 20:10:15,787] {logging_mixin.py:115} INFO - [2022-09-13 20:10:15,787] {dagbag.py:507} INFO - Filling up the DagBag from /opt/airflow/dags/pre_parser.py
[2022-09-13 20:10:15,846] {logging_mixin.py:115} INFO - [2022-09-13 20:10:15,844] {dagbag.py:320} ERROR - Failed to import: /opt/airflow/dags/pre_parser.py
Traceback (most recent call last):
  File "/home/airflow/.local/lib/python3.7/site-packages/airflow/models/dagbag.py", line 317, in parse
    loader.exec_module(new_module)
  File "<frozen importlib._bootstrap_external>", line 728, in exec_module
  File "<frozen importlib._bootstrap>", line 219, in _call_with_frames_removed
  File "/opt/airflow/dags/pre_parser.py", line 14, in <module>
    from tqdm import tqdm
ModuleNotFoundError: No module named 'tqdm'
[2022-09-13 20:10:15,847] {processor.py:653} WARNING - No viable dags retrieved from /opt/airflow/dags/pre_parser.py
[2022-09-13 20:10:15,861] {processor.py:161} INFO - Processing /opt/airflow/dags/pre_parser.py took 0.092 seconds
[2022-09-13 20:10:46,740] {processor.py:153} INFO - Started process (PID=159) to work on /opt/airflow/dags/pre_parser.py
[2022-09-13 20:10:46,742] {processor.py:641} INFO - Processing file /opt/airflow/dags/pre_parser.py for tasks to queue
[2022-09-13 20:10:46,746] {logging_mixin.py:115} INFO - [2022-09-13 20:10:46,745] {dagbag.py:507} INFO - Filling up the DagBag from /opt/airflow/dags/pre_parser.py
[2022-09-13 20:10:46,810] {logging_mixin.py:115} INFO - [2022-09-13 20:10:46,808] {dagbag.py:320} ERROR - Failed to import: /opt/airflow/dags/pre_parser.py
Traceback (most recent call last):
  File "/home/airflow/.local/lib/python3.7/site-packages/airflow/models/dagbag.py", line 317, in parse
    loader.exec_module(new_module)
  File "<frozen importlib._bootstrap_external>", line 728, in exec_module
  File "<frozen importlib._bootstrap>", line 219, in _call_with_frames_removed
  File "/opt/airflow/dags/pre_parser.py", line 14, in <module>
    from tqdm import tqdm
ModuleNotFoundError: No module named 'tqdm'
[2022-09-13 20:10:46,811] {processor.py:653} WARNING - No viable dags retrieved from /opt/airflow/dags/pre_parser.py
[2022-09-13 20:10:46,834] {processor.py:161} INFO - Processing /opt/airflow/dags/pre_parser.py took 0.098 seconds
[2022-09-13 20:11:17,440] {processor.py:153} INFO - Started process (PID=221) to work on /opt/airflow/dags/pre_parser.py
[2022-09-13 20:11:17,441] {processor.py:641} INFO - Processing file /opt/airflow/dags/pre_parser.py for tasks to queue
[2022-09-13 20:11:17,443] {logging_mixin.py:115} INFO - [2022-09-13 20:11:17,443] {dagbag.py:507} INFO - Filling up the DagBag from /opt/airflow/dags/pre_parser.py
[2022-09-13 20:11:17,487] {logging_mixin.py:115} INFO - [2022-09-13 20:11:17,485] {dagbag.py:320} ERROR - Failed to import: /opt/airflow/dags/pre_parser.py
Traceback (most recent call last):
  File "/home/airflow/.local/lib/python3.7/site-packages/airflow/models/dagbag.py", line 317, in parse
    loader.exec_module(new_module)
  File "<frozen importlib._bootstrap_external>", line 728, in exec_module
  File "<frozen importlib._bootstrap>", line 219, in _call_with_frames_removed
  File "/opt/airflow/dags/pre_parser.py", line 14, in <module>
    from tqdm import tqdm
ModuleNotFoundError: No module named 'tqdm'
[2022-09-13 20:11:17,488] {processor.py:653} WARNING - No viable dags retrieved from /opt/airflow/dags/pre_parser.py
[2022-09-13 20:11:17,508] {processor.py:161} INFO - Processing /opt/airflow/dags/pre_parser.py took 0.077 seconds
[2022-09-13 20:11:47,743] {processor.py:153} INFO - Started process (PID=274) to work on /opt/airflow/dags/pre_parser.py
[2022-09-13 20:11:47,745] {processor.py:641} INFO - Processing file /opt/airflow/dags/pre_parser.py for tasks to queue
[2022-09-13 20:11:47,746] {logging_mixin.py:115} INFO - [2022-09-13 20:11:47,746] {dagbag.py:507} INFO - Filling up the DagBag from /opt/airflow/dags/pre_parser.py
[2022-09-13 20:11:47,814] {logging_mixin.py:115} INFO - [2022-09-13 20:11:47,806] {dagbag.py:320} ERROR - Failed to import: /opt/airflow/dags/pre_parser.py
Traceback (most recent call last):
  File "/home/airflow/.local/lib/python3.7/site-packages/airflow/models/dagbag.py", line 317, in parse
    loader.exec_module(new_module)
  File "<frozen importlib._bootstrap_external>", line 728, in exec_module
  File "<frozen importlib._bootstrap>", line 219, in _call_with_frames_removed
  File "/opt/airflow/dags/pre_parser.py", line 14, in <module>
    from tqdm import tqdm
ModuleNotFoundError: No module named 'tqdm'
[2022-09-13 20:11:47,818] {processor.py:653} WARNING - No viable dags retrieved from /opt/airflow/dags/pre_parser.py
[2022-09-13 20:11:47,837] {processor.py:161} INFO - Processing /opt/airflow/dags/pre_parser.py took 0.100 seconds
[2022-09-13 20:13:39,119] {processor.py:153} INFO - Started process (PID=34) to work on /opt/airflow/dags/pre_parser.py
[2022-09-13 20:13:39,129] {processor.py:641} INFO - Processing file /opt/airflow/dags/pre_parser.py for tasks to queue
[2022-09-13 20:13:39,131] {logging_mixin.py:115} INFO - [2022-09-13 20:13:39,131] {dagbag.py:507} INFO - Filling up the DagBag from /opt/airflow/dags/pre_parser.py
[2022-09-13 20:13:39,325] {logging_mixin.py:115} INFO - [2022-09-13 20:13:39,322] {dagbag.py:320} ERROR - Failed to import: /opt/airflow/dags/pre_parser.py
Traceback (most recent call last):
  File "/home/airflow/.local/lib/python3.7/site-packages/airflow/models/dagbag.py", line 317, in parse
    loader.exec_module(new_module)
  File "<frozen importlib._bootstrap_external>", line 728, in exec_module
  File "<frozen importlib._bootstrap>", line 219, in _call_with_frames_removed
  File "/opt/airflow/dags/pre_parser.py", line 23, in <module>
    start_date = airflow.utils.dates.days_ago(7),
NameError: name 'airflow' is not defined
[2022-09-13 20:13:39,326] {processor.py:653} WARNING - No viable dags retrieved from /opt/airflow/dags/pre_parser.py
[2022-09-13 20:13:39,350] {processor.py:161} INFO - Processing /opt/airflow/dags/pre_parser.py took 0.251 seconds
[2022-09-13 20:14:10,261] {processor.py:153} INFO - Started process (PID=96) to work on /opt/airflow/dags/pre_parser.py
[2022-09-13 20:14:10,263] {processor.py:641} INFO - Processing file /opt/airflow/dags/pre_parser.py for tasks to queue
[2022-09-13 20:14:10,265] {logging_mixin.py:115} INFO - [2022-09-13 20:14:10,265] {dagbag.py:507} INFO - Filling up the DagBag from /opt/airflow/dags/pre_parser.py
[2022-09-13 20:14:10,330] {logging_mixin.py:115} INFO - [2022-09-13 20:14:10,328] {dagbag.py:320} ERROR - Failed to import: /opt/airflow/dags/pre_parser.py
Traceback (most recent call last):
  File "/home/airflow/.local/lib/python3.7/site-packages/airflow/models/dagbag.py", line 317, in parse
    loader.exec_module(new_module)
  File "<frozen importlib._bootstrap_external>", line 728, in exec_module
  File "<frozen importlib._bootstrap>", line 219, in _call_with_frames_removed
  File "/opt/airflow/dags/pre_parser.py", line 23, in <module>
    start_date = airflow.utils.dates.days_ago(7),
NameError: name 'airflow' is not defined
[2022-09-13 20:14:10,331] {processor.py:653} WARNING - No viable dags retrieved from /opt/airflow/dags/pre_parser.py
[2022-09-13 20:14:10,346] {processor.py:161} INFO - Processing /opt/airflow/dags/pre_parser.py took 0.090 seconds
[2022-09-13 20:14:40,492] {processor.py:153} INFO - Started process (PID=156) to work on /opt/airflow/dags/pre_parser.py
[2022-09-13 20:14:40,494] {processor.py:641} INFO - Processing file /opt/airflow/dags/pre_parser.py for tasks to queue
[2022-09-13 20:14:40,495] {logging_mixin.py:115} INFO - [2022-09-13 20:14:40,495] {dagbag.py:507} INFO - Filling up the DagBag from /opt/airflow/dags/pre_parser.py
[2022-09-13 20:14:40,546] {logging_mixin.py:115} INFO - [2022-09-13 20:14:40,544] {dagbag.py:320} ERROR - Failed to import: /opt/airflow/dags/pre_parser.py
Traceback (most recent call last):
  File "/home/airflow/.local/lib/python3.7/site-packages/airflow/models/dagbag.py", line 317, in parse
    loader.exec_module(new_module)
  File "<frozen importlib._bootstrap_external>", line 728, in exec_module
  File "<frozen importlib._bootstrap>", line 219, in _call_with_frames_removed
  File "/opt/airflow/dags/pre_parser.py", line 23, in <module>
    start_date = airflow.utils.dates.days_ago(7),
NameError: name 'airflow' is not defined
[2022-09-13 20:14:40,547] {processor.py:653} WARNING - No viable dags retrieved from /opt/airflow/dags/pre_parser.py
[2022-09-13 20:14:40,563] {processor.py:161} INFO - Processing /opt/airflow/dags/pre_parser.py took 0.074 seconds
[2022-09-13 20:15:11,098] {processor.py:153} INFO - Started process (PID=211) to work on /opt/airflow/dags/pre_parser.py
[2022-09-13 20:15:11,100] {processor.py:641} INFO - Processing file /opt/airflow/dags/pre_parser.py for tasks to queue
[2022-09-13 20:15:11,101] {logging_mixin.py:115} INFO - [2022-09-13 20:15:11,101] {dagbag.py:507} INFO - Filling up the DagBag from /opt/airflow/dags/pre_parser.py
[2022-09-13 20:15:11,162] {logging_mixin.py:115} INFO - [2022-09-13 20:15:11,157] {dagbag.py:320} ERROR - Failed to import: /opt/airflow/dags/pre_parser.py
Traceback (most recent call last):
  File "/home/airflow/.local/lib/python3.7/site-packages/airflow/models/dagbag.py", line 317, in parse
    loader.exec_module(new_module)
  File "<frozen importlib._bootstrap_external>", line 728, in exec_module
  File "<frozen importlib._bootstrap>", line 219, in _call_with_frames_removed
  File "/opt/airflow/dags/pre_parser.py", line 23, in <module>
    start_date = airflow.utils.dates.days_ago(7),
NameError: name 'airflow' is not defined
[2022-09-13 20:15:11,168] {processor.py:653} WARNING - No viable dags retrieved from /opt/airflow/dags/pre_parser.py
[2022-09-13 20:15:11,193] {processor.py:161} INFO - Processing /opt/airflow/dags/pre_parser.py took 0.102 seconds
[2022-09-13 20:15:41,771] {processor.py:153} INFO - Started process (PID=273) to work on /opt/airflow/dags/pre_parser.py
[2022-09-13 20:15:41,773] {processor.py:641} INFO - Processing file /opt/airflow/dags/pre_parser.py for tasks to queue
[2022-09-13 20:15:41,775] {logging_mixin.py:115} INFO - [2022-09-13 20:15:41,775] {dagbag.py:507} INFO - Filling up the DagBag from /opt/airflow/dags/pre_parser.py
[2022-09-13 20:15:41,832] {logging_mixin.py:115} INFO - [2022-09-13 20:15:41,827] {dagbag.py:320} ERROR - Failed to import: /opt/airflow/dags/pre_parser.py
Traceback (most recent call last):
  File "/home/airflow/.local/lib/python3.7/site-packages/airflow/models/dagbag.py", line 317, in parse
    loader.exec_module(new_module)
  File "<frozen importlib._bootstrap_external>", line 728, in exec_module
  File "<frozen importlib._bootstrap>", line 219, in _call_with_frames_removed
  File "/opt/airflow/dags/pre_parser.py", line 23, in <module>
    start_date = airflow.utils.dates.days_ago(7),
NameError: name 'airflow' is not defined
[2022-09-13 20:15:41,833] {processor.py:653} WARNING - No viable dags retrieved from /opt/airflow/dags/pre_parser.py
[2022-09-13 20:15:41,852] {processor.py:161} INFO - Processing /opt/airflow/dags/pre_parser.py took 0.088 seconds
[2022-09-13 20:16:08,441] {processor.py:153} INFO - Started process (PID=326) to work on /opt/airflow/dags/pre_parser.py
[2022-09-13 20:16:08,443] {processor.py:641} INFO - Processing file /opt/airflow/dags/pre_parser.py for tasks to queue
[2022-09-13 20:16:08,444] {logging_mixin.py:115} INFO - [2022-09-13 20:16:08,444] {dagbag.py:507} INFO - Filling up the DagBag from /opt/airflow/dags/pre_parser.py
[2022-09-13 20:16:08,501] {processor.py:651} INFO - DAG(s) dict_keys(['test_dag']) retrieved from /opt/airflow/dags/pre_parser.py
[2022-09-13 20:16:08,574] {logging_mixin.py:115} INFO - [2022-09-13 20:16:08,574] {manager.py:508} INFO - Created Permission View: can edit on DAG:test_dag
[2022-09-13 20:16:08,580] {logging_mixin.py:115} INFO - [2022-09-13 20:16:08,580] {manager.py:508} INFO - Created Permission View: can read on DAG:test_dag
[2022-09-13 20:16:08,584] {logging_mixin.py:115} INFO - [2022-09-13 20:16:08,584] {manager.py:508} INFO - Created Permission View: can delete on DAG:test_dag
[2022-09-13 20:16:08,585] {logging_mixin.py:115} INFO - [2022-09-13 20:16:08,584] {dag.py:2371} INFO - Sync 1 DAGs
[2022-09-13 20:16:08,592] {logging_mixin.py:115} INFO - [2022-09-13 20:16:08,592] {dag.py:2390} INFO - Creating ORM DAG for test_dag
[2022-09-13 20:16:08,777] {logging_mixin.py:115} INFO - [2022-09-13 20:16:08,777] {dag.py:2919} INFO - Setting next_dagrun for test_dag to 2022-09-06T00:00:00+00:00, run_after=2022-09-07T00:00:00+00:00
[2022-09-13 20:16:08,788] {processor.py:161} INFO - Processing /opt/airflow/dags/pre_parser.py took 0.354 seconds
[2022-09-13 20:16:39,348] {processor.py:153} INFO - Started process (PID=392) to work on /opt/airflow/dags/pre_parser.py
[2022-09-13 20:16:39,353] {processor.py:641} INFO - Processing file /opt/airflow/dags/pre_parser.py for tasks to queue
[2022-09-13 20:16:39,358] {logging_mixin.py:115} INFO - [2022-09-13 20:16:39,358] {dagbag.py:507} INFO - Filling up the DagBag from /opt/airflow/dags/pre_parser.py
[2022-09-13 20:16:39,469] {processor.py:651} INFO - DAG(s) dict_keys(['test_dag']) retrieved from /opt/airflow/dags/pre_parser.py
[2022-09-13 20:16:39,599] {logging_mixin.py:115} INFO - [2022-09-13 20:16:39,598] {dag.py:2371} INFO - Sync 1 DAGs
[2022-09-13 20:16:39,682] {logging_mixin.py:115} INFO - [2022-09-13 20:16:39,682] {dag.py:2919} INFO - Setting next_dagrun for test_dag to 2022-09-13T00:00:00+00:00, run_after=2022-09-14T00:00:00+00:00
[2022-09-13 20:16:39,722] {processor.py:161} INFO - Processing /opt/airflow/dags/pre_parser.py took 0.389 seconds
[2022-09-13 20:17:09,796] {processor.py:153} INFO - Started process (PID=467) to work on /opt/airflow/dags/pre_parser.py
[2022-09-13 20:17:09,798] {processor.py:641} INFO - Processing file /opt/airflow/dags/pre_parser.py for tasks to queue
[2022-09-13 20:17:09,800] {logging_mixin.py:115} INFO - [2022-09-13 20:17:09,799] {dagbag.py:507} INFO - Filling up the DagBag from /opt/airflow/dags/pre_parser.py
[2022-09-13 20:17:09,864] {processor.py:651} INFO - DAG(s) dict_keys(['test_dag']) retrieved from /opt/airflow/dags/pre_parser.py
[2022-09-13 20:17:09,900] {logging_mixin.py:115} INFO - [2022-09-13 20:17:09,899] {dag.py:2371} INFO - Sync 1 DAGs
[2022-09-13 20:17:09,914] {logging_mixin.py:115} INFO - [2022-09-13 20:17:09,914] {dag.py:2919} INFO - Setting next_dagrun for test_dag to 2022-09-13T00:00:00+00:00, run_after=2022-09-14T00:00:00+00:00
[2022-09-13 20:17:09,922] {processor.py:161} INFO - Processing /opt/airflow/dags/pre_parser.py took 0.130 seconds
[2022-09-13 20:17:40,514] {processor.py:153} INFO - Started process (PID=529) to work on /opt/airflow/dags/pre_parser.py
[2022-09-13 20:17:40,515] {processor.py:641} INFO - Processing file /opt/airflow/dags/pre_parser.py for tasks to queue
[2022-09-13 20:17:40,516] {logging_mixin.py:115} INFO - [2022-09-13 20:17:40,516] {dagbag.py:507} INFO - Filling up the DagBag from /opt/airflow/dags/pre_parser.py
[2022-09-13 20:17:40,568] {processor.py:651} INFO - DAG(s) dict_keys(['test_dag']) retrieved from /opt/airflow/dags/pre_parser.py
[2022-09-13 20:17:40,593] {logging_mixin.py:115} INFO - [2022-09-13 20:17:40,593] {dag.py:2371} INFO - Sync 1 DAGs
[2022-09-13 20:17:40,613] {logging_mixin.py:115} INFO - [2022-09-13 20:17:40,613] {dag.py:2919} INFO - Setting next_dagrun for test_dag to 2022-09-13T00:00:00+00:00, run_after=2022-09-14T00:00:00+00:00
[2022-09-13 20:17:40,622] {processor.py:161} INFO - Processing /opt/airflow/dags/pre_parser.py took 0.111 seconds
[2022-09-13 20:18:10,876] {processor.py:153} INFO - Started process (PID=591) to work on /opt/airflow/dags/pre_parser.py
[2022-09-13 20:18:10,878] {processor.py:641} INFO - Processing file /opt/airflow/dags/pre_parser.py for tasks to queue
[2022-09-13 20:18:10,879] {logging_mixin.py:115} INFO - [2022-09-13 20:18:10,879] {dagbag.py:507} INFO - Filling up the DagBag from /opt/airflow/dags/pre_parser.py
[2022-09-13 20:18:10,929] {processor.py:651} INFO - DAG(s) dict_keys(['test_dag']) retrieved from /opt/airflow/dags/pre_parser.py
[2022-09-13 20:18:10,958] {logging_mixin.py:115} INFO - [2022-09-13 20:18:10,957] {dag.py:2371} INFO - Sync 1 DAGs
[2022-09-13 20:18:10,979] {logging_mixin.py:115} INFO - [2022-09-13 20:18:10,979] {dag.py:2919} INFO - Setting next_dagrun for test_dag to 2022-09-13T00:00:00+00:00, run_after=2022-09-14T00:00:00+00:00
[2022-09-13 20:18:10,990] {processor.py:161} INFO - Processing /opt/airflow/dags/pre_parser.py took 0.121 seconds
[2022-09-13 20:18:41,568] {processor.py:153} INFO - Started process (PID=644) to work on /opt/airflow/dags/pre_parser.py
[2022-09-13 20:18:41,570] {processor.py:641} INFO - Processing file /opt/airflow/dags/pre_parser.py for tasks to queue
[2022-09-13 20:18:41,572] {logging_mixin.py:115} INFO - [2022-09-13 20:18:41,572] {dagbag.py:507} INFO - Filling up the DagBag from /opt/airflow/dags/pre_parser.py
[2022-09-13 20:18:41,634] {processor.py:651} INFO - DAG(s) dict_keys(['test_dag']) retrieved from /opt/airflow/dags/pre_parser.py
[2022-09-13 20:18:41,661] {logging_mixin.py:115} INFO - [2022-09-13 20:18:41,660] {dag.py:2371} INFO - Sync 1 DAGs
[2022-09-13 20:18:41,676] {logging_mixin.py:115} INFO - [2022-09-13 20:18:41,676] {dag.py:2919} INFO - Setting next_dagrun for test_dag to 2022-09-13T00:00:00+00:00, run_after=2022-09-14T00:00:00+00:00
[2022-09-13 20:18:41,683] {processor.py:161} INFO - Processing /opt/airflow/dags/pre_parser.py took 0.120 seconds
[2022-09-13 20:19:12,223] {processor.py:153} INFO - Started process (PID=706) to work on /opt/airflow/dags/pre_parser.py
[2022-09-13 20:19:12,225] {processor.py:641} INFO - Processing file /opt/airflow/dags/pre_parser.py for tasks to queue
[2022-09-13 20:19:12,226] {logging_mixin.py:115} INFO - [2022-09-13 20:19:12,226] {dagbag.py:507} INFO - Filling up the DagBag from /opt/airflow/dags/pre_parser.py
[2022-09-13 20:19:12,292] {processor.py:651} INFO - DAG(s) dict_keys(['test_dag']) retrieved from /opt/airflow/dags/pre_parser.py
[2022-09-13 20:19:12,324] {logging_mixin.py:115} INFO - [2022-09-13 20:19:12,324] {dag.py:2371} INFO - Sync 1 DAGs
[2022-09-13 20:19:12,343] {logging_mixin.py:115} INFO - [2022-09-13 20:19:12,343] {dag.py:2919} INFO - Setting next_dagrun for test_dag to 2022-09-13T00:00:00+00:00, run_after=2022-09-14T00:00:00+00:00
[2022-09-13 20:19:12,352] {processor.py:161} INFO - Processing /opt/airflow/dags/pre_parser.py took 0.134 seconds
[2022-09-13 20:19:42,932] {processor.py:153} INFO - Started process (PID=769) to work on /opt/airflow/dags/pre_parser.py
[2022-09-13 20:19:42,935] {processor.py:641} INFO - Processing file /opt/airflow/dags/pre_parser.py for tasks to queue
[2022-09-13 20:19:42,937] {logging_mixin.py:115} INFO - [2022-09-13 20:19:42,937] {dagbag.py:507} INFO - Filling up the DagBag from /opt/airflow/dags/pre_parser.py
[2022-09-13 20:19:43,028] {processor.py:651} INFO - DAG(s) dict_keys(['test_dag']) retrieved from /opt/airflow/dags/pre_parser.py
[2022-09-13 20:19:43,067] {logging_mixin.py:115} INFO - [2022-09-13 20:19:43,067] {dag.py:2371} INFO - Sync 1 DAGs
[2022-09-13 20:19:43,087] {logging_mixin.py:115} INFO - [2022-09-13 20:19:43,087] {dag.py:2919} INFO - Setting next_dagrun for test_dag to 2022-09-13T00:00:00+00:00, run_after=2022-09-14T00:00:00+00:00
[2022-09-13 20:19:43,096] {processor.py:161} INFO - Processing /opt/airflow/dags/pre_parser.py took 0.170 seconds
[2022-09-13 20:20:13,235] {processor.py:153} INFO - Started process (PID=832) to work on /opt/airflow/dags/pre_parser.py
[2022-09-13 20:20:13,238] {processor.py:641} INFO - Processing file /opt/airflow/dags/pre_parser.py for tasks to queue
[2022-09-13 20:20:13,240] {logging_mixin.py:115} INFO - [2022-09-13 20:20:13,240] {dagbag.py:507} INFO - Filling up the DagBag from /opt/airflow/dags/pre_parser.py
[2022-09-13 20:20:13,295] {processor.py:651} INFO - DAG(s) dict_keys(['test_dag']) retrieved from /opt/airflow/dags/pre_parser.py
[2022-09-13 20:20:13,318] {logging_mixin.py:115} INFO - [2022-09-13 20:20:13,317] {dag.py:2371} INFO - Sync 1 DAGs
[2022-09-13 20:20:13,333] {logging_mixin.py:115} INFO - [2022-09-13 20:20:13,333] {dag.py:2919} INFO - Setting next_dagrun for test_dag to 2022-09-13T00:00:00+00:00, run_after=2022-09-14T00:00:00+00:00
[2022-09-13 20:20:13,341] {processor.py:161} INFO - Processing /opt/airflow/dags/pre_parser.py took 0.114 seconds
[2022-09-13 20:20:43,959] {processor.py:153} INFO - Started process (PID=894) to work on /opt/airflow/dags/pre_parser.py
[2022-09-13 20:20:43,961] {processor.py:641} INFO - Processing file /opt/airflow/dags/pre_parser.py for tasks to queue
[2022-09-13 20:20:43,962] {logging_mixin.py:115} INFO - [2022-09-13 20:20:43,962] {dagbag.py:507} INFO - Filling up the DagBag from /opt/airflow/dags/pre_parser.py
[2022-09-13 20:20:44,025] {processor.py:651} INFO - DAG(s) dict_keys(['test_dag']) retrieved from /opt/airflow/dags/pre_parser.py
[2022-09-13 20:20:44,057] {logging_mixin.py:115} INFO - [2022-09-13 20:20:44,056] {dag.py:2371} INFO - Sync 1 DAGs
[2022-09-13 20:20:44,078] {logging_mixin.py:115} INFO - [2022-09-13 20:20:44,078] {dag.py:2919} INFO - Setting next_dagrun for test_dag to 2022-09-13T00:00:00+00:00, run_after=2022-09-14T00:00:00+00:00
[2022-09-13 20:20:44,091] {processor.py:161} INFO - Processing /opt/airflow/dags/pre_parser.py took 0.142 seconds
[2022-09-13 20:21:14,973] {processor.py:153} INFO - Started process (PID=946) to work on /opt/airflow/dags/pre_parser.py
[2022-09-13 20:21:14,976] {processor.py:641} INFO - Processing file /opt/airflow/dags/pre_parser.py for tasks to queue
[2022-09-13 20:21:14,978] {logging_mixin.py:115} INFO - [2022-09-13 20:21:14,978] {dagbag.py:507} INFO - Filling up the DagBag from /opt/airflow/dags/pre_parser.py
[2022-09-13 20:21:15,044] {processor.py:651} INFO - DAG(s) dict_keys(['test_dag']) retrieved from /opt/airflow/dags/pre_parser.py
[2022-09-13 20:21:15,072] {logging_mixin.py:115} INFO - [2022-09-13 20:21:15,072] {dag.py:2371} INFO - Sync 1 DAGs
[2022-09-13 20:21:15,092] {logging_mixin.py:115} INFO - [2022-09-13 20:21:15,092] {dag.py:2919} INFO - Setting next_dagrun for test_dag to 2022-09-13T00:00:00+00:00, run_after=2022-09-14T00:00:00+00:00
[2022-09-13 20:21:15,100] {processor.py:161} INFO - Processing /opt/airflow/dags/pre_parser.py took 0.140 seconds
[2022-09-13 20:21:45,236] {processor.py:153} INFO - Started process (PID=1009) to work on /opt/airflow/dags/pre_parser.py
[2022-09-13 20:21:45,239] {processor.py:641} INFO - Processing file /opt/airflow/dags/pre_parser.py for tasks to queue
[2022-09-13 20:21:45,241] {logging_mixin.py:115} INFO - [2022-09-13 20:21:45,240] {dagbag.py:507} INFO - Filling up the DagBag from /opt/airflow/dags/pre_parser.py
[2022-09-13 20:21:45,304] {processor.py:651} INFO - DAG(s) dict_keys(['test_dag']) retrieved from /opt/airflow/dags/pre_parser.py
[2022-09-13 20:21:45,335] {logging_mixin.py:115} INFO - [2022-09-13 20:21:45,334] {dag.py:2371} INFO - Sync 1 DAGs
[2022-09-13 20:21:45,351] {logging_mixin.py:115} INFO - [2022-09-13 20:21:45,351] {dag.py:2919} INFO - Setting next_dagrun for test_dag to 2022-09-13T00:00:00+00:00, run_after=2022-09-14T00:00:00+00:00
[2022-09-13 20:21:45,364] {processor.py:161} INFO - Processing /opt/airflow/dags/pre_parser.py took 0.137 seconds
[2022-09-13 20:22:16,342] {processor.py:153} INFO - Started process (PID=1071) to work on /opt/airflow/dags/pre_parser.py
[2022-09-13 20:22:16,344] {processor.py:641} INFO - Processing file /opt/airflow/dags/pre_parser.py for tasks to queue
[2022-09-13 20:22:16,345] {logging_mixin.py:115} INFO - [2022-09-13 20:22:16,345] {dagbag.py:507} INFO - Filling up the DagBag from /opt/airflow/dags/pre_parser.py
[2022-09-13 20:22:16,394] {processor.py:651} INFO - DAG(s) dict_keys(['test_dag']) retrieved from /opt/airflow/dags/pre_parser.py
[2022-09-13 20:22:16,421] {logging_mixin.py:115} INFO - [2022-09-13 20:22:16,420] {dag.py:2371} INFO - Sync 1 DAGs
[2022-09-13 20:22:16,437] {logging_mixin.py:115} INFO - [2022-09-13 20:22:16,437] {dag.py:2919} INFO - Setting next_dagrun for test_dag to 2022-09-13T00:00:00+00:00, run_after=2022-09-14T00:00:00+00:00
[2022-09-13 20:22:16,445] {processor.py:161} INFO - Processing /opt/airflow/dags/pre_parser.py took 0.107 seconds
[2022-09-13 20:22:47,262] {processor.py:153} INFO - Started process (PID=1133) to work on /opt/airflow/dags/pre_parser.py
[2022-09-13 20:22:47,264] {processor.py:641} INFO - Processing file /opt/airflow/dags/pre_parser.py for tasks to queue
[2022-09-13 20:22:47,265] {logging_mixin.py:115} INFO - [2022-09-13 20:22:47,265] {dagbag.py:507} INFO - Filling up the DagBag from /opt/airflow/dags/pre_parser.py
[2022-09-13 20:22:47,314] {processor.py:651} INFO - DAG(s) dict_keys(['test_dag']) retrieved from /opt/airflow/dags/pre_parser.py
[2022-09-13 20:22:47,344] {logging_mixin.py:115} INFO - [2022-09-13 20:22:47,343] {dag.py:2371} INFO - Sync 1 DAGs
[2022-09-13 20:22:47,360] {logging_mixin.py:115} INFO - [2022-09-13 20:22:47,360] {dag.py:2919} INFO - Setting next_dagrun for test_dag to 2022-09-13T00:00:00+00:00, run_after=2022-09-14T00:00:00+00:00
[2022-09-13 20:22:47,368] {processor.py:161} INFO - Processing /opt/airflow/dags/pre_parser.py took 0.126 seconds
[2022-09-13 20:23:17,665] {processor.py:153} INFO - Started process (PID=1194) to work on /opt/airflow/dags/pre_parser.py
[2022-09-13 20:23:17,667] {processor.py:641} INFO - Processing file /opt/airflow/dags/pre_parser.py for tasks to queue
[2022-09-13 20:23:17,670] {logging_mixin.py:115} INFO - [2022-09-13 20:23:17,670] {dagbag.py:507} INFO - Filling up the DagBag from /opt/airflow/dags/pre_parser.py
[2022-09-13 20:23:17,734] {processor.py:651} INFO - DAG(s) dict_keys(['test_dag']) retrieved from /opt/airflow/dags/pre_parser.py
[2022-09-13 20:23:17,759] {logging_mixin.py:115} INFO - [2022-09-13 20:23:17,758] {dag.py:2371} INFO - Sync 1 DAGs
[2022-09-13 20:23:17,774] {logging_mixin.py:115} INFO - [2022-09-13 20:23:17,774] {dag.py:2919} INFO - Setting next_dagrun for test_dag to 2022-09-13T00:00:00+00:00, run_after=2022-09-14T00:00:00+00:00
[2022-09-13 20:23:17,787] {processor.py:161} INFO - Processing /opt/airflow/dags/pre_parser.py took 0.127 seconds
[2022-09-13 20:23:47,883] {processor.py:153} INFO - Started process (PID=1247) to work on /opt/airflow/dags/pre_parser.py
[2022-09-13 20:23:47,887] {processor.py:641} INFO - Processing file /opt/airflow/dags/pre_parser.py for tasks to queue
[2022-09-13 20:23:47,889] {logging_mixin.py:115} INFO - [2022-09-13 20:23:47,889] {dagbag.py:507} INFO - Filling up the DagBag from /opt/airflow/dags/pre_parser.py
[2022-09-13 20:23:47,950] {processor.py:651} INFO - DAG(s) dict_keys(['test_dag']) retrieved from /opt/airflow/dags/pre_parser.py
[2022-09-13 20:23:47,980] {logging_mixin.py:115} INFO - [2022-09-13 20:23:47,980] {dag.py:2371} INFO - Sync 1 DAGs
[2022-09-13 20:23:47,999] {logging_mixin.py:115} INFO - [2022-09-13 20:23:47,999] {dag.py:2919} INFO - Setting next_dagrun for test_dag to 2022-09-13T00:00:00+00:00, run_after=2022-09-14T00:00:00+00:00
[2022-09-13 20:23:48,007] {processor.py:161} INFO - Processing /opt/airflow/dags/pre_parser.py took 0.132 seconds
[2022-09-13 20:24:18,172] {processor.py:153} INFO - Started process (PID=1309) to work on /opt/airflow/dags/pre_parser.py
[2022-09-13 20:24:18,173] {processor.py:641} INFO - Processing file /opt/airflow/dags/pre_parser.py for tasks to queue
[2022-09-13 20:24:18,175] {logging_mixin.py:115} INFO - [2022-09-13 20:24:18,175] {dagbag.py:507} INFO - Filling up the DagBag from /opt/airflow/dags/pre_parser.py
[2022-09-13 20:24:18,234] {processor.py:651} INFO - DAG(s) dict_keys(['test_dag']) retrieved from /opt/airflow/dags/pre_parser.py
[2022-09-13 20:24:18,262] {logging_mixin.py:115} INFO - [2022-09-13 20:24:18,261] {dag.py:2371} INFO - Sync 1 DAGs
[2022-09-13 20:24:18,279] {logging_mixin.py:115} INFO - [2022-09-13 20:24:18,279] {dag.py:2919} INFO - Setting next_dagrun for test_dag to 2022-09-13T00:00:00+00:00, run_after=2022-09-14T00:00:00+00:00
[2022-09-13 20:24:18,292] {processor.py:161} INFO - Processing /opt/airflow/dags/pre_parser.py took 0.125 seconds
[2022-09-13 20:24:48,636] {processor.py:153} INFO - Started process (PID=1371) to work on /opt/airflow/dags/pre_parser.py
[2022-09-13 20:24:48,638] {processor.py:641} INFO - Processing file /opt/airflow/dags/pre_parser.py for tasks to queue
[2022-09-13 20:24:48,640] {logging_mixin.py:115} INFO - [2022-09-13 20:24:48,640] {dagbag.py:507} INFO - Filling up the DagBag from /opt/airflow/dags/pre_parser.py
[2022-09-13 20:24:48,697] {processor.py:651} INFO - DAG(s) dict_keys(['test_dag']) retrieved from /opt/airflow/dags/pre_parser.py
[2022-09-13 20:24:48,728] {logging_mixin.py:115} INFO - [2022-09-13 20:24:48,728] {dag.py:2371} INFO - Sync 1 DAGs
[2022-09-13 20:24:48,747] {logging_mixin.py:115} INFO - [2022-09-13 20:24:48,747] {dag.py:2919} INFO - Setting next_dagrun for test_dag to 2022-09-13T00:00:00+00:00, run_after=2022-09-14T00:00:00+00:00
[2022-09-13 20:24:48,755] {processor.py:161} INFO - Processing /opt/airflow/dags/pre_parser.py took 0.123 seconds
[2022-09-13 20:25:19,568] {processor.py:153} INFO - Started process (PID=1433) to work on /opt/airflow/dags/pre_parser.py
[2022-09-13 20:25:19,570] {processor.py:641} INFO - Processing file /opt/airflow/dags/pre_parser.py for tasks to queue
[2022-09-13 20:25:19,571] {logging_mixin.py:115} INFO - [2022-09-13 20:25:19,571] {dagbag.py:507} INFO - Filling up the DagBag from /opt/airflow/dags/pre_parser.py
[2022-09-13 20:25:19,625] {processor.py:651} INFO - DAG(s) dict_keys(['test_dag']) retrieved from /opt/airflow/dags/pre_parser.py
[2022-09-13 20:25:19,653] {logging_mixin.py:115} INFO - [2022-09-13 20:25:19,653] {dag.py:2371} INFO - Sync 1 DAGs
[2022-09-13 20:25:19,669] {logging_mixin.py:115} INFO - [2022-09-13 20:25:19,669] {dag.py:2919} INFO - Setting next_dagrun for test_dag to 2022-09-13T00:00:00+00:00, run_after=2022-09-14T00:00:00+00:00
[2022-09-13 20:25:19,677] {processor.py:161} INFO - Processing /opt/airflow/dags/pre_parser.py took 0.115 seconds
[2022-09-13 20:25:50,412] {processor.py:153} INFO - Started process (PID=1495) to work on /opt/airflow/dags/pre_parser.py
[2022-09-13 20:25:50,414] {processor.py:641} INFO - Processing file /opt/airflow/dags/pre_parser.py for tasks to queue
[2022-09-13 20:25:50,415] {logging_mixin.py:115} INFO - [2022-09-13 20:25:50,415] {dagbag.py:507} INFO - Filling up the DagBag from /opt/airflow/dags/pre_parser.py
[2022-09-13 20:25:50,507] {processor.py:651} INFO - DAG(s) dict_keys(['test_dag']) retrieved from /opt/airflow/dags/pre_parser.py
[2022-09-13 20:25:50,533] {logging_mixin.py:115} INFO - [2022-09-13 20:25:50,532] {dag.py:2371} INFO - Sync 1 DAGs
[2022-09-13 20:25:50,555] {logging_mixin.py:115} INFO - [2022-09-13 20:25:50,555] {dag.py:2919} INFO - Setting next_dagrun for test_dag to 2022-09-13T00:00:00+00:00, run_after=2022-09-14T00:00:00+00:00
[2022-09-13 20:25:50,563] {processor.py:161} INFO - Processing /opt/airflow/dags/pre_parser.py took 0.155 seconds
[2022-09-13 20:26:21,292] {processor.py:153} INFO - Started process (PID=1549) to work on /opt/airflow/dags/pre_parser.py
[2022-09-13 20:26:21,295] {processor.py:641} INFO - Processing file /opt/airflow/dags/pre_parser.py for tasks to queue
[2022-09-13 20:26:21,297] {logging_mixin.py:115} INFO - [2022-09-13 20:26:21,297] {dagbag.py:507} INFO - Filling up the DagBag from /opt/airflow/dags/pre_parser.py
[2022-09-13 20:26:21,365] {processor.py:651} INFO - DAG(s) dict_keys(['test_dag']) retrieved from /opt/airflow/dags/pre_parser.py
[2022-09-13 20:26:21,395] {logging_mixin.py:115} INFO - [2022-09-13 20:26:21,394] {dag.py:2371} INFO - Sync 1 DAGs
[2022-09-13 20:26:21,411] {logging_mixin.py:115} INFO - [2022-09-13 20:26:21,411] {dag.py:2919} INFO - Setting next_dagrun for test_dag to 2022-09-13T00:00:00+00:00, run_after=2022-09-14T00:00:00+00:00
[2022-09-13 20:26:21,422] {processor.py:161} INFO - Processing /opt/airflow/dags/pre_parser.py took 0.138 seconds
[2022-09-13 20:26:52,306] {processor.py:153} INFO - Started process (PID=1611) to work on /opt/airflow/dags/pre_parser.py
[2022-09-13 20:26:52,308] {processor.py:641} INFO - Processing file /opt/airflow/dags/pre_parser.py for tasks to queue
[2022-09-13 20:26:52,309] {logging_mixin.py:115} INFO - [2022-09-13 20:26:52,309] {dagbag.py:507} INFO - Filling up the DagBag from /opt/airflow/dags/pre_parser.py
[2022-09-13 20:26:52,389] {processor.py:651} INFO - DAG(s) dict_keys(['test_dag']) retrieved from /opt/airflow/dags/pre_parser.py
[2022-09-13 20:26:52,432] {logging_mixin.py:115} INFO - [2022-09-13 20:26:52,431] {dag.py:2371} INFO - Sync 1 DAGs
[2022-09-13 20:26:52,458] {logging_mixin.py:115} INFO - [2022-09-13 20:26:52,458] {dag.py:2919} INFO - Setting next_dagrun for test_dag to 2022-09-13T00:00:00+00:00, run_after=2022-09-14T00:00:00+00:00
[2022-09-13 20:26:52,469] {processor.py:161} INFO - Processing /opt/airflow/dags/pre_parser.py took 0.173 seconds
[2022-09-13 20:27:22,913] {processor.py:153} INFO - Started process (PID=1673) to work on /opt/airflow/dags/pre_parser.py
[2022-09-13 20:27:22,916] {processor.py:641} INFO - Processing file /opt/airflow/dags/pre_parser.py for tasks to queue
[2022-09-13 20:27:22,918] {logging_mixin.py:115} INFO - [2022-09-13 20:27:22,918] {dagbag.py:507} INFO - Filling up the DagBag from /opt/airflow/dags/pre_parser.py
[2022-09-13 20:27:22,994] {processor.py:651} INFO - DAG(s) dict_keys(['test_dag']) retrieved from /opt/airflow/dags/pre_parser.py
[2022-09-13 20:27:23,034] {logging_mixin.py:115} INFO - [2022-09-13 20:27:23,033] {dag.py:2371} INFO - Sync 1 DAGs
[2022-09-13 20:27:23,050] {logging_mixin.py:115} INFO - [2022-09-13 20:27:23,050] {dag.py:2919} INFO - Setting next_dagrun for test_dag to 2022-09-13T00:00:00+00:00, run_after=2022-09-14T00:00:00+00:00
[2022-09-13 20:27:23,058] {processor.py:161} INFO - Processing /opt/airflow/dags/pre_parser.py took 0.153 seconds
[2022-09-13 20:27:53,720] {processor.py:153} INFO - Started process (PID=1736) to work on /opt/airflow/dags/pre_parser.py
[2022-09-13 20:27:53,721] {processor.py:641} INFO - Processing file /opt/airflow/dags/pre_parser.py for tasks to queue
[2022-09-13 20:27:53,722] {logging_mixin.py:115} INFO - [2022-09-13 20:27:53,722] {dagbag.py:507} INFO - Filling up the DagBag from /opt/airflow/dags/pre_parser.py
[2022-09-13 20:27:53,784] {processor.py:651} INFO - DAG(s) dict_keys(['test_dag']) retrieved from /opt/airflow/dags/pre_parser.py
[2022-09-13 20:27:53,820] {logging_mixin.py:115} INFO - [2022-09-13 20:27:53,820] {dag.py:2371} INFO - Sync 1 DAGs
[2022-09-13 20:27:53,846] {logging_mixin.py:115} INFO - [2022-09-13 20:27:53,846] {dag.py:2919} INFO - Setting next_dagrun for test_dag to 2022-09-13T00:00:00+00:00, run_after=2022-09-14T00:00:00+00:00
[2022-09-13 20:27:53,856] {processor.py:161} INFO - Processing /opt/airflow/dags/pre_parser.py took 0.141 seconds
[2022-09-13 20:28:24,644] {processor.py:153} INFO - Started process (PID=1798) to work on /opt/airflow/dags/pre_parser.py
[2022-09-13 20:28:24,646] {processor.py:641} INFO - Processing file /opt/airflow/dags/pre_parser.py for tasks to queue
[2022-09-13 20:28:24,647] {logging_mixin.py:115} INFO - [2022-09-13 20:28:24,647] {dagbag.py:507} INFO - Filling up the DagBag from /opt/airflow/dags/pre_parser.py
[2022-09-13 20:28:24,711] {processor.py:651} INFO - DAG(s) dict_keys(['test_dag']) retrieved from /opt/airflow/dags/pre_parser.py
[2022-09-13 20:28:24,756] {logging_mixin.py:115} INFO - [2022-09-13 20:28:24,755] {dag.py:2371} INFO - Sync 1 DAGs
[2022-09-13 20:28:24,783] {logging_mixin.py:115} INFO - [2022-09-13 20:28:24,783] {dag.py:2919} INFO - Setting next_dagrun for test_dag to 2022-09-13T00:00:00+00:00, run_after=2022-09-14T00:00:00+00:00
[2022-09-13 20:28:24,793] {processor.py:161} INFO - Processing /opt/airflow/dags/pre_parser.py took 0.158 seconds
[2022-09-13 20:28:55,182] {processor.py:153} INFO - Started process (PID=1860) to work on /opt/airflow/dags/pre_parser.py
[2022-09-13 20:28:55,185] {processor.py:641} INFO - Processing file /opt/airflow/dags/pre_parser.py for tasks to queue
[2022-09-13 20:28:55,188] {logging_mixin.py:115} INFO - [2022-09-13 20:28:55,188] {dagbag.py:507} INFO - Filling up the DagBag from /opt/airflow/dags/pre_parser.py
[2022-09-13 20:28:55,244] {processor.py:651} INFO - DAG(s) dict_keys(['test_dag']) retrieved from /opt/airflow/dags/pre_parser.py
[2022-09-13 20:28:55,272] {logging_mixin.py:115} INFO - [2022-09-13 20:28:55,271] {dag.py:2371} INFO - Sync 1 DAGs
[2022-09-13 20:28:55,288] {logging_mixin.py:115} INFO - [2022-09-13 20:28:55,288] {dag.py:2919} INFO - Setting next_dagrun for test_dag to 2022-09-13T00:00:00+00:00, run_after=2022-09-14T00:00:00+00:00
[2022-09-13 20:28:55,296] {processor.py:161} INFO - Processing /opt/airflow/dags/pre_parser.py took 0.124 seconds
[2022-09-13 20:29:26,054] {processor.py:153} INFO - Started process (PID=1913) to work on /opt/airflow/dags/pre_parser.py
[2022-09-13 20:29:26,056] {processor.py:641} INFO - Processing file /opt/airflow/dags/pre_parser.py for tasks to queue
[2022-09-13 20:29:26,058] {logging_mixin.py:115} INFO - [2022-09-13 20:29:26,058] {dagbag.py:507} INFO - Filling up the DagBag from /opt/airflow/dags/pre_parser.py
[2022-09-13 20:29:26,157] {processor.py:651} INFO - DAG(s) dict_keys(['test_dag']) retrieved from /opt/airflow/dags/pre_parser.py
[2022-09-13 20:29:26,201] {logging_mixin.py:115} INFO - [2022-09-13 20:29:26,201] {dag.py:2371} INFO - Sync 1 DAGs
[2022-09-13 20:29:26,229] {logging_mixin.py:115} INFO - [2022-09-13 20:29:26,228] {dag.py:2919} INFO - Setting next_dagrun for test_dag to 2022-09-13T00:00:00+00:00, run_after=2022-09-14T00:00:00+00:00
[2022-09-13 20:29:26,241] {processor.py:161} INFO - Processing /opt/airflow/dags/pre_parser.py took 0.196 seconds
[2022-09-13 20:29:56,368] {processor.py:153} INFO - Started process (PID=1975) to work on /opt/airflow/dags/pre_parser.py
[2022-09-13 20:29:56,371] {processor.py:641} INFO - Processing file /opt/airflow/dags/pre_parser.py for tasks to queue
[2022-09-13 20:29:56,374] {logging_mixin.py:115} INFO - [2022-09-13 20:29:56,374] {dagbag.py:507} INFO - Filling up the DagBag from /opt/airflow/dags/pre_parser.py
[2022-09-13 20:29:56,435] {processor.py:651} INFO - DAG(s) dict_keys(['test_dag']) retrieved from /opt/airflow/dags/pre_parser.py
[2022-09-13 20:29:56,466] {logging_mixin.py:115} INFO - [2022-09-13 20:29:56,466] {dag.py:2371} INFO - Sync 1 DAGs
[2022-09-13 20:29:56,486] {logging_mixin.py:115} INFO - [2022-09-13 20:29:56,486] {dag.py:2919} INFO - Setting next_dagrun for test_dag to 2022-09-13T00:00:00+00:00, run_after=2022-09-14T00:00:00+00:00
[2022-09-13 20:29:56,502] {processor.py:161} INFO - Processing /opt/airflow/dags/pre_parser.py took 0.142 seconds
[2022-09-13 20:30:26,643] {processor.py:153} INFO - Started process (PID=2037) to work on /opt/airflow/dags/pre_parser.py
[2022-09-13 20:30:26,645] {processor.py:641} INFO - Processing file /opt/airflow/dags/pre_parser.py for tasks to queue
[2022-09-13 20:30:26,646] {logging_mixin.py:115} INFO - [2022-09-13 20:30:26,646] {dagbag.py:507} INFO - Filling up the DagBag from /opt/airflow/dags/pre_parser.py
[2022-09-13 20:30:26,697] {processor.py:651} INFO - DAG(s) dict_keys(['test_dag']) retrieved from /opt/airflow/dags/pre_parser.py
[2022-09-13 20:30:26,728] {logging_mixin.py:115} INFO - [2022-09-13 20:30:26,727] {dag.py:2371} INFO - Sync 1 DAGs
[2022-09-13 20:30:26,745] {logging_mixin.py:115} INFO - [2022-09-13 20:30:26,745] {dag.py:2919} INFO - Setting next_dagrun for test_dag to 2022-09-13T00:00:00+00:00, run_after=2022-09-14T00:00:00+00:00
[2022-09-13 20:30:26,753] {processor.py:161} INFO - Processing /opt/airflow/dags/pre_parser.py took 0.114 seconds
[2022-09-13 20:30:57,529] {processor.py:153} INFO - Started process (PID=2099) to work on /opt/airflow/dags/pre_parser.py
[2022-09-13 20:30:57,530] {processor.py:641} INFO - Processing file /opt/airflow/dags/pre_parser.py for tasks to queue
[2022-09-13 20:30:57,532] {logging_mixin.py:115} INFO - [2022-09-13 20:30:57,532] {dagbag.py:507} INFO - Filling up the DagBag from /opt/airflow/dags/pre_parser.py
[2022-09-13 20:30:57,588] {processor.py:651} INFO - DAG(s) dict_keys(['test_dag']) retrieved from /opt/airflow/dags/pre_parser.py
[2022-09-13 20:30:57,621] {logging_mixin.py:115} INFO - [2022-09-13 20:30:57,620] {dag.py:2371} INFO - Sync 1 DAGs
[2022-09-13 20:30:57,642] {logging_mixin.py:115} INFO - [2022-09-13 20:30:57,642] {dag.py:2919} INFO - Setting next_dagrun for test_dag to 2022-09-13T00:00:00+00:00, run_after=2022-09-14T00:00:00+00:00
[2022-09-13 20:30:57,651] {processor.py:161} INFO - Processing /opt/airflow/dags/pre_parser.py took 0.131 seconds
[2022-09-13 20:31:02,952] {processor.py:153} INFO - Started process (PID=2107) to work on /opt/airflow/dags/pre_parser.py
[2022-09-13 20:31:02,953] {processor.py:641} INFO - Processing file /opt/airflow/dags/pre_parser.py for tasks to queue
[2022-09-13 20:31:02,954] {logging_mixin.py:115} INFO - [2022-09-13 20:31:02,954] {dagbag.py:507} INFO - Filling up the DagBag from /opt/airflow/dags/pre_parser.py
[2022-09-13 20:31:03,007] {processor.py:651} INFO - DAG(s) dict_keys(['test_dag']) retrieved from /opt/airflow/dags/pre_parser.py
[2022-09-13 20:31:03,040] {logging_mixin.py:115} INFO - [2022-09-13 20:31:03,039] {dag.py:2371} INFO - Sync 1 DAGs
[2022-09-13 20:31:03,063] {logging_mixin.py:115} INFO - [2022-09-13 20:31:03,063] {dag.py:2919} INFO - Setting next_dagrun for test_dag to 2022-09-13T00:00:00+00:00, run_after=2022-09-14T00:00:00+00:00
[2022-09-13 20:31:03,080] {processor.py:161} INFO - Processing /opt/airflow/dags/pre_parser.py took 0.131 seconds
[2022-09-13 20:31:08,641] {processor.py:153} INFO - Started process (PID=2131) to work on /opt/airflow/dags/pre_parser.py
[2022-09-13 20:31:08,643] {processor.py:641} INFO - Processing file /opt/airflow/dags/pre_parser.py for tasks to queue
[2022-09-13 20:31:08,645] {logging_mixin.py:115} INFO - [2022-09-13 20:31:08,645] {dagbag.py:507} INFO - Filling up the DagBag from /opt/airflow/dags/pre_parser.py
[2022-09-13 20:31:08,709] {processor.py:651} INFO - DAG(s) dict_keys(['test_dag']) retrieved from /opt/airflow/dags/pre_parser.py
[2022-09-13 20:31:08,732] {logging_mixin.py:115} INFO - [2022-09-13 20:31:08,731] {dag.py:2371} INFO - Sync 1 DAGs
[2022-09-13 20:31:08,752] {logging_mixin.py:115} INFO - [2022-09-13 20:31:08,752] {dag.py:2919} INFO - Setting next_dagrun for test_dag to 2022-09-13T00:00:00+00:00, run_after=2022-09-14T00:00:00+00:00
[2022-09-13 20:31:08,763] {processor.py:161} INFO - Processing /opt/airflow/dags/pre_parser.py took 0.127 seconds
[2022-09-13 20:31:39,753] {processor.py:153} INFO - Started process (PID=2193) to work on /opt/airflow/dags/pre_parser.py
[2022-09-13 20:31:39,755] {processor.py:641} INFO - Processing file /opt/airflow/dags/pre_parser.py for tasks to queue
[2022-09-13 20:31:39,759] {logging_mixin.py:115} INFO - [2022-09-13 20:31:39,759] {dagbag.py:507} INFO - Filling up the DagBag from /opt/airflow/dags/pre_parser.py
[2022-09-13 20:31:39,808] {processor.py:651} INFO - DAG(s) dict_keys(['test_dag']) retrieved from /opt/airflow/dags/pre_parser.py
[2022-09-13 20:31:39,827] {logging_mixin.py:115} INFO - [2022-09-13 20:31:39,827] {dag.py:2371} INFO - Sync 1 DAGs
[2022-09-13 20:31:39,851] {logging_mixin.py:115} INFO - [2022-09-13 20:31:39,851] {dag.py:2919} INFO - Setting next_dagrun for test_dag to 2022-09-13T00:00:00+00:00, run_after=2022-09-14T00:00:00+00:00
[2022-09-13 20:31:39,867] {processor.py:161} INFO - Processing /opt/airflow/dags/pre_parser.py took 0.119 seconds
[2022-09-13 20:32:10,847] {processor.py:153} INFO - Started process (PID=2246) to work on /opt/airflow/dags/pre_parser.py
[2022-09-13 20:32:10,849] {processor.py:641} INFO - Processing file /opt/airflow/dags/pre_parser.py for tasks to queue
[2022-09-13 20:32:10,851] {logging_mixin.py:115} INFO - [2022-09-13 20:32:10,851] {dagbag.py:507} INFO - Filling up the DagBag from /opt/airflow/dags/pre_parser.py
[2022-09-13 20:32:10,907] {processor.py:651} INFO - DAG(s) dict_keys(['test_dag']) retrieved from /opt/airflow/dags/pre_parser.py
[2022-09-13 20:32:10,935] {logging_mixin.py:115} INFO - [2022-09-13 20:32:10,934] {dag.py:2371} INFO - Sync 1 DAGs
[2022-09-13 20:32:10,951] {logging_mixin.py:115} INFO - [2022-09-13 20:32:10,951] {dag.py:2919} INFO - Setting next_dagrun for test_dag to 2022-09-13T00:00:00+00:00, run_after=2022-09-14T00:00:00+00:00
[2022-09-13 20:32:10,964] {processor.py:161} INFO - Processing /opt/airflow/dags/pre_parser.py took 0.125 seconds
[2022-09-13 20:32:41,860] {processor.py:153} INFO - Started process (PID=2308) to work on /opt/airflow/dags/pre_parser.py
[2022-09-13 20:32:41,863] {processor.py:641} INFO - Processing file /opt/airflow/dags/pre_parser.py for tasks to queue
[2022-09-13 20:32:41,865] {logging_mixin.py:115} INFO - [2022-09-13 20:32:41,865] {dagbag.py:507} INFO - Filling up the DagBag from /opt/airflow/dags/pre_parser.py
[2022-09-13 20:32:41,922] {processor.py:651} INFO - DAG(s) dict_keys(['test_dag']) retrieved from /opt/airflow/dags/pre_parser.py
[2022-09-13 20:32:41,945] {logging_mixin.py:115} INFO - [2022-09-13 20:32:41,945] {dag.py:2371} INFO - Sync 1 DAGs
[2022-09-13 20:32:41,964] {logging_mixin.py:115} INFO - [2022-09-13 20:32:41,963] {dag.py:2919} INFO - Setting next_dagrun for test_dag to 2022-09-13T00:00:00+00:00, run_after=2022-09-14T00:00:00+00:00
[2022-09-13 20:32:41,971] {processor.py:161} INFO - Processing /opt/airflow/dags/pre_parser.py took 0.116 seconds
[2022-09-13 20:33:12,809] {processor.py:153} INFO - Started process (PID=2372) to work on /opt/airflow/dags/pre_parser.py
[2022-09-13 20:33:12,811] {processor.py:641} INFO - Processing file /opt/airflow/dags/pre_parser.py for tasks to queue
[2022-09-13 20:33:12,813] {logging_mixin.py:115} INFO - [2022-09-13 20:33:12,813] {dagbag.py:507} INFO - Filling up the DagBag from /opt/airflow/dags/pre_parser.py
[2022-09-13 20:33:12,867] {processor.py:651} INFO - DAG(s) dict_keys(['test_dag']) retrieved from /opt/airflow/dags/pre_parser.py
[2022-09-13 20:33:12,895] {logging_mixin.py:115} INFO - [2022-09-13 20:33:12,894] {dag.py:2371} INFO - Sync 1 DAGs
[2022-09-13 20:33:12,915] {logging_mixin.py:115} INFO - [2022-09-13 20:33:12,915] {dag.py:2919} INFO - Setting next_dagrun for test_dag to 2022-09-13T00:00:00+00:00, run_after=2022-09-14T00:00:00+00:00
[2022-09-13 20:33:12,925] {processor.py:161} INFO - Processing /opt/airflow/dags/pre_parser.py took 0.122 seconds
[2022-09-13 20:33:43,872] {processor.py:153} INFO - Started process (PID=2434) to work on /opt/airflow/dags/pre_parser.py
[2022-09-13 20:33:43,875] {processor.py:641} INFO - Processing file /opt/airflow/dags/pre_parser.py for tasks to queue
[2022-09-13 20:33:43,876] {logging_mixin.py:115} INFO - [2022-09-13 20:33:43,876] {dagbag.py:507} INFO - Filling up the DagBag from /opt/airflow/dags/pre_parser.py
[2022-09-13 20:33:43,923] {processor.py:651} INFO - DAG(s) dict_keys(['test_dag']) retrieved from /opt/airflow/dags/pre_parser.py
[2022-09-13 20:33:43,941] {logging_mixin.py:115} INFO - [2022-09-13 20:33:43,941] {dag.py:2371} INFO - Sync 1 DAGs
[2022-09-13 20:33:43,955] {logging_mixin.py:115} INFO - [2022-09-13 20:33:43,955] {dag.py:2919} INFO - Setting next_dagrun for test_dag to 2022-09-13T00:00:00+00:00, run_after=2022-09-14T00:00:00+00:00
[2022-09-13 20:33:43,962] {processor.py:161} INFO - Processing /opt/airflow/dags/pre_parser.py took 0.101 seconds
