[2022-09-15 00:00:01,187] {taskinstance.py:1159} INFO - Dependencies all met for <TaskInstance: parser_dag.parser_python scheduled__2022-09-14T00:00:00+00:00 [queued]>
[2022-09-15 00:00:01,194] {taskinstance.py:1159} INFO - Dependencies all met for <TaskInstance: parser_dag.parser_python scheduled__2022-09-14T00:00:00+00:00 [queued]>
[2022-09-15 00:00:01,195] {taskinstance.py:1356} INFO - 
--------------------------------------------------------------------------------
[2022-09-15 00:00:01,196] {taskinstance.py:1357} INFO - Starting attempt 1 of 1
[2022-09-15 00:00:01,197] {taskinstance.py:1358} INFO - 
--------------------------------------------------------------------------------
[2022-09-15 00:00:01,205] {taskinstance.py:1377} INFO - Executing <Task(PythonOperator): parser_python> on 2022-09-14 00:00:00+00:00
[2022-09-15 00:00:01,211] {standard_task_runner.py:52} INFO - Started process 20154 to run task
[2022-09-15 00:00:01,214] {standard_task_runner.py:79} INFO - Running: ['***', 'tasks', 'run', 'parser_dag', 'parser_python', 'scheduled__2022-09-14T00:00:00+00:00', '--job-id', '89', '--raw', '--subdir', 'DAGS_FOLDER/pre_parser.py', '--cfg-path', '/tmp/tmpuzjvkfzg', '--error-file', '/tmp/tmprhww5qeh']
[2022-09-15 00:00:01,216] {standard_task_runner.py:80} INFO - Job 89: Subtask parser_python
[2022-09-15 00:00:01,271] {task_command.py:369} INFO - Running <TaskInstance: parser_dag.parser_python scheduled__2022-09-14T00:00:00+00:00 [running]> on host 1085bb4029c2
[2022-09-15 00:00:01,324] {taskinstance.py:1571} INFO - Exporting the following env vars:
AIRFLOW_CTX_DAG_OWNER=***
AIRFLOW_CTX_DAG_ID=parser_dag
AIRFLOW_CTX_TASK_ID=parser_python
AIRFLOW_CTX_EXECUTION_DATE=2022-09-14T00:00:00+00:00
AIRFLOW_CTX_TRY_NUMBER=1
AIRFLOW_CTX_DAG_RUN_ID=scheduled__2022-09-14T00:00:00+00:00
[2022-09-15 00:00:11,209] {logging_mixin.py:115} INFO - No more products in 5ka
[2022-09-15 00:00:21,736] {logging_mixin.py:115} INFO - No more products in magnit-univer
[2022-09-15 00:00:31,814] {logging_mixin.py:115} INFO - No more products in perekrestok
[2022-09-15 00:00:38,935] {logging_mixin.py:115} INFO - No more products in dixy
[2022-09-15 00:00:48,298] {logging_mixin.py:115} INFO - No more products in lenta-super
[2022-09-15 00:00:59,016] {logging_mixin.py:115} INFO - No more products in vkusvill_offline
[2022-09-15 00:01:08,501] {logging_mixin.py:115} INFO - No more products in mgnl
[2022-09-15 00:01:08,621] {logging_mixin.py:115} INFO - No data for azbuka_vkusa
[2022-09-15 00:01:08,746] {python.py:173} INFO - Done. Returned value was: None
[2022-09-15 00:01:08,784] {taskinstance.py:1400} INFO - Marking task as SUCCESS. dag_id=parser_dag, task_id=parser_python, execution_date=20220914T000000, start_date=20220915T000001, end_date=20220915T000108
[2022-09-15 00:01:08,835] {local_task_job.py:156} INFO - Task exited with return code 0
[2022-09-15 00:01:08,879] {local_task_job.py:273} INFO - 1 downstream tasks scheduled from follow-on schedule check
