[2022-09-14 16:31:18,496] {taskinstance.py:1159} INFO - Dependencies all met for <TaskInstance: 3_download_rocket_launches.download_rocket_launches manual__2022-09-14T16:31:17.771406+00:00 [queued]>
[2022-09-14 16:31:18,501] {taskinstance.py:1159} INFO - Dependencies all met for <TaskInstance: 3_download_rocket_launches.download_rocket_launches manual__2022-09-14T16:31:17.771406+00:00 [queued]>
[2022-09-14 16:31:18,502] {taskinstance.py:1356} INFO - 
--------------------------------------------------------------------------------
[2022-09-14 16:31:18,503] {taskinstance.py:1357} INFO - Starting attempt 1 of 1
[2022-09-14 16:31:18,504] {taskinstance.py:1358} INFO - 
--------------------------------------------------------------------------------
[2022-09-14 16:31:18,512] {taskinstance.py:1377} INFO - Executing <Task(PythonOperator): download_rocket_launches> on 2022-09-14 16:31:17.771406+00:00
[2022-09-14 16:31:18,516] {standard_task_runner.py:52} INFO - Started process 403 to run task
[2022-09-14 16:31:18,523] {standard_task_runner.py:79} INFO - Running: ['***', 'tasks', 'run', '3_download_rocket_launches', 'download_rocket_launches', 'manual__2022-09-14T16:31:17.771406+00:00', '--job-id', '77', '--raw', '--subdir', 'DAGS_FOLDER/test_test.py', '--cfg-path', '/tmp/tmpfun2sq9f', '--error-file', '/tmp/tmpsidcwnkh']
[2022-09-14 16:31:18,525] {standard_task_runner.py:80} INFO - Job 77: Subtask download_rocket_launches
[2022-09-14 16:31:18,589] {task_command.py:369} INFO - Running <TaskInstance: 3_download_rocket_launches.download_rocket_launches manual__2022-09-14T16:31:17.771406+00:00 [running]> on host 1085bb4029c2
[2022-09-14 16:31:18,636] {taskinstance.py:1571} INFO - Exporting the following env vars:
AIRFLOW_CTX_DAG_OWNER=***
AIRFLOW_CTX_DAG_ID=3_download_rocket_launches
AIRFLOW_CTX_TASK_ID=download_rocket_launches
AIRFLOW_CTX_EXECUTION_DATE=2022-09-14T16:31:17.771406+00:00
AIRFLOW_CTX_TRY_NUMBER=1
AIRFLOW_CTX_DAG_RUN_ID=manual__2022-09-14T16:31:17.771406+00:00
[2022-09-14 16:31:18,641] {warnings.py:110} WARNING - /home/***/.local/lib/python3.7/site-packages/***/utils/context.py:290: AirflowContextDeprecationWarning: Accessing 'tomorrow_ds' from the template is deprecated and will be removed in a future version.
  warnings.warn(_create_deprecation_warning(k, replacements))

[2022-09-14 16:31:19,969] {python.py:173} INFO - Done. Returned value was: None
[2022-09-14 16:31:19,992] {taskinstance.py:1400} INFO - Marking task as SUCCESS. dag_id=3_download_rocket_launches, task_id=download_rocket_launches, execution_date=20220914T163117, start_date=20220914T163118, end_date=20220914T163119
[2022-09-14 16:31:20,029] {local_task_job.py:156} INFO - Task exited with return code 0
[2022-09-14 16:31:20,086] {local_task_job.py:273} INFO - 1 downstream tasks scheduled from follow-on schedule check
