[2022-09-14 15:48:24,658] {taskinstance.py:1159} INFO - Dependencies all met for <TaskInstance: 3_download_rocket_launches.download_rocket_launches manual__2022-09-14T15:48:23.947717+00:00 [queued]>
[2022-09-14 15:48:24,664] {taskinstance.py:1159} INFO - Dependencies all met for <TaskInstance: 3_download_rocket_launches.download_rocket_launches manual__2022-09-14T15:48:23.947717+00:00 [queued]>
[2022-09-14 15:48:24,664] {taskinstance.py:1356} INFO - 
--------------------------------------------------------------------------------
[2022-09-14 15:48:24,665] {taskinstance.py:1357} INFO - Starting attempt 1 of 1
[2022-09-14 15:48:24,670] {taskinstance.py:1358} INFO - 
--------------------------------------------------------------------------------
[2022-09-14 15:48:24,681] {taskinstance.py:1377} INFO - Executing <Task(PythonOperator): download_rocket_launches> on 2022-09-14 15:48:23.947717+00:00
[2022-09-14 15:48:24,686] {standard_task_runner.py:52} INFO - Started process 347 to run task
[2022-09-14 15:48:24,690] {standard_task_runner.py:79} INFO - Running: ['***', 'tasks', 'run', '3_download_rocket_launches', 'download_rocket_launches', 'manual__2022-09-14T15:48:23.947717+00:00', '--job-id', '68', '--raw', '--subdir', 'DAGS_FOLDER/test_test.py', '--cfg-path', '/tmp/tmpl8iafyn_', '--error-file', '/tmp/tmpold0aiz7']
[2022-09-14 15:48:24,691] {standard_task_runner.py:80} INFO - Job 68: Subtask download_rocket_launches
[2022-09-14 15:48:24,732] {task_command.py:369} INFO - Running <TaskInstance: 3_download_rocket_launches.download_rocket_launches manual__2022-09-14T15:48:23.947717+00:00 [running]> on host 0895a10dcb58
[2022-09-14 15:48:24,779] {taskinstance.py:1571} INFO - Exporting the following env vars:
AIRFLOW_CTX_DAG_OWNER=***
AIRFLOW_CTX_DAG_ID=3_download_rocket_launches
AIRFLOW_CTX_TASK_ID=download_rocket_launches
AIRFLOW_CTX_EXECUTION_DATE=2022-09-14T15:48:23.947717+00:00
AIRFLOW_CTX_TRY_NUMBER=1
AIRFLOW_CTX_DAG_RUN_ID=manual__2022-09-14T15:48:23.947717+00:00
[2022-09-14 15:48:24,781] {warnings.py:110} WARNING - /home/***/.local/lib/python3.7/site-packages/***/utils/context.py:290: AirflowContextDeprecationWarning: Accessing 'tomorrow_ds' from the template is deprecated and will be removed in a future version.
  warnings.warn(_create_deprecation_warning(k, replacements))

[2022-09-14 15:49:41,498] {python.py:173} INFO - Done. Returned value was: None
[2022-09-14 15:49:41,533] {taskinstance.py:1400} INFO - Marking task as SUCCESS. dag_id=3_download_rocket_launches, task_id=download_rocket_launches, execution_date=20220914T154823, start_date=20220914T154824, end_date=20220914T154941
[2022-09-14 15:49:41,596] {local_task_job.py:156} INFO - Task exited with return code 0
[2022-09-14 15:49:41,623] {local_task_job.py:273} INFO - 1 downstream tasks scheduled from follow-on schedule check
