[2022-09-14 18:58:28,178] {taskinstance.py:1159} INFO - Dependencies all met for <TaskInstance: parser_dag.notify manual__2022-09-14T18:47:23.846238+00:00 [queued]>
[2022-09-14 18:58:28,184] {taskinstance.py:1159} INFO - Dependencies all met for <TaskInstance: parser_dag.notify manual__2022-09-14T18:47:23.846238+00:00 [queued]>
[2022-09-14 18:58:28,185] {taskinstance.py:1356} INFO - 
--------------------------------------------------------------------------------
[2022-09-14 18:58:28,185] {taskinstance.py:1357} INFO - Starting attempt 1 of 1
[2022-09-14 18:58:28,186] {taskinstance.py:1358} INFO - 
--------------------------------------------------------------------------------
[2022-09-14 18:58:28,194] {taskinstance.py:1377} INFO - Executing <Task(BashOperator): notify> on 2022-09-14 18:47:23.846238+00:00
[2022-09-14 18:58:28,198] {standard_task_runner.py:52} INFO - Started process 7598 to run task
[2022-09-14 18:58:28,200] {standard_task_runner.py:79} INFO - Running: ['***', 'tasks', 'run', 'parser_dag', 'notify', 'manual__2022-09-14T18:47:23.846238+00:00', '--job-id', '88', '--raw', '--subdir', 'DAGS_FOLDER/pre_parser.py', '--cfg-path', '/tmp/tmp983m5cpy', '--error-file', '/tmp/tmpznurbmrx']
[2022-09-14 18:58:28,201] {standard_task_runner.py:80} INFO - Job 88: Subtask notify
[2022-09-14 18:58:28,238] {task_command.py:369} INFO - Running <TaskInstance: parser_dag.notify manual__2022-09-14T18:47:23.846238+00:00 [running]> on host 1085bb4029c2
[2022-09-14 18:58:28,284] {taskinstance.py:1571} INFO - Exporting the following env vars:
AIRFLOW_CTX_DAG_OWNER=***
AIRFLOW_CTX_DAG_ID=parser_dag
AIRFLOW_CTX_TASK_ID=notify
AIRFLOW_CTX_EXECUTION_DATE=2022-09-14T18:47:23.846238+00:00
AIRFLOW_CTX_TRY_NUMBER=1
AIRFLOW_CTX_DAG_RUN_ID=manual__2022-09-14T18:47:23.846238+00:00
[2022-09-14 18:58:28,286] {subprocess.py:62} INFO - Tmp dir root location: 
 /tmp
[2022-09-14 18:58:28,288] {subprocess.py:74} INFO - Running command: ['bash', '-c', 'echo "Hello!"']
[2022-09-14 18:58:28,300] {subprocess.py:85} INFO - Output:
[2022-09-14 18:58:28,302] {subprocess.py:92} INFO - Hello!
[2022-09-14 18:58:28,303] {subprocess.py:96} INFO - Command exited with return code 0
[2022-09-14 18:58:28,323] {taskinstance.py:1400} INFO - Marking task as SUCCESS. dag_id=parser_dag, task_id=notify, execution_date=20220914T184723, start_date=20220914T185828, end_date=20220914T185828
[2022-09-14 18:58:28,373] {local_task_job.py:156} INFO - Task exited with return code 0
[2022-09-14 18:58:28,393] {local_task_job.py:273} INFO - 0 downstream tasks scheduled from follow-on schedule check
