[2022-10-16 22:50:01,323] {processor.py:153} INFO - Started process (PID=71) to work on /home/airflow/.local/lib/python3.7/site-packages/airflow/example_dags/example_task_group.py
[2022-10-16 22:50:01,326] {processor.py:641} INFO - Processing file /home/airflow/.local/lib/python3.7/site-packages/airflow/example_dags/example_task_group.py for tasks to queue
[2022-10-16 22:50:01,328] {logging_mixin.py:115} INFO - [2022-10-16 22:50:01,328] {dagbag.py:507} INFO - Filling up the DagBag from /home/airflow/.local/lib/python3.7/site-packages/airflow/example_dags/example_task_group.py
[2022-10-16 22:50:01,340] {processor.py:651} INFO - DAG(s) dict_keys(['example_task_group']) retrieved from /home/airflow/.local/lib/python3.7/site-packages/airflow/example_dags/example_task_group.py
[2022-10-16 22:50:01,607] {logging_mixin.py:115} INFO - [2022-10-16 22:50:01,607] {manager.py:508} INFO - Created Permission View: can delete on DAG:example_task_group
[2022-10-16 22:50:01,616] {logging_mixin.py:115} INFO - [2022-10-16 22:50:01,616] {manager.py:508} INFO - Created Permission View: can edit on DAG:example_task_group
[2022-10-16 22:50:01,626] {logging_mixin.py:115} INFO - [2022-10-16 22:50:01,626] {manager.py:508} INFO - Created Permission View: can read on DAG:example_task_group
[2022-10-16 22:50:01,628] {logging_mixin.py:115} INFO - [2022-10-16 22:50:01,627] {dag.py:2371} INFO - Sync 1 DAGs
[2022-10-16 22:50:01,637] {logging_mixin.py:115} INFO - [2022-10-16 22:50:01,637] {dag.py:2390} INFO - Creating ORM DAG for example_task_group
[2022-10-16 22:50:01,648] {logging_mixin.py:115} INFO - [2022-10-16 22:50:01,647] {dag.py:2919} INFO - Setting next_dagrun for example_task_group to 2022-10-15T22:50:01.647687+00:00, run_after=2022-10-16T22:50:01.647687+00:00
[2022-10-16 22:50:01,665] {processor.py:161} INFO - Processing /home/airflow/.local/lib/python3.7/site-packages/airflow/example_dags/example_task_group.py took 0.344 seconds
[2022-10-16 22:50:36,020] {processor.py:153} INFO - Started process (PID=142) to work on /home/airflow/.local/lib/python3.7/site-packages/airflow/example_dags/example_task_group.py
[2022-10-16 22:50:36,026] {processor.py:641} INFO - Processing file /home/airflow/.local/lib/python3.7/site-packages/airflow/example_dags/example_task_group.py for tasks to queue
[2022-10-16 22:50:36,029] {logging_mixin.py:115} INFO - [2022-10-16 22:50:36,029] {dagbag.py:507} INFO - Filling up the DagBag from /home/airflow/.local/lib/python3.7/site-packages/airflow/example_dags/example_task_group.py
[2022-10-16 22:50:36,137] {processor.py:651} INFO - DAG(s) dict_keys(['example_task_group']) retrieved from /home/airflow/.local/lib/python3.7/site-packages/airflow/example_dags/example_task_group.py
[2022-10-16 22:50:36,310] {logging_mixin.py:115} INFO - [2022-10-16 22:50:36,309] {dag.py:2371} INFO - Sync 1 DAGs
[2022-10-16 22:50:36,465] {logging_mixin.py:115} INFO - [2022-10-16 22:50:36,465] {dag.py:2919} INFO - Setting next_dagrun for example_task_group to 2022-10-15T22:50:36.465311+00:00, run_after=2022-10-16T22:50:36.465311+00:00
[2022-10-16 22:50:38,111] {processor.py:161} INFO - Processing /home/airflow/.local/lib/python3.7/site-packages/airflow/example_dags/example_task_group.py took 2.125 seconds
[2022-10-16 22:51:08,269] {processor.py:153} INFO - Started process (PID=201) to work on /home/airflow/.local/lib/python3.7/site-packages/airflow/example_dags/example_task_group.py
[2022-10-16 22:51:08,276] {processor.py:641} INFO - Processing file /home/airflow/.local/lib/python3.7/site-packages/airflow/example_dags/example_task_group.py for tasks to queue
[2022-10-16 22:51:08,280] {logging_mixin.py:115} INFO - [2022-10-16 22:51:08,280] {dagbag.py:507} INFO - Filling up the DagBag from /home/airflow/.local/lib/python3.7/site-packages/airflow/example_dags/example_task_group.py
[2022-10-16 22:51:08,300] {processor.py:651} INFO - DAG(s) dict_keys(['example_task_group']) retrieved from /home/airflow/.local/lib/python3.7/site-packages/airflow/example_dags/example_task_group.py
[2022-10-16 22:51:08,339] {logging_mixin.py:115} INFO - [2022-10-16 22:51:08,339] {dag.py:2371} INFO - Sync 1 DAGs
[2022-10-16 22:51:08,368] {logging_mixin.py:115} INFO - [2022-10-16 22:51:08,368] {dag.py:2919} INFO - Setting next_dagrun for example_task_group to 2022-10-15T22:51:08.368073+00:00, run_after=2022-10-16T22:51:08.368073+00:00
[2022-10-16 22:51:08,674] {processor.py:161} INFO - Processing /home/airflow/.local/lib/python3.7/site-packages/airflow/example_dags/example_task_group.py took 0.414 seconds
[2022-10-16 22:51:39,235] {processor.py:153} INFO - Started process (PID=268) to work on /home/airflow/.local/lib/python3.7/site-packages/airflow/example_dags/example_task_group.py
[2022-10-16 22:51:39,237] {processor.py:641} INFO - Processing file /home/airflow/.local/lib/python3.7/site-packages/airflow/example_dags/example_task_group.py for tasks to queue
[2022-10-16 22:51:39,238] {logging_mixin.py:115} INFO - [2022-10-16 22:51:39,238] {dagbag.py:507} INFO - Filling up the DagBag from /home/airflow/.local/lib/python3.7/site-packages/airflow/example_dags/example_task_group.py
[2022-10-16 22:51:39,246] {processor.py:651} INFO - DAG(s) dict_keys(['example_task_group']) retrieved from /home/airflow/.local/lib/python3.7/site-packages/airflow/example_dags/example_task_group.py
[2022-10-16 22:51:39,290] {logging_mixin.py:115} INFO - [2022-10-16 22:51:39,289] {dag.py:2371} INFO - Sync 1 DAGs
[2022-10-16 22:51:39,312] {logging_mixin.py:115} INFO - [2022-10-16 22:51:39,312] {dag.py:2919} INFO - Setting next_dagrun for example_task_group to 2022-10-15T22:51:39.311857+00:00, run_after=2022-10-16T22:51:39.311857+00:00
[2022-10-16 22:51:39,583] {processor.py:161} INFO - Processing /home/airflow/.local/lib/python3.7/site-packages/airflow/example_dags/example_task_group.py took 0.351 seconds
[2022-10-16 22:52:10,321] {processor.py:153} INFO - Started process (PID=334) to work on /home/airflow/.local/lib/python3.7/site-packages/airflow/example_dags/example_task_group.py
[2022-10-16 22:52:10,324] {processor.py:641} INFO - Processing file /home/airflow/.local/lib/python3.7/site-packages/airflow/example_dags/example_task_group.py for tasks to queue
[2022-10-16 22:52:10,325] {logging_mixin.py:115} INFO - [2022-10-16 22:52:10,325] {dagbag.py:507} INFO - Filling up the DagBag from /home/airflow/.local/lib/python3.7/site-packages/airflow/example_dags/example_task_group.py
[2022-10-16 22:52:10,340] {processor.py:651} INFO - DAG(s) dict_keys(['example_task_group']) retrieved from /home/airflow/.local/lib/python3.7/site-packages/airflow/example_dags/example_task_group.py
[2022-10-16 22:52:10,378] {logging_mixin.py:115} INFO - [2022-10-16 22:52:10,378] {dag.py:2371} INFO - Sync 1 DAGs
[2022-10-16 22:52:10,401] {logging_mixin.py:115} INFO - [2022-10-16 22:52:10,401] {dag.py:2919} INFO - Setting next_dagrun for example_task_group to 2022-10-15T22:52:10.400851+00:00, run_after=2022-10-16T22:52:10.400851+00:00
[2022-10-16 22:52:10,790] {processor.py:161} INFO - Processing /home/airflow/.local/lib/python3.7/site-packages/airflow/example_dags/example_task_group.py took 0.473 seconds
[2022-10-16 22:52:41,074] {processor.py:153} INFO - Started process (PID=392) to work on /home/airflow/.local/lib/python3.7/site-packages/airflow/example_dags/example_task_group.py
[2022-10-16 22:52:41,078] {processor.py:641} INFO - Processing file /home/airflow/.local/lib/python3.7/site-packages/airflow/example_dags/example_task_group.py for tasks to queue
[2022-10-16 22:52:41,080] {logging_mixin.py:115} INFO - [2022-10-16 22:52:41,080] {dagbag.py:507} INFO - Filling up the DagBag from /home/airflow/.local/lib/python3.7/site-packages/airflow/example_dags/example_task_group.py
[2022-10-16 22:52:41,102] {processor.py:651} INFO - DAG(s) dict_keys(['example_task_group']) retrieved from /home/airflow/.local/lib/python3.7/site-packages/airflow/example_dags/example_task_group.py
[2022-10-16 22:52:41,167] {logging_mixin.py:115} INFO - [2022-10-16 22:52:41,167] {dag.py:2371} INFO - Sync 1 DAGs
[2022-10-16 22:52:41,205] {logging_mixin.py:115} INFO - [2022-10-16 22:52:41,204] {dag.py:2919} INFO - Setting next_dagrun for example_task_group to 2022-10-15T22:52:41.204521+00:00, run_after=2022-10-16T22:52:41.204521+00:00
[2022-10-16 22:52:41,629] {processor.py:161} INFO - Processing /home/airflow/.local/lib/python3.7/site-packages/airflow/example_dags/example_task_group.py took 0.567 seconds
[2022-10-16 22:53:12,516] {processor.py:153} INFO - Started process (PID=459) to work on /home/airflow/.local/lib/python3.7/site-packages/airflow/example_dags/example_task_group.py
[2022-10-16 22:53:12,519] {processor.py:641} INFO - Processing file /home/airflow/.local/lib/python3.7/site-packages/airflow/example_dags/example_task_group.py for tasks to queue
[2022-10-16 22:53:12,521] {logging_mixin.py:115} INFO - [2022-10-16 22:53:12,521] {dagbag.py:507} INFO - Filling up the DagBag from /home/airflow/.local/lib/python3.7/site-packages/airflow/example_dags/example_task_group.py
[2022-10-16 22:53:12,534] {processor.py:651} INFO - DAG(s) dict_keys(['example_task_group']) retrieved from /home/airflow/.local/lib/python3.7/site-packages/airflow/example_dags/example_task_group.py
[2022-10-16 22:53:12,570] {logging_mixin.py:115} INFO - [2022-10-16 22:53:12,570] {dag.py:2371} INFO - Sync 1 DAGs
[2022-10-16 22:53:12,597] {logging_mixin.py:115} INFO - [2022-10-16 22:53:12,596] {dag.py:2919} INFO - Setting next_dagrun for example_task_group to 2022-10-15T22:53:12.595990+00:00, run_after=2022-10-16T22:53:12.595990+00:00
[2022-10-16 22:53:12,849] {processor.py:161} INFO - Processing /home/airflow/.local/lib/python3.7/site-packages/airflow/example_dags/example_task_group.py took 0.343 seconds
[2022-10-16 22:53:43,117] {processor.py:153} INFO - Started process (PID=525) to work on /home/airflow/.local/lib/python3.7/site-packages/airflow/example_dags/example_task_group.py
[2022-10-16 22:53:43,119] {processor.py:641} INFO - Processing file /home/airflow/.local/lib/python3.7/site-packages/airflow/example_dags/example_task_group.py for tasks to queue
[2022-10-16 22:53:43,120] {logging_mixin.py:115} INFO - [2022-10-16 22:53:43,120] {dagbag.py:507} INFO - Filling up the DagBag from /home/airflow/.local/lib/python3.7/site-packages/airflow/example_dags/example_task_group.py
[2022-10-16 22:53:43,139] {processor.py:651} INFO - DAG(s) dict_keys(['example_task_group']) retrieved from /home/airflow/.local/lib/python3.7/site-packages/airflow/example_dags/example_task_group.py
[2022-10-16 22:53:43,203] {logging_mixin.py:115} INFO - [2022-10-16 22:53:43,203] {dag.py:2371} INFO - Sync 1 DAGs
[2022-10-16 22:53:43,257] {logging_mixin.py:115} INFO - [2022-10-16 22:53:43,257] {dag.py:2919} INFO - Setting next_dagrun for example_task_group to 2022-10-15T22:53:43.257337+00:00, run_after=2022-10-16T22:53:43.257337+00:00
[2022-10-16 22:53:43,628] {processor.py:161} INFO - Processing /home/airflow/.local/lib/python3.7/site-packages/airflow/example_dags/example_task_group.py took 0.519 seconds
[2022-10-16 22:54:13,833] {processor.py:153} INFO - Started process (PID=592) to work on /home/airflow/.local/lib/python3.7/site-packages/airflow/example_dags/example_task_group.py
[2022-10-16 22:54:13,835] {processor.py:641} INFO - Processing file /home/airflow/.local/lib/python3.7/site-packages/airflow/example_dags/example_task_group.py for tasks to queue
[2022-10-16 22:54:13,837] {logging_mixin.py:115} INFO - [2022-10-16 22:54:13,836] {dagbag.py:507} INFO - Filling up the DagBag from /home/airflow/.local/lib/python3.7/site-packages/airflow/example_dags/example_task_group.py
[2022-10-16 22:54:13,850] {processor.py:651} INFO - DAG(s) dict_keys(['example_task_group']) retrieved from /home/airflow/.local/lib/python3.7/site-packages/airflow/example_dags/example_task_group.py
[2022-10-16 22:54:13,893] {logging_mixin.py:115} INFO - [2022-10-16 22:54:13,892] {dag.py:2371} INFO - Sync 1 DAGs
[2022-10-16 22:54:13,918] {logging_mixin.py:115} INFO - [2022-10-16 22:54:13,918] {dag.py:2919} INFO - Setting next_dagrun for example_task_group to 2022-10-15T22:54:13.917626+00:00, run_after=2022-10-16T22:54:13.917626+00:00
[2022-10-16 22:54:14,257] {processor.py:161} INFO - Processing /home/airflow/.local/lib/python3.7/site-packages/airflow/example_dags/example_task_group.py took 0.428 seconds
[2022-10-16 22:54:44,357] {processor.py:153} INFO - Started process (PID=659) to work on /home/airflow/.local/lib/python3.7/site-packages/airflow/example_dags/example_task_group.py
[2022-10-16 22:54:44,359] {processor.py:641} INFO - Processing file /home/airflow/.local/lib/python3.7/site-packages/airflow/example_dags/example_task_group.py for tasks to queue
[2022-10-16 22:54:44,363] {logging_mixin.py:115} INFO - [2022-10-16 22:54:44,362] {dagbag.py:507} INFO - Filling up the DagBag from /home/airflow/.local/lib/python3.7/site-packages/airflow/example_dags/example_task_group.py
[2022-10-16 22:54:44,372] {processor.py:651} INFO - DAG(s) dict_keys(['example_task_group']) retrieved from /home/airflow/.local/lib/python3.7/site-packages/airflow/example_dags/example_task_group.py
[2022-10-16 22:54:44,397] {logging_mixin.py:115} INFO - [2022-10-16 22:54:44,397] {dag.py:2371} INFO - Sync 1 DAGs
[2022-10-16 22:54:44,415] {logging_mixin.py:115} INFO - [2022-10-16 22:54:44,415] {dag.py:2919} INFO - Setting next_dagrun for example_task_group to 2022-10-15T22:54:44.415234+00:00, run_after=2022-10-16T22:54:44.415234+00:00
[2022-10-16 22:54:44,579] {processor.py:161} INFO - Processing /home/airflow/.local/lib/python3.7/site-packages/airflow/example_dags/example_task_group.py took 0.227 seconds
[2022-10-16 22:55:14,692] {processor.py:153} INFO - Started process (PID=717) to work on /home/airflow/.local/lib/python3.7/site-packages/airflow/example_dags/example_task_group.py
[2022-10-16 22:55:14,694] {processor.py:641} INFO - Processing file /home/airflow/.local/lib/python3.7/site-packages/airflow/example_dags/example_task_group.py for tasks to queue
[2022-10-16 22:55:14,696] {logging_mixin.py:115} INFO - [2022-10-16 22:55:14,696] {dagbag.py:507} INFO - Filling up the DagBag from /home/airflow/.local/lib/python3.7/site-packages/airflow/example_dags/example_task_group.py
[2022-10-16 22:55:14,706] {processor.py:651} INFO - DAG(s) dict_keys(['example_task_group']) retrieved from /home/airflow/.local/lib/python3.7/site-packages/airflow/example_dags/example_task_group.py
[2022-10-16 22:55:14,733] {logging_mixin.py:115} INFO - [2022-10-16 22:55:14,733] {dag.py:2371} INFO - Sync 1 DAGs
[2022-10-16 22:55:14,750] {logging_mixin.py:115} INFO - [2022-10-16 22:55:14,750] {dag.py:2919} INFO - Setting next_dagrun for example_task_group to 2022-10-15T22:55:14.749923+00:00, run_after=2022-10-16T22:55:14.749923+00:00
[2022-10-16 22:55:14,759] {processor.py:161} INFO - Processing /home/airflow/.local/lib/python3.7/site-packages/airflow/example_dags/example_task_group.py took 0.074 seconds
[2022-10-16 22:55:45,124] {processor.py:153} INFO - Started process (PID=784) to work on /home/airflow/.local/lib/python3.7/site-packages/airflow/example_dags/example_task_group.py
[2022-10-16 22:55:45,128] {processor.py:641} INFO - Processing file /home/airflow/.local/lib/python3.7/site-packages/airflow/example_dags/example_task_group.py for tasks to queue
[2022-10-16 22:55:45,132] {logging_mixin.py:115} INFO - [2022-10-16 22:55:45,131] {dagbag.py:507} INFO - Filling up the DagBag from /home/airflow/.local/lib/python3.7/site-packages/airflow/example_dags/example_task_group.py
[2022-10-16 22:55:45,146] {processor.py:651} INFO - DAG(s) dict_keys(['example_task_group']) retrieved from /home/airflow/.local/lib/python3.7/site-packages/airflow/example_dags/example_task_group.py
[2022-10-16 22:55:45,170] {logging_mixin.py:115} INFO - [2022-10-16 22:55:45,170] {dag.py:2371} INFO - Sync 1 DAGs
[2022-10-16 22:55:45,188] {logging_mixin.py:115} INFO - [2022-10-16 22:55:45,188] {dag.py:2919} INFO - Setting next_dagrun for example_task_group to 2022-10-15T22:55:45.188603+00:00, run_after=2022-10-16T22:55:45.188603+00:00
[2022-10-16 22:55:45,197] {processor.py:161} INFO - Processing /home/airflow/.local/lib/python3.7/site-packages/airflow/example_dags/example_task_group.py took 0.080 seconds
[2022-10-16 22:56:15,564] {processor.py:153} INFO - Started process (PID=850) to work on /home/airflow/.local/lib/python3.7/site-packages/airflow/example_dags/example_task_group.py
[2022-10-16 22:56:15,567] {processor.py:641} INFO - Processing file /home/airflow/.local/lib/python3.7/site-packages/airflow/example_dags/example_task_group.py for tasks to queue
[2022-10-16 22:56:15,568] {logging_mixin.py:115} INFO - [2022-10-16 22:56:15,568] {dagbag.py:507} INFO - Filling up the DagBag from /home/airflow/.local/lib/python3.7/site-packages/airflow/example_dags/example_task_group.py
[2022-10-16 22:56:15,577] {processor.py:651} INFO - DAG(s) dict_keys(['example_task_group']) retrieved from /home/airflow/.local/lib/python3.7/site-packages/airflow/example_dags/example_task_group.py
[2022-10-16 22:56:15,597] {logging_mixin.py:115} INFO - [2022-10-16 22:56:15,597] {dag.py:2371} INFO - Sync 1 DAGs
[2022-10-16 22:56:15,613] {logging_mixin.py:115} INFO - [2022-10-16 22:56:15,612] {dag.py:2919} INFO - Setting next_dagrun for example_task_group to 2022-10-15T22:56:15.612805+00:00, run_after=2022-10-16T22:56:15.612805+00:00
[2022-10-16 22:56:15,620] {processor.py:161} INFO - Processing /home/airflow/.local/lib/python3.7/site-packages/airflow/example_dags/example_task_group.py took 0.059 seconds
[2022-10-16 22:56:46,242] {processor.py:153} INFO - Started process (PID=917) to work on /home/airflow/.local/lib/python3.7/site-packages/airflow/example_dags/example_task_group.py
[2022-10-16 22:56:46,243] {processor.py:641} INFO - Processing file /home/airflow/.local/lib/python3.7/site-packages/airflow/example_dags/example_task_group.py for tasks to queue
[2022-10-16 22:56:46,244] {logging_mixin.py:115} INFO - [2022-10-16 22:56:46,244] {dagbag.py:507} INFO - Filling up the DagBag from /home/airflow/.local/lib/python3.7/site-packages/airflow/example_dags/example_task_group.py
[2022-10-16 22:56:46,253] {processor.py:651} INFO - DAG(s) dict_keys(['example_task_group']) retrieved from /home/airflow/.local/lib/python3.7/site-packages/airflow/example_dags/example_task_group.py
[2022-10-16 22:56:46,274] {logging_mixin.py:115} INFO - [2022-10-16 22:56:46,274] {dag.py:2371} INFO - Sync 1 DAGs
[2022-10-16 22:56:46,290] {logging_mixin.py:115} INFO - [2022-10-16 22:56:46,290] {dag.py:2919} INFO - Setting next_dagrun for example_task_group to 2022-10-15T22:56:46.290275+00:00, run_after=2022-10-16T22:56:46.290275+00:00
[2022-10-16 22:56:46,299] {processor.py:161} INFO - Processing /home/airflow/.local/lib/python3.7/site-packages/airflow/example_dags/example_task_group.py took 0.061 seconds
[2022-10-16 22:57:16,816] {processor.py:153} INFO - Started process (PID=983) to work on /home/airflow/.local/lib/python3.7/site-packages/airflow/example_dags/example_task_group.py
[2022-10-16 22:57:16,820] {processor.py:641} INFO - Processing file /home/airflow/.local/lib/python3.7/site-packages/airflow/example_dags/example_task_group.py for tasks to queue
[2022-10-16 22:57:16,823] {logging_mixin.py:115} INFO - [2022-10-16 22:57:16,823] {dagbag.py:507} INFO - Filling up the DagBag from /home/airflow/.local/lib/python3.7/site-packages/airflow/example_dags/example_task_group.py
[2022-10-16 22:57:16,832] {processor.py:651} INFO - DAG(s) dict_keys(['example_task_group']) retrieved from /home/airflow/.local/lib/python3.7/site-packages/airflow/example_dags/example_task_group.py
[2022-10-16 22:57:16,858] {logging_mixin.py:115} INFO - [2022-10-16 22:57:16,858] {dag.py:2371} INFO - Sync 1 DAGs
[2022-10-16 22:57:16,874] {logging_mixin.py:115} INFO - [2022-10-16 22:57:16,874] {dag.py:2919} INFO - Setting next_dagrun for example_task_group to 2022-10-15T22:57:16.874403+00:00, run_after=2022-10-16T22:57:16.874403+00:00
[2022-10-16 22:57:16,882] {processor.py:161} INFO - Processing /home/airflow/.local/lib/python3.7/site-packages/airflow/example_dags/example_task_group.py took 0.071 seconds
[2022-10-16 22:57:47,427] {processor.py:153} INFO - Started process (PID=1041) to work on /home/airflow/.local/lib/python3.7/site-packages/airflow/example_dags/example_task_group.py
[2022-10-16 22:57:47,429] {processor.py:641} INFO - Processing file /home/airflow/.local/lib/python3.7/site-packages/airflow/example_dags/example_task_group.py for tasks to queue
[2022-10-16 22:57:47,431] {logging_mixin.py:115} INFO - [2022-10-16 22:57:47,431] {dagbag.py:507} INFO - Filling up the DagBag from /home/airflow/.local/lib/python3.7/site-packages/airflow/example_dags/example_task_group.py
[2022-10-16 22:57:47,437] {processor.py:651} INFO - DAG(s) dict_keys(['example_task_group']) retrieved from /home/airflow/.local/lib/python3.7/site-packages/airflow/example_dags/example_task_group.py
[2022-10-16 22:57:47,461] {logging_mixin.py:115} INFO - [2022-10-16 22:57:47,461] {dag.py:2371} INFO - Sync 1 DAGs
[2022-10-16 22:57:47,481] {logging_mixin.py:115} INFO - [2022-10-16 22:57:47,481] {dag.py:2919} INFO - Setting next_dagrun for example_task_group to 2022-10-15T22:57:47.481487+00:00, run_after=2022-10-16T22:57:47.481487+00:00
[2022-10-16 22:57:47,491] {processor.py:161} INFO - Processing /home/airflow/.local/lib/python3.7/site-packages/airflow/example_dags/example_task_group.py took 0.067 seconds
[2022-10-16 22:58:17,984] {processor.py:153} INFO - Started process (PID=1108) to work on /home/airflow/.local/lib/python3.7/site-packages/airflow/example_dags/example_task_group.py
[2022-10-16 22:58:17,991] {processor.py:641} INFO - Processing file /home/airflow/.local/lib/python3.7/site-packages/airflow/example_dags/example_task_group.py for tasks to queue
[2022-10-16 22:58:17,993] {logging_mixin.py:115} INFO - [2022-10-16 22:58:17,993] {dagbag.py:507} INFO - Filling up the DagBag from /home/airflow/.local/lib/python3.7/site-packages/airflow/example_dags/example_task_group.py
[2022-10-16 22:58:18,006] {processor.py:651} INFO - DAG(s) dict_keys(['example_task_group']) retrieved from /home/airflow/.local/lib/python3.7/site-packages/airflow/example_dags/example_task_group.py
[2022-10-16 22:58:18,030] {logging_mixin.py:115} INFO - [2022-10-16 22:58:18,030] {dag.py:2371} INFO - Sync 1 DAGs
[2022-10-16 22:58:18,046] {logging_mixin.py:115} INFO - [2022-10-16 22:58:18,046] {dag.py:2919} INFO - Setting next_dagrun for example_task_group to 2022-10-15T22:58:18.046285+00:00, run_after=2022-10-16T22:58:18.046285+00:00
[2022-10-16 22:58:18,054] {processor.py:161} INFO - Processing /home/airflow/.local/lib/python3.7/site-packages/airflow/example_dags/example_task_group.py took 0.075 seconds
[2022-10-16 22:58:49,002] {processor.py:153} INFO - Started process (PID=1175) to work on /home/airflow/.local/lib/python3.7/site-packages/airflow/example_dags/example_task_group.py
[2022-10-16 22:58:49,006] {processor.py:641} INFO - Processing file /home/airflow/.local/lib/python3.7/site-packages/airflow/example_dags/example_task_group.py for tasks to queue
[2022-10-16 22:58:49,009] {logging_mixin.py:115} INFO - [2022-10-16 22:58:49,009] {dagbag.py:507} INFO - Filling up the DagBag from /home/airflow/.local/lib/python3.7/site-packages/airflow/example_dags/example_task_group.py
[2022-10-16 22:58:49,020] {processor.py:651} INFO - DAG(s) dict_keys(['example_task_group']) retrieved from /home/airflow/.local/lib/python3.7/site-packages/airflow/example_dags/example_task_group.py
[2022-10-16 22:58:49,045] {logging_mixin.py:115} INFO - [2022-10-16 22:58:49,045] {dag.py:2371} INFO - Sync 1 DAGs
[2022-10-16 22:58:49,060] {logging_mixin.py:115} INFO - [2022-10-16 22:58:49,060] {dag.py:2919} INFO - Setting next_dagrun for example_task_group to 2022-10-15T22:58:49.060541+00:00, run_after=2022-10-16T22:58:49.060541+00:00
[2022-10-16 22:58:49,068] {processor.py:161} INFO - Processing /home/airflow/.local/lib/python3.7/site-packages/airflow/example_dags/example_task_group.py took 0.077 seconds
[2022-10-16 22:59:19,342] {processor.py:153} INFO - Started process (PID=1243) to work on /home/airflow/.local/lib/python3.7/site-packages/airflow/example_dags/example_task_group.py
[2022-10-16 22:59:19,346] {processor.py:641} INFO - Processing file /home/airflow/.local/lib/python3.7/site-packages/airflow/example_dags/example_task_group.py for tasks to queue
[2022-10-16 22:59:19,349] {logging_mixin.py:115} INFO - [2022-10-16 22:59:19,349] {dagbag.py:507} INFO - Filling up the DagBag from /home/airflow/.local/lib/python3.7/site-packages/airflow/example_dags/example_task_group.py
[2022-10-16 22:59:19,365] {processor.py:651} INFO - DAG(s) dict_keys(['example_task_group']) retrieved from /home/airflow/.local/lib/python3.7/site-packages/airflow/example_dags/example_task_group.py
[2022-10-16 22:59:19,397] {logging_mixin.py:115} INFO - [2022-10-16 22:59:19,396] {dag.py:2371} INFO - Sync 1 DAGs
[2022-10-16 22:59:19,417] {logging_mixin.py:115} INFO - [2022-10-16 22:59:19,417] {dag.py:2919} INFO - Setting next_dagrun for example_task_group to 2022-10-15T22:59:19.417024+00:00, run_after=2022-10-16T22:59:19.417024+00:00
[2022-10-16 22:59:19,426] {processor.py:161} INFO - Processing /home/airflow/.local/lib/python3.7/site-packages/airflow/example_dags/example_task_group.py took 0.092 seconds
[2022-10-16 22:59:49,765] {processor.py:153} INFO - Started process (PID=1311) to work on /home/airflow/.local/lib/python3.7/site-packages/airflow/example_dags/example_task_group.py
[2022-10-16 22:59:49,767] {processor.py:641} INFO - Processing file /home/airflow/.local/lib/python3.7/site-packages/airflow/example_dags/example_task_group.py for tasks to queue
[2022-10-16 22:59:49,768] {logging_mixin.py:115} INFO - [2022-10-16 22:59:49,768] {dagbag.py:507} INFO - Filling up the DagBag from /home/airflow/.local/lib/python3.7/site-packages/airflow/example_dags/example_task_group.py
[2022-10-16 22:59:49,777] {processor.py:651} INFO - DAG(s) dict_keys(['example_task_group']) retrieved from /home/airflow/.local/lib/python3.7/site-packages/airflow/example_dags/example_task_group.py
[2022-10-16 22:59:49,826] {logging_mixin.py:115} INFO - [2022-10-16 22:59:49,825] {dag.py:2371} INFO - Sync 1 DAGs
[2022-10-16 22:59:49,861] {logging_mixin.py:115} INFO - [2022-10-16 22:59:49,861] {dag.py:2919} INFO - Setting next_dagrun for example_task_group to 2022-10-15T22:59:49.861488+00:00, run_after=2022-10-16T22:59:49.861488+00:00
[2022-10-16 22:59:49,875] {processor.py:161} INFO - Processing /home/airflow/.local/lib/python3.7/site-packages/airflow/example_dags/example_task_group.py took 0.115 seconds
[2022-10-16 23:00:19,976] {processor.py:153} INFO - Started process (PID=1369) to work on /home/airflow/.local/lib/python3.7/site-packages/airflow/example_dags/example_task_group.py
[2022-10-16 23:00:19,979] {processor.py:641} INFO - Processing file /home/airflow/.local/lib/python3.7/site-packages/airflow/example_dags/example_task_group.py for tasks to queue
[2022-10-16 23:00:19,981] {logging_mixin.py:115} INFO - [2022-10-16 23:00:19,981] {dagbag.py:507} INFO - Filling up the DagBag from /home/airflow/.local/lib/python3.7/site-packages/airflow/example_dags/example_task_group.py
[2022-10-16 23:00:19,993] {processor.py:651} INFO - DAG(s) dict_keys(['example_task_group']) retrieved from /home/airflow/.local/lib/python3.7/site-packages/airflow/example_dags/example_task_group.py
[2022-10-16 23:00:20,023] {logging_mixin.py:115} INFO - [2022-10-16 23:00:20,023] {dag.py:2371} INFO - Sync 1 DAGs
[2022-10-16 23:00:20,041] {logging_mixin.py:115} INFO - [2022-10-16 23:00:20,041] {dag.py:2919} INFO - Setting next_dagrun for example_task_group to 2022-10-15T23:00:20.040752+00:00, run_after=2022-10-16T23:00:20.040752+00:00
[2022-10-16 23:00:20,052] {processor.py:161} INFO - Processing /home/airflow/.local/lib/python3.7/site-packages/airflow/example_dags/example_task_group.py took 0.082 seconds
[2022-10-16 23:00:50,551] {processor.py:153} INFO - Started process (PID=1436) to work on /home/airflow/.local/lib/python3.7/site-packages/airflow/example_dags/example_task_group.py
[2022-10-16 23:00:50,554] {processor.py:641} INFO - Processing file /home/airflow/.local/lib/python3.7/site-packages/airflow/example_dags/example_task_group.py for tasks to queue
[2022-10-16 23:00:50,556] {logging_mixin.py:115} INFO - [2022-10-16 23:00:50,556] {dagbag.py:507} INFO - Filling up the DagBag from /home/airflow/.local/lib/python3.7/site-packages/airflow/example_dags/example_task_group.py
[2022-10-16 23:00:50,573] {processor.py:651} INFO - DAG(s) dict_keys(['example_task_group']) retrieved from /home/airflow/.local/lib/python3.7/site-packages/airflow/example_dags/example_task_group.py
[2022-10-16 23:00:50,600] {logging_mixin.py:115} INFO - [2022-10-16 23:00:50,600] {dag.py:2371} INFO - Sync 1 DAGs
[2022-10-16 23:00:50,615] {logging_mixin.py:115} INFO - [2022-10-16 23:00:50,615] {dag.py:2919} INFO - Setting next_dagrun for example_task_group to 2022-10-15T23:00:50.615383+00:00, run_after=2022-10-16T23:00:50.615383+00:00
[2022-10-16 23:00:50,625] {processor.py:161} INFO - Processing /home/airflow/.local/lib/python3.7/site-packages/airflow/example_dags/example_task_group.py took 0.081 seconds
[2022-10-16 23:01:20,907] {processor.py:153} INFO - Started process (PID=1503) to work on /home/airflow/.local/lib/python3.7/site-packages/airflow/example_dags/example_task_group.py
[2022-10-16 23:01:20,910] {processor.py:641} INFO - Processing file /home/airflow/.local/lib/python3.7/site-packages/airflow/example_dags/example_task_group.py for tasks to queue
[2022-10-16 23:01:20,912] {logging_mixin.py:115} INFO - [2022-10-16 23:01:20,912] {dagbag.py:507} INFO - Filling up the DagBag from /home/airflow/.local/lib/python3.7/site-packages/airflow/example_dags/example_task_group.py
[2022-10-16 23:01:20,925] {processor.py:651} INFO - DAG(s) dict_keys(['example_task_group']) retrieved from /home/airflow/.local/lib/python3.7/site-packages/airflow/example_dags/example_task_group.py
[2022-10-16 23:01:20,950] {logging_mixin.py:115} INFO - [2022-10-16 23:01:20,950] {dag.py:2371} INFO - Sync 1 DAGs
[2022-10-16 23:01:20,966] {logging_mixin.py:115} INFO - [2022-10-16 23:01:20,966] {dag.py:2919} INFO - Setting next_dagrun for example_task_group to 2022-10-15T23:01:20.965994+00:00, run_after=2022-10-16T23:01:20.965994+00:00
[2022-10-16 23:01:20,973] {processor.py:161} INFO - Processing /home/airflow/.local/lib/python3.7/site-packages/airflow/example_dags/example_task_group.py took 0.075 seconds
[2022-10-16 23:01:51,692] {processor.py:153} INFO - Started process (PID=1570) to work on /home/airflow/.local/lib/python3.7/site-packages/airflow/example_dags/example_task_group.py
[2022-10-16 23:01:51,693] {processor.py:641} INFO - Processing file /home/airflow/.local/lib/python3.7/site-packages/airflow/example_dags/example_task_group.py for tasks to queue
[2022-10-16 23:01:51,695] {logging_mixin.py:115} INFO - [2022-10-16 23:01:51,695] {dagbag.py:507} INFO - Filling up the DagBag from /home/airflow/.local/lib/python3.7/site-packages/airflow/example_dags/example_task_group.py
[2022-10-16 23:01:51,702] {processor.py:651} INFO - DAG(s) dict_keys(['example_task_group']) retrieved from /home/airflow/.local/lib/python3.7/site-packages/airflow/example_dags/example_task_group.py
[2022-10-16 23:01:51,731] {logging_mixin.py:115} INFO - [2022-10-16 23:01:51,731] {dag.py:2371} INFO - Sync 1 DAGs
[2022-10-16 23:01:51,752] {logging_mixin.py:115} INFO - [2022-10-16 23:01:51,751] {dag.py:2919} INFO - Setting next_dagrun for example_task_group to 2022-10-15T23:01:51.751700+00:00, run_after=2022-10-16T23:01:51.751700+00:00
[2022-10-16 23:01:51,761] {processor.py:161} INFO - Processing /home/airflow/.local/lib/python3.7/site-packages/airflow/example_dags/example_task_group.py took 0.076 seconds
