[2022-10-16 22:50:00,736] {processor.py:153} INFO - Started process (PID=69) to work on /home/airflow/.local/lib/python3.7/site-packages/airflow/example_dags/example_trigger_target_dag.py
[2022-10-16 22:50:00,739] {processor.py:641} INFO - Processing file /home/airflow/.local/lib/python3.7/site-packages/airflow/example_dags/example_trigger_target_dag.py for tasks to queue
[2022-10-16 22:50:00,741] {logging_mixin.py:115} INFO - [2022-10-16 22:50:00,741] {dagbag.py:507} INFO - Filling up the DagBag from /home/airflow/.local/lib/python3.7/site-packages/airflow/example_dags/example_trigger_target_dag.py
[2022-10-16 22:50:00,769] {processor.py:651} INFO - DAG(s) dict_keys(['example_trigger_target_dag']) retrieved from /home/airflow/.local/lib/python3.7/site-packages/airflow/example_dags/example_trigger_target_dag.py
[2022-10-16 22:50:01,152] {logging_mixin.py:115} INFO - [2022-10-16 22:50:01,151] {manager.py:508} INFO - Created Permission View: can delete on DAG:example_trigger_target_dag
[2022-10-16 22:50:01,169] {logging_mixin.py:115} INFO - [2022-10-16 22:50:01,169] {manager.py:508} INFO - Created Permission View: can edit on DAG:example_trigger_target_dag
[2022-10-16 22:50:01,180] {logging_mixin.py:115} INFO - [2022-10-16 22:50:01,180] {manager.py:508} INFO - Created Permission View: can read on DAG:example_trigger_target_dag
[2022-10-16 22:50:01,183] {logging_mixin.py:115} INFO - [2022-10-16 22:50:01,183] {dag.py:2371} INFO - Sync 1 DAGs
[2022-10-16 22:50:01,198] {logging_mixin.py:115} INFO - [2022-10-16 22:50:01,198] {dag.py:2390} INFO - Creating ORM DAG for example_trigger_target_dag
[2022-10-16 22:50:01,221] {logging_mixin.py:115} INFO - [2022-10-16 22:50:01,221] {dag.py:2919} INFO - Setting next_dagrun for example_trigger_target_dag to None, run_after=None
[2022-10-16 22:50:01,247] {processor.py:161} INFO - Processing /home/airflow/.local/lib/python3.7/site-packages/airflow/example_dags/example_trigger_target_dag.py took 0.513 seconds
[2022-10-16 22:50:33,848] {processor.py:153} INFO - Started process (PID=138) to work on /home/airflow/.local/lib/python3.7/site-packages/airflow/example_dags/example_trigger_target_dag.py
[2022-10-16 22:50:33,853] {processor.py:641} INFO - Processing file /home/airflow/.local/lib/python3.7/site-packages/airflow/example_dags/example_trigger_target_dag.py for tasks to queue
[2022-10-16 22:50:33,858] {logging_mixin.py:115} INFO - [2022-10-16 22:50:33,858] {dagbag.py:507} INFO - Filling up the DagBag from /home/airflow/.local/lib/python3.7/site-packages/airflow/example_dags/example_trigger_target_dag.py
[2022-10-16 22:50:34,018] {processor.py:651} INFO - DAG(s) dict_keys(['example_trigger_target_dag']) retrieved from /home/airflow/.local/lib/python3.7/site-packages/airflow/example_dags/example_trigger_target_dag.py
[2022-10-16 22:50:34,202] {logging_mixin.py:115} INFO - [2022-10-16 22:50:34,202] {dag.py:2371} INFO - Sync 1 DAGs
[2022-10-16 22:50:35,701] {logging_mixin.py:115} INFO - [2022-10-16 22:50:35,701] {dag.py:2919} INFO - Setting next_dagrun for example_trigger_target_dag to None, run_after=None
[2022-10-16 22:50:35,735] {processor.py:161} INFO - Processing /home/airflow/.local/lib/python3.7/site-packages/airflow/example_dags/example_trigger_target_dag.py took 1.913 seconds
[2022-10-16 22:51:06,736] {processor.py:153} INFO - Started process (PID=199) to work on /home/airflow/.local/lib/python3.7/site-packages/airflow/example_dags/example_trigger_target_dag.py
[2022-10-16 22:51:06,738] {processor.py:641} INFO - Processing file /home/airflow/.local/lib/python3.7/site-packages/airflow/example_dags/example_trigger_target_dag.py for tasks to queue
[2022-10-16 22:51:06,739] {logging_mixin.py:115} INFO - [2022-10-16 22:51:06,739] {dagbag.py:507} INFO - Filling up the DagBag from /home/airflow/.local/lib/python3.7/site-packages/airflow/example_dags/example_trigger_target_dag.py
[2022-10-16 22:51:06,761] {processor.py:651} INFO - DAG(s) dict_keys(['example_trigger_target_dag']) retrieved from /home/airflow/.local/lib/python3.7/site-packages/airflow/example_dags/example_trigger_target_dag.py
[2022-10-16 22:51:06,784] {logging_mixin.py:115} INFO - [2022-10-16 22:51:06,784] {dag.py:2371} INFO - Sync 1 DAGs
[2022-10-16 22:51:07,152] {logging_mixin.py:115} INFO - [2022-10-16 22:51:07,152] {dag.py:2919} INFO - Setting next_dagrun for example_trigger_target_dag to None, run_after=None
[2022-10-16 22:51:07,168] {processor.py:161} INFO - Processing /home/airflow/.local/lib/python3.7/site-packages/airflow/example_dags/example_trigger_target_dag.py took 0.437 seconds
[2022-10-16 22:51:37,642] {processor.py:153} INFO - Started process (PID=266) to work on /home/airflow/.local/lib/python3.7/site-packages/airflow/example_dags/example_trigger_target_dag.py
[2022-10-16 22:51:37,644] {processor.py:641} INFO - Processing file /home/airflow/.local/lib/python3.7/site-packages/airflow/example_dags/example_trigger_target_dag.py for tasks to queue
[2022-10-16 22:51:37,646] {logging_mixin.py:115} INFO - [2022-10-16 22:51:37,646] {dagbag.py:507} INFO - Filling up the DagBag from /home/airflow/.local/lib/python3.7/site-packages/airflow/example_dags/example_trigger_target_dag.py
[2022-10-16 22:51:37,669] {processor.py:651} INFO - DAG(s) dict_keys(['example_trigger_target_dag']) retrieved from /home/airflow/.local/lib/python3.7/site-packages/airflow/example_dags/example_trigger_target_dag.py
[2022-10-16 22:51:37,699] {logging_mixin.py:115} INFO - [2022-10-16 22:51:37,699] {dag.py:2371} INFO - Sync 1 DAGs
[2022-10-16 22:51:38,080] {logging_mixin.py:115} INFO - [2022-10-16 22:51:38,079] {dag.py:2919} INFO - Setting next_dagrun for example_trigger_target_dag to None, run_after=None
[2022-10-16 22:51:38,115] {processor.py:161} INFO - Processing /home/airflow/.local/lib/python3.7/site-packages/airflow/example_dags/example_trigger_target_dag.py took 0.478 seconds
[2022-10-16 22:52:08,723] {processor.py:153} INFO - Started process (PID=332) to work on /home/airflow/.local/lib/python3.7/site-packages/airflow/example_dags/example_trigger_target_dag.py
[2022-10-16 22:52:08,725] {processor.py:641} INFO - Processing file /home/airflow/.local/lib/python3.7/site-packages/airflow/example_dags/example_trigger_target_dag.py for tasks to queue
[2022-10-16 22:52:08,727] {logging_mixin.py:115} INFO - [2022-10-16 22:52:08,727] {dagbag.py:507} INFO - Filling up the DagBag from /home/airflow/.local/lib/python3.7/site-packages/airflow/example_dags/example_trigger_target_dag.py
[2022-10-16 22:52:08,751] {processor.py:651} INFO - DAG(s) dict_keys(['example_trigger_target_dag']) retrieved from /home/airflow/.local/lib/python3.7/site-packages/airflow/example_dags/example_trigger_target_dag.py
[2022-10-16 22:52:08,801] {logging_mixin.py:115} INFO - [2022-10-16 22:52:08,801] {dag.py:2371} INFO - Sync 1 DAGs
[2022-10-16 22:52:09,228] {logging_mixin.py:115} INFO - [2022-10-16 22:52:09,228] {dag.py:2919} INFO - Setting next_dagrun for example_trigger_target_dag to None, run_after=None
[2022-10-16 22:52:09,260] {processor.py:161} INFO - Processing /home/airflow/.local/lib/python3.7/site-packages/airflow/example_dags/example_trigger_target_dag.py took 0.541 seconds
[2022-10-16 22:52:39,568] {processor.py:153} INFO - Started process (PID=390) to work on /home/airflow/.local/lib/python3.7/site-packages/airflow/example_dags/example_trigger_target_dag.py
[2022-10-16 22:52:39,570] {processor.py:641} INFO - Processing file /home/airflow/.local/lib/python3.7/site-packages/airflow/example_dags/example_trigger_target_dag.py for tasks to queue
[2022-10-16 22:52:39,571] {logging_mixin.py:115} INFO - [2022-10-16 22:52:39,571] {dagbag.py:507} INFO - Filling up the DagBag from /home/airflow/.local/lib/python3.7/site-packages/airflow/example_dags/example_trigger_target_dag.py
[2022-10-16 22:52:39,594] {processor.py:651} INFO - DAG(s) dict_keys(['example_trigger_target_dag']) retrieved from /home/airflow/.local/lib/python3.7/site-packages/airflow/example_dags/example_trigger_target_dag.py
[2022-10-16 22:52:39,619] {logging_mixin.py:115} INFO - [2022-10-16 22:52:39,619] {dag.py:2371} INFO - Sync 1 DAGs
[2022-10-16 22:52:39,941] {logging_mixin.py:115} INFO - [2022-10-16 22:52:39,941] {dag.py:2919} INFO - Setting next_dagrun for example_trigger_target_dag to None, run_after=None
[2022-10-16 22:52:39,954] {processor.py:161} INFO - Processing /home/airflow/.local/lib/python3.7/site-packages/airflow/example_dags/example_trigger_target_dag.py took 0.390 seconds
[2022-10-16 22:53:10,981] {processor.py:153} INFO - Started process (PID=457) to work on /home/airflow/.local/lib/python3.7/site-packages/airflow/example_dags/example_trigger_target_dag.py
[2022-10-16 22:53:10,984] {processor.py:641} INFO - Processing file /home/airflow/.local/lib/python3.7/site-packages/airflow/example_dags/example_trigger_target_dag.py for tasks to queue
[2022-10-16 22:53:10,986] {logging_mixin.py:115} INFO - [2022-10-16 22:53:10,986] {dagbag.py:507} INFO - Filling up the DagBag from /home/airflow/.local/lib/python3.7/site-packages/airflow/example_dags/example_trigger_target_dag.py
[2022-10-16 22:53:11,013] {processor.py:651} INFO - DAG(s) dict_keys(['example_trigger_target_dag']) retrieved from /home/airflow/.local/lib/python3.7/site-packages/airflow/example_dags/example_trigger_target_dag.py
[2022-10-16 22:53:11,042] {logging_mixin.py:115} INFO - [2022-10-16 22:53:11,042] {dag.py:2371} INFO - Sync 1 DAGs
[2022-10-16 22:53:11,408] {logging_mixin.py:115} INFO - [2022-10-16 22:53:11,408] {dag.py:2919} INFO - Setting next_dagrun for example_trigger_target_dag to None, run_after=None
[2022-10-16 22:53:11,427] {processor.py:161} INFO - Processing /home/airflow/.local/lib/python3.7/site-packages/airflow/example_dags/example_trigger_target_dag.py took 0.453 seconds
[2022-10-16 22:53:41,620] {processor.py:153} INFO - Started process (PID=523) to work on /home/airflow/.local/lib/python3.7/site-packages/airflow/example_dags/example_trigger_target_dag.py
[2022-10-16 22:53:41,622] {processor.py:641} INFO - Processing file /home/airflow/.local/lib/python3.7/site-packages/airflow/example_dags/example_trigger_target_dag.py for tasks to queue
[2022-10-16 22:53:41,624] {logging_mixin.py:115} INFO - [2022-10-16 22:53:41,623] {dagbag.py:507} INFO - Filling up the DagBag from /home/airflow/.local/lib/python3.7/site-packages/airflow/example_dags/example_trigger_target_dag.py
[2022-10-16 22:53:41,655] {processor.py:651} INFO - DAG(s) dict_keys(['example_trigger_target_dag']) retrieved from /home/airflow/.local/lib/python3.7/site-packages/airflow/example_dags/example_trigger_target_dag.py
[2022-10-16 22:53:41,686] {logging_mixin.py:115} INFO - [2022-10-16 22:53:41,686] {dag.py:2371} INFO - Sync 1 DAGs
[2022-10-16 22:53:42,045] {logging_mixin.py:115} INFO - [2022-10-16 22:53:42,045] {dag.py:2919} INFO - Setting next_dagrun for example_trigger_target_dag to None, run_after=None
[2022-10-16 22:53:42,060] {processor.py:161} INFO - Processing /home/airflow/.local/lib/python3.7/site-packages/airflow/example_dags/example_trigger_target_dag.py took 0.446 seconds
[2022-10-16 22:54:12,273] {processor.py:153} INFO - Started process (PID=590) to work on /home/airflow/.local/lib/python3.7/site-packages/airflow/example_dags/example_trigger_target_dag.py
[2022-10-16 22:54:12,276] {processor.py:641} INFO - Processing file /home/airflow/.local/lib/python3.7/site-packages/airflow/example_dags/example_trigger_target_dag.py for tasks to queue
[2022-10-16 22:54:12,278] {logging_mixin.py:115} INFO - [2022-10-16 22:54:12,278] {dagbag.py:507} INFO - Filling up the DagBag from /home/airflow/.local/lib/python3.7/site-packages/airflow/example_dags/example_trigger_target_dag.py
[2022-10-16 22:54:12,309] {processor.py:651} INFO - DAG(s) dict_keys(['example_trigger_target_dag']) retrieved from /home/airflow/.local/lib/python3.7/site-packages/airflow/example_dags/example_trigger_target_dag.py
[2022-10-16 22:54:12,340] {logging_mixin.py:115} INFO - [2022-10-16 22:54:12,340] {dag.py:2371} INFO - Sync 1 DAGs
[2022-10-16 22:54:12,714] {logging_mixin.py:115} INFO - [2022-10-16 22:54:12,714] {dag.py:2919} INFO - Setting next_dagrun for example_trigger_target_dag to None, run_after=None
[2022-10-16 22:54:12,738] {processor.py:161} INFO - Processing /home/airflow/.local/lib/python3.7/site-packages/airflow/example_dags/example_trigger_target_dag.py took 0.473 seconds
[2022-10-16 22:54:42,913] {processor.py:153} INFO - Started process (PID=648) to work on /home/airflow/.local/lib/python3.7/site-packages/airflow/example_dags/example_trigger_target_dag.py
[2022-10-16 22:54:42,915] {processor.py:641} INFO - Processing file /home/airflow/.local/lib/python3.7/site-packages/airflow/example_dags/example_trigger_target_dag.py for tasks to queue
[2022-10-16 22:54:42,917] {logging_mixin.py:115} INFO - [2022-10-16 22:54:42,916] {dagbag.py:507} INFO - Filling up the DagBag from /home/airflow/.local/lib/python3.7/site-packages/airflow/example_dags/example_trigger_target_dag.py
[2022-10-16 22:54:42,948] {processor.py:651} INFO - DAG(s) dict_keys(['example_trigger_target_dag']) retrieved from /home/airflow/.local/lib/python3.7/site-packages/airflow/example_dags/example_trigger_target_dag.py
[2022-10-16 22:54:42,975] {logging_mixin.py:115} INFO - [2022-10-16 22:54:42,975] {dag.py:2371} INFO - Sync 1 DAGs
[2022-10-16 22:54:43,284] {logging_mixin.py:115} INFO - [2022-10-16 22:54:43,284] {dag.py:2919} INFO - Setting next_dagrun for example_trigger_target_dag to None, run_after=None
[2022-10-16 22:54:43,304] {processor.py:161} INFO - Processing /home/airflow/.local/lib/python3.7/site-packages/airflow/example_dags/example_trigger_target_dag.py took 0.399 seconds
[2022-10-16 22:55:13,467] {processor.py:153} INFO - Started process (PID=715) to work on /home/airflow/.local/lib/python3.7/site-packages/airflow/example_dags/example_trigger_target_dag.py
[2022-10-16 22:55:13,469] {processor.py:641} INFO - Processing file /home/airflow/.local/lib/python3.7/site-packages/airflow/example_dags/example_trigger_target_dag.py for tasks to queue
[2022-10-16 22:55:13,471] {logging_mixin.py:115} INFO - [2022-10-16 22:55:13,471] {dagbag.py:507} INFO - Filling up the DagBag from /home/airflow/.local/lib/python3.7/site-packages/airflow/example_dags/example_trigger_target_dag.py
[2022-10-16 22:55:13,494] {processor.py:651} INFO - DAG(s) dict_keys(['example_trigger_target_dag']) retrieved from /home/airflow/.local/lib/python3.7/site-packages/airflow/example_dags/example_trigger_target_dag.py
[2022-10-16 22:55:13,525] {logging_mixin.py:115} INFO - [2022-10-16 22:55:13,525] {dag.py:2371} INFO - Sync 1 DAGs
[2022-10-16 22:55:13,541] {logging_mixin.py:115} INFO - [2022-10-16 22:55:13,541] {dag.py:2919} INFO - Setting next_dagrun for example_trigger_target_dag to None, run_after=None
[2022-10-16 22:55:13,556] {processor.py:161} INFO - Processing /home/airflow/.local/lib/python3.7/site-packages/airflow/example_dags/example_trigger_target_dag.py took 0.095 seconds
[2022-10-16 22:55:44,001] {processor.py:153} INFO - Started process (PID=782) to work on /home/airflow/.local/lib/python3.7/site-packages/airflow/example_dags/example_trigger_target_dag.py
[2022-10-16 22:55:44,005] {processor.py:641} INFO - Processing file /home/airflow/.local/lib/python3.7/site-packages/airflow/example_dags/example_trigger_target_dag.py for tasks to queue
[2022-10-16 22:55:44,009] {logging_mixin.py:115} INFO - [2022-10-16 22:55:44,009] {dagbag.py:507} INFO - Filling up the DagBag from /home/airflow/.local/lib/python3.7/site-packages/airflow/example_dags/example_trigger_target_dag.py
[2022-10-16 22:55:44,028] {processor.py:651} INFO - DAG(s) dict_keys(['example_trigger_target_dag']) retrieved from /home/airflow/.local/lib/python3.7/site-packages/airflow/example_dags/example_trigger_target_dag.py
[2022-10-16 22:55:44,051] {logging_mixin.py:115} INFO - [2022-10-16 22:55:44,051] {dag.py:2371} INFO - Sync 1 DAGs
[2022-10-16 22:55:44,066] {logging_mixin.py:115} INFO - [2022-10-16 22:55:44,066] {dag.py:2919} INFO - Setting next_dagrun for example_trigger_target_dag to None, run_after=None
[2022-10-16 22:55:44,075] {processor.py:161} INFO - Processing /home/airflow/.local/lib/python3.7/site-packages/airflow/example_dags/example_trigger_target_dag.py took 0.081 seconds
[2022-10-16 22:56:14,451] {processor.py:153} INFO - Started process (PID=848) to work on /home/airflow/.local/lib/python3.7/site-packages/airflow/example_dags/example_trigger_target_dag.py
[2022-10-16 22:56:14,455] {processor.py:641} INFO - Processing file /home/airflow/.local/lib/python3.7/site-packages/airflow/example_dags/example_trigger_target_dag.py for tasks to queue
[2022-10-16 22:56:14,456] {logging_mixin.py:115} INFO - [2022-10-16 22:56:14,456] {dagbag.py:507} INFO - Filling up the DagBag from /home/airflow/.local/lib/python3.7/site-packages/airflow/example_dags/example_trigger_target_dag.py
[2022-10-16 22:56:14,472] {processor.py:651} INFO - DAG(s) dict_keys(['example_trigger_target_dag']) retrieved from /home/airflow/.local/lib/python3.7/site-packages/airflow/example_dags/example_trigger_target_dag.py
[2022-10-16 22:56:14,492] {logging_mixin.py:115} INFO - [2022-10-16 22:56:14,492] {dag.py:2371} INFO - Sync 1 DAGs
[2022-10-16 22:56:14,513] {logging_mixin.py:115} INFO - [2022-10-16 22:56:14,513] {dag.py:2919} INFO - Setting next_dagrun for example_trigger_target_dag to None, run_after=None
[2022-10-16 22:56:14,525] {processor.py:161} INFO - Processing /home/airflow/.local/lib/python3.7/site-packages/airflow/example_dags/example_trigger_target_dag.py took 0.081 seconds
[2022-10-16 22:56:45,124] {processor.py:153} INFO - Started process (PID=915) to work on /home/airflow/.local/lib/python3.7/site-packages/airflow/example_dags/example_trigger_target_dag.py
[2022-10-16 22:56:45,126] {processor.py:641} INFO - Processing file /home/airflow/.local/lib/python3.7/site-packages/airflow/example_dags/example_trigger_target_dag.py for tasks to queue
[2022-10-16 22:56:45,128] {logging_mixin.py:115} INFO - [2022-10-16 22:56:45,128] {dagbag.py:507} INFO - Filling up the DagBag from /home/airflow/.local/lib/python3.7/site-packages/airflow/example_dags/example_trigger_target_dag.py
[2022-10-16 22:56:45,150] {processor.py:651} INFO - DAG(s) dict_keys(['example_trigger_target_dag']) retrieved from /home/airflow/.local/lib/python3.7/site-packages/airflow/example_dags/example_trigger_target_dag.py
[2022-10-16 22:56:45,175] {logging_mixin.py:115} INFO - [2022-10-16 22:56:45,175] {dag.py:2371} INFO - Sync 1 DAGs
[2022-10-16 22:56:45,190] {logging_mixin.py:115} INFO - [2022-10-16 22:56:45,190] {dag.py:2919} INFO - Setting next_dagrun for example_trigger_target_dag to None, run_after=None
[2022-10-16 22:56:45,200] {processor.py:161} INFO - Processing /home/airflow/.local/lib/python3.7/site-packages/airflow/example_dags/example_trigger_target_dag.py took 0.079 seconds
[2022-10-16 22:57:15,652] {processor.py:153} INFO - Started process (PID=981) to work on /home/airflow/.local/lib/python3.7/site-packages/airflow/example_dags/example_trigger_target_dag.py
[2022-10-16 22:57:15,654] {processor.py:641} INFO - Processing file /home/airflow/.local/lib/python3.7/site-packages/airflow/example_dags/example_trigger_target_dag.py for tasks to queue
[2022-10-16 22:57:15,655] {logging_mixin.py:115} INFO - [2022-10-16 22:57:15,655] {dagbag.py:507} INFO - Filling up the DagBag from /home/airflow/.local/lib/python3.7/site-packages/airflow/example_dags/example_trigger_target_dag.py
[2022-10-16 22:57:15,681] {processor.py:651} INFO - DAG(s) dict_keys(['example_trigger_target_dag']) retrieved from /home/airflow/.local/lib/python3.7/site-packages/airflow/example_dags/example_trigger_target_dag.py
[2022-10-16 22:57:15,715] {logging_mixin.py:115} INFO - [2022-10-16 22:57:15,715] {dag.py:2371} INFO - Sync 1 DAGs
[2022-10-16 22:57:15,741] {logging_mixin.py:115} INFO - [2022-10-16 22:57:15,741] {dag.py:2919} INFO - Setting next_dagrun for example_trigger_target_dag to None, run_after=None
[2022-10-16 22:57:15,754] {processor.py:161} INFO - Processing /home/airflow/.local/lib/python3.7/site-packages/airflow/example_dags/example_trigger_target_dag.py took 0.106 seconds
[2022-10-16 22:57:46,248] {processor.py:153} INFO - Started process (PID=1039) to work on /home/airflow/.local/lib/python3.7/site-packages/airflow/example_dags/example_trigger_target_dag.py
[2022-10-16 22:57:46,251] {processor.py:641} INFO - Processing file /home/airflow/.local/lib/python3.7/site-packages/airflow/example_dags/example_trigger_target_dag.py for tasks to queue
[2022-10-16 22:57:46,254] {logging_mixin.py:115} INFO - [2022-10-16 22:57:46,254] {dagbag.py:507} INFO - Filling up the DagBag from /home/airflow/.local/lib/python3.7/site-packages/airflow/example_dags/example_trigger_target_dag.py
[2022-10-16 22:57:46,269] {processor.py:651} INFO - DAG(s) dict_keys(['example_trigger_target_dag']) retrieved from /home/airflow/.local/lib/python3.7/site-packages/airflow/example_dags/example_trigger_target_dag.py
[2022-10-16 22:57:46,306] {logging_mixin.py:115} INFO - [2022-10-16 22:57:46,306] {dag.py:2371} INFO - Sync 1 DAGs
[2022-10-16 22:57:46,376] {logging_mixin.py:115} INFO - [2022-10-16 22:57:46,376] {dag.py:2919} INFO - Setting next_dagrun for example_trigger_target_dag to None, run_after=None
[2022-10-16 22:57:46,390] {processor.py:161} INFO - Processing /home/airflow/.local/lib/python3.7/site-packages/airflow/example_dags/example_trigger_target_dag.py took 0.147 seconds
[2022-10-16 22:58:16,857] {processor.py:153} INFO - Started process (PID=1106) to work on /home/airflow/.local/lib/python3.7/site-packages/airflow/example_dags/example_trigger_target_dag.py
[2022-10-16 22:58:16,860] {processor.py:641} INFO - Processing file /home/airflow/.local/lib/python3.7/site-packages/airflow/example_dags/example_trigger_target_dag.py for tasks to queue
[2022-10-16 22:58:16,863] {logging_mixin.py:115} INFO - [2022-10-16 22:58:16,863] {dagbag.py:507} INFO - Filling up the DagBag from /home/airflow/.local/lib/python3.7/site-packages/airflow/example_dags/example_trigger_target_dag.py
[2022-10-16 22:58:16,882] {processor.py:651} INFO - DAG(s) dict_keys(['example_trigger_target_dag']) retrieved from /home/airflow/.local/lib/python3.7/site-packages/airflow/example_dags/example_trigger_target_dag.py
[2022-10-16 22:58:16,907] {logging_mixin.py:115} INFO - [2022-10-16 22:58:16,907] {dag.py:2371} INFO - Sync 1 DAGs
[2022-10-16 22:58:16,922] {logging_mixin.py:115} INFO - [2022-10-16 22:58:16,922] {dag.py:2919} INFO - Setting next_dagrun for example_trigger_target_dag to None, run_after=None
[2022-10-16 22:58:16,930] {processor.py:161} INFO - Processing /home/airflow/.local/lib/python3.7/site-packages/airflow/example_dags/example_trigger_target_dag.py took 0.079 seconds
[2022-10-16 22:58:47,833] {processor.py:153} INFO - Started process (PID=1173) to work on /home/airflow/.local/lib/python3.7/site-packages/airflow/example_dags/example_trigger_target_dag.py
[2022-10-16 22:58:47,835] {processor.py:641} INFO - Processing file /home/airflow/.local/lib/python3.7/site-packages/airflow/example_dags/example_trigger_target_dag.py for tasks to queue
[2022-10-16 22:58:47,836] {logging_mixin.py:115} INFO - [2022-10-16 22:58:47,836] {dagbag.py:507} INFO - Filling up the DagBag from /home/airflow/.local/lib/python3.7/site-packages/airflow/example_dags/example_trigger_target_dag.py
[2022-10-16 22:58:47,864] {processor.py:651} INFO - DAG(s) dict_keys(['example_trigger_target_dag']) retrieved from /home/airflow/.local/lib/python3.7/site-packages/airflow/example_dags/example_trigger_target_dag.py
[2022-10-16 22:58:47,895] {logging_mixin.py:115} INFO - [2022-10-16 22:58:47,895] {dag.py:2371} INFO - Sync 1 DAGs
[2022-10-16 22:58:47,926] {logging_mixin.py:115} INFO - [2022-10-16 22:58:47,926] {dag.py:2919} INFO - Setting next_dagrun for example_trigger_target_dag to None, run_after=None
[2022-10-16 22:58:47,937] {processor.py:161} INFO - Processing /home/airflow/.local/lib/python3.7/site-packages/airflow/example_dags/example_trigger_target_dag.py took 0.108 seconds
[2022-10-16 22:59:18,174] {processor.py:153} INFO - Started process (PID=1241) to work on /home/airflow/.local/lib/python3.7/site-packages/airflow/example_dags/example_trigger_target_dag.py
[2022-10-16 22:59:18,177] {processor.py:641} INFO - Processing file /home/airflow/.local/lib/python3.7/site-packages/airflow/example_dags/example_trigger_target_dag.py for tasks to queue
[2022-10-16 22:59:18,180] {logging_mixin.py:115} INFO - [2022-10-16 22:59:18,180] {dagbag.py:507} INFO - Filling up the DagBag from /home/airflow/.local/lib/python3.7/site-packages/airflow/example_dags/example_trigger_target_dag.py
[2022-10-16 22:59:18,213] {processor.py:651} INFO - DAG(s) dict_keys(['example_trigger_target_dag']) retrieved from /home/airflow/.local/lib/python3.7/site-packages/airflow/example_dags/example_trigger_target_dag.py
[2022-10-16 22:59:18,245] {logging_mixin.py:115} INFO - [2022-10-16 22:59:18,244] {dag.py:2371} INFO - Sync 1 DAGs
[2022-10-16 22:59:18,265] {logging_mixin.py:115} INFO - [2022-10-16 22:59:18,265] {dag.py:2919} INFO - Setting next_dagrun for example_trigger_target_dag to None, run_after=None
[2022-10-16 22:59:18,275] {processor.py:161} INFO - Processing /home/airflow/.local/lib/python3.7/site-packages/airflow/example_dags/example_trigger_target_dag.py took 0.113 seconds
[2022-10-16 22:59:48,647] {processor.py:153} INFO - Started process (PID=1300) to work on /home/airflow/.local/lib/python3.7/site-packages/airflow/example_dags/example_trigger_target_dag.py
[2022-10-16 22:59:48,650] {processor.py:641} INFO - Processing file /home/airflow/.local/lib/python3.7/site-packages/airflow/example_dags/example_trigger_target_dag.py for tasks to queue
[2022-10-16 22:59:48,651] {logging_mixin.py:115} INFO - [2022-10-16 22:59:48,651] {dagbag.py:507} INFO - Filling up the DagBag from /home/airflow/.local/lib/python3.7/site-packages/airflow/example_dags/example_trigger_target_dag.py
[2022-10-16 22:59:48,675] {processor.py:651} INFO - DAG(s) dict_keys(['example_trigger_target_dag']) retrieved from /home/airflow/.local/lib/python3.7/site-packages/airflow/example_dags/example_trigger_target_dag.py
[2022-10-16 22:59:48,701] {logging_mixin.py:115} INFO - [2022-10-16 22:59:48,701] {dag.py:2371} INFO - Sync 1 DAGs
[2022-10-16 22:59:48,721] {logging_mixin.py:115} INFO - [2022-10-16 22:59:48,721] {dag.py:2919} INFO - Setting next_dagrun for example_trigger_target_dag to None, run_after=None
[2022-10-16 22:59:48,734] {processor.py:161} INFO - Processing /home/airflow/.local/lib/python3.7/site-packages/airflow/example_dags/example_trigger_target_dag.py took 0.095 seconds
[2022-10-16 23:00:18,817] {processor.py:153} INFO - Started process (PID=1367) to work on /home/airflow/.local/lib/python3.7/site-packages/airflow/example_dags/example_trigger_target_dag.py
[2022-10-16 23:00:18,819] {processor.py:641} INFO - Processing file /home/airflow/.local/lib/python3.7/site-packages/airflow/example_dags/example_trigger_target_dag.py for tasks to queue
[2022-10-16 23:00:18,820] {logging_mixin.py:115} INFO - [2022-10-16 23:00:18,820] {dagbag.py:507} INFO - Filling up the DagBag from /home/airflow/.local/lib/python3.7/site-packages/airflow/example_dags/example_trigger_target_dag.py
[2022-10-16 23:00:18,851] {processor.py:651} INFO - DAG(s) dict_keys(['example_trigger_target_dag']) retrieved from /home/airflow/.local/lib/python3.7/site-packages/airflow/example_dags/example_trigger_target_dag.py
[2022-10-16 23:00:18,885] {logging_mixin.py:115} INFO - [2022-10-16 23:00:18,884] {dag.py:2371} INFO - Sync 1 DAGs
[2022-10-16 23:00:18,914] {logging_mixin.py:115} INFO - [2022-10-16 23:00:18,913] {dag.py:2919} INFO - Setting next_dagrun for example_trigger_target_dag to None, run_after=None
[2022-10-16 23:00:18,925] {processor.py:161} INFO - Processing /home/airflow/.local/lib/python3.7/site-packages/airflow/example_dags/example_trigger_target_dag.py took 0.115 seconds
[2022-10-16 23:00:49,358] {processor.py:153} INFO - Started process (PID=1434) to work on /home/airflow/.local/lib/python3.7/site-packages/airflow/example_dags/example_trigger_target_dag.py
[2022-10-16 23:00:49,360] {processor.py:641} INFO - Processing file /home/airflow/.local/lib/python3.7/site-packages/airflow/example_dags/example_trigger_target_dag.py for tasks to queue
[2022-10-16 23:00:49,363] {logging_mixin.py:115} INFO - [2022-10-16 23:00:49,363] {dagbag.py:507} INFO - Filling up the DagBag from /home/airflow/.local/lib/python3.7/site-packages/airflow/example_dags/example_trigger_target_dag.py
[2022-10-16 23:00:49,399] {processor.py:651} INFO - DAG(s) dict_keys(['example_trigger_target_dag']) retrieved from /home/airflow/.local/lib/python3.7/site-packages/airflow/example_dags/example_trigger_target_dag.py
[2022-10-16 23:00:49,444] {logging_mixin.py:115} INFO - [2022-10-16 23:00:49,444] {dag.py:2371} INFO - Sync 1 DAGs
[2022-10-16 23:00:49,469] {logging_mixin.py:115} INFO - [2022-10-16 23:00:49,469] {dag.py:2919} INFO - Setting next_dagrun for example_trigger_target_dag to None, run_after=None
[2022-10-16 23:00:49,483] {processor.py:161} INFO - Processing /home/airflow/.local/lib/python3.7/site-packages/airflow/example_dags/example_trigger_target_dag.py took 0.138 seconds
[2022-10-16 23:01:19,765] {processor.py:153} INFO - Started process (PID=1501) to work on /home/airflow/.local/lib/python3.7/site-packages/airflow/example_dags/example_trigger_target_dag.py
[2022-10-16 23:01:19,767] {processor.py:641} INFO - Processing file /home/airflow/.local/lib/python3.7/site-packages/airflow/example_dags/example_trigger_target_dag.py for tasks to queue
[2022-10-16 23:01:19,768] {logging_mixin.py:115} INFO - [2022-10-16 23:01:19,768] {dagbag.py:507} INFO - Filling up the DagBag from /home/airflow/.local/lib/python3.7/site-packages/airflow/example_dags/example_trigger_target_dag.py
[2022-10-16 23:01:19,792] {processor.py:651} INFO - DAG(s) dict_keys(['example_trigger_target_dag']) retrieved from /home/airflow/.local/lib/python3.7/site-packages/airflow/example_dags/example_trigger_target_dag.py
[2022-10-16 23:01:19,819] {logging_mixin.py:115} INFO - [2022-10-16 23:01:19,819] {dag.py:2371} INFO - Sync 1 DAGs
[2022-10-16 23:01:19,836] {logging_mixin.py:115} INFO - [2022-10-16 23:01:19,836] {dag.py:2919} INFO - Setting next_dagrun for example_trigger_target_dag to None, run_after=None
[2022-10-16 23:01:19,847] {processor.py:161} INFO - Processing /home/airflow/.local/lib/python3.7/site-packages/airflow/example_dags/example_trigger_target_dag.py took 0.087 seconds
[2022-10-16 23:01:50,448] {processor.py:153} INFO - Started process (PID=1568) to work on /home/airflow/.local/lib/python3.7/site-packages/airflow/example_dags/example_trigger_target_dag.py
[2022-10-16 23:01:50,450] {processor.py:641} INFO - Processing file /home/airflow/.local/lib/python3.7/site-packages/airflow/example_dags/example_trigger_target_dag.py for tasks to queue
[2022-10-16 23:01:50,453] {logging_mixin.py:115} INFO - [2022-10-16 23:01:50,453] {dagbag.py:507} INFO - Filling up the DagBag from /home/airflow/.local/lib/python3.7/site-packages/airflow/example_dags/example_trigger_target_dag.py
[2022-10-16 23:01:50,504] {processor.py:651} INFO - DAG(s) dict_keys(['example_trigger_target_dag']) retrieved from /home/airflow/.local/lib/python3.7/site-packages/airflow/example_dags/example_trigger_target_dag.py
[2022-10-16 23:01:50,572] {logging_mixin.py:115} INFO - [2022-10-16 23:01:50,572] {dag.py:2371} INFO - Sync 1 DAGs
[2022-10-16 23:01:50,608] {logging_mixin.py:115} INFO - [2022-10-16 23:01:50,608] {dag.py:2919} INFO - Setting next_dagrun for example_trigger_target_dag to None, run_after=None
[2022-10-16 23:01:50,629] {processor.py:161} INFO - Processing /home/airflow/.local/lib/python3.7/site-packages/airflow/example_dags/example_trigger_target_dag.py took 0.189 seconds
