[2022-10-16 22:49:59,235] {processor.py:153} INFO - Started process (PID=67) to work on /home/airflow/.local/lib/python3.7/site-packages/airflow/example_dags/example_latest_only.py
[2022-10-16 22:49:59,245] {processor.py:641} INFO - Processing file /home/airflow/.local/lib/python3.7/site-packages/airflow/example_dags/example_latest_only.py for tasks to queue
[2022-10-16 22:49:59,248] {logging_mixin.py:115} INFO - [2022-10-16 22:49:59,248] {dagbag.py:507} INFO - Filling up the DagBag from /home/airflow/.local/lib/python3.7/site-packages/airflow/example_dags/example_latest_only.py
[2022-10-16 22:49:59,276] {processor.py:651} INFO - DAG(s) dict_keys(['latest_only']) retrieved from /home/airflow/.local/lib/python3.7/site-packages/airflow/example_dags/example_latest_only.py
[2022-10-16 22:50:00,597] {logging_mixin.py:115} INFO - [2022-10-16 22:50:00,597] {manager.py:508} INFO - Created Permission View: can delete on DAG:latest_only
[2022-10-16 22:50:00,610] {logging_mixin.py:115} INFO - [2022-10-16 22:50:00,610] {manager.py:508} INFO - Created Permission View: can edit on DAG:latest_only
[2022-10-16 22:50:00,618] {logging_mixin.py:115} INFO - [2022-10-16 22:50:00,618] {manager.py:508} INFO - Created Permission View: can read on DAG:latest_only
[2022-10-16 22:50:00,619] {logging_mixin.py:115} INFO - [2022-10-16 22:50:00,619] {dag.py:2371} INFO - Sync 1 DAGs
[2022-10-16 22:50:00,631] {logging_mixin.py:115} INFO - [2022-10-16 22:50:00,630] {dag.py:2390} INFO - Creating ORM DAG for latest_only
[2022-10-16 22:50:00,643] {logging_mixin.py:115} INFO - [2022-10-16 22:50:00,643] {dag.py:2919} INFO - Setting next_dagrun for latest_only to 2022-10-16T18:50:00.642710+00:00, run_after=2022-10-16T22:50:00.642710+00:00
[2022-10-16 22:50:00,658] {processor.py:161} INFO - Processing /home/airflow/.local/lib/python3.7/site-packages/airflow/example_dags/example_latest_only.py took 1.428 seconds
[2022-10-16 22:50:31,694] {processor.py:153} INFO - Started process (PID=129) to work on /home/airflow/.local/lib/python3.7/site-packages/airflow/example_dags/example_latest_only.py
[2022-10-16 22:50:31,696] {processor.py:641} INFO - Processing file /home/airflow/.local/lib/python3.7/site-packages/airflow/example_dags/example_latest_only.py for tasks to queue
[2022-10-16 22:50:31,698] {logging_mixin.py:115} INFO - [2022-10-16 22:50:31,698] {dagbag.py:507} INFO - Filling up the DagBag from /home/airflow/.local/lib/python3.7/site-packages/airflow/example_dags/example_latest_only.py
[2022-10-16 22:50:31,711] {processor.py:651} INFO - DAG(s) dict_keys(['latest_only']) retrieved from /home/airflow/.local/lib/python3.7/site-packages/airflow/example_dags/example_latest_only.py
[2022-10-16 22:50:31,788] {logging_mixin.py:115} INFO - [2022-10-16 22:50:31,788] {dag.py:2371} INFO - Sync 1 DAGs
[2022-10-16 22:50:31,922] {logging_mixin.py:115} INFO - [2022-10-16 22:50:31,919] {dag.py:2919} INFO - Setting next_dagrun for latest_only to 2022-10-16T18:50:31.918974+00:00, run_after=2022-10-16T22:50:31.918974+00:00
[2022-10-16 22:50:32,857] {processor.py:161} INFO - Processing /home/airflow/.local/lib/python3.7/site-packages/airflow/example_dags/example_latest_only.py took 1.170 seconds
[2022-10-16 22:51:03,448] {processor.py:153} INFO - Started process (PID=197) to work on /home/airflow/.local/lib/python3.7/site-packages/airflow/example_dags/example_latest_only.py
[2022-10-16 22:51:03,449] {processor.py:641} INFO - Processing file /home/airflow/.local/lib/python3.7/site-packages/airflow/example_dags/example_latest_only.py for tasks to queue
[2022-10-16 22:51:03,450] {logging_mixin.py:115} INFO - [2022-10-16 22:51:03,450] {dagbag.py:507} INFO - Filling up the DagBag from /home/airflow/.local/lib/python3.7/site-packages/airflow/example_dags/example_latest_only.py
[2022-10-16 22:51:03,458] {processor.py:651} INFO - DAG(s) dict_keys(['latest_only']) retrieved from /home/airflow/.local/lib/python3.7/site-packages/airflow/example_dags/example_latest_only.py
[2022-10-16 22:51:03,485] {logging_mixin.py:115} INFO - [2022-10-16 22:51:03,485] {dag.py:2371} INFO - Sync 1 DAGs
[2022-10-16 22:51:03,506] {logging_mixin.py:115} INFO - [2022-10-16 22:51:03,506] {dag.py:2919} INFO - Setting next_dagrun for latest_only to 2022-10-16T18:51:03.506411+00:00, run_after=2022-10-16T22:51:03.506411+00:00
[2022-10-16 22:51:03,638] {processor.py:161} INFO - Processing /home/airflow/.local/lib/python3.7/site-packages/airflow/example_dags/example_latest_only.py took 0.194 seconds
[2022-10-16 22:51:34,297] {processor.py:153} INFO - Started process (PID=255) to work on /home/airflow/.local/lib/python3.7/site-packages/airflow/example_dags/example_latest_only.py
[2022-10-16 22:51:34,300] {processor.py:641} INFO - Processing file /home/airflow/.local/lib/python3.7/site-packages/airflow/example_dags/example_latest_only.py for tasks to queue
[2022-10-16 22:51:34,302] {logging_mixin.py:115} INFO - [2022-10-16 22:51:34,302] {dagbag.py:507} INFO - Filling up the DagBag from /home/airflow/.local/lib/python3.7/site-packages/airflow/example_dags/example_latest_only.py
[2022-10-16 22:51:34,314] {processor.py:651} INFO - DAG(s) dict_keys(['latest_only']) retrieved from /home/airflow/.local/lib/python3.7/site-packages/airflow/example_dags/example_latest_only.py
[2022-10-16 22:51:34,364] {logging_mixin.py:115} INFO - [2022-10-16 22:51:34,364] {dag.py:2371} INFO - Sync 1 DAGs
[2022-10-16 22:51:34,392] {logging_mixin.py:115} INFO - [2022-10-16 22:51:34,392] {dag.py:2919} INFO - Setting next_dagrun for latest_only to 2022-10-16T18:51:34.391600+00:00, run_after=2022-10-16T22:51:34.391600+00:00
[2022-10-16 22:51:34,536] {processor.py:161} INFO - Processing /home/airflow/.local/lib/python3.7/site-packages/airflow/example_dags/example_latest_only.py took 0.245 seconds
[2022-10-16 22:52:05,105] {processor.py:153} INFO - Started process (PID=321) to work on /home/airflow/.local/lib/python3.7/site-packages/airflow/example_dags/example_latest_only.py
[2022-10-16 22:52:05,108] {processor.py:641} INFO - Processing file /home/airflow/.local/lib/python3.7/site-packages/airflow/example_dags/example_latest_only.py for tasks to queue
[2022-10-16 22:52:05,114] {logging_mixin.py:115} INFO - [2022-10-16 22:52:05,114] {dagbag.py:507} INFO - Filling up the DagBag from /home/airflow/.local/lib/python3.7/site-packages/airflow/example_dags/example_latest_only.py
[2022-10-16 22:52:05,127] {processor.py:651} INFO - DAG(s) dict_keys(['latest_only']) retrieved from /home/airflow/.local/lib/python3.7/site-packages/airflow/example_dags/example_latest_only.py
[2022-10-16 22:52:05,181] {logging_mixin.py:115} INFO - [2022-10-16 22:52:05,180] {dag.py:2371} INFO - Sync 1 DAGs
[2022-10-16 22:52:05,214] {logging_mixin.py:115} INFO - [2022-10-16 22:52:05,214] {dag.py:2919} INFO - Setting next_dagrun for latest_only to 2022-10-16T18:52:05.213959+00:00, run_after=2022-10-16T22:52:05.213959+00:00
[2022-10-16 22:52:05,610] {processor.py:161} INFO - Processing /home/airflow/.local/lib/python3.7/site-packages/airflow/example_dags/example_latest_only.py took 0.529 seconds
[2022-10-16 22:52:36,090] {processor.py:153} INFO - Started process (PID=388) to work on /home/airflow/.local/lib/python3.7/site-packages/airflow/example_dags/example_latest_only.py
[2022-10-16 22:52:36,092] {processor.py:641} INFO - Processing file /home/airflow/.local/lib/python3.7/site-packages/airflow/example_dags/example_latest_only.py for tasks to queue
[2022-10-16 22:52:36,093] {logging_mixin.py:115} INFO - [2022-10-16 22:52:36,093] {dagbag.py:507} INFO - Filling up the DagBag from /home/airflow/.local/lib/python3.7/site-packages/airflow/example_dags/example_latest_only.py
[2022-10-16 22:52:36,100] {processor.py:651} INFO - DAG(s) dict_keys(['latest_only']) retrieved from /home/airflow/.local/lib/python3.7/site-packages/airflow/example_dags/example_latest_only.py
[2022-10-16 22:52:36,130] {logging_mixin.py:115} INFO - [2022-10-16 22:52:36,130] {dag.py:2371} INFO - Sync 1 DAGs
[2022-10-16 22:52:36,159] {logging_mixin.py:115} INFO - [2022-10-16 22:52:36,159] {dag.py:2919} INFO - Setting next_dagrun for latest_only to 2022-10-16T18:52:36.158826+00:00, run_after=2022-10-16T22:52:36.158826+00:00
[2022-10-16 22:52:36,494] {processor.py:161} INFO - Processing /home/airflow/.local/lib/python3.7/site-packages/airflow/example_dags/example_latest_only.py took 0.410 seconds
[2022-10-16 22:53:06,666] {processor.py:153} INFO - Started process (PID=455) to work on /home/airflow/.local/lib/python3.7/site-packages/airflow/example_dags/example_latest_only.py
[2022-10-16 22:53:06,669] {processor.py:641} INFO - Processing file /home/airflow/.local/lib/python3.7/site-packages/airflow/example_dags/example_latest_only.py for tasks to queue
[2022-10-16 22:53:06,671] {logging_mixin.py:115} INFO - [2022-10-16 22:53:06,670] {dagbag.py:507} INFO - Filling up the DagBag from /home/airflow/.local/lib/python3.7/site-packages/airflow/example_dags/example_latest_only.py
[2022-10-16 22:53:06,676] {processor.py:651} INFO - DAG(s) dict_keys(['latest_only']) retrieved from /home/airflow/.local/lib/python3.7/site-packages/airflow/example_dags/example_latest_only.py
[2022-10-16 22:53:06,708] {logging_mixin.py:115} INFO - [2022-10-16 22:53:06,707] {dag.py:2371} INFO - Sync 1 DAGs
[2022-10-16 22:53:06,731] {logging_mixin.py:115} INFO - [2022-10-16 22:53:06,731] {dag.py:2919} INFO - Setting next_dagrun for latest_only to 2022-10-16T18:53:06.731622+00:00, run_after=2022-10-16T22:53:06.731622+00:00
[2022-10-16 22:53:06,883] {processor.py:161} INFO - Processing /home/airflow/.local/lib/python3.7/site-packages/airflow/example_dags/example_latest_only.py took 0.220 seconds
[2022-10-16 22:53:37,508] {processor.py:153} INFO - Started process (PID=521) to work on /home/airflow/.local/lib/python3.7/site-packages/airflow/example_dags/example_latest_only.py
[2022-10-16 22:53:37,510] {processor.py:641} INFO - Processing file /home/airflow/.local/lib/python3.7/site-packages/airflow/example_dags/example_latest_only.py for tasks to queue
[2022-10-16 22:53:37,512] {logging_mixin.py:115} INFO - [2022-10-16 22:53:37,512] {dagbag.py:507} INFO - Filling up the DagBag from /home/airflow/.local/lib/python3.7/site-packages/airflow/example_dags/example_latest_only.py
[2022-10-16 22:53:37,517] {processor.py:651} INFO - DAG(s) dict_keys(['latest_only']) retrieved from /home/airflow/.local/lib/python3.7/site-packages/airflow/example_dags/example_latest_only.py
[2022-10-16 22:53:37,537] {logging_mixin.py:115} INFO - [2022-10-16 22:53:37,537] {dag.py:2371} INFO - Sync 1 DAGs
[2022-10-16 22:53:37,553] {logging_mixin.py:115} INFO - [2022-10-16 22:53:37,553] {dag.py:2919} INFO - Setting next_dagrun for latest_only to 2022-10-16T18:53:37.553658+00:00, run_after=2022-10-16T22:53:37.553658+00:00
[2022-10-16 22:53:37,686] {processor.py:161} INFO - Processing /home/airflow/.local/lib/python3.7/site-packages/airflow/example_dags/example_latest_only.py took 0.180 seconds
[2022-10-16 22:54:08,017] {processor.py:153} INFO - Started process (PID=579) to work on /home/airflow/.local/lib/python3.7/site-packages/airflow/example_dags/example_latest_only.py
[2022-10-16 22:54:08,019] {processor.py:641} INFO - Processing file /home/airflow/.local/lib/python3.7/site-packages/airflow/example_dags/example_latest_only.py for tasks to queue
[2022-10-16 22:54:08,020] {logging_mixin.py:115} INFO - [2022-10-16 22:54:08,020] {dagbag.py:507} INFO - Filling up the DagBag from /home/airflow/.local/lib/python3.7/site-packages/airflow/example_dags/example_latest_only.py
[2022-10-16 22:54:08,025] {processor.py:651} INFO - DAG(s) dict_keys(['latest_only']) retrieved from /home/airflow/.local/lib/python3.7/site-packages/airflow/example_dags/example_latest_only.py
[2022-10-16 22:54:08,043] {logging_mixin.py:115} INFO - [2022-10-16 22:54:08,043] {dag.py:2371} INFO - Sync 1 DAGs
[2022-10-16 22:54:08,061] {logging_mixin.py:115} INFO - [2022-10-16 22:54:08,061] {dag.py:2919} INFO - Setting next_dagrun for latest_only to 2022-10-16T18:54:08.060955+00:00, run_after=2022-10-16T22:54:08.060955+00:00
[2022-10-16 22:54:08,159] {processor.py:161} INFO - Processing /home/airflow/.local/lib/python3.7/site-packages/airflow/example_dags/example_latest_only.py took 0.144 seconds
[2022-10-16 22:54:38,604] {processor.py:153} INFO - Started process (PID=646) to work on /home/airflow/.local/lib/python3.7/site-packages/airflow/example_dags/example_latest_only.py
[2022-10-16 22:54:38,607] {processor.py:641} INFO - Processing file /home/airflow/.local/lib/python3.7/site-packages/airflow/example_dags/example_latest_only.py for tasks to queue
[2022-10-16 22:54:38,609] {logging_mixin.py:115} INFO - [2022-10-16 22:54:38,609] {dagbag.py:507} INFO - Filling up the DagBag from /home/airflow/.local/lib/python3.7/site-packages/airflow/example_dags/example_latest_only.py
[2022-10-16 22:54:38,614] {processor.py:651} INFO - DAG(s) dict_keys(['latest_only']) retrieved from /home/airflow/.local/lib/python3.7/site-packages/airflow/example_dags/example_latest_only.py
[2022-10-16 22:54:38,638] {logging_mixin.py:115} INFO - [2022-10-16 22:54:38,638] {dag.py:2371} INFO - Sync 1 DAGs
[2022-10-16 22:54:38,660] {logging_mixin.py:115} INFO - [2022-10-16 22:54:38,660] {dag.py:2919} INFO - Setting next_dagrun for latest_only to 2022-10-16T18:54:38.660009+00:00, run_after=2022-10-16T22:54:38.660009+00:00
[2022-10-16 22:54:38,845] {processor.py:161} INFO - Processing /home/airflow/.local/lib/python3.7/site-packages/airflow/example_dags/example_latest_only.py took 0.243 seconds
[2022-10-16 22:55:09,437] {processor.py:153} INFO - Started process (PID=713) to work on /home/airflow/.local/lib/python3.7/site-packages/airflow/example_dags/example_latest_only.py
[2022-10-16 22:55:09,438] {processor.py:641} INFO - Processing file /home/airflow/.local/lib/python3.7/site-packages/airflow/example_dags/example_latest_only.py for tasks to queue
[2022-10-16 22:55:09,439] {logging_mixin.py:115} INFO - [2022-10-16 22:55:09,439] {dagbag.py:507} INFO - Filling up the DagBag from /home/airflow/.local/lib/python3.7/site-packages/airflow/example_dags/example_latest_only.py
[2022-10-16 22:55:09,444] {processor.py:651} INFO - DAG(s) dict_keys(['latest_only']) retrieved from /home/airflow/.local/lib/python3.7/site-packages/airflow/example_dags/example_latest_only.py
[2022-10-16 22:55:09,460] {logging_mixin.py:115} INFO - [2022-10-16 22:55:09,460] {dag.py:2371} INFO - Sync 1 DAGs
[2022-10-16 22:55:09,475] {logging_mixin.py:115} INFO - [2022-10-16 22:55:09,475] {dag.py:2919} INFO - Setting next_dagrun for latest_only to 2022-10-16T18:55:09.475383+00:00, run_after=2022-10-16T22:55:09.475383+00:00
[2022-10-16 22:55:09,488] {processor.py:161} INFO - Processing /home/airflow/.local/lib/python3.7/site-packages/airflow/example_dags/example_latest_only.py took 0.053 seconds
[2022-10-16 22:55:39,931] {processor.py:153} INFO - Started process (PID=780) to work on /home/airflow/.local/lib/python3.7/site-packages/airflow/example_dags/example_latest_only.py
[2022-10-16 22:55:39,933] {processor.py:641} INFO - Processing file /home/airflow/.local/lib/python3.7/site-packages/airflow/example_dags/example_latest_only.py for tasks to queue
[2022-10-16 22:55:39,934] {logging_mixin.py:115} INFO - [2022-10-16 22:55:39,934] {dagbag.py:507} INFO - Filling up the DagBag from /home/airflow/.local/lib/python3.7/site-packages/airflow/example_dags/example_latest_only.py
[2022-10-16 22:55:39,939] {processor.py:651} INFO - DAG(s) dict_keys(['latest_only']) retrieved from /home/airflow/.local/lib/python3.7/site-packages/airflow/example_dags/example_latest_only.py
[2022-10-16 22:55:39,959] {logging_mixin.py:115} INFO - [2022-10-16 22:55:39,959] {dag.py:2371} INFO - Sync 1 DAGs
[2022-10-16 22:55:39,974] {logging_mixin.py:115} INFO - [2022-10-16 22:55:39,974] {dag.py:2919} INFO - Setting next_dagrun for latest_only to 2022-10-16T18:55:39.974350+00:00, run_after=2022-10-16T22:55:39.974350+00:00
[2022-10-16 22:55:39,981] {processor.py:161} INFO - Processing /home/airflow/.local/lib/python3.7/site-packages/airflow/example_dags/example_latest_only.py took 0.052 seconds
[2022-10-16 22:56:10,302] {processor.py:153} INFO - Started process (PID=844) to work on /home/airflow/.local/lib/python3.7/site-packages/airflow/example_dags/example_latest_only.py
[2022-10-16 22:56:10,304] {processor.py:641} INFO - Processing file /home/airflow/.local/lib/python3.7/site-packages/airflow/example_dags/example_latest_only.py for tasks to queue
[2022-10-16 22:56:10,305] {logging_mixin.py:115} INFO - [2022-10-16 22:56:10,305] {dagbag.py:507} INFO - Filling up the DagBag from /home/airflow/.local/lib/python3.7/site-packages/airflow/example_dags/example_latest_only.py
[2022-10-16 22:56:10,310] {processor.py:651} INFO - DAG(s) dict_keys(['latest_only']) retrieved from /home/airflow/.local/lib/python3.7/site-packages/airflow/example_dags/example_latest_only.py
[2022-10-16 22:56:10,328] {logging_mixin.py:115} INFO - [2022-10-16 22:56:10,328] {dag.py:2371} INFO - Sync 1 DAGs
[2022-10-16 22:56:10,347] {logging_mixin.py:115} INFO - [2022-10-16 22:56:10,347] {dag.py:2919} INFO - Setting next_dagrun for latest_only to 2022-10-16T18:56:10.347510+00:00, run_after=2022-10-16T22:56:10.347510+00:00
[2022-10-16 22:56:10,356] {processor.py:161} INFO - Processing /home/airflow/.local/lib/python3.7/site-packages/airflow/example_dags/example_latest_only.py took 0.057 seconds
[2022-10-16 22:56:40,917] {processor.py:153} INFO - Started process (PID=904) to work on /home/airflow/.local/lib/python3.7/site-packages/airflow/example_dags/example_latest_only.py
[2022-10-16 22:56:40,960] {processor.py:641} INFO - Processing file /home/airflow/.local/lib/python3.7/site-packages/airflow/example_dags/example_latest_only.py for tasks to queue
[2022-10-16 22:56:40,964] {logging_mixin.py:115} INFO - [2022-10-16 22:56:40,964] {dagbag.py:507} INFO - Filling up the DagBag from /home/airflow/.local/lib/python3.7/site-packages/airflow/example_dags/example_latest_only.py
[2022-10-16 22:56:40,972] {processor.py:651} INFO - DAG(s) dict_keys(['latest_only']) retrieved from /home/airflow/.local/lib/python3.7/site-packages/airflow/example_dags/example_latest_only.py
[2022-10-16 22:56:41,000] {logging_mixin.py:115} INFO - [2022-10-16 22:56:41,000] {dag.py:2371} INFO - Sync 1 DAGs
[2022-10-16 22:56:41,020] {logging_mixin.py:115} INFO - [2022-10-16 22:56:41,020] {dag.py:2919} INFO - Setting next_dagrun for latest_only to 2022-10-16T18:56:41.020379+00:00, run_after=2022-10-16T22:56:41.020379+00:00
[2022-10-16 22:56:41,055] {processor.py:161} INFO - Processing /home/airflow/.local/lib/python3.7/site-packages/airflow/example_dags/example_latest_only.py took 0.141 seconds
[2022-10-16 22:57:11,549] {processor.py:153} INFO - Started process (PID=970) to work on /home/airflow/.local/lib/python3.7/site-packages/airflow/example_dags/example_latest_only.py
[2022-10-16 22:57:11,550] {processor.py:641} INFO - Processing file /home/airflow/.local/lib/python3.7/site-packages/airflow/example_dags/example_latest_only.py for tasks to queue
[2022-10-16 22:57:11,551] {logging_mixin.py:115} INFO - [2022-10-16 22:57:11,551] {dagbag.py:507} INFO - Filling up the DagBag from /home/airflow/.local/lib/python3.7/site-packages/airflow/example_dags/example_latest_only.py
[2022-10-16 22:57:11,555] {processor.py:651} INFO - DAG(s) dict_keys(['latest_only']) retrieved from /home/airflow/.local/lib/python3.7/site-packages/airflow/example_dags/example_latest_only.py
[2022-10-16 22:57:11,577] {logging_mixin.py:115} INFO - [2022-10-16 22:57:11,577] {dag.py:2371} INFO - Sync 1 DAGs
[2022-10-16 22:57:11,593] {logging_mixin.py:115} INFO - [2022-10-16 22:57:11,593] {dag.py:2919} INFO - Setting next_dagrun for latest_only to 2022-10-16T18:57:11.592904+00:00, run_after=2022-10-16T22:57:11.592904+00:00
[2022-10-16 22:57:11,602] {processor.py:161} INFO - Processing /home/airflow/.local/lib/python3.7/site-packages/airflow/example_dags/example_latest_only.py took 0.055 seconds
[2022-10-16 22:57:42,141] {processor.py:153} INFO - Started process (PID=1037) to work on /home/airflow/.local/lib/python3.7/site-packages/airflow/example_dags/example_latest_only.py
[2022-10-16 22:57:42,143] {processor.py:641} INFO - Processing file /home/airflow/.local/lib/python3.7/site-packages/airflow/example_dags/example_latest_only.py for tasks to queue
[2022-10-16 22:57:42,144] {logging_mixin.py:115} INFO - [2022-10-16 22:57:42,144] {dagbag.py:507} INFO - Filling up the DagBag from /home/airflow/.local/lib/python3.7/site-packages/airflow/example_dags/example_latest_only.py
[2022-10-16 22:57:42,148] {processor.py:651} INFO - DAG(s) dict_keys(['latest_only']) retrieved from /home/airflow/.local/lib/python3.7/site-packages/airflow/example_dags/example_latest_only.py
[2022-10-16 22:57:42,170] {logging_mixin.py:115} INFO - [2022-10-16 22:57:42,170] {dag.py:2371} INFO - Sync 1 DAGs
[2022-10-16 22:57:42,187] {logging_mixin.py:115} INFO - [2022-10-16 22:57:42,186] {dag.py:2919} INFO - Setting next_dagrun for latest_only to 2022-10-16T18:57:42.186755+00:00, run_after=2022-10-16T22:57:42.186755+00:00
[2022-10-16 22:57:42,195] {processor.py:161} INFO - Processing /home/airflow/.local/lib/python3.7/site-packages/airflow/example_dags/example_latest_only.py took 0.056 seconds
[2022-10-16 22:58:12,790] {processor.py:153} INFO - Started process (PID=1104) to work on /home/airflow/.local/lib/python3.7/site-packages/airflow/example_dags/example_latest_only.py
[2022-10-16 22:58:12,791] {processor.py:641} INFO - Processing file /home/airflow/.local/lib/python3.7/site-packages/airflow/example_dags/example_latest_only.py for tasks to queue
[2022-10-16 22:58:12,792] {logging_mixin.py:115} INFO - [2022-10-16 22:58:12,792] {dagbag.py:507} INFO - Filling up the DagBag from /home/airflow/.local/lib/python3.7/site-packages/airflow/example_dags/example_latest_only.py
[2022-10-16 22:58:12,796] {processor.py:651} INFO - DAG(s) dict_keys(['latest_only']) retrieved from /home/airflow/.local/lib/python3.7/site-packages/airflow/example_dags/example_latest_only.py
[2022-10-16 22:58:12,813] {logging_mixin.py:115} INFO - [2022-10-16 22:58:12,813] {dag.py:2371} INFO - Sync 1 DAGs
[2022-10-16 22:58:12,831] {logging_mixin.py:115} INFO - [2022-10-16 22:58:12,831] {dag.py:2919} INFO - Setting next_dagrun for latest_only to 2022-10-16T18:58:12.830976+00:00, run_after=2022-10-16T22:58:12.830976+00:00
[2022-10-16 22:58:12,838] {processor.py:161} INFO - Processing /home/airflow/.local/lib/python3.7/site-packages/airflow/example_dags/example_latest_only.py took 0.051 seconds
[2022-10-16 22:58:43,675] {processor.py:153} INFO - Started process (PID=1171) to work on /home/airflow/.local/lib/python3.7/site-packages/airflow/example_dags/example_latest_only.py
[2022-10-16 22:58:43,677] {processor.py:641} INFO - Processing file /home/airflow/.local/lib/python3.7/site-packages/airflow/example_dags/example_latest_only.py for tasks to queue
[2022-10-16 22:58:43,679] {logging_mixin.py:115} INFO - [2022-10-16 22:58:43,678] {dagbag.py:507} INFO - Filling up the DagBag from /home/airflow/.local/lib/python3.7/site-packages/airflow/example_dags/example_latest_only.py
[2022-10-16 22:58:43,687] {processor.py:651} INFO - DAG(s) dict_keys(['latest_only']) retrieved from /home/airflow/.local/lib/python3.7/site-packages/airflow/example_dags/example_latest_only.py
[2022-10-16 22:58:43,726] {logging_mixin.py:115} INFO - [2022-10-16 22:58:43,726] {dag.py:2371} INFO - Sync 1 DAGs
[2022-10-16 22:58:43,759] {logging_mixin.py:115} INFO - [2022-10-16 22:58:43,759] {dag.py:2919} INFO - Setting next_dagrun for latest_only to 2022-10-16T18:58:43.759277+00:00, run_after=2022-10-16T22:58:43.759277+00:00
[2022-10-16 22:58:43,769] {processor.py:161} INFO - Processing /home/airflow/.local/lib/python3.7/site-packages/airflow/example_dags/example_latest_only.py took 0.096 seconds
[2022-10-16 22:59:14,012] {processor.py:153} INFO - Started process (PID=1230) to work on /home/airflow/.local/lib/python3.7/site-packages/airflow/example_dags/example_latest_only.py
[2022-10-16 22:59:14,013] {processor.py:641} INFO - Processing file /home/airflow/.local/lib/python3.7/site-packages/airflow/example_dags/example_latest_only.py for tasks to queue
[2022-10-16 22:59:14,019] {logging_mixin.py:115} INFO - [2022-10-16 22:59:14,019] {dagbag.py:507} INFO - Filling up the DagBag from /home/airflow/.local/lib/python3.7/site-packages/airflow/example_dags/example_latest_only.py
[2022-10-16 22:59:14,024] {processor.py:651} INFO - DAG(s) dict_keys(['latest_only']) retrieved from /home/airflow/.local/lib/python3.7/site-packages/airflow/example_dags/example_latest_only.py
[2022-10-16 22:59:14,046] {logging_mixin.py:115} INFO - [2022-10-16 22:59:14,046] {dag.py:2371} INFO - Sync 1 DAGs
[2022-10-16 22:59:14,065] {logging_mixin.py:115} INFO - [2022-10-16 22:59:14,065] {dag.py:2919} INFO - Setting next_dagrun for latest_only to 2022-10-16T18:59:14.065291+00:00, run_after=2022-10-16T22:59:14.065291+00:00
[2022-10-16 22:59:14,075] {processor.py:161} INFO - Processing /home/airflow/.local/lib/python3.7/site-packages/airflow/example_dags/example_latest_only.py took 0.065 seconds
[2022-10-16 22:59:44,582] {processor.py:153} INFO - Started process (PID=1298) to work on /home/airflow/.local/lib/python3.7/site-packages/airflow/example_dags/example_latest_only.py
[2022-10-16 22:59:44,583] {processor.py:641} INFO - Processing file /home/airflow/.local/lib/python3.7/site-packages/airflow/example_dags/example_latest_only.py for tasks to queue
[2022-10-16 22:59:44,584] {logging_mixin.py:115} INFO - [2022-10-16 22:59:44,584] {dagbag.py:507} INFO - Filling up the DagBag from /home/airflow/.local/lib/python3.7/site-packages/airflow/example_dags/example_latest_only.py
[2022-10-16 22:59:44,589] {processor.py:651} INFO - DAG(s) dict_keys(['latest_only']) retrieved from /home/airflow/.local/lib/python3.7/site-packages/airflow/example_dags/example_latest_only.py
[2022-10-16 22:59:44,607] {logging_mixin.py:115} INFO - [2022-10-16 22:59:44,607] {dag.py:2371} INFO - Sync 1 DAGs
[2022-10-16 22:59:44,622] {logging_mixin.py:115} INFO - [2022-10-16 22:59:44,622] {dag.py:2919} INFO - Setting next_dagrun for latest_only to 2022-10-16T18:59:44.621988+00:00, run_after=2022-10-16T22:59:44.621988+00:00
[2022-10-16 22:59:44,629] {processor.py:161} INFO - Processing /home/airflow/.local/lib/python3.7/site-packages/airflow/example_dags/example_latest_only.py took 0.051 seconds
[2022-10-16 23:00:14,689] {processor.py:153} INFO - Started process (PID=1365) to work on /home/airflow/.local/lib/python3.7/site-packages/airflow/example_dags/example_latest_only.py
[2022-10-16 23:00:14,690] {processor.py:641} INFO - Processing file /home/airflow/.local/lib/python3.7/site-packages/airflow/example_dags/example_latest_only.py for tasks to queue
[2022-10-16 23:00:14,691] {logging_mixin.py:115} INFO - [2022-10-16 23:00:14,691] {dagbag.py:507} INFO - Filling up the DagBag from /home/airflow/.local/lib/python3.7/site-packages/airflow/example_dags/example_latest_only.py
[2022-10-16 23:00:14,696] {processor.py:651} INFO - DAG(s) dict_keys(['latest_only']) retrieved from /home/airflow/.local/lib/python3.7/site-packages/airflow/example_dags/example_latest_only.py
[2022-10-16 23:00:14,715] {logging_mixin.py:115} INFO - [2022-10-16 23:00:14,715] {dag.py:2371} INFO - Sync 1 DAGs
[2022-10-16 23:00:14,729] {logging_mixin.py:115} INFO - [2022-10-16 23:00:14,729] {dag.py:2919} INFO - Setting next_dagrun for latest_only to 2022-10-16T19:00:14.728859+00:00, run_after=2022-10-16T23:00:14.728859+00:00
[2022-10-16 23:00:14,735] {processor.py:161} INFO - Processing /home/airflow/.local/lib/python3.7/site-packages/airflow/example_dags/example_latest_only.py took 0.048 seconds
[2022-10-16 23:00:45,066] {processor.py:153} INFO - Started process (PID=1432) to work on /home/airflow/.local/lib/python3.7/site-packages/airflow/example_dags/example_latest_only.py
[2022-10-16 23:00:45,068] {processor.py:641} INFO - Processing file /home/airflow/.local/lib/python3.7/site-packages/airflow/example_dags/example_latest_only.py for tasks to queue
[2022-10-16 23:00:45,069] {logging_mixin.py:115} INFO - [2022-10-16 23:00:45,069] {dagbag.py:507} INFO - Filling up the DagBag from /home/airflow/.local/lib/python3.7/site-packages/airflow/example_dags/example_latest_only.py
[2022-10-16 23:00:45,075] {processor.py:651} INFO - DAG(s) dict_keys(['latest_only']) retrieved from /home/airflow/.local/lib/python3.7/site-packages/airflow/example_dags/example_latest_only.py
[2022-10-16 23:00:45,103] {logging_mixin.py:115} INFO - [2022-10-16 23:00:45,103] {dag.py:2371} INFO - Sync 1 DAGs
[2022-10-16 23:00:45,132] {logging_mixin.py:115} INFO - [2022-10-16 23:00:45,132] {dag.py:2919} INFO - Setting next_dagrun for latest_only to 2022-10-16T19:00:45.131930+00:00, run_after=2022-10-16T23:00:45.131930+00:00
[2022-10-16 23:00:45,153] {processor.py:161} INFO - Processing /home/airflow/.local/lib/python3.7/site-packages/airflow/example_dags/example_latest_only.py took 0.092 seconds
[2022-10-16 23:01:15,650] {processor.py:153} INFO - Started process (PID=1490) to work on /home/airflow/.local/lib/python3.7/site-packages/airflow/example_dags/example_latest_only.py
[2022-10-16 23:01:15,652] {processor.py:641} INFO - Processing file /home/airflow/.local/lib/python3.7/site-packages/airflow/example_dags/example_latest_only.py for tasks to queue
[2022-10-16 23:01:15,653] {logging_mixin.py:115} INFO - [2022-10-16 23:01:15,653] {dagbag.py:507} INFO - Filling up the DagBag from /home/airflow/.local/lib/python3.7/site-packages/airflow/example_dags/example_latest_only.py
[2022-10-16 23:01:15,657] {processor.py:651} INFO - DAG(s) dict_keys(['latest_only']) retrieved from /home/airflow/.local/lib/python3.7/site-packages/airflow/example_dags/example_latest_only.py
[2022-10-16 23:01:15,675] {logging_mixin.py:115} INFO - [2022-10-16 23:01:15,675] {dag.py:2371} INFO - Sync 1 DAGs
[2022-10-16 23:01:15,694] {logging_mixin.py:115} INFO - [2022-10-16 23:01:15,694] {dag.py:2919} INFO - Setting next_dagrun for latest_only to 2022-10-16T19:01:15.694742+00:00, run_after=2022-10-16T23:01:15.694742+00:00
[2022-10-16 23:01:15,704] {processor.py:161} INFO - Processing /home/airflow/.local/lib/python3.7/site-packages/airflow/example_dags/example_latest_only.py took 0.056 seconds
[2022-10-16 23:01:46,291] {processor.py:153} INFO - Started process (PID=1557) to work on /home/airflow/.local/lib/python3.7/site-packages/airflow/example_dags/example_latest_only.py
[2022-10-16 23:01:46,293] {processor.py:641} INFO - Processing file /home/airflow/.local/lib/python3.7/site-packages/airflow/example_dags/example_latest_only.py for tasks to queue
[2022-10-16 23:01:46,294] {logging_mixin.py:115} INFO - [2022-10-16 23:01:46,294] {dagbag.py:507} INFO - Filling up the DagBag from /home/airflow/.local/lib/python3.7/site-packages/airflow/example_dags/example_latest_only.py
[2022-10-16 23:01:46,299] {processor.py:651} INFO - DAG(s) dict_keys(['latest_only']) retrieved from /home/airflow/.local/lib/python3.7/site-packages/airflow/example_dags/example_latest_only.py
[2022-10-16 23:01:46,323] {logging_mixin.py:115} INFO - [2022-10-16 23:01:46,323] {dag.py:2371} INFO - Sync 1 DAGs
[2022-10-16 23:01:46,349] {logging_mixin.py:115} INFO - [2022-10-16 23:01:46,349] {dag.py:2919} INFO - Setting next_dagrun for latest_only to 2022-10-16T19:01:46.348807+00:00, run_after=2022-10-16T23:01:46.348807+00:00
[2022-10-16 23:01:46,362] {processor.py:161} INFO - Processing /home/airflow/.local/lib/python3.7/site-packages/airflow/example_dags/example_latest_only.py took 0.073 seconds
