[2022-10-16 22:50:04,926] {processor.py:153} INFO - Started process (PID=88) to work on /home/airflow/.local/lib/python3.7/site-packages/airflow/example_dags/example_time_delta_sensor_async.py
[2022-10-16 22:50:04,927] {processor.py:641} INFO - Processing file /home/airflow/.local/lib/python3.7/site-packages/airflow/example_dags/example_time_delta_sensor_async.py for tasks to queue
[2022-10-16 22:50:04,928] {logging_mixin.py:115} INFO - [2022-10-16 22:50:04,928] {dagbag.py:507} INFO - Filling up the DagBag from /home/airflow/.local/lib/python3.7/site-packages/airflow/example_dags/example_time_delta_sensor_async.py
[2022-10-16 22:50:04,936] {processor.py:651} INFO - DAG(s) dict_keys(['example_time_delta_sensor_async']) retrieved from /home/airflow/.local/lib/python3.7/site-packages/airflow/example_dags/example_time_delta_sensor_async.py
[2022-10-16 22:50:05,094] {logging_mixin.py:115} INFO - [2022-10-16 22:50:05,094] {manager.py:508} INFO - Created Permission View: can delete on DAG:example_time_delta_sensor_async
[2022-10-16 22:50:05,102] {logging_mixin.py:115} INFO - [2022-10-16 22:50:05,101] {manager.py:508} INFO - Created Permission View: can edit on DAG:example_time_delta_sensor_async
[2022-10-16 22:50:05,106] {logging_mixin.py:115} INFO - [2022-10-16 22:50:05,106] {manager.py:508} INFO - Created Permission View: can read on DAG:example_time_delta_sensor_async
[2022-10-16 22:50:05,107] {logging_mixin.py:115} INFO - [2022-10-16 22:50:05,107] {dag.py:2371} INFO - Sync 1 DAGs
[2022-10-16 22:50:05,112] {logging_mixin.py:115} INFO - [2022-10-16 22:50:05,112] {dag.py:2390} INFO - Creating ORM DAG for example_time_delta_sensor_async
[2022-10-16 22:50:05,119] {logging_mixin.py:115} INFO - [2022-10-16 22:50:05,119] {dag.py:2919} INFO - Setting next_dagrun for example_time_delta_sensor_async to None, run_after=None
[2022-10-16 22:50:05,127] {processor.py:161} INFO - Processing /home/airflow/.local/lib/python3.7/site-packages/airflow/example_dags/example_time_delta_sensor_async.py took 0.205 seconds
[2022-10-16 22:50:51,794] {processor.py:153} INFO - Started process (PID=169) to work on /home/airflow/.local/lib/python3.7/site-packages/airflow/example_dags/example_time_delta_sensor_async.py
[2022-10-16 22:50:51,796] {processor.py:641} INFO - Processing file /home/airflow/.local/lib/python3.7/site-packages/airflow/example_dags/example_time_delta_sensor_async.py for tasks to queue
[2022-10-16 22:50:51,797] {logging_mixin.py:115} INFO - [2022-10-16 22:50:51,797] {dagbag.py:507} INFO - Filling up the DagBag from /home/airflow/.local/lib/python3.7/site-packages/airflow/example_dags/example_time_delta_sensor_async.py
[2022-10-16 22:50:51,805] {processor.py:651} INFO - DAG(s) dict_keys(['example_time_delta_sensor_async']) retrieved from /home/airflow/.local/lib/python3.7/site-packages/airflow/example_dags/example_time_delta_sensor_async.py
[2022-10-16 22:50:51,852] {logging_mixin.py:115} INFO - [2022-10-16 22:50:51,852] {dag.py:2371} INFO - Sync 1 DAGs
[2022-10-16 22:50:51,875] {logging_mixin.py:115} INFO - [2022-10-16 22:50:51,875] {dag.py:2919} INFO - Setting next_dagrun for example_time_delta_sensor_async to None, run_after=None
[2022-10-16 22:50:51,884] {processor.py:161} INFO - Processing /home/airflow/.local/lib/python3.7/site-packages/airflow/example_dags/example_time_delta_sensor_async.py took 0.093 seconds
[2022-10-16 22:51:22,295] {processor.py:153} INFO - Started process (PID=227) to work on /home/airflow/.local/lib/python3.7/site-packages/airflow/example_dags/example_time_delta_sensor_async.py
[2022-10-16 22:51:22,296] {processor.py:641} INFO - Processing file /home/airflow/.local/lib/python3.7/site-packages/airflow/example_dags/example_time_delta_sensor_async.py for tasks to queue
[2022-10-16 22:51:22,298] {logging_mixin.py:115} INFO - [2022-10-16 22:51:22,298] {dagbag.py:507} INFO - Filling up the DagBag from /home/airflow/.local/lib/python3.7/site-packages/airflow/example_dags/example_time_delta_sensor_async.py
[2022-10-16 22:51:22,303] {processor.py:651} INFO - DAG(s) dict_keys(['example_time_delta_sensor_async']) retrieved from /home/airflow/.local/lib/python3.7/site-packages/airflow/example_dags/example_time_delta_sensor_async.py
[2022-10-16 22:51:22,366] {logging_mixin.py:115} INFO - [2022-10-16 22:51:22,366] {dag.py:2371} INFO - Sync 1 DAGs
[2022-10-16 22:51:22,394] {logging_mixin.py:115} INFO - [2022-10-16 22:51:22,394] {dag.py:2919} INFO - Setting next_dagrun for example_time_delta_sensor_async to None, run_after=None
[2022-10-16 22:51:22,407] {processor.py:161} INFO - Processing /home/airflow/.local/lib/python3.7/site-packages/airflow/example_dags/example_time_delta_sensor_async.py took 0.114 seconds
[2022-10-16 22:51:53,031] {processor.py:153} INFO - Started process (PID=294) to work on /home/airflow/.local/lib/python3.7/site-packages/airflow/example_dags/example_time_delta_sensor_async.py
[2022-10-16 22:51:53,032] {processor.py:641} INFO - Processing file /home/airflow/.local/lib/python3.7/site-packages/airflow/example_dags/example_time_delta_sensor_async.py for tasks to queue
[2022-10-16 22:51:53,033] {logging_mixin.py:115} INFO - [2022-10-16 22:51:53,033] {dagbag.py:507} INFO - Filling up the DagBag from /home/airflow/.local/lib/python3.7/site-packages/airflow/example_dags/example_time_delta_sensor_async.py
[2022-10-16 22:51:53,038] {processor.py:651} INFO - DAG(s) dict_keys(['example_time_delta_sensor_async']) retrieved from /home/airflow/.local/lib/python3.7/site-packages/airflow/example_dags/example_time_delta_sensor_async.py
[2022-10-16 22:51:53,066] {logging_mixin.py:115} INFO - [2022-10-16 22:51:53,066] {dag.py:2371} INFO - Sync 1 DAGs
[2022-10-16 22:51:53,082] {logging_mixin.py:115} INFO - [2022-10-16 22:51:53,082] {dag.py:2919} INFO - Setting next_dagrun for example_time_delta_sensor_async to None, run_after=None
[2022-10-16 22:51:53,090] {processor.py:161} INFO - Processing /home/airflow/.local/lib/python3.7/site-packages/airflow/example_dags/example_time_delta_sensor_async.py took 0.062 seconds
[2022-10-16 22:52:24,905] {processor.py:153} INFO - Started process (PID=359) to work on /home/airflow/.local/lib/python3.7/site-packages/airflow/example_dags/example_time_delta_sensor_async.py
[2022-10-16 22:52:24,907] {processor.py:641} INFO - Processing file /home/airflow/.local/lib/python3.7/site-packages/airflow/example_dags/example_time_delta_sensor_async.py for tasks to queue
[2022-10-16 22:52:24,908] {logging_mixin.py:115} INFO - [2022-10-16 22:52:24,908] {dagbag.py:507} INFO - Filling up the DagBag from /home/airflow/.local/lib/python3.7/site-packages/airflow/example_dags/example_time_delta_sensor_async.py
[2022-10-16 22:52:24,915] {processor.py:651} INFO - DAG(s) dict_keys(['example_time_delta_sensor_async']) retrieved from /home/airflow/.local/lib/python3.7/site-packages/airflow/example_dags/example_time_delta_sensor_async.py
[2022-10-16 22:52:24,951] {logging_mixin.py:115} INFO - [2022-10-16 22:52:24,951] {dag.py:2371} INFO - Sync 1 DAGs
[2022-10-16 22:52:24,966] {logging_mixin.py:115} INFO - [2022-10-16 22:52:24,965] {dag.py:2919} INFO - Setting next_dagrun for example_time_delta_sensor_async to None, run_after=None
[2022-10-16 22:52:24,974] {processor.py:161} INFO - Processing /home/airflow/.local/lib/python3.7/site-packages/airflow/example_dags/example_time_delta_sensor_async.py took 0.073 seconds
[2022-10-16 22:52:55,455] {processor.py:153} INFO - Started process (PID=427) to work on /home/airflow/.local/lib/python3.7/site-packages/airflow/example_dags/example_time_delta_sensor_async.py
[2022-10-16 22:52:55,459] {processor.py:641} INFO - Processing file /home/airflow/.local/lib/python3.7/site-packages/airflow/example_dags/example_time_delta_sensor_async.py for tasks to queue
[2022-10-16 22:52:55,461] {logging_mixin.py:115} INFO - [2022-10-16 22:52:55,461] {dagbag.py:507} INFO - Filling up the DagBag from /home/airflow/.local/lib/python3.7/site-packages/airflow/example_dags/example_time_delta_sensor_async.py
[2022-10-16 22:52:55,467] {processor.py:651} INFO - DAG(s) dict_keys(['example_time_delta_sensor_async']) retrieved from /home/airflow/.local/lib/python3.7/site-packages/airflow/example_dags/example_time_delta_sensor_async.py
[2022-10-16 22:52:55,502] {logging_mixin.py:115} INFO - [2022-10-16 22:52:55,502] {dag.py:2371} INFO - Sync 1 DAGs
[2022-10-16 22:52:55,525] {logging_mixin.py:115} INFO - [2022-10-16 22:52:55,525] {dag.py:2919} INFO - Setting next_dagrun for example_time_delta_sensor_async to None, run_after=None
[2022-10-16 22:52:55,535] {processor.py:161} INFO - Processing /home/airflow/.local/lib/python3.7/site-packages/airflow/example_dags/example_time_delta_sensor_async.py took 0.083 seconds
[2022-10-16 22:53:27,293] {processor.py:153} INFO - Started process (PID=492) to work on /home/airflow/.local/lib/python3.7/site-packages/airflow/example_dags/example_time_delta_sensor_async.py
[2022-10-16 22:53:27,295] {processor.py:641} INFO - Processing file /home/airflow/.local/lib/python3.7/site-packages/airflow/example_dags/example_time_delta_sensor_async.py for tasks to queue
[2022-10-16 22:53:27,296] {logging_mixin.py:115} INFO - [2022-10-16 22:53:27,296] {dagbag.py:507} INFO - Filling up the DagBag from /home/airflow/.local/lib/python3.7/site-packages/airflow/example_dags/example_time_delta_sensor_async.py
[2022-10-16 22:53:27,305] {processor.py:651} INFO - DAG(s) dict_keys(['example_time_delta_sensor_async']) retrieved from /home/airflow/.local/lib/python3.7/site-packages/airflow/example_dags/example_time_delta_sensor_async.py
[2022-10-16 22:53:27,352] {logging_mixin.py:115} INFO - [2022-10-16 22:53:27,352] {dag.py:2371} INFO - Sync 1 DAGs
[2022-10-16 22:53:27,369] {logging_mixin.py:115} INFO - [2022-10-16 22:53:27,368] {dag.py:2919} INFO - Setting next_dagrun for example_time_delta_sensor_async to None, run_after=None
[2022-10-16 22:53:27,377] {processor.py:161} INFO - Processing /home/airflow/.local/lib/python3.7/site-packages/airflow/example_dags/example_time_delta_sensor_async.py took 0.089 seconds
[2022-10-16 22:53:57,447] {processor.py:153} INFO - Started process (PID=550) to work on /home/airflow/.local/lib/python3.7/site-packages/airflow/example_dags/example_time_delta_sensor_async.py
[2022-10-16 22:53:57,448] {processor.py:641} INFO - Processing file /home/airflow/.local/lib/python3.7/site-packages/airflow/example_dags/example_time_delta_sensor_async.py for tasks to queue
[2022-10-16 22:53:57,449] {logging_mixin.py:115} INFO - [2022-10-16 22:53:57,449] {dagbag.py:507} INFO - Filling up the DagBag from /home/airflow/.local/lib/python3.7/site-packages/airflow/example_dags/example_time_delta_sensor_async.py
[2022-10-16 22:53:57,454] {processor.py:651} INFO - DAG(s) dict_keys(['example_time_delta_sensor_async']) retrieved from /home/airflow/.local/lib/python3.7/site-packages/airflow/example_dags/example_time_delta_sensor_async.py
[2022-10-16 22:53:57,491] {logging_mixin.py:115} INFO - [2022-10-16 22:53:57,491] {dag.py:2371} INFO - Sync 1 DAGs
[2022-10-16 22:53:57,509] {logging_mixin.py:115} INFO - [2022-10-16 22:53:57,509] {dag.py:2919} INFO - Setting next_dagrun for example_time_delta_sensor_async to None, run_after=None
[2022-10-16 22:53:57,518] {processor.py:161} INFO - Processing /home/airflow/.local/lib/python3.7/site-packages/airflow/example_dags/example_time_delta_sensor_async.py took 0.074 seconds
[2022-10-16 22:54:28,216] {processor.py:153} INFO - Started process (PID=617) to work on /home/airflow/.local/lib/python3.7/site-packages/airflow/example_dags/example_time_delta_sensor_async.py
[2022-10-16 22:54:28,218] {processor.py:641} INFO - Processing file /home/airflow/.local/lib/python3.7/site-packages/airflow/example_dags/example_time_delta_sensor_async.py for tasks to queue
[2022-10-16 22:54:28,219] {logging_mixin.py:115} INFO - [2022-10-16 22:54:28,219] {dagbag.py:507} INFO - Filling up the DagBag from /home/airflow/.local/lib/python3.7/site-packages/airflow/example_dags/example_time_delta_sensor_async.py
[2022-10-16 22:54:28,226] {processor.py:651} INFO - DAG(s) dict_keys(['example_time_delta_sensor_async']) retrieved from /home/airflow/.local/lib/python3.7/site-packages/airflow/example_dags/example_time_delta_sensor_async.py
[2022-10-16 22:54:28,288] {logging_mixin.py:115} INFO - [2022-10-16 22:54:28,288] {dag.py:2371} INFO - Sync 1 DAGs
[2022-10-16 22:54:28,310] {logging_mixin.py:115} INFO - [2022-10-16 22:54:28,310] {dag.py:2919} INFO - Setting next_dagrun for example_time_delta_sensor_async to None, run_after=None
[2022-10-16 22:54:28,318] {processor.py:161} INFO - Processing /home/airflow/.local/lib/python3.7/site-packages/airflow/example_dags/example_time_delta_sensor_async.py took 0.105 seconds
[2022-10-16 22:54:58,615] {processor.py:153} INFO - Started process (PID=684) to work on /home/airflow/.local/lib/python3.7/site-packages/airflow/example_dags/example_time_delta_sensor_async.py
[2022-10-16 22:54:58,616] {processor.py:641} INFO - Processing file /home/airflow/.local/lib/python3.7/site-packages/airflow/example_dags/example_time_delta_sensor_async.py for tasks to queue
[2022-10-16 22:54:58,617] {logging_mixin.py:115} INFO - [2022-10-16 22:54:58,617] {dagbag.py:507} INFO - Filling up the DagBag from /home/airflow/.local/lib/python3.7/site-packages/airflow/example_dags/example_time_delta_sensor_async.py
[2022-10-16 22:54:58,621] {processor.py:651} INFO - DAG(s) dict_keys(['example_time_delta_sensor_async']) retrieved from /home/airflow/.local/lib/python3.7/site-packages/airflow/example_dags/example_time_delta_sensor_async.py
[2022-10-16 22:54:58,648] {logging_mixin.py:115} INFO - [2022-10-16 22:54:58,648] {dag.py:2371} INFO - Sync 1 DAGs
[2022-10-16 22:54:58,666] {logging_mixin.py:115} INFO - [2022-10-16 22:54:58,666] {dag.py:2919} INFO - Setting next_dagrun for example_time_delta_sensor_async to None, run_after=None
[2022-10-16 22:54:58,674] {processor.py:161} INFO - Processing /home/airflow/.local/lib/python3.7/site-packages/airflow/example_dags/example_time_delta_sensor_async.py took 0.061 seconds
[2022-10-16 22:55:28,754] {processor.py:153} INFO - Started process (PID=751) to work on /home/airflow/.local/lib/python3.7/site-packages/airflow/example_dags/example_time_delta_sensor_async.py
[2022-10-16 22:55:28,756] {processor.py:641} INFO - Processing file /home/airflow/.local/lib/python3.7/site-packages/airflow/example_dags/example_time_delta_sensor_async.py for tasks to queue
[2022-10-16 22:55:28,757] {logging_mixin.py:115} INFO - [2022-10-16 22:55:28,757] {dagbag.py:507} INFO - Filling up the DagBag from /home/airflow/.local/lib/python3.7/site-packages/airflow/example_dags/example_time_delta_sensor_async.py
[2022-10-16 22:55:28,761] {processor.py:651} INFO - DAG(s) dict_keys(['example_time_delta_sensor_async']) retrieved from /home/airflow/.local/lib/python3.7/site-packages/airflow/example_dags/example_time_delta_sensor_async.py
[2022-10-16 22:55:28,792] {logging_mixin.py:115} INFO - [2022-10-16 22:55:28,792] {dag.py:2371} INFO - Sync 1 DAGs
[2022-10-16 22:55:28,806] {logging_mixin.py:115} INFO - [2022-10-16 22:55:28,806] {dag.py:2919} INFO - Setting next_dagrun for example_time_delta_sensor_async to None, run_after=None
[2022-10-16 22:55:28,813] {processor.py:161} INFO - Processing /home/airflow/.local/lib/python3.7/site-packages/airflow/example_dags/example_time_delta_sensor_async.py took 0.061 seconds
[2022-10-16 22:55:59,157] {processor.py:153} INFO - Started process (PID=808) to work on /home/airflow/.local/lib/python3.7/site-packages/airflow/example_dags/example_time_delta_sensor_async.py
[2022-10-16 22:55:59,158] {processor.py:641} INFO - Processing file /home/airflow/.local/lib/python3.7/site-packages/airflow/example_dags/example_time_delta_sensor_async.py for tasks to queue
[2022-10-16 22:55:59,159] {logging_mixin.py:115} INFO - [2022-10-16 22:55:59,159] {dagbag.py:507} INFO - Filling up the DagBag from /home/airflow/.local/lib/python3.7/site-packages/airflow/example_dags/example_time_delta_sensor_async.py
[2022-10-16 22:55:59,165] {processor.py:651} INFO - DAG(s) dict_keys(['example_time_delta_sensor_async']) retrieved from /home/airflow/.local/lib/python3.7/site-packages/airflow/example_dags/example_time_delta_sensor_async.py
[2022-10-16 22:55:59,194] {logging_mixin.py:115} INFO - [2022-10-16 22:55:59,194] {dag.py:2371} INFO - Sync 1 DAGs
[2022-10-16 22:55:59,208] {logging_mixin.py:115} INFO - [2022-10-16 22:55:59,208] {dag.py:2919} INFO - Setting next_dagrun for example_time_delta_sensor_async to None, run_after=None
[2022-10-16 22:55:59,216] {processor.py:161} INFO - Processing /home/airflow/.local/lib/python3.7/site-packages/airflow/example_dags/example_time_delta_sensor_async.py took 0.060 seconds
[2022-10-16 22:56:29,397] {processor.py:153} INFO - Started process (PID=875) to work on /home/airflow/.local/lib/python3.7/site-packages/airflow/example_dags/example_time_delta_sensor_async.py
[2022-10-16 22:56:29,399] {processor.py:641} INFO - Processing file /home/airflow/.local/lib/python3.7/site-packages/airflow/example_dags/example_time_delta_sensor_async.py for tasks to queue
[2022-10-16 22:56:29,400] {logging_mixin.py:115} INFO - [2022-10-16 22:56:29,400] {dagbag.py:507} INFO - Filling up the DagBag from /home/airflow/.local/lib/python3.7/site-packages/airflow/example_dags/example_time_delta_sensor_async.py
[2022-10-16 22:56:29,404] {processor.py:651} INFO - DAG(s) dict_keys(['example_time_delta_sensor_async']) retrieved from /home/airflow/.local/lib/python3.7/site-packages/airflow/example_dags/example_time_delta_sensor_async.py
[2022-10-16 22:56:29,431] {logging_mixin.py:115} INFO - [2022-10-16 22:56:29,431] {dag.py:2371} INFO - Sync 1 DAGs
[2022-10-16 22:56:29,446] {logging_mixin.py:115} INFO - [2022-10-16 22:56:29,446] {dag.py:2919} INFO - Setting next_dagrun for example_time_delta_sensor_async to None, run_after=None
[2022-10-16 22:56:29,454] {processor.py:161} INFO - Processing /home/airflow/.local/lib/python3.7/site-packages/airflow/example_dags/example_time_delta_sensor_async.py took 0.059 seconds
[2022-10-16 22:57:00,158] {processor.py:153} INFO - Started process (PID=941) to work on /home/airflow/.local/lib/python3.7/site-packages/airflow/example_dags/example_time_delta_sensor_async.py
[2022-10-16 22:57:00,160] {processor.py:641} INFO - Processing file /home/airflow/.local/lib/python3.7/site-packages/airflow/example_dags/example_time_delta_sensor_async.py for tasks to queue
[2022-10-16 22:57:00,161] {logging_mixin.py:115} INFO - [2022-10-16 22:57:00,161] {dagbag.py:507} INFO - Filling up the DagBag from /home/airflow/.local/lib/python3.7/site-packages/airflow/example_dags/example_time_delta_sensor_async.py
[2022-10-16 22:57:00,164] {processor.py:651} INFO - DAG(s) dict_keys(['example_time_delta_sensor_async']) retrieved from /home/airflow/.local/lib/python3.7/site-packages/airflow/example_dags/example_time_delta_sensor_async.py
[2022-10-16 22:57:00,192] {logging_mixin.py:115} INFO - [2022-10-16 22:57:00,192] {dag.py:2371} INFO - Sync 1 DAGs
[2022-10-16 22:57:00,206] {logging_mixin.py:115} INFO - [2022-10-16 22:57:00,206] {dag.py:2919} INFO - Setting next_dagrun for example_time_delta_sensor_async to None, run_after=None
[2022-10-16 22:57:00,214] {processor.py:161} INFO - Processing /home/airflow/.local/lib/python3.7/site-packages/airflow/example_dags/example_time_delta_sensor_async.py took 0.058 seconds
[2022-10-16 22:57:30,683] {processor.py:153} INFO - Started process (PID=1008) to work on /home/airflow/.local/lib/python3.7/site-packages/airflow/example_dags/example_time_delta_sensor_async.py
[2022-10-16 22:57:30,684] {processor.py:641} INFO - Processing file /home/airflow/.local/lib/python3.7/site-packages/airflow/example_dags/example_time_delta_sensor_async.py for tasks to queue
[2022-10-16 22:57:30,685] {logging_mixin.py:115} INFO - [2022-10-16 22:57:30,685] {dagbag.py:507} INFO - Filling up the DagBag from /home/airflow/.local/lib/python3.7/site-packages/airflow/example_dags/example_time_delta_sensor_async.py
[2022-10-16 22:57:30,688] {processor.py:651} INFO - DAG(s) dict_keys(['example_time_delta_sensor_async']) retrieved from /home/airflow/.local/lib/python3.7/site-packages/airflow/example_dags/example_time_delta_sensor_async.py
[2022-10-16 22:57:30,714] {logging_mixin.py:115} INFO - [2022-10-16 22:57:30,714] {dag.py:2371} INFO - Sync 1 DAGs
[2022-10-16 22:57:30,728] {logging_mixin.py:115} INFO - [2022-10-16 22:57:30,728] {dag.py:2919} INFO - Setting next_dagrun for example_time_delta_sensor_async to None, run_after=None
[2022-10-16 22:57:30,735] {processor.py:161} INFO - Processing /home/airflow/.local/lib/python3.7/site-packages/airflow/example_dags/example_time_delta_sensor_async.py took 0.055 seconds
[2022-10-16 22:58:01,347] {processor.py:153} INFO - Started process (PID=1075) to work on /home/airflow/.local/lib/python3.7/site-packages/airflow/example_dags/example_time_delta_sensor_async.py
[2022-10-16 22:58:01,348] {processor.py:641} INFO - Processing file /home/airflow/.local/lib/python3.7/site-packages/airflow/example_dags/example_time_delta_sensor_async.py for tasks to queue
[2022-10-16 22:58:01,349] {logging_mixin.py:115} INFO - [2022-10-16 22:58:01,349] {dagbag.py:507} INFO - Filling up the DagBag from /home/airflow/.local/lib/python3.7/site-packages/airflow/example_dags/example_time_delta_sensor_async.py
[2022-10-16 22:58:01,352] {processor.py:651} INFO - DAG(s) dict_keys(['example_time_delta_sensor_async']) retrieved from /home/airflow/.local/lib/python3.7/site-packages/airflow/example_dags/example_time_delta_sensor_async.py
[2022-10-16 22:58:01,385] {logging_mixin.py:115} INFO - [2022-10-16 22:58:01,385] {dag.py:2371} INFO - Sync 1 DAGs
[2022-10-16 22:58:01,399] {logging_mixin.py:115} INFO - [2022-10-16 22:58:01,399] {dag.py:2919} INFO - Setting next_dagrun for example_time_delta_sensor_async to None, run_after=None
[2022-10-16 22:58:01,407] {processor.py:161} INFO - Processing /home/airflow/.local/lib/python3.7/site-packages/airflow/example_dags/example_time_delta_sensor_async.py took 0.062 seconds
[2022-10-16 22:58:31,904] {processor.py:153} INFO - Started process (PID=1133) to work on /home/airflow/.local/lib/python3.7/site-packages/airflow/example_dags/example_time_delta_sensor_async.py
[2022-10-16 22:58:31,905] {processor.py:641} INFO - Processing file /home/airflow/.local/lib/python3.7/site-packages/airflow/example_dags/example_time_delta_sensor_async.py for tasks to queue
[2022-10-16 22:58:31,906] {logging_mixin.py:115} INFO - [2022-10-16 22:58:31,906] {dagbag.py:507} INFO - Filling up the DagBag from /home/airflow/.local/lib/python3.7/site-packages/airflow/example_dags/example_time_delta_sensor_async.py
[2022-10-16 22:58:31,911] {processor.py:651} INFO - DAG(s) dict_keys(['example_time_delta_sensor_async']) retrieved from /home/airflow/.local/lib/python3.7/site-packages/airflow/example_dags/example_time_delta_sensor_async.py
[2022-10-16 22:58:31,945] {logging_mixin.py:115} INFO - [2022-10-16 22:58:31,945] {dag.py:2371} INFO - Sync 1 DAGs
[2022-10-16 22:58:31,962] {logging_mixin.py:115} INFO - [2022-10-16 22:58:31,962] {dag.py:2919} INFO - Setting next_dagrun for example_time_delta_sensor_async to None, run_after=None
[2022-10-16 22:58:31,971] {processor.py:161} INFO - Processing /home/airflow/.local/lib/python3.7/site-packages/airflow/example_dags/example_time_delta_sensor_async.py took 0.070 seconds
[2022-10-16 22:59:02,919] {processor.py:153} INFO - Started process (PID=1201) to work on /home/airflow/.local/lib/python3.7/site-packages/airflow/example_dags/example_time_delta_sensor_async.py
[2022-10-16 22:59:02,921] {processor.py:641} INFO - Processing file /home/airflow/.local/lib/python3.7/site-packages/airflow/example_dags/example_time_delta_sensor_async.py for tasks to queue
[2022-10-16 22:59:02,922] {logging_mixin.py:115} INFO - [2022-10-16 22:59:02,922] {dagbag.py:507} INFO - Filling up the DagBag from /home/airflow/.local/lib/python3.7/site-packages/airflow/example_dags/example_time_delta_sensor_async.py
[2022-10-16 22:59:02,929] {processor.py:651} INFO - DAG(s) dict_keys(['example_time_delta_sensor_async']) retrieved from /home/airflow/.local/lib/python3.7/site-packages/airflow/example_dags/example_time_delta_sensor_async.py
[2022-10-16 22:59:02,960] {logging_mixin.py:115} INFO - [2022-10-16 22:59:02,960] {dag.py:2371} INFO - Sync 1 DAGs
[2022-10-16 22:59:02,978] {logging_mixin.py:115} INFO - [2022-10-16 22:59:02,978] {dag.py:2919} INFO - Setting next_dagrun for example_time_delta_sensor_async to None, run_after=None
[2022-10-16 22:59:02,987] {processor.py:161} INFO - Processing /home/airflow/.local/lib/python3.7/site-packages/airflow/example_dags/example_time_delta_sensor_async.py took 0.070 seconds
[2022-10-16 22:59:33,245] {processor.py:153} INFO - Started process (PID=1269) to work on /home/airflow/.local/lib/python3.7/site-packages/airflow/example_dags/example_time_delta_sensor_async.py
[2022-10-16 22:59:33,246] {processor.py:641} INFO - Processing file /home/airflow/.local/lib/python3.7/site-packages/airflow/example_dags/example_time_delta_sensor_async.py for tasks to queue
[2022-10-16 22:59:33,247] {logging_mixin.py:115} INFO - [2022-10-16 22:59:33,247] {dagbag.py:507} INFO - Filling up the DagBag from /home/airflow/.local/lib/python3.7/site-packages/airflow/example_dags/example_time_delta_sensor_async.py
[2022-10-16 22:59:33,252] {processor.py:651} INFO - DAG(s) dict_keys(['example_time_delta_sensor_async']) retrieved from /home/airflow/.local/lib/python3.7/site-packages/airflow/example_dags/example_time_delta_sensor_async.py
[2022-10-16 22:59:33,286] {logging_mixin.py:115} INFO - [2022-10-16 22:59:33,286] {dag.py:2371} INFO - Sync 1 DAGs
[2022-10-16 22:59:33,302] {logging_mixin.py:115} INFO - [2022-10-16 22:59:33,302] {dag.py:2919} INFO - Setting next_dagrun for example_time_delta_sensor_async to None, run_after=None
[2022-10-16 22:59:33,311] {processor.py:161} INFO - Processing /home/airflow/.local/lib/python3.7/site-packages/airflow/example_dags/example_time_delta_sensor_async.py took 0.068 seconds
[2022-10-16 23:00:03,697] {processor.py:153} INFO - Started process (PID=1336) to work on /home/airflow/.local/lib/python3.7/site-packages/airflow/example_dags/example_time_delta_sensor_async.py
[2022-10-16 23:00:03,698] {processor.py:641} INFO - Processing file /home/airflow/.local/lib/python3.7/site-packages/airflow/example_dags/example_time_delta_sensor_async.py for tasks to queue
[2022-10-16 23:00:03,699] {logging_mixin.py:115} INFO - [2022-10-16 23:00:03,699] {dagbag.py:507} INFO - Filling up the DagBag from /home/airflow/.local/lib/python3.7/site-packages/airflow/example_dags/example_time_delta_sensor_async.py
[2022-10-16 23:00:03,703] {processor.py:651} INFO - DAG(s) dict_keys(['example_time_delta_sensor_async']) retrieved from /home/airflow/.local/lib/python3.7/site-packages/airflow/example_dags/example_time_delta_sensor_async.py
[2022-10-16 23:00:03,735] {logging_mixin.py:115} INFO - [2022-10-16 23:00:03,735] {dag.py:2371} INFO - Sync 1 DAGs
[2022-10-16 23:00:03,749] {logging_mixin.py:115} INFO - [2022-10-16 23:00:03,749] {dag.py:2919} INFO - Setting next_dagrun for example_time_delta_sensor_async to None, run_after=None
[2022-10-16 23:00:03,755] {processor.py:161} INFO - Processing /home/airflow/.local/lib/python3.7/site-packages/airflow/example_dags/example_time_delta_sensor_async.py took 0.060 seconds
[2022-10-16 23:00:34,090] {processor.py:153} INFO - Started process (PID=1403) to work on /home/airflow/.local/lib/python3.7/site-packages/airflow/example_dags/example_time_delta_sensor_async.py
[2022-10-16 23:00:34,092] {processor.py:641} INFO - Processing file /home/airflow/.local/lib/python3.7/site-packages/airflow/example_dags/example_time_delta_sensor_async.py for tasks to queue
[2022-10-16 23:00:34,095] {logging_mixin.py:115} INFO - [2022-10-16 23:00:34,095] {dagbag.py:507} INFO - Filling up the DagBag from /home/airflow/.local/lib/python3.7/site-packages/airflow/example_dags/example_time_delta_sensor_async.py
[2022-10-16 23:00:34,100] {processor.py:651} INFO - DAG(s) dict_keys(['example_time_delta_sensor_async']) retrieved from /home/airflow/.local/lib/python3.7/site-packages/airflow/example_dags/example_time_delta_sensor_async.py
[2022-10-16 23:00:34,129] {logging_mixin.py:115} INFO - [2022-10-16 23:00:34,129] {dag.py:2371} INFO - Sync 1 DAGs
[2022-10-16 23:00:34,144] {logging_mixin.py:115} INFO - [2022-10-16 23:00:34,144] {dag.py:2919} INFO - Setting next_dagrun for example_time_delta_sensor_async to None, run_after=None
[2022-10-16 23:00:34,152] {processor.py:161} INFO - Processing /home/airflow/.local/lib/python3.7/site-packages/airflow/example_dags/example_time_delta_sensor_async.py took 0.064 seconds
[2022-10-16 23:01:04,604] {processor.py:153} INFO - Started process (PID=1461) to work on /home/airflow/.local/lib/python3.7/site-packages/airflow/example_dags/example_time_delta_sensor_async.py
[2022-10-16 23:01:04,605] {processor.py:641} INFO - Processing file /home/airflow/.local/lib/python3.7/site-packages/airflow/example_dags/example_time_delta_sensor_async.py for tasks to queue
[2022-10-16 23:01:04,606] {logging_mixin.py:115} INFO - [2022-10-16 23:01:04,606] {dagbag.py:507} INFO - Filling up the DagBag from /home/airflow/.local/lib/python3.7/site-packages/airflow/example_dags/example_time_delta_sensor_async.py
[2022-10-16 23:01:04,610] {processor.py:651} INFO - DAG(s) dict_keys(['example_time_delta_sensor_async']) retrieved from /home/airflow/.local/lib/python3.7/site-packages/airflow/example_dags/example_time_delta_sensor_async.py
[2022-10-16 23:01:04,638] {logging_mixin.py:115} INFO - [2022-10-16 23:01:04,638] {dag.py:2371} INFO - Sync 1 DAGs
[2022-10-16 23:01:04,651] {logging_mixin.py:115} INFO - [2022-10-16 23:01:04,651] {dag.py:2919} INFO - Setting next_dagrun for example_time_delta_sensor_async to None, run_after=None
[2022-10-16 23:01:04,657] {processor.py:161} INFO - Processing /home/airflow/.local/lib/python3.7/site-packages/airflow/example_dags/example_time_delta_sensor_async.py took 0.056 seconds
[2022-10-16 23:01:34,951] {processor.py:153} INFO - Started process (PID=1528) to work on /home/airflow/.local/lib/python3.7/site-packages/airflow/example_dags/example_time_delta_sensor_async.py
[2022-10-16 23:01:34,953] {processor.py:641} INFO - Processing file /home/airflow/.local/lib/python3.7/site-packages/airflow/example_dags/example_time_delta_sensor_async.py for tasks to queue
[2022-10-16 23:01:34,954] {logging_mixin.py:115} INFO - [2022-10-16 23:01:34,953] {dagbag.py:507} INFO - Filling up the DagBag from /home/airflow/.local/lib/python3.7/site-packages/airflow/example_dags/example_time_delta_sensor_async.py
[2022-10-16 23:01:34,958] {processor.py:651} INFO - DAG(s) dict_keys(['example_time_delta_sensor_async']) retrieved from /home/airflow/.local/lib/python3.7/site-packages/airflow/example_dags/example_time_delta_sensor_async.py
[2022-10-16 23:01:34,989] {logging_mixin.py:115} INFO - [2022-10-16 23:01:34,989] {dag.py:2371} INFO - Sync 1 DAGs
[2022-10-16 23:01:35,006] {logging_mixin.py:115} INFO - [2022-10-16 23:01:35,006] {dag.py:2919} INFO - Setting next_dagrun for example_time_delta_sensor_async to None, run_after=None
[2022-10-16 23:01:35,013] {processor.py:161} INFO - Processing /home/airflow/.local/lib/python3.7/site-packages/airflow/example_dags/example_time_delta_sensor_async.py took 0.065 seconds
[2022-10-16 23:02:05,924] {processor.py:153} INFO - Started process (PID=1595) to work on /home/airflow/.local/lib/python3.7/site-packages/airflow/example_dags/example_time_delta_sensor_async.py
[2022-10-16 23:02:05,925] {processor.py:641} INFO - Processing file /home/airflow/.local/lib/python3.7/site-packages/airflow/example_dags/example_time_delta_sensor_async.py for tasks to queue
[2022-10-16 23:02:05,926] {logging_mixin.py:115} INFO - [2022-10-16 23:02:05,926] {dagbag.py:507} INFO - Filling up the DagBag from /home/airflow/.local/lib/python3.7/site-packages/airflow/example_dags/example_time_delta_sensor_async.py
[2022-10-16 23:02:05,930] {processor.py:651} INFO - DAG(s) dict_keys(['example_time_delta_sensor_async']) retrieved from /home/airflow/.local/lib/python3.7/site-packages/airflow/example_dags/example_time_delta_sensor_async.py
[2022-10-16 23:02:05,963] {logging_mixin.py:115} INFO - [2022-10-16 23:02:05,963] {dag.py:2371} INFO - Sync 1 DAGs
[2022-10-16 23:02:05,976] {logging_mixin.py:115} INFO - [2022-10-16 23:02:05,976] {dag.py:2919} INFO - Setting next_dagrun for example_time_delta_sensor_async to None, run_after=None
[2022-10-16 23:02:05,982] {processor.py:161} INFO - Processing /home/airflow/.local/lib/python3.7/site-packages/airflow/example_dags/example_time_delta_sensor_async.py took 0.061 seconds
