[2022-10-16 22:49:50,204] {processor.py:153} INFO - Started process (PID=51) to work on /home/airflow/.local/lib/python3.7/site-packages/airflow/example_dags/example_branch_operator_decorator.py
[2022-10-16 22:49:50,207] {processor.py:641} INFO - Processing file /home/airflow/.local/lib/python3.7/site-packages/airflow/example_dags/example_branch_operator_decorator.py for tasks to queue
[2022-10-16 22:49:50,210] {logging_mixin.py:115} INFO - [2022-10-16 22:49:50,209] {dagbag.py:507} INFO - Filling up the DagBag from /home/airflow/.local/lib/python3.7/site-packages/airflow/example_dags/example_branch_operator_decorator.py
[2022-10-16 22:49:50,282] {processor.py:651} INFO - DAG(s) dict_keys(['example_branch_python_operator_decorator']) retrieved from /home/airflow/.local/lib/python3.7/site-packages/airflow/example_dags/example_branch_operator_decorator.py
[2022-10-16 22:49:51,171] {logging_mixin.py:115} INFO - [2022-10-16 22:49:51,171] {manager.py:508} INFO - Created Permission View: can delete on DAG:example_branch_python_operator_decorator
[2022-10-16 22:49:51,196] {logging_mixin.py:115} INFO - [2022-10-16 22:49:51,196] {manager.py:508} INFO - Created Permission View: can edit on DAG:example_branch_python_operator_decorator
[2022-10-16 22:49:51,214] {logging_mixin.py:115} INFO - [2022-10-16 22:49:51,214] {manager.py:508} INFO - Created Permission View: can read on DAG:example_branch_python_operator_decorator
[2022-10-16 22:49:51,216] {logging_mixin.py:115} INFO - [2022-10-16 22:49:51,216] {dag.py:2371} INFO - Sync 1 DAGs
[2022-10-16 22:49:51,236] {logging_mixin.py:115} INFO - [2022-10-16 22:49:51,235] {dag.py:2390} INFO - Creating ORM DAG for example_branch_python_operator_decorator
[2022-10-16 22:49:51,300] {logging_mixin.py:115} INFO - [2022-10-16 22:49:51,300] {dag.py:2919} INFO - Setting next_dagrun for example_branch_python_operator_decorator to 2022-10-15T00:00:00+00:00, run_after=2022-10-16T00:00:00+00:00
[2022-10-16 22:49:51,366] {processor.py:161} INFO - Processing /home/airflow/.local/lib/python3.7/site-packages/airflow/example_dags/example_branch_operator_decorator.py took 1.181 seconds
[2022-10-16 22:50:21,844] {processor.py:153} INFO - Started process (PID=119) to work on /home/airflow/.local/lib/python3.7/site-packages/airflow/example_dags/example_branch_operator_decorator.py
[2022-10-16 22:50:21,846] {processor.py:641} INFO - Processing file /home/airflow/.local/lib/python3.7/site-packages/airflow/example_dags/example_branch_operator_decorator.py for tasks to queue
[2022-10-16 22:50:21,848] {logging_mixin.py:115} INFO - [2022-10-16 22:50:21,848] {dagbag.py:507} INFO - Filling up the DagBag from /home/airflow/.local/lib/python3.7/site-packages/airflow/example_dags/example_branch_operator_decorator.py
[2022-10-16 22:50:21,903] {processor.py:651} INFO - DAG(s) dict_keys(['example_branch_python_operator_decorator']) retrieved from /home/airflow/.local/lib/python3.7/site-packages/airflow/example_dags/example_branch_operator_decorator.py
[2022-10-16 22:50:21,965] {logging_mixin.py:115} INFO - [2022-10-16 22:50:21,965] {dag.py:2371} INFO - Sync 1 DAGs
[2022-10-16 22:50:22,447] {logging_mixin.py:115} INFO - [2022-10-16 22:50:22,446] {dag.py:2919} INFO - Setting next_dagrun for example_branch_python_operator_decorator to 2022-10-15T00:00:00+00:00, run_after=2022-10-16T00:00:00+00:00
[2022-10-16 22:50:22,492] {processor.py:161} INFO - Processing /home/airflow/.local/lib/python3.7/site-packages/airflow/example_dags/example_branch_operator_decorator.py took 0.656 seconds
[2022-10-16 22:50:53,555] {processor.py:153} INFO - Started process (PID=182) to work on /home/airflow/.local/lib/python3.7/site-packages/airflow/example_dags/example_branch_operator_decorator.py
[2022-10-16 22:50:53,558] {processor.py:641} INFO - Processing file /home/airflow/.local/lib/python3.7/site-packages/airflow/example_dags/example_branch_operator_decorator.py for tasks to queue
[2022-10-16 22:50:53,559] {logging_mixin.py:115} INFO - [2022-10-16 22:50:53,559] {dagbag.py:507} INFO - Filling up the DagBag from /home/airflow/.local/lib/python3.7/site-packages/airflow/example_dags/example_branch_operator_decorator.py
[2022-10-16 22:50:53,579] {processor.py:651} INFO - DAG(s) dict_keys(['example_branch_python_operator_decorator']) retrieved from /home/airflow/.local/lib/python3.7/site-packages/airflow/example_dags/example_branch_operator_decorator.py
[2022-10-16 22:50:53,613] {logging_mixin.py:115} INFO - [2022-10-16 22:50:53,613] {dag.py:2371} INFO - Sync 1 DAGs
[2022-10-16 22:50:53,860] {logging_mixin.py:115} INFO - [2022-10-16 22:50:53,860] {dag.py:2919} INFO - Setting next_dagrun for example_branch_python_operator_decorator to 2022-10-15T00:00:00+00:00, run_after=2022-10-16T00:00:00+00:00
[2022-10-16 22:50:53,868] {processor.py:161} INFO - Processing /home/airflow/.local/lib/python3.7/site-packages/airflow/example_dags/example_branch_operator_decorator.py took 0.317 seconds
[2022-10-16 22:51:24,470] {processor.py:153} INFO - Started process (PID=249) to work on /home/airflow/.local/lib/python3.7/site-packages/airflow/example_dags/example_branch_operator_decorator.py
[2022-10-16 22:51:24,471] {processor.py:641} INFO - Processing file /home/airflow/.local/lib/python3.7/site-packages/airflow/example_dags/example_branch_operator_decorator.py for tasks to queue
[2022-10-16 22:51:24,473] {logging_mixin.py:115} INFO - [2022-10-16 22:51:24,472] {dagbag.py:507} INFO - Filling up the DagBag from /home/airflow/.local/lib/python3.7/site-packages/airflow/example_dags/example_branch_operator_decorator.py
[2022-10-16 22:51:24,487] {processor.py:651} INFO - DAG(s) dict_keys(['example_branch_python_operator_decorator']) retrieved from /home/airflow/.local/lib/python3.7/site-packages/airflow/example_dags/example_branch_operator_decorator.py
[2022-10-16 22:51:24,512] {logging_mixin.py:115} INFO - [2022-10-16 22:51:24,512] {dag.py:2371} INFO - Sync 1 DAGs
[2022-10-16 22:51:24,677] {logging_mixin.py:115} INFO - [2022-10-16 22:51:24,677] {dag.py:2919} INFO - Setting next_dagrun for example_branch_python_operator_decorator to 2022-10-15T00:00:00+00:00, run_after=2022-10-16T00:00:00+00:00
[2022-10-16 22:51:24,689] {processor.py:161} INFO - Processing /home/airflow/.local/lib/python3.7/site-packages/airflow/example_dags/example_branch_operator_decorator.py took 0.221 seconds
[2022-10-16 22:51:55,642] {processor.py:153} INFO - Started process (PID=307) to work on /home/airflow/.local/lib/python3.7/site-packages/airflow/example_dags/example_branch_operator_decorator.py
[2022-10-16 22:51:55,646] {processor.py:641} INFO - Processing file /home/airflow/.local/lib/python3.7/site-packages/airflow/example_dags/example_branch_operator_decorator.py for tasks to queue
[2022-10-16 22:51:55,647] {logging_mixin.py:115} INFO - [2022-10-16 22:51:55,647] {dagbag.py:507} INFO - Filling up the DagBag from /home/airflow/.local/lib/python3.7/site-packages/airflow/example_dags/example_branch_operator_decorator.py
[2022-10-16 22:51:55,661] {processor.py:651} INFO - DAG(s) dict_keys(['example_branch_python_operator_decorator']) retrieved from /home/airflow/.local/lib/python3.7/site-packages/airflow/example_dags/example_branch_operator_decorator.py
[2022-10-16 22:51:55,688] {logging_mixin.py:115} INFO - [2022-10-16 22:51:55,688] {dag.py:2371} INFO - Sync 1 DAGs
[2022-10-16 22:51:55,897] {logging_mixin.py:115} INFO - [2022-10-16 22:51:55,896] {dag.py:2919} INFO - Setting next_dagrun for example_branch_python_operator_decorator to 2022-10-15T00:00:00+00:00, run_after=2022-10-16T00:00:00+00:00
[2022-10-16 22:51:55,907] {processor.py:161} INFO - Processing /home/airflow/.local/lib/python3.7/site-packages/airflow/example_dags/example_branch_operator_decorator.py took 0.268 seconds
[2022-10-16 22:52:26,369] {processor.py:153} INFO - Started process (PID=373) to work on /home/airflow/.local/lib/python3.7/site-packages/airflow/example_dags/example_branch_operator_decorator.py
[2022-10-16 22:52:26,371] {processor.py:641} INFO - Processing file /home/airflow/.local/lib/python3.7/site-packages/airflow/example_dags/example_branch_operator_decorator.py for tasks to queue
[2022-10-16 22:52:26,371] {logging_mixin.py:115} INFO - [2022-10-16 22:52:26,371] {dagbag.py:507} INFO - Filling up the DagBag from /home/airflow/.local/lib/python3.7/site-packages/airflow/example_dags/example_branch_operator_decorator.py
[2022-10-16 22:52:26,384] {processor.py:651} INFO - DAG(s) dict_keys(['example_branch_python_operator_decorator']) retrieved from /home/airflow/.local/lib/python3.7/site-packages/airflow/example_dags/example_branch_operator_decorator.py
[2022-10-16 22:52:26,402] {logging_mixin.py:115} INFO - [2022-10-16 22:52:26,402] {dag.py:2371} INFO - Sync 1 DAGs
[2022-10-16 22:52:26,753] {logging_mixin.py:115} INFO - [2022-10-16 22:52:26,753] {dag.py:2919} INFO - Setting next_dagrun for example_branch_python_operator_decorator to 2022-10-15T00:00:00+00:00, run_after=2022-10-16T00:00:00+00:00
[2022-10-16 22:52:26,773] {processor.py:161} INFO - Processing /home/airflow/.local/lib/python3.7/site-packages/airflow/example_dags/example_branch_operator_decorator.py took 0.406 seconds
[2022-10-16 22:52:58,174] {processor.py:153} INFO - Started process (PID=440) to work on /home/airflow/.local/lib/python3.7/site-packages/airflow/example_dags/example_branch_operator_decorator.py
[2022-10-16 22:52:58,176] {processor.py:641} INFO - Processing file /home/airflow/.local/lib/python3.7/site-packages/airflow/example_dags/example_branch_operator_decorator.py for tasks to queue
[2022-10-16 22:52:58,178] {logging_mixin.py:115} INFO - [2022-10-16 22:52:58,177] {dagbag.py:507} INFO - Filling up the DagBag from /home/airflow/.local/lib/python3.7/site-packages/airflow/example_dags/example_branch_operator_decorator.py
[2022-10-16 22:52:58,202] {processor.py:651} INFO - DAG(s) dict_keys(['example_branch_python_operator_decorator']) retrieved from /home/airflow/.local/lib/python3.7/site-packages/airflow/example_dags/example_branch_operator_decorator.py
[2022-10-16 22:52:58,233] {logging_mixin.py:115} INFO - [2022-10-16 22:52:58,233] {dag.py:2371} INFO - Sync 1 DAGs
[2022-10-16 22:52:58,485] {logging_mixin.py:115} INFO - [2022-10-16 22:52:58,485] {dag.py:2919} INFO - Setting next_dagrun for example_branch_python_operator_decorator to 2022-10-15T00:00:00+00:00, run_after=2022-10-16T00:00:00+00:00
[2022-10-16 22:52:58,503] {processor.py:161} INFO - Processing /home/airflow/.local/lib/python3.7/site-packages/airflow/example_dags/example_branch_operator_decorator.py took 0.335 seconds
[2022-10-16 22:53:28,656] {processor.py:153} INFO - Started process (PID=506) to work on /home/airflow/.local/lib/python3.7/site-packages/airflow/example_dags/example_branch_operator_decorator.py
[2022-10-16 22:53:28,658] {processor.py:641} INFO - Processing file /home/airflow/.local/lib/python3.7/site-packages/airflow/example_dags/example_branch_operator_decorator.py for tasks to queue
[2022-10-16 22:53:28,659] {logging_mixin.py:115} INFO - [2022-10-16 22:53:28,658] {dagbag.py:507} INFO - Filling up the DagBag from /home/airflow/.local/lib/python3.7/site-packages/airflow/example_dags/example_branch_operator_decorator.py
[2022-10-16 22:53:28,677] {processor.py:651} INFO - DAG(s) dict_keys(['example_branch_python_operator_decorator']) retrieved from /home/airflow/.local/lib/python3.7/site-packages/airflow/example_dags/example_branch_operator_decorator.py
[2022-10-16 22:53:28,706] {logging_mixin.py:115} INFO - [2022-10-16 22:53:28,706] {dag.py:2371} INFO - Sync 1 DAGs
[2022-10-16 22:53:28,962] {logging_mixin.py:115} INFO - [2022-10-16 22:53:28,962] {dag.py:2919} INFO - Setting next_dagrun for example_branch_python_operator_decorator to 2022-10-15T00:00:00+00:00, run_after=2022-10-16T00:00:00+00:00
[2022-10-16 22:53:28,977] {processor.py:161} INFO - Processing /home/airflow/.local/lib/python3.7/site-packages/airflow/example_dags/example_branch_operator_decorator.py took 0.323 seconds
[2022-10-16 22:54:00,066] {processor.py:153} INFO - Started process (PID=573) to work on /home/airflow/.local/lib/python3.7/site-packages/airflow/example_dags/example_branch_operator_decorator.py
[2022-10-16 22:54:00,068] {processor.py:641} INFO - Processing file /home/airflow/.local/lib/python3.7/site-packages/airflow/example_dags/example_branch_operator_decorator.py for tasks to queue
[2022-10-16 22:54:00,070] {logging_mixin.py:115} INFO - [2022-10-16 22:54:00,070] {dagbag.py:507} INFO - Filling up the DagBag from /home/airflow/.local/lib/python3.7/site-packages/airflow/example_dags/example_branch_operator_decorator.py
[2022-10-16 22:54:00,087] {processor.py:651} INFO - DAG(s) dict_keys(['example_branch_python_operator_decorator']) retrieved from /home/airflow/.local/lib/python3.7/site-packages/airflow/example_dags/example_branch_operator_decorator.py
[2022-10-16 22:54:00,120] {logging_mixin.py:115} INFO - [2022-10-16 22:54:00,120] {dag.py:2371} INFO - Sync 1 DAGs
[2022-10-16 22:54:00,382] {logging_mixin.py:115} INFO - [2022-10-16 22:54:00,382] {dag.py:2919} INFO - Setting next_dagrun for example_branch_python_operator_decorator to 2022-10-15T00:00:00+00:00, run_after=2022-10-16T00:00:00+00:00
[2022-10-16 22:54:00,392] {processor.py:161} INFO - Processing /home/airflow/.local/lib/python3.7/site-packages/airflow/example_dags/example_branch_operator_decorator.py took 0.329 seconds
[2022-10-16 22:54:30,457] {processor.py:153} INFO - Started process (PID=631) to work on /home/airflow/.local/lib/python3.7/site-packages/airflow/example_dags/example_branch_operator_decorator.py
[2022-10-16 22:54:30,458] {processor.py:641} INFO - Processing file /home/airflow/.local/lib/python3.7/site-packages/airflow/example_dags/example_branch_operator_decorator.py for tasks to queue
[2022-10-16 22:54:30,460] {logging_mixin.py:115} INFO - [2022-10-16 22:54:30,459] {dagbag.py:507} INFO - Filling up the DagBag from /home/airflow/.local/lib/python3.7/site-packages/airflow/example_dags/example_branch_operator_decorator.py
[2022-10-16 22:54:30,476] {processor.py:651} INFO - DAG(s) dict_keys(['example_branch_python_operator_decorator']) retrieved from /home/airflow/.local/lib/python3.7/site-packages/airflow/example_dags/example_branch_operator_decorator.py
[2022-10-16 22:54:30,500] {logging_mixin.py:115} INFO - [2022-10-16 22:54:30,500] {dag.py:2371} INFO - Sync 1 DAGs
[2022-10-16 22:54:30,662] {logging_mixin.py:115} INFO - [2022-10-16 22:54:30,662] {dag.py:2919} INFO - Setting next_dagrun for example_branch_python_operator_decorator to 2022-10-15T00:00:00+00:00, run_after=2022-10-16T00:00:00+00:00
[2022-10-16 22:54:30,673] {processor.py:161} INFO - Processing /home/airflow/.local/lib/python3.7/site-packages/airflow/example_dags/example_branch_operator_decorator.py took 0.220 seconds
[2022-10-16 22:55:01,439] {processor.py:153} INFO - Started process (PID=697) to work on /home/airflow/.local/lib/python3.7/site-packages/airflow/example_dags/example_branch_operator_decorator.py
[2022-10-16 22:55:01,442] {processor.py:641} INFO - Processing file /home/airflow/.local/lib/python3.7/site-packages/airflow/example_dags/example_branch_operator_decorator.py for tasks to queue
[2022-10-16 22:55:01,445] {logging_mixin.py:115} INFO - [2022-10-16 22:55:01,445] {dagbag.py:507} INFO - Filling up the DagBag from /home/airflow/.local/lib/python3.7/site-packages/airflow/example_dags/example_branch_operator_decorator.py
[2022-10-16 22:55:01,495] {processor.py:651} INFO - DAG(s) dict_keys(['example_branch_python_operator_decorator']) retrieved from /home/airflow/.local/lib/python3.7/site-packages/airflow/example_dags/example_branch_operator_decorator.py
[2022-10-16 22:55:01,579] {logging_mixin.py:115} INFO - [2022-10-16 22:55:01,578] {dag.py:2371} INFO - Sync 1 DAGs
[2022-10-16 22:55:01,626] {logging_mixin.py:115} INFO - [2022-10-16 22:55:01,625] {dag.py:2919} INFO - Setting next_dagrun for example_branch_python_operator_decorator to 2022-10-15T00:00:00+00:00, run_after=2022-10-16T00:00:00+00:00
[2022-10-16 22:55:01,662] {processor.py:161} INFO - Processing /home/airflow/.local/lib/python3.7/site-packages/airflow/example_dags/example_branch_operator_decorator.py took 0.229 seconds
[2022-10-16 22:55:32,535] {processor.py:153} INFO - Started process (PID=764) to work on /home/airflow/.local/lib/python3.7/site-packages/airflow/example_dags/example_branch_operator_decorator.py
[2022-10-16 22:55:32,537] {processor.py:641} INFO - Processing file /home/airflow/.local/lib/python3.7/site-packages/airflow/example_dags/example_branch_operator_decorator.py for tasks to queue
[2022-10-16 22:55:32,540] {logging_mixin.py:115} INFO - [2022-10-16 22:55:32,540] {dagbag.py:507} INFO - Filling up the DagBag from /home/airflow/.local/lib/python3.7/site-packages/airflow/example_dags/example_branch_operator_decorator.py
[2022-10-16 22:55:32,564] {processor.py:651} INFO - DAG(s) dict_keys(['example_branch_python_operator_decorator']) retrieved from /home/airflow/.local/lib/python3.7/site-packages/airflow/example_dags/example_branch_operator_decorator.py
[2022-10-16 22:55:32,596] {logging_mixin.py:115} INFO - [2022-10-16 22:55:32,595] {dag.py:2371} INFO - Sync 1 DAGs
[2022-10-16 22:55:32,616] {logging_mixin.py:115} INFO - [2022-10-16 22:55:32,616] {dag.py:2919} INFO - Setting next_dagrun for example_branch_python_operator_decorator to 2022-10-15T00:00:00+00:00, run_after=2022-10-16T00:00:00+00:00
[2022-10-16 22:55:32,628] {processor.py:161} INFO - Processing /home/airflow/.local/lib/python3.7/site-packages/airflow/example_dags/example_branch_operator_decorator.py took 0.097 seconds
[2022-10-16 22:56:02,746] {processor.py:153} INFO - Started process (PID=829) to work on /home/airflow/.local/lib/python3.7/site-packages/airflow/example_dags/example_branch_operator_decorator.py
[2022-10-16 22:56:02,747] {processor.py:641} INFO - Processing file /home/airflow/.local/lib/python3.7/site-packages/airflow/example_dags/example_branch_operator_decorator.py for tasks to queue
[2022-10-16 22:56:02,748] {logging_mixin.py:115} INFO - [2022-10-16 22:56:02,748] {dagbag.py:507} INFO - Filling up the DagBag from /home/airflow/.local/lib/python3.7/site-packages/airflow/example_dags/example_branch_operator_decorator.py
[2022-10-16 22:56:02,759] {processor.py:651} INFO - DAG(s) dict_keys(['example_branch_python_operator_decorator']) retrieved from /home/airflow/.local/lib/python3.7/site-packages/airflow/example_dags/example_branch_operator_decorator.py
[2022-10-16 22:56:02,783] {logging_mixin.py:115} INFO - [2022-10-16 22:56:02,783] {dag.py:2371} INFO - Sync 1 DAGs
[2022-10-16 22:56:02,797] {logging_mixin.py:115} INFO - [2022-10-16 22:56:02,797] {dag.py:2919} INFO - Setting next_dagrun for example_branch_python_operator_decorator to 2022-10-15T00:00:00+00:00, run_after=2022-10-16T00:00:00+00:00
[2022-10-16 22:56:02,804] {processor.py:161} INFO - Processing /home/airflow/.local/lib/python3.7/site-packages/airflow/example_dags/example_branch_operator_decorator.py took 0.060 seconds
[2022-10-16 22:56:33,680] {processor.py:153} INFO - Started process (PID=892) to work on /home/airflow/.local/lib/python3.7/site-packages/airflow/example_dags/example_branch_operator_decorator.py
[2022-10-16 22:56:33,681] {processor.py:641} INFO - Processing file /home/airflow/.local/lib/python3.7/site-packages/airflow/example_dags/example_branch_operator_decorator.py for tasks to queue
[2022-10-16 22:56:33,683] {logging_mixin.py:115} INFO - [2022-10-16 22:56:33,683] {dagbag.py:507} INFO - Filling up the DagBag from /home/airflow/.local/lib/python3.7/site-packages/airflow/example_dags/example_branch_operator_decorator.py
[2022-10-16 22:56:33,702] {processor.py:651} INFO - DAG(s) dict_keys(['example_branch_python_operator_decorator']) retrieved from /home/airflow/.local/lib/python3.7/site-packages/airflow/example_dags/example_branch_operator_decorator.py
[2022-10-16 22:56:33,724] {logging_mixin.py:115} INFO - [2022-10-16 22:56:33,724] {dag.py:2371} INFO - Sync 1 DAGs
[2022-10-16 22:56:33,739] {logging_mixin.py:115} INFO - [2022-10-16 22:56:33,739] {dag.py:2919} INFO - Setting next_dagrun for example_branch_python_operator_decorator to 2022-10-15T00:00:00+00:00, run_after=2022-10-16T00:00:00+00:00
[2022-10-16 22:56:33,748] {processor.py:161} INFO - Processing /home/airflow/.local/lib/python3.7/site-packages/airflow/example_dags/example_branch_operator_decorator.py took 0.073 seconds
[2022-10-16 22:57:04,424] {processor.py:153} INFO - Started process (PID=956) to work on /home/airflow/.local/lib/python3.7/site-packages/airflow/example_dags/example_branch_operator_decorator.py
[2022-10-16 22:57:04,427] {processor.py:641} INFO - Processing file /home/airflow/.local/lib/python3.7/site-packages/airflow/example_dags/example_branch_operator_decorator.py for tasks to queue
[2022-10-16 22:57:04,428] {logging_mixin.py:115} INFO - [2022-10-16 22:57:04,428] {dagbag.py:507} INFO - Filling up the DagBag from /home/airflow/.local/lib/python3.7/site-packages/airflow/example_dags/example_branch_operator_decorator.py
[2022-10-16 22:57:04,441] {processor.py:651} INFO - DAG(s) dict_keys(['example_branch_python_operator_decorator']) retrieved from /home/airflow/.local/lib/python3.7/site-packages/airflow/example_dags/example_branch_operator_decorator.py
[2022-10-16 22:57:04,465] {logging_mixin.py:115} INFO - [2022-10-16 22:57:04,464] {dag.py:2371} INFO - Sync 1 DAGs
[2022-10-16 22:57:04,483] {logging_mixin.py:115} INFO - [2022-10-16 22:57:04,483] {dag.py:2919} INFO - Setting next_dagrun for example_branch_python_operator_decorator to 2022-10-15T00:00:00+00:00, run_after=2022-10-16T00:00:00+00:00
[2022-10-16 22:57:04,495] {processor.py:161} INFO - Processing /home/airflow/.local/lib/python3.7/site-packages/airflow/example_dags/example_branch_operator_decorator.py took 0.073 seconds
[2022-10-16 22:57:34,897] {processor.py:153} INFO - Started process (PID=1015) to work on /home/airflow/.local/lib/python3.7/site-packages/airflow/example_dags/example_branch_operator_decorator.py
[2022-10-16 22:57:34,901] {processor.py:641} INFO - Processing file /home/airflow/.local/lib/python3.7/site-packages/airflow/example_dags/example_branch_operator_decorator.py for tasks to queue
[2022-10-16 22:57:34,904] {logging_mixin.py:115} INFO - [2022-10-16 22:57:34,904] {dagbag.py:507} INFO - Filling up the DagBag from /home/airflow/.local/lib/python3.7/site-packages/airflow/example_dags/example_branch_operator_decorator.py
[2022-10-16 22:57:34,929] {processor.py:651} INFO - DAG(s) dict_keys(['example_branch_python_operator_decorator']) retrieved from /home/airflow/.local/lib/python3.7/site-packages/airflow/example_dags/example_branch_operator_decorator.py
[2022-10-16 22:57:34,953] {logging_mixin.py:115} INFO - [2022-10-16 22:57:34,953] {dag.py:2371} INFO - Sync 1 DAGs
[2022-10-16 22:57:34,968] {logging_mixin.py:115} INFO - [2022-10-16 22:57:34,968] {dag.py:2919} INFO - Setting next_dagrun for example_branch_python_operator_decorator to 2022-10-15T00:00:00+00:00, run_after=2022-10-16T00:00:00+00:00
[2022-10-16 22:57:34,981] {processor.py:161} INFO - Processing /home/airflow/.local/lib/python3.7/site-packages/airflow/example_dags/example_branch_operator_decorator.py took 0.090 seconds
[2022-10-16 22:58:05,753] {processor.py:153} INFO - Started process (PID=1083) to work on /home/airflow/.local/lib/python3.7/site-packages/airflow/example_dags/example_branch_operator_decorator.py
[2022-10-16 22:58:05,755] {processor.py:641} INFO - Processing file /home/airflow/.local/lib/python3.7/site-packages/airflow/example_dags/example_branch_operator_decorator.py for tasks to queue
[2022-10-16 22:58:05,757] {logging_mixin.py:115} INFO - [2022-10-16 22:58:05,757] {dagbag.py:507} INFO - Filling up the DagBag from /home/airflow/.local/lib/python3.7/site-packages/airflow/example_dags/example_branch_operator_decorator.py
[2022-10-16 22:58:05,782] {processor.py:651} INFO - DAG(s) dict_keys(['example_branch_python_operator_decorator']) retrieved from /home/airflow/.local/lib/python3.7/site-packages/airflow/example_dags/example_branch_operator_decorator.py
[2022-10-16 22:58:05,813] {logging_mixin.py:115} INFO - [2022-10-16 22:58:05,813] {dag.py:2371} INFO - Sync 1 DAGs
[2022-10-16 22:58:05,851] {logging_mixin.py:115} INFO - [2022-10-16 22:58:05,851] {dag.py:2919} INFO - Setting next_dagrun for example_branch_python_operator_decorator to 2022-10-15T00:00:00+00:00, run_after=2022-10-16T00:00:00+00:00
[2022-10-16 22:58:05,869] {processor.py:161} INFO - Processing /home/airflow/.local/lib/python3.7/site-packages/airflow/example_dags/example_branch_operator_decorator.py took 0.126 seconds
[2022-10-16 22:58:36,255] {processor.py:153} INFO - Started process (PID=1149) to work on /home/airflow/.local/lib/python3.7/site-packages/airflow/example_dags/example_branch_operator_decorator.py
[2022-10-16 22:58:36,257] {processor.py:641} INFO - Processing file /home/airflow/.local/lib/python3.7/site-packages/airflow/example_dags/example_branch_operator_decorator.py for tasks to queue
[2022-10-16 22:58:36,258] {logging_mixin.py:115} INFO - [2022-10-16 22:58:36,258] {dagbag.py:507} INFO - Filling up the DagBag from /home/airflow/.local/lib/python3.7/site-packages/airflow/example_dags/example_branch_operator_decorator.py
[2022-10-16 22:58:36,289] {processor.py:651} INFO - DAG(s) dict_keys(['example_branch_python_operator_decorator']) retrieved from /home/airflow/.local/lib/python3.7/site-packages/airflow/example_dags/example_branch_operator_decorator.py
[2022-10-16 22:58:36,321] {logging_mixin.py:115} INFO - [2022-10-16 22:58:36,321] {dag.py:2371} INFO - Sync 1 DAGs
[2022-10-16 22:58:36,345] {logging_mixin.py:115} INFO - [2022-10-16 22:58:36,345] {dag.py:2919} INFO - Setting next_dagrun for example_branch_python_operator_decorator to 2022-10-15T00:00:00+00:00, run_after=2022-10-16T00:00:00+00:00
[2022-10-16 22:58:36,357] {processor.py:161} INFO - Processing /home/airflow/.local/lib/python3.7/site-packages/airflow/example_dags/example_branch_operator_decorator.py took 0.110 seconds
[2022-10-16 22:59:07,237] {processor.py:153} INFO - Started process (PID=1218) to work on /home/airflow/.local/lib/python3.7/site-packages/airflow/example_dags/example_branch_operator_decorator.py
[2022-10-16 22:59:07,239] {processor.py:641} INFO - Processing file /home/airflow/.local/lib/python3.7/site-packages/airflow/example_dags/example_branch_operator_decorator.py for tasks to queue
[2022-10-16 22:59:07,241] {logging_mixin.py:115} INFO - [2022-10-16 22:59:07,241] {dagbag.py:507} INFO - Filling up the DagBag from /home/airflow/.local/lib/python3.7/site-packages/airflow/example_dags/example_branch_operator_decorator.py
[2022-10-16 22:59:07,260] {processor.py:651} INFO - DAG(s) dict_keys(['example_branch_python_operator_decorator']) retrieved from /home/airflow/.local/lib/python3.7/site-packages/airflow/example_dags/example_branch_operator_decorator.py
[2022-10-16 22:59:07,289] {logging_mixin.py:115} INFO - [2022-10-16 22:59:07,289] {dag.py:2371} INFO - Sync 1 DAGs
[2022-10-16 22:59:07,305] {logging_mixin.py:115} INFO - [2022-10-16 22:59:07,305] {dag.py:2919} INFO - Setting next_dagrun for example_branch_python_operator_decorator to 2022-10-15T00:00:00+00:00, run_after=2022-10-16T00:00:00+00:00
[2022-10-16 22:59:07,323] {processor.py:161} INFO - Processing /home/airflow/.local/lib/python3.7/site-packages/airflow/example_dags/example_branch_operator_decorator.py took 0.093 seconds
[2022-10-16 22:59:37,626] {processor.py:153} INFO - Started process (PID=1276) to work on /home/airflow/.local/lib/python3.7/site-packages/airflow/example_dags/example_branch_operator_decorator.py
[2022-10-16 22:59:37,630] {processor.py:641} INFO - Processing file /home/airflow/.local/lib/python3.7/site-packages/airflow/example_dags/example_branch_operator_decorator.py for tasks to queue
[2022-10-16 22:59:37,633] {logging_mixin.py:115} INFO - [2022-10-16 22:59:37,632] {dagbag.py:507} INFO - Filling up the DagBag from /home/airflow/.local/lib/python3.7/site-packages/airflow/example_dags/example_branch_operator_decorator.py
[2022-10-16 22:59:37,676] {processor.py:651} INFO - DAG(s) dict_keys(['example_branch_python_operator_decorator']) retrieved from /home/airflow/.local/lib/python3.7/site-packages/airflow/example_dags/example_branch_operator_decorator.py
[2022-10-16 22:59:37,721] {logging_mixin.py:115} INFO - [2022-10-16 22:59:37,721] {dag.py:2371} INFO - Sync 1 DAGs
[2022-10-16 22:59:37,746] {logging_mixin.py:115} INFO - [2022-10-16 22:59:37,746] {dag.py:2919} INFO - Setting next_dagrun for example_branch_python_operator_decorator to 2022-10-15T00:00:00+00:00, run_after=2022-10-16T00:00:00+00:00
[2022-10-16 22:59:37,755] {processor.py:161} INFO - Processing /home/airflow/.local/lib/python3.7/site-packages/airflow/example_dags/example_branch_operator_decorator.py took 0.137 seconds
[2022-10-16 23:00:08,010] {processor.py:153} INFO - Started process (PID=1343) to work on /home/airflow/.local/lib/python3.7/site-packages/airflow/example_dags/example_branch_operator_decorator.py
[2022-10-16 23:00:08,019] {processor.py:641} INFO - Processing file /home/airflow/.local/lib/python3.7/site-packages/airflow/example_dags/example_branch_operator_decorator.py for tasks to queue
[2022-10-16 23:00:08,021] {logging_mixin.py:115} INFO - [2022-10-16 23:00:08,021] {dagbag.py:507} INFO - Filling up the DagBag from /home/airflow/.local/lib/python3.7/site-packages/airflow/example_dags/example_branch_operator_decorator.py
[2022-10-16 23:00:08,053] {processor.py:651} INFO - DAG(s) dict_keys(['example_branch_python_operator_decorator']) retrieved from /home/airflow/.local/lib/python3.7/site-packages/airflow/example_dags/example_branch_operator_decorator.py
[2022-10-16 23:00:08,092] {logging_mixin.py:115} INFO - [2022-10-16 23:00:08,091] {dag.py:2371} INFO - Sync 1 DAGs
[2022-10-16 23:00:08,121] {logging_mixin.py:115} INFO - [2022-10-16 23:00:08,121] {dag.py:2919} INFO - Setting next_dagrun for example_branch_python_operator_decorator to 2022-10-15T00:00:00+00:00, run_after=2022-10-16T00:00:00+00:00
[2022-10-16 23:00:08,141] {processor.py:161} INFO - Processing /home/airflow/.local/lib/python3.7/site-packages/airflow/example_dags/example_branch_operator_decorator.py took 0.138 seconds
[2022-10-16 23:00:38,365] {processor.py:153} INFO - Started process (PID=1410) to work on /home/airflow/.local/lib/python3.7/site-packages/airflow/example_dags/example_branch_operator_decorator.py
[2022-10-16 23:00:38,367] {processor.py:641} INFO - Processing file /home/airflow/.local/lib/python3.7/site-packages/airflow/example_dags/example_branch_operator_decorator.py for tasks to queue
[2022-10-16 23:00:38,369] {logging_mixin.py:115} INFO - [2022-10-16 23:00:38,369] {dagbag.py:507} INFO - Filling up the DagBag from /home/airflow/.local/lib/python3.7/site-packages/airflow/example_dags/example_branch_operator_decorator.py
[2022-10-16 23:00:38,395] {processor.py:651} INFO - DAG(s) dict_keys(['example_branch_python_operator_decorator']) retrieved from /home/airflow/.local/lib/python3.7/site-packages/airflow/example_dags/example_branch_operator_decorator.py
[2022-10-16 23:00:38,421] {logging_mixin.py:115} INFO - [2022-10-16 23:00:38,421] {dag.py:2371} INFO - Sync 1 DAGs
[2022-10-16 23:00:38,441] {logging_mixin.py:115} INFO - [2022-10-16 23:00:38,441] {dag.py:2919} INFO - Setting next_dagrun for example_branch_python_operator_decorator to 2022-10-15T00:00:00+00:00, run_after=2022-10-16T00:00:00+00:00
[2022-10-16 23:00:38,451] {processor.py:161} INFO - Processing /home/airflow/.local/lib/python3.7/site-packages/airflow/example_dags/example_branch_operator_decorator.py took 0.092 seconds
[2022-10-16 23:01:09,068] {processor.py:153} INFO - Started process (PID=1477) to work on /home/airflow/.local/lib/python3.7/site-packages/airflow/example_dags/example_branch_operator_decorator.py
[2022-10-16 23:01:09,070] {processor.py:641} INFO - Processing file /home/airflow/.local/lib/python3.7/site-packages/airflow/example_dags/example_branch_operator_decorator.py for tasks to queue
[2022-10-16 23:01:09,072] {logging_mixin.py:115} INFO - [2022-10-16 23:01:09,072] {dagbag.py:507} INFO - Filling up the DagBag from /home/airflow/.local/lib/python3.7/site-packages/airflow/example_dags/example_branch_operator_decorator.py
[2022-10-16 23:01:09,094] {processor.py:651} INFO - DAG(s) dict_keys(['example_branch_python_operator_decorator']) retrieved from /home/airflow/.local/lib/python3.7/site-packages/airflow/example_dags/example_branch_operator_decorator.py
[2022-10-16 23:01:09,126] {logging_mixin.py:115} INFO - [2022-10-16 23:01:09,126] {dag.py:2371} INFO - Sync 1 DAGs
[2022-10-16 23:01:09,151] {logging_mixin.py:115} INFO - [2022-10-16 23:01:09,151] {dag.py:2919} INFO - Setting next_dagrun for example_branch_python_operator_decorator to 2022-10-15T00:00:00+00:00, run_after=2022-10-16T00:00:00+00:00
[2022-10-16 23:01:09,162] {processor.py:161} INFO - Processing /home/airflow/.local/lib/python3.7/site-packages/airflow/example_dags/example_branch_operator_decorator.py took 0.097 seconds
[2022-10-16 23:01:39,284] {processor.py:153} INFO - Started process (PID=1544) to work on /home/airflow/.local/lib/python3.7/site-packages/airflow/example_dags/example_branch_operator_decorator.py
[2022-10-16 23:01:39,288] {processor.py:641} INFO - Processing file /home/airflow/.local/lib/python3.7/site-packages/airflow/example_dags/example_branch_operator_decorator.py for tasks to queue
[2022-10-16 23:01:39,297] {logging_mixin.py:115} INFO - [2022-10-16 23:01:39,297] {dagbag.py:507} INFO - Filling up the DagBag from /home/airflow/.local/lib/python3.7/site-packages/airflow/example_dags/example_branch_operator_decorator.py
[2022-10-16 23:01:39,342] {processor.py:651} INFO - DAG(s) dict_keys(['example_branch_python_operator_decorator']) retrieved from /home/airflow/.local/lib/python3.7/site-packages/airflow/example_dags/example_branch_operator_decorator.py
[2022-10-16 23:01:39,416] {logging_mixin.py:115} INFO - [2022-10-16 23:01:39,416] {dag.py:2371} INFO - Sync 1 DAGs
[2022-10-16 23:01:39,448] {logging_mixin.py:115} INFO - [2022-10-16 23:01:39,448] {dag.py:2919} INFO - Setting next_dagrun for example_branch_python_operator_decorator to 2022-10-15T00:00:00+00:00, run_after=2022-10-16T00:00:00+00:00
[2022-10-16 23:01:39,470] {processor.py:161} INFO - Processing /home/airflow/.local/lib/python3.7/site-packages/airflow/example_dags/example_branch_operator_decorator.py took 0.192 seconds
[2022-10-16 23:02:10,299] {processor.py:153} INFO - Started process (PID=1602) to work on /home/airflow/.local/lib/python3.7/site-packages/airflow/example_dags/example_branch_operator_decorator.py
[2022-10-16 23:02:10,302] {processor.py:641} INFO - Processing file /home/airflow/.local/lib/python3.7/site-packages/airflow/example_dags/example_branch_operator_decorator.py for tasks to queue
[2022-10-16 23:02:10,305] {logging_mixin.py:115} INFO - [2022-10-16 23:02:10,305] {dagbag.py:507} INFO - Filling up the DagBag from /home/airflow/.local/lib/python3.7/site-packages/airflow/example_dags/example_branch_operator_decorator.py
[2022-10-16 23:02:10,330] {processor.py:651} INFO - DAG(s) dict_keys(['example_branch_python_operator_decorator']) retrieved from /home/airflow/.local/lib/python3.7/site-packages/airflow/example_dags/example_branch_operator_decorator.py
[2022-10-16 23:02:10,355] {logging_mixin.py:115} INFO - [2022-10-16 23:02:10,355] {dag.py:2371} INFO - Sync 1 DAGs
[2022-10-16 23:02:10,370] {logging_mixin.py:115} INFO - [2022-10-16 23:02:10,369] {dag.py:2919} INFO - Setting next_dagrun for example_branch_python_operator_decorator to 2022-10-15T00:00:00+00:00, run_after=2022-10-16T00:00:00+00:00
[2022-10-16 23:02:10,377] {processor.py:161} INFO - Processing /home/airflow/.local/lib/python3.7/site-packages/airflow/example_dags/example_branch_operator_decorator.py took 0.085 seconds
