[2022-10-16 22:50:01,301] {processor.py:153} INFO - Started process (PID=70) to work on /home/airflow/.local/lib/python3.7/site-packages/airflow/example_dags/example_branch_labels.py
[2022-10-16 22:50:01,303] {processor.py:641} INFO - Processing file /home/airflow/.local/lib/python3.7/site-packages/airflow/example_dags/example_branch_labels.py for tasks to queue
[2022-10-16 22:50:01,304] {logging_mixin.py:115} INFO - [2022-10-16 22:50:01,304] {dagbag.py:507} INFO - Filling up the DagBag from /home/airflow/.local/lib/python3.7/site-packages/airflow/example_dags/example_branch_labels.py
[2022-10-16 22:50:01,316] {processor.py:651} INFO - DAG(s) dict_keys(['example_branch_labels']) retrieved from /home/airflow/.local/lib/python3.7/site-packages/airflow/example_dags/example_branch_labels.py
[2022-10-16 22:50:01,608] {logging_mixin.py:115} INFO - [2022-10-16 22:50:01,608] {manager.py:508} INFO - Created Permission View: can delete on DAG:example_branch_labels
[2022-10-16 22:50:01,623] {logging_mixin.py:115} INFO - [2022-10-16 22:50:01,623] {manager.py:508} INFO - Created Permission View: can edit on DAG:example_branch_labels
[2022-10-16 22:50:01,638] {logging_mixin.py:115} INFO - [2022-10-16 22:50:01,638] {manager.py:508} INFO - Created Permission View: can read on DAG:example_branch_labels
[2022-10-16 22:50:01,639] {logging_mixin.py:115} INFO - [2022-10-16 22:50:01,639] {dag.py:2371} INFO - Sync 1 DAGs
[2022-10-16 22:50:01,646] {logging_mixin.py:115} INFO - [2022-10-16 22:50:01,646] {dag.py:2390} INFO - Creating ORM DAG for example_branch_labels
[2022-10-16 22:50:01,660] {logging_mixin.py:115} INFO - [2022-10-16 22:50:01,660] {dag.py:2919} INFO - Setting next_dagrun for example_branch_labels to 2022-10-15T00:00:00+00:00, run_after=2022-10-16T00:00:00+00:00
[2022-10-16 22:50:01,676] {processor.py:161} INFO - Processing /home/airflow/.local/lib/python3.7/site-packages/airflow/example_dags/example_branch_labels.py took 0.379 seconds
[2022-10-16 22:50:36,004] {processor.py:153} INFO - Started process (PID=141) to work on /home/airflow/.local/lib/python3.7/site-packages/airflow/example_dags/example_branch_labels.py
[2022-10-16 22:50:36,011] {processor.py:641} INFO - Processing file /home/airflow/.local/lib/python3.7/site-packages/airflow/example_dags/example_branch_labels.py for tasks to queue
[2022-10-16 22:50:36,014] {logging_mixin.py:115} INFO - [2022-10-16 22:50:36,014] {dagbag.py:507} INFO - Filling up the DagBag from /home/airflow/.local/lib/python3.7/site-packages/airflow/example_dags/example_branch_labels.py
[2022-10-16 22:50:36,136] {processor.py:651} INFO - DAG(s) dict_keys(['example_branch_labels']) retrieved from /home/airflow/.local/lib/python3.7/site-packages/airflow/example_dags/example_branch_labels.py
[2022-10-16 22:50:36,317] {logging_mixin.py:115} INFO - [2022-10-16 22:50:36,317] {dag.py:2371} INFO - Sync 1 DAGs
[2022-10-16 22:50:36,470] {logging_mixin.py:115} INFO - [2022-10-16 22:50:36,469] {dag.py:2919} INFO - Setting next_dagrun for example_branch_labels to 2022-10-15T00:00:00+00:00, run_after=2022-10-16T00:00:00+00:00
[2022-10-16 22:50:36,501] {processor.py:161} INFO - Processing /home/airflow/.local/lib/python3.7/site-packages/airflow/example_dags/example_branch_labels.py took 0.535 seconds
[2022-10-16 22:51:07,202] {processor.py:153} INFO - Started process (PID=200) to work on /home/airflow/.local/lib/python3.7/site-packages/airflow/example_dags/example_branch_labels.py
[2022-10-16 22:51:07,203] {processor.py:641} INFO - Processing file /home/airflow/.local/lib/python3.7/site-packages/airflow/example_dags/example_branch_labels.py for tasks to queue
[2022-10-16 22:51:07,204] {logging_mixin.py:115} INFO - [2022-10-16 22:51:07,204] {dagbag.py:507} INFO - Filling up the DagBag from /home/airflow/.local/lib/python3.7/site-packages/airflow/example_dags/example_branch_labels.py
[2022-10-16 22:51:07,216] {processor.py:651} INFO - DAG(s) dict_keys(['example_branch_labels']) retrieved from /home/airflow/.local/lib/python3.7/site-packages/airflow/example_dags/example_branch_labels.py
[2022-10-16 22:51:07,282] {logging_mixin.py:115} INFO - [2022-10-16 22:51:07,282] {dag.py:2371} INFO - Sync 1 DAGs
[2022-10-16 22:51:07,304] {logging_mixin.py:115} INFO - [2022-10-16 22:51:07,304] {dag.py:2919} INFO - Setting next_dagrun for example_branch_labels to 2022-10-15T00:00:00+00:00, run_after=2022-10-16T00:00:00+00:00
[2022-10-16 22:51:07,312] {processor.py:161} INFO - Processing /home/airflow/.local/lib/python3.7/site-packages/airflow/example_dags/example_branch_labels.py took 0.113 seconds
[2022-10-16 22:51:38,194] {processor.py:153} INFO - Started process (PID=267) to work on /home/airflow/.local/lib/python3.7/site-packages/airflow/example_dags/example_branch_labels.py
[2022-10-16 22:51:38,197] {processor.py:641} INFO - Processing file /home/airflow/.local/lib/python3.7/site-packages/airflow/example_dags/example_branch_labels.py for tasks to queue
[2022-10-16 22:51:38,198] {logging_mixin.py:115} INFO - [2022-10-16 22:51:38,198] {dagbag.py:507} INFO - Filling up the DagBag from /home/airflow/.local/lib/python3.7/site-packages/airflow/example_dags/example_branch_labels.py
[2022-10-16 22:51:38,207] {processor.py:651} INFO - DAG(s) dict_keys(['example_branch_labels']) retrieved from /home/airflow/.local/lib/python3.7/site-packages/airflow/example_dags/example_branch_labels.py
[2022-10-16 22:51:38,245] {logging_mixin.py:115} INFO - [2022-10-16 22:51:38,245] {dag.py:2371} INFO - Sync 1 DAGs
[2022-10-16 22:51:38,271] {logging_mixin.py:115} INFO - [2022-10-16 22:51:38,271] {dag.py:2919} INFO - Setting next_dagrun for example_branch_labels to 2022-10-15T00:00:00+00:00, run_after=2022-10-16T00:00:00+00:00
[2022-10-16 22:51:38,281] {processor.py:161} INFO - Processing /home/airflow/.local/lib/python3.7/site-packages/airflow/example_dags/example_branch_labels.py took 0.095 seconds
[2022-10-16 22:52:09,291] {processor.py:153} INFO - Started process (PID=333) to work on /home/airflow/.local/lib/python3.7/site-packages/airflow/example_dags/example_branch_labels.py
[2022-10-16 22:52:09,294] {processor.py:641} INFO - Processing file /home/airflow/.local/lib/python3.7/site-packages/airflow/example_dags/example_branch_labels.py for tasks to queue
[2022-10-16 22:52:09,295] {logging_mixin.py:115} INFO - [2022-10-16 22:52:09,295] {dagbag.py:507} INFO - Filling up the DagBag from /home/airflow/.local/lib/python3.7/site-packages/airflow/example_dags/example_branch_labels.py
[2022-10-16 22:52:09,315] {processor.py:651} INFO - DAG(s) dict_keys(['example_branch_labels']) retrieved from /home/airflow/.local/lib/python3.7/site-packages/airflow/example_dags/example_branch_labels.py
[2022-10-16 22:52:09,358] {logging_mixin.py:115} INFO - [2022-10-16 22:52:09,358] {dag.py:2371} INFO - Sync 1 DAGs
[2022-10-16 22:52:09,384] {logging_mixin.py:115} INFO - [2022-10-16 22:52:09,384] {dag.py:2919} INFO - Setting next_dagrun for example_branch_labels to 2022-10-15T00:00:00+00:00, run_after=2022-10-16T00:00:00+00:00
[2022-10-16 22:52:09,395] {processor.py:161} INFO - Processing /home/airflow/.local/lib/python3.7/site-packages/airflow/example_dags/example_branch_labels.py took 0.109 seconds
[2022-10-16 22:52:39,976] {processor.py:153} INFO - Started process (PID=391) to work on /home/airflow/.local/lib/python3.7/site-packages/airflow/example_dags/example_branch_labels.py
[2022-10-16 22:52:39,978] {processor.py:641} INFO - Processing file /home/airflow/.local/lib/python3.7/site-packages/airflow/example_dags/example_branch_labels.py for tasks to queue
[2022-10-16 22:52:39,978] {logging_mixin.py:115} INFO - [2022-10-16 22:52:39,978] {dagbag.py:507} INFO - Filling up the DagBag from /home/airflow/.local/lib/python3.7/site-packages/airflow/example_dags/example_branch_labels.py
[2022-10-16 22:52:39,983] {processor.py:651} INFO - DAG(s) dict_keys(['example_branch_labels']) retrieved from /home/airflow/.local/lib/python3.7/site-packages/airflow/example_dags/example_branch_labels.py
[2022-10-16 22:52:40,012] {logging_mixin.py:115} INFO - [2022-10-16 22:52:40,012] {dag.py:2371} INFO - Sync 1 DAGs
[2022-10-16 22:52:40,039] {logging_mixin.py:115} INFO - [2022-10-16 22:52:40,039] {dag.py:2919} INFO - Setting next_dagrun for example_branch_labels to 2022-10-15T00:00:00+00:00, run_after=2022-10-16T00:00:00+00:00
[2022-10-16 22:52:40,047] {processor.py:161} INFO - Processing /home/airflow/.local/lib/python3.7/site-packages/airflow/example_dags/example_branch_labels.py took 0.073 seconds
[2022-10-16 22:53:11,467] {processor.py:153} INFO - Started process (PID=458) to work on /home/airflow/.local/lib/python3.7/site-packages/airflow/example_dags/example_branch_labels.py
[2022-10-16 22:53:11,469] {processor.py:641} INFO - Processing file /home/airflow/.local/lib/python3.7/site-packages/airflow/example_dags/example_branch_labels.py for tasks to queue
[2022-10-16 22:53:11,471] {logging_mixin.py:115} INFO - [2022-10-16 22:53:11,471] {dagbag.py:507} INFO - Filling up the DagBag from /home/airflow/.local/lib/python3.7/site-packages/airflow/example_dags/example_branch_labels.py
[2022-10-16 22:53:11,477] {processor.py:651} INFO - DAG(s) dict_keys(['example_branch_labels']) retrieved from /home/airflow/.local/lib/python3.7/site-packages/airflow/example_dags/example_branch_labels.py
[2022-10-16 22:53:11,505] {logging_mixin.py:115} INFO - [2022-10-16 22:53:11,505] {dag.py:2371} INFO - Sync 1 DAGs
[2022-10-16 22:53:11,527] {logging_mixin.py:115} INFO - [2022-10-16 22:53:11,527] {dag.py:2919} INFO - Setting next_dagrun for example_branch_labels to 2022-10-15T00:00:00+00:00, run_after=2022-10-16T00:00:00+00:00
[2022-10-16 22:53:11,535] {processor.py:161} INFO - Processing /home/airflow/.local/lib/python3.7/site-packages/airflow/example_dags/example_branch_labels.py took 0.071 seconds
[2022-10-16 22:53:42,098] {processor.py:153} INFO - Started process (PID=524) to work on /home/airflow/.local/lib/python3.7/site-packages/airflow/example_dags/example_branch_labels.py
[2022-10-16 22:53:42,099] {processor.py:641} INFO - Processing file /home/airflow/.local/lib/python3.7/site-packages/airflow/example_dags/example_branch_labels.py for tasks to queue
[2022-10-16 22:53:42,100] {logging_mixin.py:115} INFO - [2022-10-16 22:53:42,100] {dagbag.py:507} INFO - Filling up the DagBag from /home/airflow/.local/lib/python3.7/site-packages/airflow/example_dags/example_branch_labels.py
[2022-10-16 22:53:42,107] {processor.py:651} INFO - DAG(s) dict_keys(['example_branch_labels']) retrieved from /home/airflow/.local/lib/python3.7/site-packages/airflow/example_dags/example_branch_labels.py
[2022-10-16 22:53:42,132] {logging_mixin.py:115} INFO - [2022-10-16 22:53:42,132] {dag.py:2371} INFO - Sync 1 DAGs
[2022-10-16 22:53:42,148] {logging_mixin.py:115} INFO - [2022-10-16 22:53:42,148] {dag.py:2919} INFO - Setting next_dagrun for example_branch_labels to 2022-10-15T00:00:00+00:00, run_after=2022-10-16T00:00:00+00:00
[2022-10-16 22:53:42,154] {processor.py:161} INFO - Processing /home/airflow/.local/lib/python3.7/site-packages/airflow/example_dags/example_branch_labels.py took 0.060 seconds
[2022-10-16 22:54:12,794] {processor.py:153} INFO - Started process (PID=591) to work on /home/airflow/.local/lib/python3.7/site-packages/airflow/example_dags/example_branch_labels.py
[2022-10-16 22:54:12,796] {processor.py:641} INFO - Processing file /home/airflow/.local/lib/python3.7/site-packages/airflow/example_dags/example_branch_labels.py for tasks to queue
[2022-10-16 22:54:12,797] {logging_mixin.py:115} INFO - [2022-10-16 22:54:12,797] {dagbag.py:507} INFO - Filling up the DagBag from /home/airflow/.local/lib/python3.7/site-packages/airflow/example_dags/example_branch_labels.py
[2022-10-16 22:54:12,804] {processor.py:651} INFO - DAG(s) dict_keys(['example_branch_labels']) retrieved from /home/airflow/.local/lib/python3.7/site-packages/airflow/example_dags/example_branch_labels.py
[2022-10-16 22:54:12,832] {logging_mixin.py:115} INFO - [2022-10-16 22:54:12,832] {dag.py:2371} INFO - Sync 1 DAGs
[2022-10-16 22:54:12,852] {logging_mixin.py:115} INFO - [2022-10-16 22:54:12,852] {dag.py:2919} INFO - Setting next_dagrun for example_branch_labels to 2022-10-15T00:00:00+00:00, run_after=2022-10-16T00:00:00+00:00
[2022-10-16 22:54:12,860] {processor.py:161} INFO - Processing /home/airflow/.local/lib/python3.7/site-packages/airflow/example_dags/example_branch_labels.py took 0.070 seconds
[2022-10-16 22:54:43,339] {processor.py:153} INFO - Started process (PID=655) to work on /home/airflow/.local/lib/python3.7/site-packages/airflow/example_dags/example_branch_labels.py
[2022-10-16 22:54:43,342] {processor.py:641} INFO - Processing file /home/airflow/.local/lib/python3.7/site-packages/airflow/example_dags/example_branch_labels.py for tasks to queue
[2022-10-16 22:54:43,344] {logging_mixin.py:115} INFO - [2022-10-16 22:54:43,344] {dagbag.py:507} INFO - Filling up the DagBag from /home/airflow/.local/lib/python3.7/site-packages/airflow/example_dags/example_branch_labels.py
[2022-10-16 22:54:43,350] {processor.py:651} INFO - DAG(s) dict_keys(['example_branch_labels']) retrieved from /home/airflow/.local/lib/python3.7/site-packages/airflow/example_dags/example_branch_labels.py
[2022-10-16 22:54:43,373] {logging_mixin.py:115} INFO - [2022-10-16 22:54:43,373] {dag.py:2371} INFO - Sync 1 DAGs
[2022-10-16 22:54:43,391] {logging_mixin.py:115} INFO - [2022-10-16 22:54:43,391] {dag.py:2919} INFO - Setting next_dagrun for example_branch_labels to 2022-10-15T00:00:00+00:00, run_after=2022-10-16T00:00:00+00:00
[2022-10-16 22:54:43,402] {processor.py:161} INFO - Processing /home/airflow/.local/lib/python3.7/site-packages/airflow/example_dags/example_branch_labels.py took 0.068 seconds
[2022-10-16 22:55:13,580] {processor.py:153} INFO - Started process (PID=716) to work on /home/airflow/.local/lib/python3.7/site-packages/airflow/example_dags/example_branch_labels.py
[2022-10-16 22:55:13,582] {processor.py:641} INFO - Processing file /home/airflow/.local/lib/python3.7/site-packages/airflow/example_dags/example_branch_labels.py for tasks to queue
[2022-10-16 22:55:13,583] {logging_mixin.py:115} INFO - [2022-10-16 22:55:13,583] {dagbag.py:507} INFO - Filling up the DagBag from /home/airflow/.local/lib/python3.7/site-packages/airflow/example_dags/example_branch_labels.py
[2022-10-16 22:55:13,589] {processor.py:651} INFO - DAG(s) dict_keys(['example_branch_labels']) retrieved from /home/airflow/.local/lib/python3.7/site-packages/airflow/example_dags/example_branch_labels.py
[2022-10-16 22:55:13,611] {logging_mixin.py:115} INFO - [2022-10-16 22:55:13,611] {dag.py:2371} INFO - Sync 1 DAGs
[2022-10-16 22:55:13,632] {logging_mixin.py:115} INFO - [2022-10-16 22:55:13,632] {dag.py:2919} INFO - Setting next_dagrun for example_branch_labels to 2022-10-15T00:00:00+00:00, run_after=2022-10-16T00:00:00+00:00
[2022-10-16 22:55:13,640] {processor.py:161} INFO - Processing /home/airflow/.local/lib/python3.7/site-packages/airflow/example_dags/example_branch_labels.py took 0.063 seconds
[2022-10-16 22:55:44,088] {processor.py:153} INFO - Started process (PID=783) to work on /home/airflow/.local/lib/python3.7/site-packages/airflow/example_dags/example_branch_labels.py
[2022-10-16 22:55:44,089] {processor.py:641} INFO - Processing file /home/airflow/.local/lib/python3.7/site-packages/airflow/example_dags/example_branch_labels.py for tasks to queue
[2022-10-16 22:55:44,090] {logging_mixin.py:115} INFO - [2022-10-16 22:55:44,090] {dagbag.py:507} INFO - Filling up the DagBag from /home/airflow/.local/lib/python3.7/site-packages/airflow/example_dags/example_branch_labels.py
[2022-10-16 22:55:44,095] {processor.py:651} INFO - DAG(s) dict_keys(['example_branch_labels']) retrieved from /home/airflow/.local/lib/python3.7/site-packages/airflow/example_dags/example_branch_labels.py
[2022-10-16 22:55:44,114] {logging_mixin.py:115} INFO - [2022-10-16 22:55:44,114] {dag.py:2371} INFO - Sync 1 DAGs
[2022-10-16 22:55:44,130] {logging_mixin.py:115} INFO - [2022-10-16 22:55:44,130] {dag.py:2919} INFO - Setting next_dagrun for example_branch_labels to 2022-10-15T00:00:00+00:00, run_after=2022-10-16T00:00:00+00:00
[2022-10-16 22:55:44,137] {processor.py:161} INFO - Processing /home/airflow/.local/lib/python3.7/site-packages/airflow/example_dags/example_branch_labels.py took 0.052 seconds
[2022-10-16 22:56:14,558] {processor.py:153} INFO - Started process (PID=849) to work on /home/airflow/.local/lib/python3.7/site-packages/airflow/example_dags/example_branch_labels.py
[2022-10-16 22:56:14,563] {processor.py:641} INFO - Processing file /home/airflow/.local/lib/python3.7/site-packages/airflow/example_dags/example_branch_labels.py for tasks to queue
[2022-10-16 22:56:14,565] {logging_mixin.py:115} INFO - [2022-10-16 22:56:14,565] {dagbag.py:507} INFO - Filling up the DagBag from /home/airflow/.local/lib/python3.7/site-packages/airflow/example_dags/example_branch_labels.py
[2022-10-16 22:56:14,574] {processor.py:651} INFO - DAG(s) dict_keys(['example_branch_labels']) retrieved from /home/airflow/.local/lib/python3.7/site-packages/airflow/example_dags/example_branch_labels.py
[2022-10-16 22:56:14,602] {logging_mixin.py:115} INFO - [2022-10-16 22:56:14,601] {dag.py:2371} INFO - Sync 1 DAGs
[2022-10-16 22:56:14,617] {logging_mixin.py:115} INFO - [2022-10-16 22:56:14,617] {dag.py:2919} INFO - Setting next_dagrun for example_branch_labels to 2022-10-15T00:00:00+00:00, run_after=2022-10-16T00:00:00+00:00
[2022-10-16 22:56:14,624] {processor.py:161} INFO - Processing /home/airflow/.local/lib/python3.7/site-packages/airflow/example_dags/example_branch_labels.py took 0.069 seconds
[2022-10-16 22:56:45,219] {processor.py:153} INFO - Started process (PID=916) to work on /home/airflow/.local/lib/python3.7/site-packages/airflow/example_dags/example_branch_labels.py
[2022-10-16 22:56:45,221] {processor.py:641} INFO - Processing file /home/airflow/.local/lib/python3.7/site-packages/airflow/example_dags/example_branch_labels.py for tasks to queue
[2022-10-16 22:56:45,222] {logging_mixin.py:115} INFO - [2022-10-16 22:56:45,222] {dagbag.py:507} INFO - Filling up the DagBag from /home/airflow/.local/lib/python3.7/site-packages/airflow/example_dags/example_branch_labels.py
[2022-10-16 22:56:45,237] {processor.py:651} INFO - DAG(s) dict_keys(['example_branch_labels']) retrieved from /home/airflow/.local/lib/python3.7/site-packages/airflow/example_dags/example_branch_labels.py
[2022-10-16 22:56:45,262] {logging_mixin.py:115} INFO - [2022-10-16 22:56:45,262] {dag.py:2371} INFO - Sync 1 DAGs
[2022-10-16 22:56:45,279] {logging_mixin.py:115} INFO - [2022-10-16 22:56:45,279] {dag.py:2919} INFO - Setting next_dagrun for example_branch_labels to 2022-10-15T00:00:00+00:00, run_after=2022-10-16T00:00:00+00:00
[2022-10-16 22:56:45,287] {processor.py:161} INFO - Processing /home/airflow/.local/lib/python3.7/site-packages/airflow/example_dags/example_branch_labels.py took 0.070 seconds
[2022-10-16 22:57:15,785] {processor.py:153} INFO - Started process (PID=982) to work on /home/airflow/.local/lib/python3.7/site-packages/airflow/example_dags/example_branch_labels.py
[2022-10-16 22:57:15,786] {processor.py:641} INFO - Processing file /home/airflow/.local/lib/python3.7/site-packages/airflow/example_dags/example_branch_labels.py for tasks to queue
[2022-10-16 22:57:15,788] {logging_mixin.py:115} INFO - [2022-10-16 22:57:15,787] {dagbag.py:507} INFO - Filling up the DagBag from /home/airflow/.local/lib/python3.7/site-packages/airflow/example_dags/example_branch_labels.py
[2022-10-16 22:57:15,793] {processor.py:651} INFO - DAG(s) dict_keys(['example_branch_labels']) retrieved from /home/airflow/.local/lib/python3.7/site-packages/airflow/example_dags/example_branch_labels.py
[2022-10-16 22:57:15,815] {logging_mixin.py:115} INFO - [2022-10-16 22:57:15,815] {dag.py:2371} INFO - Sync 1 DAGs
[2022-10-16 22:57:15,832] {logging_mixin.py:115} INFO - [2022-10-16 22:57:15,832] {dag.py:2919} INFO - Setting next_dagrun for example_branch_labels to 2022-10-15T00:00:00+00:00, run_after=2022-10-16T00:00:00+00:00
[2022-10-16 22:57:15,841] {processor.py:161} INFO - Processing /home/airflow/.local/lib/python3.7/site-packages/airflow/example_dags/example_branch_labels.py took 0.059 seconds
[2022-10-16 22:57:46,401] {processor.py:153} INFO - Started process (PID=1040) to work on /home/airflow/.local/lib/python3.7/site-packages/airflow/example_dags/example_branch_labels.py
[2022-10-16 22:57:46,403] {processor.py:641} INFO - Processing file /home/airflow/.local/lib/python3.7/site-packages/airflow/example_dags/example_branch_labels.py for tasks to queue
[2022-10-16 22:57:46,405] {logging_mixin.py:115} INFO - [2022-10-16 22:57:46,405] {dagbag.py:507} INFO - Filling up the DagBag from /home/airflow/.local/lib/python3.7/site-packages/airflow/example_dags/example_branch_labels.py
[2022-10-16 22:57:46,412] {processor.py:651} INFO - DAG(s) dict_keys(['example_branch_labels']) retrieved from /home/airflow/.local/lib/python3.7/site-packages/airflow/example_dags/example_branch_labels.py
[2022-10-16 22:57:46,436] {logging_mixin.py:115} INFO - [2022-10-16 22:57:46,436] {dag.py:2371} INFO - Sync 1 DAGs
[2022-10-16 22:57:46,454] {logging_mixin.py:115} INFO - [2022-10-16 22:57:46,454] {dag.py:2919} INFO - Setting next_dagrun for example_branch_labels to 2022-10-15T00:00:00+00:00, run_after=2022-10-16T00:00:00+00:00
[2022-10-16 22:57:46,462] {processor.py:161} INFO - Processing /home/airflow/.local/lib/python3.7/site-packages/airflow/example_dags/example_branch_labels.py took 0.066 seconds
[2022-10-16 22:58:16,943] {processor.py:153} INFO - Started process (PID=1107) to work on /home/airflow/.local/lib/python3.7/site-packages/airflow/example_dags/example_branch_labels.py
[2022-10-16 22:58:16,944] {processor.py:641} INFO - Processing file /home/airflow/.local/lib/python3.7/site-packages/airflow/example_dags/example_branch_labels.py for tasks to queue
[2022-10-16 22:58:16,945] {logging_mixin.py:115} INFO - [2022-10-16 22:58:16,945] {dagbag.py:507} INFO - Filling up the DagBag from /home/airflow/.local/lib/python3.7/site-packages/airflow/example_dags/example_branch_labels.py
[2022-10-16 22:58:16,949] {processor.py:651} INFO - DAG(s) dict_keys(['example_branch_labels']) retrieved from /home/airflow/.local/lib/python3.7/site-packages/airflow/example_dags/example_branch_labels.py
[2022-10-16 22:58:16,966] {logging_mixin.py:115} INFO - [2022-10-16 22:58:16,966] {dag.py:2371} INFO - Sync 1 DAGs
[2022-10-16 22:58:16,979] {logging_mixin.py:115} INFO - [2022-10-16 22:58:16,979] {dag.py:2919} INFO - Setting next_dagrun for example_branch_labels to 2022-10-15T00:00:00+00:00, run_after=2022-10-16T00:00:00+00:00
[2022-10-16 22:58:16,985] {processor.py:161} INFO - Processing /home/airflow/.local/lib/python3.7/site-packages/airflow/example_dags/example_branch_labels.py took 0.045 seconds
[2022-10-16 22:58:47,959] {processor.py:153} INFO - Started process (PID=1174) to work on /home/airflow/.local/lib/python3.7/site-packages/airflow/example_dags/example_branch_labels.py
[2022-10-16 22:58:47,960] {processor.py:641} INFO - Processing file /home/airflow/.local/lib/python3.7/site-packages/airflow/example_dags/example_branch_labels.py for tasks to queue
[2022-10-16 22:58:47,961] {logging_mixin.py:115} INFO - [2022-10-16 22:58:47,961] {dagbag.py:507} INFO - Filling up the DagBag from /home/airflow/.local/lib/python3.7/site-packages/airflow/example_dags/example_branch_labels.py
[2022-10-16 22:58:47,968] {processor.py:651} INFO - DAG(s) dict_keys(['example_branch_labels']) retrieved from /home/airflow/.local/lib/python3.7/site-packages/airflow/example_dags/example_branch_labels.py
[2022-10-16 22:58:47,988] {logging_mixin.py:115} INFO - [2022-10-16 22:58:47,988] {dag.py:2371} INFO - Sync 1 DAGs
[2022-10-16 22:58:48,006] {logging_mixin.py:115} INFO - [2022-10-16 22:58:48,005] {dag.py:2919} INFO - Setting next_dagrun for example_branch_labels to 2022-10-15T00:00:00+00:00, run_after=2022-10-16T00:00:00+00:00
[2022-10-16 22:58:48,014] {processor.py:161} INFO - Processing /home/airflow/.local/lib/python3.7/site-packages/airflow/example_dags/example_branch_labels.py took 0.057 seconds
[2022-10-16 22:59:18,307] {processor.py:153} INFO - Started process (PID=1242) to work on /home/airflow/.local/lib/python3.7/site-packages/airflow/example_dags/example_branch_labels.py
[2022-10-16 22:59:18,312] {processor.py:641} INFO - Processing file /home/airflow/.local/lib/python3.7/site-packages/airflow/example_dags/example_branch_labels.py for tasks to queue
[2022-10-16 22:59:18,313] {logging_mixin.py:115} INFO - [2022-10-16 22:59:18,313] {dagbag.py:507} INFO - Filling up the DagBag from /home/airflow/.local/lib/python3.7/site-packages/airflow/example_dags/example_branch_labels.py
[2022-10-16 22:59:18,321] {processor.py:651} INFO - DAG(s) dict_keys(['example_branch_labels']) retrieved from /home/airflow/.local/lib/python3.7/site-packages/airflow/example_dags/example_branch_labels.py
[2022-10-16 22:59:18,344] {logging_mixin.py:115} INFO - [2022-10-16 22:59:18,344] {dag.py:2371} INFO - Sync 1 DAGs
[2022-10-16 22:59:18,361] {logging_mixin.py:115} INFO - [2022-10-16 22:59:18,361] {dag.py:2919} INFO - Setting next_dagrun for example_branch_labels to 2022-10-15T00:00:00+00:00, run_after=2022-10-16T00:00:00+00:00
[2022-10-16 22:59:18,385] {processor.py:161} INFO - Processing /home/airflow/.local/lib/python3.7/site-packages/airflow/example_dags/example_branch_labels.py took 0.081 seconds
[2022-10-16 22:59:48,759] {processor.py:153} INFO - Started process (PID=1301) to work on /home/airflow/.local/lib/python3.7/site-packages/airflow/example_dags/example_branch_labels.py
[2022-10-16 22:59:48,760] {processor.py:641} INFO - Processing file /home/airflow/.local/lib/python3.7/site-packages/airflow/example_dags/example_branch_labels.py for tasks to queue
[2022-10-16 22:59:48,761] {logging_mixin.py:115} INFO - [2022-10-16 22:59:48,761] {dagbag.py:507} INFO - Filling up the DagBag from /home/airflow/.local/lib/python3.7/site-packages/airflow/example_dags/example_branch_labels.py
[2022-10-16 22:59:48,766] {processor.py:651} INFO - DAG(s) dict_keys(['example_branch_labels']) retrieved from /home/airflow/.local/lib/python3.7/site-packages/airflow/example_dags/example_branch_labels.py
[2022-10-16 22:59:48,787] {logging_mixin.py:115} INFO - [2022-10-16 22:59:48,787] {dag.py:2371} INFO - Sync 1 DAGs
[2022-10-16 22:59:48,806] {logging_mixin.py:115} INFO - [2022-10-16 22:59:48,805] {dag.py:2919} INFO - Setting next_dagrun for example_branch_labels to 2022-10-15T00:00:00+00:00, run_after=2022-10-16T00:00:00+00:00
[2022-10-16 22:59:48,816] {processor.py:161} INFO - Processing /home/airflow/.local/lib/python3.7/site-packages/airflow/example_dags/example_branch_labels.py took 0.059 seconds
[2022-10-16 23:00:18,952] {processor.py:153} INFO - Started process (PID=1368) to work on /home/airflow/.local/lib/python3.7/site-packages/airflow/example_dags/example_branch_labels.py
[2022-10-16 23:00:18,953] {processor.py:641} INFO - Processing file /home/airflow/.local/lib/python3.7/site-packages/airflow/example_dags/example_branch_labels.py for tasks to queue
[2022-10-16 23:00:18,954] {logging_mixin.py:115} INFO - [2022-10-16 23:00:18,954] {dagbag.py:507} INFO - Filling up the DagBag from /home/airflow/.local/lib/python3.7/site-packages/airflow/example_dags/example_branch_labels.py
[2022-10-16 23:00:18,961] {processor.py:651} INFO - DAG(s) dict_keys(['example_branch_labels']) retrieved from /home/airflow/.local/lib/python3.7/site-packages/airflow/example_dags/example_branch_labels.py
[2022-10-16 23:00:18,981] {logging_mixin.py:115} INFO - [2022-10-16 23:00:18,981] {dag.py:2371} INFO - Sync 1 DAGs
[2022-10-16 23:00:18,997] {logging_mixin.py:115} INFO - [2022-10-16 23:00:18,996] {dag.py:2919} INFO - Setting next_dagrun for example_branch_labels to 2022-10-15T00:00:00+00:00, run_after=2022-10-16T00:00:00+00:00
[2022-10-16 23:00:19,006] {processor.py:161} INFO - Processing /home/airflow/.local/lib/python3.7/site-packages/airflow/example_dags/example_branch_labels.py took 0.057 seconds
[2022-10-16 23:00:49,508] {processor.py:153} INFO - Started process (PID=1435) to work on /home/airflow/.local/lib/python3.7/site-packages/airflow/example_dags/example_branch_labels.py
[2022-10-16 23:00:49,509] {processor.py:641} INFO - Processing file /home/airflow/.local/lib/python3.7/site-packages/airflow/example_dags/example_branch_labels.py for tasks to queue
[2022-10-16 23:00:49,514] {logging_mixin.py:115} INFO - [2022-10-16 23:00:49,514] {dagbag.py:507} INFO - Filling up the DagBag from /home/airflow/.local/lib/python3.7/site-packages/airflow/example_dags/example_branch_labels.py
[2022-10-16 23:00:49,519] {processor.py:651} INFO - DAG(s) dict_keys(['example_branch_labels']) retrieved from /home/airflow/.local/lib/python3.7/site-packages/airflow/example_dags/example_branch_labels.py
[2022-10-16 23:00:49,537] {logging_mixin.py:115} INFO - [2022-10-16 23:00:49,537] {dag.py:2371} INFO - Sync 1 DAGs
[2022-10-16 23:00:49,551] {logging_mixin.py:115} INFO - [2022-10-16 23:00:49,551] {dag.py:2919} INFO - Setting next_dagrun for example_branch_labels to 2022-10-15T00:00:00+00:00, run_after=2022-10-16T00:00:00+00:00
[2022-10-16 23:00:49,557] {processor.py:161} INFO - Processing /home/airflow/.local/lib/python3.7/site-packages/airflow/example_dags/example_branch_labels.py took 0.052 seconds
[2022-10-16 23:01:19,868] {processor.py:153} INFO - Started process (PID=1502) to work on /home/airflow/.local/lib/python3.7/site-packages/airflow/example_dags/example_branch_labels.py
[2022-10-16 23:01:19,869] {processor.py:641} INFO - Processing file /home/airflow/.local/lib/python3.7/site-packages/airflow/example_dags/example_branch_labels.py for tasks to queue
[2022-10-16 23:01:19,870] {logging_mixin.py:115} INFO - [2022-10-16 23:01:19,870] {dagbag.py:507} INFO - Filling up the DagBag from /home/airflow/.local/lib/python3.7/site-packages/airflow/example_dags/example_branch_labels.py
[2022-10-16 23:01:19,874] {processor.py:651} INFO - DAG(s) dict_keys(['example_branch_labels']) retrieved from /home/airflow/.local/lib/python3.7/site-packages/airflow/example_dags/example_branch_labels.py
[2022-10-16 23:01:19,891] {logging_mixin.py:115} INFO - [2022-10-16 23:01:19,891] {dag.py:2371} INFO - Sync 1 DAGs
[2022-10-16 23:01:19,905] {logging_mixin.py:115} INFO - [2022-10-16 23:01:19,905] {dag.py:2919} INFO - Setting next_dagrun for example_branch_labels to 2022-10-15T00:00:00+00:00, run_after=2022-10-16T00:00:00+00:00
[2022-10-16 23:01:19,911] {processor.py:161} INFO - Processing /home/airflow/.local/lib/python3.7/site-packages/airflow/example_dags/example_branch_labels.py took 0.045 seconds
[2022-10-16 23:01:50,691] {processor.py:153} INFO - Started process (PID=1569) to work on /home/airflow/.local/lib/python3.7/site-packages/airflow/example_dags/example_branch_labels.py
[2022-10-16 23:01:50,694] {processor.py:641} INFO - Processing file /home/airflow/.local/lib/python3.7/site-packages/airflow/example_dags/example_branch_labels.py for tasks to queue
[2022-10-16 23:01:50,695] {logging_mixin.py:115} INFO - [2022-10-16 23:01:50,695] {dagbag.py:507} INFO - Filling up the DagBag from /home/airflow/.local/lib/python3.7/site-packages/airflow/example_dags/example_branch_labels.py
[2022-10-16 23:01:50,701] {processor.py:651} INFO - DAG(s) dict_keys(['example_branch_labels']) retrieved from /home/airflow/.local/lib/python3.7/site-packages/airflow/example_dags/example_branch_labels.py
[2022-10-16 23:01:50,721] {logging_mixin.py:115} INFO - [2022-10-16 23:01:50,721] {dag.py:2371} INFO - Sync 1 DAGs
[2022-10-16 23:01:50,738] {logging_mixin.py:115} INFO - [2022-10-16 23:01:50,738] {dag.py:2919} INFO - Setting next_dagrun for example_branch_labels to 2022-10-15T00:00:00+00:00, run_after=2022-10-16T00:00:00+00:00
[2022-10-16 23:01:50,747] {processor.py:161} INFO - Processing /home/airflow/.local/lib/python3.7/site-packages/airflow/example_dags/example_branch_labels.py took 0.060 seconds
