[2022-10-16 22:49:50,204] {processor.py:153} INFO - Started process (PID=50) to work on /home/airflow/.local/lib/python3.7/site-packages/airflow/example_dags/example_branch_python_dop_operator_3.py
[2022-10-16 22:49:50,207] {processor.py:641} INFO - Processing file /home/airflow/.local/lib/python3.7/site-packages/airflow/example_dags/example_branch_python_dop_operator_3.py for tasks to queue
[2022-10-16 22:49:50,209] {logging_mixin.py:115} INFO - [2022-10-16 22:49:50,209] {dagbag.py:507} INFO - Filling up the DagBag from /home/airflow/.local/lib/python3.7/site-packages/airflow/example_dags/example_branch_python_dop_operator_3.py
[2022-10-16 22:49:50,252] {processor.py:651} INFO - DAG(s) dict_keys(['example_branch_dop_operator_v3']) retrieved from /home/airflow/.local/lib/python3.7/site-packages/airflow/example_dags/example_branch_python_dop_operator_3.py
[2022-10-16 22:49:51,026] {logging_mixin.py:115} INFO - [2022-10-16 22:49:51,025] {manager.py:508} INFO - Created Permission View: can delete on DAG:example_branch_dop_operator_v3
[2022-10-16 22:49:51,067] {logging_mixin.py:115} INFO - [2022-10-16 22:49:51,067] {manager.py:508} INFO - Created Permission View: can edit on DAG:example_branch_dop_operator_v3
[2022-10-16 22:49:51,101] {logging_mixin.py:115} INFO - [2022-10-16 22:49:51,101] {manager.py:508} INFO - Created Permission View: can read on DAG:example_branch_dop_operator_v3
[2022-10-16 22:49:51,103] {logging_mixin.py:115} INFO - [2022-10-16 22:49:51,103] {dag.py:2371} INFO - Sync 1 DAGs
[2022-10-16 22:49:51,136] {logging_mixin.py:115} INFO - [2022-10-16 22:49:51,136] {dag.py:2390} INFO - Creating ORM DAG for example_branch_dop_operator_v3
[2022-10-16 22:49:51,168] {logging_mixin.py:115} INFO - [2022-10-16 22:49:51,167] {dag.py:2919} INFO - Setting next_dagrun for example_branch_dop_operator_v3 to 2022-10-16T22:48:00+00:00, run_after=2022-10-16T22:49:00+00:00
[2022-10-16 22:49:51,206] {processor.py:161} INFO - Processing /home/airflow/.local/lib/python3.7/site-packages/airflow/example_dags/example_branch_python_dop_operator_3.py took 1.021 seconds
[2022-10-16 22:50:21,841] {processor.py:153} INFO - Started process (PID=118) to work on /home/airflow/.local/lib/python3.7/site-packages/airflow/example_dags/example_branch_python_dop_operator_3.py
[2022-10-16 22:50:21,844] {processor.py:641} INFO - Processing file /home/airflow/.local/lib/python3.7/site-packages/airflow/example_dags/example_branch_python_dop_operator_3.py for tasks to queue
[2022-10-16 22:50:21,846] {logging_mixin.py:115} INFO - [2022-10-16 22:50:21,846] {dagbag.py:507} INFO - Filling up the DagBag from /home/airflow/.local/lib/python3.7/site-packages/airflow/example_dags/example_branch_python_dop_operator_3.py
[2022-10-16 22:50:21,877] {processor.py:651} INFO - DAG(s) dict_keys(['example_branch_dop_operator_v3']) retrieved from /home/airflow/.local/lib/python3.7/site-packages/airflow/example_dags/example_branch_python_dop_operator_3.py
[2022-10-16 22:50:21,965] {logging_mixin.py:115} INFO - [2022-10-16 22:50:21,965] {dag.py:2371} INFO - Sync 1 DAGs
[2022-10-16 22:50:22,020] {logging_mixin.py:115} INFO - [2022-10-16 22:50:22,020] {dag.py:2919} INFO - Setting next_dagrun for example_branch_dop_operator_v3 to 2022-10-16T22:49:00+00:00, run_after=2022-10-16T22:50:00+00:00
[2022-10-16 22:50:22,462] {processor.py:161} INFO - Processing /home/airflow/.local/lib/python3.7/site-packages/airflow/example_dags/example_branch_python_dop_operator_3.py took 0.635 seconds
[2022-10-16 22:50:53,473] {processor.py:153} INFO - Started process (PID=181) to work on /home/airflow/.local/lib/python3.7/site-packages/airflow/example_dags/example_branch_python_dop_operator_3.py
[2022-10-16 22:50:53,474] {processor.py:641} INFO - Processing file /home/airflow/.local/lib/python3.7/site-packages/airflow/example_dags/example_branch_python_dop_operator_3.py for tasks to queue
[2022-10-16 22:50:53,475] {logging_mixin.py:115} INFO - [2022-10-16 22:50:53,475] {dagbag.py:507} INFO - Filling up the DagBag from /home/airflow/.local/lib/python3.7/site-packages/airflow/example_dags/example_branch_python_dop_operator_3.py
[2022-10-16 22:50:53,485] {processor.py:651} INFO - DAG(s) dict_keys(['example_branch_dop_operator_v3']) retrieved from /home/airflow/.local/lib/python3.7/site-packages/airflow/example_dags/example_branch_python_dop_operator_3.py
[2022-10-16 22:50:53,514] {logging_mixin.py:115} INFO - [2022-10-16 22:50:53,514] {dag.py:2371} INFO - Sync 1 DAGs
[2022-10-16 22:50:53,540] {logging_mixin.py:115} INFO - [2022-10-16 22:50:53,540] {dag.py:2919} INFO - Setting next_dagrun for example_branch_dop_operator_v3 to 2022-10-16T22:49:00+00:00, run_after=2022-10-16T22:50:00+00:00
[2022-10-16 22:50:53,798] {processor.py:161} INFO - Processing /home/airflow/.local/lib/python3.7/site-packages/airflow/example_dags/example_branch_python_dop_operator_3.py took 0.328 seconds
[2022-10-16 22:51:24,458] {processor.py:153} INFO - Started process (PID=248) to work on /home/airflow/.local/lib/python3.7/site-packages/airflow/example_dags/example_branch_python_dop_operator_3.py
[2022-10-16 22:51:24,459] {processor.py:641} INFO - Processing file /home/airflow/.local/lib/python3.7/site-packages/airflow/example_dags/example_branch_python_dop_operator_3.py for tasks to queue
[2022-10-16 22:51:24,460] {logging_mixin.py:115} INFO - [2022-10-16 22:51:24,460] {dagbag.py:507} INFO - Filling up the DagBag from /home/airflow/.local/lib/python3.7/site-packages/airflow/example_dags/example_branch_python_dop_operator_3.py
[2022-10-16 22:51:24,467] {processor.py:651} INFO - DAG(s) dict_keys(['example_branch_dop_operator_v3']) retrieved from /home/airflow/.local/lib/python3.7/site-packages/airflow/example_dags/example_branch_python_dop_operator_3.py
[2022-10-16 22:51:24,493] {logging_mixin.py:115} INFO - [2022-10-16 22:51:24,493] {dag.py:2371} INFO - Sync 1 DAGs
[2022-10-16 22:51:24,519] {logging_mixin.py:115} INFO - [2022-10-16 22:51:24,519] {dag.py:2919} INFO - Setting next_dagrun for example_branch_dop_operator_v3 to 2022-10-16T22:50:00+00:00, run_after=2022-10-16T22:51:00+00:00
[2022-10-16 22:51:24,673] {processor.py:161} INFO - Processing /home/airflow/.local/lib/python3.7/site-packages/airflow/example_dags/example_branch_python_dop_operator_3.py took 0.218 seconds
[2022-10-16 22:51:55,574] {processor.py:153} INFO - Started process (PID=306) to work on /home/airflow/.local/lib/python3.7/site-packages/airflow/example_dags/example_branch_python_dop_operator_3.py
[2022-10-16 22:51:55,578] {processor.py:641} INFO - Processing file /home/airflow/.local/lib/python3.7/site-packages/airflow/example_dags/example_branch_python_dop_operator_3.py for tasks to queue
[2022-10-16 22:51:55,581] {logging_mixin.py:115} INFO - [2022-10-16 22:51:55,581] {dagbag.py:507} INFO - Filling up the DagBag from /home/airflow/.local/lib/python3.7/site-packages/airflow/example_dags/example_branch_python_dop_operator_3.py
[2022-10-16 22:51:55,597] {processor.py:651} INFO - DAG(s) dict_keys(['example_branch_dop_operator_v3']) retrieved from /home/airflow/.local/lib/python3.7/site-packages/airflow/example_dags/example_branch_python_dop_operator_3.py
[2022-10-16 22:51:55,630] {logging_mixin.py:115} INFO - [2022-10-16 22:51:55,630] {dag.py:2371} INFO - Sync 1 DAGs
[2022-10-16 22:51:55,654] {logging_mixin.py:115} INFO - [2022-10-16 22:51:55,654] {dag.py:2919} INFO - Setting next_dagrun for example_branch_dop_operator_v3 to 2022-10-16T22:50:00+00:00, run_after=2022-10-16T22:51:00+00:00
[2022-10-16 22:51:55,805] {processor.py:161} INFO - Processing /home/airflow/.local/lib/python3.7/site-packages/airflow/example_dags/example_branch_python_dop_operator_3.py took 0.236 seconds
[2022-10-16 22:52:26,363] {processor.py:153} INFO - Started process (PID=372) to work on /home/airflow/.local/lib/python3.7/site-packages/airflow/example_dags/example_branch_python_dop_operator_3.py
[2022-10-16 22:52:26,364] {processor.py:641} INFO - Processing file /home/airflow/.local/lib/python3.7/site-packages/airflow/example_dags/example_branch_python_dop_operator_3.py for tasks to queue
[2022-10-16 22:52:26,366] {logging_mixin.py:115} INFO - [2022-10-16 22:52:26,366] {dagbag.py:507} INFO - Filling up the DagBag from /home/airflow/.local/lib/python3.7/site-packages/airflow/example_dags/example_branch_python_dop_operator_3.py
[2022-10-16 22:52:26,373] {processor.py:651} INFO - DAG(s) dict_keys(['example_branch_dop_operator_v3']) retrieved from /home/airflow/.local/lib/python3.7/site-packages/airflow/example_dags/example_branch_python_dop_operator_3.py
[2022-10-16 22:52:26,391] {logging_mixin.py:115} INFO - [2022-10-16 22:52:26,391] {dag.py:2371} INFO - Sync 1 DAGs
[2022-10-16 22:52:26,410] {logging_mixin.py:115} INFO - [2022-10-16 22:52:26,410] {dag.py:2919} INFO - Setting next_dagrun for example_branch_dop_operator_v3 to 2022-10-16T22:51:00+00:00, run_after=2022-10-16T22:52:00+00:00
[2022-10-16 22:52:26,751] {processor.py:161} INFO - Processing /home/airflow/.local/lib/python3.7/site-packages/airflow/example_dags/example_branch_python_dop_operator_3.py took 0.390 seconds
[2022-10-16 22:52:58,169] {processor.py:153} INFO - Started process (PID=439) to work on /home/airflow/.local/lib/python3.7/site-packages/airflow/example_dags/example_branch_python_dop_operator_3.py
[2022-10-16 22:52:58,171] {processor.py:641} INFO - Processing file /home/airflow/.local/lib/python3.7/site-packages/airflow/example_dags/example_branch_python_dop_operator_3.py for tasks to queue
[2022-10-16 22:52:58,173] {logging_mixin.py:115} INFO - [2022-10-16 22:52:58,172] {dagbag.py:507} INFO - Filling up the DagBag from /home/airflow/.local/lib/python3.7/site-packages/airflow/example_dags/example_branch_python_dop_operator_3.py
[2022-10-16 22:52:58,192] {processor.py:651} INFO - DAG(s) dict_keys(['example_branch_dop_operator_v3']) retrieved from /home/airflow/.local/lib/python3.7/site-packages/airflow/example_dags/example_branch_python_dop_operator_3.py
[2022-10-16 22:52:58,222] {logging_mixin.py:115} INFO - [2022-10-16 22:52:58,222] {dag.py:2371} INFO - Sync 1 DAGs
[2022-10-16 22:52:58,254] {logging_mixin.py:115} INFO - [2022-10-16 22:52:58,254] {dag.py:2919} INFO - Setting next_dagrun for example_branch_dop_operator_v3 to 2022-10-16T22:51:00+00:00, run_after=2022-10-16T22:52:00+00:00
[2022-10-16 22:52:58,481] {processor.py:161} INFO - Processing /home/airflow/.local/lib/python3.7/site-packages/airflow/example_dags/example_branch_python_dop_operator_3.py took 0.320 seconds
[2022-10-16 22:53:28,577] {processor.py:153} INFO - Started process (PID=505) to work on /home/airflow/.local/lib/python3.7/site-packages/airflow/example_dags/example_branch_python_dop_operator_3.py
[2022-10-16 22:53:28,579] {processor.py:641} INFO - Processing file /home/airflow/.local/lib/python3.7/site-packages/airflow/example_dags/example_branch_python_dop_operator_3.py for tasks to queue
[2022-10-16 22:53:28,581] {logging_mixin.py:115} INFO - [2022-10-16 22:53:28,581] {dagbag.py:507} INFO - Filling up the DagBag from /home/airflow/.local/lib/python3.7/site-packages/airflow/example_dags/example_branch_python_dop_operator_3.py
[2022-10-16 22:53:28,589] {processor.py:651} INFO - DAG(s) dict_keys(['example_branch_dop_operator_v3']) retrieved from /home/airflow/.local/lib/python3.7/site-packages/airflow/example_dags/example_branch_python_dop_operator_3.py
[2022-10-16 22:53:28,611] {logging_mixin.py:115} INFO - [2022-10-16 22:53:28,610] {dag.py:2371} INFO - Sync 1 DAGs
[2022-10-16 22:53:28,629] {logging_mixin.py:115} INFO - [2022-10-16 22:53:28,629] {dag.py:2919} INFO - Setting next_dagrun for example_branch_dop_operator_v3 to 2022-10-16T22:52:00+00:00, run_after=2022-10-16T22:53:00+00:00
[2022-10-16 22:53:28,764] {processor.py:161} INFO - Processing /home/airflow/.local/lib/python3.7/site-packages/airflow/example_dags/example_branch_python_dop_operator_3.py took 0.190 seconds
[2022-10-16 22:53:59,957] {processor.py:153} INFO - Started process (PID=572) to work on /home/airflow/.local/lib/python3.7/site-packages/airflow/example_dags/example_branch_python_dop_operator_3.py
[2022-10-16 22:53:59,959] {processor.py:641} INFO - Processing file /home/airflow/.local/lib/python3.7/site-packages/airflow/example_dags/example_branch_python_dop_operator_3.py for tasks to queue
[2022-10-16 22:53:59,960] {logging_mixin.py:115} INFO - [2022-10-16 22:53:59,959] {dagbag.py:507} INFO - Filling up the DagBag from /home/airflow/.local/lib/python3.7/site-packages/airflow/example_dags/example_branch_python_dop_operator_3.py
[2022-10-16 22:53:59,972] {processor.py:651} INFO - DAG(s) dict_keys(['example_branch_dop_operator_v3']) retrieved from /home/airflow/.local/lib/python3.7/site-packages/airflow/example_dags/example_branch_python_dop_operator_3.py
[2022-10-16 22:54:00,003] {logging_mixin.py:115} INFO - [2022-10-16 22:54:00,003] {dag.py:2371} INFO - Sync 1 DAGs
[2022-10-16 22:54:00,035] {logging_mixin.py:115} INFO - [2022-10-16 22:54:00,035] {dag.py:2919} INFO - Setting next_dagrun for example_branch_dop_operator_v3 to 2022-10-16T22:53:00+00:00, run_after=2022-10-16T22:54:00+00:00
[2022-10-16 22:54:00,360] {processor.py:161} INFO - Processing /home/airflow/.local/lib/python3.7/site-packages/airflow/example_dags/example_branch_python_dop_operator_3.py took 0.406 seconds
[2022-10-16 22:54:30,454] {processor.py:153} INFO - Started process (PID=630) to work on /home/airflow/.local/lib/python3.7/site-packages/airflow/example_dags/example_branch_python_dop_operator_3.py
[2022-10-16 22:54:30,455] {processor.py:641} INFO - Processing file /home/airflow/.local/lib/python3.7/site-packages/airflow/example_dags/example_branch_python_dop_operator_3.py for tasks to queue
[2022-10-16 22:54:30,457] {logging_mixin.py:115} INFO - [2022-10-16 22:54:30,457] {dagbag.py:507} INFO - Filling up the DagBag from /home/airflow/.local/lib/python3.7/site-packages/airflow/example_dags/example_branch_python_dop_operator_3.py
[2022-10-16 22:54:30,467] {processor.py:651} INFO - DAG(s) dict_keys(['example_branch_dop_operator_v3']) retrieved from /home/airflow/.local/lib/python3.7/site-packages/airflow/example_dags/example_branch_python_dop_operator_3.py
[2022-10-16 22:54:30,492] {logging_mixin.py:115} INFO - [2022-10-16 22:54:30,492] {dag.py:2371} INFO - Sync 1 DAGs
[2022-10-16 22:54:30,519] {logging_mixin.py:115} INFO - [2022-10-16 22:54:30,519] {dag.py:2919} INFO - Setting next_dagrun for example_branch_dop_operator_v3 to 2022-10-16T22:53:00+00:00, run_after=2022-10-16T22:54:00+00:00
[2022-10-16 22:54:30,680] {processor.py:161} INFO - Processing /home/airflow/.local/lib/python3.7/site-packages/airflow/example_dags/example_branch_python_dop_operator_3.py took 0.230 seconds
[2022-10-16 22:55:01,297] {processor.py:153} INFO - Started process (PID=696) to work on /home/airflow/.local/lib/python3.7/site-packages/airflow/example_dags/example_branch_python_dop_operator_3.py
[2022-10-16 22:55:01,299] {processor.py:641} INFO - Processing file /home/airflow/.local/lib/python3.7/site-packages/airflow/example_dags/example_branch_python_dop_operator_3.py for tasks to queue
[2022-10-16 22:55:01,302] {logging_mixin.py:115} INFO - [2022-10-16 22:55:01,301] {dagbag.py:507} INFO - Filling up the DagBag from /home/airflow/.local/lib/python3.7/site-packages/airflow/example_dags/example_branch_python_dop_operator_3.py
[2022-10-16 22:55:01,316] {processor.py:651} INFO - DAG(s) dict_keys(['example_branch_dop_operator_v3']) retrieved from /home/airflow/.local/lib/python3.7/site-packages/airflow/example_dags/example_branch_python_dop_operator_3.py
[2022-10-16 22:55:01,352] {logging_mixin.py:115} INFO - [2022-10-16 22:55:01,352] {dag.py:2371} INFO - Sync 1 DAGs
[2022-10-16 22:55:01,382] {logging_mixin.py:115} INFO - [2022-10-16 22:55:01,381] {dag.py:2919} INFO - Setting next_dagrun for example_branch_dop_operator_v3 to 2022-10-16T22:54:00+00:00, run_after=2022-10-16T22:55:00+00:00
[2022-10-16 22:55:01,398] {processor.py:161} INFO - Processing /home/airflow/.local/lib/python3.7/site-packages/airflow/example_dags/example_branch_python_dop_operator_3.py took 0.107 seconds
[2022-10-16 22:55:31,452] {processor.py:153} INFO - Started process (PID=762) to work on /home/airflow/.local/lib/python3.7/site-packages/airflow/example_dags/example_branch_python_dop_operator_3.py
[2022-10-16 22:55:31,454] {processor.py:641} INFO - Processing file /home/airflow/.local/lib/python3.7/site-packages/airflow/example_dags/example_branch_python_dop_operator_3.py for tasks to queue
[2022-10-16 22:55:31,456] {logging_mixin.py:115} INFO - [2022-10-16 22:55:31,456] {dagbag.py:507} INFO - Filling up the DagBag from /home/airflow/.local/lib/python3.7/site-packages/airflow/example_dags/example_branch_python_dop_operator_3.py
[2022-10-16 22:55:31,466] {processor.py:651} INFO - DAG(s) dict_keys(['example_branch_dop_operator_v3']) retrieved from /home/airflow/.local/lib/python3.7/site-packages/airflow/example_dags/example_branch_python_dop_operator_3.py
[2022-10-16 22:55:31,485] {logging_mixin.py:115} INFO - [2022-10-16 22:55:31,485] {dag.py:2371} INFO - Sync 1 DAGs
[2022-10-16 22:55:31,506] {logging_mixin.py:115} INFO - [2022-10-16 22:55:31,506] {dag.py:2919} INFO - Setting next_dagrun for example_branch_dop_operator_v3 to 2022-10-16T22:54:00+00:00, run_after=2022-10-16T22:55:00+00:00
[2022-10-16 22:55:31,516] {processor.py:161} INFO - Processing /home/airflow/.local/lib/python3.7/site-packages/airflow/example_dags/example_branch_python_dop_operator_3.py took 0.067 seconds
[2022-10-16 22:56:02,375] {processor.py:153} INFO - Started process (PID=824) to work on /home/airflow/.local/lib/python3.7/site-packages/airflow/example_dags/example_branch_python_dop_operator_3.py
[2022-10-16 22:56:02,377] {processor.py:641} INFO - Processing file /home/airflow/.local/lib/python3.7/site-packages/airflow/example_dags/example_branch_python_dop_operator_3.py for tasks to queue
[2022-10-16 22:56:02,381] {logging_mixin.py:115} INFO - [2022-10-16 22:56:02,381] {dagbag.py:507} INFO - Filling up the DagBag from /home/airflow/.local/lib/python3.7/site-packages/airflow/example_dags/example_branch_python_dop_operator_3.py
[2022-10-16 22:56:02,399] {processor.py:651} INFO - DAG(s) dict_keys(['example_branch_dop_operator_v3']) retrieved from /home/airflow/.local/lib/python3.7/site-packages/airflow/example_dags/example_branch_python_dop_operator_3.py
[2022-10-16 22:56:02,457] {logging_mixin.py:115} INFO - [2022-10-16 22:56:02,457] {dag.py:2371} INFO - Sync 1 DAGs
[2022-10-16 22:56:02,497] {logging_mixin.py:115} INFO - [2022-10-16 22:56:02,497] {dag.py:2919} INFO - Setting next_dagrun for example_branch_dop_operator_v3 to 2022-10-16T22:55:00+00:00, run_after=2022-10-16T22:56:00+00:00
[2022-10-16 22:56:02,512] {processor.py:161} INFO - Processing /home/airflow/.local/lib/python3.7/site-packages/airflow/example_dags/example_branch_python_dop_operator_3.py took 0.141 seconds
[2022-10-16 22:56:32,551] {processor.py:153} INFO - Started process (PID=890) to work on /home/airflow/.local/lib/python3.7/site-packages/airflow/example_dags/example_branch_python_dop_operator_3.py
[2022-10-16 22:56:32,552] {processor.py:641} INFO - Processing file /home/airflow/.local/lib/python3.7/site-packages/airflow/example_dags/example_branch_python_dop_operator_3.py for tasks to queue
[2022-10-16 22:56:32,554] {logging_mixin.py:115} INFO - [2022-10-16 22:56:32,554] {dagbag.py:507} INFO - Filling up the DagBag from /home/airflow/.local/lib/python3.7/site-packages/airflow/example_dags/example_branch_python_dop_operator_3.py
[2022-10-16 22:56:32,561] {processor.py:651} INFO - DAG(s) dict_keys(['example_branch_dop_operator_v3']) retrieved from /home/airflow/.local/lib/python3.7/site-packages/airflow/example_dags/example_branch_python_dop_operator_3.py
[2022-10-16 22:56:32,580] {logging_mixin.py:115} INFO - [2022-10-16 22:56:32,580] {dag.py:2371} INFO - Sync 1 DAGs
[2022-10-16 22:56:32,598] {logging_mixin.py:115} INFO - [2022-10-16 22:56:32,598] {dag.py:2919} INFO - Setting next_dagrun for example_branch_dop_operator_v3 to 2022-10-16T22:55:00+00:00, run_after=2022-10-16T22:56:00+00:00
[2022-10-16 22:56:32,608] {processor.py:161} INFO - Processing /home/airflow/.local/lib/python3.7/site-packages/airflow/example_dags/example_branch_python_dop_operator_3.py took 0.059 seconds
[2022-10-16 22:57:03,315] {processor.py:153} INFO - Started process (PID=947) to work on /home/airflow/.local/lib/python3.7/site-packages/airflow/example_dags/example_branch_python_dop_operator_3.py
[2022-10-16 22:57:03,318] {processor.py:641} INFO - Processing file /home/airflow/.local/lib/python3.7/site-packages/airflow/example_dags/example_branch_python_dop_operator_3.py for tasks to queue
[2022-10-16 22:57:03,321] {logging_mixin.py:115} INFO - [2022-10-16 22:57:03,321] {dagbag.py:507} INFO - Filling up the DagBag from /home/airflow/.local/lib/python3.7/site-packages/airflow/example_dags/example_branch_python_dop_operator_3.py
[2022-10-16 22:57:03,332] {processor.py:651} INFO - DAG(s) dict_keys(['example_branch_dop_operator_v3']) retrieved from /home/airflow/.local/lib/python3.7/site-packages/airflow/example_dags/example_branch_python_dop_operator_3.py
[2022-10-16 22:57:03,353] {logging_mixin.py:115} INFO - [2022-10-16 22:57:03,353] {dag.py:2371} INFO - Sync 1 DAGs
[2022-10-16 22:57:03,377] {logging_mixin.py:115} INFO - [2022-10-16 22:57:03,377] {dag.py:2919} INFO - Setting next_dagrun for example_branch_dop_operator_v3 to 2022-10-16T22:56:00+00:00, run_after=2022-10-16T22:57:00+00:00
[2022-10-16 22:57:03,391] {processor.py:161} INFO - Processing /home/airflow/.local/lib/python3.7/site-packages/airflow/example_dags/example_branch_python_dop_operator_3.py took 0.079 seconds
[2022-10-16 22:57:33,787] {processor.py:153} INFO - Started process (PID=1014) to work on /home/airflow/.local/lib/python3.7/site-packages/airflow/example_dags/example_branch_python_dop_operator_3.py
[2022-10-16 22:57:33,789] {processor.py:641} INFO - Processing file /home/airflow/.local/lib/python3.7/site-packages/airflow/example_dags/example_branch_python_dop_operator_3.py for tasks to queue
[2022-10-16 22:57:33,791] {logging_mixin.py:115} INFO - [2022-10-16 22:57:33,791] {dagbag.py:507} INFO - Filling up the DagBag from /home/airflow/.local/lib/python3.7/site-packages/airflow/example_dags/example_branch_python_dop_operator_3.py
[2022-10-16 22:57:33,803] {processor.py:651} INFO - DAG(s) dict_keys(['example_branch_dop_operator_v3']) retrieved from /home/airflow/.local/lib/python3.7/site-packages/airflow/example_dags/example_branch_python_dop_operator_3.py
[2022-10-16 22:57:33,825] {logging_mixin.py:115} INFO - [2022-10-16 22:57:33,825] {dag.py:2371} INFO - Sync 1 DAGs
[2022-10-16 22:57:33,842] {logging_mixin.py:115} INFO - [2022-10-16 22:57:33,842] {dag.py:2919} INFO - Setting next_dagrun for example_branch_dop_operator_v3 to 2022-10-16T22:56:00+00:00, run_after=2022-10-16T22:57:00+00:00
[2022-10-16 22:57:33,850] {processor.py:161} INFO - Processing /home/airflow/.local/lib/python3.7/site-packages/airflow/example_dags/example_branch_python_dop_operator_3.py took 0.067 seconds
[2022-10-16 22:58:04,615] {processor.py:153} INFO - Started process (PID=1081) to work on /home/airflow/.local/lib/python3.7/site-packages/airflow/example_dags/example_branch_python_dop_operator_3.py
[2022-10-16 22:58:04,617] {processor.py:641} INFO - Processing file /home/airflow/.local/lib/python3.7/site-packages/airflow/example_dags/example_branch_python_dop_operator_3.py for tasks to queue
[2022-10-16 22:58:04,619] {logging_mixin.py:115} INFO - [2022-10-16 22:58:04,619] {dagbag.py:507} INFO - Filling up the DagBag from /home/airflow/.local/lib/python3.7/site-packages/airflow/example_dags/example_branch_python_dop_operator_3.py
[2022-10-16 22:58:04,631] {processor.py:651} INFO - DAG(s) dict_keys(['example_branch_dop_operator_v3']) retrieved from /home/airflow/.local/lib/python3.7/site-packages/airflow/example_dags/example_branch_python_dop_operator_3.py
[2022-10-16 22:58:04,655] {logging_mixin.py:115} INFO - [2022-10-16 22:58:04,655] {dag.py:2371} INFO - Sync 1 DAGs
[2022-10-16 22:58:04,673] {logging_mixin.py:115} INFO - [2022-10-16 22:58:04,673] {dag.py:2919} INFO - Setting next_dagrun for example_branch_dop_operator_v3 to 2022-10-16T22:57:00+00:00, run_after=2022-10-16T22:58:00+00:00
[2022-10-16 22:58:04,683] {processor.py:161} INFO - Processing /home/airflow/.local/lib/python3.7/site-packages/airflow/example_dags/example_branch_python_dop_operator_3.py took 0.073 seconds
[2022-10-16 22:58:35,111] {processor.py:153} INFO - Started process (PID=1148) to work on /home/airflow/.local/lib/python3.7/site-packages/airflow/example_dags/example_branch_python_dop_operator_3.py
[2022-10-16 22:58:35,114] {processor.py:641} INFO - Processing file /home/airflow/.local/lib/python3.7/site-packages/airflow/example_dags/example_branch_python_dop_operator_3.py for tasks to queue
[2022-10-16 22:58:35,116] {logging_mixin.py:115} INFO - [2022-10-16 22:58:35,116] {dagbag.py:507} INFO - Filling up the DagBag from /home/airflow/.local/lib/python3.7/site-packages/airflow/example_dags/example_branch_python_dop_operator_3.py
[2022-10-16 22:58:35,132] {processor.py:651} INFO - DAG(s) dict_keys(['example_branch_dop_operator_v3']) retrieved from /home/airflow/.local/lib/python3.7/site-packages/airflow/example_dags/example_branch_python_dop_operator_3.py
[2022-10-16 22:58:35,158] {logging_mixin.py:115} INFO - [2022-10-16 22:58:35,158] {dag.py:2371} INFO - Sync 1 DAGs
[2022-10-16 22:58:35,185] {logging_mixin.py:115} INFO - [2022-10-16 22:58:35,185] {dag.py:2919} INFO - Setting next_dagrun for example_branch_dop_operator_v3 to 2022-10-16T22:57:00+00:00, run_after=2022-10-16T22:58:00+00:00
[2022-10-16 22:58:35,196] {processor.py:161} INFO - Processing /home/airflow/.local/lib/python3.7/site-packages/airflow/example_dags/example_branch_python_dop_operator_3.py took 0.092 seconds
[2022-10-16 22:59:06,075] {processor.py:153} INFO - Started process (PID=1216) to work on /home/airflow/.local/lib/python3.7/site-packages/airflow/example_dags/example_branch_python_dop_operator_3.py
[2022-10-16 22:59:06,077] {processor.py:641} INFO - Processing file /home/airflow/.local/lib/python3.7/site-packages/airflow/example_dags/example_branch_python_dop_operator_3.py for tasks to queue
[2022-10-16 22:59:06,078] {logging_mixin.py:115} INFO - [2022-10-16 22:59:06,078] {dagbag.py:507} INFO - Filling up the DagBag from /home/airflow/.local/lib/python3.7/site-packages/airflow/example_dags/example_branch_python_dop_operator_3.py
[2022-10-16 22:59:06,088] {processor.py:651} INFO - DAG(s) dict_keys(['example_branch_dop_operator_v3']) retrieved from /home/airflow/.local/lib/python3.7/site-packages/airflow/example_dags/example_branch_python_dop_operator_3.py
[2022-10-16 22:59:06,110] {logging_mixin.py:115} INFO - [2022-10-16 22:59:06,110] {dag.py:2371} INFO - Sync 1 DAGs
[2022-10-16 22:59:06,140] {logging_mixin.py:115} INFO - [2022-10-16 22:59:06,140] {dag.py:2919} INFO - Setting next_dagrun for example_branch_dop_operator_v3 to 2022-10-16T22:58:00+00:00, run_after=2022-10-16T22:59:00+00:00
[2022-10-16 22:59:06,156] {processor.py:161} INFO - Processing /home/airflow/.local/lib/python3.7/site-packages/airflow/example_dags/example_branch_python_dop_operator_3.py took 0.084 seconds
[2022-10-16 22:59:36,501] {processor.py:153} INFO - Started process (PID=1275) to work on /home/airflow/.local/lib/python3.7/site-packages/airflow/example_dags/example_branch_python_dop_operator_3.py
[2022-10-16 22:59:36,503] {processor.py:641} INFO - Processing file /home/airflow/.local/lib/python3.7/site-packages/airflow/example_dags/example_branch_python_dop_operator_3.py for tasks to queue
[2022-10-16 22:59:36,505] {logging_mixin.py:115} INFO - [2022-10-16 22:59:36,505] {dagbag.py:507} INFO - Filling up the DagBag from /home/airflow/.local/lib/python3.7/site-packages/airflow/example_dags/example_branch_python_dop_operator_3.py
[2022-10-16 22:59:36,517] {processor.py:651} INFO - DAG(s) dict_keys(['example_branch_dop_operator_v3']) retrieved from /home/airflow/.local/lib/python3.7/site-packages/airflow/example_dags/example_branch_python_dop_operator_3.py
[2022-10-16 22:59:36,539] {logging_mixin.py:115} INFO - [2022-10-16 22:59:36,539] {dag.py:2371} INFO - Sync 1 DAGs
[2022-10-16 22:59:36,557] {logging_mixin.py:115} INFO - [2022-10-16 22:59:36,557] {dag.py:2919} INFO - Setting next_dagrun for example_branch_dop_operator_v3 to 2022-10-16T22:58:00+00:00, run_after=2022-10-16T22:59:00+00:00
[2022-10-16 22:59:36,567] {processor.py:161} INFO - Processing /home/airflow/.local/lib/python3.7/site-packages/airflow/example_dags/example_branch_python_dop_operator_3.py took 0.074 seconds
[2022-10-16 23:00:06,871] {processor.py:153} INFO - Started process (PID=1342) to work on /home/airflow/.local/lib/python3.7/site-packages/airflow/example_dags/example_branch_python_dop_operator_3.py
[2022-10-16 23:00:06,873] {processor.py:641} INFO - Processing file /home/airflow/.local/lib/python3.7/site-packages/airflow/example_dags/example_branch_python_dop_operator_3.py for tasks to queue
[2022-10-16 23:00:06,875] {logging_mixin.py:115} INFO - [2022-10-16 23:00:06,875] {dagbag.py:507} INFO - Filling up the DagBag from /home/airflow/.local/lib/python3.7/site-packages/airflow/example_dags/example_branch_python_dop_operator_3.py
[2022-10-16 23:00:06,889] {processor.py:651} INFO - DAG(s) dict_keys(['example_branch_dop_operator_v3']) retrieved from /home/airflow/.local/lib/python3.7/site-packages/airflow/example_dags/example_branch_python_dop_operator_3.py
[2022-10-16 23:00:06,912] {logging_mixin.py:115} INFO - [2022-10-16 23:00:06,912] {dag.py:2371} INFO - Sync 1 DAGs
[2022-10-16 23:00:06,938] {logging_mixin.py:115} INFO - [2022-10-16 23:00:06,938] {dag.py:2919} INFO - Setting next_dagrun for example_branch_dop_operator_v3 to 2022-10-16T22:59:00+00:00, run_after=2022-10-16T23:00:00+00:00
[2022-10-16 23:00:06,953] {processor.py:161} INFO - Processing /home/airflow/.local/lib/python3.7/site-packages/airflow/example_dags/example_branch_python_dop_operator_3.py took 0.087 seconds
[2022-10-16 23:00:37,224] {processor.py:153} INFO - Started process (PID=1409) to work on /home/airflow/.local/lib/python3.7/site-packages/airflow/example_dags/example_branch_python_dop_operator_3.py
[2022-10-16 23:00:37,226] {processor.py:641} INFO - Processing file /home/airflow/.local/lib/python3.7/site-packages/airflow/example_dags/example_branch_python_dop_operator_3.py for tasks to queue
[2022-10-16 23:00:37,228] {logging_mixin.py:115} INFO - [2022-10-16 23:00:37,228] {dagbag.py:507} INFO - Filling up the DagBag from /home/airflow/.local/lib/python3.7/site-packages/airflow/example_dags/example_branch_python_dop_operator_3.py
[2022-10-16 23:00:37,239] {processor.py:651} INFO - DAG(s) dict_keys(['example_branch_dop_operator_v3']) retrieved from /home/airflow/.local/lib/python3.7/site-packages/airflow/example_dags/example_branch_python_dop_operator_3.py
[2022-10-16 23:00:37,259] {logging_mixin.py:115} INFO - [2022-10-16 23:00:37,259] {dag.py:2371} INFO - Sync 1 DAGs
[2022-10-16 23:00:37,277] {logging_mixin.py:115} INFO - [2022-10-16 23:00:37,277] {dag.py:2919} INFO - Setting next_dagrun for example_branch_dop_operator_v3 to 2022-10-16T22:59:00+00:00, run_after=2022-10-16T23:00:00+00:00
[2022-10-16 23:00:37,286] {processor.py:161} INFO - Processing /home/airflow/.local/lib/python3.7/site-packages/airflow/example_dags/example_branch_python_dop_operator_3.py took 0.068 seconds
[2022-10-16 23:01:07,920] {processor.py:153} INFO - Started process (PID=1476) to work on /home/airflow/.local/lib/python3.7/site-packages/airflow/example_dags/example_branch_python_dop_operator_3.py
[2022-10-16 23:01:07,922] {processor.py:641} INFO - Processing file /home/airflow/.local/lib/python3.7/site-packages/airflow/example_dags/example_branch_python_dop_operator_3.py for tasks to queue
[2022-10-16 23:01:07,923] {logging_mixin.py:115} INFO - [2022-10-16 23:01:07,923] {dagbag.py:507} INFO - Filling up the DagBag from /home/airflow/.local/lib/python3.7/site-packages/airflow/example_dags/example_branch_python_dop_operator_3.py
[2022-10-16 23:01:07,938] {processor.py:651} INFO - DAG(s) dict_keys(['example_branch_dop_operator_v3']) retrieved from /home/airflow/.local/lib/python3.7/site-packages/airflow/example_dags/example_branch_python_dop_operator_3.py
[2022-10-16 23:01:07,972] {logging_mixin.py:115} INFO - [2022-10-16 23:01:07,972] {dag.py:2371} INFO - Sync 1 DAGs
[2022-10-16 23:01:08,005] {logging_mixin.py:115} INFO - [2022-10-16 23:01:08,005] {dag.py:2919} INFO - Setting next_dagrun for example_branch_dop_operator_v3 to 2022-10-16T23:00:00+00:00, run_after=2022-10-16T23:01:00+00:00
[2022-10-16 23:01:08,018] {processor.py:161} INFO - Processing /home/airflow/.local/lib/python3.7/site-packages/airflow/example_dags/example_branch_python_dop_operator_3.py took 0.107 seconds
[2022-10-16 23:01:38,165] {processor.py:153} INFO - Started process (PID=1534) to work on /home/airflow/.local/lib/python3.7/site-packages/airflow/example_dags/example_branch_python_dop_operator_3.py
[2022-10-16 23:01:38,167] {processor.py:641} INFO - Processing file /home/airflow/.local/lib/python3.7/site-packages/airflow/example_dags/example_branch_python_dop_operator_3.py for tasks to queue
[2022-10-16 23:01:38,168] {logging_mixin.py:115} INFO - [2022-10-16 23:01:38,168] {dagbag.py:507} INFO - Filling up the DagBag from /home/airflow/.local/lib/python3.7/site-packages/airflow/example_dags/example_branch_python_dop_operator_3.py
[2022-10-16 23:01:38,178] {processor.py:651} INFO - DAG(s) dict_keys(['example_branch_dop_operator_v3']) retrieved from /home/airflow/.local/lib/python3.7/site-packages/airflow/example_dags/example_branch_python_dop_operator_3.py
[2022-10-16 23:01:38,199] {logging_mixin.py:115} INFO - [2022-10-16 23:01:38,199] {dag.py:2371} INFO - Sync 1 DAGs
[2022-10-16 23:01:38,239] {logging_mixin.py:115} INFO - [2022-10-16 23:01:38,239] {dag.py:2919} INFO - Setting next_dagrun for example_branch_dop_operator_v3 to 2022-10-16T23:00:00+00:00, run_after=2022-10-16T23:01:00+00:00
[2022-10-16 23:01:38,254] {processor.py:161} INFO - Processing /home/airflow/.local/lib/python3.7/site-packages/airflow/example_dags/example_branch_python_dop_operator_3.py took 0.093 seconds
[2022-10-16 23:02:09,153] {processor.py:153} INFO - Started process (PID=1601) to work on /home/airflow/.local/lib/python3.7/site-packages/airflow/example_dags/example_branch_python_dop_operator_3.py
[2022-10-16 23:02:09,155] {processor.py:641} INFO - Processing file /home/airflow/.local/lib/python3.7/site-packages/airflow/example_dags/example_branch_python_dop_operator_3.py for tasks to queue
[2022-10-16 23:02:09,157] {logging_mixin.py:115} INFO - [2022-10-16 23:02:09,157] {dagbag.py:507} INFO - Filling up the DagBag from /home/airflow/.local/lib/python3.7/site-packages/airflow/example_dags/example_branch_python_dop_operator_3.py
[2022-10-16 23:02:09,177] {processor.py:651} INFO - DAG(s) dict_keys(['example_branch_dop_operator_v3']) retrieved from /home/airflow/.local/lib/python3.7/site-packages/airflow/example_dags/example_branch_python_dop_operator_3.py
[2022-10-16 23:02:09,203] {logging_mixin.py:115} INFO - [2022-10-16 23:02:09,203] {dag.py:2371} INFO - Sync 1 DAGs
[2022-10-16 23:02:09,230] {logging_mixin.py:115} INFO - [2022-10-16 23:02:09,230] {dag.py:2919} INFO - Setting next_dagrun for example_branch_dop_operator_v3 to 2022-10-16T23:01:00+00:00, run_after=2022-10-16T23:02:00+00:00
[2022-10-16 23:02:09,244] {processor.py:161} INFO - Processing /home/airflow/.local/lib/python3.7/site-packages/airflow/example_dags/example_branch_python_dop_operator_3.py took 0.102 seconds
