[2022-10-16 22:50:04,150] {processor.py:153} INFO - Started process (PID=82) to work on /home/airflow/.local/lib/python3.7/site-packages/airflow/example_dags/example_dag_decorator.py
[2022-10-16 22:50:04,152] {processor.py:641} INFO - Processing file /home/airflow/.local/lib/python3.7/site-packages/airflow/example_dags/example_dag_decorator.py for tasks to queue
[2022-10-16 22:50:04,153] {logging_mixin.py:115} INFO - [2022-10-16 22:50:04,153] {dagbag.py:507} INFO - Filling up the DagBag from /home/airflow/.local/lib/python3.7/site-packages/airflow/example_dags/example_dag_decorator.py
[2022-10-16 22:50:04,184] {processor.py:651} INFO - DAG(s) dict_keys(['example_dag_decorator']) retrieved from /home/airflow/.local/lib/python3.7/site-packages/airflow/example_dags/example_dag_decorator.py
[2022-10-16 22:50:04,336] {logging_mixin.py:115} INFO - [2022-10-16 22:50:04,336] {manager.py:508} INFO - Created Permission View: can delete on DAG:example_dag_decorator
[2022-10-16 22:50:04,343] {logging_mixin.py:115} INFO - [2022-10-16 22:50:04,343] {manager.py:508} INFO - Created Permission View: can edit on DAG:example_dag_decorator
[2022-10-16 22:50:04,348] {logging_mixin.py:115} INFO - [2022-10-16 22:50:04,348] {manager.py:508} INFO - Created Permission View: can read on DAG:example_dag_decorator
[2022-10-16 22:50:04,349] {logging_mixin.py:115} INFO - [2022-10-16 22:50:04,349] {dag.py:2371} INFO - Sync 1 DAGs
[2022-10-16 22:50:04,356] {logging_mixin.py:115} INFO - [2022-10-16 22:50:04,356] {dag.py:2390} INFO - Creating ORM DAG for example_dag_decorator
[2022-10-16 22:50:04,366] {logging_mixin.py:115} INFO - [2022-10-16 22:50:04,366] {dag.py:2919} INFO - Setting next_dagrun for example_dag_decorator to None, run_after=None
[2022-10-16 22:50:04,379] {processor.py:161} INFO - Processing /home/airflow/.local/lib/python3.7/site-packages/airflow/example_dags/example_dag_decorator.py took 0.233 seconds
[2022-10-16 22:50:49,776] {processor.py:153} INFO - Started process (PID=153) to work on /home/airflow/.local/lib/python3.7/site-packages/airflow/example_dags/example_dag_decorator.py
[2022-10-16 22:50:49,780] {processor.py:641} INFO - Processing file /home/airflow/.local/lib/python3.7/site-packages/airflow/example_dags/example_dag_decorator.py for tasks to queue
[2022-10-16 22:50:49,784] {logging_mixin.py:115} INFO - [2022-10-16 22:50:49,783] {dagbag.py:507} INFO - Filling up the DagBag from /home/airflow/.local/lib/python3.7/site-packages/airflow/example_dags/example_dag_decorator.py
[2022-10-16 22:50:49,952] {processor.py:651} INFO - DAG(s) dict_keys(['example_dag_decorator']) retrieved from /home/airflow/.local/lib/python3.7/site-packages/airflow/example_dags/example_dag_decorator.py
[2022-10-16 22:50:50,796] {logging_mixin.py:115} INFO - [2022-10-16 22:50:50,796] {dag.py:2371} INFO - Sync 1 DAGs
[2022-10-16 22:50:50,831] {logging_mixin.py:115} INFO - [2022-10-16 22:50:50,831] {dag.py:2919} INFO - Setting next_dagrun for example_dag_decorator to None, run_after=None
[2022-10-16 22:50:50,862] {processor.py:161} INFO - Processing /home/airflow/.local/lib/python3.7/site-packages/airflow/example_dags/example_dag_decorator.py took 1.098 seconds
[2022-10-16 22:51:21,368] {processor.py:153} INFO - Started process (PID=221) to work on /home/airflow/.local/lib/python3.7/site-packages/airflow/example_dags/example_dag_decorator.py
[2022-10-16 22:51:21,370] {processor.py:641} INFO - Processing file /home/airflow/.local/lib/python3.7/site-packages/airflow/example_dags/example_dag_decorator.py for tasks to queue
[2022-10-16 22:51:21,371] {logging_mixin.py:115} INFO - [2022-10-16 22:51:21,371] {dagbag.py:507} INFO - Filling up the DagBag from /home/airflow/.local/lib/python3.7/site-packages/airflow/example_dags/example_dag_decorator.py
[2022-10-16 22:51:21,405] {processor.py:651} INFO - DAG(s) dict_keys(['example_dag_decorator']) retrieved from /home/airflow/.local/lib/python3.7/site-packages/airflow/example_dags/example_dag_decorator.py
[2022-10-16 22:51:21,777] {logging_mixin.py:115} INFO - [2022-10-16 22:51:21,777] {dag.py:2371} INFO - Sync 1 DAGs
[2022-10-16 22:51:21,804] {logging_mixin.py:115} INFO - [2022-10-16 22:51:21,804] {dag.py:2919} INFO - Setting next_dagrun for example_dag_decorator to None, run_after=None
[2022-10-16 22:51:21,827] {processor.py:161} INFO - Processing /home/airflow/.local/lib/python3.7/site-packages/airflow/example_dags/example_dag_decorator.py took 0.464 seconds
[2022-10-16 22:51:52,422] {processor.py:153} INFO - Started process (PID=288) to work on /home/airflow/.local/lib/python3.7/site-packages/airflow/example_dags/example_dag_decorator.py
[2022-10-16 22:51:52,423] {processor.py:641} INFO - Processing file /home/airflow/.local/lib/python3.7/site-packages/airflow/example_dags/example_dag_decorator.py for tasks to queue
[2022-10-16 22:51:52,424] {logging_mixin.py:115} INFO - [2022-10-16 22:51:52,424] {dagbag.py:507} INFO - Filling up the DagBag from /home/airflow/.local/lib/python3.7/site-packages/airflow/example_dags/example_dag_decorator.py
[2022-10-16 22:51:52,439] {processor.py:651} INFO - DAG(s) dict_keys(['example_dag_decorator']) retrieved from /home/airflow/.local/lib/python3.7/site-packages/airflow/example_dags/example_dag_decorator.py
[2022-10-16 22:51:52,574] {logging_mixin.py:115} INFO - [2022-10-16 22:51:52,574] {dag.py:2371} INFO - Sync 1 DAGs
[2022-10-16 22:51:52,585] {logging_mixin.py:115} INFO - [2022-10-16 22:51:52,585] {dag.py:2919} INFO - Setting next_dagrun for example_dag_decorator to None, run_after=None
[2022-10-16 22:51:52,594] {processor.py:161} INFO - Processing /home/airflow/.local/lib/python3.7/site-packages/airflow/example_dags/example_dag_decorator.py took 0.175 seconds
[2022-10-16 22:52:23,961] {processor.py:153} INFO - Started process (PID=354) to work on /home/airflow/.local/lib/python3.7/site-packages/airflow/example_dags/example_dag_decorator.py
[2022-10-16 22:52:23,964] {processor.py:641} INFO - Processing file /home/airflow/.local/lib/python3.7/site-packages/airflow/example_dags/example_dag_decorator.py for tasks to queue
[2022-10-16 22:52:23,967] {logging_mixin.py:115} INFO - [2022-10-16 22:52:23,967] {dagbag.py:507} INFO - Filling up the DagBag from /home/airflow/.local/lib/python3.7/site-packages/airflow/example_dags/example_dag_decorator.py
[2022-10-16 22:52:24,011] {processor.py:651} INFO - DAG(s) dict_keys(['example_dag_decorator']) retrieved from /home/airflow/.local/lib/python3.7/site-packages/airflow/example_dags/example_dag_decorator.py
[2022-10-16 22:52:24,231] {logging_mixin.py:115} INFO - [2022-10-16 22:52:24,230] {dag.py:2371} INFO - Sync 1 DAGs
[2022-10-16 22:52:24,250] {logging_mixin.py:115} INFO - [2022-10-16 22:52:24,250] {dag.py:2919} INFO - Setting next_dagrun for example_dag_decorator to None, run_after=None
[2022-10-16 22:52:24,262] {processor.py:161} INFO - Processing /home/airflow/.local/lib/python3.7/site-packages/airflow/example_dags/example_dag_decorator.py took 0.310 seconds
[2022-10-16 22:52:54,804] {processor.py:153} INFO - Started process (PID=421) to work on /home/airflow/.local/lib/python3.7/site-packages/airflow/example_dags/example_dag_decorator.py
[2022-10-16 22:52:54,806] {processor.py:641} INFO - Processing file /home/airflow/.local/lib/python3.7/site-packages/airflow/example_dags/example_dag_decorator.py for tasks to queue
[2022-10-16 22:52:54,807] {logging_mixin.py:115} INFO - [2022-10-16 22:52:54,807] {dagbag.py:507} INFO - Filling up the DagBag from /home/airflow/.local/lib/python3.7/site-packages/airflow/example_dags/example_dag_decorator.py
[2022-10-16 22:52:54,843] {processor.py:651} INFO - DAG(s) dict_keys(['example_dag_decorator']) retrieved from /home/airflow/.local/lib/python3.7/site-packages/airflow/example_dags/example_dag_decorator.py
[2022-10-16 22:52:55,029] {logging_mixin.py:115} INFO - [2022-10-16 22:52:55,029] {dag.py:2371} INFO - Sync 1 DAGs
[2022-10-16 22:52:55,044] {logging_mixin.py:115} INFO - [2022-10-16 22:52:55,044] {dag.py:2919} INFO - Setting next_dagrun for example_dag_decorator to None, run_after=None
[2022-10-16 22:52:55,055] {processor.py:161} INFO - Processing /home/airflow/.local/lib/python3.7/site-packages/airflow/example_dags/example_dag_decorator.py took 0.254 seconds
[2022-10-16 22:53:26,236] {processor.py:153} INFO - Started process (PID=487) to work on /home/airflow/.local/lib/python3.7/site-packages/airflow/example_dags/example_dag_decorator.py
[2022-10-16 22:53:26,238] {processor.py:641} INFO - Processing file /home/airflow/.local/lib/python3.7/site-packages/airflow/example_dags/example_dag_decorator.py for tasks to queue
[2022-10-16 22:53:26,240] {logging_mixin.py:115} INFO - [2022-10-16 22:53:26,240] {dagbag.py:507} INFO - Filling up the DagBag from /home/airflow/.local/lib/python3.7/site-packages/airflow/example_dags/example_dag_decorator.py
[2022-10-16 22:53:26,290] {processor.py:651} INFO - DAG(s) dict_keys(['example_dag_decorator']) retrieved from /home/airflow/.local/lib/python3.7/site-packages/airflow/example_dags/example_dag_decorator.py
[2022-10-16 22:53:26,497] {logging_mixin.py:115} INFO - [2022-10-16 22:53:26,496] {dag.py:2371} INFO - Sync 1 DAGs
[2022-10-16 22:53:26,521] {logging_mixin.py:115} INFO - [2022-10-16 22:53:26,521] {dag.py:2919} INFO - Setting next_dagrun for example_dag_decorator to None, run_after=None
[2022-10-16 22:53:26,549] {processor.py:161} INFO - Processing /home/airflow/.local/lib/python3.7/site-packages/airflow/example_dags/example_dag_decorator.py took 0.318 seconds
[2022-10-16 22:53:56,897] {processor.py:153} INFO - Started process (PID=545) to work on /home/airflow/.local/lib/python3.7/site-packages/airflow/example_dags/example_dag_decorator.py
[2022-10-16 22:53:56,901] {processor.py:641} INFO - Processing file /home/airflow/.local/lib/python3.7/site-packages/airflow/example_dags/example_dag_decorator.py for tasks to queue
[2022-10-16 22:53:56,902] {logging_mixin.py:115} INFO - [2022-10-16 22:53:56,902] {dagbag.py:507} INFO - Filling up the DagBag from /home/airflow/.local/lib/python3.7/site-packages/airflow/example_dags/example_dag_decorator.py
[2022-10-16 22:53:56,919] {processor.py:651} INFO - DAG(s) dict_keys(['example_dag_decorator']) retrieved from /home/airflow/.local/lib/python3.7/site-packages/airflow/example_dags/example_dag_decorator.py
[2022-10-16 22:53:57,050] {logging_mixin.py:115} INFO - [2022-10-16 22:53:57,049] {dag.py:2371} INFO - Sync 1 DAGs
[2022-10-16 22:53:57,060] {logging_mixin.py:115} INFO - [2022-10-16 22:53:57,060] {dag.py:2919} INFO - Setting next_dagrun for example_dag_decorator to None, run_after=None
[2022-10-16 22:53:57,067] {processor.py:161} INFO - Processing /home/airflow/.local/lib/python3.7/site-packages/airflow/example_dags/example_dag_decorator.py took 0.174 seconds
[2022-10-16 22:54:27,394] {processor.py:153} INFO - Started process (PID=612) to work on /home/airflow/.local/lib/python3.7/site-packages/airflow/example_dags/example_dag_decorator.py
[2022-10-16 22:54:27,398] {processor.py:641} INFO - Processing file /home/airflow/.local/lib/python3.7/site-packages/airflow/example_dags/example_dag_decorator.py for tasks to queue
[2022-10-16 22:54:27,399] {logging_mixin.py:115} INFO - [2022-10-16 22:54:27,399] {dagbag.py:507} INFO - Filling up the DagBag from /home/airflow/.local/lib/python3.7/site-packages/airflow/example_dags/example_dag_decorator.py
[2022-10-16 22:54:27,426] {processor.py:651} INFO - DAG(s) dict_keys(['example_dag_decorator']) retrieved from /home/airflow/.local/lib/python3.7/site-packages/airflow/example_dags/example_dag_decorator.py
[2022-10-16 22:54:27,644] {logging_mixin.py:115} INFO - [2022-10-16 22:54:27,644] {dag.py:2371} INFO - Sync 1 DAGs
[2022-10-16 22:54:27,660] {logging_mixin.py:115} INFO - [2022-10-16 22:54:27,660] {dag.py:2919} INFO - Setting next_dagrun for example_dag_decorator to None, run_after=None
[2022-10-16 22:54:27,698] {processor.py:161} INFO - Processing /home/airflow/.local/lib/python3.7/site-packages/airflow/example_dags/example_dag_decorator.py took 0.308 seconds
[2022-10-16 22:54:58,323] {processor.py:153} INFO - Started process (PID=679) to work on /home/airflow/.local/lib/python3.7/site-packages/airflow/example_dags/example_dag_decorator.py
[2022-10-16 22:54:58,324] {processor.py:641} INFO - Processing file /home/airflow/.local/lib/python3.7/site-packages/airflow/example_dags/example_dag_decorator.py for tasks to queue
[2022-10-16 22:54:58,326] {logging_mixin.py:115} INFO - [2022-10-16 22:54:58,325] {dagbag.py:507} INFO - Filling up the DagBag from /home/airflow/.local/lib/python3.7/site-packages/airflow/example_dags/example_dag_decorator.py
[2022-10-16 22:54:58,341] {processor.py:651} INFO - DAG(s) dict_keys(['example_dag_decorator']) retrieved from /home/airflow/.local/lib/python3.7/site-packages/airflow/example_dags/example_dag_decorator.py
[2022-10-16 22:54:58,384] {logging_mixin.py:115} INFO - [2022-10-16 22:54:58,383] {dag.py:2371} INFO - Sync 1 DAGs
[2022-10-16 22:54:58,395] {logging_mixin.py:115} INFO - [2022-10-16 22:54:58,395] {dag.py:2919} INFO - Setting next_dagrun for example_dag_decorator to None, run_after=None
[2022-10-16 22:54:58,404] {processor.py:161} INFO - Processing /home/airflow/.local/lib/python3.7/site-packages/airflow/example_dags/example_dag_decorator.py took 0.083 seconds
[2022-10-16 22:55:28,478] {processor.py:153} INFO - Started process (PID=746) to work on /home/airflow/.local/lib/python3.7/site-packages/airflow/example_dags/example_dag_decorator.py
[2022-10-16 22:55:28,480] {processor.py:641} INFO - Processing file /home/airflow/.local/lib/python3.7/site-packages/airflow/example_dags/example_dag_decorator.py for tasks to queue
[2022-10-16 22:55:28,481] {logging_mixin.py:115} INFO - [2022-10-16 22:55:28,481] {dagbag.py:507} INFO - Filling up the DagBag from /home/airflow/.local/lib/python3.7/site-packages/airflow/example_dags/example_dag_decorator.py
[2022-10-16 22:55:28,499] {processor.py:651} INFO - DAG(s) dict_keys(['example_dag_decorator']) retrieved from /home/airflow/.local/lib/python3.7/site-packages/airflow/example_dags/example_dag_decorator.py
[2022-10-16 22:55:28,546] {logging_mixin.py:115} INFO - [2022-10-16 22:55:28,546] {dag.py:2371} INFO - Sync 1 DAGs
[2022-10-16 22:55:28,557] {logging_mixin.py:115} INFO - [2022-10-16 22:55:28,557] {dag.py:2919} INFO - Setting next_dagrun for example_dag_decorator to None, run_after=None
[2022-10-16 22:55:28,566] {processor.py:161} INFO - Processing /home/airflow/.local/lib/python3.7/site-packages/airflow/example_dags/example_dag_decorator.py took 0.090 seconds
[2022-10-16 22:55:58,832] {processor.py:153} INFO - Started process (PID=803) to work on /home/airflow/.local/lib/python3.7/site-packages/airflow/example_dags/example_dag_decorator.py
[2022-10-16 22:55:58,833] {processor.py:641} INFO - Processing file /home/airflow/.local/lib/python3.7/site-packages/airflow/example_dags/example_dag_decorator.py for tasks to queue
[2022-10-16 22:55:58,834] {logging_mixin.py:115} INFO - [2022-10-16 22:55:58,834] {dagbag.py:507} INFO - Filling up the DagBag from /home/airflow/.local/lib/python3.7/site-packages/airflow/example_dags/example_dag_decorator.py
[2022-10-16 22:55:58,851] {processor.py:651} INFO - DAG(s) dict_keys(['example_dag_decorator']) retrieved from /home/airflow/.local/lib/python3.7/site-packages/airflow/example_dags/example_dag_decorator.py
[2022-10-16 22:55:58,893] {logging_mixin.py:115} INFO - [2022-10-16 22:55:58,893] {dag.py:2371} INFO - Sync 1 DAGs
[2022-10-16 22:55:58,904] {logging_mixin.py:115} INFO - [2022-10-16 22:55:58,904] {dag.py:2919} INFO - Setting next_dagrun for example_dag_decorator to None, run_after=None
[2022-10-16 22:55:58,912] {processor.py:161} INFO - Processing /home/airflow/.local/lib/python3.7/site-packages/airflow/example_dags/example_dag_decorator.py took 0.083 seconds
[2022-10-16 22:56:29,080] {processor.py:153} INFO - Started process (PID=870) to work on /home/airflow/.local/lib/python3.7/site-packages/airflow/example_dags/example_dag_decorator.py
[2022-10-16 22:56:29,082] {processor.py:641} INFO - Processing file /home/airflow/.local/lib/python3.7/site-packages/airflow/example_dags/example_dag_decorator.py for tasks to queue
[2022-10-16 22:56:29,082] {logging_mixin.py:115} INFO - [2022-10-16 22:56:29,082] {dagbag.py:507} INFO - Filling up the DagBag from /home/airflow/.local/lib/python3.7/site-packages/airflow/example_dags/example_dag_decorator.py
[2022-10-16 22:56:29,100] {processor.py:651} INFO - DAG(s) dict_keys(['example_dag_decorator']) retrieved from /home/airflow/.local/lib/python3.7/site-packages/airflow/example_dags/example_dag_decorator.py
[2022-10-16 22:56:29,139] {logging_mixin.py:115} INFO - [2022-10-16 22:56:29,139] {dag.py:2371} INFO - Sync 1 DAGs
[2022-10-16 22:56:29,150] {logging_mixin.py:115} INFO - [2022-10-16 22:56:29,150] {dag.py:2919} INFO - Setting next_dagrun for example_dag_decorator to None, run_after=None
[2022-10-16 22:56:29,157] {processor.py:161} INFO - Processing /home/airflow/.local/lib/python3.7/site-packages/airflow/example_dags/example_dag_decorator.py took 0.079 seconds
[2022-10-16 22:56:59,871] {processor.py:153} INFO - Started process (PID=936) to work on /home/airflow/.local/lib/python3.7/site-packages/airflow/example_dags/example_dag_decorator.py
[2022-10-16 22:56:59,873] {processor.py:641} INFO - Processing file /home/airflow/.local/lib/python3.7/site-packages/airflow/example_dags/example_dag_decorator.py for tasks to queue
[2022-10-16 22:56:59,874] {logging_mixin.py:115} INFO - [2022-10-16 22:56:59,874] {dagbag.py:507} INFO - Filling up the DagBag from /home/airflow/.local/lib/python3.7/site-packages/airflow/example_dags/example_dag_decorator.py
[2022-10-16 22:56:59,892] {processor.py:651} INFO - DAG(s) dict_keys(['example_dag_decorator']) retrieved from /home/airflow/.local/lib/python3.7/site-packages/airflow/example_dags/example_dag_decorator.py
[2022-10-16 22:56:59,943] {logging_mixin.py:115} INFO - [2022-10-16 22:56:59,943] {dag.py:2371} INFO - Sync 1 DAGs
[2022-10-16 22:56:59,957] {logging_mixin.py:115} INFO - [2022-10-16 22:56:59,957] {dag.py:2919} INFO - Setting next_dagrun for example_dag_decorator to None, run_after=None
[2022-10-16 22:56:59,969] {processor.py:161} INFO - Processing /home/airflow/.local/lib/python3.7/site-packages/airflow/example_dags/example_dag_decorator.py took 0.100 seconds
[2022-10-16 22:57:30,416] {processor.py:153} INFO - Started process (PID=1003) to work on /home/airflow/.local/lib/python3.7/site-packages/airflow/example_dags/example_dag_decorator.py
[2022-10-16 22:57:30,418] {processor.py:641} INFO - Processing file /home/airflow/.local/lib/python3.7/site-packages/airflow/example_dags/example_dag_decorator.py for tasks to queue
[2022-10-16 22:57:30,419] {logging_mixin.py:115} INFO - [2022-10-16 22:57:30,419] {dagbag.py:507} INFO - Filling up the DagBag from /home/airflow/.local/lib/python3.7/site-packages/airflow/example_dags/example_dag_decorator.py
[2022-10-16 22:57:30,433] {processor.py:651} INFO - DAG(s) dict_keys(['example_dag_decorator']) retrieved from /home/airflow/.local/lib/python3.7/site-packages/airflow/example_dags/example_dag_decorator.py
[2022-10-16 22:57:30,478] {logging_mixin.py:115} INFO - [2022-10-16 22:57:30,478] {dag.py:2371} INFO - Sync 1 DAGs
[2022-10-16 22:57:30,489] {logging_mixin.py:115} INFO - [2022-10-16 22:57:30,489] {dag.py:2919} INFO - Setting next_dagrun for example_dag_decorator to None, run_after=None
[2022-10-16 22:57:30,496] {processor.py:161} INFO - Processing /home/airflow/.local/lib/python3.7/site-packages/airflow/example_dags/example_dag_decorator.py took 0.082 seconds
[2022-10-16 22:58:01,080] {processor.py:153} INFO - Started process (PID=1070) to work on /home/airflow/.local/lib/python3.7/site-packages/airflow/example_dags/example_dag_decorator.py
[2022-10-16 22:58:01,082] {processor.py:641} INFO - Processing file /home/airflow/.local/lib/python3.7/site-packages/airflow/example_dags/example_dag_decorator.py for tasks to queue
[2022-10-16 22:58:01,083] {logging_mixin.py:115} INFO - [2022-10-16 22:58:01,083] {dagbag.py:507} INFO - Filling up the DagBag from /home/airflow/.local/lib/python3.7/site-packages/airflow/example_dags/example_dag_decorator.py
[2022-10-16 22:58:01,102] {processor.py:651} INFO - DAG(s) dict_keys(['example_dag_decorator']) retrieved from /home/airflow/.local/lib/python3.7/site-packages/airflow/example_dags/example_dag_decorator.py
[2022-10-16 22:58:01,153] {logging_mixin.py:115} INFO - [2022-10-16 22:58:01,153] {dag.py:2371} INFO - Sync 1 DAGs
[2022-10-16 22:58:01,177] {logging_mixin.py:115} INFO - [2022-10-16 22:58:01,177] {dag.py:2919} INFO - Setting next_dagrun for example_dag_decorator to None, run_after=None
[2022-10-16 22:58:01,186] {processor.py:161} INFO - Processing /home/airflow/.local/lib/python3.7/site-packages/airflow/example_dags/example_dag_decorator.py took 0.109 seconds
[2022-10-16 22:58:31,636] {processor.py:153} INFO - Started process (PID=1128) to work on /home/airflow/.local/lib/python3.7/site-packages/airflow/example_dags/example_dag_decorator.py
[2022-10-16 22:58:31,637] {processor.py:641} INFO - Processing file /home/airflow/.local/lib/python3.7/site-packages/airflow/example_dags/example_dag_decorator.py for tasks to queue
[2022-10-16 22:58:31,638] {logging_mixin.py:115} INFO - [2022-10-16 22:58:31,638] {dagbag.py:507} INFO - Filling up the DagBag from /home/airflow/.local/lib/python3.7/site-packages/airflow/example_dags/example_dag_decorator.py
[2022-10-16 22:58:31,657] {processor.py:651} INFO - DAG(s) dict_keys(['example_dag_decorator']) retrieved from /home/airflow/.local/lib/python3.7/site-packages/airflow/example_dags/example_dag_decorator.py
[2022-10-16 22:58:31,698] {logging_mixin.py:115} INFO - [2022-10-16 22:58:31,698] {dag.py:2371} INFO - Sync 1 DAGs
[2022-10-16 22:58:31,711] {logging_mixin.py:115} INFO - [2022-10-16 22:58:31,711] {dag.py:2919} INFO - Setting next_dagrun for example_dag_decorator to None, run_after=None
[2022-10-16 22:58:31,732] {processor.py:161} INFO - Processing /home/airflow/.local/lib/python3.7/site-packages/airflow/example_dags/example_dag_decorator.py took 0.098 seconds
[2022-10-16 22:59:02,618] {processor.py:153} INFO - Started process (PID=1196) to work on /home/airflow/.local/lib/python3.7/site-packages/airflow/example_dags/example_dag_decorator.py
[2022-10-16 22:59:02,620] {processor.py:641} INFO - Processing file /home/airflow/.local/lib/python3.7/site-packages/airflow/example_dags/example_dag_decorator.py for tasks to queue
[2022-10-16 22:59:02,621] {logging_mixin.py:115} INFO - [2022-10-16 22:59:02,621] {dagbag.py:507} INFO - Filling up the DagBag from /home/airflow/.local/lib/python3.7/site-packages/airflow/example_dags/example_dag_decorator.py
[2022-10-16 22:59:02,639] {processor.py:651} INFO - DAG(s) dict_keys(['example_dag_decorator']) retrieved from /home/airflow/.local/lib/python3.7/site-packages/airflow/example_dags/example_dag_decorator.py
[2022-10-16 22:59:02,686] {logging_mixin.py:115} INFO - [2022-10-16 22:59:02,686] {dag.py:2371} INFO - Sync 1 DAGs
[2022-10-16 22:59:02,698] {logging_mixin.py:115} INFO - [2022-10-16 22:59:02,698] {dag.py:2919} INFO - Setting next_dagrun for example_dag_decorator to None, run_after=None
[2022-10-16 22:59:02,708] {processor.py:161} INFO - Processing /home/airflow/.local/lib/python3.7/site-packages/airflow/example_dags/example_dag_decorator.py took 0.092 seconds
[2022-10-16 22:59:33,018] {processor.py:153} INFO - Started process (PID=1264) to work on /home/airflow/.local/lib/python3.7/site-packages/airflow/example_dags/example_dag_decorator.py
[2022-10-16 22:59:33,019] {processor.py:641} INFO - Processing file /home/airflow/.local/lib/python3.7/site-packages/airflow/example_dags/example_dag_decorator.py for tasks to queue
[2022-10-16 22:59:33,020] {logging_mixin.py:115} INFO - [2022-10-16 22:59:33,020] {dagbag.py:507} INFO - Filling up the DagBag from /home/airflow/.local/lib/python3.7/site-packages/airflow/example_dags/example_dag_decorator.py
[2022-10-16 22:59:33,034] {processor.py:651} INFO - DAG(s) dict_keys(['example_dag_decorator']) retrieved from /home/airflow/.local/lib/python3.7/site-packages/airflow/example_dags/example_dag_decorator.py
[2022-10-16 22:59:33,058] {logging_mixin.py:115} INFO - [2022-10-16 22:59:33,058] {dag.py:2371} INFO - Sync 1 DAGs
[2022-10-16 22:59:33,071] {logging_mixin.py:115} INFO - [2022-10-16 22:59:33,071] {dag.py:2919} INFO - Setting next_dagrun for example_dag_decorator to None, run_after=None
[2022-10-16 22:59:33,077] {processor.py:161} INFO - Processing /home/airflow/.local/lib/python3.7/site-packages/airflow/example_dags/example_dag_decorator.py took 0.062 seconds
[2022-10-16 23:00:03,457] {processor.py:153} INFO - Started process (PID=1331) to work on /home/airflow/.local/lib/python3.7/site-packages/airflow/example_dags/example_dag_decorator.py
[2022-10-16 23:00:03,459] {processor.py:641} INFO - Processing file /home/airflow/.local/lib/python3.7/site-packages/airflow/example_dags/example_dag_decorator.py for tasks to queue
[2022-10-16 23:00:03,460] {logging_mixin.py:115} INFO - [2022-10-16 23:00:03,460] {dagbag.py:507} INFO - Filling up the DagBag from /home/airflow/.local/lib/python3.7/site-packages/airflow/example_dags/example_dag_decorator.py
[2022-10-16 23:00:03,481] {processor.py:651} INFO - DAG(s) dict_keys(['example_dag_decorator']) retrieved from /home/airflow/.local/lib/python3.7/site-packages/airflow/example_dags/example_dag_decorator.py
[2022-10-16 23:00:03,532] {logging_mixin.py:115} INFO - [2022-10-16 23:00:03,532] {dag.py:2371} INFO - Sync 1 DAGs
[2022-10-16 23:00:03,545] {logging_mixin.py:115} INFO - [2022-10-16 23:00:03,545] {dag.py:2919} INFO - Setting next_dagrun for example_dag_decorator to None, run_after=None
[2022-10-16 23:00:03,555] {processor.py:161} INFO - Processing /home/airflow/.local/lib/python3.7/site-packages/airflow/example_dags/example_dag_decorator.py took 0.100 seconds
[2022-10-16 23:00:33,736] {processor.py:153} INFO - Started process (PID=1398) to work on /home/airflow/.local/lib/python3.7/site-packages/airflow/example_dags/example_dag_decorator.py
[2022-10-16 23:00:33,739] {processor.py:641} INFO - Processing file /home/airflow/.local/lib/python3.7/site-packages/airflow/example_dags/example_dag_decorator.py for tasks to queue
[2022-10-16 23:00:33,740] {logging_mixin.py:115} INFO - [2022-10-16 23:00:33,740] {dagbag.py:507} INFO - Filling up the DagBag from /home/airflow/.local/lib/python3.7/site-packages/airflow/example_dags/example_dag_decorator.py
[2022-10-16 23:00:33,764] {processor.py:651} INFO - DAG(s) dict_keys(['example_dag_decorator']) retrieved from /home/airflow/.local/lib/python3.7/site-packages/airflow/example_dags/example_dag_decorator.py
[2022-10-16 23:00:33,827] {logging_mixin.py:115} INFO - [2022-10-16 23:00:33,827] {dag.py:2371} INFO - Sync 1 DAGs
[2022-10-16 23:00:33,839] {logging_mixin.py:115} INFO - [2022-10-16 23:00:33,839] {dag.py:2919} INFO - Setting next_dagrun for example_dag_decorator to None, run_after=None
[2022-10-16 23:00:33,847] {processor.py:161} INFO - Processing /home/airflow/.local/lib/python3.7/site-packages/airflow/example_dags/example_dag_decorator.py took 0.116 seconds
[2022-10-16 23:01:04,378] {processor.py:153} INFO - Started process (PID=1456) to work on /home/airflow/.local/lib/python3.7/site-packages/airflow/example_dags/example_dag_decorator.py
[2022-10-16 23:01:04,380] {processor.py:641} INFO - Processing file /home/airflow/.local/lib/python3.7/site-packages/airflow/example_dags/example_dag_decorator.py for tasks to queue
[2022-10-16 23:01:04,381] {logging_mixin.py:115} INFO - [2022-10-16 23:01:04,381] {dagbag.py:507} INFO - Filling up the DagBag from /home/airflow/.local/lib/python3.7/site-packages/airflow/example_dags/example_dag_decorator.py
[2022-10-16 23:01:04,400] {processor.py:651} INFO - DAG(s) dict_keys(['example_dag_decorator']) retrieved from /home/airflow/.local/lib/python3.7/site-packages/airflow/example_dags/example_dag_decorator.py
[2022-10-16 23:01:04,416] {logging_mixin.py:115} INFO - [2022-10-16 23:01:04,416] {dag.py:2371} INFO - Sync 1 DAGs
[2022-10-16 23:01:04,428] {logging_mixin.py:115} INFO - [2022-10-16 23:01:04,428] {dag.py:2919} INFO - Setting next_dagrun for example_dag_decorator to None, run_after=None
[2022-10-16 23:01:04,434] {processor.py:161} INFO - Processing /home/airflow/.local/lib/python3.7/site-packages/airflow/example_dags/example_dag_decorator.py took 0.058 seconds
[2022-10-16 23:01:34,663] {processor.py:153} INFO - Started process (PID=1523) to work on /home/airflow/.local/lib/python3.7/site-packages/airflow/example_dags/example_dag_decorator.py
[2022-10-16 23:01:34,665] {processor.py:641} INFO - Processing file /home/airflow/.local/lib/python3.7/site-packages/airflow/example_dags/example_dag_decorator.py for tasks to queue
[2022-10-16 23:01:34,667] {logging_mixin.py:115} INFO - [2022-10-16 23:01:34,667] {dagbag.py:507} INFO - Filling up the DagBag from /home/airflow/.local/lib/python3.7/site-packages/airflow/example_dags/example_dag_decorator.py
[2022-10-16 23:01:34,685] {processor.py:651} INFO - DAG(s) dict_keys(['example_dag_decorator']) retrieved from /home/airflow/.local/lib/python3.7/site-packages/airflow/example_dags/example_dag_decorator.py
[2022-10-16 23:01:34,702] {logging_mixin.py:115} INFO - [2022-10-16 23:01:34,702] {dag.py:2371} INFO - Sync 1 DAGs
[2022-10-16 23:01:34,714] {logging_mixin.py:115} INFO - [2022-10-16 23:01:34,714] {dag.py:2919} INFO - Setting next_dagrun for example_dag_decorator to None, run_after=None
[2022-10-16 23:01:34,722] {processor.py:161} INFO - Processing /home/airflow/.local/lib/python3.7/site-packages/airflow/example_dags/example_dag_decorator.py took 0.062 seconds
[2022-10-16 23:02:05,689] {processor.py:153} INFO - Started process (PID=1590) to work on /home/airflow/.local/lib/python3.7/site-packages/airflow/example_dags/example_dag_decorator.py
[2022-10-16 23:02:05,695] {processor.py:641} INFO - Processing file /home/airflow/.local/lib/python3.7/site-packages/airflow/example_dags/example_dag_decorator.py for tasks to queue
[2022-10-16 23:02:05,696] {logging_mixin.py:115} INFO - [2022-10-16 23:02:05,696] {dagbag.py:507} INFO - Filling up the DagBag from /home/airflow/.local/lib/python3.7/site-packages/airflow/example_dags/example_dag_decorator.py
[2022-10-16 23:02:05,717] {processor.py:651} INFO - DAG(s) dict_keys(['example_dag_decorator']) retrieved from /home/airflow/.local/lib/python3.7/site-packages/airflow/example_dags/example_dag_decorator.py
[2022-10-16 23:02:05,734] {logging_mixin.py:115} INFO - [2022-10-16 23:02:05,734] {dag.py:2371} INFO - Sync 1 DAGs
[2022-10-16 23:02:05,749] {logging_mixin.py:115} INFO - [2022-10-16 23:02:05,749] {dag.py:2919} INFO - Setting next_dagrun for example_dag_decorator to None, run_after=None
[2022-10-16 23:02:05,756] {processor.py:161} INFO - Processing /home/airflow/.local/lib/python3.7/site-packages/airflow/example_dags/example_dag_decorator.py took 0.070 seconds
