[2022-09-12 23:47:37,508] {processor.py:153} INFO - Started process (PID=66) to work on /home/airflow/.local/lib/python3.7/site-packages/airflow/example_dags/example_skip_dag.py
[2022-09-12 23:47:37,509] {processor.py:641} INFO - Processing file /home/airflow/.local/lib/python3.7/site-packages/airflow/example_dags/example_skip_dag.py for tasks to queue
[2022-09-12 23:47:37,510] {logging_mixin.py:115} INFO - [2022-09-12 23:47:37,510] {dagbag.py:507} INFO - Filling up the DagBag from /home/airflow/.local/lib/python3.7/site-packages/airflow/example_dags/example_skip_dag.py
[2022-09-12 23:47:37,516] {processor.py:651} INFO - DAG(s) dict_keys(['example_skip_dag']) retrieved from /home/airflow/.local/lib/python3.7/site-packages/airflow/example_dags/example_skip_dag.py
[2022-09-12 23:47:37,650] {logging_mixin.py:115} INFO - [2022-09-12 23:47:37,650] {manager.py:508} INFO - Created Permission View: can read on DAG:example_skip_dag
[2022-09-12 23:47:37,656] {logging_mixin.py:115} INFO - [2022-09-12 23:47:37,656] {manager.py:508} INFO - Created Permission View: can delete on DAG:example_skip_dag
[2022-09-12 23:47:37,663] {logging_mixin.py:115} INFO - [2022-09-12 23:47:37,662] {manager.py:508} INFO - Created Permission View: can edit on DAG:example_skip_dag
[2022-09-12 23:47:37,663] {logging_mixin.py:115} INFO - [2022-09-12 23:47:37,663] {dag.py:2371} INFO - Sync 1 DAGs
[2022-09-12 23:47:37,669] {logging_mixin.py:115} INFO - [2022-09-12 23:47:37,669] {dag.py:2390} INFO - Creating ORM DAG for example_skip_dag
[2022-09-12 23:47:37,675] {logging_mixin.py:115} INFO - [2022-09-12 23:47:37,675] {dag.py:2919} INFO - Setting next_dagrun for example_skip_dag to 2022-09-11T23:47:37.675378+00:00, run_after=2022-09-12T23:47:37.675378+00:00
[2022-09-12 23:47:37,682] {processor.py:161} INFO - Processing /home/airflow/.local/lib/python3.7/site-packages/airflow/example_dags/example_skip_dag.py took 0.177 seconds
[2022-09-12 23:48:08,230] {processor.py:153} INFO - Started process (PID=127) to work on /home/airflow/.local/lib/python3.7/site-packages/airflow/example_dags/example_skip_dag.py
[2022-09-12 23:48:08,231] {processor.py:641} INFO - Processing file /home/airflow/.local/lib/python3.7/site-packages/airflow/example_dags/example_skip_dag.py for tasks to queue
[2022-09-12 23:48:08,232] {logging_mixin.py:115} INFO - [2022-09-12 23:48:08,232] {dagbag.py:507} INFO - Filling up the DagBag from /home/airflow/.local/lib/python3.7/site-packages/airflow/example_dags/example_skip_dag.py
[2022-09-12 23:48:08,236] {processor.py:651} INFO - DAG(s) dict_keys(['example_skip_dag']) retrieved from /home/airflow/.local/lib/python3.7/site-packages/airflow/example_dags/example_skip_dag.py
[2022-09-12 23:48:08,255] {logging_mixin.py:115} INFO - [2022-09-12 23:48:08,255] {dag.py:2371} INFO - Sync 1 DAGs
[2022-09-12 23:48:08,272] {logging_mixin.py:115} INFO - [2022-09-12 23:48:08,272] {dag.py:2919} INFO - Setting next_dagrun for example_skip_dag to 2022-09-11T23:48:08.272502+00:00, run_after=2022-09-12T23:48:08.272502+00:00
[2022-09-12 23:48:08,280] {processor.py:161} INFO - Processing /home/airflow/.local/lib/python3.7/site-packages/airflow/example_dags/example_skip_dag.py took 0.053 seconds
[2022-09-12 23:48:38,988] {processor.py:153} INFO - Started process (PID=188) to work on /home/airflow/.local/lib/python3.7/site-packages/airflow/example_dags/example_skip_dag.py
[2022-09-12 23:48:38,989] {processor.py:641} INFO - Processing file /home/airflow/.local/lib/python3.7/site-packages/airflow/example_dags/example_skip_dag.py for tasks to queue
[2022-09-12 23:48:38,990] {logging_mixin.py:115} INFO - [2022-09-12 23:48:38,990] {dagbag.py:507} INFO - Filling up the DagBag from /home/airflow/.local/lib/python3.7/site-packages/airflow/example_dags/example_skip_dag.py
[2022-09-12 23:48:38,995] {processor.py:651} INFO - DAG(s) dict_keys(['example_skip_dag']) retrieved from /home/airflow/.local/lib/python3.7/site-packages/airflow/example_dags/example_skip_dag.py
[2022-09-12 23:48:39,015] {logging_mixin.py:115} INFO - [2022-09-12 23:48:39,014] {dag.py:2371} INFO - Sync 1 DAGs
[2022-09-12 23:48:39,033] {logging_mixin.py:115} INFO - [2022-09-12 23:48:39,033] {dag.py:2919} INFO - Setting next_dagrun for example_skip_dag to 2022-09-11T23:48:39.032894+00:00, run_after=2022-09-12T23:48:39.032894+00:00
[2022-09-12 23:48:39,044] {processor.py:161} INFO - Processing /home/airflow/.local/lib/python3.7/site-packages/airflow/example_dags/example_skip_dag.py took 0.058 seconds
[2022-09-12 23:49:09,598] {processor.py:153} INFO - Started process (PID=249) to work on /home/airflow/.local/lib/python3.7/site-packages/airflow/example_dags/example_skip_dag.py
[2022-09-12 23:49:09,600] {processor.py:641} INFO - Processing file /home/airflow/.local/lib/python3.7/site-packages/airflow/example_dags/example_skip_dag.py for tasks to queue
[2022-09-12 23:49:09,601] {logging_mixin.py:115} INFO - [2022-09-12 23:49:09,601] {dagbag.py:507} INFO - Filling up the DagBag from /home/airflow/.local/lib/python3.7/site-packages/airflow/example_dags/example_skip_dag.py
[2022-09-12 23:49:09,605] {processor.py:651} INFO - DAG(s) dict_keys(['example_skip_dag']) retrieved from /home/airflow/.local/lib/python3.7/site-packages/airflow/example_dags/example_skip_dag.py
[2022-09-12 23:49:09,625] {logging_mixin.py:115} INFO - [2022-09-12 23:49:09,625] {dag.py:2371} INFO - Sync 1 DAGs
[2022-09-12 23:49:09,644] {logging_mixin.py:115} INFO - [2022-09-12 23:49:09,644] {dag.py:2919} INFO - Setting next_dagrun for example_skip_dag to 2022-09-11T23:49:09.643893+00:00, run_after=2022-09-12T23:49:09.643893+00:00
[2022-09-12 23:49:09,654] {processor.py:161} INFO - Processing /home/airflow/.local/lib/python3.7/site-packages/airflow/example_dags/example_skip_dag.py took 0.058 seconds
[2022-09-12 23:49:40,158] {processor.py:153} INFO - Started process (PID=301) to work on /home/airflow/.local/lib/python3.7/site-packages/airflow/example_dags/example_skip_dag.py
[2022-09-12 23:49:40,162] {processor.py:641} INFO - Processing file /home/airflow/.local/lib/python3.7/site-packages/airflow/example_dags/example_skip_dag.py for tasks to queue
[2022-09-12 23:49:40,165] {logging_mixin.py:115} INFO - [2022-09-12 23:49:40,165] {dagbag.py:507} INFO - Filling up the DagBag from /home/airflow/.local/lib/python3.7/site-packages/airflow/example_dags/example_skip_dag.py
[2022-09-12 23:49:40,172] {processor.py:651} INFO - DAG(s) dict_keys(['example_skip_dag']) retrieved from /home/airflow/.local/lib/python3.7/site-packages/airflow/example_dags/example_skip_dag.py
[2022-09-12 23:49:40,205] {logging_mixin.py:115} INFO - [2022-09-12 23:49:40,205] {dag.py:2371} INFO - Sync 1 DAGs
[2022-09-12 23:49:40,245] {logging_mixin.py:115} INFO - [2022-09-12 23:49:40,245] {dag.py:2919} INFO - Setting next_dagrun for example_skip_dag to 2022-09-11T23:49:40.244957+00:00, run_after=2022-09-12T23:49:40.244957+00:00
[2022-09-12 23:49:40,281] {processor.py:161} INFO - Processing /home/airflow/.local/lib/python3.7/site-packages/airflow/example_dags/example_skip_dag.py took 0.126 seconds
[2022-09-12 23:50:11,417] {processor.py:153} INFO - Started process (PID=362) to work on /home/airflow/.local/lib/python3.7/site-packages/airflow/example_dags/example_skip_dag.py
[2022-09-12 23:50:11,419] {processor.py:641} INFO - Processing file /home/airflow/.local/lib/python3.7/site-packages/airflow/example_dags/example_skip_dag.py for tasks to queue
[2022-09-12 23:50:11,420] {logging_mixin.py:115} INFO - [2022-09-12 23:50:11,420] {dagbag.py:507} INFO - Filling up the DagBag from /home/airflow/.local/lib/python3.7/site-packages/airflow/example_dags/example_skip_dag.py
[2022-09-12 23:50:11,425] {processor.py:651} INFO - DAG(s) dict_keys(['example_skip_dag']) retrieved from /home/airflow/.local/lib/python3.7/site-packages/airflow/example_dags/example_skip_dag.py
[2022-09-12 23:50:11,448] {logging_mixin.py:115} INFO - [2022-09-12 23:50:11,448] {dag.py:2371} INFO - Sync 1 DAGs
[2022-09-12 23:50:11,465] {logging_mixin.py:115} INFO - [2022-09-12 23:50:11,465] {dag.py:2919} INFO - Setting next_dagrun for example_skip_dag to 2022-09-11T23:50:11.465187+00:00, run_after=2022-09-12T23:50:11.465187+00:00
[2022-09-12 23:50:11,473] {processor.py:161} INFO - Processing /home/airflow/.local/lib/python3.7/site-packages/airflow/example_dags/example_skip_dag.py took 0.058 seconds
[2022-09-12 23:50:42,100] {processor.py:153} INFO - Started process (PID=424) to work on /home/airflow/.local/lib/python3.7/site-packages/airflow/example_dags/example_skip_dag.py
[2022-09-12 23:50:42,101] {processor.py:641} INFO - Processing file /home/airflow/.local/lib/python3.7/site-packages/airflow/example_dags/example_skip_dag.py for tasks to queue
[2022-09-12 23:50:42,102] {logging_mixin.py:115} INFO - [2022-09-12 23:50:42,102] {dagbag.py:507} INFO - Filling up the DagBag from /home/airflow/.local/lib/python3.7/site-packages/airflow/example_dags/example_skip_dag.py
[2022-09-12 23:50:42,106] {processor.py:651} INFO - DAG(s) dict_keys(['example_skip_dag']) retrieved from /home/airflow/.local/lib/python3.7/site-packages/airflow/example_dags/example_skip_dag.py
[2022-09-12 23:50:42,130] {logging_mixin.py:115} INFO - [2022-09-12 23:50:42,130] {dag.py:2371} INFO - Sync 1 DAGs
[2022-09-12 23:50:42,147] {logging_mixin.py:115} INFO - [2022-09-12 23:50:42,147] {dag.py:2919} INFO - Setting next_dagrun for example_skip_dag to 2022-09-11T23:50:42.147069+00:00, run_after=2022-09-12T23:50:42.147069+00:00
[2022-09-12 23:50:42,155] {processor.py:161} INFO - Processing /home/airflow/.local/lib/python3.7/site-packages/airflow/example_dags/example_skip_dag.py took 0.058 seconds
[2022-09-12 23:51:12,510] {processor.py:153} INFO - Started process (PID=485) to work on /home/airflow/.local/lib/python3.7/site-packages/airflow/example_dags/example_skip_dag.py
[2022-09-12 23:51:12,512] {processor.py:641} INFO - Processing file /home/airflow/.local/lib/python3.7/site-packages/airflow/example_dags/example_skip_dag.py for tasks to queue
[2022-09-12 23:51:12,513] {logging_mixin.py:115} INFO - [2022-09-12 23:51:12,513] {dagbag.py:507} INFO - Filling up the DagBag from /home/airflow/.local/lib/python3.7/site-packages/airflow/example_dags/example_skip_dag.py
[2022-09-12 23:51:12,518] {processor.py:651} INFO - DAG(s) dict_keys(['example_skip_dag']) retrieved from /home/airflow/.local/lib/python3.7/site-packages/airflow/example_dags/example_skip_dag.py
[2022-09-12 23:51:12,541] {logging_mixin.py:115} INFO - [2022-09-12 23:51:12,541] {dag.py:2371} INFO - Sync 1 DAGs
[2022-09-12 23:51:12,559] {logging_mixin.py:115} INFO - [2022-09-12 23:51:12,559] {dag.py:2919} INFO - Setting next_dagrun for example_skip_dag to 2022-09-11T23:51:12.558987+00:00, run_after=2022-09-12T23:51:12.558987+00:00
[2022-09-12 23:51:12,566] {processor.py:161} INFO - Processing /home/airflow/.local/lib/python3.7/site-packages/airflow/example_dags/example_skip_dag.py took 0.058 seconds
[2022-09-12 23:51:42,815] {processor.py:153} INFO - Started process (PID=545) to work on /home/airflow/.local/lib/python3.7/site-packages/airflow/example_dags/example_skip_dag.py
[2022-09-12 23:51:42,817] {processor.py:641} INFO - Processing file /home/airflow/.local/lib/python3.7/site-packages/airflow/example_dags/example_skip_dag.py for tasks to queue
[2022-09-12 23:51:42,818] {logging_mixin.py:115} INFO - [2022-09-12 23:51:42,818] {dagbag.py:507} INFO - Filling up the DagBag from /home/airflow/.local/lib/python3.7/site-packages/airflow/example_dags/example_skip_dag.py
[2022-09-12 23:51:42,822] {processor.py:651} INFO - DAG(s) dict_keys(['example_skip_dag']) retrieved from /home/airflow/.local/lib/python3.7/site-packages/airflow/example_dags/example_skip_dag.py
[2022-09-12 23:51:42,842] {logging_mixin.py:115} INFO - [2022-09-12 23:51:42,842] {dag.py:2371} INFO - Sync 1 DAGs
[2022-09-12 23:51:42,858] {logging_mixin.py:115} INFO - [2022-09-12 23:51:42,858] {dag.py:2919} INFO - Setting next_dagrun for example_skip_dag to 2022-09-11T23:51:42.858715+00:00, run_after=2022-09-12T23:51:42.858715+00:00
[2022-09-12 23:51:42,867] {processor.py:161} INFO - Processing /home/airflow/.local/lib/python3.7/site-packages/airflow/example_dags/example_skip_dag.py took 0.054 seconds
[2022-09-12 23:52:13,698] {processor.py:153} INFO - Started process (PID=605) to work on /home/airflow/.local/lib/python3.7/site-packages/airflow/example_dags/example_skip_dag.py
[2022-09-12 23:52:13,700] {processor.py:641} INFO - Processing file /home/airflow/.local/lib/python3.7/site-packages/airflow/example_dags/example_skip_dag.py for tasks to queue
[2022-09-12 23:52:13,701] {logging_mixin.py:115} INFO - [2022-09-12 23:52:13,701] {dagbag.py:507} INFO - Filling up the DagBag from /home/airflow/.local/lib/python3.7/site-packages/airflow/example_dags/example_skip_dag.py
[2022-09-12 23:52:13,706] {processor.py:651} INFO - DAG(s) dict_keys(['example_skip_dag']) retrieved from /home/airflow/.local/lib/python3.7/site-packages/airflow/example_dags/example_skip_dag.py
[2022-09-12 23:52:13,729] {logging_mixin.py:115} INFO - [2022-09-12 23:52:13,729] {dag.py:2371} INFO - Sync 1 DAGs
[2022-09-12 23:52:13,748] {logging_mixin.py:115} INFO - [2022-09-12 23:52:13,748] {dag.py:2919} INFO - Setting next_dagrun for example_skip_dag to 2022-09-11T23:52:13.748222+00:00, run_after=2022-09-12T23:52:13.748222+00:00
[2022-09-12 23:52:13,759] {processor.py:161} INFO - Processing /home/airflow/.local/lib/python3.7/site-packages/airflow/example_dags/example_skip_dag.py took 0.064 seconds
[2022-09-12 23:52:43,960] {processor.py:153} INFO - Started process (PID=658) to work on /home/airflow/.local/lib/python3.7/site-packages/airflow/example_dags/example_skip_dag.py
[2022-09-12 23:52:43,961] {processor.py:641} INFO - Processing file /home/airflow/.local/lib/python3.7/site-packages/airflow/example_dags/example_skip_dag.py for tasks to queue
[2022-09-12 23:52:43,962] {logging_mixin.py:115} INFO - [2022-09-12 23:52:43,962] {dagbag.py:507} INFO - Filling up the DagBag from /home/airflow/.local/lib/python3.7/site-packages/airflow/example_dags/example_skip_dag.py
[2022-09-12 23:52:43,967] {processor.py:651} INFO - DAG(s) dict_keys(['example_skip_dag']) retrieved from /home/airflow/.local/lib/python3.7/site-packages/airflow/example_dags/example_skip_dag.py
[2022-09-12 23:52:43,982] {logging_mixin.py:115} INFO - [2022-09-12 23:52:43,982] {dag.py:2371} INFO - Sync 1 DAGs
[2022-09-12 23:52:43,995] {logging_mixin.py:115} INFO - [2022-09-12 23:52:43,995] {dag.py:2919} INFO - Setting next_dagrun for example_skip_dag to 2022-09-11T23:52:43.995345+00:00, run_after=2022-09-12T23:52:43.995345+00:00
[2022-09-12 23:52:44,001] {processor.py:161} INFO - Processing /home/airflow/.local/lib/python3.7/site-packages/airflow/example_dags/example_skip_dag.py took 0.044 seconds
[2022-09-12 23:53:14,548] {processor.py:153} INFO - Started process (PID=719) to work on /home/airflow/.local/lib/python3.7/site-packages/airflow/example_dags/example_skip_dag.py
[2022-09-12 23:53:14,549] {processor.py:641} INFO - Processing file /home/airflow/.local/lib/python3.7/site-packages/airflow/example_dags/example_skip_dag.py for tasks to queue
[2022-09-12 23:53:14,550] {logging_mixin.py:115} INFO - [2022-09-12 23:53:14,550] {dagbag.py:507} INFO - Filling up the DagBag from /home/airflow/.local/lib/python3.7/site-packages/airflow/example_dags/example_skip_dag.py
[2022-09-12 23:53:14,555] {processor.py:651} INFO - DAG(s) dict_keys(['example_skip_dag']) retrieved from /home/airflow/.local/lib/python3.7/site-packages/airflow/example_dags/example_skip_dag.py
[2022-09-12 23:53:14,571] {logging_mixin.py:115} INFO - [2022-09-12 23:53:14,571] {dag.py:2371} INFO - Sync 1 DAGs
[2022-09-12 23:53:14,585] {logging_mixin.py:115} INFO - [2022-09-12 23:53:14,585] {dag.py:2919} INFO - Setting next_dagrun for example_skip_dag to 2022-09-11T23:53:14.585530+00:00, run_after=2022-09-12T23:53:14.585530+00:00
[2022-09-12 23:53:14,593] {processor.py:161} INFO - Processing /home/airflow/.local/lib/python3.7/site-packages/airflow/example_dags/example_skip_dag.py took 0.046 seconds
[2022-09-12 23:53:45,251] {processor.py:153} INFO - Started process (PID=779) to work on /home/airflow/.local/lib/python3.7/site-packages/airflow/example_dags/example_skip_dag.py
[2022-09-12 23:53:45,253] {processor.py:641} INFO - Processing file /home/airflow/.local/lib/python3.7/site-packages/airflow/example_dags/example_skip_dag.py for tasks to queue
[2022-09-12 23:53:45,254] {logging_mixin.py:115} INFO - [2022-09-12 23:53:45,254] {dagbag.py:507} INFO - Filling up the DagBag from /home/airflow/.local/lib/python3.7/site-packages/airflow/example_dags/example_skip_dag.py
[2022-09-12 23:53:45,258] {processor.py:651} INFO - DAG(s) dict_keys(['example_skip_dag']) retrieved from /home/airflow/.local/lib/python3.7/site-packages/airflow/example_dags/example_skip_dag.py
[2022-09-12 23:53:45,278] {logging_mixin.py:115} INFO - [2022-09-12 23:53:45,278] {dag.py:2371} INFO - Sync 1 DAGs
[2022-09-12 23:53:45,295] {logging_mixin.py:115} INFO - [2022-09-12 23:53:45,295] {dag.py:2919} INFO - Setting next_dagrun for example_skip_dag to 2022-09-11T23:53:45.295392+00:00, run_after=2022-09-12T23:53:45.295392+00:00
[2022-09-12 23:53:45,303] {processor.py:161} INFO - Processing /home/airflow/.local/lib/python3.7/site-packages/airflow/example_dags/example_skip_dag.py took 0.054 seconds
[2022-09-12 23:54:15,924] {processor.py:153} INFO - Started process (PID=839) to work on /home/airflow/.local/lib/python3.7/site-packages/airflow/example_dags/example_skip_dag.py
[2022-09-12 23:54:15,925] {processor.py:641} INFO - Processing file /home/airflow/.local/lib/python3.7/site-packages/airflow/example_dags/example_skip_dag.py for tasks to queue
[2022-09-12 23:54:15,926] {logging_mixin.py:115} INFO - [2022-09-12 23:54:15,926] {dagbag.py:507} INFO - Filling up the DagBag from /home/airflow/.local/lib/python3.7/site-packages/airflow/example_dags/example_skip_dag.py
[2022-09-12 23:54:15,929] {processor.py:651} INFO - DAG(s) dict_keys(['example_skip_dag']) retrieved from /home/airflow/.local/lib/python3.7/site-packages/airflow/example_dags/example_skip_dag.py
[2022-09-12 23:54:15,945] {logging_mixin.py:115} INFO - [2022-09-12 23:54:15,945] {dag.py:2371} INFO - Sync 1 DAGs
[2022-09-12 23:54:15,958] {logging_mixin.py:115} INFO - [2022-09-12 23:54:15,958] {dag.py:2919} INFO - Setting next_dagrun for example_skip_dag to 2022-09-11T23:54:15.958008+00:00, run_after=2022-09-12T23:54:15.958008+00:00
[2022-09-12 23:54:15,964] {processor.py:161} INFO - Processing /home/airflow/.local/lib/python3.7/site-packages/airflow/example_dags/example_skip_dag.py took 0.042 seconds
[2022-09-12 23:54:46,729] {processor.py:153} INFO - Started process (PID=901) to work on /home/airflow/.local/lib/python3.7/site-packages/airflow/example_dags/example_skip_dag.py
[2022-09-12 23:54:46,731] {processor.py:641} INFO - Processing file /home/airflow/.local/lib/python3.7/site-packages/airflow/example_dags/example_skip_dag.py for tasks to queue
[2022-09-12 23:54:46,732] {logging_mixin.py:115} INFO - [2022-09-12 23:54:46,732] {dagbag.py:507} INFO - Filling up the DagBag from /home/airflow/.local/lib/python3.7/site-packages/airflow/example_dags/example_skip_dag.py
[2022-09-12 23:54:46,736] {processor.py:651} INFO - DAG(s) dict_keys(['example_skip_dag']) retrieved from /home/airflow/.local/lib/python3.7/site-packages/airflow/example_dags/example_skip_dag.py
[2022-09-12 23:54:46,766] {logging_mixin.py:115} INFO - [2022-09-12 23:54:46,766] {dag.py:2371} INFO - Sync 1 DAGs
[2022-09-12 23:54:46,793] {logging_mixin.py:115} INFO - [2022-09-12 23:54:46,793] {dag.py:2919} INFO - Setting next_dagrun for example_skip_dag to 2022-09-11T23:54:46.793307+00:00, run_after=2022-09-12T23:54:46.793307+00:00
[2022-09-12 23:54:46,802] {processor.py:161} INFO - Processing /home/airflow/.local/lib/python3.7/site-packages/airflow/example_dags/example_skip_dag.py took 0.075 seconds
[2022-09-12 23:55:17,651] {processor.py:153} INFO - Started process (PID=952) to work on /home/airflow/.local/lib/python3.7/site-packages/airflow/example_dags/example_skip_dag.py
[2022-09-12 23:55:17,652] {processor.py:641} INFO - Processing file /home/airflow/.local/lib/python3.7/site-packages/airflow/example_dags/example_skip_dag.py for tasks to queue
[2022-09-12 23:55:17,654] {logging_mixin.py:115} INFO - [2022-09-12 23:55:17,654] {dagbag.py:507} INFO - Filling up the DagBag from /home/airflow/.local/lib/python3.7/site-packages/airflow/example_dags/example_skip_dag.py
[2022-09-12 23:55:17,661] {processor.py:651} INFO - DAG(s) dict_keys(['example_skip_dag']) retrieved from /home/airflow/.local/lib/python3.7/site-packages/airflow/example_dags/example_skip_dag.py
[2022-09-12 23:55:17,682] {logging_mixin.py:115} INFO - [2022-09-12 23:55:17,682] {dag.py:2371} INFO - Sync 1 DAGs
[2022-09-12 23:55:17,697] {logging_mixin.py:115} INFO - [2022-09-12 23:55:17,697] {dag.py:2919} INFO - Setting next_dagrun for example_skip_dag to 2022-09-11T23:55:17.697366+00:00, run_after=2022-09-12T23:55:17.697366+00:00
[2022-09-12 23:55:17,705] {processor.py:161} INFO - Processing /home/airflow/.local/lib/python3.7/site-packages/airflow/example_dags/example_skip_dag.py took 0.057 seconds
[2022-09-12 23:55:48,280] {processor.py:153} INFO - Started process (PID=1013) to work on /home/airflow/.local/lib/python3.7/site-packages/airflow/example_dags/example_skip_dag.py
[2022-09-12 23:55:48,281] {processor.py:641} INFO - Processing file /home/airflow/.local/lib/python3.7/site-packages/airflow/example_dags/example_skip_dag.py for tasks to queue
[2022-09-12 23:55:48,282] {logging_mixin.py:115} INFO - [2022-09-12 23:55:48,282] {dagbag.py:507} INFO - Filling up the DagBag from /home/airflow/.local/lib/python3.7/site-packages/airflow/example_dags/example_skip_dag.py
[2022-09-12 23:55:48,286] {processor.py:651} INFO - DAG(s) dict_keys(['example_skip_dag']) retrieved from /home/airflow/.local/lib/python3.7/site-packages/airflow/example_dags/example_skip_dag.py
[2022-09-12 23:55:48,304] {logging_mixin.py:115} INFO - [2022-09-12 23:55:48,304] {dag.py:2371} INFO - Sync 1 DAGs
[2022-09-12 23:55:48,320] {logging_mixin.py:115} INFO - [2022-09-12 23:55:48,320] {dag.py:2919} INFO - Setting next_dagrun for example_skip_dag to 2022-09-11T23:55:48.320153+00:00, run_after=2022-09-12T23:55:48.320153+00:00
[2022-09-12 23:55:48,328] {processor.py:161} INFO - Processing /home/airflow/.local/lib/python3.7/site-packages/airflow/example_dags/example_skip_dag.py took 0.050 seconds
[2022-09-12 23:56:18,891] {processor.py:153} INFO - Started process (PID=1075) to work on /home/airflow/.local/lib/python3.7/site-packages/airflow/example_dags/example_skip_dag.py
[2022-09-12 23:56:18,893] {processor.py:641} INFO - Processing file /home/airflow/.local/lib/python3.7/site-packages/airflow/example_dags/example_skip_dag.py for tasks to queue
[2022-09-12 23:56:18,894] {logging_mixin.py:115} INFO - [2022-09-12 23:56:18,894] {dagbag.py:507} INFO - Filling up the DagBag from /home/airflow/.local/lib/python3.7/site-packages/airflow/example_dags/example_skip_dag.py
[2022-09-12 23:56:18,899] {processor.py:651} INFO - DAG(s) dict_keys(['example_skip_dag']) retrieved from /home/airflow/.local/lib/python3.7/site-packages/airflow/example_dags/example_skip_dag.py
[2022-09-12 23:56:18,918] {logging_mixin.py:115} INFO - [2022-09-12 23:56:18,918] {dag.py:2371} INFO - Sync 1 DAGs
[2022-09-12 23:56:18,933] {logging_mixin.py:115} INFO - [2022-09-12 23:56:18,933] {dag.py:2919} INFO - Setting next_dagrun for example_skip_dag to 2022-09-11T23:56:18.933675+00:00, run_after=2022-09-12T23:56:18.933675+00:00
[2022-09-12 23:56:18,942] {processor.py:161} INFO - Processing /home/airflow/.local/lib/python3.7/site-packages/airflow/example_dags/example_skip_dag.py took 0.053 seconds
[2022-09-12 23:56:49,363] {processor.py:153} INFO - Started process (PID=1136) to work on /home/airflow/.local/lib/python3.7/site-packages/airflow/example_dags/example_skip_dag.py
[2022-09-12 23:56:49,364] {processor.py:641} INFO - Processing file /home/airflow/.local/lib/python3.7/site-packages/airflow/example_dags/example_skip_dag.py for tasks to queue
[2022-09-12 23:56:49,365] {logging_mixin.py:115} INFO - [2022-09-12 23:56:49,365] {dagbag.py:507} INFO - Filling up the DagBag from /home/airflow/.local/lib/python3.7/site-packages/airflow/example_dags/example_skip_dag.py
[2022-09-12 23:56:49,369] {processor.py:651} INFO - DAG(s) dict_keys(['example_skip_dag']) retrieved from /home/airflow/.local/lib/python3.7/site-packages/airflow/example_dags/example_skip_dag.py
[2022-09-12 23:56:49,386] {logging_mixin.py:115} INFO - [2022-09-12 23:56:49,386] {dag.py:2371} INFO - Sync 1 DAGs
[2022-09-12 23:56:49,402] {logging_mixin.py:115} INFO - [2022-09-12 23:56:49,402] {dag.py:2919} INFO - Setting next_dagrun for example_skip_dag to 2022-09-11T23:56:49.401855+00:00, run_after=2022-09-12T23:56:49.401855+00:00
[2022-09-12 23:56:49,409] {processor.py:161} INFO - Processing /home/airflow/.local/lib/python3.7/site-packages/airflow/example_dags/example_skip_dag.py took 0.048 seconds
[2022-09-12 23:57:20,024] {processor.py:153} INFO - Started process (PID=1198) to work on /home/airflow/.local/lib/python3.7/site-packages/airflow/example_dags/example_skip_dag.py
[2022-09-12 23:57:20,025] {processor.py:641} INFO - Processing file /home/airflow/.local/lib/python3.7/site-packages/airflow/example_dags/example_skip_dag.py for tasks to queue
[2022-09-12 23:57:20,026] {logging_mixin.py:115} INFO - [2022-09-12 23:57:20,026] {dagbag.py:507} INFO - Filling up the DagBag from /home/airflow/.local/lib/python3.7/site-packages/airflow/example_dags/example_skip_dag.py
[2022-09-12 23:57:20,030] {processor.py:651} INFO - DAG(s) dict_keys(['example_skip_dag']) retrieved from /home/airflow/.local/lib/python3.7/site-packages/airflow/example_dags/example_skip_dag.py
[2022-09-12 23:57:20,047] {logging_mixin.py:115} INFO - [2022-09-12 23:57:20,047] {dag.py:2371} INFO - Sync 1 DAGs
[2022-09-12 23:57:20,062] {logging_mixin.py:115} INFO - [2022-09-12 23:57:20,062] {dag.py:2919} INFO - Setting next_dagrun for example_skip_dag to 2022-09-11T23:57:20.062118+00:00, run_after=2022-09-12T23:57:20.062118+00:00
[2022-09-12 23:57:20,070] {processor.py:161} INFO - Processing /home/airflow/.local/lib/python3.7/site-packages/airflow/example_dags/example_skip_dag.py took 0.048 seconds
[2022-09-12 23:57:50,794] {processor.py:153} INFO - Started process (PID=1250) to work on /home/airflow/.local/lib/python3.7/site-packages/airflow/example_dags/example_skip_dag.py
[2022-09-12 23:57:50,796] {processor.py:641} INFO - Processing file /home/airflow/.local/lib/python3.7/site-packages/airflow/example_dags/example_skip_dag.py for tasks to queue
[2022-09-12 23:57:50,797] {logging_mixin.py:115} INFO - [2022-09-12 23:57:50,797] {dagbag.py:507} INFO - Filling up the DagBag from /home/airflow/.local/lib/python3.7/site-packages/airflow/example_dags/example_skip_dag.py
[2022-09-12 23:57:50,802] {processor.py:651} INFO - DAG(s) dict_keys(['example_skip_dag']) retrieved from /home/airflow/.local/lib/python3.7/site-packages/airflow/example_dags/example_skip_dag.py
[2022-09-12 23:57:50,819] {logging_mixin.py:115} INFO - [2022-09-12 23:57:50,819] {dag.py:2371} INFO - Sync 1 DAGs
[2022-09-12 23:57:50,834] {logging_mixin.py:115} INFO - [2022-09-12 23:57:50,834] {dag.py:2919} INFO - Setting next_dagrun for example_skip_dag to 2022-09-11T23:57:50.833956+00:00, run_after=2022-09-12T23:57:50.833956+00:00
[2022-09-12 23:57:50,841] {processor.py:161} INFO - Processing /home/airflow/.local/lib/python3.7/site-packages/airflow/example_dags/example_skip_dag.py took 0.050 seconds
[2022-09-12 23:58:21,646] {processor.py:153} INFO - Started process (PID=1312) to work on /home/airflow/.local/lib/python3.7/site-packages/airflow/example_dags/example_skip_dag.py
[2022-09-12 23:58:21,647] {processor.py:641} INFO - Processing file /home/airflow/.local/lib/python3.7/site-packages/airflow/example_dags/example_skip_dag.py for tasks to queue
[2022-09-12 23:58:21,648] {logging_mixin.py:115} INFO - [2022-09-12 23:58:21,648] {dagbag.py:507} INFO - Filling up the DagBag from /home/airflow/.local/lib/python3.7/site-packages/airflow/example_dags/example_skip_dag.py
[2022-09-12 23:58:21,655] {processor.py:651} INFO - DAG(s) dict_keys(['example_skip_dag']) retrieved from /home/airflow/.local/lib/python3.7/site-packages/airflow/example_dags/example_skip_dag.py
[2022-09-12 23:58:21,673] {logging_mixin.py:115} INFO - [2022-09-12 23:58:21,673] {dag.py:2371} INFO - Sync 1 DAGs
[2022-09-12 23:58:21,690] {logging_mixin.py:115} INFO - [2022-09-12 23:58:21,690] {dag.py:2919} INFO - Setting next_dagrun for example_skip_dag to 2022-09-11T23:58:21.690629+00:00, run_after=2022-09-12T23:58:21.690629+00:00
[2022-09-12 23:58:21,700] {processor.py:161} INFO - Processing /home/airflow/.local/lib/python3.7/site-packages/airflow/example_dags/example_skip_dag.py took 0.056 seconds
[2022-09-12 23:58:52,325] {processor.py:153} INFO - Started process (PID=1373) to work on /home/airflow/.local/lib/python3.7/site-packages/airflow/example_dags/example_skip_dag.py
[2022-09-12 23:58:52,326] {processor.py:641} INFO - Processing file /home/airflow/.local/lib/python3.7/site-packages/airflow/example_dags/example_skip_dag.py for tasks to queue
[2022-09-12 23:58:52,327] {logging_mixin.py:115} INFO - [2022-09-12 23:58:52,327] {dagbag.py:507} INFO - Filling up the DagBag from /home/airflow/.local/lib/python3.7/site-packages/airflow/example_dags/example_skip_dag.py
[2022-09-12 23:58:52,330] {processor.py:651} INFO - DAG(s) dict_keys(['example_skip_dag']) retrieved from /home/airflow/.local/lib/python3.7/site-packages/airflow/example_dags/example_skip_dag.py
[2022-09-12 23:58:52,348] {logging_mixin.py:115} INFO - [2022-09-12 23:58:52,348] {dag.py:2371} INFO - Sync 1 DAGs
[2022-09-12 23:58:52,363] {logging_mixin.py:115} INFO - [2022-09-12 23:58:52,363] {dag.py:2919} INFO - Setting next_dagrun for example_skip_dag to 2022-09-11T23:58:52.363685+00:00, run_after=2022-09-12T23:58:52.363685+00:00
[2022-09-12 23:58:52,370] {processor.py:161} INFO - Processing /home/airflow/.local/lib/python3.7/site-packages/airflow/example_dags/example_skip_dag.py took 0.047 seconds
[2022-09-12 23:59:22,957] {processor.py:153} INFO - Started process (PID=1434) to work on /home/airflow/.local/lib/python3.7/site-packages/airflow/example_dags/example_skip_dag.py
[2022-09-12 23:59:22,958] {processor.py:641} INFO - Processing file /home/airflow/.local/lib/python3.7/site-packages/airflow/example_dags/example_skip_dag.py for tasks to queue
[2022-09-12 23:59:22,959] {logging_mixin.py:115} INFO - [2022-09-12 23:59:22,959] {dagbag.py:507} INFO - Filling up the DagBag from /home/airflow/.local/lib/python3.7/site-packages/airflow/example_dags/example_skip_dag.py
[2022-09-12 23:59:22,963] {processor.py:651} INFO - DAG(s) dict_keys(['example_skip_dag']) retrieved from /home/airflow/.local/lib/python3.7/site-packages/airflow/example_dags/example_skip_dag.py
[2022-09-12 23:59:22,981] {logging_mixin.py:115} INFO - [2022-09-12 23:59:22,981] {dag.py:2371} INFO - Sync 1 DAGs
[2022-09-12 23:59:22,995] {logging_mixin.py:115} INFO - [2022-09-12 23:59:22,995] {dag.py:2919} INFO - Setting next_dagrun for example_skip_dag to 2022-09-11T23:59:22.994846+00:00, run_after=2022-09-12T23:59:22.994846+00:00
[2022-09-12 23:59:23,002] {processor.py:161} INFO - Processing /home/airflow/.local/lib/python3.7/site-packages/airflow/example_dags/example_skip_dag.py took 0.047 seconds
