[2022-09-12 23:47:35,849] {processor.py:153} INFO - Started process (PID=58) to work on /home/airflow/.local/lib/python3.7/site-packages/airflow/example_dags/example_local_kubernetes_executor.py
[2022-09-12 23:47:35,851] {processor.py:641} INFO - Processing file /home/airflow/.local/lib/python3.7/site-packages/airflow/example_dags/example_local_kubernetes_executor.py for tasks to queue
[2022-09-12 23:47:35,853] {logging_mixin.py:115} INFO - [2022-09-12 23:47:35,853] {dagbag.py:507} INFO - Filling up the DagBag from /home/airflow/.local/lib/python3.7/site-packages/airflow/example_dags/example_local_kubernetes_executor.py
[2022-09-12 23:47:35,875] {processor.py:651} INFO - DAG(s) dict_keys(['example_local_kubernetes_executor']) retrieved from /home/airflow/.local/lib/python3.7/site-packages/airflow/example_dags/example_local_kubernetes_executor.py
[2022-09-12 23:47:36,082] {logging_mixin.py:115} INFO - [2022-09-12 23:47:36,082] {manager.py:508} INFO - Created Permission View: can read on DAG:example_local_kubernetes_executor
[2022-09-12 23:47:36,095] {logging_mixin.py:115} INFO - [2022-09-12 23:47:36,095] {manager.py:508} INFO - Created Permission View: can delete on DAG:example_local_kubernetes_executor
[2022-09-12 23:47:36,101] {logging_mixin.py:115} INFO - [2022-09-12 23:47:36,101] {manager.py:508} INFO - Created Permission View: can edit on DAG:example_local_kubernetes_executor
[2022-09-12 23:47:36,105] {logging_mixin.py:115} INFO - [2022-09-12 23:47:36,105] {dag.py:2371} INFO - Sync 1 DAGs
[2022-09-12 23:47:36,114] {logging_mixin.py:115} INFO - [2022-09-12 23:47:36,114] {dag.py:2390} INFO - Creating ORM DAG for example_local_kubernetes_executor
[2022-09-12 23:47:36,125] {logging_mixin.py:115} INFO - [2022-09-12 23:47:36,125] {dag.py:2919} INFO - Setting next_dagrun for example_local_kubernetes_executor to None, run_after=None
[2022-09-12 23:47:36,152] {processor.py:161} INFO - Processing /home/airflow/.local/lib/python3.7/site-packages/airflow/example_dags/example_local_kubernetes_executor.py took 0.306 seconds
[2022-09-12 23:48:06,600] {processor.py:153} INFO - Started process (PID=119) to work on /home/airflow/.local/lib/python3.7/site-packages/airflow/example_dags/example_local_kubernetes_executor.py
[2022-09-12 23:48:06,602] {processor.py:641} INFO - Processing file /home/airflow/.local/lib/python3.7/site-packages/airflow/example_dags/example_local_kubernetes_executor.py for tasks to queue
[2022-09-12 23:48:06,603] {logging_mixin.py:115} INFO - [2022-09-12 23:48:06,603] {dagbag.py:507} INFO - Filling up the DagBag from /home/airflow/.local/lib/python3.7/site-packages/airflow/example_dags/example_local_kubernetes_executor.py
[2022-09-12 23:48:06,616] {processor.py:651} INFO - DAG(s) dict_keys(['example_local_kubernetes_executor']) retrieved from /home/airflow/.local/lib/python3.7/site-packages/airflow/example_dags/example_local_kubernetes_executor.py
[2022-09-12 23:48:06,632] {logging_mixin.py:115} INFO - [2022-09-12 23:48:06,632] {dag.py:2371} INFO - Sync 1 DAGs
[2022-09-12 23:48:06,739] {logging_mixin.py:115} INFO - [2022-09-12 23:48:06,739] {dag.py:2919} INFO - Setting next_dagrun for example_local_kubernetes_executor to None, run_after=None
[2022-09-12 23:48:06,746] {processor.py:161} INFO - Processing /home/airflow/.local/lib/python3.7/site-packages/airflow/example_dags/example_local_kubernetes_executor.py took 0.148 seconds
[2022-09-12 23:48:37,260] {processor.py:153} INFO - Started process (PID=180) to work on /home/airflow/.local/lib/python3.7/site-packages/airflow/example_dags/example_local_kubernetes_executor.py
[2022-09-12 23:48:37,262] {processor.py:641} INFO - Processing file /home/airflow/.local/lib/python3.7/site-packages/airflow/example_dags/example_local_kubernetes_executor.py for tasks to queue
[2022-09-12 23:48:37,263] {logging_mixin.py:115} INFO - [2022-09-12 23:48:37,263] {dagbag.py:507} INFO - Filling up the DagBag from /home/airflow/.local/lib/python3.7/site-packages/airflow/example_dags/example_local_kubernetes_executor.py
[2022-09-12 23:48:37,274] {processor.py:651} INFO - DAG(s) dict_keys(['example_local_kubernetes_executor']) retrieved from /home/airflow/.local/lib/python3.7/site-packages/airflow/example_dags/example_local_kubernetes_executor.py
[2022-09-12 23:48:37,291] {logging_mixin.py:115} INFO - [2022-09-12 23:48:37,291] {dag.py:2371} INFO - Sync 1 DAGs
[2022-09-12 23:48:37,388] {logging_mixin.py:115} INFO - [2022-09-12 23:48:37,388] {dag.py:2919} INFO - Setting next_dagrun for example_local_kubernetes_executor to None, run_after=None
[2022-09-12 23:48:37,396] {processor.py:161} INFO - Processing /home/airflow/.local/lib/python3.7/site-packages/airflow/example_dags/example_local_kubernetes_executor.py took 0.137 seconds
[2022-09-12 23:49:07,751] {processor.py:153} INFO - Started process (PID=232) to work on /home/airflow/.local/lib/python3.7/site-packages/airflow/example_dags/example_local_kubernetes_executor.py
[2022-09-12 23:49:07,753] {processor.py:641} INFO - Processing file /home/airflow/.local/lib/python3.7/site-packages/airflow/example_dags/example_local_kubernetes_executor.py for tasks to queue
[2022-09-12 23:49:07,755] {logging_mixin.py:115} INFO - [2022-09-12 23:49:07,755] {dagbag.py:507} INFO - Filling up the DagBag from /home/airflow/.local/lib/python3.7/site-packages/airflow/example_dags/example_local_kubernetes_executor.py
[2022-09-12 23:49:07,771] {processor.py:651} INFO - DAG(s) dict_keys(['example_local_kubernetes_executor']) retrieved from /home/airflow/.local/lib/python3.7/site-packages/airflow/example_dags/example_local_kubernetes_executor.py
[2022-09-12 23:49:07,798] {logging_mixin.py:115} INFO - [2022-09-12 23:49:07,798] {dag.py:2371} INFO - Sync 1 DAGs
[2022-09-12 23:49:07,920] {logging_mixin.py:115} INFO - [2022-09-12 23:49:07,920] {dag.py:2919} INFO - Setting next_dagrun for example_local_kubernetes_executor to None, run_after=None
[2022-09-12 23:49:07,930] {processor.py:161} INFO - Processing /home/airflow/.local/lib/python3.7/site-packages/airflow/example_dags/example_local_kubernetes_executor.py took 0.182 seconds
[2022-09-12 23:49:38,007] {processor.py:153} INFO - Started process (PID=293) to work on /home/airflow/.local/lib/python3.7/site-packages/airflow/example_dags/example_local_kubernetes_executor.py
[2022-09-12 23:49:38,008] {processor.py:641} INFO - Processing file /home/airflow/.local/lib/python3.7/site-packages/airflow/example_dags/example_local_kubernetes_executor.py for tasks to queue
[2022-09-12 23:49:38,009] {logging_mixin.py:115} INFO - [2022-09-12 23:49:38,009] {dagbag.py:507} INFO - Filling up the DagBag from /home/airflow/.local/lib/python3.7/site-packages/airflow/example_dags/example_local_kubernetes_executor.py
[2022-09-12 23:49:38,018] {processor.py:651} INFO - DAG(s) dict_keys(['example_local_kubernetes_executor']) retrieved from /home/airflow/.local/lib/python3.7/site-packages/airflow/example_dags/example_local_kubernetes_executor.py
[2022-09-12 23:49:38,033] {logging_mixin.py:115} INFO - [2022-09-12 23:49:38,033] {dag.py:2371} INFO - Sync 1 DAGs
[2022-09-12 23:49:38,122] {logging_mixin.py:115} INFO - [2022-09-12 23:49:38,122] {dag.py:2919} INFO - Setting next_dagrun for example_local_kubernetes_executor to None, run_after=None
[2022-09-12 23:49:38,134] {processor.py:161} INFO - Processing /home/airflow/.local/lib/python3.7/site-packages/airflow/example_dags/example_local_kubernetes_executor.py took 0.129 seconds
[2022-09-12 23:50:08,463] {processor.py:153} INFO - Started process (PID=354) to work on /home/airflow/.local/lib/python3.7/site-packages/airflow/example_dags/example_local_kubernetes_executor.py
[2022-09-12 23:50:08,465] {processor.py:641} INFO - Processing file /home/airflow/.local/lib/python3.7/site-packages/airflow/example_dags/example_local_kubernetes_executor.py for tasks to queue
[2022-09-12 23:50:08,466] {logging_mixin.py:115} INFO - [2022-09-12 23:50:08,466] {dagbag.py:507} INFO - Filling up the DagBag from /home/airflow/.local/lib/python3.7/site-packages/airflow/example_dags/example_local_kubernetes_executor.py
[2022-09-12 23:50:08,478] {processor.py:651} INFO - DAG(s) dict_keys(['example_local_kubernetes_executor']) retrieved from /home/airflow/.local/lib/python3.7/site-packages/airflow/example_dags/example_local_kubernetes_executor.py
[2022-09-12 23:50:08,500] {logging_mixin.py:115} INFO - [2022-09-12 23:50:08,500] {dag.py:2371} INFO - Sync 1 DAGs
[2022-09-12 23:50:08,612] {logging_mixin.py:115} INFO - [2022-09-12 23:50:08,612] {dag.py:2919} INFO - Setting next_dagrun for example_local_kubernetes_executor to None, run_after=None
[2022-09-12 23:50:08,619] {processor.py:161} INFO - Processing /home/airflow/.local/lib/python3.7/site-packages/airflow/example_dags/example_local_kubernetes_executor.py took 0.158 seconds
[2022-09-12 23:50:39,197] {processor.py:153} INFO - Started process (PID=416) to work on /home/airflow/.local/lib/python3.7/site-packages/airflow/example_dags/example_local_kubernetes_executor.py
[2022-09-12 23:50:39,200] {processor.py:641} INFO - Processing file /home/airflow/.local/lib/python3.7/site-packages/airflow/example_dags/example_local_kubernetes_executor.py for tasks to queue
[2022-09-12 23:50:39,202] {logging_mixin.py:115} INFO - [2022-09-12 23:50:39,202] {dagbag.py:507} INFO - Filling up the DagBag from /home/airflow/.local/lib/python3.7/site-packages/airflow/example_dags/example_local_kubernetes_executor.py
[2022-09-12 23:50:39,224] {processor.py:651} INFO - DAG(s) dict_keys(['example_local_kubernetes_executor']) retrieved from /home/airflow/.local/lib/python3.7/site-packages/airflow/example_dags/example_local_kubernetes_executor.py
[2022-09-12 23:50:39,251] {logging_mixin.py:115} INFO - [2022-09-12 23:50:39,251] {dag.py:2371} INFO - Sync 1 DAGs
[2022-09-12 23:50:39,408] {logging_mixin.py:115} INFO - [2022-09-12 23:50:39,408] {dag.py:2919} INFO - Setting next_dagrun for example_local_kubernetes_executor to None, run_after=None
[2022-09-12 23:50:39,418] {processor.py:161} INFO - Processing /home/airflow/.local/lib/python3.7/site-packages/airflow/example_dags/example_local_kubernetes_executor.py took 0.226 seconds
[2022-09-12 23:51:09,541] {processor.py:153} INFO - Started process (PID=477) to work on /home/airflow/.local/lib/python3.7/site-packages/airflow/example_dags/example_local_kubernetes_executor.py
[2022-09-12 23:51:09,543] {processor.py:641} INFO - Processing file /home/airflow/.local/lib/python3.7/site-packages/airflow/example_dags/example_local_kubernetes_executor.py for tasks to queue
[2022-09-12 23:51:09,545] {logging_mixin.py:115} INFO - [2022-09-12 23:51:09,545] {dagbag.py:507} INFO - Filling up the DagBag from /home/airflow/.local/lib/python3.7/site-packages/airflow/example_dags/example_local_kubernetes_executor.py
[2022-09-12 23:51:09,561] {processor.py:651} INFO - DAG(s) dict_keys(['example_local_kubernetes_executor']) retrieved from /home/airflow/.local/lib/python3.7/site-packages/airflow/example_dags/example_local_kubernetes_executor.py
[2022-09-12 23:51:09,585] {logging_mixin.py:115} INFO - [2022-09-12 23:51:09,585] {dag.py:2371} INFO - Sync 1 DAGs
[2022-09-12 23:51:09,699] {logging_mixin.py:115} INFO - [2022-09-12 23:51:09,698] {dag.py:2919} INFO - Setting next_dagrun for example_local_kubernetes_executor to None, run_after=None
[2022-09-12 23:51:09,708] {processor.py:161} INFO - Processing /home/airflow/.local/lib/python3.7/site-packages/airflow/example_dags/example_local_kubernetes_executor.py took 0.170 seconds
[2022-09-12 23:51:40,067] {processor.py:153} INFO - Started process (PID=528) to work on /home/airflow/.local/lib/python3.7/site-packages/airflow/example_dags/example_local_kubernetes_executor.py
[2022-09-12 23:51:40,070] {processor.py:641} INFO - Processing file /home/airflow/.local/lib/python3.7/site-packages/airflow/example_dags/example_local_kubernetes_executor.py for tasks to queue
[2022-09-12 23:51:40,072] {logging_mixin.py:115} INFO - [2022-09-12 23:51:40,072] {dagbag.py:507} INFO - Filling up the DagBag from /home/airflow/.local/lib/python3.7/site-packages/airflow/example_dags/example_local_kubernetes_executor.py
[2022-09-12 23:51:40,086] {processor.py:651} INFO - DAG(s) dict_keys(['example_local_kubernetes_executor']) retrieved from /home/airflow/.local/lib/python3.7/site-packages/airflow/example_dags/example_local_kubernetes_executor.py
[2022-09-12 23:51:40,107] {logging_mixin.py:115} INFO - [2022-09-12 23:51:40,107] {dag.py:2371} INFO - Sync 1 DAGs
[2022-09-12 23:51:40,215] {logging_mixin.py:115} INFO - [2022-09-12 23:51:40,215] {dag.py:2919} INFO - Setting next_dagrun for example_local_kubernetes_executor to None, run_after=None
[2022-09-12 23:51:40,224] {processor.py:161} INFO - Processing /home/airflow/.local/lib/python3.7/site-packages/airflow/example_dags/example_local_kubernetes_executor.py took 0.160 seconds
[2022-09-12 23:52:10,707] {processor.py:153} INFO - Started process (PID=589) to work on /home/airflow/.local/lib/python3.7/site-packages/airflow/example_dags/example_local_kubernetes_executor.py
[2022-09-12 23:52:10,708] {processor.py:641} INFO - Processing file /home/airflow/.local/lib/python3.7/site-packages/airflow/example_dags/example_local_kubernetes_executor.py for tasks to queue
[2022-09-12 23:52:10,710] {logging_mixin.py:115} INFO - [2022-09-12 23:52:10,710] {dagbag.py:507} INFO - Filling up the DagBag from /home/airflow/.local/lib/python3.7/site-packages/airflow/example_dags/example_local_kubernetes_executor.py
[2022-09-12 23:52:10,726] {processor.py:651} INFO - DAG(s) dict_keys(['example_local_kubernetes_executor']) retrieved from /home/airflow/.local/lib/python3.7/site-packages/airflow/example_dags/example_local_kubernetes_executor.py
[2022-09-12 23:52:10,756] {logging_mixin.py:115} INFO - [2022-09-12 23:52:10,756] {dag.py:2371} INFO - Sync 1 DAGs
[2022-09-12 23:52:10,907] {logging_mixin.py:115} INFO - [2022-09-12 23:52:10,906] {dag.py:2919} INFO - Setting next_dagrun for example_local_kubernetes_executor to None, run_after=None
[2022-09-12 23:52:10,924] {processor.py:161} INFO - Processing /home/airflow/.local/lib/python3.7/site-packages/airflow/example_dags/example_local_kubernetes_executor.py took 0.220 seconds
[2022-09-12 23:52:41,716] {processor.py:153} INFO - Started process (PID=650) to work on /home/airflow/.local/lib/python3.7/site-packages/airflow/example_dags/example_local_kubernetes_executor.py
[2022-09-12 23:52:41,718] {processor.py:641} INFO - Processing file /home/airflow/.local/lib/python3.7/site-packages/airflow/example_dags/example_local_kubernetes_executor.py for tasks to queue
[2022-09-12 23:52:41,720] {logging_mixin.py:115} INFO - [2022-09-12 23:52:41,720] {dagbag.py:507} INFO - Filling up the DagBag from /home/airflow/.local/lib/python3.7/site-packages/airflow/example_dags/example_local_kubernetes_executor.py
[2022-09-12 23:52:41,735] {processor.py:651} INFO - DAG(s) dict_keys(['example_local_kubernetes_executor']) retrieved from /home/airflow/.local/lib/python3.7/site-packages/airflow/example_dags/example_local_kubernetes_executor.py
[2022-09-12 23:52:41,761] {logging_mixin.py:115} INFO - [2022-09-12 23:52:41,761] {dag.py:2371} INFO - Sync 1 DAGs
[2022-09-12 23:52:41,773] {logging_mixin.py:115} INFO - [2022-09-12 23:52:41,773] {dag.py:2919} INFO - Setting next_dagrun for example_local_kubernetes_executor to None, run_after=None
[2022-09-12 23:52:41,780] {processor.py:161} INFO - Processing /home/airflow/.local/lib/python3.7/site-packages/airflow/example_dags/example_local_kubernetes_executor.py took 0.069 seconds
[2022-09-12 23:53:12,288] {processor.py:153} INFO - Started process (PID=711) to work on /home/airflow/.local/lib/python3.7/site-packages/airflow/example_dags/example_local_kubernetes_executor.py
[2022-09-12 23:53:12,290] {processor.py:641} INFO - Processing file /home/airflow/.local/lib/python3.7/site-packages/airflow/example_dags/example_local_kubernetes_executor.py for tasks to queue
[2022-09-12 23:53:12,291] {logging_mixin.py:115} INFO - [2022-09-12 23:53:12,291] {dagbag.py:507} INFO - Filling up the DagBag from /home/airflow/.local/lib/python3.7/site-packages/airflow/example_dags/example_local_kubernetes_executor.py
[2022-09-12 23:53:12,302] {processor.py:651} INFO - DAG(s) dict_keys(['example_local_kubernetes_executor']) retrieved from /home/airflow/.local/lib/python3.7/site-packages/airflow/example_dags/example_local_kubernetes_executor.py
[2022-09-12 23:53:12,323] {logging_mixin.py:115} INFO - [2022-09-12 23:53:12,322] {dag.py:2371} INFO - Sync 1 DAGs
[2022-09-12 23:53:12,335] {logging_mixin.py:115} INFO - [2022-09-12 23:53:12,335] {dag.py:2919} INFO - Setting next_dagrun for example_local_kubernetes_executor to None, run_after=None
[2022-09-12 23:53:12,342] {processor.py:161} INFO - Processing /home/airflow/.local/lib/python3.7/site-packages/airflow/example_dags/example_local_kubernetes_executor.py took 0.056 seconds
[2022-09-12 23:53:42,872] {processor.py:153} INFO - Started process (PID=771) to work on /home/airflow/.local/lib/python3.7/site-packages/airflow/example_dags/example_local_kubernetes_executor.py
[2022-09-12 23:53:42,873] {processor.py:641} INFO - Processing file /home/airflow/.local/lib/python3.7/site-packages/airflow/example_dags/example_local_kubernetes_executor.py for tasks to queue
[2022-09-12 23:53:42,874] {logging_mixin.py:115} INFO - [2022-09-12 23:53:42,874] {dagbag.py:507} INFO - Filling up the DagBag from /home/airflow/.local/lib/python3.7/site-packages/airflow/example_dags/example_local_kubernetes_executor.py
[2022-09-12 23:53:42,885] {processor.py:651} INFO - DAG(s) dict_keys(['example_local_kubernetes_executor']) retrieved from /home/airflow/.local/lib/python3.7/site-packages/airflow/example_dags/example_local_kubernetes_executor.py
[2022-09-12 23:53:42,902] {logging_mixin.py:115} INFO - [2022-09-12 23:53:42,902] {dag.py:2371} INFO - Sync 1 DAGs
[2022-09-12 23:53:42,915] {logging_mixin.py:115} INFO - [2022-09-12 23:53:42,915] {dag.py:2919} INFO - Setting next_dagrun for example_local_kubernetes_executor to None, run_after=None
[2022-09-12 23:53:42,921] {processor.py:161} INFO - Processing /home/airflow/.local/lib/python3.7/site-packages/airflow/example_dags/example_local_kubernetes_executor.py took 0.051 seconds
[2022-09-12 23:54:13,561] {processor.py:153} INFO - Started process (PID=829) to work on /home/airflow/.local/lib/python3.7/site-packages/airflow/example_dags/example_local_kubernetes_executor.py
[2022-09-12 23:54:13,563] {processor.py:641} INFO - Processing file /home/airflow/.local/lib/python3.7/site-packages/airflow/example_dags/example_local_kubernetes_executor.py for tasks to queue
[2022-09-12 23:54:13,564] {logging_mixin.py:115} INFO - [2022-09-12 23:54:13,564] {dagbag.py:507} INFO - Filling up the DagBag from /home/airflow/.local/lib/python3.7/site-packages/airflow/example_dags/example_local_kubernetes_executor.py
[2022-09-12 23:54:13,581] {processor.py:651} INFO - DAG(s) dict_keys(['example_local_kubernetes_executor']) retrieved from /home/airflow/.local/lib/python3.7/site-packages/airflow/example_dags/example_local_kubernetes_executor.py
[2022-09-12 23:54:13,605] {logging_mixin.py:115} INFO - [2022-09-12 23:54:13,605] {dag.py:2371} INFO - Sync 1 DAGs
[2022-09-12 23:54:13,627] {logging_mixin.py:115} INFO - [2022-09-12 23:54:13,627] {dag.py:2919} INFO - Setting next_dagrun for example_local_kubernetes_executor to None, run_after=None
[2022-09-12 23:54:13,636] {processor.py:161} INFO - Processing /home/airflow/.local/lib/python3.7/site-packages/airflow/example_dags/example_local_kubernetes_executor.py took 0.078 seconds
[2022-09-12 23:54:44,359] {processor.py:153} INFO - Started process (PID=883) to work on /home/airflow/.local/lib/python3.7/site-packages/airflow/example_dags/example_local_kubernetes_executor.py
[2022-09-12 23:54:44,360] {processor.py:641} INFO - Processing file /home/airflow/.local/lib/python3.7/site-packages/airflow/example_dags/example_local_kubernetes_executor.py for tasks to queue
[2022-09-12 23:54:44,362] {logging_mixin.py:115} INFO - [2022-09-12 23:54:44,362] {dagbag.py:507} INFO - Filling up the DagBag from /home/airflow/.local/lib/python3.7/site-packages/airflow/example_dags/example_local_kubernetes_executor.py
[2022-09-12 23:54:44,373] {processor.py:651} INFO - DAG(s) dict_keys(['example_local_kubernetes_executor']) retrieved from /home/airflow/.local/lib/python3.7/site-packages/airflow/example_dags/example_local_kubernetes_executor.py
[2022-09-12 23:54:44,390] {logging_mixin.py:115} INFO - [2022-09-12 23:54:44,390] {dag.py:2371} INFO - Sync 1 DAGs
[2022-09-12 23:54:44,405] {logging_mixin.py:115} INFO - [2022-09-12 23:54:44,405] {dag.py:2919} INFO - Setting next_dagrun for example_local_kubernetes_executor to None, run_after=None
[2022-09-12 23:54:44,416] {processor.py:161} INFO - Processing /home/airflow/.local/lib/python3.7/site-packages/airflow/example_dags/example_local_kubernetes_executor.py took 0.059 seconds
[2022-09-12 23:55:15,308] {processor.py:153} INFO - Started process (PID=944) to work on /home/airflow/.local/lib/python3.7/site-packages/airflow/example_dags/example_local_kubernetes_executor.py
[2022-09-12 23:55:15,309] {processor.py:641} INFO - Processing file /home/airflow/.local/lib/python3.7/site-packages/airflow/example_dags/example_local_kubernetes_executor.py for tasks to queue
[2022-09-12 23:55:15,310] {logging_mixin.py:115} INFO - [2022-09-12 23:55:15,310] {dagbag.py:507} INFO - Filling up the DagBag from /home/airflow/.local/lib/python3.7/site-packages/airflow/example_dags/example_local_kubernetes_executor.py
[2022-09-12 23:55:15,322] {processor.py:651} INFO - DAG(s) dict_keys(['example_local_kubernetes_executor']) retrieved from /home/airflow/.local/lib/python3.7/site-packages/airflow/example_dags/example_local_kubernetes_executor.py
[2022-09-12 23:55:15,338] {logging_mixin.py:115} INFO - [2022-09-12 23:55:15,338] {dag.py:2371} INFO - Sync 1 DAGs
[2022-09-12 23:55:15,351] {logging_mixin.py:115} INFO - [2022-09-12 23:55:15,351] {dag.py:2919} INFO - Setting next_dagrun for example_local_kubernetes_executor to None, run_after=None
[2022-09-12 23:55:15,358] {processor.py:161} INFO - Processing /home/airflow/.local/lib/python3.7/site-packages/airflow/example_dags/example_local_kubernetes_executor.py took 0.052 seconds
[2022-09-12 23:55:46,010] {processor.py:153} INFO - Started process (PID=1005) to work on /home/airflow/.local/lib/python3.7/site-packages/airflow/example_dags/example_local_kubernetes_executor.py
[2022-09-12 23:55:46,012] {processor.py:641} INFO - Processing file /home/airflow/.local/lib/python3.7/site-packages/airflow/example_dags/example_local_kubernetes_executor.py for tasks to queue
[2022-09-12 23:55:46,013] {logging_mixin.py:115} INFO - [2022-09-12 23:55:46,013] {dagbag.py:507} INFO - Filling up the DagBag from /home/airflow/.local/lib/python3.7/site-packages/airflow/example_dags/example_local_kubernetes_executor.py
[2022-09-12 23:55:46,024] {processor.py:651} INFO - DAG(s) dict_keys(['example_local_kubernetes_executor']) retrieved from /home/airflow/.local/lib/python3.7/site-packages/airflow/example_dags/example_local_kubernetes_executor.py
[2022-09-12 23:55:46,044] {logging_mixin.py:115} INFO - [2022-09-12 23:55:46,044] {dag.py:2371} INFO - Sync 1 DAGs
[2022-09-12 23:55:46,057] {logging_mixin.py:115} INFO - [2022-09-12 23:55:46,057] {dag.py:2919} INFO - Setting next_dagrun for example_local_kubernetes_executor to None, run_after=None
[2022-09-12 23:55:46,064] {processor.py:161} INFO - Processing /home/airflow/.local/lib/python3.7/site-packages/airflow/example_dags/example_local_kubernetes_executor.py took 0.056 seconds
[2022-09-12 23:56:16,570] {processor.py:153} INFO - Started process (PID=1067) to work on /home/airflow/.local/lib/python3.7/site-packages/airflow/example_dags/example_local_kubernetes_executor.py
[2022-09-12 23:56:16,572] {processor.py:641} INFO - Processing file /home/airflow/.local/lib/python3.7/site-packages/airflow/example_dags/example_local_kubernetes_executor.py for tasks to queue
[2022-09-12 23:56:16,573] {logging_mixin.py:115} INFO - [2022-09-12 23:56:16,573] {dagbag.py:507} INFO - Filling up the DagBag from /home/airflow/.local/lib/python3.7/site-packages/airflow/example_dags/example_local_kubernetes_executor.py
[2022-09-12 23:56:16,585] {processor.py:651} INFO - DAG(s) dict_keys(['example_local_kubernetes_executor']) retrieved from /home/airflow/.local/lib/python3.7/site-packages/airflow/example_dags/example_local_kubernetes_executor.py
[2022-09-12 23:56:16,607] {logging_mixin.py:115} INFO - [2022-09-12 23:56:16,606] {dag.py:2371} INFO - Sync 1 DAGs
[2022-09-12 23:56:16,625] {logging_mixin.py:115} INFO - [2022-09-12 23:56:16,625] {dag.py:2919} INFO - Setting next_dagrun for example_local_kubernetes_executor to None, run_after=None
[2022-09-12 23:56:16,633] {processor.py:161} INFO - Processing /home/airflow/.local/lib/python3.7/site-packages/airflow/example_dags/example_local_kubernetes_executor.py took 0.065 seconds
[2022-09-12 23:56:47,017] {processor.py:153} INFO - Started process (PID=1128) to work on /home/airflow/.local/lib/python3.7/site-packages/airflow/example_dags/example_local_kubernetes_executor.py
[2022-09-12 23:56:47,020] {processor.py:641} INFO - Processing file /home/airflow/.local/lib/python3.7/site-packages/airflow/example_dags/example_local_kubernetes_executor.py for tasks to queue
[2022-09-12 23:56:47,021] {logging_mixin.py:115} INFO - [2022-09-12 23:56:47,021] {dagbag.py:507} INFO - Filling up the DagBag from /home/airflow/.local/lib/python3.7/site-packages/airflow/example_dags/example_local_kubernetes_executor.py
[2022-09-12 23:56:47,034] {processor.py:651} INFO - DAG(s) dict_keys(['example_local_kubernetes_executor']) retrieved from /home/airflow/.local/lib/python3.7/site-packages/airflow/example_dags/example_local_kubernetes_executor.py
[2022-09-12 23:56:47,056] {logging_mixin.py:115} INFO - [2022-09-12 23:56:47,056] {dag.py:2371} INFO - Sync 1 DAGs
[2022-09-12 23:56:47,068] {logging_mixin.py:115} INFO - [2022-09-12 23:56:47,068] {dag.py:2919} INFO - Setting next_dagrun for example_local_kubernetes_executor to None, run_after=None
[2022-09-12 23:56:47,075] {processor.py:161} INFO - Processing /home/airflow/.local/lib/python3.7/site-packages/airflow/example_dags/example_local_kubernetes_executor.py took 0.061 seconds
[2022-09-12 23:57:17,787] {processor.py:153} INFO - Started process (PID=1181) to work on /home/airflow/.local/lib/python3.7/site-packages/airflow/example_dags/example_local_kubernetes_executor.py
[2022-09-12 23:57:17,788] {processor.py:641} INFO - Processing file /home/airflow/.local/lib/python3.7/site-packages/airflow/example_dags/example_local_kubernetes_executor.py for tasks to queue
[2022-09-12 23:57:17,789] {logging_mixin.py:115} INFO - [2022-09-12 23:57:17,789] {dagbag.py:507} INFO - Filling up the DagBag from /home/airflow/.local/lib/python3.7/site-packages/airflow/example_dags/example_local_kubernetes_executor.py
[2022-09-12 23:57:17,803] {processor.py:651} INFO - DAG(s) dict_keys(['example_local_kubernetes_executor']) retrieved from /home/airflow/.local/lib/python3.7/site-packages/airflow/example_dags/example_local_kubernetes_executor.py
[2022-09-12 23:57:17,825] {logging_mixin.py:115} INFO - [2022-09-12 23:57:17,825] {dag.py:2371} INFO - Sync 1 DAGs
[2022-09-12 23:57:17,838] {logging_mixin.py:115} INFO - [2022-09-12 23:57:17,838] {dag.py:2919} INFO - Setting next_dagrun for example_local_kubernetes_executor to None, run_after=None
[2022-09-12 23:57:17,847] {processor.py:161} INFO - Processing /home/airflow/.local/lib/python3.7/site-packages/airflow/example_dags/example_local_kubernetes_executor.py took 0.062 seconds
[2022-09-12 23:57:48,536] {processor.py:153} INFO - Started process (PID=1242) to work on /home/airflow/.local/lib/python3.7/site-packages/airflow/example_dags/example_local_kubernetes_executor.py
[2022-09-12 23:57:48,537] {processor.py:641} INFO - Processing file /home/airflow/.local/lib/python3.7/site-packages/airflow/example_dags/example_local_kubernetes_executor.py for tasks to queue
[2022-09-12 23:57:48,538] {logging_mixin.py:115} INFO - [2022-09-12 23:57:48,538] {dagbag.py:507} INFO - Filling up the DagBag from /home/airflow/.local/lib/python3.7/site-packages/airflow/example_dags/example_local_kubernetes_executor.py
[2022-09-12 23:57:48,553] {processor.py:651} INFO - DAG(s) dict_keys(['example_local_kubernetes_executor']) retrieved from /home/airflow/.local/lib/python3.7/site-packages/airflow/example_dags/example_local_kubernetes_executor.py
[2022-09-12 23:57:48,570] {logging_mixin.py:115} INFO - [2022-09-12 23:57:48,570] {dag.py:2371} INFO - Sync 1 DAGs
[2022-09-12 23:57:48,583] {logging_mixin.py:115} INFO - [2022-09-12 23:57:48,583] {dag.py:2919} INFO - Setting next_dagrun for example_local_kubernetes_executor to None, run_after=None
[2022-09-12 23:57:48,591] {processor.py:161} INFO - Processing /home/airflow/.local/lib/python3.7/site-packages/airflow/example_dags/example_local_kubernetes_executor.py took 0.057 seconds
[2022-09-12 23:58:19,255] {processor.py:153} INFO - Started process (PID=1304) to work on /home/airflow/.local/lib/python3.7/site-packages/airflow/example_dags/example_local_kubernetes_executor.py
[2022-09-12 23:58:19,256] {processor.py:641} INFO - Processing file /home/airflow/.local/lib/python3.7/site-packages/airflow/example_dags/example_local_kubernetes_executor.py for tasks to queue
[2022-09-12 23:58:19,257] {logging_mixin.py:115} INFO - [2022-09-12 23:58:19,257] {dagbag.py:507} INFO - Filling up the DagBag from /home/airflow/.local/lib/python3.7/site-packages/airflow/example_dags/example_local_kubernetes_executor.py
[2022-09-12 23:58:19,269] {processor.py:651} INFO - DAG(s) dict_keys(['example_local_kubernetes_executor']) retrieved from /home/airflow/.local/lib/python3.7/site-packages/airflow/example_dags/example_local_kubernetes_executor.py
[2022-09-12 23:58:19,295] {logging_mixin.py:115} INFO - [2022-09-12 23:58:19,295] {dag.py:2371} INFO - Sync 1 DAGs
[2022-09-12 23:58:19,312] {logging_mixin.py:115} INFO - [2022-09-12 23:58:19,312] {dag.py:2919} INFO - Setting next_dagrun for example_local_kubernetes_executor to None, run_after=None
[2022-09-12 23:58:19,320] {processor.py:161} INFO - Processing /home/airflow/.local/lib/python3.7/site-packages/airflow/example_dags/example_local_kubernetes_executor.py took 0.068 seconds
[2022-09-12 23:58:50,080] {processor.py:153} INFO - Started process (PID=1365) to work on /home/airflow/.local/lib/python3.7/site-packages/airflow/example_dags/example_local_kubernetes_executor.py
[2022-09-12 23:58:50,081] {processor.py:641} INFO - Processing file /home/airflow/.local/lib/python3.7/site-packages/airflow/example_dags/example_local_kubernetes_executor.py for tasks to queue
[2022-09-12 23:58:50,082] {logging_mixin.py:115} INFO - [2022-09-12 23:58:50,082] {dagbag.py:507} INFO - Filling up the DagBag from /home/airflow/.local/lib/python3.7/site-packages/airflow/example_dags/example_local_kubernetes_executor.py
[2022-09-12 23:58:50,093] {processor.py:651} INFO - DAG(s) dict_keys(['example_local_kubernetes_executor']) retrieved from /home/airflow/.local/lib/python3.7/site-packages/airflow/example_dags/example_local_kubernetes_executor.py
[2022-09-12 23:58:50,111] {logging_mixin.py:115} INFO - [2022-09-12 23:58:50,111] {dag.py:2371} INFO - Sync 1 DAGs
[2022-09-12 23:58:50,124] {logging_mixin.py:115} INFO - [2022-09-12 23:58:50,123] {dag.py:2919} INFO - Setting next_dagrun for example_local_kubernetes_executor to None, run_after=None
[2022-09-12 23:58:50,132] {processor.py:161} INFO - Processing /home/airflow/.local/lib/python3.7/site-packages/airflow/example_dags/example_local_kubernetes_executor.py took 0.054 seconds
[2022-09-12 23:59:20,615] {processor.py:153} INFO - Started process (PID=1426) to work on /home/airflow/.local/lib/python3.7/site-packages/airflow/example_dags/example_local_kubernetes_executor.py
[2022-09-12 23:59:20,617] {processor.py:641} INFO - Processing file /home/airflow/.local/lib/python3.7/site-packages/airflow/example_dags/example_local_kubernetes_executor.py for tasks to queue
[2022-09-12 23:59:20,618] {logging_mixin.py:115} INFO - [2022-09-12 23:59:20,618] {dagbag.py:507} INFO - Filling up the DagBag from /home/airflow/.local/lib/python3.7/site-packages/airflow/example_dags/example_local_kubernetes_executor.py
[2022-09-12 23:59:20,627] {processor.py:651} INFO - DAG(s) dict_keys(['example_local_kubernetes_executor']) retrieved from /home/airflow/.local/lib/python3.7/site-packages/airflow/example_dags/example_local_kubernetes_executor.py
[2022-09-12 23:59:20,647] {logging_mixin.py:115} INFO - [2022-09-12 23:59:20,647] {dag.py:2371} INFO - Sync 1 DAGs
[2022-09-12 23:59:20,659] {logging_mixin.py:115} INFO - [2022-09-12 23:59:20,659] {dag.py:2919} INFO - Setting next_dagrun for example_local_kubernetes_executor to None, run_after=None
[2022-09-12 23:59:20,666] {processor.py:161} INFO - Processing /home/airflow/.local/lib/python3.7/site-packages/airflow/example_dags/example_local_kubernetes_executor.py took 0.053 seconds
