[2022-09-12 23:47:26,974] {processor.py:153} INFO - Started process (PID=34) to work on /home/airflow/.local/lib/python3.7/site-packages/airflow/example_dags/example_trigger_controller_dag.py
[2022-09-12 23:47:26,977] {processor.py:641} INFO - Processing file /home/airflow/.local/lib/python3.7/site-packages/airflow/example_dags/example_trigger_controller_dag.py for tasks to queue
[2022-09-12 23:47:26,980] {logging_mixin.py:115} INFO - [2022-09-12 23:47:26,980] {dagbag.py:507} INFO - Filling up the DagBag from /home/airflow/.local/lib/python3.7/site-packages/airflow/example_dags/example_trigger_controller_dag.py
[2022-09-12 23:47:26,989] {processor.py:651} INFO - DAG(s) dict_keys(['example_trigger_controller_dag']) retrieved from /home/airflow/.local/lib/python3.7/site-packages/airflow/example_dags/example_trigger_controller_dag.py
[2022-09-12 23:47:27,727] {logging_mixin.py:115} INFO - [2022-09-12 23:47:27,727] {manager.py:508} INFO - Created Permission View: can read on DAG:example_trigger_controller_dag
[2022-09-12 23:47:27,764] {logging_mixin.py:115} INFO - [2022-09-12 23:47:27,763] {manager.py:508} INFO - Created Permission View: can delete on DAG:example_trigger_controller_dag
[2022-09-12 23:47:27,790] {logging_mixin.py:115} INFO - [2022-09-12 23:47:27,790] {manager.py:508} INFO - Created Permission View: can edit on DAG:example_trigger_controller_dag
[2022-09-12 23:47:27,791] {logging_mixin.py:115} INFO - [2022-09-12 23:47:27,791] {dag.py:2371} INFO - Sync 1 DAGs
[2022-09-12 23:47:27,807] {logging_mixin.py:115} INFO - [2022-09-12 23:47:27,807] {dag.py:2390} INFO - Creating ORM DAG for example_trigger_controller_dag
[2022-09-12 23:47:27,831] {logging_mixin.py:115} INFO - [2022-09-12 23:47:27,831] {dag.py:2919} INFO - Setting next_dagrun for example_trigger_controller_dag to 2021-01-01T00:00:00+00:00, run_after=2021-01-01T00:00:00+00:00
[2022-09-12 23:47:27,916] {processor.py:161} INFO - Processing /home/airflow/.local/lib/python3.7/site-packages/airflow/example_dags/example_trigger_controller_dag.py took 0.950 seconds
[2022-09-12 23:47:58,333] {processor.py:153} INFO - Started process (PID=95) to work on /home/airflow/.local/lib/python3.7/site-packages/airflow/example_dags/example_trigger_controller_dag.py
[2022-09-12 23:47:58,338] {processor.py:641} INFO - Processing file /home/airflow/.local/lib/python3.7/site-packages/airflow/example_dags/example_trigger_controller_dag.py for tasks to queue
[2022-09-12 23:47:58,340] {logging_mixin.py:115} INFO - [2022-09-12 23:47:58,340] {dagbag.py:507} INFO - Filling up the DagBag from /home/airflow/.local/lib/python3.7/site-packages/airflow/example_dags/example_trigger_controller_dag.py
[2022-09-12 23:47:58,350] {processor.py:651} INFO - DAG(s) dict_keys(['example_trigger_controller_dag']) retrieved from /home/airflow/.local/lib/python3.7/site-packages/airflow/example_dags/example_trigger_controller_dag.py
[2022-09-12 23:47:58,387] {logging_mixin.py:115} INFO - [2022-09-12 23:47:58,387] {dag.py:2371} INFO - Sync 1 DAGs
[2022-09-12 23:47:58,409] {logging_mixin.py:115} INFO - [2022-09-12 23:47:58,409] {dag.py:2919} INFO - Setting next_dagrun for example_trigger_controller_dag to 2021-01-01T00:00:00+00:00, run_after=2021-01-01T00:00:00+00:00
[2022-09-12 23:47:58,418] {processor.py:161} INFO - Processing /home/airflow/.local/lib/python3.7/site-packages/airflow/example_dags/example_trigger_controller_dag.py took 0.092 seconds
[2022-09-12 23:48:29,188] {processor.py:153} INFO - Started process (PID=156) to work on /home/airflow/.local/lib/python3.7/site-packages/airflow/example_dags/example_trigger_controller_dag.py
[2022-09-12 23:48:29,193] {processor.py:641} INFO - Processing file /home/airflow/.local/lib/python3.7/site-packages/airflow/example_dags/example_trigger_controller_dag.py for tasks to queue
[2022-09-12 23:48:29,195] {logging_mixin.py:115} INFO - [2022-09-12 23:48:29,195] {dagbag.py:507} INFO - Filling up the DagBag from /home/airflow/.local/lib/python3.7/site-packages/airflow/example_dags/example_trigger_controller_dag.py
[2022-09-12 23:48:29,208] {processor.py:651} INFO - DAG(s) dict_keys(['example_trigger_controller_dag']) retrieved from /home/airflow/.local/lib/python3.7/site-packages/airflow/example_dags/example_trigger_controller_dag.py
[2022-09-12 23:48:29,236] {logging_mixin.py:115} INFO - [2022-09-12 23:48:29,236] {dag.py:2371} INFO - Sync 1 DAGs
[2022-09-12 23:48:29,257] {logging_mixin.py:115} INFO - [2022-09-12 23:48:29,257] {dag.py:2919} INFO - Setting next_dagrun for example_trigger_controller_dag to 2021-01-01T00:00:00+00:00, run_after=2021-01-01T00:00:00+00:00
[2022-09-12 23:48:29,266] {processor.py:161} INFO - Processing /home/airflow/.local/lib/python3.7/site-packages/airflow/example_dags/example_trigger_controller_dag.py took 0.084 seconds
[2022-09-12 23:49:00,126] {processor.py:153} INFO - Started process (PID=217) to work on /home/airflow/.local/lib/python3.7/site-packages/airflow/example_dags/example_trigger_controller_dag.py
[2022-09-12 23:49:00,129] {processor.py:641} INFO - Processing file /home/airflow/.local/lib/python3.7/site-packages/airflow/example_dags/example_trigger_controller_dag.py for tasks to queue
[2022-09-12 23:49:00,131] {logging_mixin.py:115} INFO - [2022-09-12 23:49:00,130] {dagbag.py:507} INFO - Filling up the DagBag from /home/airflow/.local/lib/python3.7/site-packages/airflow/example_dags/example_trigger_controller_dag.py
[2022-09-12 23:49:00,139] {processor.py:651} INFO - DAG(s) dict_keys(['example_trigger_controller_dag']) retrieved from /home/airflow/.local/lib/python3.7/site-packages/airflow/example_dags/example_trigger_controller_dag.py
[2022-09-12 23:49:00,178] {logging_mixin.py:115} INFO - [2022-09-12 23:49:00,177] {dag.py:2371} INFO - Sync 1 DAGs
[2022-09-12 23:49:00,204] {logging_mixin.py:115} INFO - [2022-09-12 23:49:00,204] {dag.py:2919} INFO - Setting next_dagrun for example_trigger_controller_dag to 2021-01-01T00:00:00+00:00, run_after=2021-01-01T00:00:00+00:00
[2022-09-12 23:49:00,225] {processor.py:161} INFO - Processing /home/airflow/.local/lib/python3.7/site-packages/airflow/example_dags/example_trigger_controller_dag.py took 0.107 seconds
[2022-09-12 23:49:30,602] {processor.py:153} INFO - Started process (PID=269) to work on /home/airflow/.local/lib/python3.7/site-packages/airflow/example_dags/example_trigger_controller_dag.py
[2022-09-12 23:49:30,607] {processor.py:641} INFO - Processing file /home/airflow/.local/lib/python3.7/site-packages/airflow/example_dags/example_trigger_controller_dag.py for tasks to queue
[2022-09-12 23:49:30,609] {logging_mixin.py:115} INFO - [2022-09-12 23:49:30,609] {dagbag.py:507} INFO - Filling up the DagBag from /home/airflow/.local/lib/python3.7/site-packages/airflow/example_dags/example_trigger_controller_dag.py
[2022-09-12 23:49:30,617] {processor.py:651} INFO - DAG(s) dict_keys(['example_trigger_controller_dag']) retrieved from /home/airflow/.local/lib/python3.7/site-packages/airflow/example_dags/example_trigger_controller_dag.py
[2022-09-12 23:49:30,656] {logging_mixin.py:115} INFO - [2022-09-12 23:49:30,656] {dag.py:2371} INFO - Sync 1 DAGs
[2022-09-12 23:49:30,679] {logging_mixin.py:115} INFO - [2022-09-12 23:49:30,679] {dag.py:2919} INFO - Setting next_dagrun for example_trigger_controller_dag to 2021-01-01T00:00:00+00:00, run_after=2021-01-01T00:00:00+00:00
[2022-09-12 23:49:30,693] {processor.py:161} INFO - Processing /home/airflow/.local/lib/python3.7/site-packages/airflow/example_dags/example_trigger_controller_dag.py took 0.097 seconds
[2022-09-12 23:50:01,646] {processor.py:153} INFO - Started process (PID=331) to work on /home/airflow/.local/lib/python3.7/site-packages/airflow/example_dags/example_trigger_controller_dag.py
[2022-09-12 23:50:01,649] {processor.py:641} INFO - Processing file /home/airflow/.local/lib/python3.7/site-packages/airflow/example_dags/example_trigger_controller_dag.py for tasks to queue
[2022-09-12 23:50:01,651] {logging_mixin.py:115} INFO - [2022-09-12 23:50:01,651] {dagbag.py:507} INFO - Filling up the DagBag from /home/airflow/.local/lib/python3.7/site-packages/airflow/example_dags/example_trigger_controller_dag.py
[2022-09-12 23:50:01,666] {processor.py:651} INFO - DAG(s) dict_keys(['example_trigger_controller_dag']) retrieved from /home/airflow/.local/lib/python3.7/site-packages/airflow/example_dags/example_trigger_controller_dag.py
[2022-09-12 23:50:01,727] {logging_mixin.py:115} INFO - [2022-09-12 23:50:01,727] {dag.py:2371} INFO - Sync 1 DAGs
[2022-09-12 23:50:01,774] {logging_mixin.py:115} INFO - [2022-09-12 23:50:01,774] {dag.py:2919} INFO - Setting next_dagrun for example_trigger_controller_dag to 2021-01-01T00:00:00+00:00, run_after=2021-01-01T00:00:00+00:00
[2022-09-12 23:50:01,791] {processor.py:161} INFO - Processing /home/airflow/.local/lib/python3.7/site-packages/airflow/example_dags/example_trigger_controller_dag.py took 0.151 seconds
[2022-09-12 23:50:32,620] {processor.py:153} INFO - Started process (PID=391) to work on /home/airflow/.local/lib/python3.7/site-packages/airflow/example_dags/example_trigger_controller_dag.py
[2022-09-12 23:50:32,623] {processor.py:641} INFO - Processing file /home/airflow/.local/lib/python3.7/site-packages/airflow/example_dags/example_trigger_controller_dag.py for tasks to queue
[2022-09-12 23:50:32,625] {logging_mixin.py:115} INFO - [2022-09-12 23:50:32,625] {dagbag.py:507} INFO - Filling up the DagBag from /home/airflow/.local/lib/python3.7/site-packages/airflow/example_dags/example_trigger_controller_dag.py
[2022-09-12 23:50:32,633] {processor.py:651} INFO - DAG(s) dict_keys(['example_trigger_controller_dag']) retrieved from /home/airflow/.local/lib/python3.7/site-packages/airflow/example_dags/example_trigger_controller_dag.py
[2022-09-12 23:50:32,680] {logging_mixin.py:115} INFO - [2022-09-12 23:50:32,680] {dag.py:2371} INFO - Sync 1 DAGs
[2022-09-12 23:50:32,711] {logging_mixin.py:115} INFO - [2022-09-12 23:50:32,710] {dag.py:2919} INFO - Setting next_dagrun for example_trigger_controller_dag to 2021-01-01T00:00:00+00:00, run_after=2021-01-01T00:00:00+00:00
[2022-09-12 23:50:32,720] {processor.py:161} INFO - Processing /home/airflow/.local/lib/python3.7/site-packages/airflow/example_dags/example_trigger_controller_dag.py took 0.107 seconds
[2022-09-12 23:51:03,131] {processor.py:153} INFO - Started process (PID=453) to work on /home/airflow/.local/lib/python3.7/site-packages/airflow/example_dags/example_trigger_controller_dag.py
[2022-09-12 23:51:03,134] {processor.py:641} INFO - Processing file /home/airflow/.local/lib/python3.7/site-packages/airflow/example_dags/example_trigger_controller_dag.py for tasks to queue
[2022-09-12 23:51:03,136] {logging_mixin.py:115} INFO - [2022-09-12 23:51:03,136] {dagbag.py:507} INFO - Filling up the DagBag from /home/airflow/.local/lib/python3.7/site-packages/airflow/example_dags/example_trigger_controller_dag.py
[2022-09-12 23:51:03,144] {processor.py:651} INFO - DAG(s) dict_keys(['example_trigger_controller_dag']) retrieved from /home/airflow/.local/lib/python3.7/site-packages/airflow/example_dags/example_trigger_controller_dag.py
[2022-09-12 23:51:03,174] {logging_mixin.py:115} INFO - [2022-09-12 23:51:03,174] {dag.py:2371} INFO - Sync 1 DAGs
[2022-09-12 23:51:03,201] {logging_mixin.py:115} INFO - [2022-09-12 23:51:03,201] {dag.py:2919} INFO - Setting next_dagrun for example_trigger_controller_dag to 2021-01-01T00:00:00+00:00, run_after=2021-01-01T00:00:00+00:00
[2022-09-12 23:51:03,211] {processor.py:161} INFO - Processing /home/airflow/.local/lib/python3.7/site-packages/airflow/example_dags/example_trigger_controller_dag.py took 0.084 seconds
[2022-09-12 23:51:33,557] {processor.py:153} INFO - Started process (PID=513) to work on /home/airflow/.local/lib/python3.7/site-packages/airflow/example_dags/example_trigger_controller_dag.py
[2022-09-12 23:51:33,559] {processor.py:641} INFO - Processing file /home/airflow/.local/lib/python3.7/site-packages/airflow/example_dags/example_trigger_controller_dag.py for tasks to queue
[2022-09-12 23:51:33,560] {logging_mixin.py:115} INFO - [2022-09-12 23:51:33,560] {dagbag.py:507} INFO - Filling up the DagBag from /home/airflow/.local/lib/python3.7/site-packages/airflow/example_dags/example_trigger_controller_dag.py
[2022-09-12 23:51:33,568] {processor.py:651} INFO - DAG(s) dict_keys(['example_trigger_controller_dag']) retrieved from /home/airflow/.local/lib/python3.7/site-packages/airflow/example_dags/example_trigger_controller_dag.py
[2022-09-12 23:51:33,607] {logging_mixin.py:115} INFO - [2022-09-12 23:51:33,607] {dag.py:2371} INFO - Sync 1 DAGs
[2022-09-12 23:51:33,639] {logging_mixin.py:115} INFO - [2022-09-12 23:51:33,639] {dag.py:2919} INFO - Setting next_dagrun for example_trigger_controller_dag to 2021-01-01T00:00:00+00:00, run_after=2021-01-01T00:00:00+00:00
[2022-09-12 23:51:33,649] {processor.py:161} INFO - Processing /home/airflow/.local/lib/python3.7/site-packages/airflow/example_dags/example_trigger_controller_dag.py took 0.096 seconds
[2022-09-12 23:52:03,810] {processor.py:153} INFO - Started process (PID=574) to work on /home/airflow/.local/lib/python3.7/site-packages/airflow/example_dags/example_trigger_controller_dag.py
[2022-09-12 23:52:03,813] {processor.py:641} INFO - Processing file /home/airflow/.local/lib/python3.7/site-packages/airflow/example_dags/example_trigger_controller_dag.py for tasks to queue
[2022-09-12 23:52:03,816] {logging_mixin.py:115} INFO - [2022-09-12 23:52:03,816] {dagbag.py:507} INFO - Filling up the DagBag from /home/airflow/.local/lib/python3.7/site-packages/airflow/example_dags/example_trigger_controller_dag.py
[2022-09-12 23:52:03,827] {processor.py:651} INFO - DAG(s) dict_keys(['example_trigger_controller_dag']) retrieved from /home/airflow/.local/lib/python3.7/site-packages/airflow/example_dags/example_trigger_controller_dag.py
[2022-09-12 23:52:03,857] {logging_mixin.py:115} INFO - [2022-09-12 23:52:03,856] {dag.py:2371} INFO - Sync 1 DAGs
[2022-09-12 23:52:03,878] {logging_mixin.py:115} INFO - [2022-09-12 23:52:03,878] {dag.py:2919} INFO - Setting next_dagrun for example_trigger_controller_dag to 2021-01-01T00:00:00+00:00, run_after=2021-01-01T00:00:00+00:00
[2022-09-12 23:52:03,891] {processor.py:161} INFO - Processing /home/airflow/.local/lib/python3.7/site-packages/airflow/example_dags/example_trigger_controller_dag.py took 0.088 seconds
[2022-09-12 23:52:34,094] {processor.py:153} INFO - Started process (PID=625) to work on /home/airflow/.local/lib/python3.7/site-packages/airflow/example_dags/example_trigger_controller_dag.py
[2022-09-12 23:52:34,097] {processor.py:641} INFO - Processing file /home/airflow/.local/lib/python3.7/site-packages/airflow/example_dags/example_trigger_controller_dag.py for tasks to queue
[2022-09-12 23:52:34,099] {logging_mixin.py:115} INFO - [2022-09-12 23:52:34,099] {dagbag.py:507} INFO - Filling up the DagBag from /home/airflow/.local/lib/python3.7/site-packages/airflow/example_dags/example_trigger_controller_dag.py
[2022-09-12 23:52:34,107] {processor.py:651} INFO - DAG(s) dict_keys(['example_trigger_controller_dag']) retrieved from /home/airflow/.local/lib/python3.7/site-packages/airflow/example_dags/example_trigger_controller_dag.py
[2022-09-12 23:52:34,135] {logging_mixin.py:115} INFO - [2022-09-12 23:52:34,134] {dag.py:2371} INFO - Sync 1 DAGs
[2022-09-12 23:52:34,154] {logging_mixin.py:115} INFO - [2022-09-12 23:52:34,154] {dag.py:2919} INFO - Setting next_dagrun for example_trigger_controller_dag to 2021-01-01T00:00:00+00:00, run_after=2021-01-01T00:00:00+00:00
[2022-09-12 23:52:34,162] {processor.py:161} INFO - Processing /home/airflow/.local/lib/python3.7/site-packages/airflow/example_dags/example_trigger_controller_dag.py took 0.074 seconds
[2022-09-12 23:53:04,539] {processor.py:153} INFO - Started process (PID=687) to work on /home/airflow/.local/lib/python3.7/site-packages/airflow/example_dags/example_trigger_controller_dag.py
[2022-09-12 23:53:04,542] {processor.py:641} INFO - Processing file /home/airflow/.local/lib/python3.7/site-packages/airflow/example_dags/example_trigger_controller_dag.py for tasks to queue
[2022-09-12 23:53:04,544] {logging_mixin.py:115} INFO - [2022-09-12 23:53:04,544] {dagbag.py:507} INFO - Filling up the DagBag from /home/airflow/.local/lib/python3.7/site-packages/airflow/example_dags/example_trigger_controller_dag.py
[2022-09-12 23:53:04,555] {processor.py:651} INFO - DAG(s) dict_keys(['example_trigger_controller_dag']) retrieved from /home/airflow/.local/lib/python3.7/site-packages/airflow/example_dags/example_trigger_controller_dag.py
[2022-09-12 23:53:04,589] {logging_mixin.py:115} INFO - [2022-09-12 23:53:04,589] {dag.py:2371} INFO - Sync 1 DAGs
[2022-09-12 23:53:04,609] {logging_mixin.py:115} INFO - [2022-09-12 23:53:04,609] {dag.py:2919} INFO - Setting next_dagrun for example_trigger_controller_dag to 2021-01-01T00:00:00+00:00, run_after=2021-01-01T00:00:00+00:00
[2022-09-12 23:53:04,617] {processor.py:161} INFO - Processing /home/airflow/.local/lib/python3.7/site-packages/airflow/example_dags/example_trigger_controller_dag.py took 0.088 seconds
[2022-09-12 23:53:35,128] {processor.py:153} INFO - Started process (PID=747) to work on /home/airflow/.local/lib/python3.7/site-packages/airflow/example_dags/example_trigger_controller_dag.py
[2022-09-12 23:53:35,130] {processor.py:641} INFO - Processing file /home/airflow/.local/lib/python3.7/site-packages/airflow/example_dags/example_trigger_controller_dag.py for tasks to queue
[2022-09-12 23:53:35,132] {logging_mixin.py:115} INFO - [2022-09-12 23:53:35,132] {dagbag.py:507} INFO - Filling up the DagBag from /home/airflow/.local/lib/python3.7/site-packages/airflow/example_dags/example_trigger_controller_dag.py
[2022-09-12 23:53:35,144] {processor.py:651} INFO - DAG(s) dict_keys(['example_trigger_controller_dag']) retrieved from /home/airflow/.local/lib/python3.7/site-packages/airflow/example_dags/example_trigger_controller_dag.py
[2022-09-12 23:53:35,181] {logging_mixin.py:115} INFO - [2022-09-12 23:53:35,181] {dag.py:2371} INFO - Sync 1 DAGs
[2022-09-12 23:53:35,204] {logging_mixin.py:115} INFO - [2022-09-12 23:53:35,204] {dag.py:2919} INFO - Setting next_dagrun for example_trigger_controller_dag to 2021-01-01T00:00:00+00:00, run_after=2021-01-01T00:00:00+00:00
[2022-09-12 23:53:35,213] {processor.py:161} INFO - Processing /home/airflow/.local/lib/python3.7/site-packages/airflow/example_dags/example_trigger_controller_dag.py took 0.092 seconds
[2022-09-12 23:54:05,866] {processor.py:153} INFO - Started process (PID=807) to work on /home/airflow/.local/lib/python3.7/site-packages/airflow/example_dags/example_trigger_controller_dag.py
[2022-09-12 23:54:05,869] {processor.py:641} INFO - Processing file /home/airflow/.local/lib/python3.7/site-packages/airflow/example_dags/example_trigger_controller_dag.py for tasks to queue
[2022-09-12 23:54:05,871] {logging_mixin.py:115} INFO - [2022-09-12 23:54:05,870] {dagbag.py:507} INFO - Filling up the DagBag from /home/airflow/.local/lib/python3.7/site-packages/airflow/example_dags/example_trigger_controller_dag.py
[2022-09-12 23:54:05,886] {processor.py:651} INFO - DAG(s) dict_keys(['example_trigger_controller_dag']) retrieved from /home/airflow/.local/lib/python3.7/site-packages/airflow/example_dags/example_trigger_controller_dag.py
[2022-09-12 23:54:05,923] {logging_mixin.py:115} INFO - [2022-09-12 23:54:05,923] {dag.py:2371} INFO - Sync 1 DAGs
[2022-09-12 23:54:05,949] {logging_mixin.py:115} INFO - [2022-09-12 23:54:05,949] {dag.py:2919} INFO - Setting next_dagrun for example_trigger_controller_dag to 2021-01-01T00:00:00+00:00, run_after=2021-01-01T00:00:00+00:00
[2022-09-12 23:54:05,958] {processor.py:161} INFO - Processing /home/airflow/.local/lib/python3.7/site-packages/airflow/example_dags/example_trigger_controller_dag.py took 0.098 seconds
[2022-09-12 23:54:36,431] {processor.py:153} INFO - Started process (PID=868) to work on /home/airflow/.local/lib/python3.7/site-packages/airflow/example_dags/example_trigger_controller_dag.py
[2022-09-12 23:54:36,433] {processor.py:641} INFO - Processing file /home/airflow/.local/lib/python3.7/site-packages/airflow/example_dags/example_trigger_controller_dag.py for tasks to queue
[2022-09-12 23:54:36,435] {logging_mixin.py:115} INFO - [2022-09-12 23:54:36,435] {dagbag.py:507} INFO - Filling up the DagBag from /home/airflow/.local/lib/python3.7/site-packages/airflow/example_dags/example_trigger_controller_dag.py
[2022-09-12 23:54:36,441] {processor.py:651} INFO - DAG(s) dict_keys(['example_trigger_controller_dag']) retrieved from /home/airflow/.local/lib/python3.7/site-packages/airflow/example_dags/example_trigger_controller_dag.py
[2022-09-12 23:54:36,473] {logging_mixin.py:115} INFO - [2022-09-12 23:54:36,473] {dag.py:2371} INFO - Sync 1 DAGs
[2022-09-12 23:54:36,495] {logging_mixin.py:115} INFO - [2022-09-12 23:54:36,495] {dag.py:2919} INFO - Setting next_dagrun for example_trigger_controller_dag to 2021-01-01T00:00:00+00:00, run_after=2021-01-01T00:00:00+00:00
[2022-09-12 23:54:36,504] {processor.py:161} INFO - Processing /home/airflow/.local/lib/python3.7/site-packages/airflow/example_dags/example_trigger_controller_dag.py took 0.078 seconds
[2022-09-12 23:55:07,444] {processor.py:153} INFO - Started process (PID=921) to work on /home/airflow/.local/lib/python3.7/site-packages/airflow/example_dags/example_trigger_controller_dag.py
[2022-09-12 23:55:07,446] {processor.py:641} INFO - Processing file /home/airflow/.local/lib/python3.7/site-packages/airflow/example_dags/example_trigger_controller_dag.py for tasks to queue
[2022-09-12 23:55:07,449] {logging_mixin.py:115} INFO - [2022-09-12 23:55:07,449] {dagbag.py:507} INFO - Filling up the DagBag from /home/airflow/.local/lib/python3.7/site-packages/airflow/example_dags/example_trigger_controller_dag.py
[2022-09-12 23:55:07,462] {processor.py:651} INFO - DAG(s) dict_keys(['example_trigger_controller_dag']) retrieved from /home/airflow/.local/lib/python3.7/site-packages/airflow/example_dags/example_trigger_controller_dag.py
[2022-09-12 23:55:07,493] {logging_mixin.py:115} INFO - [2022-09-12 23:55:07,493] {dag.py:2371} INFO - Sync 1 DAGs
[2022-09-12 23:55:07,523] {logging_mixin.py:115} INFO - [2022-09-12 23:55:07,523] {dag.py:2919} INFO - Setting next_dagrun for example_trigger_controller_dag to 2021-01-01T00:00:00+00:00, run_after=2021-01-01T00:00:00+00:00
[2022-09-12 23:55:07,532] {processor.py:161} INFO - Processing /home/airflow/.local/lib/python3.7/site-packages/airflow/example_dags/example_trigger_controller_dag.py took 0.095 seconds
[2022-09-12 23:55:38,299] {processor.py:153} INFO - Started process (PID=981) to work on /home/airflow/.local/lib/python3.7/site-packages/airflow/example_dags/example_trigger_controller_dag.py
[2022-09-12 23:55:38,301] {processor.py:641} INFO - Processing file /home/airflow/.local/lib/python3.7/site-packages/airflow/example_dags/example_trigger_controller_dag.py for tasks to queue
[2022-09-12 23:55:38,303] {logging_mixin.py:115} INFO - [2022-09-12 23:55:38,303] {dagbag.py:507} INFO - Filling up the DagBag from /home/airflow/.local/lib/python3.7/site-packages/airflow/example_dags/example_trigger_controller_dag.py
[2022-09-12 23:55:38,310] {processor.py:651} INFO - DAG(s) dict_keys(['example_trigger_controller_dag']) retrieved from /home/airflow/.local/lib/python3.7/site-packages/airflow/example_dags/example_trigger_controller_dag.py
[2022-09-12 23:55:38,342] {logging_mixin.py:115} INFO - [2022-09-12 23:55:38,342] {dag.py:2371} INFO - Sync 1 DAGs
[2022-09-12 23:55:38,366] {logging_mixin.py:115} INFO - [2022-09-12 23:55:38,366] {dag.py:2919} INFO - Setting next_dagrun for example_trigger_controller_dag to 2021-01-01T00:00:00+00:00, run_after=2021-01-01T00:00:00+00:00
[2022-09-12 23:55:38,376] {processor.py:161} INFO - Processing /home/airflow/.local/lib/python3.7/site-packages/airflow/example_dags/example_trigger_controller_dag.py took 0.083 seconds
[2022-09-12 23:56:08,860] {processor.py:153} INFO - Started process (PID=1042) to work on /home/airflow/.local/lib/python3.7/site-packages/airflow/example_dags/example_trigger_controller_dag.py
[2022-09-12 23:56:08,862] {processor.py:641} INFO - Processing file /home/airflow/.local/lib/python3.7/site-packages/airflow/example_dags/example_trigger_controller_dag.py for tasks to queue
[2022-09-12 23:56:08,864] {logging_mixin.py:115} INFO - [2022-09-12 23:56:08,864] {dagbag.py:507} INFO - Filling up the DagBag from /home/airflow/.local/lib/python3.7/site-packages/airflow/example_dags/example_trigger_controller_dag.py
[2022-09-12 23:56:08,869] {processor.py:651} INFO - DAG(s) dict_keys(['example_trigger_controller_dag']) retrieved from /home/airflow/.local/lib/python3.7/site-packages/airflow/example_dags/example_trigger_controller_dag.py
[2022-09-12 23:56:08,903] {logging_mixin.py:115} INFO - [2022-09-12 23:56:08,903] {dag.py:2371} INFO - Sync 1 DAGs
[2022-09-12 23:56:08,927] {logging_mixin.py:115} INFO - [2022-09-12 23:56:08,927] {dag.py:2919} INFO - Setting next_dagrun for example_trigger_controller_dag to 2021-01-01T00:00:00+00:00, run_after=2021-01-01T00:00:00+00:00
[2022-09-12 23:56:08,937] {processor.py:161} INFO - Processing /home/airflow/.local/lib/python3.7/site-packages/airflow/example_dags/example_trigger_controller_dag.py took 0.080 seconds
[2022-09-12 23:56:39,460] {processor.py:153} INFO - Started process (PID=1104) to work on /home/airflow/.local/lib/python3.7/site-packages/airflow/example_dags/example_trigger_controller_dag.py
[2022-09-12 23:56:39,462] {processor.py:641} INFO - Processing file /home/airflow/.local/lib/python3.7/site-packages/airflow/example_dags/example_trigger_controller_dag.py for tasks to queue
[2022-09-12 23:56:39,464] {logging_mixin.py:115} INFO - [2022-09-12 23:56:39,463] {dagbag.py:507} INFO - Filling up the DagBag from /home/airflow/.local/lib/python3.7/site-packages/airflow/example_dags/example_trigger_controller_dag.py
[2022-09-12 23:56:39,467] {processor.py:651} INFO - DAG(s) dict_keys(['example_trigger_controller_dag']) retrieved from /home/airflow/.local/lib/python3.7/site-packages/airflow/example_dags/example_trigger_controller_dag.py
[2022-09-12 23:56:39,486] {logging_mixin.py:115} INFO - [2022-09-12 23:56:39,486] {dag.py:2371} INFO - Sync 1 DAGs
[2022-09-12 23:56:39,501] {logging_mixin.py:115} INFO - [2022-09-12 23:56:39,501] {dag.py:2919} INFO - Setting next_dagrun for example_trigger_controller_dag to 2021-01-01T00:00:00+00:00, run_after=2021-01-01T00:00:00+00:00
[2022-09-12 23:56:39,509] {processor.py:161} INFO - Processing /home/airflow/.local/lib/python3.7/site-packages/airflow/example_dags/example_trigger_controller_dag.py took 0.052 seconds
[2022-09-12 23:57:09,998] {processor.py:153} INFO - Started process (PID=1166) to work on /home/airflow/.local/lib/python3.7/site-packages/airflow/example_dags/example_trigger_controller_dag.py
[2022-09-12 23:57:10,001] {processor.py:641} INFO - Processing file /home/airflow/.local/lib/python3.7/site-packages/airflow/example_dags/example_trigger_controller_dag.py for tasks to queue
[2022-09-12 23:57:10,003] {logging_mixin.py:115} INFO - [2022-09-12 23:57:10,003] {dagbag.py:507} INFO - Filling up the DagBag from /home/airflow/.local/lib/python3.7/site-packages/airflow/example_dags/example_trigger_controller_dag.py
[2022-09-12 23:57:10,014] {processor.py:651} INFO - DAG(s) dict_keys(['example_trigger_controller_dag']) retrieved from /home/airflow/.local/lib/python3.7/site-packages/airflow/example_dags/example_trigger_controller_dag.py
[2022-09-12 23:57:10,048] {logging_mixin.py:115} INFO - [2022-09-12 23:57:10,048] {dag.py:2371} INFO - Sync 1 DAGs
[2022-09-12 23:57:10,069] {logging_mixin.py:115} INFO - [2022-09-12 23:57:10,069] {dag.py:2919} INFO - Setting next_dagrun for example_trigger_controller_dag to 2021-01-01T00:00:00+00:00, run_after=2021-01-01T00:00:00+00:00
[2022-09-12 23:57:10,077] {processor.py:161} INFO - Processing /home/airflow/.local/lib/python3.7/site-packages/airflow/example_dags/example_trigger_controller_dag.py took 0.092 seconds
[2022-09-12 23:57:40,722] {processor.py:153} INFO - Started process (PID=1227) to work on /home/airflow/.local/lib/python3.7/site-packages/airflow/example_dags/example_trigger_controller_dag.py
[2022-09-12 23:57:40,724] {processor.py:641} INFO - Processing file /home/airflow/.local/lib/python3.7/site-packages/airflow/example_dags/example_trigger_controller_dag.py for tasks to queue
[2022-09-12 23:57:40,726] {logging_mixin.py:115} INFO - [2022-09-12 23:57:40,725] {dagbag.py:507} INFO - Filling up the DagBag from /home/airflow/.local/lib/python3.7/site-packages/airflow/example_dags/example_trigger_controller_dag.py
[2022-09-12 23:57:40,732] {processor.py:651} INFO - DAG(s) dict_keys(['example_trigger_controller_dag']) retrieved from /home/airflow/.local/lib/python3.7/site-packages/airflow/example_dags/example_trigger_controller_dag.py
[2022-09-12 23:57:40,773] {logging_mixin.py:115} INFO - [2022-09-12 23:57:40,773] {dag.py:2371} INFO - Sync 1 DAGs
[2022-09-12 23:57:40,806] {logging_mixin.py:115} INFO - [2022-09-12 23:57:40,805] {dag.py:2919} INFO - Setting next_dagrun for example_trigger_controller_dag to 2021-01-01T00:00:00+00:00, run_after=2021-01-01T00:00:00+00:00
[2022-09-12 23:57:40,816] {processor.py:161} INFO - Processing /home/airflow/.local/lib/python3.7/site-packages/airflow/example_dags/example_trigger_controller_dag.py took 0.100 seconds
[2022-09-12 23:58:11,521] {processor.py:153} INFO - Started process (PID=1280) to work on /home/airflow/.local/lib/python3.7/site-packages/airflow/example_dags/example_trigger_controller_dag.py
[2022-09-12 23:58:11,525] {processor.py:641} INFO - Processing file /home/airflow/.local/lib/python3.7/site-packages/airflow/example_dags/example_trigger_controller_dag.py for tasks to queue
[2022-09-12 23:58:11,528] {logging_mixin.py:115} INFO - [2022-09-12 23:58:11,528] {dagbag.py:507} INFO - Filling up the DagBag from /home/airflow/.local/lib/python3.7/site-packages/airflow/example_dags/example_trigger_controller_dag.py
[2022-09-12 23:58:11,537] {processor.py:651} INFO - DAG(s) dict_keys(['example_trigger_controller_dag']) retrieved from /home/airflow/.local/lib/python3.7/site-packages/airflow/example_dags/example_trigger_controller_dag.py
[2022-09-12 23:58:11,578] {logging_mixin.py:115} INFO - [2022-09-12 23:58:11,578] {dag.py:2371} INFO - Sync 1 DAGs
[2022-09-12 23:58:11,606] {logging_mixin.py:115} INFO - [2022-09-12 23:58:11,605] {dag.py:2919} INFO - Setting next_dagrun for example_trigger_controller_dag to 2021-01-01T00:00:00+00:00, run_after=2021-01-01T00:00:00+00:00
[2022-09-12 23:58:11,616] {processor.py:161} INFO - Processing /home/airflow/.local/lib/python3.7/site-packages/airflow/example_dags/example_trigger_controller_dag.py took 0.114 seconds
[2022-09-12 23:58:42,289] {processor.py:153} INFO - Started process (PID=1341) to work on /home/airflow/.local/lib/python3.7/site-packages/airflow/example_dags/example_trigger_controller_dag.py
[2022-09-12 23:58:42,292] {processor.py:641} INFO - Processing file /home/airflow/.local/lib/python3.7/site-packages/airflow/example_dags/example_trigger_controller_dag.py for tasks to queue
[2022-09-12 23:58:42,293] {logging_mixin.py:115} INFO - [2022-09-12 23:58:42,293] {dagbag.py:507} INFO - Filling up the DagBag from /home/airflow/.local/lib/python3.7/site-packages/airflow/example_dags/example_trigger_controller_dag.py
[2022-09-12 23:58:42,314] {processor.py:651} INFO - DAG(s) dict_keys(['example_trigger_controller_dag']) retrieved from /home/airflow/.local/lib/python3.7/site-packages/airflow/example_dags/example_trigger_controller_dag.py
[2022-09-12 23:58:42,359] {logging_mixin.py:115} INFO - [2022-09-12 23:58:42,359] {dag.py:2371} INFO - Sync 1 DAGs
[2022-09-12 23:58:42,386] {logging_mixin.py:115} INFO - [2022-09-12 23:58:42,386] {dag.py:2919} INFO - Setting next_dagrun for example_trigger_controller_dag to 2021-01-01T00:00:00+00:00, run_after=2021-01-01T00:00:00+00:00
[2022-09-12 23:58:42,397] {processor.py:161} INFO - Processing /home/airflow/.local/lib/python3.7/site-packages/airflow/example_dags/example_trigger_controller_dag.py took 0.112 seconds
[2022-09-12 23:59:12,884] {processor.py:153} INFO - Started process (PID=1401) to work on /home/airflow/.local/lib/python3.7/site-packages/airflow/example_dags/example_trigger_controller_dag.py
[2022-09-12 23:59:12,887] {processor.py:641} INFO - Processing file /home/airflow/.local/lib/python3.7/site-packages/airflow/example_dags/example_trigger_controller_dag.py for tasks to queue
[2022-09-12 23:59:12,890] {logging_mixin.py:115} INFO - [2022-09-12 23:59:12,890] {dagbag.py:507} INFO - Filling up the DagBag from /home/airflow/.local/lib/python3.7/site-packages/airflow/example_dags/example_trigger_controller_dag.py
[2022-09-12 23:59:12,896] {processor.py:651} INFO - DAG(s) dict_keys(['example_trigger_controller_dag']) retrieved from /home/airflow/.local/lib/python3.7/site-packages/airflow/example_dags/example_trigger_controller_dag.py
[2022-09-12 23:59:12,923] {logging_mixin.py:115} INFO - [2022-09-12 23:59:12,923] {dag.py:2371} INFO - Sync 1 DAGs
[2022-09-12 23:59:12,939] {logging_mixin.py:115} INFO - [2022-09-12 23:59:12,939] {dag.py:2919} INFO - Setting next_dagrun for example_trigger_controller_dag to 2021-01-01T00:00:00+00:00, run_after=2021-01-01T00:00:00+00:00
[2022-09-12 23:59:12,946] {processor.py:161} INFO - Processing /home/airflow/.local/lib/python3.7/site-packages/airflow/example_dags/example_trigger_controller_dag.py took 0.068 seconds
