[2022-09-12 23:47:34,138] {processor.py:153} INFO - Started process (PID=54) to work on /home/airflow/.local/lib/python3.7/site-packages/airflow/example_dags/example_trigger_target_dag.py
[2022-09-12 23:47:34,140] {processor.py:641} INFO - Processing file /home/airflow/.local/lib/python3.7/site-packages/airflow/example_dags/example_trigger_target_dag.py for tasks to queue
[2022-09-12 23:47:34,141] {logging_mixin.py:115} INFO - [2022-09-12 23:47:34,141] {dagbag.py:507} INFO - Filling up the DagBag from /home/airflow/.local/lib/python3.7/site-packages/airflow/example_dags/example_trigger_target_dag.py
[2022-09-12 23:47:34,185] {processor.py:651} INFO - DAG(s) dict_keys(['example_trigger_target_dag']) retrieved from /home/airflow/.local/lib/python3.7/site-packages/airflow/example_dags/example_trigger_target_dag.py
[2022-09-12 23:47:34,643] {logging_mixin.py:115} INFO - [2022-09-12 23:47:34,643] {manager.py:508} INFO - Created Permission View: can read on DAG:example_trigger_target_dag
[2022-09-12 23:47:34,683] {logging_mixin.py:115} INFO - [2022-09-12 23:47:34,683] {manager.py:508} INFO - Created Permission View: can delete on DAG:example_trigger_target_dag
[2022-09-12 23:47:34,699] {logging_mixin.py:115} INFO - [2022-09-12 23:47:34,699] {manager.py:508} INFO - Created Permission View: can edit on DAG:example_trigger_target_dag
[2022-09-12 23:47:34,702] {logging_mixin.py:115} INFO - [2022-09-12 23:47:34,701] {dag.py:2371} INFO - Sync 1 DAGs
[2022-09-12 23:47:34,724] {logging_mixin.py:115} INFO - [2022-09-12 23:47:34,724] {dag.py:2390} INFO - Creating ORM DAG for example_trigger_target_dag
[2022-09-12 23:47:34,745] {logging_mixin.py:115} INFO - [2022-09-12 23:47:34,745] {dag.py:2919} INFO - Setting next_dagrun for example_trigger_target_dag to None, run_after=None
[2022-09-12 23:47:34,773] {processor.py:161} INFO - Processing /home/airflow/.local/lib/python3.7/site-packages/airflow/example_dags/example_trigger_target_dag.py took 0.644 seconds
[2022-09-12 23:48:05,272] {processor.py:153} INFO - Started process (PID=115) to work on /home/airflow/.local/lib/python3.7/site-packages/airflow/example_dags/example_trigger_target_dag.py
[2022-09-12 23:48:05,275] {processor.py:641} INFO - Processing file /home/airflow/.local/lib/python3.7/site-packages/airflow/example_dags/example_trigger_target_dag.py for tasks to queue
[2022-09-12 23:48:05,276] {logging_mixin.py:115} INFO - [2022-09-12 23:48:05,276] {dagbag.py:507} INFO - Filling up the DagBag from /home/airflow/.local/lib/python3.7/site-packages/airflow/example_dags/example_trigger_target_dag.py
[2022-09-12 23:48:05,291] {processor.py:651} INFO - DAG(s) dict_keys(['example_trigger_target_dag']) retrieved from /home/airflow/.local/lib/python3.7/site-packages/airflow/example_dags/example_trigger_target_dag.py
[2022-09-12 23:48:05,309] {logging_mixin.py:115} INFO - [2022-09-12 23:48:05,309] {dag.py:2371} INFO - Sync 1 DAGs
[2022-09-12 23:48:05,413] {logging_mixin.py:115} INFO - [2022-09-12 23:48:05,413] {dag.py:2919} INFO - Setting next_dagrun for example_trigger_target_dag to None, run_after=None
[2022-09-12 23:48:05,422] {processor.py:161} INFO - Processing /home/airflow/.local/lib/python3.7/site-packages/airflow/example_dags/example_trigger_target_dag.py took 0.153 seconds
[2022-09-12 23:48:35,969] {processor.py:153} INFO - Started process (PID=167) to work on /home/airflow/.local/lib/python3.7/site-packages/airflow/example_dags/example_trigger_target_dag.py
[2022-09-12 23:48:35,971] {processor.py:641} INFO - Processing file /home/airflow/.local/lib/python3.7/site-packages/airflow/example_dags/example_trigger_target_dag.py for tasks to queue
[2022-09-12 23:48:35,973] {logging_mixin.py:115} INFO - [2022-09-12 23:48:35,973] {dagbag.py:507} INFO - Filling up the DagBag from /home/airflow/.local/lib/python3.7/site-packages/airflow/example_dags/example_trigger_target_dag.py
[2022-09-12 23:48:35,994] {processor.py:651} INFO - DAG(s) dict_keys(['example_trigger_target_dag']) retrieved from /home/airflow/.local/lib/python3.7/site-packages/airflow/example_dags/example_trigger_target_dag.py
[2022-09-12 23:48:36,015] {logging_mixin.py:115} INFO - [2022-09-12 23:48:36,015] {dag.py:2371} INFO - Sync 1 DAGs
[2022-09-12 23:48:36,120] {logging_mixin.py:115} INFO - [2022-09-12 23:48:36,120] {dag.py:2919} INFO - Setting next_dagrun for example_trigger_target_dag to None, run_after=None
[2022-09-12 23:48:36,127] {processor.py:161} INFO - Processing /home/airflow/.local/lib/python3.7/site-packages/airflow/example_dags/example_trigger_target_dag.py took 0.162 seconds
[2022-09-12 23:49:06,392] {processor.py:153} INFO - Started process (PID=228) to work on /home/airflow/.local/lib/python3.7/site-packages/airflow/example_dags/example_trigger_target_dag.py
[2022-09-12 23:49:06,394] {processor.py:641} INFO - Processing file /home/airflow/.local/lib/python3.7/site-packages/airflow/example_dags/example_trigger_target_dag.py for tasks to queue
[2022-09-12 23:49:06,395] {logging_mixin.py:115} INFO - [2022-09-12 23:49:06,394] {dagbag.py:507} INFO - Filling up the DagBag from /home/airflow/.local/lib/python3.7/site-packages/airflow/example_dags/example_trigger_target_dag.py
[2022-09-12 23:49:06,408] {processor.py:651} INFO - DAG(s) dict_keys(['example_trigger_target_dag']) retrieved from /home/airflow/.local/lib/python3.7/site-packages/airflow/example_dags/example_trigger_target_dag.py
[2022-09-12 23:49:06,432] {logging_mixin.py:115} INFO - [2022-09-12 23:49:06,432] {dag.py:2371} INFO - Sync 1 DAGs
[2022-09-12 23:49:06,552] {logging_mixin.py:115} INFO - [2022-09-12 23:49:06,552] {dag.py:2919} INFO - Setting next_dagrun for example_trigger_target_dag to None, run_after=None
[2022-09-12 23:49:06,561] {processor.py:161} INFO - Processing /home/airflow/.local/lib/python3.7/site-packages/airflow/example_dags/example_trigger_target_dag.py took 0.172 seconds
[2022-09-12 23:49:36,659] {processor.py:153} INFO - Started process (PID=289) to work on /home/airflow/.local/lib/python3.7/site-packages/airflow/example_dags/example_trigger_target_dag.py
[2022-09-12 23:49:36,662] {processor.py:641} INFO - Processing file /home/airflow/.local/lib/python3.7/site-packages/airflow/example_dags/example_trigger_target_dag.py for tasks to queue
[2022-09-12 23:49:36,664] {logging_mixin.py:115} INFO - [2022-09-12 23:49:36,664] {dagbag.py:507} INFO - Filling up the DagBag from /home/airflow/.local/lib/python3.7/site-packages/airflow/example_dags/example_trigger_target_dag.py
[2022-09-12 23:49:36,686] {processor.py:651} INFO - DAG(s) dict_keys(['example_trigger_target_dag']) retrieved from /home/airflow/.local/lib/python3.7/site-packages/airflow/example_dags/example_trigger_target_dag.py
[2022-09-12 23:49:36,709] {logging_mixin.py:115} INFO - [2022-09-12 23:49:36,708] {dag.py:2371} INFO - Sync 1 DAGs
[2022-09-12 23:49:36,803] {logging_mixin.py:115} INFO - [2022-09-12 23:49:36,803] {dag.py:2919} INFO - Setting next_dagrun for example_trigger_target_dag to None, run_after=None
[2022-09-12 23:49:36,810] {processor.py:161} INFO - Processing /home/airflow/.local/lib/python3.7/site-packages/airflow/example_dags/example_trigger_target_dag.py took 0.157 seconds
[2022-09-12 23:50:07,092] {processor.py:153} INFO - Started process (PID=350) to work on /home/airflow/.local/lib/python3.7/site-packages/airflow/example_dags/example_trigger_target_dag.py
[2022-09-12 23:50:07,094] {processor.py:641} INFO - Processing file /home/airflow/.local/lib/python3.7/site-packages/airflow/example_dags/example_trigger_target_dag.py for tasks to queue
[2022-09-12 23:50:07,096] {logging_mixin.py:115} INFO - [2022-09-12 23:50:07,095] {dagbag.py:507} INFO - Filling up the DagBag from /home/airflow/.local/lib/python3.7/site-packages/airflow/example_dags/example_trigger_target_dag.py
[2022-09-12 23:50:07,133] {processor.py:651} INFO - DAG(s) dict_keys(['example_trigger_target_dag']) retrieved from /home/airflow/.local/lib/python3.7/site-packages/airflow/example_dags/example_trigger_target_dag.py
[2022-09-12 23:50:07,163] {logging_mixin.py:115} INFO - [2022-09-12 23:50:07,163] {dag.py:2371} INFO - Sync 1 DAGs
[2022-09-12 23:50:07,374] {logging_mixin.py:115} INFO - [2022-09-12 23:50:07,374] {dag.py:2919} INFO - Setting next_dagrun for example_trigger_target_dag to None, run_after=None
[2022-09-12 23:50:07,386] {processor.py:161} INFO - Processing /home/airflow/.local/lib/python3.7/site-packages/airflow/example_dags/example_trigger_target_dag.py took 0.300 seconds
[2022-09-12 23:50:37,669] {processor.py:153} INFO - Started process (PID=412) to work on /home/airflow/.local/lib/python3.7/site-packages/airflow/example_dags/example_trigger_target_dag.py
[2022-09-12 23:50:37,671] {processor.py:641} INFO - Processing file /home/airflow/.local/lib/python3.7/site-packages/airflow/example_dags/example_trigger_target_dag.py for tasks to queue
[2022-09-12 23:50:37,672] {logging_mixin.py:115} INFO - [2022-09-12 23:50:37,672] {dagbag.py:507} INFO - Filling up the DagBag from /home/airflow/.local/lib/python3.7/site-packages/airflow/example_dags/example_trigger_target_dag.py
[2022-09-12 23:50:37,696] {processor.py:651} INFO - DAG(s) dict_keys(['example_trigger_target_dag']) retrieved from /home/airflow/.local/lib/python3.7/site-packages/airflow/example_dags/example_trigger_target_dag.py
[2022-09-12 23:50:37,723] {logging_mixin.py:115} INFO - [2022-09-12 23:50:37,723] {dag.py:2371} INFO - Sync 1 DAGs
[2022-09-12 23:50:37,856] {logging_mixin.py:115} INFO - [2022-09-12 23:50:37,856] {dag.py:2919} INFO - Setting next_dagrun for example_trigger_target_dag to None, run_after=None
[2022-09-12 23:50:37,863] {processor.py:161} INFO - Processing /home/airflow/.local/lib/python3.7/site-packages/airflow/example_dags/example_trigger_target_dag.py took 0.198 seconds
[2022-09-12 23:51:08,219] {processor.py:153} INFO - Started process (PID=471) to work on /home/airflow/.local/lib/python3.7/site-packages/airflow/example_dags/example_trigger_target_dag.py
[2022-09-12 23:51:08,222] {processor.py:641} INFO - Processing file /home/airflow/.local/lib/python3.7/site-packages/airflow/example_dags/example_trigger_target_dag.py for tasks to queue
[2022-09-12 23:51:08,224] {logging_mixin.py:115} INFO - [2022-09-12 23:51:08,224] {dagbag.py:507} INFO - Filling up the DagBag from /home/airflow/.local/lib/python3.7/site-packages/airflow/example_dags/example_trigger_target_dag.py
[2022-09-12 23:51:08,243] {processor.py:651} INFO - DAG(s) dict_keys(['example_trigger_target_dag']) retrieved from /home/airflow/.local/lib/python3.7/site-packages/airflow/example_dags/example_trigger_target_dag.py
[2022-09-12 23:51:08,271] {logging_mixin.py:115} INFO - [2022-09-12 23:51:08,271] {dag.py:2371} INFO - Sync 1 DAGs
[2022-09-12 23:51:08,398] {logging_mixin.py:115} INFO - [2022-09-12 23:51:08,398] {dag.py:2919} INFO - Setting next_dagrun for example_trigger_target_dag to None, run_after=None
[2022-09-12 23:51:08,408] {processor.py:161} INFO - Processing /home/airflow/.local/lib/python3.7/site-packages/airflow/example_dags/example_trigger_target_dag.py took 0.193 seconds
[2022-09-12 23:51:38,734] {processor.py:153} INFO - Started process (PID=524) to work on /home/airflow/.local/lib/python3.7/site-packages/airflow/example_dags/example_trigger_target_dag.py
[2022-09-12 23:51:38,735] {processor.py:641} INFO - Processing file /home/airflow/.local/lib/python3.7/site-packages/airflow/example_dags/example_trigger_target_dag.py for tasks to queue
[2022-09-12 23:51:38,737] {logging_mixin.py:115} INFO - [2022-09-12 23:51:38,737] {dagbag.py:507} INFO - Filling up the DagBag from /home/airflow/.local/lib/python3.7/site-packages/airflow/example_dags/example_trigger_target_dag.py
[2022-09-12 23:51:38,750] {processor.py:651} INFO - DAG(s) dict_keys(['example_trigger_target_dag']) retrieved from /home/airflow/.local/lib/python3.7/site-packages/airflow/example_dags/example_trigger_target_dag.py
[2022-09-12 23:51:38,769] {logging_mixin.py:115} INFO - [2022-09-12 23:51:38,769] {dag.py:2371} INFO - Sync 1 DAGs
[2022-09-12 23:51:38,868] {logging_mixin.py:115} INFO - [2022-09-12 23:51:38,868] {dag.py:2919} INFO - Setting next_dagrun for example_trigger_target_dag to None, run_after=None
[2022-09-12 23:51:38,875] {processor.py:161} INFO - Processing /home/airflow/.local/lib/python3.7/site-packages/airflow/example_dags/example_trigger_target_dag.py took 0.144 seconds
[2022-09-12 23:52:09,209] {processor.py:153} INFO - Started process (PID=585) to work on /home/airflow/.local/lib/python3.7/site-packages/airflow/example_dags/example_trigger_target_dag.py
[2022-09-12 23:52:09,211] {processor.py:641} INFO - Processing file /home/airflow/.local/lib/python3.7/site-packages/airflow/example_dags/example_trigger_target_dag.py for tasks to queue
[2022-09-12 23:52:09,212] {logging_mixin.py:115} INFO - [2022-09-12 23:52:09,212] {dagbag.py:507} INFO - Filling up the DagBag from /home/airflow/.local/lib/python3.7/site-packages/airflow/example_dags/example_trigger_target_dag.py
[2022-09-12 23:52:09,227] {processor.py:651} INFO - DAG(s) dict_keys(['example_trigger_target_dag']) retrieved from /home/airflow/.local/lib/python3.7/site-packages/airflow/example_dags/example_trigger_target_dag.py
[2022-09-12 23:52:09,251] {logging_mixin.py:115} INFO - [2022-09-12 23:52:09,251] {dag.py:2371} INFO - Sync 1 DAGs
[2022-09-12 23:52:09,393] {logging_mixin.py:115} INFO - [2022-09-12 23:52:09,393] {dag.py:2919} INFO - Setting next_dagrun for example_trigger_target_dag to None, run_after=None
[2022-09-12 23:52:09,401] {processor.py:161} INFO - Processing /home/airflow/.local/lib/python3.7/site-packages/airflow/example_dags/example_trigger_target_dag.py took 0.195 seconds
[2022-09-12 23:52:39,539] {processor.py:153} INFO - Started process (PID=646) to work on /home/airflow/.local/lib/python3.7/site-packages/airflow/example_dags/example_trigger_target_dag.py
[2022-09-12 23:52:39,540] {processor.py:641} INFO - Processing file /home/airflow/.local/lib/python3.7/site-packages/airflow/example_dags/example_trigger_target_dag.py for tasks to queue
[2022-09-12 23:52:39,541] {logging_mixin.py:115} INFO - [2022-09-12 23:52:39,541] {dagbag.py:507} INFO - Filling up the DagBag from /home/airflow/.local/lib/python3.7/site-packages/airflow/example_dags/example_trigger_target_dag.py
[2022-09-12 23:52:39,551] {processor.py:651} INFO - DAG(s) dict_keys(['example_trigger_target_dag']) retrieved from /home/airflow/.local/lib/python3.7/site-packages/airflow/example_dags/example_trigger_target_dag.py
[2022-09-12 23:52:39,566] {logging_mixin.py:115} INFO - [2022-09-12 23:52:39,566] {dag.py:2371} INFO - Sync 1 DAGs
[2022-09-12 23:52:39,577] {logging_mixin.py:115} INFO - [2022-09-12 23:52:39,577] {dag.py:2919} INFO - Setting next_dagrun for example_trigger_target_dag to None, run_after=None
[2022-09-12 23:52:39,583] {processor.py:161} INFO - Processing /home/airflow/.local/lib/python3.7/site-packages/airflow/example_dags/example_trigger_target_dag.py took 0.046 seconds
[2022-09-12 23:53:10,116] {processor.py:153} INFO - Started process (PID=707) to work on /home/airflow/.local/lib/python3.7/site-packages/airflow/example_dags/example_trigger_target_dag.py
[2022-09-12 23:53:10,117] {processor.py:641} INFO - Processing file /home/airflow/.local/lib/python3.7/site-packages/airflow/example_dags/example_trigger_target_dag.py for tasks to queue
[2022-09-12 23:53:10,119] {logging_mixin.py:115} INFO - [2022-09-12 23:53:10,119] {dagbag.py:507} INFO - Filling up the DagBag from /home/airflow/.local/lib/python3.7/site-packages/airflow/example_dags/example_trigger_target_dag.py
[2022-09-12 23:53:10,127] {processor.py:651} INFO - DAG(s) dict_keys(['example_trigger_target_dag']) retrieved from /home/airflow/.local/lib/python3.7/site-packages/airflow/example_dags/example_trigger_target_dag.py
[2022-09-12 23:53:10,144] {logging_mixin.py:115} INFO - [2022-09-12 23:53:10,144] {dag.py:2371} INFO - Sync 1 DAGs
[2022-09-12 23:53:10,157] {logging_mixin.py:115} INFO - [2022-09-12 23:53:10,157] {dag.py:2919} INFO - Setting next_dagrun for example_trigger_target_dag to None, run_after=None
[2022-09-12 23:53:10,163] {processor.py:161} INFO - Processing /home/airflow/.local/lib/python3.7/site-packages/airflow/example_dags/example_trigger_target_dag.py took 0.049 seconds
[2022-09-12 23:53:40,721] {processor.py:153} INFO - Started process (PID=758) to work on /home/airflow/.local/lib/python3.7/site-packages/airflow/example_dags/example_trigger_target_dag.py
[2022-09-12 23:53:40,723] {processor.py:641} INFO - Processing file /home/airflow/.local/lib/python3.7/site-packages/airflow/example_dags/example_trigger_target_dag.py for tasks to queue
[2022-09-12 23:53:40,724] {logging_mixin.py:115} INFO - [2022-09-12 23:53:40,724] {dagbag.py:507} INFO - Filling up the DagBag from /home/airflow/.local/lib/python3.7/site-packages/airflow/example_dags/example_trigger_target_dag.py
[2022-09-12 23:53:40,737] {processor.py:651} INFO - DAG(s) dict_keys(['example_trigger_target_dag']) retrieved from /home/airflow/.local/lib/python3.7/site-packages/airflow/example_dags/example_trigger_target_dag.py
[2022-09-12 23:53:40,764] {logging_mixin.py:115} INFO - [2022-09-12 23:53:40,764] {dag.py:2371} INFO - Sync 1 DAGs
[2022-09-12 23:53:40,799] {logging_mixin.py:115} INFO - [2022-09-12 23:53:40,799] {dag.py:2919} INFO - Setting next_dagrun for example_trigger_target_dag to None, run_after=None
[2022-09-12 23:53:40,810] {processor.py:161} INFO - Processing /home/airflow/.local/lib/python3.7/site-packages/airflow/example_dags/example_trigger_target_dag.py took 0.091 seconds
[2022-09-12 23:54:11,393] {processor.py:153} INFO - Started process (PID=818) to work on /home/airflow/.local/lib/python3.7/site-packages/airflow/example_dags/example_trigger_target_dag.py
[2022-09-12 23:54:11,394] {processor.py:641} INFO - Processing file /home/airflow/.local/lib/python3.7/site-packages/airflow/example_dags/example_trigger_target_dag.py for tasks to queue
[2022-09-12 23:54:11,396] {logging_mixin.py:115} INFO - [2022-09-12 23:54:11,396] {dagbag.py:507} INFO - Filling up the DagBag from /home/airflow/.local/lib/python3.7/site-packages/airflow/example_dags/example_trigger_target_dag.py
[2022-09-12 23:54:11,405] {processor.py:651} INFO - DAG(s) dict_keys(['example_trigger_target_dag']) retrieved from /home/airflow/.local/lib/python3.7/site-packages/airflow/example_dags/example_trigger_target_dag.py
[2022-09-12 23:54:11,423] {logging_mixin.py:115} INFO - [2022-09-12 23:54:11,422] {dag.py:2371} INFO - Sync 1 DAGs
[2022-09-12 23:54:11,437] {logging_mixin.py:115} INFO - [2022-09-12 23:54:11,437] {dag.py:2919} INFO - Setting next_dagrun for example_trigger_target_dag to None, run_after=None
[2022-09-12 23:54:11,443] {processor.py:161} INFO - Processing /home/airflow/.local/lib/python3.7/site-packages/airflow/example_dags/example_trigger_target_dag.py took 0.052 seconds
[2022-09-12 23:54:42,136] {processor.py:153} INFO - Started process (PID=879) to work on /home/airflow/.local/lib/python3.7/site-packages/airflow/example_dags/example_trigger_target_dag.py
[2022-09-12 23:54:42,138] {processor.py:641} INFO - Processing file /home/airflow/.local/lib/python3.7/site-packages/airflow/example_dags/example_trigger_target_dag.py for tasks to queue
[2022-09-12 23:54:42,139] {logging_mixin.py:115} INFO - [2022-09-12 23:54:42,139] {dagbag.py:507} INFO - Filling up the DagBag from /home/airflow/.local/lib/python3.7/site-packages/airflow/example_dags/example_trigger_target_dag.py
[2022-09-12 23:54:42,149] {processor.py:651} INFO - DAG(s) dict_keys(['example_trigger_target_dag']) retrieved from /home/airflow/.local/lib/python3.7/site-packages/airflow/example_dags/example_trigger_target_dag.py
[2022-09-12 23:54:42,170] {logging_mixin.py:115} INFO - [2022-09-12 23:54:42,170] {dag.py:2371} INFO - Sync 1 DAGs
[2022-09-12 23:54:42,184] {logging_mixin.py:115} INFO - [2022-09-12 23:54:42,184] {dag.py:2919} INFO - Setting next_dagrun for example_trigger_target_dag to None, run_after=None
[2022-09-12 23:54:42,195] {processor.py:161} INFO - Processing /home/airflow/.local/lib/python3.7/site-packages/airflow/example_dags/example_trigger_target_dag.py took 0.061 seconds
[2022-09-12 23:55:13,162] {processor.py:153} INFO - Started process (PID=940) to work on /home/airflow/.local/lib/python3.7/site-packages/airflow/example_dags/example_trigger_target_dag.py
[2022-09-12 23:55:13,163] {processor.py:641} INFO - Processing file /home/airflow/.local/lib/python3.7/site-packages/airflow/example_dags/example_trigger_target_dag.py for tasks to queue
[2022-09-12 23:55:13,165] {logging_mixin.py:115} INFO - [2022-09-12 23:55:13,165] {dagbag.py:507} INFO - Filling up the DagBag from /home/airflow/.local/lib/python3.7/site-packages/airflow/example_dags/example_trigger_target_dag.py
[2022-09-12 23:55:13,174] {processor.py:651} INFO - DAG(s) dict_keys(['example_trigger_target_dag']) retrieved from /home/airflow/.local/lib/python3.7/site-packages/airflow/example_dags/example_trigger_target_dag.py
[2022-09-12 23:55:13,191] {logging_mixin.py:115} INFO - [2022-09-12 23:55:13,191] {dag.py:2371} INFO - Sync 1 DAGs
[2022-09-12 23:55:13,202] {logging_mixin.py:115} INFO - [2022-09-12 23:55:13,202] {dag.py:2919} INFO - Setting next_dagrun for example_trigger_target_dag to None, run_after=None
[2022-09-12 23:55:13,208] {processor.py:161} INFO - Processing /home/airflow/.local/lib/python3.7/site-packages/airflow/example_dags/example_trigger_target_dag.py took 0.048 seconds
[2022-09-12 23:55:43,855] {processor.py:153} INFO - Started process (PID=1001) to work on /home/airflow/.local/lib/python3.7/site-packages/airflow/example_dags/example_trigger_target_dag.py
[2022-09-12 23:55:43,857] {processor.py:641} INFO - Processing file /home/airflow/.local/lib/python3.7/site-packages/airflow/example_dags/example_trigger_target_dag.py for tasks to queue
[2022-09-12 23:55:43,857] {logging_mixin.py:115} INFO - [2022-09-12 23:55:43,857] {dagbag.py:507} INFO - Filling up the DagBag from /home/airflow/.local/lib/python3.7/site-packages/airflow/example_dags/example_trigger_target_dag.py
[2022-09-12 23:55:43,867] {processor.py:651} INFO - DAG(s) dict_keys(['example_trigger_target_dag']) retrieved from /home/airflow/.local/lib/python3.7/site-packages/airflow/example_dags/example_trigger_target_dag.py
[2022-09-12 23:55:43,883] {logging_mixin.py:115} INFO - [2022-09-12 23:55:43,883] {dag.py:2371} INFO - Sync 1 DAGs
[2022-09-12 23:55:43,894] {logging_mixin.py:115} INFO - [2022-09-12 23:55:43,894] {dag.py:2919} INFO - Setting next_dagrun for example_trigger_target_dag to None, run_after=None
[2022-09-12 23:55:43,900] {processor.py:161} INFO - Processing /home/airflow/.local/lib/python3.7/site-packages/airflow/example_dags/example_trigger_target_dag.py took 0.047 seconds
[2022-09-12 23:56:14,405] {processor.py:153} INFO - Started process (PID=1063) to work on /home/airflow/.local/lib/python3.7/site-packages/airflow/example_dags/example_trigger_target_dag.py
[2022-09-12 23:56:14,406] {processor.py:641} INFO - Processing file /home/airflow/.local/lib/python3.7/site-packages/airflow/example_dags/example_trigger_target_dag.py for tasks to queue
[2022-09-12 23:56:14,407] {logging_mixin.py:115} INFO - [2022-09-12 23:56:14,407] {dagbag.py:507} INFO - Filling up the DagBag from /home/airflow/.local/lib/python3.7/site-packages/airflow/example_dags/example_trigger_target_dag.py
[2022-09-12 23:56:14,417] {processor.py:651} INFO - DAG(s) dict_keys(['example_trigger_target_dag']) retrieved from /home/airflow/.local/lib/python3.7/site-packages/airflow/example_dags/example_trigger_target_dag.py
[2022-09-12 23:56:14,434] {logging_mixin.py:115} INFO - [2022-09-12 23:56:14,434] {dag.py:2371} INFO - Sync 1 DAGs
[2022-09-12 23:56:14,446] {logging_mixin.py:115} INFO - [2022-09-12 23:56:14,446] {dag.py:2919} INFO - Setting next_dagrun for example_trigger_target_dag to None, run_after=None
[2022-09-12 23:56:14,453] {processor.py:161} INFO - Processing /home/airflow/.local/lib/python3.7/site-packages/airflow/example_dags/example_trigger_target_dag.py took 0.050 seconds
[2022-09-12 23:56:44,869] {processor.py:153} INFO - Started process (PID=1115) to work on /home/airflow/.local/lib/python3.7/site-packages/airflow/example_dags/example_trigger_target_dag.py
[2022-09-12 23:56:44,871] {processor.py:641} INFO - Processing file /home/airflow/.local/lib/python3.7/site-packages/airflow/example_dags/example_trigger_target_dag.py for tasks to queue
[2022-09-12 23:56:44,871] {logging_mixin.py:115} INFO - [2022-09-12 23:56:44,871] {dagbag.py:507} INFO - Filling up the DagBag from /home/airflow/.local/lib/python3.7/site-packages/airflow/example_dags/example_trigger_target_dag.py
[2022-09-12 23:56:44,881] {processor.py:651} INFO - DAG(s) dict_keys(['example_trigger_target_dag']) retrieved from /home/airflow/.local/lib/python3.7/site-packages/airflow/example_dags/example_trigger_target_dag.py
[2022-09-12 23:56:44,898] {logging_mixin.py:115} INFO - [2022-09-12 23:56:44,898] {dag.py:2371} INFO - Sync 1 DAGs
[2022-09-12 23:56:44,912] {logging_mixin.py:115} INFO - [2022-09-12 23:56:44,912] {dag.py:2919} INFO - Setting next_dagrun for example_trigger_target_dag to None, run_after=None
[2022-09-12 23:56:44,918] {processor.py:161} INFO - Processing /home/airflow/.local/lib/python3.7/site-packages/airflow/example_dags/example_trigger_target_dag.py took 0.051 seconds
[2022-09-12 23:57:15,631] {processor.py:153} INFO - Started process (PID=1177) to work on /home/airflow/.local/lib/python3.7/site-packages/airflow/example_dags/example_trigger_target_dag.py
[2022-09-12 23:57:15,632] {processor.py:641} INFO - Processing file /home/airflow/.local/lib/python3.7/site-packages/airflow/example_dags/example_trigger_target_dag.py for tasks to queue
[2022-09-12 23:57:15,633] {logging_mixin.py:115} INFO - [2022-09-12 23:57:15,633] {dagbag.py:507} INFO - Filling up the DagBag from /home/airflow/.local/lib/python3.7/site-packages/airflow/example_dags/example_trigger_target_dag.py
[2022-09-12 23:57:15,643] {processor.py:651} INFO - DAG(s) dict_keys(['example_trigger_target_dag']) retrieved from /home/airflow/.local/lib/python3.7/site-packages/airflow/example_dags/example_trigger_target_dag.py
[2022-09-12 23:57:15,659] {logging_mixin.py:115} INFO - [2022-09-12 23:57:15,659] {dag.py:2371} INFO - Sync 1 DAGs
[2022-09-12 23:57:15,670] {logging_mixin.py:115} INFO - [2022-09-12 23:57:15,670] {dag.py:2919} INFO - Setting next_dagrun for example_trigger_target_dag to None, run_after=None
[2022-09-12 23:57:15,676] {processor.py:161} INFO - Processing /home/airflow/.local/lib/python3.7/site-packages/airflow/example_dags/example_trigger_target_dag.py took 0.047 seconds
[2022-09-12 23:57:46,357] {processor.py:153} INFO - Started process (PID=1238) to work on /home/airflow/.local/lib/python3.7/site-packages/airflow/example_dags/example_trigger_target_dag.py
[2022-09-12 23:57:46,358] {processor.py:641} INFO - Processing file /home/airflow/.local/lib/python3.7/site-packages/airflow/example_dags/example_trigger_target_dag.py for tasks to queue
[2022-09-12 23:57:46,360] {logging_mixin.py:115} INFO - [2022-09-12 23:57:46,360] {dagbag.py:507} INFO - Filling up the DagBag from /home/airflow/.local/lib/python3.7/site-packages/airflow/example_dags/example_trigger_target_dag.py
[2022-09-12 23:57:46,370] {processor.py:651} INFO - DAG(s) dict_keys(['example_trigger_target_dag']) retrieved from /home/airflow/.local/lib/python3.7/site-packages/airflow/example_dags/example_trigger_target_dag.py
[2022-09-12 23:57:46,385] {logging_mixin.py:115} INFO - [2022-09-12 23:57:46,385] {dag.py:2371} INFO - Sync 1 DAGs
[2022-09-12 23:57:46,396] {logging_mixin.py:115} INFO - [2022-09-12 23:57:46,396] {dag.py:2919} INFO - Setting next_dagrun for example_trigger_target_dag to None, run_after=None
[2022-09-12 23:57:46,403] {processor.py:161} INFO - Processing /home/airflow/.local/lib/python3.7/site-packages/airflow/example_dags/example_trigger_target_dag.py took 0.048 seconds
[2022-09-12 23:58:17,032] {processor.py:153} INFO - Started process (PID=1300) to work on /home/airflow/.local/lib/python3.7/site-packages/airflow/example_dags/example_trigger_target_dag.py
[2022-09-12 23:58:17,033] {processor.py:641} INFO - Processing file /home/airflow/.local/lib/python3.7/site-packages/airflow/example_dags/example_trigger_target_dag.py for tasks to queue
[2022-09-12 23:58:17,034] {logging_mixin.py:115} INFO - [2022-09-12 23:58:17,034] {dagbag.py:507} INFO - Filling up the DagBag from /home/airflow/.local/lib/python3.7/site-packages/airflow/example_dags/example_trigger_target_dag.py
[2022-09-12 23:58:17,044] {processor.py:651} INFO - DAG(s) dict_keys(['example_trigger_target_dag']) retrieved from /home/airflow/.local/lib/python3.7/site-packages/airflow/example_dags/example_trigger_target_dag.py
[2022-09-12 23:58:17,063] {logging_mixin.py:115} INFO - [2022-09-12 23:58:17,063] {dag.py:2371} INFO - Sync 1 DAGs
[2022-09-12 23:58:17,076] {logging_mixin.py:115} INFO - [2022-09-12 23:58:17,076] {dag.py:2919} INFO - Setting next_dagrun for example_trigger_target_dag to None, run_after=None
[2022-09-12 23:58:17,083] {processor.py:161} INFO - Processing /home/airflow/.local/lib/python3.7/site-packages/airflow/example_dags/example_trigger_target_dag.py took 0.053 seconds
[2022-09-12 23:58:47,911] {processor.py:153} INFO - Started process (PID=1361) to work on /home/airflow/.local/lib/python3.7/site-packages/airflow/example_dags/example_trigger_target_dag.py
[2022-09-12 23:58:47,912] {processor.py:641} INFO - Processing file /home/airflow/.local/lib/python3.7/site-packages/airflow/example_dags/example_trigger_target_dag.py for tasks to queue
[2022-09-12 23:58:47,913] {logging_mixin.py:115} INFO - [2022-09-12 23:58:47,913] {dagbag.py:507} INFO - Filling up the DagBag from /home/airflow/.local/lib/python3.7/site-packages/airflow/example_dags/example_trigger_target_dag.py
[2022-09-12 23:58:47,923] {processor.py:651} INFO - DAG(s) dict_keys(['example_trigger_target_dag']) retrieved from /home/airflow/.local/lib/python3.7/site-packages/airflow/example_dags/example_trigger_target_dag.py
[2022-09-12 23:58:47,938] {logging_mixin.py:115} INFO - [2022-09-12 23:58:47,938] {dag.py:2371} INFO - Sync 1 DAGs
[2022-09-12 23:58:47,949] {logging_mixin.py:115} INFO - [2022-09-12 23:58:47,949] {dag.py:2919} INFO - Setting next_dagrun for example_trigger_target_dag to None, run_after=None
[2022-09-12 23:58:47,955] {processor.py:161} INFO - Processing /home/airflow/.local/lib/python3.7/site-packages/airflow/example_dags/example_trigger_target_dag.py took 0.046 seconds
[2022-09-12 23:59:18,422] {processor.py:153} INFO - Started process (PID=1412) to work on /home/airflow/.local/lib/python3.7/site-packages/airflow/example_dags/example_trigger_target_dag.py
[2022-09-12 23:59:18,423] {processor.py:641} INFO - Processing file /home/airflow/.local/lib/python3.7/site-packages/airflow/example_dags/example_trigger_target_dag.py for tasks to queue
[2022-09-12 23:59:18,424] {logging_mixin.py:115} INFO - [2022-09-12 23:59:18,424] {dagbag.py:507} INFO - Filling up the DagBag from /home/airflow/.local/lib/python3.7/site-packages/airflow/example_dags/example_trigger_target_dag.py
[2022-09-12 23:59:18,433] {processor.py:651} INFO - DAG(s) dict_keys(['example_trigger_target_dag']) retrieved from /home/airflow/.local/lib/python3.7/site-packages/airflow/example_dags/example_trigger_target_dag.py
[2022-09-12 23:59:18,449] {logging_mixin.py:115} INFO - [2022-09-12 23:59:18,449] {dag.py:2371} INFO - Sync 1 DAGs
[2022-09-12 23:59:18,460] {logging_mixin.py:115} INFO - [2022-09-12 23:59:18,460] {dag.py:2919} INFO - Setting next_dagrun for example_trigger_target_dag to None, run_after=None
[2022-09-12 23:59:18,466] {processor.py:161} INFO - Processing /home/airflow/.local/lib/python3.7/site-packages/airflow/example_dags/example_trigger_target_dag.py took 0.046 seconds
