[2022-09-12 23:47:30,989] {processor.py:153} INFO - Started process (PID=49) to work on /home/airflow/.local/lib/python3.7/site-packages/airflow/example_dags/example_bash_operator.py
[2022-09-12 23:47:30,991] {processor.py:641} INFO - Processing file /home/airflow/.local/lib/python3.7/site-packages/airflow/example_dags/example_bash_operator.py for tasks to queue
[2022-09-12 23:47:30,993] {logging_mixin.py:115} INFO - [2022-09-12 23:47:30,993] {dagbag.py:507} INFO - Filling up the DagBag from /home/airflow/.local/lib/python3.7/site-packages/airflow/example_dags/example_bash_operator.py
[2022-09-12 23:47:31,020] {processor.py:651} INFO - DAG(s) dict_keys(['example_bash_operator']) retrieved from /home/airflow/.local/lib/python3.7/site-packages/airflow/example_dags/example_bash_operator.py
[2022-09-12 23:47:32,252] {logging_mixin.py:115} INFO - [2022-09-12 23:47:32,252] {manager.py:508} INFO - Created Permission View: can read on DAG:example_bash_operator
[2022-09-12 23:47:32,305] {logging_mixin.py:115} INFO - [2022-09-12 23:47:32,304] {manager.py:508} INFO - Created Permission View: can delete on DAG:example_bash_operator
[2022-09-12 23:47:32,321] {logging_mixin.py:115} INFO - [2022-09-12 23:47:32,321] {manager.py:508} INFO - Created Permission View: can edit on DAG:example_bash_operator
[2022-09-12 23:47:32,325] {logging_mixin.py:115} INFO - [2022-09-12 23:47:32,325] {dag.py:2371} INFO - Sync 1 DAGs
[2022-09-12 23:47:32,347] {logging_mixin.py:115} INFO - [2022-09-12 23:47:32,347] {dag.py:2390} INFO - Creating ORM DAG for example_bash_operator
[2022-09-12 23:47:32,387] {logging_mixin.py:115} INFO - [2022-09-12 23:47:32,387] {dag.py:2919} INFO - Setting next_dagrun for example_bash_operator to 2022-09-11T00:00:00+00:00, run_after=2022-09-12T00:00:00+00:00
[2022-09-12 23:47:32,470] {processor.py:161} INFO - Processing /home/airflow/.local/lib/python3.7/site-packages/airflow/example_dags/example_bash_operator.py took 1.485 seconds
[2022-09-12 23:48:02,988] {processor.py:153} INFO - Started process (PID=101) to work on /home/airflow/.local/lib/python3.7/site-packages/airflow/example_dags/example_bash_operator.py
[2022-09-12 23:48:02,991] {processor.py:641} INFO - Processing file /home/airflow/.local/lib/python3.7/site-packages/airflow/example_dags/example_bash_operator.py for tasks to queue
[2022-09-12 23:48:02,992] {logging_mixin.py:115} INFO - [2022-09-12 23:48:02,992] {dagbag.py:507} INFO - Filling up the DagBag from /home/airflow/.local/lib/python3.7/site-packages/airflow/example_dags/example_bash_operator.py
[2022-09-12 23:48:03,000] {processor.py:651} INFO - DAG(s) dict_keys(['example_bash_operator']) retrieved from /home/airflow/.local/lib/python3.7/site-packages/airflow/example_dags/example_bash_operator.py
[2022-09-12 23:48:03,020] {logging_mixin.py:115} INFO - [2022-09-12 23:48:03,020] {dag.py:2371} INFO - Sync 1 DAGs
[2022-09-12 23:48:03,127] {logging_mixin.py:115} INFO - [2022-09-12 23:48:03,127] {dag.py:2919} INFO - Setting next_dagrun for example_bash_operator to 2022-09-11T00:00:00+00:00, run_after=2022-09-12T00:00:00+00:00
[2022-09-12 23:48:03,134] {processor.py:161} INFO - Processing /home/airflow/.local/lib/python3.7/site-packages/airflow/example_dags/example_bash_operator.py took 0.148 seconds
[2022-09-12 23:48:33,654] {processor.py:153} INFO - Started process (PID=162) to work on /home/airflow/.local/lib/python3.7/site-packages/airflow/example_dags/example_bash_operator.py
[2022-09-12 23:48:33,656] {processor.py:641} INFO - Processing file /home/airflow/.local/lib/python3.7/site-packages/airflow/example_dags/example_bash_operator.py for tasks to queue
[2022-09-12 23:48:33,658] {logging_mixin.py:115} INFO - [2022-09-12 23:48:33,658] {dagbag.py:507} INFO - Filling up the DagBag from /home/airflow/.local/lib/python3.7/site-packages/airflow/example_dags/example_bash_operator.py
[2022-09-12 23:48:33,673] {processor.py:651} INFO - DAG(s) dict_keys(['example_bash_operator']) retrieved from /home/airflow/.local/lib/python3.7/site-packages/airflow/example_dags/example_bash_operator.py
[2022-09-12 23:48:33,695] {logging_mixin.py:115} INFO - [2022-09-12 23:48:33,695] {dag.py:2371} INFO - Sync 1 DAGs
[2022-09-12 23:48:33,784] {logging_mixin.py:115} INFO - [2022-09-12 23:48:33,784] {dag.py:2919} INFO - Setting next_dagrun for example_bash_operator to 2022-09-11T00:00:00+00:00, run_after=2022-09-12T00:00:00+00:00
[2022-09-12 23:48:33,791] {processor.py:161} INFO - Processing /home/airflow/.local/lib/python3.7/site-packages/airflow/example_dags/example_bash_operator.py took 0.143 seconds
[2022-09-12 23:49:03,879] {processor.py:153} INFO - Started process (PID=223) to work on /home/airflow/.local/lib/python3.7/site-packages/airflow/example_dags/example_bash_operator.py
[2022-09-12 23:49:03,880] {processor.py:641} INFO - Processing file /home/airflow/.local/lib/python3.7/site-packages/airflow/example_dags/example_bash_operator.py for tasks to queue
[2022-09-12 23:49:03,881] {logging_mixin.py:115} INFO - [2022-09-12 23:49:03,881] {dagbag.py:507} INFO - Filling up the DagBag from /home/airflow/.local/lib/python3.7/site-packages/airflow/example_dags/example_bash_operator.py
[2022-09-12 23:49:03,889] {processor.py:651} INFO - DAG(s) dict_keys(['example_bash_operator']) retrieved from /home/airflow/.local/lib/python3.7/site-packages/airflow/example_dags/example_bash_operator.py
[2022-09-12 23:49:03,909] {logging_mixin.py:115} INFO - [2022-09-12 23:49:03,909] {dag.py:2371} INFO - Sync 1 DAGs
[2022-09-12 23:49:04,002] {logging_mixin.py:115} INFO - [2022-09-12 23:49:04,002] {dag.py:2919} INFO - Setting next_dagrun for example_bash_operator to 2022-09-11T00:00:00+00:00, run_after=2022-09-12T00:00:00+00:00
[2022-09-12 23:49:04,009] {processor.py:161} INFO - Processing /home/airflow/.local/lib/python3.7/site-packages/airflow/example_dags/example_bash_operator.py took 0.132 seconds
[2022-09-12 23:49:34,246] {processor.py:153} INFO - Started process (PID=284) to work on /home/airflow/.local/lib/python3.7/site-packages/airflow/example_dags/example_bash_operator.py
[2022-09-12 23:49:34,248] {processor.py:641} INFO - Processing file /home/airflow/.local/lib/python3.7/site-packages/airflow/example_dags/example_bash_operator.py for tasks to queue
[2022-09-12 23:49:34,249] {logging_mixin.py:115} INFO - [2022-09-12 23:49:34,249] {dagbag.py:507} INFO - Filling up the DagBag from /home/airflow/.local/lib/python3.7/site-packages/airflow/example_dags/example_bash_operator.py
[2022-09-12 23:49:34,257] {processor.py:651} INFO - DAG(s) dict_keys(['example_bash_operator']) retrieved from /home/airflow/.local/lib/python3.7/site-packages/airflow/example_dags/example_bash_operator.py
[2022-09-12 23:49:34,278] {logging_mixin.py:115} INFO - [2022-09-12 23:49:34,278] {dag.py:2371} INFO - Sync 1 DAGs
[2022-09-12 23:49:34,370] {logging_mixin.py:115} INFO - [2022-09-12 23:49:34,370] {dag.py:2919} INFO - Setting next_dagrun for example_bash_operator to 2022-09-11T00:00:00+00:00, run_after=2022-09-12T00:00:00+00:00
[2022-09-12 23:49:34,377] {processor.py:161} INFO - Processing /home/airflow/.local/lib/python3.7/site-packages/airflow/example_dags/example_bash_operator.py took 0.133 seconds
[2022-09-12 23:50:05,641] {processor.py:153} INFO - Started process (PID=345) to work on /home/airflow/.local/lib/python3.7/site-packages/airflow/example_dags/example_bash_operator.py
[2022-09-12 23:50:05,643] {processor.py:641} INFO - Processing file /home/airflow/.local/lib/python3.7/site-packages/airflow/example_dags/example_bash_operator.py for tasks to queue
[2022-09-12 23:50:05,645] {logging_mixin.py:115} INFO - [2022-09-12 23:50:05,645] {dagbag.py:507} INFO - Filling up the DagBag from /home/airflow/.local/lib/python3.7/site-packages/airflow/example_dags/example_bash_operator.py
[2022-09-12 23:50:05,661] {processor.py:651} INFO - DAG(s) dict_keys(['example_bash_operator']) retrieved from /home/airflow/.local/lib/python3.7/site-packages/airflow/example_dags/example_bash_operator.py
[2022-09-12 23:50:05,690] {logging_mixin.py:115} INFO - [2022-09-12 23:50:05,690] {dag.py:2371} INFO - Sync 1 DAGs
[2022-09-12 23:50:05,789] {logging_mixin.py:115} INFO - [2022-09-12 23:50:05,789] {dag.py:2919} INFO - Setting next_dagrun for example_bash_operator to 2022-09-11T00:00:00+00:00, run_after=2022-09-12T00:00:00+00:00
[2022-09-12 23:50:05,798] {processor.py:161} INFO - Processing /home/airflow/.local/lib/python3.7/site-packages/airflow/example_dags/example_bash_operator.py took 0.159 seconds
[2022-09-12 23:50:36,373] {processor.py:153} INFO - Started process (PID=407) to work on /home/airflow/.local/lib/python3.7/site-packages/airflow/example_dags/example_bash_operator.py
[2022-09-12 23:50:36,375] {processor.py:641} INFO - Processing file /home/airflow/.local/lib/python3.7/site-packages/airflow/example_dags/example_bash_operator.py for tasks to queue
[2022-09-12 23:50:36,377] {logging_mixin.py:115} INFO - [2022-09-12 23:50:36,377] {dagbag.py:507} INFO - Filling up the DagBag from /home/airflow/.local/lib/python3.7/site-packages/airflow/example_dags/example_bash_operator.py
[2022-09-12 23:50:36,388] {processor.py:651} INFO - DAG(s) dict_keys(['example_bash_operator']) retrieved from /home/airflow/.local/lib/python3.7/site-packages/airflow/example_dags/example_bash_operator.py
[2022-09-12 23:50:36,408] {logging_mixin.py:115} INFO - [2022-09-12 23:50:36,408] {dag.py:2371} INFO - Sync 1 DAGs
[2022-09-12 23:50:36,530] {logging_mixin.py:115} INFO - [2022-09-12 23:50:36,530] {dag.py:2919} INFO - Setting next_dagrun for example_bash_operator to 2022-09-11T00:00:00+00:00, run_after=2022-09-12T00:00:00+00:00
[2022-09-12 23:50:36,538] {processor.py:161} INFO - Processing /home/airflow/.local/lib/python3.7/site-packages/airflow/example_dags/example_bash_operator.py took 0.168 seconds
[2022-09-12 23:51:06,798] {processor.py:153} INFO - Started process (PID=459) to work on /home/airflow/.local/lib/python3.7/site-packages/airflow/example_dags/example_bash_operator.py
[2022-09-12 23:51:06,800] {processor.py:641} INFO - Processing file /home/airflow/.local/lib/python3.7/site-packages/airflow/example_dags/example_bash_operator.py for tasks to queue
[2022-09-12 23:51:06,801] {logging_mixin.py:115} INFO - [2022-09-12 23:51:06,801] {dagbag.py:507} INFO - Filling up the DagBag from /home/airflow/.local/lib/python3.7/site-packages/airflow/example_dags/example_bash_operator.py
[2022-09-12 23:51:06,808] {processor.py:651} INFO - DAG(s) dict_keys(['example_bash_operator']) retrieved from /home/airflow/.local/lib/python3.7/site-packages/airflow/example_dags/example_bash_operator.py
[2022-09-12 23:51:06,828] {logging_mixin.py:115} INFO - [2022-09-12 23:51:06,828] {dag.py:2371} INFO - Sync 1 DAGs
[2022-09-12 23:51:06,938] {logging_mixin.py:115} INFO - [2022-09-12 23:51:06,938] {dag.py:2919} INFO - Setting next_dagrun for example_bash_operator to 2022-09-11T00:00:00+00:00, run_after=2022-09-12T00:00:00+00:00
[2022-09-12 23:51:06,947] {processor.py:161} INFO - Processing /home/airflow/.local/lib/python3.7/site-packages/airflow/example_dags/example_bash_operator.py took 0.151 seconds
[2022-09-12 23:51:37,319] {processor.py:153} INFO - Started process (PID=519) to work on /home/airflow/.local/lib/python3.7/site-packages/airflow/example_dags/example_bash_operator.py
[2022-09-12 23:51:37,321] {processor.py:641} INFO - Processing file /home/airflow/.local/lib/python3.7/site-packages/airflow/example_dags/example_bash_operator.py for tasks to queue
[2022-09-12 23:51:37,322] {logging_mixin.py:115} INFO - [2022-09-12 23:51:37,322] {dagbag.py:507} INFO - Filling up the DagBag from /home/airflow/.local/lib/python3.7/site-packages/airflow/example_dags/example_bash_operator.py
[2022-09-12 23:51:37,332] {processor.py:651} INFO - DAG(s) dict_keys(['example_bash_operator']) retrieved from /home/airflow/.local/lib/python3.7/site-packages/airflow/example_dags/example_bash_operator.py
[2022-09-12 23:51:37,351] {logging_mixin.py:115} INFO - [2022-09-12 23:51:37,351] {dag.py:2371} INFO - Sync 1 DAGs
[2022-09-12 23:51:37,441] {logging_mixin.py:115} INFO - [2022-09-12 23:51:37,441] {dag.py:2919} INFO - Setting next_dagrun for example_bash_operator to 2022-09-11T00:00:00+00:00, run_after=2022-09-12T00:00:00+00:00
[2022-09-12 23:51:37,448] {processor.py:161} INFO - Processing /home/airflow/.local/lib/python3.7/site-packages/airflow/example_dags/example_bash_operator.py took 0.131 seconds
[2022-09-12 23:52:08,587] {processor.py:153} INFO - Started process (PID=580) to work on /home/airflow/.local/lib/python3.7/site-packages/airflow/example_dags/example_bash_operator.py
[2022-09-12 23:52:08,589] {processor.py:641} INFO - Processing file /home/airflow/.local/lib/python3.7/site-packages/airflow/example_dags/example_bash_operator.py for tasks to queue
[2022-09-12 23:52:08,591] {logging_mixin.py:115} INFO - [2022-09-12 23:52:08,590] {dagbag.py:507} INFO - Filling up the DagBag from /home/airflow/.local/lib/python3.7/site-packages/airflow/example_dags/example_bash_operator.py
[2022-09-12 23:52:08,602] {processor.py:651} INFO - DAG(s) dict_keys(['example_bash_operator']) retrieved from /home/airflow/.local/lib/python3.7/site-packages/airflow/example_dags/example_bash_operator.py
[2022-09-12 23:52:08,632] {logging_mixin.py:115} INFO - [2022-09-12 23:52:08,632] {dag.py:2371} INFO - Sync 1 DAGs
[2022-09-12 23:52:08,764] {logging_mixin.py:115} INFO - [2022-09-12 23:52:08,764] {dag.py:2919} INFO - Setting next_dagrun for example_bash_operator to 2022-09-11T00:00:00+00:00, run_after=2022-09-12T00:00:00+00:00
[2022-09-12 23:52:08,780] {processor.py:161} INFO - Processing /home/airflow/.local/lib/python3.7/site-packages/airflow/example_dags/example_bash_operator.py took 0.196 seconds
[2022-09-12 23:52:39,331] {processor.py:153} INFO - Started process (PID=641) to work on /home/airflow/.local/lib/python3.7/site-packages/airflow/example_dags/example_bash_operator.py
[2022-09-12 23:52:39,333] {processor.py:641} INFO - Processing file /home/airflow/.local/lib/python3.7/site-packages/airflow/example_dags/example_bash_operator.py for tasks to queue
[2022-09-12 23:52:39,334] {logging_mixin.py:115} INFO - [2022-09-12 23:52:39,334] {dagbag.py:507} INFO - Filling up the DagBag from /home/airflow/.local/lib/python3.7/site-packages/airflow/example_dags/example_bash_operator.py
[2022-09-12 23:52:39,341] {processor.py:651} INFO - DAG(s) dict_keys(['example_bash_operator']) retrieved from /home/airflow/.local/lib/python3.7/site-packages/airflow/example_dags/example_bash_operator.py
[2022-09-12 23:52:39,356] {logging_mixin.py:115} INFO - [2022-09-12 23:52:39,356] {dag.py:2371} INFO - Sync 1 DAGs
[2022-09-12 23:52:39,368] {logging_mixin.py:115} INFO - [2022-09-12 23:52:39,368] {dag.py:2919} INFO - Setting next_dagrun for example_bash_operator to 2022-09-11T00:00:00+00:00, run_after=2022-09-12T00:00:00+00:00
[2022-09-12 23:52:39,375] {processor.py:161} INFO - Processing /home/airflow/.local/lib/python3.7/site-packages/airflow/example_dags/example_bash_operator.py took 0.045 seconds
[2022-09-12 23:53:09,903] {processor.py:153} INFO - Started process (PID=702) to work on /home/airflow/.local/lib/python3.7/site-packages/airflow/example_dags/example_bash_operator.py
[2022-09-12 23:53:09,904] {processor.py:641} INFO - Processing file /home/airflow/.local/lib/python3.7/site-packages/airflow/example_dags/example_bash_operator.py for tasks to queue
[2022-09-12 23:53:09,905] {logging_mixin.py:115} INFO - [2022-09-12 23:53:09,905] {dagbag.py:507} INFO - Filling up the DagBag from /home/airflow/.local/lib/python3.7/site-packages/airflow/example_dags/example_bash_operator.py
[2022-09-12 23:53:09,911] {processor.py:651} INFO - DAG(s) dict_keys(['example_bash_operator']) retrieved from /home/airflow/.local/lib/python3.7/site-packages/airflow/example_dags/example_bash_operator.py
[2022-09-12 23:53:09,927] {logging_mixin.py:115} INFO - [2022-09-12 23:53:09,926] {dag.py:2371} INFO - Sync 1 DAGs
[2022-09-12 23:53:09,939] {logging_mixin.py:115} INFO - [2022-09-12 23:53:09,939] {dag.py:2919} INFO - Setting next_dagrun for example_bash_operator to 2022-09-11T00:00:00+00:00, run_after=2022-09-12T00:00:00+00:00
[2022-09-12 23:53:09,946] {processor.py:161} INFO - Processing /home/airflow/.local/lib/python3.7/site-packages/airflow/example_dags/example_bash_operator.py took 0.045 seconds
[2022-09-12 23:53:40,509] {processor.py:153} INFO - Started process (PID=753) to work on /home/airflow/.local/lib/python3.7/site-packages/airflow/example_dags/example_bash_operator.py
[2022-09-12 23:53:40,512] {processor.py:641} INFO - Processing file /home/airflow/.local/lib/python3.7/site-packages/airflow/example_dags/example_bash_operator.py for tasks to queue
[2022-09-12 23:53:40,513] {logging_mixin.py:115} INFO - [2022-09-12 23:53:40,513] {dagbag.py:507} INFO - Filling up the DagBag from /home/airflow/.local/lib/python3.7/site-packages/airflow/example_dags/example_bash_operator.py
[2022-09-12 23:53:40,521] {processor.py:651} INFO - DAG(s) dict_keys(['example_bash_operator']) retrieved from /home/airflow/.local/lib/python3.7/site-packages/airflow/example_dags/example_bash_operator.py
[2022-09-12 23:53:40,535] {logging_mixin.py:115} INFO - [2022-09-12 23:53:40,535] {dag.py:2371} INFO - Sync 1 DAGs
[2022-09-12 23:53:40,548] {logging_mixin.py:115} INFO - [2022-09-12 23:53:40,548] {dag.py:2919} INFO - Setting next_dagrun for example_bash_operator to 2022-09-11T00:00:00+00:00, run_after=2022-09-12T00:00:00+00:00
[2022-09-12 23:53:40,554] {processor.py:161} INFO - Processing /home/airflow/.local/lib/python3.7/site-packages/airflow/example_dags/example_bash_operator.py took 0.047 seconds
[2022-09-12 23:54:11,206] {processor.py:153} INFO - Started process (PID=813) to work on /home/airflow/.local/lib/python3.7/site-packages/airflow/example_dags/example_bash_operator.py
[2022-09-12 23:54:11,208] {processor.py:641} INFO - Processing file /home/airflow/.local/lib/python3.7/site-packages/airflow/example_dags/example_bash_operator.py for tasks to queue
[2022-09-12 23:54:11,209] {logging_mixin.py:115} INFO - [2022-09-12 23:54:11,209] {dagbag.py:507} INFO - Filling up the DagBag from /home/airflow/.local/lib/python3.7/site-packages/airflow/example_dags/example_bash_operator.py
[2022-09-12 23:54:11,216] {processor.py:651} INFO - DAG(s) dict_keys(['example_bash_operator']) retrieved from /home/airflow/.local/lib/python3.7/site-packages/airflow/example_dags/example_bash_operator.py
[2022-09-12 23:54:11,233] {logging_mixin.py:115} INFO - [2022-09-12 23:54:11,233] {dag.py:2371} INFO - Sync 1 DAGs
[2022-09-12 23:54:11,247] {logging_mixin.py:115} INFO - [2022-09-12 23:54:11,247] {dag.py:2919} INFO - Setting next_dagrun for example_bash_operator to 2022-09-11T00:00:00+00:00, run_after=2022-09-12T00:00:00+00:00
[2022-09-12 23:54:11,255] {processor.py:161} INFO - Processing /home/airflow/.local/lib/python3.7/site-packages/airflow/example_dags/example_bash_operator.py took 0.050 seconds
[2022-09-12 23:54:41,835] {processor.py:153} INFO - Started process (PID=874) to work on /home/airflow/.local/lib/python3.7/site-packages/airflow/example_dags/example_bash_operator.py
[2022-09-12 23:54:41,836] {processor.py:641} INFO - Processing file /home/airflow/.local/lib/python3.7/site-packages/airflow/example_dags/example_bash_operator.py for tasks to queue
[2022-09-12 23:54:41,837] {logging_mixin.py:115} INFO - [2022-09-12 23:54:41,837] {dagbag.py:507} INFO - Filling up the DagBag from /home/airflow/.local/lib/python3.7/site-packages/airflow/example_dags/example_bash_operator.py
[2022-09-12 23:54:41,844] {processor.py:651} INFO - DAG(s) dict_keys(['example_bash_operator']) retrieved from /home/airflow/.local/lib/python3.7/site-packages/airflow/example_dags/example_bash_operator.py
[2022-09-12 23:54:41,860] {logging_mixin.py:115} INFO - [2022-09-12 23:54:41,860] {dag.py:2371} INFO - Sync 1 DAGs
[2022-09-12 23:54:41,877] {logging_mixin.py:115} INFO - [2022-09-12 23:54:41,877] {dag.py:2919} INFO - Setting next_dagrun for example_bash_operator to 2022-09-11T00:00:00+00:00, run_after=2022-09-12T00:00:00+00:00
[2022-09-12 23:54:41,904] {processor.py:161} INFO - Processing /home/airflow/.local/lib/python3.7/site-packages/airflow/example_dags/example_bash_operator.py took 0.071 seconds
[2022-09-12 23:55:12,903] {processor.py:153} INFO - Started process (PID=935) to work on /home/airflow/.local/lib/python3.7/site-packages/airflow/example_dags/example_bash_operator.py
[2022-09-12 23:55:12,904] {processor.py:641} INFO - Processing file /home/airflow/.local/lib/python3.7/site-packages/airflow/example_dags/example_bash_operator.py for tasks to queue
[2022-09-12 23:55:12,906] {logging_mixin.py:115} INFO - [2022-09-12 23:55:12,906] {dagbag.py:507} INFO - Filling up the DagBag from /home/airflow/.local/lib/python3.7/site-packages/airflow/example_dags/example_bash_operator.py
[2022-09-12 23:55:12,918] {processor.py:651} INFO - DAG(s) dict_keys(['example_bash_operator']) retrieved from /home/airflow/.local/lib/python3.7/site-packages/airflow/example_dags/example_bash_operator.py
[2022-09-12 23:55:12,944] {logging_mixin.py:115} INFO - [2022-09-12 23:55:12,944] {dag.py:2371} INFO - Sync 1 DAGs
[2022-09-12 23:55:12,970] {logging_mixin.py:115} INFO - [2022-09-12 23:55:12,969] {dag.py:2919} INFO - Setting next_dagrun for example_bash_operator to 2022-09-11T00:00:00+00:00, run_after=2022-09-12T00:00:00+00:00
[2022-09-12 23:55:12,982] {processor.py:161} INFO - Processing /home/airflow/.local/lib/python3.7/site-packages/airflow/example_dags/example_bash_operator.py took 0.082 seconds
[2022-09-12 23:55:43,659] {processor.py:153} INFO - Started process (PID=996) to work on /home/airflow/.local/lib/python3.7/site-packages/airflow/example_dags/example_bash_operator.py
[2022-09-12 23:55:43,660] {processor.py:641} INFO - Processing file /home/airflow/.local/lib/python3.7/site-packages/airflow/example_dags/example_bash_operator.py for tasks to queue
[2022-09-12 23:55:43,661] {logging_mixin.py:115} INFO - [2022-09-12 23:55:43,661] {dagbag.py:507} INFO - Filling up the DagBag from /home/airflow/.local/lib/python3.7/site-packages/airflow/example_dags/example_bash_operator.py
[2022-09-12 23:55:43,668] {processor.py:651} INFO - DAG(s) dict_keys(['example_bash_operator']) retrieved from /home/airflow/.local/lib/python3.7/site-packages/airflow/example_dags/example_bash_operator.py
[2022-09-12 23:55:43,684] {logging_mixin.py:115} INFO - [2022-09-12 23:55:43,683] {dag.py:2371} INFO - Sync 1 DAGs
[2022-09-12 23:55:43,696] {logging_mixin.py:115} INFO - [2022-09-12 23:55:43,696] {dag.py:2919} INFO - Setting next_dagrun for example_bash_operator to 2022-09-11T00:00:00+00:00, run_after=2022-09-12T00:00:00+00:00
[2022-09-12 23:55:43,702] {processor.py:161} INFO - Processing /home/airflow/.local/lib/python3.7/site-packages/airflow/example_dags/example_bash_operator.py took 0.045 seconds
[2022-09-12 23:56:14,225] {processor.py:153} INFO - Started process (PID=1058) to work on /home/airflow/.local/lib/python3.7/site-packages/airflow/example_dags/example_bash_operator.py
[2022-09-12 23:56:14,227] {processor.py:641} INFO - Processing file /home/airflow/.local/lib/python3.7/site-packages/airflow/example_dags/example_bash_operator.py for tasks to queue
[2022-09-12 23:56:14,228] {logging_mixin.py:115} INFO - [2022-09-12 23:56:14,228] {dagbag.py:507} INFO - Filling up the DagBag from /home/airflow/.local/lib/python3.7/site-packages/airflow/example_dags/example_bash_operator.py
[2022-09-12 23:56:14,240] {processor.py:651} INFO - DAG(s) dict_keys(['example_bash_operator']) retrieved from /home/airflow/.local/lib/python3.7/site-packages/airflow/example_dags/example_bash_operator.py
[2022-09-12 23:56:14,261] {logging_mixin.py:115} INFO - [2022-09-12 23:56:14,261] {dag.py:2371} INFO - Sync 1 DAGs
[2022-09-12 23:56:14,276] {logging_mixin.py:115} INFO - [2022-09-12 23:56:14,276] {dag.py:2919} INFO - Setting next_dagrun for example_bash_operator to 2022-09-11T00:00:00+00:00, run_after=2022-09-12T00:00:00+00:00
[2022-09-12 23:56:14,284] {processor.py:161} INFO - Processing /home/airflow/.local/lib/python3.7/site-packages/airflow/example_dags/example_bash_operator.py took 0.061 seconds
[2022-09-12 23:56:44,699] {processor.py:153} INFO - Started process (PID=1110) to work on /home/airflow/.local/lib/python3.7/site-packages/airflow/example_dags/example_bash_operator.py
[2022-09-12 23:56:44,700] {processor.py:641} INFO - Processing file /home/airflow/.local/lib/python3.7/site-packages/airflow/example_dags/example_bash_operator.py for tasks to queue
[2022-09-12 23:56:44,701] {logging_mixin.py:115} INFO - [2022-09-12 23:56:44,701] {dagbag.py:507} INFO - Filling up the DagBag from /home/airflow/.local/lib/python3.7/site-packages/airflow/example_dags/example_bash_operator.py
[2022-09-12 23:56:44,709] {processor.py:651} INFO - DAG(s) dict_keys(['example_bash_operator']) retrieved from /home/airflow/.local/lib/python3.7/site-packages/airflow/example_dags/example_bash_operator.py
[2022-09-12 23:56:44,725] {logging_mixin.py:115} INFO - [2022-09-12 23:56:44,725] {dag.py:2371} INFO - Sync 1 DAGs
[2022-09-12 23:56:44,740] {logging_mixin.py:115} INFO - [2022-09-12 23:56:44,739] {dag.py:2919} INFO - Setting next_dagrun for example_bash_operator to 2022-09-11T00:00:00+00:00, run_after=2022-09-12T00:00:00+00:00
[2022-09-12 23:56:44,747] {processor.py:161} INFO - Processing /home/airflow/.local/lib/python3.7/site-packages/airflow/example_dags/example_bash_operator.py took 0.050 seconds
[2022-09-12 23:57:15,414] {processor.py:153} INFO - Started process (PID=1172) to work on /home/airflow/.local/lib/python3.7/site-packages/airflow/example_dags/example_bash_operator.py
[2022-09-12 23:57:15,416] {processor.py:641} INFO - Processing file /home/airflow/.local/lib/python3.7/site-packages/airflow/example_dags/example_bash_operator.py for tasks to queue
[2022-09-12 23:57:15,417] {logging_mixin.py:115} INFO - [2022-09-12 23:57:15,417] {dagbag.py:507} INFO - Filling up the DagBag from /home/airflow/.local/lib/python3.7/site-packages/airflow/example_dags/example_bash_operator.py
[2022-09-12 23:57:15,424] {processor.py:651} INFO - DAG(s) dict_keys(['example_bash_operator']) retrieved from /home/airflow/.local/lib/python3.7/site-packages/airflow/example_dags/example_bash_operator.py
[2022-09-12 23:57:15,440] {logging_mixin.py:115} INFO - [2022-09-12 23:57:15,440] {dag.py:2371} INFO - Sync 1 DAGs
[2022-09-12 23:57:15,453] {logging_mixin.py:115} INFO - [2022-09-12 23:57:15,453] {dag.py:2919} INFO - Setting next_dagrun for example_bash_operator to 2022-09-11T00:00:00+00:00, run_after=2022-09-12T00:00:00+00:00
[2022-09-12 23:57:15,459] {processor.py:161} INFO - Processing /home/airflow/.local/lib/python3.7/site-packages/airflow/example_dags/example_bash_operator.py took 0.047 seconds
[2022-09-12 23:57:46,147] {processor.py:153} INFO - Started process (PID=1233) to work on /home/airflow/.local/lib/python3.7/site-packages/airflow/example_dags/example_bash_operator.py
[2022-09-12 23:57:46,148] {processor.py:641} INFO - Processing file /home/airflow/.local/lib/python3.7/site-packages/airflow/example_dags/example_bash_operator.py for tasks to queue
[2022-09-12 23:57:46,149] {logging_mixin.py:115} INFO - [2022-09-12 23:57:46,149] {dagbag.py:507} INFO - Filling up the DagBag from /home/airflow/.local/lib/python3.7/site-packages/airflow/example_dags/example_bash_operator.py
[2022-09-12 23:57:46,156] {processor.py:651} INFO - DAG(s) dict_keys(['example_bash_operator']) retrieved from /home/airflow/.local/lib/python3.7/site-packages/airflow/example_dags/example_bash_operator.py
[2022-09-12 23:57:46,172] {logging_mixin.py:115} INFO - [2022-09-12 23:57:46,172] {dag.py:2371} INFO - Sync 1 DAGs
[2022-09-12 23:57:46,183] {logging_mixin.py:115} INFO - [2022-09-12 23:57:46,183] {dag.py:2919} INFO - Setting next_dagrun for example_bash_operator to 2022-09-11T00:00:00+00:00, run_after=2022-09-12T00:00:00+00:00
[2022-09-12 23:57:46,190] {processor.py:161} INFO - Processing /home/airflow/.local/lib/python3.7/site-packages/airflow/example_dags/example_bash_operator.py took 0.045 seconds
[2022-09-12 23:58:16,834] {processor.py:153} INFO - Started process (PID=1295) to work on /home/airflow/.local/lib/python3.7/site-packages/airflow/example_dags/example_bash_operator.py
[2022-09-12 23:58:16,838] {processor.py:641} INFO - Processing file /home/airflow/.local/lib/python3.7/site-packages/airflow/example_dags/example_bash_operator.py for tasks to queue
[2022-09-12 23:58:16,840] {logging_mixin.py:115} INFO - [2022-09-12 23:58:16,840] {dagbag.py:507} INFO - Filling up the DagBag from /home/airflow/.local/lib/python3.7/site-packages/airflow/example_dags/example_bash_operator.py
[2022-09-12 23:58:16,865] {processor.py:651} INFO - DAG(s) dict_keys(['example_bash_operator']) retrieved from /home/airflow/.local/lib/python3.7/site-packages/airflow/example_dags/example_bash_operator.py
[2022-09-12 23:58:16,890] {logging_mixin.py:115} INFO - [2022-09-12 23:58:16,890] {dag.py:2371} INFO - Sync 1 DAGs
[2022-09-12 23:58:16,905] {logging_mixin.py:115} INFO - [2022-09-12 23:58:16,905] {dag.py:2919} INFO - Setting next_dagrun for example_bash_operator to 2022-09-11T00:00:00+00:00, run_after=2022-09-12T00:00:00+00:00
[2022-09-12 23:58:16,912] {processor.py:161} INFO - Processing /home/airflow/.local/lib/python3.7/site-packages/airflow/example_dags/example_bash_operator.py took 0.080 seconds
[2022-09-12 23:58:47,700] {processor.py:153} INFO - Started process (PID=1356) to work on /home/airflow/.local/lib/python3.7/site-packages/airflow/example_dags/example_bash_operator.py
[2022-09-12 23:58:47,702] {processor.py:641} INFO - Processing file /home/airflow/.local/lib/python3.7/site-packages/airflow/example_dags/example_bash_operator.py for tasks to queue
[2022-09-12 23:58:47,703] {logging_mixin.py:115} INFO - [2022-09-12 23:58:47,703] {dagbag.py:507} INFO - Filling up the DagBag from /home/airflow/.local/lib/python3.7/site-packages/airflow/example_dags/example_bash_operator.py
[2022-09-12 23:58:47,709] {processor.py:651} INFO - DAG(s) dict_keys(['example_bash_operator']) retrieved from /home/airflow/.local/lib/python3.7/site-packages/airflow/example_dags/example_bash_operator.py
[2022-09-12 23:58:47,726] {logging_mixin.py:115} INFO - [2022-09-12 23:58:47,726] {dag.py:2371} INFO - Sync 1 DAGs
[2022-09-12 23:58:47,737] {logging_mixin.py:115} INFO - [2022-09-12 23:58:47,737] {dag.py:2919} INFO - Setting next_dagrun for example_bash_operator to 2022-09-11T00:00:00+00:00, run_after=2022-09-12T00:00:00+00:00
[2022-09-12 23:58:47,743] {processor.py:161} INFO - Processing /home/airflow/.local/lib/python3.7/site-packages/airflow/example_dags/example_bash_operator.py took 0.045 seconds
[2022-09-12 23:59:18,211] {processor.py:153} INFO - Started process (PID=1407) to work on /home/airflow/.local/lib/python3.7/site-packages/airflow/example_dags/example_bash_operator.py
[2022-09-12 23:59:18,212] {processor.py:641} INFO - Processing file /home/airflow/.local/lib/python3.7/site-packages/airflow/example_dags/example_bash_operator.py for tasks to queue
[2022-09-12 23:59:18,213] {logging_mixin.py:115} INFO - [2022-09-12 23:59:18,213] {dagbag.py:507} INFO - Filling up the DagBag from /home/airflow/.local/lib/python3.7/site-packages/airflow/example_dags/example_bash_operator.py
[2022-09-12 23:59:18,220] {processor.py:651} INFO - DAG(s) dict_keys(['example_bash_operator']) retrieved from /home/airflow/.local/lib/python3.7/site-packages/airflow/example_dags/example_bash_operator.py
[2022-09-12 23:59:18,237] {logging_mixin.py:115} INFO - [2022-09-12 23:59:18,237] {dag.py:2371} INFO - Sync 1 DAGs
[2022-09-12 23:59:18,248] {logging_mixin.py:115} INFO - [2022-09-12 23:59:18,248] {dag.py:2919} INFO - Setting next_dagrun for example_bash_operator to 2022-09-11T00:00:00+00:00, run_after=2022-09-12T00:00:00+00:00
[2022-09-12 23:59:18,254] {processor.py:161} INFO - Processing /home/airflow/.local/lib/python3.7/site-packages/airflow/example_dags/example_bash_operator.py took 0.044 seconds
