[2022-09-12 23:47:38,600] {processor.py:153} INFO - Started process (PID=73) to work on /home/airflow/.local/lib/python3.7/site-packages/airflow/example_dags/example_time_delta_sensor_async.py
[2022-09-12 23:47:38,601] {processor.py:641} INFO - Processing file /home/airflow/.local/lib/python3.7/site-packages/airflow/example_dags/example_time_delta_sensor_async.py for tasks to queue
[2022-09-12 23:47:38,602] {logging_mixin.py:115} INFO - [2022-09-12 23:47:38,602] {dagbag.py:507} INFO - Filling up the DagBag from /home/airflow/.local/lib/python3.7/site-packages/airflow/example_dags/example_time_delta_sensor_async.py
[2022-09-12 23:47:38,610] {processor.py:651} INFO - DAG(s) dict_keys(['example_time_delta_sensor_async']) retrieved from /home/airflow/.local/lib/python3.7/site-packages/airflow/example_dags/example_time_delta_sensor_async.py
[2022-09-12 23:47:38,943] {logging_mixin.py:115} INFO - [2022-09-12 23:47:38,943] {manager.py:508} INFO - Created Permission View: can read on DAG:example_time_delta_sensor_async
[2022-09-12 23:47:38,952] {logging_mixin.py:115} INFO - [2022-09-12 23:47:38,952] {manager.py:508} INFO - Created Permission View: can delete on DAG:example_time_delta_sensor_async
[2022-09-12 23:47:38,958] {logging_mixin.py:115} INFO - [2022-09-12 23:47:38,958] {manager.py:508} INFO - Created Permission View: can edit on DAG:example_time_delta_sensor_async
[2022-09-12 23:47:38,959] {logging_mixin.py:115} INFO - [2022-09-12 23:47:38,959] {dag.py:2371} INFO - Sync 1 DAGs
[2022-09-12 23:47:38,965] {logging_mixin.py:115} INFO - [2022-09-12 23:47:38,965] {dag.py:2390} INFO - Creating ORM DAG for example_time_delta_sensor_async
[2022-09-12 23:47:38,972] {logging_mixin.py:115} INFO - [2022-09-12 23:47:38,972] {dag.py:2919} INFO - Setting next_dagrun for example_time_delta_sensor_async to None, run_after=None
[2022-09-12 23:47:38,982] {processor.py:161} INFO - Processing /home/airflow/.local/lib/python3.7/site-packages/airflow/example_dags/example_time_delta_sensor_async.py took 0.385 seconds
[2022-09-12 23:48:09,797] {processor.py:153} INFO - Started process (PID=134) to work on /home/airflow/.local/lib/python3.7/site-packages/airflow/example_dags/example_time_delta_sensor_async.py
[2022-09-12 23:48:09,798] {processor.py:641} INFO - Processing file /home/airflow/.local/lib/python3.7/site-packages/airflow/example_dags/example_time_delta_sensor_async.py for tasks to queue
[2022-09-12 23:48:09,799] {logging_mixin.py:115} INFO - [2022-09-12 23:48:09,799] {dagbag.py:507} INFO - Filling up the DagBag from /home/airflow/.local/lib/python3.7/site-packages/airflow/example_dags/example_time_delta_sensor_async.py
[2022-09-12 23:48:09,803] {processor.py:651} INFO - DAG(s) dict_keys(['example_time_delta_sensor_async']) retrieved from /home/airflow/.local/lib/python3.7/site-packages/airflow/example_dags/example_time_delta_sensor_async.py
[2022-09-12 23:48:09,828] {logging_mixin.py:115} INFO - [2022-09-12 23:48:09,828] {dag.py:2371} INFO - Sync 1 DAGs
[2022-09-12 23:48:09,843] {logging_mixin.py:115} INFO - [2022-09-12 23:48:09,843] {dag.py:2919} INFO - Setting next_dagrun for example_time_delta_sensor_async to None, run_after=None
[2022-09-12 23:48:09,851] {processor.py:161} INFO - Processing /home/airflow/.local/lib/python3.7/site-packages/airflow/example_dags/example_time_delta_sensor_async.py took 0.057 seconds
[2022-09-12 23:48:40,667] {processor.py:153} INFO - Started process (PID=195) to work on /home/airflow/.local/lib/python3.7/site-packages/airflow/example_dags/example_time_delta_sensor_async.py
[2022-09-12 23:48:40,669] {processor.py:641} INFO - Processing file /home/airflow/.local/lib/python3.7/site-packages/airflow/example_dags/example_time_delta_sensor_async.py for tasks to queue
[2022-09-12 23:48:40,670] {logging_mixin.py:115} INFO - [2022-09-12 23:48:40,670] {dagbag.py:507} INFO - Filling up the DagBag from /home/airflow/.local/lib/python3.7/site-packages/airflow/example_dags/example_time_delta_sensor_async.py
[2022-09-12 23:48:40,677] {processor.py:651} INFO - DAG(s) dict_keys(['example_time_delta_sensor_async']) retrieved from /home/airflow/.local/lib/python3.7/site-packages/airflow/example_dags/example_time_delta_sensor_async.py
[2022-09-12 23:48:40,729] {logging_mixin.py:115} INFO - [2022-09-12 23:48:40,729] {dag.py:2371} INFO - Sync 1 DAGs
[2022-09-12 23:48:40,752] {logging_mixin.py:115} INFO - [2022-09-12 23:48:40,751] {dag.py:2919} INFO - Setting next_dagrun for example_time_delta_sensor_async to None, run_after=None
[2022-09-12 23:48:40,761] {processor.py:161} INFO - Processing /home/airflow/.local/lib/python3.7/site-packages/airflow/example_dags/example_time_delta_sensor_async.py took 0.097 seconds
[2022-09-12 23:49:11,192] {processor.py:153} INFO - Started process (PID=256) to work on /home/airflow/.local/lib/python3.7/site-packages/airflow/example_dags/example_time_delta_sensor_async.py
[2022-09-12 23:49:11,193] {processor.py:641} INFO - Processing file /home/airflow/.local/lib/python3.7/site-packages/airflow/example_dags/example_time_delta_sensor_async.py for tasks to queue
[2022-09-12 23:49:11,194] {logging_mixin.py:115} INFO - [2022-09-12 23:49:11,194] {dagbag.py:507} INFO - Filling up the DagBag from /home/airflow/.local/lib/python3.7/site-packages/airflow/example_dags/example_time_delta_sensor_async.py
[2022-09-12 23:49:11,199] {processor.py:651} INFO - DAG(s) dict_keys(['example_time_delta_sensor_async']) retrieved from /home/airflow/.local/lib/python3.7/site-packages/airflow/example_dags/example_time_delta_sensor_async.py
[2022-09-12 23:49:11,228] {logging_mixin.py:115} INFO - [2022-09-12 23:49:11,227] {dag.py:2371} INFO - Sync 1 DAGs
[2022-09-12 23:49:11,243] {logging_mixin.py:115} INFO - [2022-09-12 23:49:11,243] {dag.py:2919} INFO - Setting next_dagrun for example_time_delta_sensor_async to None, run_after=None
[2022-09-12 23:49:11,253] {processor.py:161} INFO - Processing /home/airflow/.local/lib/python3.7/site-packages/airflow/example_dags/example_time_delta_sensor_async.py took 0.064 seconds
[2022-09-12 23:49:42,082] {processor.py:153} INFO - Started process (PID=318) to work on /home/airflow/.local/lib/python3.7/site-packages/airflow/example_dags/example_time_delta_sensor_async.py
[2022-09-12 23:49:42,084] {processor.py:641} INFO - Processing file /home/airflow/.local/lib/python3.7/site-packages/airflow/example_dags/example_time_delta_sensor_async.py for tasks to queue
[2022-09-12 23:49:42,085] {logging_mixin.py:115} INFO - [2022-09-12 23:49:42,085] {dagbag.py:507} INFO - Filling up the DagBag from /home/airflow/.local/lib/python3.7/site-packages/airflow/example_dags/example_time_delta_sensor_async.py
[2022-09-12 23:49:42,091] {processor.py:651} INFO - DAG(s) dict_keys(['example_time_delta_sensor_async']) retrieved from /home/airflow/.local/lib/python3.7/site-packages/airflow/example_dags/example_time_delta_sensor_async.py
[2022-09-12 23:49:42,131] {logging_mixin.py:115} INFO - [2022-09-12 23:49:42,131] {dag.py:2371} INFO - Sync 1 DAGs
[2022-09-12 23:49:42,152] {logging_mixin.py:115} INFO - [2022-09-12 23:49:42,152] {dag.py:2919} INFO - Setting next_dagrun for example_time_delta_sensor_async to None, run_after=None
[2022-09-12 23:49:42,165] {processor.py:161} INFO - Processing /home/airflow/.local/lib/python3.7/site-packages/airflow/example_dags/example_time_delta_sensor_async.py took 0.085 seconds
[2022-09-12 23:50:12,983] {processor.py:153} INFO - Started process (PID=369) to work on /home/airflow/.local/lib/python3.7/site-packages/airflow/example_dags/example_time_delta_sensor_async.py
[2022-09-12 23:50:12,985] {processor.py:641} INFO - Processing file /home/airflow/.local/lib/python3.7/site-packages/airflow/example_dags/example_time_delta_sensor_async.py for tasks to queue
[2022-09-12 23:50:12,988] {logging_mixin.py:115} INFO - [2022-09-12 23:50:12,988] {dagbag.py:507} INFO - Filling up the DagBag from /home/airflow/.local/lib/python3.7/site-packages/airflow/example_dags/example_time_delta_sensor_async.py
[2022-09-12 23:50:13,002] {processor.py:651} INFO - DAG(s) dict_keys(['example_time_delta_sensor_async']) retrieved from /home/airflow/.local/lib/python3.7/site-packages/airflow/example_dags/example_time_delta_sensor_async.py
[2022-09-12 23:50:13,070] {logging_mixin.py:115} INFO - [2022-09-12 23:50:13,070] {dag.py:2371} INFO - Sync 1 DAGs
[2022-09-12 23:50:13,101] {logging_mixin.py:115} INFO - [2022-09-12 23:50:13,101] {dag.py:2919} INFO - Setting next_dagrun for example_time_delta_sensor_async to None, run_after=None
[2022-09-12 23:50:13,112] {processor.py:161} INFO - Processing /home/airflow/.local/lib/python3.7/site-packages/airflow/example_dags/example_time_delta_sensor_async.py took 0.136 seconds
[2022-09-12 23:50:43,710] {processor.py:153} INFO - Started process (PID=431) to work on /home/airflow/.local/lib/python3.7/site-packages/airflow/example_dags/example_time_delta_sensor_async.py
[2022-09-12 23:50:43,712] {processor.py:641} INFO - Processing file /home/airflow/.local/lib/python3.7/site-packages/airflow/example_dags/example_time_delta_sensor_async.py for tasks to queue
[2022-09-12 23:50:43,713] {logging_mixin.py:115} INFO - [2022-09-12 23:50:43,713] {dagbag.py:507} INFO - Filling up the DagBag from /home/airflow/.local/lib/python3.7/site-packages/airflow/example_dags/example_time_delta_sensor_async.py
[2022-09-12 23:50:43,722] {processor.py:651} INFO - DAG(s) dict_keys(['example_time_delta_sensor_async']) retrieved from /home/airflow/.local/lib/python3.7/site-packages/airflow/example_dags/example_time_delta_sensor_async.py
[2022-09-12 23:50:43,768] {logging_mixin.py:115} INFO - [2022-09-12 23:50:43,768] {dag.py:2371} INFO - Sync 1 DAGs
[2022-09-12 23:50:43,784] {logging_mixin.py:115} INFO - [2022-09-12 23:50:43,784] {dag.py:2919} INFO - Setting next_dagrun for example_time_delta_sensor_async to None, run_after=None
[2022-09-12 23:50:43,793] {processor.py:161} INFO - Processing /home/airflow/.local/lib/python3.7/site-packages/airflow/example_dags/example_time_delta_sensor_async.py took 0.089 seconds
[2022-09-12 23:51:14,100] {processor.py:153} INFO - Started process (PID=492) to work on /home/airflow/.local/lib/python3.7/site-packages/airflow/example_dags/example_time_delta_sensor_async.py
[2022-09-12 23:51:14,105] {processor.py:641} INFO - Processing file /home/airflow/.local/lib/python3.7/site-packages/airflow/example_dags/example_time_delta_sensor_async.py for tasks to queue
[2022-09-12 23:51:14,108] {logging_mixin.py:115} INFO - [2022-09-12 23:51:14,108] {dagbag.py:507} INFO - Filling up the DagBag from /home/airflow/.local/lib/python3.7/site-packages/airflow/example_dags/example_time_delta_sensor_async.py
[2022-09-12 23:51:14,117] {processor.py:651} INFO - DAG(s) dict_keys(['example_time_delta_sensor_async']) retrieved from /home/airflow/.local/lib/python3.7/site-packages/airflow/example_dags/example_time_delta_sensor_async.py
[2022-09-12 23:51:14,160] {logging_mixin.py:115} INFO - [2022-09-12 23:51:14,159] {dag.py:2371} INFO - Sync 1 DAGs
[2022-09-12 23:51:14,181] {logging_mixin.py:115} INFO - [2022-09-12 23:51:14,181] {dag.py:2919} INFO - Setting next_dagrun for example_time_delta_sensor_async to None, run_after=None
[2022-09-12 23:51:14,192] {processor.py:161} INFO - Processing /home/airflow/.local/lib/python3.7/site-packages/airflow/example_dags/example_time_delta_sensor_async.py took 0.097 seconds
[2022-09-12 23:51:44,352] {processor.py:153} INFO - Started process (PID=551) to work on /home/airflow/.local/lib/python3.7/site-packages/airflow/example_dags/example_time_delta_sensor_async.py
[2022-09-12 23:51:44,354] {processor.py:641} INFO - Processing file /home/airflow/.local/lib/python3.7/site-packages/airflow/example_dags/example_time_delta_sensor_async.py for tasks to queue
[2022-09-12 23:51:44,356] {logging_mixin.py:115} INFO - [2022-09-12 23:51:44,356] {dagbag.py:507} INFO - Filling up the DagBag from /home/airflow/.local/lib/python3.7/site-packages/airflow/example_dags/example_time_delta_sensor_async.py
[2022-09-12 23:51:44,362] {processor.py:651} INFO - DAG(s) dict_keys(['example_time_delta_sensor_async']) retrieved from /home/airflow/.local/lib/python3.7/site-packages/airflow/example_dags/example_time_delta_sensor_async.py
[2022-09-12 23:51:44,403] {logging_mixin.py:115} INFO - [2022-09-12 23:51:44,403] {dag.py:2371} INFO - Sync 1 DAGs
[2022-09-12 23:51:44,425] {logging_mixin.py:115} INFO - [2022-09-12 23:51:44,425] {dag.py:2919} INFO - Setting next_dagrun for example_time_delta_sensor_async to None, run_after=None
[2022-09-12 23:51:44,434] {processor.py:161} INFO - Processing /home/airflow/.local/lib/python3.7/site-packages/airflow/example_dags/example_time_delta_sensor_async.py took 0.086 seconds
[2022-09-12 23:52:14,583] {processor.py:153} INFO - Started process (PID=611) to work on /home/airflow/.local/lib/python3.7/site-packages/airflow/example_dags/example_time_delta_sensor_async.py
[2022-09-12 23:52:14,585] {processor.py:641} INFO - Processing file /home/airflow/.local/lib/python3.7/site-packages/airflow/example_dags/example_time_delta_sensor_async.py for tasks to queue
[2022-09-12 23:52:14,586] {logging_mixin.py:115} INFO - [2022-09-12 23:52:14,586] {dagbag.py:507} INFO - Filling up the DagBag from /home/airflow/.local/lib/python3.7/site-packages/airflow/example_dags/example_time_delta_sensor_async.py
[2022-09-12 23:52:14,591] {processor.py:651} INFO - DAG(s) dict_keys(['example_time_delta_sensor_async']) retrieved from /home/airflow/.local/lib/python3.7/site-packages/airflow/example_dags/example_time_delta_sensor_async.py
[2022-09-12 23:52:14,626] {logging_mixin.py:115} INFO - [2022-09-12 23:52:14,626] {dag.py:2371} INFO - Sync 1 DAGs
[2022-09-12 23:52:14,646] {logging_mixin.py:115} INFO - [2022-09-12 23:52:14,646] {dag.py:2919} INFO - Setting next_dagrun for example_time_delta_sensor_async to None, run_after=None
[2022-09-12 23:52:14,653] {processor.py:161} INFO - Processing /home/airflow/.local/lib/python3.7/site-packages/airflow/example_dags/example_time_delta_sensor_async.py took 0.073 seconds
[2022-09-12 23:52:45,246] {processor.py:153} INFO - Started process (PID=665) to work on /home/airflow/.local/lib/python3.7/site-packages/airflow/example_dags/example_time_delta_sensor_async.py
[2022-09-12 23:52:45,247] {processor.py:641} INFO - Processing file /home/airflow/.local/lib/python3.7/site-packages/airflow/example_dags/example_time_delta_sensor_async.py for tasks to queue
[2022-09-12 23:52:45,249] {logging_mixin.py:115} INFO - [2022-09-12 23:52:45,248] {dagbag.py:507} INFO - Filling up the DagBag from /home/airflow/.local/lib/python3.7/site-packages/airflow/example_dags/example_time_delta_sensor_async.py
[2022-09-12 23:52:45,253] {processor.py:651} INFO - DAG(s) dict_keys(['example_time_delta_sensor_async']) retrieved from /home/airflow/.local/lib/python3.7/site-packages/airflow/example_dags/example_time_delta_sensor_async.py
[2022-09-12 23:52:45,277] {logging_mixin.py:115} INFO - [2022-09-12 23:52:45,277] {dag.py:2371} INFO - Sync 1 DAGs
[2022-09-12 23:52:45,293] {logging_mixin.py:115} INFO - [2022-09-12 23:52:45,293] {dag.py:2919} INFO - Setting next_dagrun for example_time_delta_sensor_async to None, run_after=None
[2022-09-12 23:52:45,301] {processor.py:161} INFO - Processing /home/airflow/.local/lib/python3.7/site-packages/airflow/example_dags/example_time_delta_sensor_async.py took 0.057 seconds
[2022-09-12 23:53:15,815] {processor.py:153} INFO - Started process (PID=726) to work on /home/airflow/.local/lib/python3.7/site-packages/airflow/example_dags/example_time_delta_sensor_async.py
[2022-09-12 23:53:15,816] {processor.py:641} INFO - Processing file /home/airflow/.local/lib/python3.7/site-packages/airflow/example_dags/example_time_delta_sensor_async.py for tasks to queue
[2022-09-12 23:53:15,818] {logging_mixin.py:115} INFO - [2022-09-12 23:53:15,818] {dagbag.py:507} INFO - Filling up the DagBag from /home/airflow/.local/lib/python3.7/site-packages/airflow/example_dags/example_time_delta_sensor_async.py
[2022-09-12 23:53:15,823] {processor.py:651} INFO - DAG(s) dict_keys(['example_time_delta_sensor_async']) retrieved from /home/airflow/.local/lib/python3.7/site-packages/airflow/example_dags/example_time_delta_sensor_async.py
[2022-09-12 23:53:15,855] {logging_mixin.py:115} INFO - [2022-09-12 23:53:15,855] {dag.py:2371} INFO - Sync 1 DAGs
[2022-09-12 23:53:15,872] {logging_mixin.py:115} INFO - [2022-09-12 23:53:15,872] {dag.py:2919} INFO - Setting next_dagrun for example_time_delta_sensor_async to None, run_after=None
[2022-09-12 23:53:15,881] {processor.py:161} INFO - Processing /home/airflow/.local/lib/python3.7/site-packages/airflow/example_dags/example_time_delta_sensor_async.py took 0.068 seconds
[2022-09-12 23:53:46,542] {processor.py:153} INFO - Started process (PID=786) to work on /home/airflow/.local/lib/python3.7/site-packages/airflow/example_dags/example_time_delta_sensor_async.py
[2022-09-12 23:53:46,544] {processor.py:641} INFO - Processing file /home/airflow/.local/lib/python3.7/site-packages/airflow/example_dags/example_time_delta_sensor_async.py for tasks to queue
[2022-09-12 23:53:46,546] {logging_mixin.py:115} INFO - [2022-09-12 23:53:46,546] {dagbag.py:507} INFO - Filling up the DagBag from /home/airflow/.local/lib/python3.7/site-packages/airflow/example_dags/example_time_delta_sensor_async.py
[2022-09-12 23:53:46,551] {processor.py:651} INFO - DAG(s) dict_keys(['example_time_delta_sensor_async']) retrieved from /home/airflow/.local/lib/python3.7/site-packages/airflow/example_dags/example_time_delta_sensor_async.py
[2022-09-12 23:53:46,592] {logging_mixin.py:115} INFO - [2022-09-12 23:53:46,592] {dag.py:2371} INFO - Sync 1 DAGs
[2022-09-12 23:53:46,613] {logging_mixin.py:115} INFO - [2022-09-12 23:53:46,613] {dag.py:2919} INFO - Setting next_dagrun for example_time_delta_sensor_async to None, run_after=None
[2022-09-12 23:53:46,623] {processor.py:161} INFO - Processing /home/airflow/.local/lib/python3.7/site-packages/airflow/example_dags/example_time_delta_sensor_async.py took 0.083 seconds
[2022-09-12 23:54:17,166] {processor.py:153} INFO - Started process (PID=846) to work on /home/airflow/.local/lib/python3.7/site-packages/airflow/example_dags/example_time_delta_sensor_async.py
[2022-09-12 23:54:17,168] {processor.py:641} INFO - Processing file /home/airflow/.local/lib/python3.7/site-packages/airflow/example_dags/example_time_delta_sensor_async.py for tasks to queue
[2022-09-12 23:54:17,169] {logging_mixin.py:115} INFO - [2022-09-12 23:54:17,168] {dagbag.py:507} INFO - Filling up the DagBag from /home/airflow/.local/lib/python3.7/site-packages/airflow/example_dags/example_time_delta_sensor_async.py
[2022-09-12 23:54:17,172] {processor.py:651} INFO - DAG(s) dict_keys(['example_time_delta_sensor_async']) retrieved from /home/airflow/.local/lib/python3.7/site-packages/airflow/example_dags/example_time_delta_sensor_async.py
[2022-09-12 23:54:17,195] {logging_mixin.py:115} INFO - [2022-09-12 23:54:17,195] {dag.py:2371} INFO - Sync 1 DAGs
[2022-09-12 23:54:17,210] {logging_mixin.py:115} INFO - [2022-09-12 23:54:17,210] {dag.py:2919} INFO - Setting next_dagrun for example_time_delta_sensor_async to None, run_after=None
[2022-09-12 23:54:17,217] {processor.py:161} INFO - Processing /home/airflow/.local/lib/python3.7/site-packages/airflow/example_dags/example_time_delta_sensor_async.py took 0.053 seconds
[2022-09-12 23:54:48,154] {processor.py:153} INFO - Started process (PID=908) to work on /home/airflow/.local/lib/python3.7/site-packages/airflow/example_dags/example_time_delta_sensor_async.py
[2022-09-12 23:54:48,155] {processor.py:641} INFO - Processing file /home/airflow/.local/lib/python3.7/site-packages/airflow/example_dags/example_time_delta_sensor_async.py for tasks to queue
[2022-09-12 23:54:48,156] {logging_mixin.py:115} INFO - [2022-09-12 23:54:48,156] {dagbag.py:507} INFO - Filling up the DagBag from /home/airflow/.local/lib/python3.7/site-packages/airflow/example_dags/example_time_delta_sensor_async.py
[2022-09-12 23:54:48,159] {processor.py:651} INFO - DAG(s) dict_keys(['example_time_delta_sensor_async']) retrieved from /home/airflow/.local/lib/python3.7/site-packages/airflow/example_dags/example_time_delta_sensor_async.py
[2022-09-12 23:54:48,187] {logging_mixin.py:115} INFO - [2022-09-12 23:54:48,187] {dag.py:2371} INFO - Sync 1 DAGs
[2022-09-12 23:54:48,202] {logging_mixin.py:115} INFO - [2022-09-12 23:54:48,201] {dag.py:2919} INFO - Setting next_dagrun for example_time_delta_sensor_async to None, run_after=None
[2022-09-12 23:54:48,211] {processor.py:161} INFO - Processing /home/airflow/.local/lib/python3.7/site-packages/airflow/example_dags/example_time_delta_sensor_async.py took 0.059 seconds
[2022-09-12 23:55:18,978] {processor.py:153} INFO - Started process (PID=959) to work on /home/airflow/.local/lib/python3.7/site-packages/airflow/example_dags/example_time_delta_sensor_async.py
[2022-09-12 23:55:18,980] {processor.py:641} INFO - Processing file /home/airflow/.local/lib/python3.7/site-packages/airflow/example_dags/example_time_delta_sensor_async.py for tasks to queue
[2022-09-12 23:55:18,981] {logging_mixin.py:115} INFO - [2022-09-12 23:55:18,981] {dagbag.py:507} INFO - Filling up the DagBag from /home/airflow/.local/lib/python3.7/site-packages/airflow/example_dags/example_time_delta_sensor_async.py
[2022-09-12 23:55:18,985] {processor.py:651} INFO - DAG(s) dict_keys(['example_time_delta_sensor_async']) retrieved from /home/airflow/.local/lib/python3.7/site-packages/airflow/example_dags/example_time_delta_sensor_async.py
[2022-09-12 23:55:19,009] {logging_mixin.py:115} INFO - [2022-09-12 23:55:19,009] {dag.py:2371} INFO - Sync 1 DAGs
[2022-09-12 23:55:19,024] {logging_mixin.py:115} INFO - [2022-09-12 23:55:19,024] {dag.py:2919} INFO - Setting next_dagrun for example_time_delta_sensor_async to None, run_after=None
[2022-09-12 23:55:19,032] {processor.py:161} INFO - Processing /home/airflow/.local/lib/python3.7/site-packages/airflow/example_dags/example_time_delta_sensor_async.py took 0.056 seconds
[2022-09-12 23:55:49,584] {processor.py:153} INFO - Started process (PID=1020) to work on /home/airflow/.local/lib/python3.7/site-packages/airflow/example_dags/example_time_delta_sensor_async.py
[2022-09-12 23:55:49,585] {processor.py:641} INFO - Processing file /home/airflow/.local/lib/python3.7/site-packages/airflow/example_dags/example_time_delta_sensor_async.py for tasks to queue
[2022-09-12 23:55:49,586] {logging_mixin.py:115} INFO - [2022-09-12 23:55:49,586] {dagbag.py:507} INFO - Filling up the DagBag from /home/airflow/.local/lib/python3.7/site-packages/airflow/example_dags/example_time_delta_sensor_async.py
[2022-09-12 23:55:49,591] {processor.py:651} INFO - DAG(s) dict_keys(['example_time_delta_sensor_async']) retrieved from /home/airflow/.local/lib/python3.7/site-packages/airflow/example_dags/example_time_delta_sensor_async.py
[2022-09-12 23:55:49,620] {logging_mixin.py:115} INFO - [2022-09-12 23:55:49,620] {dag.py:2371} INFO - Sync 1 DAGs
[2022-09-12 23:55:49,636] {logging_mixin.py:115} INFO - [2022-09-12 23:55:49,636] {dag.py:2919} INFO - Setting next_dagrun for example_time_delta_sensor_async to None, run_after=None
[2022-09-12 23:55:49,643] {processor.py:161} INFO - Processing /home/airflow/.local/lib/python3.7/site-packages/airflow/example_dags/example_time_delta_sensor_async.py took 0.061 seconds
[2022-09-12 23:56:20,175] {processor.py:153} INFO - Started process (PID=1082) to work on /home/airflow/.local/lib/python3.7/site-packages/airflow/example_dags/example_time_delta_sensor_async.py
[2022-09-12 23:56:20,176] {processor.py:641} INFO - Processing file /home/airflow/.local/lib/python3.7/site-packages/airflow/example_dags/example_time_delta_sensor_async.py for tasks to queue
[2022-09-12 23:56:20,177] {logging_mixin.py:115} INFO - [2022-09-12 23:56:20,177] {dagbag.py:507} INFO - Filling up the DagBag from /home/airflow/.local/lib/python3.7/site-packages/airflow/example_dags/example_time_delta_sensor_async.py
[2022-09-12 23:56:20,183] {processor.py:651} INFO - DAG(s) dict_keys(['example_time_delta_sensor_async']) retrieved from /home/airflow/.local/lib/python3.7/site-packages/airflow/example_dags/example_time_delta_sensor_async.py
[2022-09-12 23:56:20,212] {logging_mixin.py:115} INFO - [2022-09-12 23:56:20,212] {dag.py:2371} INFO - Sync 1 DAGs
[2022-09-12 23:56:20,227] {logging_mixin.py:115} INFO - [2022-09-12 23:56:20,227] {dag.py:2919} INFO - Setting next_dagrun for example_time_delta_sensor_async to None, run_after=None
[2022-09-12 23:56:20,234] {processor.py:161} INFO - Processing /home/airflow/.local/lib/python3.7/site-packages/airflow/example_dags/example_time_delta_sensor_async.py took 0.061 seconds
[2022-09-12 23:56:50,686] {processor.py:153} INFO - Started process (PID=1143) to work on /home/airflow/.local/lib/python3.7/site-packages/airflow/example_dags/example_time_delta_sensor_async.py
[2022-09-12 23:56:50,687] {processor.py:641} INFO - Processing file /home/airflow/.local/lib/python3.7/site-packages/airflow/example_dags/example_time_delta_sensor_async.py for tasks to queue
[2022-09-12 23:56:50,689] {logging_mixin.py:115} INFO - [2022-09-12 23:56:50,688] {dagbag.py:507} INFO - Filling up the DagBag from /home/airflow/.local/lib/python3.7/site-packages/airflow/example_dags/example_time_delta_sensor_async.py
[2022-09-12 23:56:50,692] {processor.py:651} INFO - DAG(s) dict_keys(['example_time_delta_sensor_async']) retrieved from /home/airflow/.local/lib/python3.7/site-packages/airflow/example_dags/example_time_delta_sensor_async.py
[2022-09-12 23:56:50,716] {logging_mixin.py:115} INFO - [2022-09-12 23:56:50,716] {dag.py:2371} INFO - Sync 1 DAGs
[2022-09-12 23:56:50,731] {logging_mixin.py:115} INFO - [2022-09-12 23:56:50,731] {dag.py:2919} INFO - Setting next_dagrun for example_time_delta_sensor_async to None, run_after=None
[2022-09-12 23:56:50,739] {processor.py:161} INFO - Processing /home/airflow/.local/lib/python3.7/site-packages/airflow/example_dags/example_time_delta_sensor_async.py took 0.055 seconds
[2022-09-12 23:57:21,340] {processor.py:153} INFO - Started process (PID=1205) to work on /home/airflow/.local/lib/python3.7/site-packages/airflow/example_dags/example_time_delta_sensor_async.py
[2022-09-12 23:57:21,341] {processor.py:641} INFO - Processing file /home/airflow/.local/lib/python3.7/site-packages/airflow/example_dags/example_time_delta_sensor_async.py for tasks to queue
[2022-09-12 23:57:21,342] {logging_mixin.py:115} INFO - [2022-09-12 23:57:21,342] {dagbag.py:507} INFO - Filling up the DagBag from /home/airflow/.local/lib/python3.7/site-packages/airflow/example_dags/example_time_delta_sensor_async.py
[2022-09-12 23:57:21,346] {processor.py:651} INFO - DAG(s) dict_keys(['example_time_delta_sensor_async']) retrieved from /home/airflow/.local/lib/python3.7/site-packages/airflow/example_dags/example_time_delta_sensor_async.py
[2022-09-12 23:57:21,378] {logging_mixin.py:115} INFO - [2022-09-12 23:57:21,378] {dag.py:2371} INFO - Sync 1 DAGs
[2022-09-12 23:57:21,395] {logging_mixin.py:115} INFO - [2022-09-12 23:57:21,395] {dag.py:2919} INFO - Setting next_dagrun for example_time_delta_sensor_async to None, run_after=None
[2022-09-12 23:57:21,403] {processor.py:161} INFO - Processing /home/airflow/.local/lib/python3.7/site-packages/airflow/example_dags/example_time_delta_sensor_async.py took 0.065 seconds
[2022-09-12 23:57:52,145] {processor.py:153} INFO - Started process (PID=1267) to work on /home/airflow/.local/lib/python3.7/site-packages/airflow/example_dags/example_time_delta_sensor_async.py
[2022-09-12 23:57:52,147] {processor.py:641} INFO - Processing file /home/airflow/.local/lib/python3.7/site-packages/airflow/example_dags/example_time_delta_sensor_async.py for tasks to queue
[2022-09-12 23:57:52,147] {logging_mixin.py:115} INFO - [2022-09-12 23:57:52,147] {dagbag.py:507} INFO - Filling up the DagBag from /home/airflow/.local/lib/python3.7/site-packages/airflow/example_dags/example_time_delta_sensor_async.py
[2022-09-12 23:57:52,151] {processor.py:651} INFO - DAG(s) dict_keys(['example_time_delta_sensor_async']) retrieved from /home/airflow/.local/lib/python3.7/site-packages/airflow/example_dags/example_time_delta_sensor_async.py
[2022-09-12 23:57:52,183] {logging_mixin.py:115} INFO - [2022-09-12 23:57:52,183] {dag.py:2371} INFO - Sync 1 DAGs
[2022-09-12 23:57:52,202] {logging_mixin.py:115} INFO - [2022-09-12 23:57:52,202] {dag.py:2919} INFO - Setting next_dagrun for example_time_delta_sensor_async to None, run_after=None
[2022-09-12 23:57:52,209] {processor.py:161} INFO - Processing /home/airflow/.local/lib/python3.7/site-packages/airflow/example_dags/example_time_delta_sensor_async.py took 0.065 seconds
[2022-09-12 23:58:22,975] {processor.py:153} INFO - Started process (PID=1319) to work on /home/airflow/.local/lib/python3.7/site-packages/airflow/example_dags/example_time_delta_sensor_async.py
[2022-09-12 23:58:22,976] {processor.py:641} INFO - Processing file /home/airflow/.local/lib/python3.7/site-packages/airflow/example_dags/example_time_delta_sensor_async.py for tasks to queue
[2022-09-12 23:58:22,977] {logging_mixin.py:115} INFO - [2022-09-12 23:58:22,977] {dagbag.py:507} INFO - Filling up the DagBag from /home/airflow/.local/lib/python3.7/site-packages/airflow/example_dags/example_time_delta_sensor_async.py
[2022-09-12 23:58:22,982] {processor.py:651} INFO - DAG(s) dict_keys(['example_time_delta_sensor_async']) retrieved from /home/airflow/.local/lib/python3.7/site-packages/airflow/example_dags/example_time_delta_sensor_async.py
[2022-09-12 23:58:23,015] {logging_mixin.py:115} INFO - [2022-09-12 23:58:23,015] {dag.py:2371} INFO - Sync 1 DAGs
[2022-09-12 23:58:23,032] {logging_mixin.py:115} INFO - [2022-09-12 23:58:23,032] {dag.py:2919} INFO - Setting next_dagrun for example_time_delta_sensor_async to None, run_after=None
[2022-09-12 23:58:23,041] {processor.py:161} INFO - Processing /home/airflow/.local/lib/python3.7/site-packages/airflow/example_dags/example_time_delta_sensor_async.py took 0.069 seconds
[2022-09-12 23:58:53,616] {processor.py:153} INFO - Started process (PID=1380) to work on /home/airflow/.local/lib/python3.7/site-packages/airflow/example_dags/example_time_delta_sensor_async.py
[2022-09-12 23:58:53,617] {processor.py:641} INFO - Processing file /home/airflow/.local/lib/python3.7/site-packages/airflow/example_dags/example_time_delta_sensor_async.py for tasks to queue
[2022-09-12 23:58:53,618] {logging_mixin.py:115} INFO - [2022-09-12 23:58:53,618] {dagbag.py:507} INFO - Filling up the DagBag from /home/airflow/.local/lib/python3.7/site-packages/airflow/example_dags/example_time_delta_sensor_async.py
[2022-09-12 23:58:53,622] {processor.py:651} INFO - DAG(s) dict_keys(['example_time_delta_sensor_async']) retrieved from /home/airflow/.local/lib/python3.7/site-packages/airflow/example_dags/example_time_delta_sensor_async.py
[2022-09-12 23:58:53,646] {logging_mixin.py:115} INFO - [2022-09-12 23:58:53,646] {dag.py:2371} INFO - Sync 1 DAGs
[2022-09-12 23:58:53,660] {logging_mixin.py:115} INFO - [2022-09-12 23:58:53,660] {dag.py:2919} INFO - Setting next_dagrun for example_time_delta_sensor_async to None, run_after=None
[2022-09-12 23:58:53,669] {processor.py:161} INFO - Processing /home/airflow/.local/lib/python3.7/site-packages/airflow/example_dags/example_time_delta_sensor_async.py took 0.056 seconds
[2022-09-12 23:59:24,282] {processor.py:153} INFO - Started process (PID=1441) to work on /home/airflow/.local/lib/python3.7/site-packages/airflow/example_dags/example_time_delta_sensor_async.py
[2022-09-12 23:59:24,283] {processor.py:641} INFO - Processing file /home/airflow/.local/lib/python3.7/site-packages/airflow/example_dags/example_time_delta_sensor_async.py for tasks to queue
[2022-09-12 23:59:24,284] {logging_mixin.py:115} INFO - [2022-09-12 23:59:24,284] {dagbag.py:507} INFO - Filling up the DagBag from /home/airflow/.local/lib/python3.7/site-packages/airflow/example_dags/example_time_delta_sensor_async.py
[2022-09-12 23:59:24,289] {processor.py:651} INFO - DAG(s) dict_keys(['example_time_delta_sensor_async']) retrieved from /home/airflow/.local/lib/python3.7/site-packages/airflow/example_dags/example_time_delta_sensor_async.py
[2022-09-12 23:59:24,318] {logging_mixin.py:115} INFO - [2022-09-12 23:59:24,318] {dag.py:2371} INFO - Sync 1 DAGs
[2022-09-12 23:59:24,332] {logging_mixin.py:115} INFO - [2022-09-12 23:59:24,332] {dag.py:2919} INFO - Setting next_dagrun for example_time_delta_sensor_async to None, run_after=None
[2022-09-12 23:59:24,340] {processor.py:161} INFO - Processing /home/airflow/.local/lib/python3.7/site-packages/airflow/example_dags/example_time_delta_sensor_async.py took 0.061 seconds
