[2022-09-12 23:47:29,444] {processor.py:153} INFO - Started process (PID=48) to work on /home/airflow/.local/lib/python3.7/site-packages/airflow/example_dags/example_kubernetes_executor.py
[2022-09-12 23:47:29,446] {processor.py:641} INFO - Processing file /home/airflow/.local/lib/python3.7/site-packages/airflow/example_dags/example_kubernetes_executor.py for tasks to queue
[2022-09-12 23:47:29,447] {logging_mixin.py:115} INFO - [2022-09-12 23:47:29,447] {dagbag.py:507} INFO - Filling up the DagBag from /home/airflow/.local/lib/python3.7/site-packages/airflow/example_dags/example_kubernetes_executor.py
[2022-09-12 23:47:29,496] {processor.py:651} INFO - DAG(s) dict_keys(['example_kubernetes_executor']) retrieved from /home/airflow/.local/lib/python3.7/site-packages/airflow/example_dags/example_kubernetes_executor.py
[2022-09-12 23:47:30,617] {logging_mixin.py:115} INFO - [2022-09-12 23:47:30,614] {manager.py:508} INFO - Created Permission View: can read on DAG:example_kubernetes_executor
[2022-09-12 23:47:30,709] {logging_mixin.py:115} INFO - [2022-09-12 23:47:30,709] {manager.py:508} INFO - Created Permission View: can delete on DAG:example_kubernetes_executor
[2022-09-12 23:47:30,789] {logging_mixin.py:115} INFO - [2022-09-12 23:47:30,789] {manager.py:508} INFO - Created Permission View: can edit on DAG:example_kubernetes_executor
[2022-09-12 23:47:30,791] {logging_mixin.py:115} INFO - [2022-09-12 23:47:30,791] {dag.py:2371} INFO - Sync 1 DAGs
[2022-09-12 23:47:30,816] {logging_mixin.py:115} INFO - [2022-09-12 23:47:30,816] {dag.py:2390} INFO - Creating ORM DAG for example_kubernetes_executor
[2022-09-12 23:47:30,843] {logging_mixin.py:115} INFO - [2022-09-12 23:47:30,842] {dag.py:2919} INFO - Setting next_dagrun for example_kubernetes_executor to None, run_after=None
[2022-09-12 23:47:30,876] {processor.py:161} INFO - Processing /home/airflow/.local/lib/python3.7/site-packages/airflow/example_dags/example_kubernetes_executor.py took 1.434 seconds
[2022-09-12 23:48:01,789] {processor.py:153} INFO - Started process (PID=100) to work on /home/airflow/.local/lib/python3.7/site-packages/airflow/example_dags/example_kubernetes_executor.py
[2022-09-12 23:48:01,793] {processor.py:641} INFO - Processing file /home/airflow/.local/lib/python3.7/site-packages/airflow/example_dags/example_kubernetes_executor.py for tasks to queue
[2022-09-12 23:48:01,799] {logging_mixin.py:115} INFO - [2022-09-12 23:48:01,799] {dagbag.py:507} INFO - Filling up the DagBag from /home/airflow/.local/lib/python3.7/site-packages/airflow/example_dags/example_kubernetes_executor.py
[2022-09-12 23:48:01,834] {processor.py:651} INFO - DAG(s) dict_keys(['example_kubernetes_executor']) retrieved from /home/airflow/.local/lib/python3.7/site-packages/airflow/example_dags/example_kubernetes_executor.py
[2022-09-12 23:48:01,859] {logging_mixin.py:115} INFO - [2022-09-12 23:48:01,859] {dag.py:2371} INFO - Sync 1 DAGs
[2022-09-12 23:48:01,951] {logging_mixin.py:115} INFO - [2022-09-12 23:48:01,951] {dag.py:2919} INFO - Setting next_dagrun for example_kubernetes_executor to None, run_after=None
[2022-09-12 23:48:01,958] {processor.py:161} INFO - Processing /home/airflow/.local/lib/python3.7/site-packages/airflow/example_dags/example_kubernetes_executor.py took 0.172 seconds
[2022-09-12 23:48:32,627] {processor.py:153} INFO - Started process (PID=161) to work on /home/airflow/.local/lib/python3.7/site-packages/airflow/example_dags/example_kubernetes_executor.py
[2022-09-12 23:48:32,629] {processor.py:641} INFO - Processing file /home/airflow/.local/lib/python3.7/site-packages/airflow/example_dags/example_kubernetes_executor.py for tasks to queue
[2022-09-12 23:48:32,631] {logging_mixin.py:115} INFO - [2022-09-12 23:48:32,631] {dagbag.py:507} INFO - Filling up the DagBag from /home/airflow/.local/lib/python3.7/site-packages/airflow/example_dags/example_kubernetes_executor.py
[2022-09-12 23:48:32,656] {processor.py:651} INFO - DAG(s) dict_keys(['example_kubernetes_executor']) retrieved from /home/airflow/.local/lib/python3.7/site-packages/airflow/example_dags/example_kubernetes_executor.py
[2022-09-12 23:48:32,688] {logging_mixin.py:115} INFO - [2022-09-12 23:48:32,688] {dag.py:2371} INFO - Sync 1 DAGs
[2022-09-12 23:48:32,789] {logging_mixin.py:115} INFO - [2022-09-12 23:48:32,789] {dag.py:2919} INFO - Setting next_dagrun for example_kubernetes_executor to None, run_after=None
[2022-09-12 23:48:32,797] {processor.py:161} INFO - Processing /home/airflow/.local/lib/python3.7/site-packages/airflow/example_dags/example_kubernetes_executor.py took 0.174 seconds
[2022-09-12 23:49:03,683] {processor.py:153} INFO - Started process (PID=222) to work on /home/airflow/.local/lib/python3.7/site-packages/airflow/example_dags/example_kubernetes_executor.py
[2022-09-12 23:49:03,685] {processor.py:641} INFO - Processing file /home/airflow/.local/lib/python3.7/site-packages/airflow/example_dags/example_kubernetes_executor.py for tasks to queue
[2022-09-12 23:49:03,687] {logging_mixin.py:115} INFO - [2022-09-12 23:49:03,687] {dagbag.py:507} INFO - Filling up the DagBag from /home/airflow/.local/lib/python3.7/site-packages/airflow/example_dags/example_kubernetes_executor.py
[2022-09-12 23:49:03,712] {processor.py:651} INFO - DAG(s) dict_keys(['example_kubernetes_executor']) retrieved from /home/airflow/.local/lib/python3.7/site-packages/airflow/example_dags/example_kubernetes_executor.py
[2022-09-12 23:49:03,736] {logging_mixin.py:115} INFO - [2022-09-12 23:49:03,736] {dag.py:2371} INFO - Sync 1 DAGs
[2022-09-12 23:49:03,841] {logging_mixin.py:115} INFO - [2022-09-12 23:49:03,841] {dag.py:2919} INFO - Setting next_dagrun for example_kubernetes_executor to None, run_after=None
[2022-09-12 23:49:03,849] {processor.py:161} INFO - Processing /home/airflow/.local/lib/python3.7/site-packages/airflow/example_dags/example_kubernetes_executor.py took 0.171 seconds
[2022-09-12 23:49:34,029] {processor.py:153} INFO - Started process (PID=283) to work on /home/airflow/.local/lib/python3.7/site-packages/airflow/example_dags/example_kubernetes_executor.py
[2022-09-12 23:49:34,030] {processor.py:641} INFO - Processing file /home/airflow/.local/lib/python3.7/site-packages/airflow/example_dags/example_kubernetes_executor.py for tasks to queue
[2022-09-12 23:49:34,031] {logging_mixin.py:115} INFO - [2022-09-12 23:49:34,030] {dagbag.py:507} INFO - Filling up the DagBag from /home/airflow/.local/lib/python3.7/site-packages/airflow/example_dags/example_kubernetes_executor.py
[2022-09-12 23:49:34,046] {processor.py:651} INFO - DAG(s) dict_keys(['example_kubernetes_executor']) retrieved from /home/airflow/.local/lib/python3.7/site-packages/airflow/example_dags/example_kubernetes_executor.py
[2022-09-12 23:49:34,066] {logging_mixin.py:115} INFO - [2022-09-12 23:49:34,066] {dag.py:2371} INFO - Sync 1 DAGs
[2022-09-12 23:49:34,207] {logging_mixin.py:115} INFO - [2022-09-12 23:49:34,207] {dag.py:2919} INFO - Setting next_dagrun for example_kubernetes_executor to None, run_after=None
[2022-09-12 23:49:34,217] {processor.py:161} INFO - Processing /home/airflow/.local/lib/python3.7/site-packages/airflow/example_dags/example_kubernetes_executor.py took 0.190 seconds
[2022-09-12 23:50:05,224] {processor.py:153} INFO - Started process (PID=344) to work on /home/airflow/.local/lib/python3.7/site-packages/airflow/example_dags/example_kubernetes_executor.py
[2022-09-12 23:50:05,226] {processor.py:641} INFO - Processing file /home/airflow/.local/lib/python3.7/site-packages/airflow/example_dags/example_kubernetes_executor.py for tasks to queue
[2022-09-12 23:50:05,228] {logging_mixin.py:115} INFO - [2022-09-12 23:50:05,228] {dagbag.py:507} INFO - Filling up the DagBag from /home/airflow/.local/lib/python3.7/site-packages/airflow/example_dags/example_kubernetes_executor.py
[2022-09-12 23:50:05,284] {processor.py:651} INFO - DAG(s) dict_keys(['example_kubernetes_executor']) retrieved from /home/airflow/.local/lib/python3.7/site-packages/airflow/example_dags/example_kubernetes_executor.py
[2022-09-12 23:50:05,340] {logging_mixin.py:115} INFO - [2022-09-12 23:50:05,340] {dag.py:2371} INFO - Sync 1 DAGs
[2022-09-12 23:50:05,576] {logging_mixin.py:115} INFO - [2022-09-12 23:50:05,576] {dag.py:2919} INFO - Setting next_dagrun for example_kubernetes_executor to None, run_after=None
[2022-09-12 23:50:05,593] {processor.py:161} INFO - Processing /home/airflow/.local/lib/python3.7/site-packages/airflow/example_dags/example_kubernetes_executor.py took 0.377 seconds
[2022-09-12 23:50:36,095] {processor.py:153} INFO - Started process (PID=406) to work on /home/airflow/.local/lib/python3.7/site-packages/airflow/example_dags/example_kubernetes_executor.py
[2022-09-12 23:50:36,097] {processor.py:641} INFO - Processing file /home/airflow/.local/lib/python3.7/site-packages/airflow/example_dags/example_kubernetes_executor.py for tasks to queue
[2022-09-12 23:50:36,099] {logging_mixin.py:115} INFO - [2022-09-12 23:50:36,099] {dagbag.py:507} INFO - Filling up the DagBag from /home/airflow/.local/lib/python3.7/site-packages/airflow/example_dags/example_kubernetes_executor.py
[2022-09-12 23:50:36,125] {processor.py:651} INFO - DAG(s) dict_keys(['example_kubernetes_executor']) retrieved from /home/airflow/.local/lib/python3.7/site-packages/airflow/example_dags/example_kubernetes_executor.py
[2022-09-12 23:50:36,155] {logging_mixin.py:115} INFO - [2022-09-12 23:50:36,155] {dag.py:2371} INFO - Sync 1 DAGs
[2022-09-12 23:50:36,326] {logging_mixin.py:115} INFO - [2022-09-12 23:50:36,326] {dag.py:2919} INFO - Setting next_dagrun for example_kubernetes_executor to None, run_after=None
[2022-09-12 23:50:36,342] {processor.py:161} INFO - Processing /home/airflow/.local/lib/python3.7/site-packages/airflow/example_dags/example_kubernetes_executor.py took 0.252 seconds
[2022-09-12 23:51:06,610] {processor.py:153} INFO - Started process (PID=458) to work on /home/airflow/.local/lib/python3.7/site-packages/airflow/example_dags/example_kubernetes_executor.py
[2022-09-12 23:51:06,612] {processor.py:641} INFO - Processing file /home/airflow/.local/lib/python3.7/site-packages/airflow/example_dags/example_kubernetes_executor.py for tasks to queue
[2022-09-12 23:51:06,614] {logging_mixin.py:115} INFO - [2022-09-12 23:51:06,614] {dagbag.py:507} INFO - Filling up the DagBag from /home/airflow/.local/lib/python3.7/site-packages/airflow/example_dags/example_kubernetes_executor.py
[2022-09-12 23:51:06,641] {processor.py:651} INFO - DAG(s) dict_keys(['example_kubernetes_executor']) retrieved from /home/airflow/.local/lib/python3.7/site-packages/airflow/example_dags/example_kubernetes_executor.py
[2022-09-12 23:51:06,665] {logging_mixin.py:115} INFO - [2022-09-12 23:51:06,665] {dag.py:2371} INFO - Sync 1 DAGs
[2022-09-12 23:51:06,764] {logging_mixin.py:115} INFO - [2022-09-12 23:51:06,764] {dag.py:2919} INFO - Setting next_dagrun for example_kubernetes_executor to None, run_after=None
[2022-09-12 23:51:06,773] {processor.py:161} INFO - Processing /home/airflow/.local/lib/python3.7/site-packages/airflow/example_dags/example_kubernetes_executor.py took 0.167 seconds
[2022-09-12 23:51:37,119] {processor.py:153} INFO - Started process (PID=518) to work on /home/airflow/.local/lib/python3.7/site-packages/airflow/example_dags/example_kubernetes_executor.py
[2022-09-12 23:51:37,123] {processor.py:641} INFO - Processing file /home/airflow/.local/lib/python3.7/site-packages/airflow/example_dags/example_kubernetes_executor.py for tasks to queue
[2022-09-12 23:51:37,127] {logging_mixin.py:115} INFO - [2022-09-12 23:51:37,127] {dagbag.py:507} INFO - Filling up the DagBag from /home/airflow/.local/lib/python3.7/site-packages/airflow/example_dags/example_kubernetes_executor.py
[2022-09-12 23:51:37,158] {processor.py:651} INFO - DAG(s) dict_keys(['example_kubernetes_executor']) retrieved from /home/airflow/.local/lib/python3.7/site-packages/airflow/example_dags/example_kubernetes_executor.py
[2022-09-12 23:51:37,180] {logging_mixin.py:115} INFO - [2022-09-12 23:51:37,180] {dag.py:2371} INFO - Sync 1 DAGs
[2022-09-12 23:51:37,282] {logging_mixin.py:115} INFO - [2022-09-12 23:51:37,282] {dag.py:2919} INFO - Setting next_dagrun for example_kubernetes_executor to None, run_after=None
[2022-09-12 23:51:37,292] {processor.py:161} INFO - Processing /home/airflow/.local/lib/python3.7/site-packages/airflow/example_dags/example_kubernetes_executor.py took 0.180 seconds
[2022-09-12 23:52:08,247] {processor.py:153} INFO - Started process (PID=579) to work on /home/airflow/.local/lib/python3.7/site-packages/airflow/example_dags/example_kubernetes_executor.py
[2022-09-12 23:52:08,248] {processor.py:641} INFO - Processing file /home/airflow/.local/lib/python3.7/site-packages/airflow/example_dags/example_kubernetes_executor.py for tasks to queue
[2022-09-12 23:52:08,251] {logging_mixin.py:115} INFO - [2022-09-12 23:52:08,251] {dagbag.py:507} INFO - Filling up the DagBag from /home/airflow/.local/lib/python3.7/site-packages/airflow/example_dags/example_kubernetes_executor.py
[2022-09-12 23:52:08,271] {processor.py:651} INFO - DAG(s) dict_keys(['example_kubernetes_executor']) retrieved from /home/airflow/.local/lib/python3.7/site-packages/airflow/example_dags/example_kubernetes_executor.py
[2022-09-12 23:52:08,294] {logging_mixin.py:115} INFO - [2022-09-12 23:52:08,294] {dag.py:2371} INFO - Sync 1 DAGs
[2022-09-12 23:52:08,508] {logging_mixin.py:115} INFO - [2022-09-12 23:52:08,508] {dag.py:2919} INFO - Setting next_dagrun for example_kubernetes_executor to None, run_after=None
[2022-09-12 23:52:08,539] {processor.py:161} INFO - Processing /home/airflow/.local/lib/python3.7/site-packages/airflow/example_dags/example_kubernetes_executor.py took 0.294 seconds
[2022-09-12 23:52:39,257] {processor.py:153} INFO - Started process (PID=640) to work on /home/airflow/.local/lib/python3.7/site-packages/airflow/example_dags/example_kubernetes_executor.py
[2022-09-12 23:52:39,259] {processor.py:641} INFO - Processing file /home/airflow/.local/lib/python3.7/site-packages/airflow/example_dags/example_kubernetes_executor.py for tasks to queue
[2022-09-12 23:52:39,260] {logging_mixin.py:115} INFO - [2022-09-12 23:52:39,260] {dagbag.py:507} INFO - Filling up the DagBag from /home/airflow/.local/lib/python3.7/site-packages/airflow/example_dags/example_kubernetes_executor.py
[2022-09-12 23:52:39,275] {processor.py:651} INFO - DAG(s) dict_keys(['example_kubernetes_executor']) retrieved from /home/airflow/.local/lib/python3.7/site-packages/airflow/example_dags/example_kubernetes_executor.py
[2022-09-12 23:52:39,294] {logging_mixin.py:115} INFO - [2022-09-12 23:52:39,294] {dag.py:2371} INFO - Sync 1 DAGs
[2022-09-12 23:52:39,307] {logging_mixin.py:115} INFO - [2022-09-12 23:52:39,307] {dag.py:2919} INFO - Setting next_dagrun for example_kubernetes_executor to None, run_after=None
[2022-09-12 23:52:39,314] {processor.py:161} INFO - Processing /home/airflow/.local/lib/python3.7/site-packages/airflow/example_dags/example_kubernetes_executor.py took 0.059 seconds
[2022-09-12 23:53:09,820] {processor.py:153} INFO - Started process (PID=701) to work on /home/airflow/.local/lib/python3.7/site-packages/airflow/example_dags/example_kubernetes_executor.py
[2022-09-12 23:53:09,821] {processor.py:641} INFO - Processing file /home/airflow/.local/lib/python3.7/site-packages/airflow/example_dags/example_kubernetes_executor.py for tasks to queue
[2022-09-12 23:53:09,823] {logging_mixin.py:115} INFO - [2022-09-12 23:53:09,823] {dagbag.py:507} INFO - Filling up the DagBag from /home/airflow/.local/lib/python3.7/site-packages/airflow/example_dags/example_kubernetes_executor.py
[2022-09-12 23:53:09,845] {processor.py:651} INFO - DAG(s) dict_keys(['example_kubernetes_executor']) retrieved from /home/airflow/.local/lib/python3.7/site-packages/airflow/example_dags/example_kubernetes_executor.py
[2022-09-12 23:53:09,867] {logging_mixin.py:115} INFO - [2022-09-12 23:53:09,867] {dag.py:2371} INFO - Sync 1 DAGs
[2022-09-12 23:53:09,878] {logging_mixin.py:115} INFO - [2022-09-12 23:53:09,878] {dag.py:2919} INFO - Setting next_dagrun for example_kubernetes_executor to None, run_after=None
[2022-09-12 23:53:09,886] {processor.py:161} INFO - Processing /home/airflow/.local/lib/python3.7/site-packages/airflow/example_dags/example_kubernetes_executor.py took 0.071 seconds
[2022-09-12 23:53:40,422] {processor.py:153} INFO - Started process (PID=752) to work on /home/airflow/.local/lib/python3.7/site-packages/airflow/example_dags/example_kubernetes_executor.py
[2022-09-12 23:53:40,426] {processor.py:641} INFO - Processing file /home/airflow/.local/lib/python3.7/site-packages/airflow/example_dags/example_kubernetes_executor.py for tasks to queue
[2022-09-12 23:53:40,428] {logging_mixin.py:115} INFO - [2022-09-12 23:53:40,428] {dagbag.py:507} INFO - Filling up the DagBag from /home/airflow/.local/lib/python3.7/site-packages/airflow/example_dags/example_kubernetes_executor.py
[2022-09-12 23:53:40,452] {processor.py:651} INFO - DAG(s) dict_keys(['example_kubernetes_executor']) retrieved from /home/airflow/.local/lib/python3.7/site-packages/airflow/example_dags/example_kubernetes_executor.py
[2022-09-12 23:53:40,472] {logging_mixin.py:115} INFO - [2022-09-12 23:53:40,472] {dag.py:2371} INFO - Sync 1 DAGs
[2022-09-12 23:53:40,485] {logging_mixin.py:115} INFO - [2022-09-12 23:53:40,485] {dag.py:2919} INFO - Setting next_dagrun for example_kubernetes_executor to None, run_after=None
[2022-09-12 23:53:40,493] {processor.py:161} INFO - Processing /home/airflow/.local/lib/python3.7/site-packages/airflow/example_dags/example_kubernetes_executor.py took 0.076 seconds
[2022-09-12 23:54:11,124] {processor.py:153} INFO - Started process (PID=812) to work on /home/airflow/.local/lib/python3.7/site-packages/airflow/example_dags/example_kubernetes_executor.py
[2022-09-12 23:54:11,126] {processor.py:641} INFO - Processing file /home/airflow/.local/lib/python3.7/site-packages/airflow/example_dags/example_kubernetes_executor.py for tasks to queue
[2022-09-12 23:54:11,127] {logging_mixin.py:115} INFO - [2022-09-12 23:54:11,127] {dagbag.py:507} INFO - Filling up the DagBag from /home/airflow/.local/lib/python3.7/site-packages/airflow/example_dags/example_kubernetes_executor.py
[2022-09-12 23:54:11,150] {processor.py:651} INFO - DAG(s) dict_keys(['example_kubernetes_executor']) retrieved from /home/airflow/.local/lib/python3.7/site-packages/airflow/example_dags/example_kubernetes_executor.py
[2022-09-12 23:54:11,170] {logging_mixin.py:115} INFO - [2022-09-12 23:54:11,170] {dag.py:2371} INFO - Sync 1 DAGs
[2022-09-12 23:54:11,181] {logging_mixin.py:115} INFO - [2022-09-12 23:54:11,181] {dag.py:2919} INFO - Setting next_dagrun for example_kubernetes_executor to None, run_after=None
[2022-09-12 23:54:11,189] {processor.py:161} INFO - Processing /home/airflow/.local/lib/python3.7/site-packages/airflow/example_dags/example_kubernetes_executor.py took 0.069 seconds
[2022-09-12 23:54:41,721] {processor.py:153} INFO - Started process (PID=873) to work on /home/airflow/.local/lib/python3.7/site-packages/airflow/example_dags/example_kubernetes_executor.py
[2022-09-12 23:54:41,723] {processor.py:641} INFO - Processing file /home/airflow/.local/lib/python3.7/site-packages/airflow/example_dags/example_kubernetes_executor.py for tasks to queue
[2022-09-12 23:54:41,725] {logging_mixin.py:115} INFO - [2022-09-12 23:54:41,725] {dagbag.py:507} INFO - Filling up the DagBag from /home/airflow/.local/lib/python3.7/site-packages/airflow/example_dags/example_kubernetes_executor.py
[2022-09-12 23:54:41,754] {processor.py:651} INFO - DAG(s) dict_keys(['example_kubernetes_executor']) retrieved from /home/airflow/.local/lib/python3.7/site-packages/airflow/example_dags/example_kubernetes_executor.py
[2022-09-12 23:54:41,788] {logging_mixin.py:115} INFO - [2022-09-12 23:54:41,788] {dag.py:2371} INFO - Sync 1 DAGs
[2022-09-12 23:54:41,803] {logging_mixin.py:115} INFO - [2022-09-12 23:54:41,803] {dag.py:2919} INFO - Setting next_dagrun for example_kubernetes_executor to None, run_after=None
[2022-09-12 23:54:41,814] {processor.py:161} INFO - Processing /home/airflow/.local/lib/python3.7/site-packages/airflow/example_dags/example_kubernetes_executor.py took 0.108 seconds
[2022-09-12 23:55:12,819] {processor.py:153} INFO - Started process (PID=934) to work on /home/airflow/.local/lib/python3.7/site-packages/airflow/example_dags/example_kubernetes_executor.py
[2022-09-12 23:55:12,821] {processor.py:641} INFO - Processing file /home/airflow/.local/lib/python3.7/site-packages/airflow/example_dags/example_kubernetes_executor.py for tasks to queue
[2022-09-12 23:55:12,823] {logging_mixin.py:115} INFO - [2022-09-12 23:55:12,823] {dagbag.py:507} INFO - Filling up the DagBag from /home/airflow/.local/lib/python3.7/site-packages/airflow/example_dags/example_kubernetes_executor.py
[2022-09-12 23:55:12,842] {processor.py:651} INFO - DAG(s) dict_keys(['example_kubernetes_executor']) retrieved from /home/airflow/.local/lib/python3.7/site-packages/airflow/example_dags/example_kubernetes_executor.py
[2022-09-12 23:55:12,861] {logging_mixin.py:115} INFO - [2022-09-12 23:55:12,861] {dag.py:2371} INFO - Sync 1 DAGs
[2022-09-12 23:55:12,873] {logging_mixin.py:115} INFO - [2022-09-12 23:55:12,873] {dag.py:2919} INFO - Setting next_dagrun for example_kubernetes_executor to None, run_after=None
[2022-09-12 23:55:12,881] {processor.py:161} INFO - Processing /home/airflow/.local/lib/python3.7/site-packages/airflow/example_dags/example_kubernetes_executor.py took 0.065 seconds
[2022-09-12 23:55:43,580] {processor.py:153} INFO - Started process (PID=995) to work on /home/airflow/.local/lib/python3.7/site-packages/airflow/example_dags/example_kubernetes_executor.py
[2022-09-12 23:55:43,581] {processor.py:641} INFO - Processing file /home/airflow/.local/lib/python3.7/site-packages/airflow/example_dags/example_kubernetes_executor.py for tasks to queue
[2022-09-12 23:55:43,583] {logging_mixin.py:115} INFO - [2022-09-12 23:55:43,583] {dagbag.py:507} INFO - Filling up the DagBag from /home/airflow/.local/lib/python3.7/site-packages/airflow/example_dags/example_kubernetes_executor.py
[2022-09-12 23:55:43,602] {processor.py:651} INFO - DAG(s) dict_keys(['example_kubernetes_executor']) retrieved from /home/airflow/.local/lib/python3.7/site-packages/airflow/example_dags/example_kubernetes_executor.py
[2022-09-12 23:55:43,620] {logging_mixin.py:115} INFO - [2022-09-12 23:55:43,620] {dag.py:2371} INFO - Sync 1 DAGs
[2022-09-12 23:55:43,632] {logging_mixin.py:115} INFO - [2022-09-12 23:55:43,632] {dag.py:2919} INFO - Setting next_dagrun for example_kubernetes_executor to None, run_after=None
[2022-09-12 23:55:43,641] {processor.py:161} INFO - Processing /home/airflow/.local/lib/python3.7/site-packages/airflow/example_dags/example_kubernetes_executor.py took 0.064 seconds
[2022-09-12 23:56:14,089] {processor.py:153} INFO - Started process (PID=1057) to work on /home/airflow/.local/lib/python3.7/site-packages/airflow/example_dags/example_kubernetes_executor.py
[2022-09-12 23:56:14,091] {processor.py:641} INFO - Processing file /home/airflow/.local/lib/python3.7/site-packages/airflow/example_dags/example_kubernetes_executor.py for tasks to queue
[2022-09-12 23:56:14,092] {logging_mixin.py:115} INFO - [2022-09-12 23:56:14,092] {dagbag.py:507} INFO - Filling up the DagBag from /home/airflow/.local/lib/python3.7/site-packages/airflow/example_dags/example_kubernetes_executor.py
[2022-09-12 23:56:14,121] {processor.py:651} INFO - DAG(s) dict_keys(['example_kubernetes_executor']) retrieved from /home/airflow/.local/lib/python3.7/site-packages/airflow/example_dags/example_kubernetes_executor.py
[2022-09-12 23:56:14,160] {logging_mixin.py:115} INFO - [2022-09-12 23:56:14,160] {dag.py:2371} INFO - Sync 1 DAGs
[2022-09-12 23:56:14,189] {logging_mixin.py:115} INFO - [2022-09-12 23:56:14,189] {dag.py:2919} INFO - Setting next_dagrun for example_kubernetes_executor to None, run_after=None
[2022-09-12 23:56:14,209] {processor.py:161} INFO - Processing /home/airflow/.local/lib/python3.7/site-packages/airflow/example_dags/example_kubernetes_executor.py took 0.125 seconds
[2022-09-12 23:56:44,612] {processor.py:153} INFO - Started process (PID=1109) to work on /home/airflow/.local/lib/python3.7/site-packages/airflow/example_dags/example_kubernetes_executor.py
[2022-09-12 23:56:44,614] {processor.py:641} INFO - Processing file /home/airflow/.local/lib/python3.7/site-packages/airflow/example_dags/example_kubernetes_executor.py for tasks to queue
[2022-09-12 23:56:44,616] {logging_mixin.py:115} INFO - [2022-09-12 23:56:44,616] {dagbag.py:507} INFO - Filling up the DagBag from /home/airflow/.local/lib/python3.7/site-packages/airflow/example_dags/example_kubernetes_executor.py
[2022-09-12 23:56:44,641] {processor.py:651} INFO - DAG(s) dict_keys(['example_kubernetes_executor']) retrieved from /home/airflow/.local/lib/python3.7/site-packages/airflow/example_dags/example_kubernetes_executor.py
[2022-09-12 23:56:44,662] {logging_mixin.py:115} INFO - [2022-09-12 23:56:44,661] {dag.py:2371} INFO - Sync 1 DAGs
[2022-09-12 23:56:44,674] {logging_mixin.py:115} INFO - [2022-09-12 23:56:44,674] {dag.py:2919} INFO - Setting next_dagrun for example_kubernetes_executor to None, run_after=None
[2022-09-12 23:56:44,681] {processor.py:161} INFO - Processing /home/airflow/.local/lib/python3.7/site-packages/airflow/example_dags/example_kubernetes_executor.py took 0.076 seconds
[2022-09-12 23:57:15,317] {processor.py:153} INFO - Started process (PID=1171) to work on /home/airflow/.local/lib/python3.7/site-packages/airflow/example_dags/example_kubernetes_executor.py
[2022-09-12 23:57:15,320] {processor.py:641} INFO - Processing file /home/airflow/.local/lib/python3.7/site-packages/airflow/example_dags/example_kubernetes_executor.py for tasks to queue
[2022-09-12 23:57:15,322] {logging_mixin.py:115} INFO - [2022-09-12 23:57:15,322] {dagbag.py:507} INFO - Filling up the DagBag from /home/airflow/.local/lib/python3.7/site-packages/airflow/example_dags/example_kubernetes_executor.py
[2022-09-12 23:57:15,352] {processor.py:651} INFO - DAG(s) dict_keys(['example_kubernetes_executor']) retrieved from /home/airflow/.local/lib/python3.7/site-packages/airflow/example_dags/example_kubernetes_executor.py
[2022-09-12 23:57:15,374] {logging_mixin.py:115} INFO - [2022-09-12 23:57:15,374] {dag.py:2371} INFO - Sync 1 DAGs
[2022-09-12 23:57:15,388] {logging_mixin.py:115} INFO - [2022-09-12 23:57:15,388] {dag.py:2919} INFO - Setting next_dagrun for example_kubernetes_executor to None, run_after=None
[2022-09-12 23:57:15,396] {processor.py:161} INFO - Processing /home/airflow/.local/lib/python3.7/site-packages/airflow/example_dags/example_kubernetes_executor.py took 0.087 seconds
[2022-09-12 23:57:46,044] {processor.py:153} INFO - Started process (PID=1232) to work on /home/airflow/.local/lib/python3.7/site-packages/airflow/example_dags/example_kubernetes_executor.py
[2022-09-12 23:57:46,046] {processor.py:641} INFO - Processing file /home/airflow/.local/lib/python3.7/site-packages/airflow/example_dags/example_kubernetes_executor.py for tasks to queue
[2022-09-12 23:57:46,048] {logging_mixin.py:115} INFO - [2022-09-12 23:57:46,048] {dagbag.py:507} INFO - Filling up the DagBag from /home/airflow/.local/lib/python3.7/site-packages/airflow/example_dags/example_kubernetes_executor.py
[2022-09-12 23:57:46,082] {processor.py:651} INFO - DAG(s) dict_keys(['example_kubernetes_executor']) retrieved from /home/airflow/.local/lib/python3.7/site-packages/airflow/example_dags/example_kubernetes_executor.py
[2022-09-12 23:57:46,105] {logging_mixin.py:115} INFO - [2022-09-12 23:57:46,104] {dag.py:2371} INFO - Sync 1 DAGs
[2022-09-12 23:57:46,120] {logging_mixin.py:115} INFO - [2022-09-12 23:57:46,119] {dag.py:2919} INFO - Setting next_dagrun for example_kubernetes_executor to None, run_after=None
[2022-09-12 23:57:46,128] {processor.py:161} INFO - Processing /home/airflow/.local/lib/python3.7/site-packages/airflow/example_dags/example_kubernetes_executor.py took 0.088 seconds
[2022-09-12 23:58:16,729] {processor.py:153} INFO - Started process (PID=1294) to work on /home/airflow/.local/lib/python3.7/site-packages/airflow/example_dags/example_kubernetes_executor.py
[2022-09-12 23:58:16,731] {processor.py:641} INFO - Processing file /home/airflow/.local/lib/python3.7/site-packages/airflow/example_dags/example_kubernetes_executor.py for tasks to queue
[2022-09-12 23:58:16,733] {logging_mixin.py:115} INFO - [2022-09-12 23:58:16,733] {dagbag.py:507} INFO - Filling up the DagBag from /home/airflow/.local/lib/python3.7/site-packages/airflow/example_dags/example_kubernetes_executor.py
[2022-09-12 23:58:16,765] {processor.py:651} INFO - DAG(s) dict_keys(['example_kubernetes_executor']) retrieved from /home/airflow/.local/lib/python3.7/site-packages/airflow/example_dags/example_kubernetes_executor.py
[2022-09-12 23:58:16,787] {logging_mixin.py:115} INFO - [2022-09-12 23:58:16,787] {dag.py:2371} INFO - Sync 1 DAGs
[2022-09-12 23:58:16,802] {logging_mixin.py:115} INFO - [2022-09-12 23:58:16,802] {dag.py:2919} INFO - Setting next_dagrun for example_kubernetes_executor to None, run_after=None
[2022-09-12 23:58:16,814] {processor.py:161} INFO - Processing /home/airflow/.local/lib/python3.7/site-packages/airflow/example_dags/example_kubernetes_executor.py took 0.092 seconds
[2022-09-12 23:58:47,622] {processor.py:153} INFO - Started process (PID=1355) to work on /home/airflow/.local/lib/python3.7/site-packages/airflow/example_dags/example_kubernetes_executor.py
[2022-09-12 23:58:47,624] {processor.py:641} INFO - Processing file /home/airflow/.local/lib/python3.7/site-packages/airflow/example_dags/example_kubernetes_executor.py for tasks to queue
[2022-09-12 23:58:47,625] {logging_mixin.py:115} INFO - [2022-09-12 23:58:47,625] {dagbag.py:507} INFO - Filling up the DagBag from /home/airflow/.local/lib/python3.7/site-packages/airflow/example_dags/example_kubernetes_executor.py
[2022-09-12 23:58:47,647] {processor.py:651} INFO - DAG(s) dict_keys(['example_kubernetes_executor']) retrieved from /home/airflow/.local/lib/python3.7/site-packages/airflow/example_dags/example_kubernetes_executor.py
[2022-09-12 23:58:47,664] {logging_mixin.py:115} INFO - [2022-09-12 23:58:47,664] {dag.py:2371} INFO - Sync 1 DAGs
[2022-09-12 23:58:47,676] {logging_mixin.py:115} INFO - [2022-09-12 23:58:47,676] {dag.py:2919} INFO - Setting next_dagrun for example_kubernetes_executor to None, run_after=None
[2022-09-12 23:58:47,683] {processor.py:161} INFO - Processing /home/airflow/.local/lib/python3.7/site-packages/airflow/example_dags/example_kubernetes_executor.py took 0.064 seconds
[2022-09-12 23:59:18,124] {processor.py:153} INFO - Started process (PID=1406) to work on /home/airflow/.local/lib/python3.7/site-packages/airflow/example_dags/example_kubernetes_executor.py
[2022-09-12 23:59:18,126] {processor.py:641} INFO - Processing file /home/airflow/.local/lib/python3.7/site-packages/airflow/example_dags/example_kubernetes_executor.py for tasks to queue
[2022-09-12 23:59:18,127] {logging_mixin.py:115} INFO - [2022-09-12 23:59:18,127] {dagbag.py:507} INFO - Filling up the DagBag from /home/airflow/.local/lib/python3.7/site-packages/airflow/example_dags/example_kubernetes_executor.py
[2022-09-12 23:59:18,157] {processor.py:651} INFO - DAG(s) dict_keys(['example_kubernetes_executor']) retrieved from /home/airflow/.local/lib/python3.7/site-packages/airflow/example_dags/example_kubernetes_executor.py
[2022-09-12 23:59:18,175] {logging_mixin.py:115} INFO - [2022-09-12 23:59:18,175] {dag.py:2371} INFO - Sync 1 DAGs
[2022-09-12 23:59:18,188] {logging_mixin.py:115} INFO - [2022-09-12 23:59:18,188] {dag.py:2919} INFO - Setting next_dagrun for example_kubernetes_executor to None, run_after=None
[2022-09-12 23:59:18,195] {processor.py:161} INFO - Processing /home/airflow/.local/lib/python3.7/site-packages/airflow/example_dags/example_kubernetes_executor.py took 0.075 seconds
