[2022-09-12 23:47:37,709] {processor.py:153} INFO - Started process (PID=67) to work on /home/airflow/.local/lib/python3.7/site-packages/airflow/example_dags/example_dag_decorator.py
[2022-09-12 23:47:37,709] {processor.py:641} INFO - Processing file /home/airflow/.local/lib/python3.7/site-packages/airflow/example_dags/example_dag_decorator.py for tasks to queue
[2022-09-12 23:47:37,710] {logging_mixin.py:115} INFO - [2022-09-12 23:47:37,710] {dagbag.py:507} INFO - Filling up the DagBag from /home/airflow/.local/lib/python3.7/site-packages/airflow/example_dags/example_dag_decorator.py
[2022-09-12 23:47:37,727] {processor.py:651} INFO - DAG(s) dict_keys(['example_dag_decorator']) retrieved from /home/airflow/.local/lib/python3.7/site-packages/airflow/example_dags/example_dag_decorator.py
[2022-09-12 23:47:37,840] {logging_mixin.py:115} INFO - [2022-09-12 23:47:37,840] {manager.py:508} INFO - Created Permission View: can read on DAG:example_dag_decorator
[2022-09-12 23:47:37,846] {logging_mixin.py:115} INFO - [2022-09-12 23:47:37,846] {manager.py:508} INFO - Created Permission View: can delete on DAG:example_dag_decorator
[2022-09-12 23:47:37,851] {logging_mixin.py:115} INFO - [2022-09-12 23:47:37,851] {manager.py:508} INFO - Created Permission View: can edit on DAG:example_dag_decorator
[2022-09-12 23:47:37,851] {logging_mixin.py:115} INFO - [2022-09-12 23:47:37,851] {dag.py:2371} INFO - Sync 1 DAGs
[2022-09-12 23:47:37,855] {logging_mixin.py:115} INFO - [2022-09-12 23:47:37,855] {dag.py:2390} INFO - Creating ORM DAG for example_dag_decorator
[2022-09-12 23:47:37,861] {logging_mixin.py:115} INFO - [2022-09-12 23:47:37,861] {dag.py:2919} INFO - Setting next_dagrun for example_dag_decorator to None, run_after=None
[2022-09-12 23:47:37,872] {processor.py:161} INFO - Processing /home/airflow/.local/lib/python3.7/site-packages/airflow/example_dags/example_dag_decorator.py took 0.165 seconds
[2022-09-12 23:48:08,290] {processor.py:153} INFO - Started process (PID=128) to work on /home/airflow/.local/lib/python3.7/site-packages/airflow/example_dags/example_dag_decorator.py
[2022-09-12 23:48:08,291] {processor.py:641} INFO - Processing file /home/airflow/.local/lib/python3.7/site-packages/airflow/example_dags/example_dag_decorator.py for tasks to queue
[2022-09-12 23:48:08,292] {logging_mixin.py:115} INFO - [2022-09-12 23:48:08,292] {dagbag.py:507} INFO - Filling up the DagBag from /home/airflow/.local/lib/python3.7/site-packages/airflow/example_dags/example_dag_decorator.py
[2022-09-12 23:48:08,307] {processor.py:651} INFO - DAG(s) dict_keys(['example_dag_decorator']) retrieved from /home/airflow/.local/lib/python3.7/site-packages/airflow/example_dags/example_dag_decorator.py
[2022-09-12 23:48:08,427] {logging_mixin.py:115} INFO - [2022-09-12 23:48:08,427] {dag.py:2371} INFO - Sync 1 DAGs
[2022-09-12 23:48:08,437] {logging_mixin.py:115} INFO - [2022-09-12 23:48:08,437] {dag.py:2919} INFO - Setting next_dagrun for example_dag_decorator to None, run_after=None
[2022-09-12 23:48:08,446] {processor.py:161} INFO - Processing /home/airflow/.local/lib/python3.7/site-packages/airflow/example_dags/example_dag_decorator.py took 0.157 seconds
[2022-09-12 23:48:39,068] {processor.py:153} INFO - Started process (PID=189) to work on /home/airflow/.local/lib/python3.7/site-packages/airflow/example_dags/example_dag_decorator.py
[2022-09-12 23:48:39,070] {processor.py:641} INFO - Processing file /home/airflow/.local/lib/python3.7/site-packages/airflow/example_dags/example_dag_decorator.py for tasks to queue
[2022-09-12 23:48:39,071] {logging_mixin.py:115} INFO - [2022-09-12 23:48:39,071] {dagbag.py:507} INFO - Filling up the DagBag from /home/airflow/.local/lib/python3.7/site-packages/airflow/example_dags/example_dag_decorator.py
[2022-09-12 23:48:39,086] {processor.py:651} INFO - DAG(s) dict_keys(['example_dag_decorator']) retrieved from /home/airflow/.local/lib/python3.7/site-packages/airflow/example_dags/example_dag_decorator.py
[2022-09-12 23:48:39,249] {logging_mixin.py:115} INFO - [2022-09-12 23:48:39,249] {dag.py:2371} INFO - Sync 1 DAGs
[2022-09-12 23:48:39,269] {logging_mixin.py:115} INFO - [2022-09-12 23:48:39,269] {dag.py:2919} INFO - Setting next_dagrun for example_dag_decorator to None, run_after=None
[2022-09-12 23:48:39,285] {processor.py:161} INFO - Processing /home/airflow/.local/lib/python3.7/site-packages/airflow/example_dags/example_dag_decorator.py took 0.221 seconds
[2022-09-12 23:49:09,680] {processor.py:153} INFO - Started process (PID=250) to work on /home/airflow/.local/lib/python3.7/site-packages/airflow/example_dags/example_dag_decorator.py
[2022-09-12 23:49:09,682] {processor.py:641} INFO - Processing file /home/airflow/.local/lib/python3.7/site-packages/airflow/example_dags/example_dag_decorator.py for tasks to queue
[2022-09-12 23:49:09,683] {logging_mixin.py:115} INFO - [2022-09-12 23:49:09,683] {dagbag.py:507} INFO - Filling up the DagBag from /home/airflow/.local/lib/python3.7/site-packages/airflow/example_dags/example_dag_decorator.py
[2022-09-12 23:49:09,702] {processor.py:651} INFO - DAG(s) dict_keys(['example_dag_decorator']) retrieved from /home/airflow/.local/lib/python3.7/site-packages/airflow/example_dags/example_dag_decorator.py
[2022-09-12 23:49:09,872] {logging_mixin.py:115} INFO - [2022-09-12 23:49:09,872] {dag.py:2371} INFO - Sync 1 DAGs
[2022-09-12 23:49:09,887] {logging_mixin.py:115} INFO - [2022-09-12 23:49:09,887] {dag.py:2919} INFO - Setting next_dagrun for example_dag_decorator to None, run_after=None
[2022-09-12 23:49:09,899] {processor.py:161} INFO - Processing /home/airflow/.local/lib/python3.7/site-packages/airflow/example_dags/example_dag_decorator.py took 0.221 seconds
[2022-09-12 23:49:40,297] {processor.py:153} INFO - Started process (PID=302) to work on /home/airflow/.local/lib/python3.7/site-packages/airflow/example_dags/example_dag_decorator.py
[2022-09-12 23:49:40,299] {processor.py:641} INFO - Processing file /home/airflow/.local/lib/python3.7/site-packages/airflow/example_dags/example_dag_decorator.py for tasks to queue
[2022-09-12 23:49:40,299] {logging_mixin.py:115} INFO - [2022-09-12 23:49:40,299] {dagbag.py:507} INFO - Filling up the DagBag from /home/airflow/.local/lib/python3.7/site-packages/airflow/example_dags/example_dag_decorator.py
[2022-09-12 23:49:40,321] {processor.py:651} INFO - DAG(s) dict_keys(['example_dag_decorator']) retrieved from /home/airflow/.local/lib/python3.7/site-packages/airflow/example_dags/example_dag_decorator.py
[2022-09-12 23:49:40,346] {logging_mixin.py:115} INFO - [2022-09-12 23:49:40,346] {dag.py:2371} INFO - Sync 1 DAGs
[2022-09-12 23:49:40,620] {logging_mixin.py:115} INFO - [2022-09-12 23:49:40,620] {dag.py:2919} INFO - Setting next_dagrun for example_dag_decorator to None, run_after=None
[2022-09-12 23:49:40,651] {processor.py:161} INFO - Processing /home/airflow/.local/lib/python3.7/site-packages/airflow/example_dags/example_dag_decorator.py took 0.358 seconds
[2022-09-12 23:50:11,480] {processor.py:153} INFO - Started process (PID=363) to work on /home/airflow/.local/lib/python3.7/site-packages/airflow/example_dags/example_dag_decorator.py
[2022-09-12 23:50:11,482] {processor.py:641} INFO - Processing file /home/airflow/.local/lib/python3.7/site-packages/airflow/example_dags/example_dag_decorator.py for tasks to queue
[2022-09-12 23:50:11,484] {logging_mixin.py:115} INFO - [2022-09-12 23:50:11,484] {dagbag.py:507} INFO - Filling up the DagBag from /home/airflow/.local/lib/python3.7/site-packages/airflow/example_dags/example_dag_decorator.py
[2022-09-12 23:50:11,499] {processor.py:651} INFO - DAG(s) dict_keys(['example_dag_decorator']) retrieved from /home/airflow/.local/lib/python3.7/site-packages/airflow/example_dags/example_dag_decorator.py
[2022-09-12 23:50:11,622] {logging_mixin.py:115} INFO - [2022-09-12 23:50:11,622] {dag.py:2371} INFO - Sync 1 DAGs
[2022-09-12 23:50:11,633] {logging_mixin.py:115} INFO - [2022-09-12 23:50:11,633] {dag.py:2919} INFO - Setting next_dagrun for example_dag_decorator to None, run_after=None
[2022-09-12 23:50:11,643] {processor.py:161} INFO - Processing /home/airflow/.local/lib/python3.7/site-packages/airflow/example_dags/example_dag_decorator.py took 0.166 seconds
[2022-09-12 23:50:42,163] {processor.py:153} INFO - Started process (PID=425) to work on /home/airflow/.local/lib/python3.7/site-packages/airflow/example_dags/example_dag_decorator.py
[2022-09-12 23:50:42,165] {processor.py:641} INFO - Processing file /home/airflow/.local/lib/python3.7/site-packages/airflow/example_dags/example_dag_decorator.py for tasks to queue
[2022-09-12 23:50:42,166] {logging_mixin.py:115} INFO - [2022-09-12 23:50:42,166] {dagbag.py:507} INFO - Filling up the DagBag from /home/airflow/.local/lib/python3.7/site-packages/airflow/example_dags/example_dag_decorator.py
[2022-09-12 23:50:42,180] {processor.py:651} INFO - DAG(s) dict_keys(['example_dag_decorator']) retrieved from /home/airflow/.local/lib/python3.7/site-packages/airflow/example_dags/example_dag_decorator.py
[2022-09-12 23:50:42,300] {logging_mixin.py:115} INFO - [2022-09-12 23:50:42,300] {dag.py:2371} INFO - Sync 1 DAGs
[2022-09-12 23:50:42,311] {logging_mixin.py:115} INFO - [2022-09-12 23:50:42,311] {dag.py:2919} INFO - Setting next_dagrun for example_dag_decorator to None, run_after=None
[2022-09-12 23:50:42,319] {processor.py:161} INFO - Processing /home/airflow/.local/lib/python3.7/site-packages/airflow/example_dags/example_dag_decorator.py took 0.158 seconds
[2022-09-12 23:51:12,555] {processor.py:153} INFO - Started process (PID=486) to work on /home/airflow/.local/lib/python3.7/site-packages/airflow/example_dags/example_dag_decorator.py
[2022-09-12 23:51:12,557] {processor.py:641} INFO - Processing file /home/airflow/.local/lib/python3.7/site-packages/airflow/example_dags/example_dag_decorator.py for tasks to queue
[2022-09-12 23:51:12,558] {logging_mixin.py:115} INFO - [2022-09-12 23:51:12,558] {dagbag.py:507} INFO - Filling up the DagBag from /home/airflow/.local/lib/python3.7/site-packages/airflow/example_dags/example_dag_decorator.py
[2022-09-12 23:51:12,573] {processor.py:651} INFO - DAG(s) dict_keys(['example_dag_decorator']) retrieved from /home/airflow/.local/lib/python3.7/site-packages/airflow/example_dags/example_dag_decorator.py
[2022-09-12 23:51:12,724] {logging_mixin.py:115} INFO - [2022-09-12 23:51:12,724] {dag.py:2371} INFO - Sync 1 DAGs
[2022-09-12 23:51:12,738] {logging_mixin.py:115} INFO - [2022-09-12 23:51:12,738] {dag.py:2919} INFO - Setting next_dagrun for example_dag_decorator to None, run_after=None
[2022-09-12 23:51:12,748] {processor.py:161} INFO - Processing /home/airflow/.local/lib/python3.7/site-packages/airflow/example_dags/example_dag_decorator.py took 0.196 seconds
[2022-09-12 23:51:42,891] {processor.py:153} INFO - Started process (PID=546) to work on /home/airflow/.local/lib/python3.7/site-packages/airflow/example_dags/example_dag_decorator.py
[2022-09-12 23:51:42,893] {processor.py:641} INFO - Processing file /home/airflow/.local/lib/python3.7/site-packages/airflow/example_dags/example_dag_decorator.py for tasks to queue
[2022-09-12 23:51:42,894] {logging_mixin.py:115} INFO - [2022-09-12 23:51:42,894] {dagbag.py:507} INFO - Filling up the DagBag from /home/airflow/.local/lib/python3.7/site-packages/airflow/example_dags/example_dag_decorator.py
[2022-09-12 23:51:42,911] {processor.py:651} INFO - DAG(s) dict_keys(['example_dag_decorator']) retrieved from /home/airflow/.local/lib/python3.7/site-packages/airflow/example_dags/example_dag_decorator.py
[2022-09-12 23:51:43,047] {logging_mixin.py:115} INFO - [2022-09-12 23:51:43,047] {dag.py:2371} INFO - Sync 1 DAGs
[2022-09-12 23:51:43,060] {logging_mixin.py:115} INFO - [2022-09-12 23:51:43,060] {dag.py:2919} INFO - Setting next_dagrun for example_dag_decorator to None, run_after=None
[2022-09-12 23:51:43,069] {processor.py:161} INFO - Processing /home/airflow/.local/lib/python3.7/site-packages/airflow/example_dags/example_dag_decorator.py took 0.183 seconds
[2022-09-12 23:52:13,763] {processor.py:153} INFO - Started process (PID=606) to work on /home/airflow/.local/lib/python3.7/site-packages/airflow/example_dags/example_dag_decorator.py
[2022-09-12 23:52:13,765] {processor.py:641} INFO - Processing file /home/airflow/.local/lib/python3.7/site-packages/airflow/example_dags/example_dag_decorator.py for tasks to queue
[2022-09-12 23:52:13,768] {logging_mixin.py:115} INFO - [2022-09-12 23:52:13,768] {dagbag.py:507} INFO - Filling up the DagBag from /home/airflow/.local/lib/python3.7/site-packages/airflow/example_dags/example_dag_decorator.py
[2022-09-12 23:52:13,794] {processor.py:651} INFO - DAG(s) dict_keys(['example_dag_decorator']) retrieved from /home/airflow/.local/lib/python3.7/site-packages/airflow/example_dags/example_dag_decorator.py
[2022-09-12 23:52:13,947] {logging_mixin.py:115} INFO - [2022-09-12 23:52:13,947] {dag.py:2371} INFO - Sync 1 DAGs
[2022-09-12 23:52:13,964] {logging_mixin.py:115} INFO - [2022-09-12 23:52:13,964] {dag.py:2919} INFO - Setting next_dagrun for example_dag_decorator to None, run_after=None
[2022-09-12 23:52:13,975] {processor.py:161} INFO - Processing /home/airflow/.local/lib/python3.7/site-packages/airflow/example_dags/example_dag_decorator.py took 0.215 seconds
[2022-09-12 23:52:44,016] {processor.py:153} INFO - Started process (PID=659) to work on /home/airflow/.local/lib/python3.7/site-packages/airflow/example_dags/example_dag_decorator.py
[2022-09-12 23:52:44,017] {processor.py:641} INFO - Processing file /home/airflow/.local/lib/python3.7/site-packages/airflow/example_dags/example_dag_decorator.py for tasks to queue
[2022-09-12 23:52:44,018] {logging_mixin.py:115} INFO - [2022-09-12 23:52:44,018] {dagbag.py:507} INFO - Filling up the DagBag from /home/airflow/.local/lib/python3.7/site-packages/airflow/example_dags/example_dag_decorator.py
[2022-09-12 23:52:44,030] {processor.py:651} INFO - DAG(s) dict_keys(['example_dag_decorator']) retrieved from /home/airflow/.local/lib/python3.7/site-packages/airflow/example_dags/example_dag_decorator.py
[2022-09-12 23:52:44,065] {logging_mixin.py:115} INFO - [2022-09-12 23:52:44,065] {dag.py:2371} INFO - Sync 1 DAGs
[2022-09-12 23:52:44,075] {logging_mixin.py:115} INFO - [2022-09-12 23:52:44,075] {dag.py:2919} INFO - Setting next_dagrun for example_dag_decorator to None, run_after=None
[2022-09-12 23:52:44,083] {processor.py:161} INFO - Processing /home/airflow/.local/lib/python3.7/site-packages/airflow/example_dags/example_dag_decorator.py took 0.069 seconds
[2022-09-12 23:53:14,551] {processor.py:153} INFO - Started process (PID=720) to work on /home/airflow/.local/lib/python3.7/site-packages/airflow/example_dags/example_dag_decorator.py
[2022-09-12 23:53:14,552] {processor.py:641} INFO - Processing file /home/airflow/.local/lib/python3.7/site-packages/airflow/example_dags/example_dag_decorator.py for tasks to queue
[2022-09-12 23:53:14,553] {logging_mixin.py:115} INFO - [2022-09-12 23:53:14,553] {dagbag.py:507} INFO - Filling up the DagBag from /home/airflow/.local/lib/python3.7/site-packages/airflow/example_dags/example_dag_decorator.py
[2022-09-12 23:53:14,567] {processor.py:651} INFO - DAG(s) dict_keys(['example_dag_decorator']) retrieved from /home/airflow/.local/lib/python3.7/site-packages/airflow/example_dags/example_dag_decorator.py
[2022-09-12 23:53:14,609] {logging_mixin.py:115} INFO - [2022-09-12 23:53:14,609] {dag.py:2371} INFO - Sync 1 DAGs
[2022-09-12 23:53:14,619] {logging_mixin.py:115} INFO - [2022-09-12 23:53:14,619] {dag.py:2919} INFO - Setting next_dagrun for example_dag_decorator to None, run_after=None
[2022-09-12 23:53:14,627] {processor.py:161} INFO - Processing /home/airflow/.local/lib/python3.7/site-packages/airflow/example_dags/example_dag_decorator.py took 0.078 seconds
[2022-09-12 23:53:45,262] {processor.py:153} INFO - Started process (PID=780) to work on /home/airflow/.local/lib/python3.7/site-packages/airflow/example_dags/example_dag_decorator.py
[2022-09-12 23:53:45,264] {processor.py:641} INFO - Processing file /home/airflow/.local/lib/python3.7/site-packages/airflow/example_dags/example_dag_decorator.py for tasks to queue
[2022-09-12 23:53:45,264] {logging_mixin.py:115} INFO - [2022-09-12 23:53:45,264] {dagbag.py:507} INFO - Filling up the DagBag from /home/airflow/.local/lib/python3.7/site-packages/airflow/example_dags/example_dag_decorator.py
[2022-09-12 23:53:45,282] {processor.py:651} INFO - DAG(s) dict_keys(['example_dag_decorator']) retrieved from /home/airflow/.local/lib/python3.7/site-packages/airflow/example_dags/example_dag_decorator.py
[2022-09-12 23:53:45,323] {logging_mixin.py:115} INFO - [2022-09-12 23:53:45,323] {dag.py:2371} INFO - Sync 1 DAGs
[2022-09-12 23:53:45,334] {logging_mixin.py:115} INFO - [2022-09-12 23:53:45,334] {dag.py:2919} INFO - Setting next_dagrun for example_dag_decorator to None, run_after=None
[2022-09-12 23:53:45,342] {processor.py:161} INFO - Processing /home/airflow/.local/lib/python3.7/site-packages/airflow/example_dags/example_dag_decorator.py took 0.082 seconds
[2022-09-12 23:54:15,979] {processor.py:153} INFO - Started process (PID=840) to work on /home/airflow/.local/lib/python3.7/site-packages/airflow/example_dags/example_dag_decorator.py
[2022-09-12 23:54:15,981] {processor.py:641} INFO - Processing file /home/airflow/.local/lib/python3.7/site-packages/airflow/example_dags/example_dag_decorator.py for tasks to queue
[2022-09-12 23:54:15,982] {logging_mixin.py:115} INFO - [2022-09-12 23:54:15,981] {dagbag.py:507} INFO - Filling up the DagBag from /home/airflow/.local/lib/python3.7/site-packages/airflow/example_dags/example_dag_decorator.py
[2022-09-12 23:54:15,995] {processor.py:651} INFO - DAG(s) dict_keys(['example_dag_decorator']) retrieved from /home/airflow/.local/lib/python3.7/site-packages/airflow/example_dags/example_dag_decorator.py
[2022-09-12 23:54:16,031] {logging_mixin.py:115} INFO - [2022-09-12 23:54:16,031] {dag.py:2371} INFO - Sync 1 DAGs
[2022-09-12 23:54:16,042] {logging_mixin.py:115} INFO - [2022-09-12 23:54:16,042] {dag.py:2919} INFO - Setting next_dagrun for example_dag_decorator to None, run_after=None
[2022-09-12 23:54:16,050] {processor.py:161} INFO - Processing /home/airflow/.local/lib/python3.7/site-packages/airflow/example_dags/example_dag_decorator.py took 0.072 seconds
[2022-09-12 23:54:46,788] {processor.py:153} INFO - Started process (PID=902) to work on /home/airflow/.local/lib/python3.7/site-packages/airflow/example_dags/example_dag_decorator.py
[2022-09-12 23:54:46,790] {processor.py:641} INFO - Processing file /home/airflow/.local/lib/python3.7/site-packages/airflow/example_dags/example_dag_decorator.py for tasks to queue
[2022-09-12 23:54:46,791] {logging_mixin.py:115} INFO - [2022-09-12 23:54:46,791] {dagbag.py:507} INFO - Filling up the DagBag from /home/airflow/.local/lib/python3.7/site-packages/airflow/example_dags/example_dag_decorator.py
[2022-09-12 23:54:46,809] {processor.py:651} INFO - DAG(s) dict_keys(['example_dag_decorator']) retrieved from /home/airflow/.local/lib/python3.7/site-packages/airflow/example_dags/example_dag_decorator.py
[2022-09-12 23:54:46,881] {logging_mixin.py:115} INFO - [2022-09-12 23:54:46,881] {dag.py:2371} INFO - Sync 1 DAGs
[2022-09-12 23:54:46,899] {logging_mixin.py:115} INFO - [2022-09-12 23:54:46,899] {dag.py:2919} INFO - Setting next_dagrun for example_dag_decorator to None, run_after=None
[2022-09-12 23:54:46,910] {processor.py:161} INFO - Processing /home/airflow/.local/lib/python3.7/site-packages/airflow/example_dags/example_dag_decorator.py took 0.125 seconds
[2022-09-12 23:55:17,682] {processor.py:153} INFO - Started process (PID=953) to work on /home/airflow/.local/lib/python3.7/site-packages/airflow/example_dags/example_dag_decorator.py
[2022-09-12 23:55:17,683] {processor.py:641} INFO - Processing file /home/airflow/.local/lib/python3.7/site-packages/airflow/example_dags/example_dag_decorator.py for tasks to queue
[2022-09-12 23:55:17,684] {logging_mixin.py:115} INFO - [2022-09-12 23:55:17,684] {dagbag.py:507} INFO - Filling up the DagBag from /home/airflow/.local/lib/python3.7/site-packages/airflow/example_dags/example_dag_decorator.py
[2022-09-12 23:55:17,699] {processor.py:651} INFO - DAG(s) dict_keys(['example_dag_decorator']) retrieved from /home/airflow/.local/lib/python3.7/site-packages/airflow/example_dags/example_dag_decorator.py
[2022-09-12 23:55:17,738] {logging_mixin.py:115} INFO - [2022-09-12 23:55:17,738] {dag.py:2371} INFO - Sync 1 DAGs
[2022-09-12 23:55:17,750] {logging_mixin.py:115} INFO - [2022-09-12 23:55:17,750] {dag.py:2919} INFO - Setting next_dagrun for example_dag_decorator to None, run_after=None
[2022-09-12 23:55:17,758] {processor.py:161} INFO - Processing /home/airflow/.local/lib/python3.7/site-packages/airflow/example_dags/example_dag_decorator.py took 0.078 seconds
[2022-09-12 23:55:48,295] {processor.py:153} INFO - Started process (PID=1014) to work on /home/airflow/.local/lib/python3.7/site-packages/airflow/example_dags/example_dag_decorator.py
[2022-09-12 23:55:48,297] {processor.py:641} INFO - Processing file /home/airflow/.local/lib/python3.7/site-packages/airflow/example_dags/example_dag_decorator.py for tasks to queue
[2022-09-12 23:55:48,297] {logging_mixin.py:115} INFO - [2022-09-12 23:55:48,297] {dagbag.py:507} INFO - Filling up the DagBag from /home/airflow/.local/lib/python3.7/site-packages/airflow/example_dags/example_dag_decorator.py
[2022-09-12 23:55:48,312] {processor.py:651} INFO - DAG(s) dict_keys(['example_dag_decorator']) retrieved from /home/airflow/.local/lib/python3.7/site-packages/airflow/example_dags/example_dag_decorator.py
[2022-09-12 23:55:48,330] {logging_mixin.py:115} INFO - [2022-09-12 23:55:48,330] {dag.py:2371} INFO - Sync 1 DAGs
[2022-09-12 23:55:48,344] {logging_mixin.py:115} INFO - [2022-09-12 23:55:48,344] {dag.py:2919} INFO - Setting next_dagrun for example_dag_decorator to None, run_after=None
[2022-09-12 23:55:48,351] {processor.py:161} INFO - Processing /home/airflow/.local/lib/python3.7/site-packages/airflow/example_dags/example_dag_decorator.py took 0.058 seconds
[2022-09-12 23:56:18,909] {processor.py:153} INFO - Started process (PID=1076) to work on /home/airflow/.local/lib/python3.7/site-packages/airflow/example_dags/example_dag_decorator.py
[2022-09-12 23:56:18,910] {processor.py:641} INFO - Processing file /home/airflow/.local/lib/python3.7/site-packages/airflow/example_dags/example_dag_decorator.py for tasks to queue
[2022-09-12 23:56:18,911] {logging_mixin.py:115} INFO - [2022-09-12 23:56:18,911] {dagbag.py:507} INFO - Filling up the DagBag from /home/airflow/.local/lib/python3.7/site-packages/airflow/example_dags/example_dag_decorator.py
[2022-09-12 23:56:18,926] {processor.py:651} INFO - DAG(s) dict_keys(['example_dag_decorator']) retrieved from /home/airflow/.local/lib/python3.7/site-packages/airflow/example_dags/example_dag_decorator.py
[2022-09-12 23:56:18,968] {logging_mixin.py:115} INFO - [2022-09-12 23:56:18,968] {dag.py:2371} INFO - Sync 1 DAGs
[2022-09-12 23:56:18,980] {logging_mixin.py:115} INFO - [2022-09-12 23:56:18,980] {dag.py:2919} INFO - Setting next_dagrun for example_dag_decorator to None, run_after=None
[2022-09-12 23:56:18,988] {processor.py:161} INFO - Processing /home/airflow/.local/lib/python3.7/site-packages/airflow/example_dags/example_dag_decorator.py took 0.081 seconds
[2022-09-12 23:56:49,395] {processor.py:153} INFO - Started process (PID=1137) to work on /home/airflow/.local/lib/python3.7/site-packages/airflow/example_dags/example_dag_decorator.py
[2022-09-12 23:56:49,396] {processor.py:641} INFO - Processing file /home/airflow/.local/lib/python3.7/site-packages/airflow/example_dags/example_dag_decorator.py for tasks to queue
[2022-09-12 23:56:49,397] {logging_mixin.py:115} INFO - [2022-09-12 23:56:49,397] {dagbag.py:507} INFO - Filling up the DagBag from /home/airflow/.local/lib/python3.7/site-packages/airflow/example_dags/example_dag_decorator.py
[2022-09-12 23:56:49,411] {processor.py:651} INFO - DAG(s) dict_keys(['example_dag_decorator']) retrieved from /home/airflow/.local/lib/python3.7/site-packages/airflow/example_dags/example_dag_decorator.py
[2022-09-12 23:56:49,453] {logging_mixin.py:115} INFO - [2022-09-12 23:56:49,453] {dag.py:2371} INFO - Sync 1 DAGs
[2022-09-12 23:56:49,464] {logging_mixin.py:115} INFO - [2022-09-12 23:56:49,464] {dag.py:2919} INFO - Setting next_dagrun for example_dag_decorator to None, run_after=None
[2022-09-12 23:56:49,472] {processor.py:161} INFO - Processing /home/airflow/.local/lib/python3.7/site-packages/airflow/example_dags/example_dag_decorator.py took 0.079 seconds
[2022-09-12 23:57:20,079] {processor.py:153} INFO - Started process (PID=1199) to work on /home/airflow/.local/lib/python3.7/site-packages/airflow/example_dags/example_dag_decorator.py
[2022-09-12 23:57:20,080] {processor.py:641} INFO - Processing file /home/airflow/.local/lib/python3.7/site-packages/airflow/example_dags/example_dag_decorator.py for tasks to queue
[2022-09-12 23:57:20,081] {logging_mixin.py:115} INFO - [2022-09-12 23:57:20,081] {dagbag.py:507} INFO - Filling up the DagBag from /home/airflow/.local/lib/python3.7/site-packages/airflow/example_dags/example_dag_decorator.py
[2022-09-12 23:57:20,096] {processor.py:651} INFO - DAG(s) dict_keys(['example_dag_decorator']) retrieved from /home/airflow/.local/lib/python3.7/site-packages/airflow/example_dags/example_dag_decorator.py
[2022-09-12 23:57:20,113] {logging_mixin.py:115} INFO - [2022-09-12 23:57:20,113] {dag.py:2371} INFO - Sync 1 DAGs
[2022-09-12 23:57:20,126] {logging_mixin.py:115} INFO - [2022-09-12 23:57:20,126] {dag.py:2919} INFO - Setting next_dagrun for example_dag_decorator to None, run_after=None
[2022-09-12 23:57:20,133] {processor.py:161} INFO - Processing /home/airflow/.local/lib/python3.7/site-packages/airflow/example_dags/example_dag_decorator.py took 0.056 seconds
[2022-09-12 23:57:50,809] {processor.py:153} INFO - Started process (PID=1251) to work on /home/airflow/.local/lib/python3.7/site-packages/airflow/example_dags/example_dag_decorator.py
[2022-09-12 23:57:50,810] {processor.py:641} INFO - Processing file /home/airflow/.local/lib/python3.7/site-packages/airflow/example_dags/example_dag_decorator.py for tasks to queue
[2022-09-12 23:57:50,811] {logging_mixin.py:115} INFO - [2022-09-12 23:57:50,811] {dagbag.py:507} INFO - Filling up the DagBag from /home/airflow/.local/lib/python3.7/site-packages/airflow/example_dags/example_dag_decorator.py
[2022-09-12 23:57:50,827] {processor.py:651} INFO - DAG(s) dict_keys(['example_dag_decorator']) retrieved from /home/airflow/.local/lib/python3.7/site-packages/airflow/example_dags/example_dag_decorator.py
[2022-09-12 23:57:50,865] {logging_mixin.py:115} INFO - [2022-09-12 23:57:50,865] {dag.py:2371} INFO - Sync 1 DAGs
[2022-09-12 23:57:50,876] {logging_mixin.py:115} INFO - [2022-09-12 23:57:50,876] {dag.py:2919} INFO - Setting next_dagrun for example_dag_decorator to None, run_after=None
[2022-09-12 23:57:50,885] {processor.py:161} INFO - Processing /home/airflow/.local/lib/python3.7/site-packages/airflow/example_dags/example_dag_decorator.py took 0.077 seconds
[2022-09-12 23:58:21,657] {processor.py:153} INFO - Started process (PID=1313) to work on /home/airflow/.local/lib/python3.7/site-packages/airflow/example_dags/example_dag_decorator.py
[2022-09-12 23:58:21,658] {processor.py:641} INFO - Processing file /home/airflow/.local/lib/python3.7/site-packages/airflow/example_dags/example_dag_decorator.py for tasks to queue
[2022-09-12 23:58:21,660] {logging_mixin.py:115} INFO - [2022-09-12 23:58:21,660] {dagbag.py:507} INFO - Filling up the DagBag from /home/airflow/.local/lib/python3.7/site-packages/airflow/example_dags/example_dag_decorator.py
[2022-09-12 23:58:21,677] {processor.py:651} INFO - DAG(s) dict_keys(['example_dag_decorator']) retrieved from /home/airflow/.local/lib/python3.7/site-packages/airflow/example_dags/example_dag_decorator.py
[2022-09-12 23:58:21,720] {logging_mixin.py:115} INFO - [2022-09-12 23:58:21,720] {dag.py:2371} INFO - Sync 1 DAGs
[2022-09-12 23:58:21,733] {logging_mixin.py:115} INFO - [2022-09-12 23:58:21,733] {dag.py:2919} INFO - Setting next_dagrun for example_dag_decorator to None, run_after=None
[2022-09-12 23:58:21,742] {processor.py:161} INFO - Processing /home/airflow/.local/lib/python3.7/site-packages/airflow/example_dags/example_dag_decorator.py took 0.087 seconds
[2022-09-12 23:58:52,356] {processor.py:153} INFO - Started process (PID=1374) to work on /home/airflow/.local/lib/python3.7/site-packages/airflow/example_dags/example_dag_decorator.py
[2022-09-12 23:58:52,358] {processor.py:641} INFO - Processing file /home/airflow/.local/lib/python3.7/site-packages/airflow/example_dags/example_dag_decorator.py for tasks to queue
[2022-09-12 23:58:52,359] {logging_mixin.py:115} INFO - [2022-09-12 23:58:52,359] {dagbag.py:507} INFO - Filling up the DagBag from /home/airflow/.local/lib/python3.7/site-packages/airflow/example_dags/example_dag_decorator.py
[2022-09-12 23:58:52,380] {processor.py:651} INFO - DAG(s) dict_keys(['example_dag_decorator']) retrieved from /home/airflow/.local/lib/python3.7/site-packages/airflow/example_dags/example_dag_decorator.py
[2022-09-12 23:58:52,419] {logging_mixin.py:115} INFO - [2022-09-12 23:58:52,419] {dag.py:2371} INFO - Sync 1 DAGs
[2022-09-12 23:58:52,431] {logging_mixin.py:115} INFO - [2022-09-12 23:58:52,431] {dag.py:2919} INFO - Setting next_dagrun for example_dag_decorator to None, run_after=None
[2022-09-12 23:58:52,440] {processor.py:161} INFO - Processing /home/airflow/.local/lib/python3.7/site-packages/airflow/example_dags/example_dag_decorator.py took 0.085 seconds
[2022-09-12 23:59:22,976] {processor.py:153} INFO - Started process (PID=1435) to work on /home/airflow/.local/lib/python3.7/site-packages/airflow/example_dags/example_dag_decorator.py
[2022-09-12 23:59:22,977] {processor.py:641} INFO - Processing file /home/airflow/.local/lib/python3.7/site-packages/airflow/example_dags/example_dag_decorator.py for tasks to queue
[2022-09-12 23:59:22,978] {logging_mixin.py:115} INFO - [2022-09-12 23:59:22,978] {dagbag.py:507} INFO - Filling up the DagBag from /home/airflow/.local/lib/python3.7/site-packages/airflow/example_dags/example_dag_decorator.py
[2022-09-12 23:59:22,994] {processor.py:651} INFO - DAG(s) dict_keys(['example_dag_decorator']) retrieved from /home/airflow/.local/lib/python3.7/site-packages/airflow/example_dags/example_dag_decorator.py
[2022-09-12 23:59:23,033] {logging_mixin.py:115} INFO - [2022-09-12 23:59:23,033] {dag.py:2371} INFO - Sync 1 DAGs
[2022-09-12 23:59:23,044] {logging_mixin.py:115} INFO - [2022-09-12 23:59:23,044] {dag.py:2919} INFO - Setting next_dagrun for example_dag_decorator to None, run_after=None
[2022-09-12 23:59:23,052] {processor.py:161} INFO - Processing /home/airflow/.local/lib/python3.7/site-packages/airflow/example_dags/example_dag_decorator.py took 0.078 seconds
