[2022-09-12 23:47:28,348] {processor.py:153} INFO - Started process (PID=44) to work on /home/airflow/.local/lib/python3.7/site-packages/airflow/example_dags/example_branch_operator_decorator.py
[2022-09-12 23:47:28,350] {processor.py:641} INFO - Processing file /home/airflow/.local/lib/python3.7/site-packages/airflow/example_dags/example_branch_operator_decorator.py for tasks to queue
[2022-09-12 23:47:28,356] {logging_mixin.py:115} INFO - [2022-09-12 23:47:28,356] {dagbag.py:507} INFO - Filling up the DagBag from /home/airflow/.local/lib/python3.7/site-packages/airflow/example_dags/example_branch_operator_decorator.py
[2022-09-12 23:47:28,409] {processor.py:651} INFO - DAG(s) dict_keys(['example_branch_python_operator_decorator']) retrieved from /home/airflow/.local/lib/python3.7/site-packages/airflow/example_dags/example_branch_operator_decorator.py
[2022-09-12 23:47:29,292] {logging_mixin.py:115} INFO - [2022-09-12 23:47:29,292] {manager.py:508} INFO - Created Permission View: can read on DAG:example_branch_python_operator_decorator
[2022-09-12 23:47:29,305] {logging_mixin.py:115} INFO - [2022-09-12 23:47:29,305] {manager.py:508} INFO - Created Permission View: can delete on DAG:example_branch_python_operator_decorator
[2022-09-12 23:47:29,315] {logging_mixin.py:115} INFO - [2022-09-12 23:47:29,314] {manager.py:508} INFO - Created Permission View: can edit on DAG:example_branch_python_operator_decorator
[2022-09-12 23:47:29,316] {logging_mixin.py:115} INFO - [2022-09-12 23:47:29,316] {dag.py:2371} INFO - Sync 1 DAGs
[2022-09-12 23:47:29,334] {logging_mixin.py:115} INFO - [2022-09-12 23:47:29,334] {dag.py:2390} INFO - Creating ORM DAG for example_branch_python_operator_decorator
[2022-09-12 23:47:29,355] {logging_mixin.py:115} INFO - [2022-09-12 23:47:29,354] {dag.py:2919} INFO - Setting next_dagrun for example_branch_python_operator_decorator to 2022-09-11T00:00:00+00:00, run_after=2022-09-12T00:00:00+00:00
[2022-09-12 23:47:29,393] {processor.py:161} INFO - Processing /home/airflow/.local/lib/python3.7/site-packages/airflow/example_dags/example_branch_operator_decorator.py took 1.048 seconds
[2022-09-12 23:47:59,448] {processor.py:153} INFO - Started process (PID=98) to work on /home/airflow/.local/lib/python3.7/site-packages/airflow/example_dags/example_branch_operator_decorator.py
[2022-09-12 23:47:59,450] {processor.py:641} INFO - Processing file /home/airflow/.local/lib/python3.7/site-packages/airflow/example_dags/example_branch_operator_decorator.py for tasks to queue
[2022-09-12 23:47:59,451] {logging_mixin.py:115} INFO - [2022-09-12 23:47:59,451] {dagbag.py:507} INFO - Filling up the DagBag from /home/airflow/.local/lib/python3.7/site-packages/airflow/example_dags/example_branch_operator_decorator.py
[2022-09-12 23:47:59,467] {processor.py:651} INFO - DAG(s) dict_keys(['example_branch_python_operator_decorator']) retrieved from /home/airflow/.local/lib/python3.7/site-packages/airflow/example_dags/example_branch_operator_decorator.py
[2022-09-12 23:47:59,485] {logging_mixin.py:115} INFO - [2022-09-12 23:47:59,485] {dag.py:2371} INFO - Sync 1 DAGs
[2022-09-12 23:47:59,734] {logging_mixin.py:115} INFO - [2022-09-12 23:47:59,733] {dag.py:2919} INFO - Setting next_dagrun for example_branch_python_operator_decorator to 2022-09-11T00:00:00+00:00, run_after=2022-09-12T00:00:00+00:00
[2022-09-12 23:47:59,744] {processor.py:161} INFO - Processing /home/airflow/.local/lib/python3.7/site-packages/airflow/example_dags/example_branch_operator_decorator.py took 0.298 seconds
[2022-09-12 23:48:30,291] {processor.py:153} INFO - Started process (PID=159) to work on /home/airflow/.local/lib/python3.7/site-packages/airflow/example_dags/example_branch_operator_decorator.py
[2022-09-12 23:48:30,293] {processor.py:641} INFO - Processing file /home/airflow/.local/lib/python3.7/site-packages/airflow/example_dags/example_branch_operator_decorator.py for tasks to queue
[2022-09-12 23:48:30,293] {logging_mixin.py:115} INFO - [2022-09-12 23:48:30,293] {dagbag.py:507} INFO - Filling up the DagBag from /home/airflow/.local/lib/python3.7/site-packages/airflow/example_dags/example_branch_operator_decorator.py
[2022-09-12 23:48:30,324] {processor.py:651} INFO - DAG(s) dict_keys(['example_branch_python_operator_decorator']) retrieved from /home/airflow/.local/lib/python3.7/site-packages/airflow/example_dags/example_branch_operator_decorator.py
[2022-09-12 23:48:30,344] {logging_mixin.py:115} INFO - [2022-09-12 23:48:30,344] {dag.py:2371} INFO - Sync 1 DAGs
[2022-09-12 23:48:30,555] {logging_mixin.py:115} INFO - [2022-09-12 23:48:30,554] {dag.py:2919} INFO - Setting next_dagrun for example_branch_python_operator_decorator to 2022-09-11T00:00:00+00:00, run_after=2022-09-12T00:00:00+00:00
[2022-09-12 23:48:30,563] {processor.py:161} INFO - Processing /home/airflow/.local/lib/python3.7/site-packages/airflow/example_dags/example_branch_operator_decorator.py took 0.274 seconds
[2022-09-12 23:49:01,264] {processor.py:153} INFO - Started process (PID=220) to work on /home/airflow/.local/lib/python3.7/site-packages/airflow/example_dags/example_branch_operator_decorator.py
[2022-09-12 23:49:01,265] {processor.py:641} INFO - Processing file /home/airflow/.local/lib/python3.7/site-packages/airflow/example_dags/example_branch_operator_decorator.py for tasks to queue
[2022-09-12 23:49:01,267] {logging_mixin.py:115} INFO - [2022-09-12 23:49:01,267] {dagbag.py:507} INFO - Filling up the DagBag from /home/airflow/.local/lib/python3.7/site-packages/airflow/example_dags/example_branch_operator_decorator.py
[2022-09-12 23:49:01,290] {processor.py:651} INFO - DAG(s) dict_keys(['example_branch_python_operator_decorator']) retrieved from /home/airflow/.local/lib/python3.7/site-packages/airflow/example_dags/example_branch_operator_decorator.py
[2022-09-12 23:49:01,318] {logging_mixin.py:115} INFO - [2022-09-12 23:49:01,318] {dag.py:2371} INFO - Sync 1 DAGs
[2022-09-12 23:49:01,592] {logging_mixin.py:115} INFO - [2022-09-12 23:49:01,592] {dag.py:2919} INFO - Setting next_dagrun for example_branch_python_operator_decorator to 2022-09-11T00:00:00+00:00, run_after=2022-09-12T00:00:00+00:00
[2022-09-12 23:49:01,602] {processor.py:161} INFO - Processing /home/airflow/.local/lib/python3.7/site-packages/airflow/example_dags/example_branch_operator_decorator.py took 0.341 seconds
[2022-09-12 23:49:31,728] {processor.py:153} INFO - Started process (PID=281) to work on /home/airflow/.local/lib/python3.7/site-packages/airflow/example_dags/example_branch_operator_decorator.py
[2022-09-12 23:49:31,730] {processor.py:641} INFO - Processing file /home/airflow/.local/lib/python3.7/site-packages/airflow/example_dags/example_branch_operator_decorator.py for tasks to queue
[2022-09-12 23:49:31,731] {logging_mixin.py:115} INFO - [2022-09-12 23:49:31,731] {dagbag.py:507} INFO - Filling up the DagBag from /home/airflow/.local/lib/python3.7/site-packages/airflow/example_dags/example_branch_operator_decorator.py
[2022-09-12 23:49:31,746] {processor.py:651} INFO - DAG(s) dict_keys(['example_branch_python_operator_decorator']) retrieved from /home/airflow/.local/lib/python3.7/site-packages/airflow/example_dags/example_branch_operator_decorator.py
[2022-09-12 23:49:31,764] {logging_mixin.py:115} INFO - [2022-09-12 23:49:31,764] {dag.py:2371} INFO - Sync 1 DAGs
[2022-09-12 23:49:31,986] {logging_mixin.py:115} INFO - [2022-09-12 23:49:31,986] {dag.py:2919} INFO - Setting next_dagrun for example_branch_python_operator_decorator to 2022-09-11T00:00:00+00:00, run_after=2022-09-12T00:00:00+00:00
[2022-09-12 23:49:31,994] {processor.py:161} INFO - Processing /home/airflow/.local/lib/python3.7/site-packages/airflow/example_dags/example_branch_operator_decorator.py took 0.269 seconds
[2022-09-12 23:50:02,821] {processor.py:153} INFO - Started process (PID=334) to work on /home/airflow/.local/lib/python3.7/site-packages/airflow/example_dags/example_branch_operator_decorator.py
[2022-09-12 23:50:02,823] {processor.py:641} INFO - Processing file /home/airflow/.local/lib/python3.7/site-packages/airflow/example_dags/example_branch_operator_decorator.py for tasks to queue
[2022-09-12 23:50:02,826] {logging_mixin.py:115} INFO - [2022-09-12 23:50:02,826] {dagbag.py:507} INFO - Filling up the DagBag from /home/airflow/.local/lib/python3.7/site-packages/airflow/example_dags/example_branch_operator_decorator.py
[2022-09-12 23:50:02,850] {processor.py:651} INFO - DAG(s) dict_keys(['example_branch_python_operator_decorator']) retrieved from /home/airflow/.local/lib/python3.7/site-packages/airflow/example_dags/example_branch_operator_decorator.py
[2022-09-12 23:50:02,880] {logging_mixin.py:115} INFO - [2022-09-12 23:50:02,880] {dag.py:2371} INFO - Sync 1 DAGs
[2022-09-12 23:50:03,130] {logging_mixin.py:115} INFO - [2022-09-12 23:50:03,130] {dag.py:2919} INFO - Setting next_dagrun for example_branch_python_operator_decorator to 2022-09-11T00:00:00+00:00, run_after=2022-09-12T00:00:00+00:00
[2022-09-12 23:50:03,148] {processor.py:161} INFO - Processing /home/airflow/.local/lib/python3.7/site-packages/airflow/example_dags/example_branch_operator_decorator.py took 0.330 seconds
[2022-09-12 23:50:33,771] {processor.py:153} INFO - Started process (PID=394) to work on /home/airflow/.local/lib/python3.7/site-packages/airflow/example_dags/example_branch_operator_decorator.py
[2022-09-12 23:50:33,773] {processor.py:641} INFO - Processing file /home/airflow/.local/lib/python3.7/site-packages/airflow/example_dags/example_branch_operator_decorator.py for tasks to queue
[2022-09-12 23:50:33,775] {logging_mixin.py:115} INFO - [2022-09-12 23:50:33,775] {dagbag.py:507} INFO - Filling up the DagBag from /home/airflow/.local/lib/python3.7/site-packages/airflow/example_dags/example_branch_operator_decorator.py
[2022-09-12 23:50:33,802] {processor.py:651} INFO - DAG(s) dict_keys(['example_branch_python_operator_decorator']) retrieved from /home/airflow/.local/lib/python3.7/site-packages/airflow/example_dags/example_branch_operator_decorator.py
[2022-09-12 23:50:33,827] {logging_mixin.py:115} INFO - [2022-09-12 23:50:33,827] {dag.py:2371} INFO - Sync 1 DAGs
[2022-09-12 23:50:34,050] {logging_mixin.py:115} INFO - [2022-09-12 23:50:34,050] {dag.py:2919} INFO - Setting next_dagrun for example_branch_python_operator_decorator to 2022-09-11T00:00:00+00:00, run_after=2022-09-12T00:00:00+00:00
[2022-09-12 23:50:34,058] {processor.py:161} INFO - Processing /home/airflow/.local/lib/python3.7/site-packages/airflow/example_dags/example_branch_operator_decorator.py took 0.293 seconds
[2022-09-12 23:51:04,267] {processor.py:153} INFO - Started process (PID=456) to work on /home/airflow/.local/lib/python3.7/site-packages/airflow/example_dags/example_branch_operator_decorator.py
[2022-09-12 23:51:04,269] {processor.py:641} INFO - Processing file /home/airflow/.local/lib/python3.7/site-packages/airflow/example_dags/example_branch_operator_decorator.py for tasks to queue
[2022-09-12 23:51:04,272] {logging_mixin.py:115} INFO - [2022-09-12 23:51:04,272] {dagbag.py:507} INFO - Filling up the DagBag from /home/airflow/.local/lib/python3.7/site-packages/airflow/example_dags/example_branch_operator_decorator.py
[2022-09-12 23:51:04,295] {processor.py:651} INFO - DAG(s) dict_keys(['example_branch_python_operator_decorator']) retrieved from /home/airflow/.local/lib/python3.7/site-packages/airflow/example_dags/example_branch_operator_decorator.py
[2022-09-12 23:51:04,315] {logging_mixin.py:115} INFO - [2022-09-12 23:51:04,315] {dag.py:2371} INFO - Sync 1 DAGs
[2022-09-12 23:51:04,532] {logging_mixin.py:115} INFO - [2022-09-12 23:51:04,532] {dag.py:2919} INFO - Setting next_dagrun for example_branch_python_operator_decorator to 2022-09-11T00:00:00+00:00, run_after=2022-09-12T00:00:00+00:00
[2022-09-12 23:51:04,543] {processor.py:161} INFO - Processing /home/airflow/.local/lib/python3.7/site-packages/airflow/example_dags/example_branch_operator_decorator.py took 0.280 seconds
[2022-09-12 23:51:34,696] {processor.py:153} INFO - Started process (PID=516) to work on /home/airflow/.local/lib/python3.7/site-packages/airflow/example_dags/example_branch_operator_decorator.py
[2022-09-12 23:51:34,698] {processor.py:641} INFO - Processing file /home/airflow/.local/lib/python3.7/site-packages/airflow/example_dags/example_branch_operator_decorator.py for tasks to queue
[2022-09-12 23:51:34,699] {logging_mixin.py:115} INFO - [2022-09-12 23:51:34,699] {dagbag.py:507} INFO - Filling up the DagBag from /home/airflow/.local/lib/python3.7/site-packages/airflow/example_dags/example_branch_operator_decorator.py
[2022-09-12 23:51:34,720] {processor.py:651} INFO - DAG(s) dict_keys(['example_branch_python_operator_decorator']) retrieved from /home/airflow/.local/lib/python3.7/site-packages/airflow/example_dags/example_branch_operator_decorator.py
[2022-09-12 23:51:34,744] {logging_mixin.py:115} INFO - [2022-09-12 23:51:34,744] {dag.py:2371} INFO - Sync 1 DAGs
[2022-09-12 23:51:35,031] {logging_mixin.py:115} INFO - [2022-09-12 23:51:35,031] {dag.py:2919} INFO - Setting next_dagrun for example_branch_python_operator_decorator to 2022-09-11T00:00:00+00:00, run_after=2022-09-12T00:00:00+00:00
[2022-09-12 23:51:35,042] {processor.py:161} INFO - Processing /home/airflow/.local/lib/python3.7/site-packages/airflow/example_dags/example_branch_operator_decorator.py took 0.350 seconds
[2022-09-12 23:52:05,943] {processor.py:153} INFO - Started process (PID=577) to work on /home/airflow/.local/lib/python3.7/site-packages/airflow/example_dags/example_branch_operator_decorator.py
[2022-09-12 23:52:05,945] {processor.py:641} INFO - Processing file /home/airflow/.local/lib/python3.7/site-packages/airflow/example_dags/example_branch_operator_decorator.py for tasks to queue
[2022-09-12 23:52:05,946] {logging_mixin.py:115} INFO - [2022-09-12 23:52:05,946] {dagbag.py:507} INFO - Filling up the DagBag from /home/airflow/.local/lib/python3.7/site-packages/airflow/example_dags/example_branch_operator_decorator.py
[2022-09-12 23:52:05,964] {processor.py:651} INFO - DAG(s) dict_keys(['example_branch_python_operator_decorator']) retrieved from /home/airflow/.local/lib/python3.7/site-packages/airflow/example_dags/example_branch_operator_decorator.py
[2022-09-12 23:52:05,985] {logging_mixin.py:115} INFO - [2022-09-12 23:52:05,985] {dag.py:2371} INFO - Sync 1 DAGs
[2022-09-12 23:52:06,203] {logging_mixin.py:115} INFO - [2022-09-12 23:52:06,203] {dag.py:2919} INFO - Setting next_dagrun for example_branch_python_operator_decorator to 2022-09-11T00:00:00+00:00, run_after=2022-09-12T00:00:00+00:00
[2022-09-12 23:52:06,214] {processor.py:161} INFO - Processing /home/airflow/.local/lib/python3.7/site-packages/airflow/example_dags/example_branch_operator_decorator.py took 0.274 seconds
[2022-09-12 23:52:37,242] {processor.py:153} INFO - Started process (PID=638) to work on /home/airflow/.local/lib/python3.7/site-packages/airflow/example_dags/example_branch_operator_decorator.py
[2022-09-12 23:52:37,244] {processor.py:641} INFO - Processing file /home/airflow/.local/lib/python3.7/site-packages/airflow/example_dags/example_branch_operator_decorator.py for tasks to queue
[2022-09-12 23:52:37,246] {logging_mixin.py:115} INFO - [2022-09-12 23:52:37,246] {dagbag.py:507} INFO - Filling up the DagBag from /home/airflow/.local/lib/python3.7/site-packages/airflow/example_dags/example_branch_operator_decorator.py
[2022-09-12 23:52:37,268] {processor.py:651} INFO - DAG(s) dict_keys(['example_branch_python_operator_decorator']) retrieved from /home/airflow/.local/lib/python3.7/site-packages/airflow/example_dags/example_branch_operator_decorator.py
[2022-09-12 23:52:37,290] {logging_mixin.py:115} INFO - [2022-09-12 23:52:37,290] {dag.py:2371} INFO - Sync 1 DAGs
[2022-09-12 23:52:37,303] {logging_mixin.py:115} INFO - [2022-09-12 23:52:37,303] {dag.py:2919} INFO - Setting next_dagrun for example_branch_python_operator_decorator to 2022-09-11T00:00:00+00:00, run_after=2022-09-12T00:00:00+00:00
[2022-09-12 23:52:37,312] {processor.py:161} INFO - Processing /home/airflow/.local/lib/python3.7/site-packages/airflow/example_dags/example_branch_operator_decorator.py took 0.075 seconds
[2022-09-12 23:53:07,691] {processor.py:153} INFO - Started process (PID=690) to work on /home/airflow/.local/lib/python3.7/site-packages/airflow/example_dags/example_branch_operator_decorator.py
[2022-09-12 23:53:07,693] {processor.py:641} INFO - Processing file /home/airflow/.local/lib/python3.7/site-packages/airflow/example_dags/example_branch_operator_decorator.py for tasks to queue
[2022-09-12 23:53:07,696] {logging_mixin.py:115} INFO - [2022-09-12 23:53:07,696] {dagbag.py:507} INFO - Filling up the DagBag from /home/airflow/.local/lib/python3.7/site-packages/airflow/example_dags/example_branch_operator_decorator.py
[2022-09-12 23:53:07,714] {processor.py:651} INFO - DAG(s) dict_keys(['example_branch_python_operator_decorator']) retrieved from /home/airflow/.local/lib/python3.7/site-packages/airflow/example_dags/example_branch_operator_decorator.py
[2022-09-12 23:53:07,735] {logging_mixin.py:115} INFO - [2022-09-12 23:53:07,735] {dag.py:2371} INFO - Sync 1 DAGs
[2022-09-12 23:53:07,748] {logging_mixin.py:115} INFO - [2022-09-12 23:53:07,748] {dag.py:2919} INFO - Setting next_dagrun for example_branch_python_operator_decorator to 2022-09-11T00:00:00+00:00, run_after=2022-09-12T00:00:00+00:00
[2022-09-12 23:53:07,756] {processor.py:161} INFO - Processing /home/airflow/.local/lib/python3.7/site-packages/airflow/example_dags/example_branch_operator_decorator.py took 0.069 seconds
[2022-09-12 23:53:38,291] {processor.py:153} INFO - Started process (PID=750) to work on /home/airflow/.local/lib/python3.7/site-packages/airflow/example_dags/example_branch_operator_decorator.py
[2022-09-12 23:53:38,294] {processor.py:641} INFO - Processing file /home/airflow/.local/lib/python3.7/site-packages/airflow/example_dags/example_branch_operator_decorator.py for tasks to queue
[2022-09-12 23:53:38,296] {logging_mixin.py:115} INFO - [2022-09-12 23:53:38,296] {dagbag.py:507} INFO - Filling up the DagBag from /home/airflow/.local/lib/python3.7/site-packages/airflow/example_dags/example_branch_operator_decorator.py
[2022-09-12 23:53:38,316] {processor.py:651} INFO - DAG(s) dict_keys(['example_branch_python_operator_decorator']) retrieved from /home/airflow/.local/lib/python3.7/site-packages/airflow/example_dags/example_branch_operator_decorator.py
[2022-09-12 23:53:38,342] {logging_mixin.py:115} INFO - [2022-09-12 23:53:38,342] {dag.py:2371} INFO - Sync 1 DAGs
[2022-09-12 23:53:38,357] {logging_mixin.py:115} INFO - [2022-09-12 23:53:38,357] {dag.py:2919} INFO - Setting next_dagrun for example_branch_python_operator_decorator to 2022-09-11T00:00:00+00:00, run_after=2022-09-12T00:00:00+00:00
[2022-09-12 23:53:38,367] {processor.py:161} INFO - Processing /home/airflow/.local/lib/python3.7/site-packages/airflow/example_dags/example_branch_operator_decorator.py took 0.081 seconds
[2022-09-12 23:54:09,003] {processor.py:153} INFO - Started process (PID=810) to work on /home/airflow/.local/lib/python3.7/site-packages/airflow/example_dags/example_branch_operator_decorator.py
[2022-09-12 23:54:09,004] {processor.py:641} INFO - Processing file /home/airflow/.local/lib/python3.7/site-packages/airflow/example_dags/example_branch_operator_decorator.py for tasks to queue
[2022-09-12 23:54:09,005] {logging_mixin.py:115} INFO - [2022-09-12 23:54:09,005] {dagbag.py:507} INFO - Filling up the DagBag from /home/airflow/.local/lib/python3.7/site-packages/airflow/example_dags/example_branch_operator_decorator.py
[2022-09-12 23:54:09,020] {processor.py:651} INFO - DAG(s) dict_keys(['example_branch_python_operator_decorator']) retrieved from /home/airflow/.local/lib/python3.7/site-packages/airflow/example_dags/example_branch_operator_decorator.py
[2022-09-12 23:54:09,039] {logging_mixin.py:115} INFO - [2022-09-12 23:54:09,039] {dag.py:2371} INFO - Sync 1 DAGs
[2022-09-12 23:54:09,052] {logging_mixin.py:115} INFO - [2022-09-12 23:54:09,052] {dag.py:2919} INFO - Setting next_dagrun for example_branch_python_operator_decorator to 2022-09-11T00:00:00+00:00, run_after=2022-09-12T00:00:00+00:00
[2022-09-12 23:54:09,060] {processor.py:161} INFO - Processing /home/airflow/.local/lib/python3.7/site-packages/airflow/example_dags/example_branch_operator_decorator.py took 0.059 seconds
[2022-09-12 23:54:39,580] {processor.py:153} INFO - Started process (PID=871) to work on /home/airflow/.local/lib/python3.7/site-packages/airflow/example_dags/example_branch_operator_decorator.py
[2022-09-12 23:54:39,582] {processor.py:641} INFO - Processing file /home/airflow/.local/lib/python3.7/site-packages/airflow/example_dags/example_branch_operator_decorator.py for tasks to queue
[2022-09-12 23:54:39,584] {logging_mixin.py:115} INFO - [2022-09-12 23:54:39,584] {dagbag.py:507} INFO - Filling up the DagBag from /home/airflow/.local/lib/python3.7/site-packages/airflow/example_dags/example_branch_operator_decorator.py
[2022-09-12 23:54:39,606] {processor.py:651} INFO - DAG(s) dict_keys(['example_branch_python_operator_decorator']) retrieved from /home/airflow/.local/lib/python3.7/site-packages/airflow/example_dags/example_branch_operator_decorator.py
[2022-09-12 23:54:39,634] {logging_mixin.py:115} INFO - [2022-09-12 23:54:39,634] {dag.py:2371} INFO - Sync 1 DAGs
[2022-09-12 23:54:39,649] {logging_mixin.py:115} INFO - [2022-09-12 23:54:39,649] {dag.py:2919} INFO - Setting next_dagrun for example_branch_python_operator_decorator to 2022-09-11T00:00:00+00:00, run_after=2022-09-12T00:00:00+00:00
[2022-09-12 23:54:39,658] {processor.py:161} INFO - Processing /home/airflow/.local/lib/python3.7/site-packages/airflow/example_dags/example_branch_operator_decorator.py took 0.082 seconds
[2022-09-12 23:55:10,633] {processor.py:153} INFO - Started process (PID=932) to work on /home/airflow/.local/lib/python3.7/site-packages/airflow/example_dags/example_branch_operator_decorator.py
[2022-09-12 23:55:10,636] {processor.py:641} INFO - Processing file /home/airflow/.local/lib/python3.7/site-packages/airflow/example_dags/example_branch_operator_decorator.py for tasks to queue
[2022-09-12 23:55:10,639] {logging_mixin.py:115} INFO - [2022-09-12 23:55:10,638] {dagbag.py:507} INFO - Filling up the DagBag from /home/airflow/.local/lib/python3.7/site-packages/airflow/example_dags/example_branch_operator_decorator.py
[2022-09-12 23:55:10,671] {processor.py:651} INFO - DAG(s) dict_keys(['example_branch_python_operator_decorator']) retrieved from /home/airflow/.local/lib/python3.7/site-packages/airflow/example_dags/example_branch_operator_decorator.py
[2022-09-12 23:55:10,723] {logging_mixin.py:115} INFO - [2022-09-12 23:55:10,723] {dag.py:2371} INFO - Sync 1 DAGs
[2022-09-12 23:55:10,748] {logging_mixin.py:115} INFO - [2022-09-12 23:55:10,748] {dag.py:2919} INFO - Setting next_dagrun for example_branch_python_operator_decorator to 2022-09-11T00:00:00+00:00, run_after=2022-09-12T00:00:00+00:00
[2022-09-12 23:55:10,765] {processor.py:161} INFO - Processing /home/airflow/.local/lib/python3.7/site-packages/airflow/example_dags/example_branch_operator_decorator.py took 0.141 seconds
[2022-09-12 23:55:41,450] {processor.py:153} INFO - Started process (PID=993) to work on /home/airflow/.local/lib/python3.7/site-packages/airflow/example_dags/example_branch_operator_decorator.py
[2022-09-12 23:55:41,452] {processor.py:641} INFO - Processing file /home/airflow/.local/lib/python3.7/site-packages/airflow/example_dags/example_branch_operator_decorator.py for tasks to queue
[2022-09-12 23:55:41,453] {logging_mixin.py:115} INFO - [2022-09-12 23:55:41,453] {dagbag.py:507} INFO - Filling up the DagBag from /home/airflow/.local/lib/python3.7/site-packages/airflow/example_dags/example_branch_operator_decorator.py
[2022-09-12 23:55:41,471] {processor.py:651} INFO - DAG(s) dict_keys(['example_branch_python_operator_decorator']) retrieved from /home/airflow/.local/lib/python3.7/site-packages/airflow/example_dags/example_branch_operator_decorator.py
[2022-09-12 23:55:41,505] {logging_mixin.py:115} INFO - [2022-09-12 23:55:41,505] {dag.py:2371} INFO - Sync 1 DAGs
[2022-09-12 23:55:41,534] {logging_mixin.py:115} INFO - [2022-09-12 23:55:41,534] {dag.py:2919} INFO - Setting next_dagrun for example_branch_python_operator_decorator to 2022-09-11T00:00:00+00:00, run_after=2022-09-12T00:00:00+00:00
[2022-09-12 23:55:41,546] {processor.py:161} INFO - Processing /home/airflow/.local/lib/python3.7/site-packages/airflow/example_dags/example_branch_operator_decorator.py took 0.108 seconds
[2022-09-12 23:56:11,994] {processor.py:153} INFO - Started process (PID=1045) to work on /home/airflow/.local/lib/python3.7/site-packages/airflow/example_dags/example_branch_operator_decorator.py
[2022-09-12 23:56:11,996] {processor.py:641} INFO - Processing file /home/airflow/.local/lib/python3.7/site-packages/airflow/example_dags/example_branch_operator_decorator.py for tasks to queue
[2022-09-12 23:56:11,997] {logging_mixin.py:115} INFO - [2022-09-12 23:56:11,997] {dagbag.py:507} INFO - Filling up the DagBag from /home/airflow/.local/lib/python3.7/site-packages/airflow/example_dags/example_branch_operator_decorator.py
[2022-09-12 23:56:12,010] {processor.py:651} INFO - DAG(s) dict_keys(['example_branch_python_operator_decorator']) retrieved from /home/airflow/.local/lib/python3.7/site-packages/airflow/example_dags/example_branch_operator_decorator.py
[2022-09-12 23:56:12,030] {logging_mixin.py:115} INFO - [2022-09-12 23:56:12,030] {dag.py:2371} INFO - Sync 1 DAGs
[2022-09-12 23:56:12,047] {logging_mixin.py:115} INFO - [2022-09-12 23:56:12,047] {dag.py:2919} INFO - Setting next_dagrun for example_branch_python_operator_decorator to 2022-09-11T00:00:00+00:00, run_after=2022-09-12T00:00:00+00:00
[2022-09-12 23:56:12,059] {processor.py:161} INFO - Processing /home/airflow/.local/lib/python3.7/site-packages/airflow/example_dags/example_branch_operator_decorator.py took 0.069 seconds
[2022-09-12 23:56:42,561] {processor.py:153} INFO - Started process (PID=1107) to work on /home/airflow/.local/lib/python3.7/site-packages/airflow/example_dags/example_branch_operator_decorator.py
[2022-09-12 23:56:42,564] {processor.py:641} INFO - Processing file /home/airflow/.local/lib/python3.7/site-packages/airflow/example_dags/example_branch_operator_decorator.py for tasks to queue
[2022-09-12 23:56:42,566] {logging_mixin.py:115} INFO - [2022-09-12 23:56:42,565] {dagbag.py:507} INFO - Filling up the DagBag from /home/airflow/.local/lib/python3.7/site-packages/airflow/example_dags/example_branch_operator_decorator.py
[2022-09-12 23:56:42,586] {processor.py:651} INFO - DAG(s) dict_keys(['example_branch_python_operator_decorator']) retrieved from /home/airflow/.local/lib/python3.7/site-packages/airflow/example_dags/example_branch_operator_decorator.py
[2022-09-12 23:56:42,608] {logging_mixin.py:115} INFO - [2022-09-12 23:56:42,608] {dag.py:2371} INFO - Sync 1 DAGs
[2022-09-12 23:56:42,620] {logging_mixin.py:115} INFO - [2022-09-12 23:56:42,620] {dag.py:2919} INFO - Setting next_dagrun for example_branch_python_operator_decorator to 2022-09-11T00:00:00+00:00, run_after=2022-09-12T00:00:00+00:00
[2022-09-12 23:56:42,629] {processor.py:161} INFO - Processing /home/airflow/.local/lib/python3.7/site-packages/airflow/example_dags/example_branch_operator_decorator.py took 0.072 seconds
[2022-09-12 23:57:13,157] {processor.py:153} INFO - Started process (PID=1169) to work on /home/airflow/.local/lib/python3.7/site-packages/airflow/example_dags/example_branch_operator_decorator.py
[2022-09-12 23:57:13,159] {processor.py:641} INFO - Processing file /home/airflow/.local/lib/python3.7/site-packages/airflow/example_dags/example_branch_operator_decorator.py for tasks to queue
[2022-09-12 23:57:13,161] {logging_mixin.py:115} INFO - [2022-09-12 23:57:13,161] {dagbag.py:507} INFO - Filling up the DagBag from /home/airflow/.local/lib/python3.7/site-packages/airflow/example_dags/example_branch_operator_decorator.py
[2022-09-12 23:57:13,195] {processor.py:651} INFO - DAG(s) dict_keys(['example_branch_python_operator_decorator']) retrieved from /home/airflow/.local/lib/python3.7/site-packages/airflow/example_dags/example_branch_operator_decorator.py
[2022-09-12 23:57:13,223] {logging_mixin.py:115} INFO - [2022-09-12 23:57:13,223] {dag.py:2371} INFO - Sync 1 DAGs
[2022-09-12 23:57:13,239] {logging_mixin.py:115} INFO - [2022-09-12 23:57:13,239] {dag.py:2919} INFO - Setting next_dagrun for example_branch_python_operator_decorator to 2022-09-11T00:00:00+00:00, run_after=2022-09-12T00:00:00+00:00
[2022-09-12 23:57:13,247] {processor.py:161} INFO - Processing /home/airflow/.local/lib/python3.7/site-packages/airflow/example_dags/example_branch_operator_decorator.py took 0.096 seconds
[2022-09-12 23:57:43,899] {processor.py:153} INFO - Started process (PID=1230) to work on /home/airflow/.local/lib/python3.7/site-packages/airflow/example_dags/example_branch_operator_decorator.py
[2022-09-12 23:57:43,901] {processor.py:641} INFO - Processing file /home/airflow/.local/lib/python3.7/site-packages/airflow/example_dags/example_branch_operator_decorator.py for tasks to queue
[2022-09-12 23:57:43,902] {logging_mixin.py:115} INFO - [2022-09-12 23:57:43,902] {dagbag.py:507} INFO - Filling up the DagBag from /home/airflow/.local/lib/python3.7/site-packages/airflow/example_dags/example_branch_operator_decorator.py
[2022-09-12 23:57:43,929] {processor.py:651} INFO - DAG(s) dict_keys(['example_branch_python_operator_decorator']) retrieved from /home/airflow/.local/lib/python3.7/site-packages/airflow/example_dags/example_branch_operator_decorator.py
[2022-09-12 23:57:43,952] {logging_mixin.py:115} INFO - [2022-09-12 23:57:43,952] {dag.py:2371} INFO - Sync 1 DAGs
[2022-09-12 23:57:43,969] {logging_mixin.py:115} INFO - [2022-09-12 23:57:43,969] {dag.py:2919} INFO - Setting next_dagrun for example_branch_python_operator_decorator to 2022-09-11T00:00:00+00:00, run_after=2022-09-12T00:00:00+00:00
[2022-09-12 23:57:43,977] {processor.py:161} INFO - Processing /home/airflow/.local/lib/python3.7/site-packages/airflow/example_dags/example_branch_operator_decorator.py took 0.082 seconds
[2022-09-12 23:58:14,660] {processor.py:153} INFO - Started process (PID=1292) to work on /home/airflow/.local/lib/python3.7/site-packages/airflow/example_dags/example_branch_operator_decorator.py
[2022-09-12 23:58:14,662] {processor.py:641} INFO - Processing file /home/airflow/.local/lib/python3.7/site-packages/airflow/example_dags/example_branch_operator_decorator.py for tasks to queue
[2022-09-12 23:58:14,663] {logging_mixin.py:115} INFO - [2022-09-12 23:58:14,663] {dagbag.py:507} INFO - Filling up the DagBag from /home/airflow/.local/lib/python3.7/site-packages/airflow/example_dags/example_branch_operator_decorator.py
[2022-09-12 23:58:14,680] {processor.py:651} INFO - DAG(s) dict_keys(['example_branch_python_operator_decorator']) retrieved from /home/airflow/.local/lib/python3.7/site-packages/airflow/example_dags/example_branch_operator_decorator.py
[2022-09-12 23:58:14,704] {logging_mixin.py:115} INFO - [2022-09-12 23:58:14,704] {dag.py:2371} INFO - Sync 1 DAGs
[2022-09-12 23:58:14,720] {logging_mixin.py:115} INFO - [2022-09-12 23:58:14,720] {dag.py:2919} INFO - Setting next_dagrun for example_branch_python_operator_decorator to 2022-09-11T00:00:00+00:00, run_after=2022-09-12T00:00:00+00:00
[2022-09-12 23:58:14,729] {processor.py:161} INFO - Processing /home/airflow/.local/lib/python3.7/site-packages/airflow/example_dags/example_branch_operator_decorator.py took 0.072 seconds
[2022-09-12 23:58:45,478] {processor.py:153} INFO - Started process (PID=1344) to work on /home/airflow/.local/lib/python3.7/site-packages/airflow/example_dags/example_branch_operator_decorator.py
[2022-09-12 23:58:45,480] {processor.py:641} INFO - Processing file /home/airflow/.local/lib/python3.7/site-packages/airflow/example_dags/example_branch_operator_decorator.py for tasks to queue
[2022-09-12 23:58:45,481] {logging_mixin.py:115} INFO - [2022-09-12 23:58:45,481] {dagbag.py:507} INFO - Filling up the DagBag from /home/airflow/.local/lib/python3.7/site-packages/airflow/example_dags/example_branch_operator_decorator.py
[2022-09-12 23:58:45,509] {processor.py:651} INFO - DAG(s) dict_keys(['example_branch_python_operator_decorator']) retrieved from /home/airflow/.local/lib/python3.7/site-packages/airflow/example_dags/example_branch_operator_decorator.py
[2022-09-12 23:58:45,536] {logging_mixin.py:115} INFO - [2022-09-12 23:58:45,536] {dag.py:2371} INFO - Sync 1 DAGs
[2022-09-12 23:58:45,553] {logging_mixin.py:115} INFO - [2022-09-12 23:58:45,553] {dag.py:2919} INFO - Setting next_dagrun for example_branch_python_operator_decorator to 2022-09-11T00:00:00+00:00, run_after=2022-09-12T00:00:00+00:00
[2022-09-12 23:58:45,563] {processor.py:161} INFO - Processing /home/airflow/.local/lib/python3.7/site-packages/airflow/example_dags/example_branch_operator_decorator.py took 0.088 seconds
[2022-09-12 23:59:16,004] {processor.py:153} INFO - Started process (PID=1404) to work on /home/airflow/.local/lib/python3.7/site-packages/airflow/example_dags/example_branch_operator_decorator.py
[2022-09-12 23:59:16,006] {processor.py:641} INFO - Processing file /home/airflow/.local/lib/python3.7/site-packages/airflow/example_dags/example_branch_operator_decorator.py for tasks to queue
[2022-09-12 23:59:16,008] {logging_mixin.py:115} INFO - [2022-09-12 23:59:16,007] {dagbag.py:507} INFO - Filling up the DagBag from /home/airflow/.local/lib/python3.7/site-packages/airflow/example_dags/example_branch_operator_decorator.py
[2022-09-12 23:59:16,025] {processor.py:651} INFO - DAG(s) dict_keys(['example_branch_python_operator_decorator']) retrieved from /home/airflow/.local/lib/python3.7/site-packages/airflow/example_dags/example_branch_operator_decorator.py
[2022-09-12 23:59:16,047] {logging_mixin.py:115} INFO - [2022-09-12 23:59:16,047] {dag.py:2371} INFO - Sync 1 DAGs
[2022-09-12 23:59:16,061] {logging_mixin.py:115} INFO - [2022-09-12 23:59:16,061] {dag.py:2919} INFO - Setting next_dagrun for example_branch_python_operator_decorator to 2022-09-11T00:00:00+00:00, run_after=2022-09-12T00:00:00+00:00
[2022-09-12 23:59:16,069] {processor.py:161} INFO - Processing /home/airflow/.local/lib/python3.7/site-packages/airflow/example_dags/example_branch_operator_decorator.py took 0.070 seconds
