[2022-09-12 23:47:37,493] {processor.py:153} INFO - Started process (PID=65) to work on /home/airflow/.local/lib/python3.7/site-packages/airflow/example_dags/tutorial_etl_dag.py
[2022-09-12 23:47:37,496] {processor.py:641} INFO - Processing file /home/airflow/.local/lib/python3.7/site-packages/airflow/example_dags/tutorial_etl_dag.py for tasks to queue
[2022-09-12 23:47:37,497] {logging_mixin.py:115} INFO - [2022-09-12 23:47:37,497] {dagbag.py:507} INFO - Filling up the DagBag from /home/airflow/.local/lib/python3.7/site-packages/airflow/example_dags/tutorial_etl_dag.py
[2022-09-12 23:47:37,505] {processor.py:651} INFO - DAG(s) dict_keys(['tutorial_etl_dag']) retrieved from /home/airflow/.local/lib/python3.7/site-packages/airflow/example_dags/tutorial_etl_dag.py
[2022-09-12 23:47:37,647] {logging_mixin.py:115} INFO - [2022-09-12 23:47:37,647] {manager.py:508} INFO - Created Permission View: can read on DAG:tutorial_etl_dag
[2022-09-12 23:47:37,653] {logging_mixin.py:115} INFO - [2022-09-12 23:47:37,653] {manager.py:508} INFO - Created Permission View: can delete on DAG:tutorial_etl_dag
[2022-09-12 23:47:37,660] {logging_mixin.py:115} INFO - [2022-09-12 23:47:37,659] {manager.py:508} INFO - Created Permission View: can edit on DAG:tutorial_etl_dag
[2022-09-12 23:47:37,660] {logging_mixin.py:115} INFO - [2022-09-12 23:47:37,660] {dag.py:2371} INFO - Sync 1 DAGs
[2022-09-12 23:47:37,666] {logging_mixin.py:115} INFO - [2022-09-12 23:47:37,666] {dag.py:2390} INFO - Creating ORM DAG for tutorial_etl_dag
[2022-09-12 23:47:37,672] {logging_mixin.py:115} INFO - [2022-09-12 23:47:37,672] {dag.py:2919} INFO - Setting next_dagrun for tutorial_etl_dag to None, run_after=None
[2022-09-12 23:47:37,681] {processor.py:161} INFO - Processing /home/airflow/.local/lib/python3.7/site-packages/airflow/example_dags/tutorial_etl_dag.py took 0.191 seconds
[2022-09-12 23:48:08,129] {processor.py:153} INFO - Started process (PID=126) to work on /home/airflow/.local/lib/python3.7/site-packages/airflow/example_dags/tutorial_etl_dag.py
[2022-09-12 23:48:08,130] {processor.py:641} INFO - Processing file /home/airflow/.local/lib/python3.7/site-packages/airflow/example_dags/tutorial_etl_dag.py for tasks to queue
[2022-09-12 23:48:08,131] {logging_mixin.py:115} INFO - [2022-09-12 23:48:08,131] {dagbag.py:507} INFO - Filling up the DagBag from /home/airflow/.local/lib/python3.7/site-packages/airflow/example_dags/tutorial_etl_dag.py
[2022-09-12 23:48:08,136] {processor.py:651} INFO - DAG(s) dict_keys(['tutorial_etl_dag']) retrieved from /home/airflow/.local/lib/python3.7/site-packages/airflow/example_dags/tutorial_etl_dag.py
[2022-09-12 23:48:08,153] {logging_mixin.py:115} INFO - [2022-09-12 23:48:08,153] {dag.py:2371} INFO - Sync 1 DAGs
[2022-09-12 23:48:08,168] {logging_mixin.py:115} INFO - [2022-09-12 23:48:08,168] {dag.py:2919} INFO - Setting next_dagrun for tutorial_etl_dag to None, run_after=None
[2022-09-12 23:48:08,267] {processor.py:161} INFO - Processing /home/airflow/.local/lib/python3.7/site-packages/airflow/example_dags/tutorial_etl_dag.py took 0.140 seconds
[2022-09-12 23:48:38,909] {processor.py:153} INFO - Started process (PID=187) to work on /home/airflow/.local/lib/python3.7/site-packages/airflow/example_dags/tutorial_etl_dag.py
[2022-09-12 23:48:38,911] {processor.py:641} INFO - Processing file /home/airflow/.local/lib/python3.7/site-packages/airflow/example_dags/tutorial_etl_dag.py for tasks to queue
[2022-09-12 23:48:38,913] {logging_mixin.py:115} INFO - [2022-09-12 23:48:38,913] {dagbag.py:507} INFO - Filling up the DagBag from /home/airflow/.local/lib/python3.7/site-packages/airflow/example_dags/tutorial_etl_dag.py
[2022-09-12 23:48:38,921] {processor.py:651} INFO - DAG(s) dict_keys(['tutorial_etl_dag']) retrieved from /home/airflow/.local/lib/python3.7/site-packages/airflow/example_dags/tutorial_etl_dag.py
[2022-09-12 23:48:38,947] {logging_mixin.py:115} INFO - [2022-09-12 23:48:38,947] {dag.py:2371} INFO - Sync 1 DAGs
[2022-09-12 23:48:38,967] {logging_mixin.py:115} INFO - [2022-09-12 23:48:38,967] {dag.py:2919} INFO - Setting next_dagrun for tutorial_etl_dag to None, run_after=None
[2022-09-12 23:48:39,073] {processor.py:161} INFO - Processing /home/airflow/.local/lib/python3.7/site-packages/airflow/example_dags/tutorial_etl_dag.py took 0.168 seconds
[2022-09-12 23:49:09,507] {processor.py:153} INFO - Started process (PID=248) to work on /home/airflow/.local/lib/python3.7/site-packages/airflow/example_dags/tutorial_etl_dag.py
[2022-09-12 23:49:09,510] {processor.py:641} INFO - Processing file /home/airflow/.local/lib/python3.7/site-packages/airflow/example_dags/tutorial_etl_dag.py for tasks to queue
[2022-09-12 23:49:09,511] {logging_mixin.py:115} INFO - [2022-09-12 23:49:09,511] {dagbag.py:507} INFO - Filling up the DagBag from /home/airflow/.local/lib/python3.7/site-packages/airflow/example_dags/tutorial_etl_dag.py
[2022-09-12 23:49:09,519] {processor.py:651} INFO - DAG(s) dict_keys(['tutorial_etl_dag']) retrieved from /home/airflow/.local/lib/python3.7/site-packages/airflow/example_dags/tutorial_etl_dag.py
[2022-09-12 23:49:09,545] {logging_mixin.py:115} INFO - [2022-09-12 23:49:09,545] {dag.py:2371} INFO - Sync 1 DAGs
[2022-09-12 23:49:09,566] {logging_mixin.py:115} INFO - [2022-09-12 23:49:09,565] {dag.py:2919} INFO - Setting next_dagrun for tutorial_etl_dag to None, run_after=None
[2022-09-12 23:49:09,678] {processor.py:161} INFO - Processing /home/airflow/.local/lib/python3.7/site-packages/airflow/example_dags/tutorial_etl_dag.py took 0.174 seconds
[2022-09-12 23:49:39,945] {processor.py:153} INFO - Started process (PID=300) to work on /home/airflow/.local/lib/python3.7/site-packages/airflow/example_dags/tutorial_etl_dag.py
[2022-09-12 23:49:39,947] {processor.py:641} INFO - Processing file /home/airflow/.local/lib/python3.7/site-packages/airflow/example_dags/tutorial_etl_dag.py for tasks to queue
[2022-09-12 23:49:39,949] {logging_mixin.py:115} INFO - [2022-09-12 23:49:39,949] {dagbag.py:507} INFO - Filling up the DagBag from /home/airflow/.local/lib/python3.7/site-packages/airflow/example_dags/tutorial_etl_dag.py
[2022-09-12 23:49:39,958] {processor.py:651} INFO - DAG(s) dict_keys(['tutorial_etl_dag']) retrieved from /home/airflow/.local/lib/python3.7/site-packages/airflow/example_dags/tutorial_etl_dag.py
[2022-09-12 23:49:39,984] {logging_mixin.py:115} INFO - [2022-09-12 23:49:39,984] {dag.py:2371} INFO - Sync 1 DAGs
[2022-09-12 23:49:40,008] {logging_mixin.py:115} INFO - [2022-09-12 23:49:40,008] {dag.py:2919} INFO - Setting next_dagrun for tutorial_etl_dag to None, run_after=None
[2022-09-12 23:49:40,220] {processor.py:161} INFO - Processing /home/airflow/.local/lib/python3.7/site-packages/airflow/example_dags/tutorial_etl_dag.py took 0.278 seconds
[2022-09-12 23:50:11,297] {processor.py:153} INFO - Started process (PID=361) to work on /home/airflow/.local/lib/python3.7/site-packages/airflow/example_dags/tutorial_etl_dag.py
[2022-09-12 23:50:11,299] {processor.py:641} INFO - Processing file /home/airflow/.local/lib/python3.7/site-packages/airflow/example_dags/tutorial_etl_dag.py for tasks to queue
[2022-09-12 23:50:11,300] {logging_mixin.py:115} INFO - [2022-09-12 23:50:11,300] {dagbag.py:507} INFO - Filling up the DagBag from /home/airflow/.local/lib/python3.7/site-packages/airflow/example_dags/tutorial_etl_dag.py
[2022-09-12 23:50:11,314] {processor.py:651} INFO - DAG(s) dict_keys(['tutorial_etl_dag']) retrieved from /home/airflow/.local/lib/python3.7/site-packages/airflow/example_dags/tutorial_etl_dag.py
[2022-09-12 23:50:11,334] {logging_mixin.py:115} INFO - [2022-09-12 23:50:11,334] {dag.py:2371} INFO - Sync 1 DAGs
[2022-09-12 23:50:11,351] {logging_mixin.py:115} INFO - [2022-09-12 23:50:11,351] {dag.py:2919} INFO - Setting next_dagrun for tutorial_etl_dag to None, run_after=None
[2022-09-12 23:50:11,452] {processor.py:161} INFO - Processing /home/airflow/.local/lib/python3.7/site-packages/airflow/example_dags/tutorial_etl_dag.py took 0.157 seconds
[2022-09-12 23:50:41,990] {processor.py:153} INFO - Started process (PID=423) to work on /home/airflow/.local/lib/python3.7/site-packages/airflow/example_dags/tutorial_etl_dag.py
[2022-09-12 23:50:41,992] {processor.py:641} INFO - Processing file /home/airflow/.local/lib/python3.7/site-packages/airflow/example_dags/tutorial_etl_dag.py for tasks to queue
[2022-09-12 23:50:41,993] {logging_mixin.py:115} INFO - [2022-09-12 23:50:41,993] {dagbag.py:507} INFO - Filling up the DagBag from /home/airflow/.local/lib/python3.7/site-packages/airflow/example_dags/tutorial_etl_dag.py
[2022-09-12 23:50:42,000] {processor.py:651} INFO - DAG(s) dict_keys(['tutorial_etl_dag']) retrieved from /home/airflow/.local/lib/python3.7/site-packages/airflow/example_dags/tutorial_etl_dag.py
[2022-09-12 23:50:42,017] {logging_mixin.py:115} INFO - [2022-09-12 23:50:42,017] {dag.py:2371} INFO - Sync 1 DAGs
[2022-09-12 23:50:42,034] {logging_mixin.py:115} INFO - [2022-09-12 23:50:42,034] {dag.py:2919} INFO - Setting next_dagrun for tutorial_etl_dag to None, run_after=None
[2022-09-12 23:50:42,139] {processor.py:161} INFO - Processing /home/airflow/.local/lib/python3.7/site-packages/airflow/example_dags/tutorial_etl_dag.py took 0.151 seconds
[2022-09-12 23:51:12,374] {processor.py:153} INFO - Started process (PID=484) to work on /home/airflow/.local/lib/python3.7/site-packages/airflow/example_dags/tutorial_etl_dag.py
[2022-09-12 23:51:12,376] {processor.py:641} INFO - Processing file /home/airflow/.local/lib/python3.7/site-packages/airflow/example_dags/tutorial_etl_dag.py for tasks to queue
[2022-09-12 23:51:12,377] {logging_mixin.py:115} INFO - [2022-09-12 23:51:12,377] {dagbag.py:507} INFO - Filling up the DagBag from /home/airflow/.local/lib/python3.7/site-packages/airflow/example_dags/tutorial_etl_dag.py
[2022-09-12 23:51:12,382] {processor.py:651} INFO - DAG(s) dict_keys(['tutorial_etl_dag']) retrieved from /home/airflow/.local/lib/python3.7/site-packages/airflow/example_dags/tutorial_etl_dag.py
[2022-09-12 23:51:12,400] {logging_mixin.py:115} INFO - [2022-09-12 23:51:12,400] {dag.py:2371} INFO - Sync 1 DAGs
[2022-09-12 23:51:12,417] {logging_mixin.py:115} INFO - [2022-09-12 23:51:12,417] {dag.py:2919} INFO - Setting next_dagrun for tutorial_etl_dag to None, run_after=None
[2022-09-12 23:51:12,529] {processor.py:161} INFO - Processing /home/airflow/.local/lib/python3.7/site-packages/airflow/example_dags/tutorial_etl_dag.py took 0.157 seconds
[2022-09-12 23:51:42,754] {processor.py:153} INFO - Started process (PID=544) to work on /home/airflow/.local/lib/python3.7/site-packages/airflow/example_dags/tutorial_etl_dag.py
[2022-09-12 23:51:42,757] {processor.py:641} INFO - Processing file /home/airflow/.local/lib/python3.7/site-packages/airflow/example_dags/tutorial_etl_dag.py for tasks to queue
[2022-09-12 23:51:42,758] {logging_mixin.py:115} INFO - [2022-09-12 23:51:42,758] {dagbag.py:507} INFO - Filling up the DagBag from /home/airflow/.local/lib/python3.7/site-packages/airflow/example_dags/tutorial_etl_dag.py
[2022-09-12 23:51:42,765] {processor.py:651} INFO - DAG(s) dict_keys(['tutorial_etl_dag']) retrieved from /home/airflow/.local/lib/python3.7/site-packages/airflow/example_dags/tutorial_etl_dag.py
[2022-09-12 23:51:42,786] {logging_mixin.py:115} INFO - [2022-09-12 23:51:42,786] {dag.py:2371} INFO - Sync 1 DAGs
[2022-09-12 23:51:42,803] {logging_mixin.py:115} INFO - [2022-09-12 23:51:42,803] {dag.py:2919} INFO - Setting next_dagrun for tutorial_etl_dag to None, run_after=None
[2022-09-12 23:51:42,900] {processor.py:161} INFO - Processing /home/airflow/.local/lib/python3.7/site-packages/airflow/example_dags/tutorial_etl_dag.py took 0.148 seconds
[2022-09-12 23:52:13,541] {processor.py:153} INFO - Started process (PID=602) to work on /home/airflow/.local/lib/python3.7/site-packages/airflow/example_dags/tutorial_etl_dag.py
[2022-09-12 23:52:13,542] {processor.py:641} INFO - Processing file /home/airflow/.local/lib/python3.7/site-packages/airflow/example_dags/tutorial_etl_dag.py for tasks to queue
[2022-09-12 23:52:13,543] {logging_mixin.py:115} INFO - [2022-09-12 23:52:13,543] {dagbag.py:507} INFO - Filling up the DagBag from /home/airflow/.local/lib/python3.7/site-packages/airflow/example_dags/tutorial_etl_dag.py
[2022-09-12 23:52:13,551] {processor.py:651} INFO - DAG(s) dict_keys(['tutorial_etl_dag']) retrieved from /home/airflow/.local/lib/python3.7/site-packages/airflow/example_dags/tutorial_etl_dag.py
[2022-09-12 23:52:13,571] {logging_mixin.py:115} INFO - [2022-09-12 23:52:13,571] {dag.py:2371} INFO - Sync 1 DAGs
[2022-09-12 23:52:13,589] {logging_mixin.py:115} INFO - [2022-09-12 23:52:13,589] {dag.py:2919} INFO - Setting next_dagrun for tutorial_etl_dag to None, run_after=None
[2022-09-12 23:52:13,731] {processor.py:161} INFO - Processing /home/airflow/.local/lib/python3.7/site-packages/airflow/example_dags/tutorial_etl_dag.py took 0.193 seconds
[2022-09-12 23:52:43,912] {processor.py:153} INFO - Started process (PID=657) to work on /home/airflow/.local/lib/python3.7/site-packages/airflow/example_dags/tutorial_etl_dag.py
[2022-09-12 23:52:43,913] {processor.py:641} INFO - Processing file /home/airflow/.local/lib/python3.7/site-packages/airflow/example_dags/tutorial_etl_dag.py for tasks to queue
[2022-09-12 23:52:43,914] {logging_mixin.py:115} INFO - [2022-09-12 23:52:43,914] {dagbag.py:507} INFO - Filling up the DagBag from /home/airflow/.local/lib/python3.7/site-packages/airflow/example_dags/tutorial_etl_dag.py
[2022-09-12 23:52:43,918] {processor.py:651} INFO - DAG(s) dict_keys(['tutorial_etl_dag']) retrieved from /home/airflow/.local/lib/python3.7/site-packages/airflow/example_dags/tutorial_etl_dag.py
[2022-09-12 23:52:43,934] {logging_mixin.py:115} INFO - [2022-09-12 23:52:43,934] {dag.py:2371} INFO - Sync 1 DAGs
[2022-09-12 23:52:43,948] {logging_mixin.py:115} INFO - [2022-09-12 23:52:43,948] {dag.py:2919} INFO - Setting next_dagrun for tutorial_etl_dag to None, run_after=None
[2022-09-12 23:52:43,957] {processor.py:161} INFO - Processing /home/airflow/.local/lib/python3.7/site-packages/airflow/example_dags/tutorial_etl_dag.py took 0.047 seconds
[2022-09-12 23:53:14,489] {processor.py:153} INFO - Started process (PID=718) to work on /home/airflow/.local/lib/python3.7/site-packages/airflow/example_dags/tutorial_etl_dag.py
[2022-09-12 23:53:14,491] {processor.py:641} INFO - Processing file /home/airflow/.local/lib/python3.7/site-packages/airflow/example_dags/tutorial_etl_dag.py for tasks to queue
[2022-09-12 23:53:14,492] {logging_mixin.py:115} INFO - [2022-09-12 23:53:14,491] {dagbag.py:507} INFO - Filling up the DagBag from /home/airflow/.local/lib/python3.7/site-packages/airflow/example_dags/tutorial_etl_dag.py
[2022-09-12 23:53:14,496] {processor.py:651} INFO - DAG(s) dict_keys(['tutorial_etl_dag']) retrieved from /home/airflow/.local/lib/python3.7/site-packages/airflow/example_dags/tutorial_etl_dag.py
[2022-09-12 23:53:14,511] {logging_mixin.py:115} INFO - [2022-09-12 23:53:14,511] {dag.py:2371} INFO - Sync 1 DAGs
[2022-09-12 23:53:14,524] {logging_mixin.py:115} INFO - [2022-09-12 23:53:14,524] {dag.py:2919} INFO - Setting next_dagrun for tutorial_etl_dag to None, run_after=None
[2022-09-12 23:53:14,531] {processor.py:161} INFO - Processing /home/airflow/.local/lib/python3.7/site-packages/airflow/example_dags/tutorial_etl_dag.py took 0.044 seconds
[2022-09-12 23:53:45,193] {processor.py:153} INFO - Started process (PID=778) to work on /home/airflow/.local/lib/python3.7/site-packages/airflow/example_dags/tutorial_etl_dag.py
[2022-09-12 23:53:45,195] {processor.py:641} INFO - Processing file /home/airflow/.local/lib/python3.7/site-packages/airflow/example_dags/tutorial_etl_dag.py for tasks to queue
[2022-09-12 23:53:45,196] {logging_mixin.py:115} INFO - [2022-09-12 23:53:45,196] {dagbag.py:507} INFO - Filling up the DagBag from /home/airflow/.local/lib/python3.7/site-packages/airflow/example_dags/tutorial_etl_dag.py
[2022-09-12 23:53:45,201] {processor.py:651} INFO - DAG(s) dict_keys(['tutorial_etl_dag']) retrieved from /home/airflow/.local/lib/python3.7/site-packages/airflow/example_dags/tutorial_etl_dag.py
[2022-09-12 23:53:45,218] {logging_mixin.py:115} INFO - [2022-09-12 23:53:45,218] {dag.py:2371} INFO - Sync 1 DAGs
[2022-09-12 23:53:45,234] {logging_mixin.py:115} INFO - [2022-09-12 23:53:45,234] {dag.py:2919} INFO - Setting next_dagrun for tutorial_etl_dag to None, run_after=None
[2022-09-12 23:53:45,243] {processor.py:161} INFO - Processing /home/airflow/.local/lib/python3.7/site-packages/airflow/example_dags/tutorial_etl_dag.py took 0.052 seconds
[2022-09-12 23:54:15,863] {processor.py:153} INFO - Started process (PID=838) to work on /home/airflow/.local/lib/python3.7/site-packages/airflow/example_dags/tutorial_etl_dag.py
[2022-09-12 23:54:15,864] {processor.py:641} INFO - Processing file /home/airflow/.local/lib/python3.7/site-packages/airflow/example_dags/tutorial_etl_dag.py for tasks to queue
[2022-09-12 23:54:15,865] {logging_mixin.py:115} INFO - [2022-09-12 23:54:15,865] {dagbag.py:507} INFO - Filling up the DagBag from /home/airflow/.local/lib/python3.7/site-packages/airflow/example_dags/tutorial_etl_dag.py
[2022-09-12 23:54:15,869] {processor.py:651} INFO - DAG(s) dict_keys(['tutorial_etl_dag']) retrieved from /home/airflow/.local/lib/python3.7/site-packages/airflow/example_dags/tutorial_etl_dag.py
[2022-09-12 23:54:15,886] {logging_mixin.py:115} INFO - [2022-09-12 23:54:15,886] {dag.py:2371} INFO - Sync 1 DAGs
[2022-09-12 23:54:15,899] {logging_mixin.py:115} INFO - [2022-09-12 23:54:15,899] {dag.py:2919} INFO - Setting next_dagrun for tutorial_etl_dag to None, run_after=None
[2022-09-12 23:54:15,907] {processor.py:161} INFO - Processing /home/airflow/.local/lib/python3.7/site-packages/airflow/example_dags/tutorial_etl_dag.py took 0.046 seconds
[2022-09-12 23:54:46,688] {processor.py:153} INFO - Started process (PID=900) to work on /home/airflow/.local/lib/python3.7/site-packages/airflow/example_dags/tutorial_etl_dag.py
[2022-09-12 23:54:46,690] {processor.py:641} INFO - Processing file /home/airflow/.local/lib/python3.7/site-packages/airflow/example_dags/tutorial_etl_dag.py for tasks to queue
[2022-09-12 23:54:46,691] {logging_mixin.py:115} INFO - [2022-09-12 23:54:46,691] {dagbag.py:507} INFO - Filling up the DagBag from /home/airflow/.local/lib/python3.7/site-packages/airflow/example_dags/tutorial_etl_dag.py
[2022-09-12 23:54:46,697] {processor.py:651} INFO - DAG(s) dict_keys(['tutorial_etl_dag']) retrieved from /home/airflow/.local/lib/python3.7/site-packages/airflow/example_dags/tutorial_etl_dag.py
[2022-09-12 23:54:46,725] {logging_mixin.py:115} INFO - [2022-09-12 23:54:46,725] {dag.py:2371} INFO - Sync 1 DAGs
[2022-09-12 23:54:46,746] {logging_mixin.py:115} INFO - [2022-09-12 23:54:46,746] {dag.py:2919} INFO - Setting next_dagrun for tutorial_etl_dag to None, run_after=None
[2022-09-12 23:54:46,760] {processor.py:161} INFO - Processing /home/airflow/.local/lib/python3.7/site-packages/airflow/example_dags/tutorial_etl_dag.py took 0.074 seconds
[2022-09-12 23:55:17,607] {processor.py:153} INFO - Started process (PID=951) to work on /home/airflow/.local/lib/python3.7/site-packages/airflow/example_dags/tutorial_etl_dag.py
[2022-09-12 23:55:17,608] {processor.py:641} INFO - Processing file /home/airflow/.local/lib/python3.7/site-packages/airflow/example_dags/tutorial_etl_dag.py for tasks to queue
[2022-09-12 23:55:17,609] {logging_mixin.py:115} INFO - [2022-09-12 23:55:17,609] {dagbag.py:507} INFO - Filling up the DagBag from /home/airflow/.local/lib/python3.7/site-packages/airflow/example_dags/tutorial_etl_dag.py
[2022-09-12 23:55:17,613] {processor.py:651} INFO - DAG(s) dict_keys(['tutorial_etl_dag']) retrieved from /home/airflow/.local/lib/python3.7/site-packages/airflow/example_dags/tutorial_etl_dag.py
[2022-09-12 23:55:17,633] {logging_mixin.py:115} INFO - [2022-09-12 23:55:17,633] {dag.py:2371} INFO - Sync 1 DAGs
[2022-09-12 23:55:17,650] {logging_mixin.py:115} INFO - [2022-09-12 23:55:17,650] {dag.py:2919} INFO - Setting next_dagrun for tutorial_etl_dag to None, run_after=None
[2022-09-12 23:55:17,660] {processor.py:161} INFO - Processing /home/airflow/.local/lib/python3.7/site-packages/airflow/example_dags/tutorial_etl_dag.py took 0.055 seconds
[2022-09-12 23:55:48,229] {processor.py:153} INFO - Started process (PID=1012) to work on /home/airflow/.local/lib/python3.7/site-packages/airflow/example_dags/tutorial_etl_dag.py
[2022-09-12 23:55:48,230] {processor.py:641} INFO - Processing file /home/airflow/.local/lib/python3.7/site-packages/airflow/example_dags/tutorial_etl_dag.py for tasks to queue
[2022-09-12 23:55:48,232] {logging_mixin.py:115} INFO - [2022-09-12 23:55:48,232] {dagbag.py:507} INFO - Filling up the DagBag from /home/airflow/.local/lib/python3.7/site-packages/airflow/example_dags/tutorial_etl_dag.py
[2022-09-12 23:55:48,237] {processor.py:651} INFO - DAG(s) dict_keys(['tutorial_etl_dag']) retrieved from /home/airflow/.local/lib/python3.7/site-packages/airflow/example_dags/tutorial_etl_dag.py
[2022-09-12 23:55:48,253] {logging_mixin.py:115} INFO - [2022-09-12 23:55:48,253] {dag.py:2371} INFO - Sync 1 DAGs
[2022-09-12 23:55:48,268] {logging_mixin.py:115} INFO - [2022-09-12 23:55:48,268] {dag.py:2919} INFO - Setting next_dagrun for tutorial_etl_dag to None, run_after=None
[2022-09-12 23:55:48,276] {processor.py:161} INFO - Processing /home/airflow/.local/lib/python3.7/site-packages/airflow/example_dags/tutorial_etl_dag.py took 0.049 seconds
[2022-09-12 23:56:18,842] {processor.py:153} INFO - Started process (PID=1074) to work on /home/airflow/.local/lib/python3.7/site-packages/airflow/example_dags/tutorial_etl_dag.py
[2022-09-12 23:56:18,844] {processor.py:641} INFO - Processing file /home/airflow/.local/lib/python3.7/site-packages/airflow/example_dags/tutorial_etl_dag.py for tasks to queue
[2022-09-12 23:56:18,844] {logging_mixin.py:115} INFO - [2022-09-12 23:56:18,844] {dagbag.py:507} INFO - Filling up the DagBag from /home/airflow/.local/lib/python3.7/site-packages/airflow/example_dags/tutorial_etl_dag.py
[2022-09-12 23:56:18,849] {processor.py:651} INFO - DAG(s) dict_keys(['tutorial_etl_dag']) retrieved from /home/airflow/.local/lib/python3.7/site-packages/airflow/example_dags/tutorial_etl_dag.py
[2022-09-12 23:56:18,866] {logging_mixin.py:115} INFO - [2022-09-12 23:56:18,866] {dag.py:2371} INFO - Sync 1 DAGs
[2022-09-12 23:56:18,882] {logging_mixin.py:115} INFO - [2022-09-12 23:56:18,882] {dag.py:2919} INFO - Setting next_dagrun for tutorial_etl_dag to None, run_after=None
[2022-09-12 23:56:18,891] {processor.py:161} INFO - Processing /home/airflow/.local/lib/python3.7/site-packages/airflow/example_dags/tutorial_etl_dag.py took 0.050 seconds
[2022-09-12 23:56:49,329] {processor.py:153} INFO - Started process (PID=1135) to work on /home/airflow/.local/lib/python3.7/site-packages/airflow/example_dags/tutorial_etl_dag.py
[2022-09-12 23:56:49,331] {processor.py:641} INFO - Processing file /home/airflow/.local/lib/python3.7/site-packages/airflow/example_dags/tutorial_etl_dag.py for tasks to queue
[2022-09-12 23:56:49,331] {logging_mixin.py:115} INFO - [2022-09-12 23:56:49,331] {dagbag.py:507} INFO - Filling up the DagBag from /home/airflow/.local/lib/python3.7/site-packages/airflow/example_dags/tutorial_etl_dag.py
[2022-09-12 23:56:49,336] {processor.py:651} INFO - DAG(s) dict_keys(['tutorial_etl_dag']) retrieved from /home/airflow/.local/lib/python3.7/site-packages/airflow/example_dags/tutorial_etl_dag.py
[2022-09-12 23:56:49,352] {logging_mixin.py:115} INFO - [2022-09-12 23:56:49,352] {dag.py:2371} INFO - Sync 1 DAGs
[2022-09-12 23:56:49,371] {logging_mixin.py:115} INFO - [2022-09-12 23:56:49,371] {dag.py:2919} INFO - Setting next_dagrun for tutorial_etl_dag to None, run_after=None
[2022-09-12 23:56:49,378] {processor.py:161} INFO - Processing /home/airflow/.local/lib/python3.7/site-packages/airflow/example_dags/tutorial_etl_dag.py took 0.051 seconds
[2022-09-12 23:57:20,018] {processor.py:153} INFO - Started process (PID=1197) to work on /home/airflow/.local/lib/python3.7/site-packages/airflow/example_dags/tutorial_etl_dag.py
[2022-09-12 23:57:20,019] {processor.py:641} INFO - Processing file /home/airflow/.local/lib/python3.7/site-packages/airflow/example_dags/tutorial_etl_dag.py for tasks to queue
[2022-09-12 23:57:20,020] {logging_mixin.py:115} INFO - [2022-09-12 23:57:20,020] {dagbag.py:507} INFO - Filling up the DagBag from /home/airflow/.local/lib/python3.7/site-packages/airflow/example_dags/tutorial_etl_dag.py
[2022-09-12 23:57:20,025] {processor.py:651} INFO - DAG(s) dict_keys(['tutorial_etl_dag']) retrieved from /home/airflow/.local/lib/python3.7/site-packages/airflow/example_dags/tutorial_etl_dag.py
[2022-09-12 23:57:20,042] {logging_mixin.py:115} INFO - [2022-09-12 23:57:20,042] {dag.py:2371} INFO - Sync 1 DAGs
[2022-09-12 23:57:20,056] {logging_mixin.py:115} INFO - [2022-09-12 23:57:20,056] {dag.py:2919} INFO - Setting next_dagrun for tutorial_etl_dag to None, run_after=None
[2022-09-12 23:57:20,063] {processor.py:161} INFO - Processing /home/airflow/.local/lib/python3.7/site-packages/airflow/example_dags/tutorial_etl_dag.py took 0.046 seconds
[2022-09-12 23:57:50,745] {processor.py:153} INFO - Started process (PID=1249) to work on /home/airflow/.local/lib/python3.7/site-packages/airflow/example_dags/tutorial_etl_dag.py
[2022-09-12 23:57:50,747] {processor.py:641} INFO - Processing file /home/airflow/.local/lib/python3.7/site-packages/airflow/example_dags/tutorial_etl_dag.py for tasks to queue
[2022-09-12 23:57:50,747] {logging_mixin.py:115} INFO - [2022-09-12 23:57:50,747] {dagbag.py:507} INFO - Filling up the DagBag from /home/airflow/.local/lib/python3.7/site-packages/airflow/example_dags/tutorial_etl_dag.py
[2022-09-12 23:57:50,752] {processor.py:651} INFO - DAG(s) dict_keys(['tutorial_etl_dag']) retrieved from /home/airflow/.local/lib/python3.7/site-packages/airflow/example_dags/tutorial_etl_dag.py
[2022-09-12 23:57:50,768] {logging_mixin.py:115} INFO - [2022-09-12 23:57:50,768] {dag.py:2371} INFO - Sync 1 DAGs
[2022-09-12 23:57:50,783] {logging_mixin.py:115} INFO - [2022-09-12 23:57:50,783] {dag.py:2919} INFO - Setting next_dagrun for tutorial_etl_dag to None, run_after=None
[2022-09-12 23:57:50,790] {processor.py:161} INFO - Processing /home/airflow/.local/lib/python3.7/site-packages/airflow/example_dags/tutorial_etl_dag.py took 0.047 seconds
[2022-09-12 23:58:21,579] {processor.py:153} INFO - Started process (PID=1311) to work on /home/airflow/.local/lib/python3.7/site-packages/airflow/example_dags/tutorial_etl_dag.py
[2022-09-12 23:58:21,581] {processor.py:641} INFO - Processing file /home/airflow/.local/lib/python3.7/site-packages/airflow/example_dags/tutorial_etl_dag.py for tasks to queue
[2022-09-12 23:58:21,582] {logging_mixin.py:115} INFO - [2022-09-12 23:58:21,582] {dagbag.py:507} INFO - Filling up the DagBag from /home/airflow/.local/lib/python3.7/site-packages/airflow/example_dags/tutorial_etl_dag.py
[2022-09-12 23:58:21,587] {processor.py:651} INFO - DAG(s) dict_keys(['tutorial_etl_dag']) retrieved from /home/airflow/.local/lib/python3.7/site-packages/airflow/example_dags/tutorial_etl_dag.py
[2022-09-12 23:58:21,607] {logging_mixin.py:115} INFO - [2022-09-12 23:58:21,607] {dag.py:2371} INFO - Sync 1 DAGs
[2022-09-12 23:58:21,624] {logging_mixin.py:115} INFO - [2022-09-12 23:58:21,624] {dag.py:2919} INFO - Setting next_dagrun for tutorial_etl_dag to None, run_after=None
[2022-09-12 23:58:21,636] {processor.py:161} INFO - Processing /home/airflow/.local/lib/python3.7/site-packages/airflow/example_dags/tutorial_etl_dag.py took 0.058 seconds
[2022-09-12 23:58:52,292] {processor.py:153} INFO - Started process (PID=1372) to work on /home/airflow/.local/lib/python3.7/site-packages/airflow/example_dags/tutorial_etl_dag.py
[2022-09-12 23:58:52,293] {processor.py:641} INFO - Processing file /home/airflow/.local/lib/python3.7/site-packages/airflow/example_dags/tutorial_etl_dag.py for tasks to queue
[2022-09-12 23:58:52,294] {logging_mixin.py:115} INFO - [2022-09-12 23:58:52,294] {dagbag.py:507} INFO - Filling up the DagBag from /home/airflow/.local/lib/python3.7/site-packages/airflow/example_dags/tutorial_etl_dag.py
[2022-09-12 23:58:52,298] {processor.py:651} INFO - DAG(s) dict_keys(['tutorial_etl_dag']) retrieved from /home/airflow/.local/lib/python3.7/site-packages/airflow/example_dags/tutorial_etl_dag.py
[2022-09-12 23:58:52,316] {logging_mixin.py:115} INFO - [2022-09-12 23:58:52,316] {dag.py:2371} INFO - Sync 1 DAGs
[2022-09-12 23:58:52,330] {logging_mixin.py:115} INFO - [2022-09-12 23:58:52,330] {dag.py:2919} INFO - Setting next_dagrun for tutorial_etl_dag to None, run_after=None
[2022-09-12 23:58:52,338] {processor.py:161} INFO - Processing /home/airflow/.local/lib/python3.7/site-packages/airflow/example_dags/tutorial_etl_dag.py took 0.048 seconds
[2022-09-12 23:59:22,906] {processor.py:153} INFO - Started process (PID=1433) to work on /home/airflow/.local/lib/python3.7/site-packages/airflow/example_dags/tutorial_etl_dag.py
[2022-09-12 23:59:22,907] {processor.py:641} INFO - Processing file /home/airflow/.local/lib/python3.7/site-packages/airflow/example_dags/tutorial_etl_dag.py for tasks to queue
[2022-09-12 23:59:22,908] {logging_mixin.py:115} INFO - [2022-09-12 23:59:22,908] {dagbag.py:507} INFO - Filling up the DagBag from /home/airflow/.local/lib/python3.7/site-packages/airflow/example_dags/tutorial_etl_dag.py
[2022-09-12 23:59:22,916] {processor.py:651} INFO - DAG(s) dict_keys(['tutorial_etl_dag']) retrieved from /home/airflow/.local/lib/python3.7/site-packages/airflow/example_dags/tutorial_etl_dag.py
[2022-09-12 23:59:22,934] {logging_mixin.py:115} INFO - [2022-09-12 23:59:22,934] {dag.py:2371} INFO - Sync 1 DAGs
[2022-09-12 23:59:22,950] {logging_mixin.py:115} INFO - [2022-09-12 23:59:22,950] {dag.py:2919} INFO - Setting next_dagrun for tutorial_etl_dag to None, run_after=None
[2022-09-12 23:59:22,958] {processor.py:161} INFO - Processing /home/airflow/.local/lib/python3.7/site-packages/airflow/example_dags/tutorial_etl_dag.py took 0.054 seconds
