[2022-09-15 00:12:45,368] {taskinstance.py:1159} INFO - Dependencies all met for <TaskInstance: parser_dag.parser_python manual__2022-09-15T00:12:44.761310+00:00 [queued]>
[2022-09-15 00:12:45,376] {taskinstance.py:1159} INFO - Dependencies all met for <TaskInstance: parser_dag.parser_python manual__2022-09-15T00:12:44.761310+00:00 [queued]>
[2022-09-15 00:12:45,377] {taskinstance.py:1356} INFO - 
--------------------------------------------------------------------------------
[2022-09-15 00:12:45,378] {taskinstance.py:1357} INFO - Starting attempt 1 of 1
[2022-09-15 00:12:45,381] {taskinstance.py:1358} INFO - 
--------------------------------------------------------------------------------
[2022-09-15 00:12:45,398] {taskinstance.py:1377} INFO - Executing <Task(PythonOperator): parser_python> on 2022-09-15 00:12:44.761310+00:00
[2022-09-15 00:12:45,407] {standard_task_runner.py:52} INFO - Started process 20784 to run task
[2022-09-15 00:12:45,411] {standard_task_runner.py:79} INFO - Running: ['***', 'tasks', 'run', 'parser_dag', 'parser_python', 'manual__2022-09-15T00:12:44.761310+00:00', '--job-id', '91', '--raw', '--subdir', 'DAGS_FOLDER/pre_parser.py', '--cfg-path', '/tmp/tmplfdjauu4', '--error-file', '/tmp/tmppjf5y779']
[2022-09-15 00:12:45,414] {standard_task_runner.py:80} INFO - Job 91: Subtask parser_python
[2022-09-15 00:12:45,480] {task_command.py:369} INFO - Running <TaskInstance: parser_dag.parser_python manual__2022-09-15T00:12:44.761310+00:00 [running]> on host 1085bb4029c2
[2022-09-15 00:12:45,539] {taskinstance.py:1571} INFO - Exporting the following env vars:
AIRFLOW_CTX_DAG_OWNER=***
AIRFLOW_CTX_DAG_ID=parser_dag
AIRFLOW_CTX_TASK_ID=parser_python
AIRFLOW_CTX_EXECUTION_DATE=2022-09-15T00:12:44.761310+00:00
AIRFLOW_CTX_TRY_NUMBER=1
AIRFLOW_CTX_DAG_RUN_ID=manual__2022-09-15T00:12:44.761310+00:00
[2022-09-15 00:12:56,297] {logging_mixin.py:115} INFO - No more products in 5ka
[2022-09-15 00:13:07,306] {logging_mixin.py:115} INFO - No more products in magnit-univer
[2022-09-15 00:13:19,376] {logging_mixin.py:115} INFO - No more products in perekrestok
[2022-09-15 00:13:27,155] {logging_mixin.py:115} INFO - No more products in dixy
[2022-09-15 00:13:37,805] {logging_mixin.py:115} INFO - No more products in lenta-super
[2022-09-15 00:13:48,948] {logging_mixin.py:115} INFO - No more products in vkusvill_offline
[2022-09-15 00:14:00,353] {logging_mixin.py:115} INFO - No more products in mgnl
[2022-09-15 00:14:00,463] {logging_mixin.py:115} INFO - No data for azbuka_vkusa
[2022-09-15 00:14:00,553] {python.py:173} INFO - Done. Returned value was: None
[2022-09-15 00:14:00,574] {taskinstance.py:1400} INFO - Marking task as SUCCESS. dag_id=parser_dag, task_id=parser_python, execution_date=20220915T001244, start_date=20220915T001245, end_date=20220915T001400
[2022-09-15 00:14:00,625] {local_task_job.py:156} INFO - Task exited with return code 0
[2022-09-15 00:14:00,662] {local_task_job.py:273} INFO - 1 downstream tasks scheduled from follow-on schedule check
