[2022-09-14 18:57:08,704] {taskinstance.py:1159} INFO - Dependencies all met for <TaskInstance: parser_dag.parser_python manual__2022-09-14T18:47:23.846238+00:00 [queued]>
[2022-09-14 18:57:08,710] {taskinstance.py:1159} INFO - Dependencies all met for <TaskInstance: parser_dag.parser_python manual__2022-09-14T18:47:23.846238+00:00 [queued]>
[2022-09-14 18:57:08,710] {taskinstance.py:1356} INFO - 
--------------------------------------------------------------------------------
[2022-09-14 18:57:08,711] {taskinstance.py:1357} INFO - Starting attempt 4 of 4
[2022-09-14 18:57:08,712] {taskinstance.py:1358} INFO - 
--------------------------------------------------------------------------------
[2022-09-14 18:57:08,720] {taskinstance.py:1377} INFO - Executing <Task(PythonOperator): parser_python> on 2022-09-14 18:47:23.846238+00:00
[2022-09-14 18:57:08,725] {standard_task_runner.py:52} INFO - Started process 7533 to run task
[2022-09-14 18:57:08,728] {standard_task_runner.py:79} INFO - Running: ['***', 'tasks', 'run', 'parser_dag', 'parser_python', 'manual__2022-09-14T18:47:23.846238+00:00', '--job-id', '87', '--raw', '--subdir', 'DAGS_FOLDER/pre_parser.py', '--cfg-path', '/tmp/tmpm1lzhsia', '--error-file', '/tmp/tmp0jdgbqlh']
[2022-09-14 18:57:08,730] {standard_task_runner.py:80} INFO - Job 87: Subtask parser_python
[2022-09-14 18:57:08,778] {task_command.py:369} INFO - Running <TaskInstance: parser_dag.parser_python manual__2022-09-14T18:47:23.846238+00:00 [running]> on host 1085bb4029c2
[2022-09-14 18:57:08,829] {taskinstance.py:1571} INFO - Exporting the following env vars:
AIRFLOW_CTX_DAG_OWNER=***
AIRFLOW_CTX_DAG_ID=parser_dag
AIRFLOW_CTX_TASK_ID=parser_python
AIRFLOW_CTX_EXECUTION_DATE=2022-09-14T18:47:23.846238+00:00
AIRFLOW_CTX_TRY_NUMBER=4
AIRFLOW_CTX_DAG_RUN_ID=manual__2022-09-14T18:47:23.846238+00:00
[2022-09-14 18:57:20,339] {logging_mixin.py:115} INFO - No more products in 5ka
[2022-09-14 18:57:32,510] {logging_mixin.py:115} INFO - No more products in magnit-univer
[2022-09-14 18:57:43,821] {logging_mixin.py:115} INFO - No more products in perekrestok
[2022-09-14 18:57:52,139] {logging_mixin.py:115} INFO - No more products in dixy
[2022-09-14 18:58:03,898] {logging_mixin.py:115} INFO - No more products in lenta-super
[2022-09-14 18:58:15,444] {logging_mixin.py:115} INFO - No more products in vkusvill_offline
[2022-09-14 18:58:27,067] {logging_mixin.py:115} INFO - No more products in mgnl
[2022-09-14 18:58:27,217] {logging_mixin.py:115} INFO - No data for azbuka_vkusa
[2022-09-14 18:58:27,333] {python.py:173} INFO - Done. Returned value was: None
[2022-09-14 18:58:27,367] {taskinstance.py:1400} INFO - Marking task as SUCCESS. dag_id=parser_dag, task_id=parser_python, execution_date=20220914T184723, start_date=20220914T185708, end_date=20220914T185827
[2022-09-14 18:58:27,433] {local_task_job.py:156} INFO - Task exited with return code 0
[2022-09-14 18:58:27,463] {local_task_job.py:273} INFO - 1 downstream tasks scheduled from follow-on schedule check
